#
# There is insufficient memory for the Java Runtime Environment to continue.
# Native memory allocation (malloc) failed to allocate 1033296 bytes for Chunk::new
# Possible reasons:
#   The system is out of physical RAM or swap space
#   The process is running with CompressedOops enabled, and the Java Heap may be blocking the growth of the native heap
# Possible solutions:
#   Reduce memory load on the system
#   Increase physical memory or swap space
#   Check if swap backing store is full
#   Decrease Java heap size (-Xmx/-Xms)
#   Decrease number of Java threads
#   Decrease Java thread stack sizes (-Xss)
#   Set larger code cache with -XX:ReservedCodeCacheSize=
#   JVM is running with Zero Based Compressed Oops mode in which the Java heap is
#     placed in the first 32GB address space. The Java Heap base address is the
#     maximum limit for the native heap growth. Please use -XX:HeapBaseMinAddress
#     to set the Java Heap base and to place the Java Heap above 32GB virtual address.
# This output file may be truncated or incomplete.
#
#  Out of Memory Error (arena.cpp:184), pid=135448, tid=132220
#
# JRE version: Java(TM) SE Runtime Environment (18.0.2.1+1) (build 18.0.2.1+1-1)
# Java VM: Java HotSpot(TM) 64-Bit Server VM (18.0.2.1+1-1, mixed mode, sharing, tiered, compressed oops, compressed class ptrs, g1 gc, windows-amd64)
# No core dump will be written. Minidumps are not enabled by default on client versions of Windows
#

---------------  S U M M A R Y ------------

Command Line: --add-modules=ALL-SYSTEM --add-opens=java.base/java.util=ALL-UNNAMED --add-opens=java.base/java.lang=ALL-UNNAMED --add-opens=java.base/sun.nio.fs=ALL-UNNAMED -Declipse.application=org.eclipse.jdt.ls.core.id1 -Dosgi.bundles.defaultStartLevel=4 -Declipse.product=org.eclipse.jdt.ls.core.product -Djava.import.generatesMetadataFilesAtProjectRoot=false -DDetectVMInstallationsJob.disabled=true -Dfile.encoding=utf8 -Xlog:disable -javaagent:c:\Users\hyper\.vscode\extensions\redhat.java-1.38.0-win32-x64\lombok\lombok-1.18.34.jar -XX:+HeapDumpOnOutOfMemoryError -XX:HeapDumpPath=c:\Users\hyper\AppData\Roaming\Code\User\workspaceStorage\55103842018b78ebd48e089c0df41d06\redhat.java -Daether.dependencyCollector.impl=bf c:\Users\hyper\.vscode\extensions\redhat.java-1.38.0-win32-x64\server\plugins\org.eclipse.equinox.launcher_1.6.900.v20240613-2009.jar -configuration c:\Users\hyper\AppData\Roaming\Code\User\globalStorage\redhat.java\1.38.0\config_win -data c:\Users\hyper\AppData\Roaming\Code\User\workspaceStorage\55103842018b78ebd48e089c0df41d06\redhat.java\jdt_ws --pipe=\\.\pipe\lsp-8d0303f896cd90a6ae69a8921c88195c-sock

Host: Intel(R) Core(TM) i7-4770K CPU @ 3.50GHz, 8 cores, 15G,  Windows 11 , 64 bit Build 22000 (10.0.22000.2538)
Time: Tue Mar 11 05:28:49 2025 Volgograd Standard Time elapsed time: 61.179261 seconds (0d 0h 1m 1s)

---------------  T H R E A D  ---------------

Current thread (0x00000237f4092570):  JavaThread "C2 CompilerThread1" daemon [_thread_in_native, id=132220, stack(0x000000f8bb500000,0x000000f8bb600000)]


Current CompileTask:
C2:  61179 15502       4       org.eclipse.jdt.internal.compiler.lookup.SplitPackageBinding::combineAll (202 bytes)

Stack: [0x000000f8bb500000,0x000000f8bb600000]
Native frames: (J=compiled Java code, j=interpreted, Vv=VM code, C=native code)
V  [jvm.dll+0x6993aa]
V  [jvm.dll+0x7f46dd]
V  [jvm.dll+0x7f5fee]
V  [jvm.dll+0x7f66a3]
V  [jvm.dll+0x25cf1f]
V  [jvm.dll+0xb8c2f]
V  [jvm.dll+0xb8fa5]
V  [jvm.dll+0x386091]
V  [jvm.dll+0x1d2b72]
V  [jvm.dll+0x230259]
V  [jvm.dll+0x22f4d1]
V  [jvm.dll+0x1ba01c]
V  [jvm.dll+0x23ee0a]
V  [jvm.dll+0x23d0f5]
V  [jvm.dll+0x7a6dd1]
V  [jvm.dll+0x7a120a]
V  [jvm.dll+0x698255]
C  [ucrtbase.dll+0x26c0c]
C  [KERNEL32.DLL+0x153e0]
C  [ntdll.dll+0x485b]


---------------  P R O C E S S  ---------------

Threads class SMR info:
_java_thread_list=0x00000237f295cac0, length=70, elements={
0x00000237c8b12b50, 0x00000237e0086c20, 0x00000237e0088300, 0x00000237f04026a0,
0x00000237f0403f60, 0x00000237f0404810, 0x00000237f04050c0, 0x00000237f04060b0,
0x00000237f047a4e0, 0x00000237f047edd0, 0x00000237f04d6940, 0x00000237f0741160,
0x00000237f1030310, 0x00000237f0f4f210, 0x00000237f0a38b20, 0x00000237f10c48c0,
0x00000237f13c1130, 0x00000237f102a020, 0x00000237f136e190, 0x00000237f136eb30,
0x00000237f136dcc0, 0x00000237f136b640, 0x00000237f136e660, 0x00000237f136c980,
0x00000237f136bfe0, 0x00000237f136c4b0, 0x00000237f1de1ab0, 0x00000237f1de32c0,
0x00000237f1de4600, 0x00000237f1de2df0, 0x00000237f1de2450, 0x00000237f1de4130,
0x00000237f1de3790, 0x00000237f1de2920, 0x00000237f1de4ad0, 0x00000237f1de1110,
0x00000237f1de3c60, 0x00000237f1de15e0, 0x00000237f1de1f80, 0x00000237f136d7f0,
0x00000237f0ed7ee0, 0x00000237f0ed83b0, 0x00000237f0ed7a10, 0x00000237f0ed5d30,
0x00000237f0ed7070, 0x00000237f0edaf00, 0x00000237f0edc710, 0x00000237f0ed8d50,
0x00000237f0ed7540, 0x00000237f0eda090, 0x00000237f0edc240, 0x00000237f0ed4ec0,
0x00000237f0ed9220, 0x00000237f0ed96f0, 0x00000237f0ed5390, 0x00000237f0ed5860,
0x00000237f0ed6200, 0x00000237f0edaa30, 0x00000237f0ed6ba0, 0x00000237f0edb8a0,
0x00000237f0eda560, 0x00000237f24a52c0, 0x00000237f24a2c40, 0x00000237f24a9fc0,
0x00000237f24a5790, 0x00000237f24a82e0, 0x00000237f24a6130, 0x00000237f24a3110,
0x00000237f24a6600, 0x00000237f4092570
}

Java Threads: ( => current thread )
  0x00000237c8b12b50 JavaThread "main" [_thread_blocked, id=108268, stack(0x000000f8bb800000,0x000000f8bb900000)]
  0x00000237e0086c20 JavaThread "Reference Handler" daemon [_thread_blocked, id=6204, stack(0x000000f8bbf00000,0x000000f8bc000000)]
  0x00000237e0088300 JavaThread "Finalizer" daemon [_thread_blocked, id=113840, stack(0x000000f8bc000000,0x000000f8bc100000)]
  0x00000237f04026a0 JavaThread "Signal Dispatcher" daemon [_thread_blocked, id=122480, stack(0x000000f8bc100000,0x000000f8bc200000)]
  0x00000237f0403f60 JavaThread "Attach Listener" daemon [_thread_blocked, id=118988, stack(0x000000f8bc200000,0x000000f8bc300000)]
  0x00000237f0404810 JavaThread "Service Thread" daemon [_thread_blocked, id=125820, stack(0x000000f8bc300000,0x000000f8bc400000)]
  0x00000237f04050c0 JavaThread "Monitor Deflation Thread" daemon [_thread_blocked, id=109940, stack(0x000000f8bc400000,0x000000f8bc500000)]
  0x00000237f04060b0 JavaThread "C2 CompilerThread0" daemon [_thread_blocked, id=110948, stack(0x000000f8bc500000,0x000000f8bc600000)]
  0x00000237f047a4e0 JavaThread "C1 CompilerThread0" daemon [_thread_blocked, id=10584, stack(0x000000f8bc600000,0x000000f8bc700000)]
  0x00000237f047edd0 JavaThread "Sweeper thread" daemon [_thread_blocked, id=131496, stack(0x000000f8bc700000,0x000000f8bc800000)]
  0x00000237f04d6940 JavaThread "Common-Cleaner" daemon [_thread_blocked, id=133248, stack(0x000000f8bc800000,0x000000f8bc900000)]
  0x00000237f0741160 JavaThread "Notification Thread" daemon [_thread_blocked, id=128944, stack(0x000000f8bca00000,0x000000f8bcb00000)]
  0x00000237f1030310 JavaThread "Active Thread: Equinox Container: 70d9bfa7-422b-4ec3-b1d9-57531c504893" [_thread_blocked, id=126644, stack(0x000000f8bd300000,0x000000f8bd400000)]
  0x00000237f0f4f210 JavaThread "Refresh Thread: Equinox Container: 70d9bfa7-422b-4ec3-b1d9-57531c504893" daemon [_thread_blocked, id=78640, stack(0x000000f8bd400000,0x000000f8bd500000)]
  0x00000237f0a38b20 JavaThread "Framework Event Dispatcher: Equinox Container: 70d9bfa7-422b-4ec3-b1d9-57531c504893" daemon [_thread_blocked, id=128380, stack(0x000000f8bd500000,0x000000f8bd600000)]
  0x00000237f10c48c0 JavaThread "Start Level: Equinox Container: 70d9bfa7-422b-4ec3-b1d9-57531c504893" daemon [_thread_blocked, id=110036, stack(0x000000f8bd600000,0x000000f8bd700000)]
  0x00000237f13c1130 JavaThread "Bundle File Closer" daemon [_thread_blocked, id=116660, stack(0x000000f8bd800000,0x000000f8bd900000)]
  0x00000237f102a020 JavaThread "SCR Component Actor" daemon [_thread_blocked, id=130032, stack(0x000000f8bd900000,0x000000f8bda00000)]
  0x00000237f136e190 JavaThread "Worker-JM" [_thread_blocked, id=106772, stack(0x000000f8bc900000,0x000000f8bca00000)]
  0x00000237f136eb30 JavaThread "JNA Cleaner" daemon [_thread_blocked, id=106444, stack(0x000000f8bda00000,0x000000f8bdb00000)]
  0x00000237f136dcc0 JavaThread "Worker-0" [_thread_blocked, id=106276, stack(0x000000f8bdb00000,0x000000f8bdc00000)]
  0x00000237f136b640 JavaThread "Worker-1" [_thread_blocked, id=124308, stack(0x000000f8bdc00000,0x000000f8bdd00000)]
  0x00000237f136e660 JavaThread "Worker-2" [_thread_blocked, id=132344, stack(0x000000f8bde00000,0x000000f8bdf00000)]
  0x00000237f136c980 JavaThread "Java indexing" daemon [_thread_in_native, id=130892, stack(0x000000f8be100000,0x000000f8be200000)]
  0x00000237f136bfe0 JavaThread "Worker-3: Check JDK Index" [_thread_blocked, id=131432, stack(0x000000f8be200000,0x000000f8be300000)]
  0x00000237f136c4b0 JavaThread "Worker-4" [_thread_blocked, id=116508, stack(0x000000f8be300000,0x000000f8be400000)]
  0x00000237f1de1ab0 JavaThread "Thread-2" daemon [_thread_in_native, id=11068, stack(0x000000f8be600000,0x000000f8be700000)]
  0x00000237f1de32c0 JavaThread "Thread-3" daemon [_thread_in_native, id=122564, stack(0x000000f8be700000,0x000000f8be800000)]
  0x00000237f1de4600 JavaThread "Thread-4" daemon [_thread_in_native, id=129792, stack(0x000000f8be800000,0x000000f8be900000)]
  0x00000237f1de2df0 JavaThread "Thread-5" daemon [_thread_in_native, id=124992, stack(0x000000f8be900000,0x000000f8bea00000)]
  0x00000237f1de2450 JavaThread "Thread-6" daemon [_thread_in_native, id=117940, stack(0x000000f8bea00000,0x000000f8beb00000)]
  0x00000237f1de4130 JavaThread "Thread-7" daemon [_thread_in_native, id=57552, stack(0x000000f8beb00000,0x000000f8bec00000)]
  0x00000237f1de3790 JavaThread "Thread-8" daemon [_thread_in_native, id=108808, stack(0x000000f8bec00000,0x000000f8bed00000)]
  0x00000237f1de2920 JavaThread "Thread-9" daemon [_thread_in_native, id=108360, stack(0x000000f8bed00000,0x000000f8bee00000)]
  0x00000237f1de4ad0 JavaThread "Thread-10" daemon [_thread_in_native, id=138032, stack(0x000000f8bee00000,0x000000f8bef00000)]
  0x00000237f1de1110 JavaThread "Worker-5: Java indexing... " [_thread_blocked, id=108168, stack(0x000000f8bef00000,0x000000f8bf000000)]
  0x00000237f1de3c60 JavaThread "Worker-6" [_thread_blocked, id=124256, stack(0x000000f8bf000000,0x000000f8bf100000)]
  0x00000237f1de15e0 JavaThread "pool-2-thread-1" [_thread_blocked, id=114816, stack(0x000000f8bf100000,0x000000f8bf200000)]
  0x00000237f1de1f80 JavaThread "WorkspaceEventsHandler" [_thread_blocked, id=128508, stack(0x000000f8bcc00000,0x000000f8bcd00000)]
  0x00000237f136d7f0 JavaThread "pool-1-thread-1" [_thread_blocked, id=128232, stack(0x000000f8bf200000,0x000000f8bf300000)]
  0x00000237f0ed7ee0 JavaThread "LocalFile Deleter" daemon [_thread_blocked, id=116860, stack(0x000000f8bf300000,0x000000f8bf400000)]
  0x00000237f0ed83b0 JavaThread "LocalFile Deleter" daemon [_thread_blocked, id=132824, stack(0x000000f8bf400000,0x000000f8bf500000)]
  0x00000237f0ed7a10 JavaThread "LocalFile Deleter" daemon [_thread_blocked, id=132368, stack(0x000000f8bf500000,0x000000f8bf600000)]
  0x00000237f0ed5d30 JavaThread "LocalFile Deleter" daemon [_thread_blocked, id=137052, stack(0x000000f8bf600000,0x000000f8bf700000)]
  0x00000237f0ed7070 JavaThread "LocalFile Deleter" daemon [_thread_blocked, id=133496, stack(0x000000f8bf700000,0x000000f8bf800000)]
  0x00000237f0edaf00 JavaThread "LocalFile Deleter" daemon [_thread_blocked, id=41152, stack(0x000000f8bf800000,0x000000f8bf900000)]
  0x00000237f0edc710 JavaThread "LocalFile Deleter" daemon [_thread_blocked, id=136336, stack(0x000000f8bf900000,0x000000f8bfa00000)]
  0x00000237f0ed8d50 JavaThread "LocalFile Deleter" daemon [_thread_blocked, id=112080, stack(0x000000f8bfa00000,0x000000f8bfb00000)]
  0x00000237f0ed7540 JavaThread "Compiler Source File Reader" daemon [_thread_blocked, id=131504, stack(0x000000f8bfb00000,0x000000f8bfc00000)]
  0x00000237f0eda090 JavaThread "Compiler Source File Reader" daemon [_thread_blocked, id=124044, stack(0x000000f8bfc00000,0x000000f8bfd00000)]
  0x00000237f0edc240 JavaThread "Compiler Source File Reader" daemon [_thread_blocked, id=128740, stack(0x000000f8bfd00000,0x000000f8bfe00000)]
  0x00000237f0ed4ec0 JavaThread "Compiler Source File Reader" daemon [_thread_blocked, id=117372, stack(0x000000f8bfe00000,0x000000f8bff00000)]
  0x00000237f0ed9220 JavaThread "Compiler Source File Reader" daemon [_thread_blocked, id=125332, stack(0x000000f8bff00000,0x000000f8c0000000)]
  0x00000237f0ed96f0 JavaThread "Compiler Source File Reader" daemon [_thread_blocked, id=117080, stack(0x000000f8c0000000,0x000000f8c0100000)]
  0x00000237f0ed5390 JavaThread "Compiler Processing Task" daemon [_thread_blocked, id=14792, stack(0x000000f8c0100000,0x000000f8c0200000)]
  0x00000237f0ed5860 JavaThread "Compiler Class File Writer" daemon [_thread_blocked, id=107400, stack(0x000000f8c0200000,0x000000f8c0300000)]
  0x00000237f0ed6200 JavaThread "Compiler Class File Writer" daemon [_thread_blocked, id=14664, stack(0x000000f8c0300000,0x000000f8c0400000)]
  0x00000237f0edaa30 JavaThread "Compiler Class File Writer" daemon [_thread_blocked, id=104032, stack(0x000000f8c0400000,0x000000f8c0500000)]
  0x00000237f0ed6ba0 JavaThread "Compiler Class File Writer" daemon [_thread_blocked, id=117892, stack(0x000000f8c0500000,0x000000f8c0600000)]
  0x00000237f0edb8a0 JavaThread "Compiler Class File Writer" daemon [_thread_blocked, id=11328, stack(0x000000f8c0600000,0x000000f8c0700000)]
  0x00000237f0eda560 JavaThread "Compiler Class File Writer" daemon [_thread_blocked, id=103624, stack(0x000000f8c0700000,0x000000f8c0800000)]
  0x00000237f24a52c0 JavaThread "ForkJoinPool.commonPool-worker-1" daemon [_thread_blocked, id=135384, stack(0x000000f8c0f00000,0x000000f8c1000000)]
  0x00000237f24a2c40 JavaThread "ForkJoinPool.commonPool-worker-2" daemon [_thread_blocked, id=108572, stack(0x000000f8c1000000,0x000000f8c1100000)]
  0x00000237f24a9fc0 JavaThread "ForkJoinPool.commonPool-worker-3" daemon [_thread_blocked, id=124232, stack(0x000000f8c1100000,0x000000f8c1200000)]
  0x00000237f24a5790 JavaThread "ForkJoinPool.commonPool-worker-4" daemon [_thread_blocked, id=111152, stack(0x000000f8c1200000,0x000000f8c1300000)]
  0x00000237f24a82e0 JavaThread "ForkJoinPool.commonPool-worker-5" daemon [_thread_blocked, id=107720, stack(0x000000f8c1300000,0x000000f8c1400000)]
  0x00000237f24a6130 JavaThread "ForkJoinPool.commonPool-worker-6" daemon [_thread_blocked, id=110828, stack(0x000000f8c1400000,0x000000f8c1500000)]
  0x00000237f24a3110 JavaThread "ForkJoinPool.commonPool-worker-7" daemon [_thread_blocked, id=80480, stack(0x000000f8c1500000,0x000000f8c1600000)]
  0x00000237f24a6600 JavaThread "Cleaner-0" daemon [_thread_blocked, id=107808, stack(0x000000f8be000000,0x000000f8be100000)]
=>0x00000237f4092570 JavaThread "C2 CompilerThread1" daemon [_thread_in_native, id=132220, stack(0x000000f8bb500000,0x000000f8bb600000)]

Other Threads:
  0x00000237e007fa20 VMThread "VM Thread" [stack: 0x000000f8bbe00000,0x000000f8bbf00000] [id=126204]
  0x00000237f0737ae0 WatcherThread "VM Periodic Task Thread" [stack: 0x000000f8bcb00000,0x000000f8bcc00000] [id=137680]
  0x00000237c8b3e490 WorkerThread "GC Thread#0" [stack: 0x000000f8bb900000,0x000000f8bba00000] [id=121464]
  0x00000237f0b67590 WorkerThread "GC Thread#1" [stack: 0x000000f8bcd00000,0x000000f8bce00000] [id=85124]
  0x00000237f1010090 WorkerThread "GC Thread#2" [stack: 0x000000f8bce00000,0x000000f8bcf00000] [id=108324]
  0x00000237f1010330 WorkerThread "GC Thread#3" [stack: 0x000000f8bcf00000,0x000000f8bd000000] [id=127068]
  0x00000237f10105d0 WorkerThread "GC Thread#4" [stack: 0x000000f8bd000000,0x000000f8bd100000] [id=128820]
  0x00000237f0ff6920 WorkerThread "GC Thread#5" [stack: 0x000000f8bd100000,0x000000f8bd200000] [id=133276]
  0x00000237f0e72940 WorkerThread "GC Thread#6" [stack: 0x000000f8bd200000,0x000000f8bd300000] [id=128364]
  0x00000237f10ea760 WorkerThread "GC Thread#7" [stack: 0x000000f8bd700000,0x000000f8bd800000] [id=104972]
  0x00000237c8b4d1b0 ConcurrentGCThread "G1 Main Marker" [stack: 0x000000f8bba00000,0x000000f8bbb00000] [id=108152]
  0x00000237c8b4e9c0 WorkerThread "G1 Conc#0" [stack: 0x000000f8bbb00000,0x000000f8bbc00000] [id=126424]
  0x00000237f14332d0 WorkerThread "G1 Conc#1" [stack: 0x000000f8bdf00000,0x000000f8be000000] [id=84072]
  0x00000237dff386a0 ConcurrentGCThread "G1 Refine#0" [stack: 0x000000f8bbc00000,0x000000f8bbd00000] [id=89308]
  0x00000237f4225350 ConcurrentGCThread "G1 Refine#1" [stack: 0x000000f8c0800000,0x000000f8c0900000] [id=127952]
  0x00000237f4226160 ConcurrentGCThread "G1 Refine#2" [stack: 0x000000f8c0900000,0x000000f8c0a00000] [id=137860]
  0x00000237fe805ae0 ConcurrentGCThread "G1 Refine#3" [stack: 0x000000f8c0a00000,0x000000f8c0b00000] [id=120844]
  0x00000237fe8030b0 ConcurrentGCThread "G1 Refine#4" [stack: 0x000000f8c0c00000,0x000000f8c0d00000] [id=135876]
  0x00000237fe806620 ConcurrentGCThread "G1 Refine#5" [stack: 0x000000f8c0d00000,0x000000f8c0e00000] [id=111620]
  0x00000237dff39ad0 ConcurrentGCThread "G1 Service" [stack: 0x000000f8bbd00000,0x000000f8bbe00000] [id=114788]

Threads with active compile tasks:
C2 CompilerThread1    61237 15502       4       org.eclipse.jdt.internal.compiler.lookup.SplitPackageBinding::combineAll (202 bytes)

VM state: not at safepoint (normal execution)

VM Mutex/Monitor currently owned by a thread: None

Heap address: 0x0000000701800000, size: 4072 MB, Compressed Oops mode: Zero based, Oop shift amount: 3

CDS archive(s) mapped at: [0x0000000800000000-0x0000000800ba0000-0x0000000800ba0000), size 12189696, SharedBaseAddress: 0x0000000800000000, ArchiveRelocationMode: 0.
Compressed class space mapped at: 0x0000000800c00000-0x0000000840c00000, reserved size: 1073741824
Narrow klass base: 0x0000000800000000, Narrow klass shift: 0, Narrow klass range: 0x100000000

GC Precious Log:
 CardTable entry size: 512
 Card Set container configuration: InlinePtr #cards 4 size 8 Array Of Cards #cards 16 size 48 Howl #buckets 8 coarsen threshold 3686 Howl Bitmap #cards 512 size 80 coarsen threshold 460 Card regions per heap region 1 cards per card region 4096
 CPUs: 8 total, 8 available
 Memory: 16283M
 Large Page Support: Disabled
 NUMA Support: Disabled
 Compressed Oops: Enabled (Zero based)
 Heap Region Size: 2M
 Heap Min Capacity: 8M
 Heap Initial Capacity: 256M
 Heap Max Capacity: 4072M
 Pre-touch: Disabled
 Parallel Workers: 8
 Concurrent Workers: 2
 Concurrent Refinement Workers: 8
 Periodic GC: Disabled

Heap:
 garbage-first heap   total 673792K, used 508607K [0x0000000701800000, 0x0000000800000000)
  region size 2048K, 49 young (100352K), 6 survivors (12288K)
 Metaspace       used 72529K, committed 74048K, reserved 1179648K
  class space    used 7150K, committed 7808K, reserved 1048576K

Heap Regions: E=young(eden), S=young(survivor), O=old, HS=humongous(starts), HC=humongous(continues), CS=collection set, F=free, OA=open archive, CA=closed archive, TAMS=top-at-mark-start (previous, next)
|   0|0x0000000701800000, 0x0000000701a00000, 0x0000000701a00000|100%| O|  |TAMS 0x0000000701a00000, 0x0000000701a00000| Untracked 
|   1|0x0000000701a00000, 0x0000000701c00000, 0x0000000701c00000|100%| O|  |TAMS 0x0000000701a00000, 0x0000000701c00000| Untracked 
|   2|0x0000000701c00000, 0x0000000701e00000, 0x0000000701e00000|100%| O|  |TAMS 0x0000000701e00000, 0x0000000701e00000| Untracked 
|   3|0x0000000701e00000, 0x0000000702000000, 0x0000000702000000|100%| O|  |TAMS 0x0000000702000000, 0x0000000702000000| Untracked 
|   4|0x0000000702000000, 0x0000000702200000, 0x0000000702200000|100%| O|  |TAMS 0x0000000702200000, 0x0000000702200000| Untracked 
|   5|0x0000000702200000, 0x0000000702400000, 0x0000000702400000|100%| O|  |TAMS 0x0000000702400000, 0x0000000702400000| Untracked 
|   6|0x0000000702400000, 0x0000000702600000, 0x0000000702600000|100%| O|  |TAMS 0x0000000702600000, 0x0000000702600000| Untracked 
|   7|0x0000000702600000, 0x0000000702800000, 0x0000000702800000|100%| O|  |TAMS 0x0000000702800000, 0x0000000702800000| Untracked 
|   8|0x0000000702800000, 0x0000000702a00000, 0x0000000702a00000|100%| O|  |TAMS 0x0000000702a00000, 0x0000000702a00000| Untracked 
|   9|0x0000000702a00000, 0x0000000702c00000, 0x0000000702c00000|100%| O|  |TAMS 0x0000000702c00000, 0x0000000702c00000| Untracked 
|  10|0x0000000702c00000, 0x0000000702e00000, 0x0000000702e00000|100%| O|  |TAMS 0x0000000702c00000, 0x0000000702e00000| Untracked 
|  11|0x0000000702e00000, 0x0000000703000000, 0x0000000703000000|100%| O|  |TAMS 0x0000000703000000, 0x0000000703000000| Untracked 
|  12|0x0000000703000000, 0x0000000703200000, 0x0000000703200000|100%| O|  |TAMS 0x0000000703200000, 0x0000000703200000| Untracked 
|  13|0x0000000703200000, 0x0000000703400000, 0x0000000703400000|100%| O|  |TAMS 0x0000000703400000, 0x0000000703400000| Untracked 
|  14|0x0000000703400000, 0x0000000703600000, 0x0000000703600000|100%| O|  |TAMS 0x0000000703600000, 0x0000000703600000| Untracked 
|  15|0x0000000703600000, 0x0000000703800000, 0x0000000703800000|100%| O|  |TAMS 0x0000000703800000, 0x0000000703800000| Untracked 
|  16|0x0000000703800000, 0x0000000703a00000, 0x0000000703a00000|100%| O|  |TAMS 0x0000000703a00000, 0x0000000703a00000| Untracked 
|  17|0x0000000703a00000, 0x0000000703c00000, 0x0000000703c00000|100%| O|  |TAMS 0x0000000703c00000, 0x0000000703c00000| Untracked 
|  18|0x0000000703c00000, 0x0000000703e00000, 0x0000000703e00000|100%| O|  |TAMS 0x0000000703e00000, 0x0000000703e00000| Untracked 
|  19|0x0000000703e00000, 0x0000000704000000, 0x0000000704000000|100%| O|  |TAMS 0x0000000704000000, 0x0000000704000000| Untracked 
|  20|0x0000000704000000, 0x0000000704200000, 0x0000000704200000|100%| O|  |TAMS 0x0000000704200000, 0x0000000704200000| Untracked 
|  21|0x0000000704200000, 0x0000000704400000, 0x0000000704400000|100%| O|  |TAMS 0x0000000704400000, 0x0000000704400000| Untracked 
|  22|0x0000000704400000, 0x0000000704600000, 0x0000000704600000|100%| O|  |TAMS 0x0000000704600000, 0x0000000704600000| Untracked 
|  23|0x0000000704600000, 0x0000000704800000, 0x0000000704800000|100%| O|  |TAMS 0x0000000704600000, 0x0000000704800000| Untracked 
|  24|0x0000000704800000, 0x0000000704a00000, 0x0000000704a00000|100%| O|  |TAMS 0x0000000704800000, 0x0000000704a00000| Untracked 
|  25|0x0000000704a00000, 0x0000000704c00000, 0x0000000704c00000|100%| O|  |TAMS 0x0000000704a00000, 0x0000000704c00000| Untracked 
|  26|0x0000000704c00000, 0x0000000704e00000, 0x0000000704e00000|100%| O|  |TAMS 0x0000000704e00000, 0x0000000704e00000| Untracked 
|  27|0x0000000704e00000, 0x0000000705000000, 0x0000000705000000|100%| O|  |TAMS 0x0000000705000000, 0x0000000705000000| Untracked 
|  28|0x0000000705000000, 0x0000000705200000, 0x0000000705200000|100%| O|  |TAMS 0x0000000705000000, 0x0000000705200000| Untracked 
|  29|0x0000000705200000, 0x0000000705400000, 0x0000000705400000|100%| O|  |TAMS 0x0000000705200000, 0x0000000705400000| Untracked 
|  30|0x0000000705400000, 0x0000000705600000, 0x0000000705600000|100%| O|  |TAMS 0x0000000705400000, 0x0000000705600000| Untracked 
|  31|0x0000000705600000, 0x0000000705800000, 0x0000000705800000|100%| O|  |TAMS 0x0000000705800000, 0x0000000705800000| Untracked 
|  32|0x0000000705800000, 0x0000000705a00000, 0x0000000705a00000|100%| O|  |TAMS 0x0000000705800000, 0x0000000705a00000| Untracked 
|  33|0x0000000705a00000, 0x0000000705c00000, 0x0000000705c00000|100%| O|  |TAMS 0x0000000705a00000, 0x0000000705c00000| Untracked 
|  34|0x0000000705c00000, 0x0000000705e00000, 0x0000000705e00000|100%| O|  |TAMS 0x0000000705e00000, 0x0000000705e00000| Untracked 
|  35|0x0000000705e00000, 0x0000000706000000, 0x0000000706000000|100%| O|  |TAMS 0x0000000705e00000, 0x0000000706000000| Untracked 
|  36|0x0000000706000000, 0x0000000706200000, 0x0000000706200000|100%| O|  |TAMS 0x0000000706000000, 0x0000000706200000| Untracked 
|  37|0x0000000706200000, 0x0000000706400000, 0x0000000706400000|100%| O|  |TAMS 0x0000000706400000, 0x0000000706400000| Untracked 
|  38|0x0000000706400000, 0x0000000706600000, 0x0000000706600000|100%| O|  |TAMS 0x0000000706600000, 0x0000000706600000| Untracked 
|  39|0x0000000706600000, 0x0000000706800000, 0x0000000706800000|100%| O|  |TAMS 0x0000000706800000, 0x0000000706800000| Untracked 
|  40|0x0000000706800000, 0x0000000706a00000, 0x0000000706a00000|100%| O|  |TAMS 0x0000000706a00000, 0x0000000706a00000| Untracked 
|  41|0x0000000706a00000, 0x0000000706c00000, 0x0000000706c00000|100%| O|  |TAMS 0x0000000706c00000, 0x0000000706c00000| Untracked 
|  42|0x0000000706c00000, 0x0000000706e00000, 0x0000000706e00000|100%| O|  |TAMS 0x0000000706e00000, 0x0000000706e00000| Untracked 
|  43|0x0000000706e00000, 0x0000000707000000, 0x0000000707000000|100%| O|  |TAMS 0x0000000707000000, 0x0000000707000000| Untracked 
|  44|0x0000000707000000, 0x0000000707200000, 0x0000000707200000|100%| O|  |TAMS 0x0000000707200000, 0x0000000707200000| Untracked 
|  45|0x0000000707200000, 0x0000000707400000, 0x0000000707400000|100%| O|  |TAMS 0x00000007073f8c00, 0x0000000707400000| Untracked 
|  46|0x0000000707400000, 0x0000000707600000, 0x0000000707600000|100%| O|  |TAMS 0x0000000707400000, 0x0000000707600000| Untracked 
|  47|0x0000000707600000, 0x0000000707800000, 0x0000000707800000|100%| O|  |TAMS 0x0000000707600000, 0x0000000707800000| Untracked 
|  48|0x0000000707800000, 0x0000000707a00000, 0x0000000707a00000|100%| O|  |TAMS 0x0000000707800000, 0x0000000707a00000| Untracked 
|  49|0x0000000707a00000, 0x0000000707c00000, 0x0000000707c00000|100%| O|  |TAMS 0x0000000707a00000, 0x0000000707c00000| Untracked 
|  50|0x0000000707c00000, 0x0000000707e00000, 0x0000000707e00000|100%| O|  |TAMS 0x0000000707c00000, 0x0000000707e00000| Untracked 
|  51|0x0000000707e00000, 0x0000000708000000, 0x0000000708000000|100%| O|  |TAMS 0x0000000707e00000, 0x0000000708000000| Untracked 
|  52|0x0000000708000000, 0x0000000708200000, 0x0000000708200000|100%| O|  |TAMS 0x0000000708000000, 0x0000000708179e00| Untracked 
|  53|0x0000000708200000, 0x0000000708400000, 0x0000000708400000|100%|HS|  |TAMS 0x0000000708200000, 0x0000000708400000| Complete 
|  54|0x0000000708400000, 0x0000000708600000, 0x0000000708600000|100%| O|  |TAMS 0x0000000708400000, 0x0000000708400000| Untracked 
|  55|0x0000000708600000, 0x0000000708800000, 0x0000000708800000|100%| O|  |TAMS 0x0000000708600000, 0x0000000708600000| Untracked 
|  56|0x0000000708800000, 0x0000000708a00000, 0x0000000708a00000|100%| O|  |TAMS 0x0000000708800000, 0x0000000708800000| Untracked 
|  57|0x0000000708a00000, 0x0000000708c00000, 0x0000000708c00000|100%| O|  |TAMS 0x0000000708a00000, 0x0000000708a00000| Untracked 
|  58|0x0000000708c00000, 0x0000000708e00000, 0x0000000708e00000|100%| O|  |TAMS 0x0000000708c00000, 0x0000000708c00000| Untracked 
|  59|0x0000000708e00000, 0x0000000709000000, 0x0000000709000000|100%| O|  |TAMS 0x0000000708e00000, 0x0000000708e00000| Untracked 
|  60|0x0000000709000000, 0x0000000709200000, 0x0000000709200000|100%| O|  |TAMS 0x0000000709000000, 0x0000000709000000| Untracked 
|  61|0x0000000709200000, 0x0000000709400000, 0x0000000709400000|100%| O|  |TAMS 0x0000000709200000, 0x0000000709200000| Untracked 
|  62|0x0000000709400000, 0x0000000709600000, 0x0000000709600000|100%| O|  |TAMS 0x0000000709400000, 0x0000000709400000| Untracked 
|  63|0x0000000709600000, 0x0000000709800000, 0x0000000709800000|100%| O|  |TAMS 0x0000000709600000, 0x0000000709600000| Untracked 
|  64|0x0000000709800000, 0x0000000709a00000, 0x0000000709a00000|100%| O|  |TAMS 0x0000000709800000, 0x0000000709800000| Untracked 
|  65|0x0000000709a00000, 0x0000000709c00000, 0x0000000709c00000|100%| O|  |TAMS 0x0000000709a00000, 0x0000000709a00000| Untracked 
|  66|0x0000000709c00000, 0x0000000709e00000, 0x0000000709e00000|100%| O|  |TAMS 0x0000000709c00000, 0x0000000709c00000| Untracked 
|  67|0x0000000709e00000, 0x000000070a000000, 0x000000070a000000|100%| O|  |TAMS 0x0000000709e00000, 0x0000000709e00000| Untracked 
|  68|0x000000070a000000, 0x000000070a200000, 0x000000070a200000|100%| O|  |TAMS 0x000000070a000000, 0x000000070a000000| Untracked 
|  69|0x000000070a200000, 0x000000070a400000, 0x000000070a400000|100%| O|  |TAMS 0x000000070a200000, 0x000000070a200000| Untracked 
|  70|0x000000070a400000, 0x000000070a600000, 0x000000070a600000|100%| O|  |TAMS 0x000000070a400000, 0x000000070a400000| Untracked 
|  71|0x000000070a600000, 0x000000070a800000, 0x000000070a800000|100%| O|  |TAMS 0x000000070a600000, 0x000000070a600000| Untracked 
|  72|0x000000070a800000, 0x000000070aa00000, 0x000000070aa00000|100%| O|  |TAMS 0x000000070a800000, 0x000000070a800000| Untracked 
|  73|0x000000070aa00000, 0x000000070ac00000, 0x000000070ac00000|100%| O|  |TAMS 0x000000070aa00000, 0x000000070aa00000| Untracked 
|  74|0x000000070ac00000, 0x000000070ae00000, 0x000000070ae00000|100%| O|  |TAMS 0x000000070ac00000, 0x000000070ac00000| Untracked 
|  75|0x000000070ae00000, 0x000000070b000000, 0x000000070b000000|100%|HS|  |TAMS 0x000000070ae00000, 0x000000070ae00000| Complete 
|  76|0x000000070b000000, 0x000000070b200000, 0x000000070b200000|100%|HC|  |TAMS 0x000000070b000000, 0x000000070b000000| Complete 
|  77|0x000000070b200000, 0x000000070b400000, 0x000000070b400000|100%| O|  |TAMS 0x000000070b200000, 0x000000070b200000| Untracked 
|  78|0x000000070b400000, 0x000000070b600000, 0x000000070b600000|100%| O|  |TAMS 0x000000070b400000, 0x000000070b400000| Untracked 
|  79|0x000000070b600000, 0x000000070b800000, 0x000000070b800000|100%| O|  |TAMS 0x000000070b600000, 0x000000070b600000| Untracked 
|  80|0x000000070b800000, 0x000000070ba00000, 0x000000070ba00000|100%| O|  |TAMS 0x000000070b800000, 0x000000070b800000| Untracked 
|  81|0x000000070ba00000, 0x000000070bc00000, 0x000000070bc00000|100%| O|  |TAMS 0x000000070ba00000, 0x000000070ba00000| Untracked 
|  82|0x000000070bc00000, 0x000000070be00000, 0x000000070be00000|100%| O|  |TAMS 0x000000070bc00000, 0x000000070bc00000| Untracked 
|  83|0x000000070be00000, 0x000000070c000000, 0x000000070c000000|100%| O|  |TAMS 0x000000070be00000, 0x000000070be00000| Untracked 
|  84|0x000000070c000000, 0x000000070c200000, 0x000000070c200000|100%| O|  |TAMS 0x000000070c000000, 0x000000070c000000| Untracked 
|  85|0x000000070c200000, 0x000000070c400000, 0x000000070c400000|100%| O|  |TAMS 0x000000070c200000, 0x000000070c200000| Untracked 
|  86|0x000000070c400000, 0x000000070c600000, 0x000000070c600000|100%| O|  |TAMS 0x000000070c400000, 0x000000070c400000| Untracked 
|  87|0x000000070c600000, 0x000000070c800000, 0x000000070c800000|100%| O|  |TAMS 0x000000070c600000, 0x000000070c600000| Untracked 
|  88|0x000000070c800000, 0x000000070ca00000, 0x000000070ca00000|100%| O|  |TAMS 0x000000070c800000, 0x000000070c800000| Untracked 
|  89|0x000000070ca00000, 0x000000070cc00000, 0x000000070cc00000|100%| O|  |TAMS 0x000000070ca00000, 0x000000070ca00000| Untracked 
|  90|0x000000070cc00000, 0x000000070ce00000, 0x000000070ce00000|100%| O|  |TAMS 0x000000070cc00000, 0x000000070cc00000| Untracked 
|  91|0x000000070ce00000, 0x000000070d000000, 0x000000070d000000|100%| O|  |TAMS 0x000000070ce00000, 0x000000070ce00000| Untracked 
|  92|0x000000070d000000, 0x000000070d200000, 0x000000070d200000|100%| O|  |TAMS 0x000000070d000000, 0x000000070d000000| Untracked 
|  93|0x000000070d200000, 0x000000070d400000, 0x000000070d400000|100%| O|  |TAMS 0x000000070d200000, 0x000000070d200000| Untracked 
|  94|0x000000070d400000, 0x000000070d600000, 0x000000070d600000|100%| O|  |TAMS 0x000000070d400000, 0x000000070d400000| Untracked 
|  95|0x000000070d600000, 0x000000070d800000, 0x000000070d800000|100%| O|  |TAMS 0x000000070d600000, 0x000000070d600000| Untracked 
|  96|0x000000070d800000, 0x000000070da00000, 0x000000070da00000|100%| O|  |TAMS 0x000000070d800000, 0x000000070d800000| Untracked 
|  97|0x000000070da00000, 0x000000070dc00000, 0x000000070dc00000|100%| O|  |TAMS 0x000000070da00000, 0x000000070da00000| Untracked 
|  98|0x000000070dc00000, 0x000000070de00000, 0x000000070de00000|100%| O|  |TAMS 0x000000070dc00000, 0x000000070dc00000| Untracked 
|  99|0x000000070de00000, 0x000000070e000000, 0x000000070e000000|100%| O|  |TAMS 0x000000070de00000, 0x000000070de00000| Untracked 
| 100|0x000000070e000000, 0x000000070e200000, 0x000000070e200000|100%| O|  |TAMS 0x000000070e000000, 0x000000070e000000| Untracked 
| 101|0x000000070e200000, 0x000000070e400000, 0x000000070e400000|100%| O|  |TAMS 0x000000070e200000, 0x000000070e200000| Untracked 
| 102|0x000000070e400000, 0x000000070e600000, 0x000000070e600000|100%| O|  |TAMS 0x000000070e400000, 0x000000070e400000| Untracked 
| 103|0x000000070e600000, 0x000000070e800000, 0x000000070e800000|100%| O|  |TAMS 0x000000070e600000, 0x000000070e600000| Untracked 
| 104|0x000000070e800000, 0x000000070ea00000, 0x000000070ea00000|100%| O|  |TAMS 0x000000070e800000, 0x000000070e800000| Untracked 
| 105|0x000000070ea00000, 0x000000070ec00000, 0x000000070ec00000|100%| O|  |TAMS 0x000000070ea00000, 0x000000070ea00000| Untracked 
| 106|0x000000070ec00000, 0x000000070ee00000, 0x000000070ee00000|100%| O|  |TAMS 0x000000070ec00000, 0x000000070ec00000| Untracked 
| 107|0x000000070ee00000, 0x000000070f000000, 0x000000070f000000|100%| O|  |TAMS 0x000000070ee00000, 0x000000070ee00000| Untracked 
| 108|0x000000070f000000, 0x000000070f200000, 0x000000070f200000|100%| O|  |TAMS 0x000000070f000000, 0x000000070f000000| Untracked 
| 109|0x000000070f200000, 0x000000070f400000, 0x000000070f400000|100%| O|  |TAMS 0x000000070f200000, 0x000000070f200000| Untracked 
| 110|0x000000070f400000, 0x000000070f600000, 0x000000070f600000|100%| O|  |TAMS 0x000000070f400000, 0x000000070f400000| Untracked 
| 111|0x000000070f600000, 0x000000070f800000, 0x000000070f800000|100%| O|  |TAMS 0x000000070f600000, 0x000000070f600000| Untracked 
| 112|0x000000070f800000, 0x000000070fa00000, 0x000000070fa00000|100%| O|  |TAMS 0x000000070f800000, 0x000000070f800000| Untracked 
| 113|0x000000070fa00000, 0x000000070fc00000, 0x000000070fc00000|100%| O|  |TAMS 0x000000070fa00000, 0x000000070fa00000| Untracked 
| 114|0x000000070fc00000, 0x000000070fe00000, 0x000000070fe00000|100%| O|  |TAMS 0x000000070fc00000, 0x000000070fc00000| Untracked 
| 115|0x000000070fe00000, 0x0000000710000000, 0x0000000710000000|100%| O|  |TAMS 0x000000070fe00000, 0x000000070fe00000| Untracked 
| 116|0x0000000710000000, 0x0000000710200000, 0x0000000710200000|100%| O|  |TAMS 0x0000000710000000, 0x0000000710000000| Untracked 
| 117|0x0000000710200000, 0x0000000710400000, 0x0000000710400000|100%| O|  |TAMS 0x0000000710200000, 0x0000000710200000| Untracked 
| 118|0x0000000710400000, 0x0000000710600000, 0x0000000710600000|100%| O|  |TAMS 0x0000000710400000, 0x0000000710400000| Untracked 
| 119|0x0000000710600000, 0x0000000710800000, 0x0000000710800000|100%| O|  |TAMS 0x0000000710600000, 0x0000000710600000| Untracked 
| 120|0x0000000710800000, 0x0000000710a00000, 0x0000000710a00000|100%| O|  |TAMS 0x0000000710800000, 0x0000000710800000| Untracked 
| 121|0x0000000710a00000, 0x0000000710c00000, 0x0000000710c00000|100%| O|  |TAMS 0x0000000710a00000, 0x0000000710a00000| Untracked 
| 122|0x0000000710c00000, 0x0000000710e00000, 0x0000000710e00000|100%| O|  |TAMS 0x0000000710c00000, 0x0000000710c00000| Untracked 
| 123|0x0000000710e00000, 0x0000000711000000, 0x0000000711000000|100%| O|  |TAMS 0x0000000710e00000, 0x0000000710e00000| Untracked 
| 124|0x0000000711000000, 0x0000000711200000, 0x0000000711200000|100%| O|  |TAMS 0x0000000711000000, 0x0000000711000000| Untracked 
| 125|0x0000000711200000, 0x0000000711400000, 0x0000000711400000|100%| O|  |TAMS 0x0000000711200000, 0x0000000711200000| Untracked 
| 126|0x0000000711400000, 0x0000000711600000, 0x0000000711600000|100%| O|  |TAMS 0x0000000711400000, 0x0000000711400000| Untracked 
| 127|0x0000000711600000, 0x0000000711800000, 0x0000000711800000|100%| O|  |TAMS 0x0000000711600000, 0x0000000711600000| Untracked 
| 128|0x0000000711800000, 0x0000000711a00000, 0x0000000711a00000|100%| O|  |TAMS 0x0000000711800000, 0x0000000711800000| Untracked 
| 129|0x0000000711a00000, 0x0000000711c00000, 0x0000000711c00000|100%| O|  |TAMS 0x0000000711a00000, 0x0000000711a00000| Untracked 
| 130|0x0000000711c00000, 0x0000000711e00000, 0x0000000711e00000|100%| O|  |TAMS 0x0000000711c00000, 0x0000000711c00000| Untracked 
| 131|0x0000000711e00000, 0x0000000712000000, 0x0000000712000000|100%| O|  |TAMS 0x0000000711e00000, 0x0000000711e00000| Untracked 
| 132|0x0000000712000000, 0x0000000712200000, 0x0000000712200000|100%| O|  |TAMS 0x0000000712000000, 0x0000000712000000| Untracked 
| 133|0x0000000712200000, 0x0000000712400000, 0x0000000712400000|100%| O|  |TAMS 0x0000000712200000, 0x0000000712200000| Untracked 
| 134|0x0000000712400000, 0x0000000712600000, 0x0000000712600000|100%| O|  |TAMS 0x0000000712400000, 0x0000000712400000| Untracked 
| 135|0x0000000712600000, 0x0000000712800000, 0x0000000712800000|100%| O|  |TAMS 0x0000000712600000, 0x0000000712600000| Untracked 
| 136|0x0000000712800000, 0x0000000712a00000, 0x0000000712a00000|100%| O|  |TAMS 0x0000000712800000, 0x0000000712800000| Untracked 
| 137|0x0000000712a00000, 0x0000000712c00000, 0x0000000712c00000|100%| O|  |TAMS 0x0000000712a00000, 0x0000000712a00000| Untracked 
| 138|0x0000000712c00000, 0x0000000712e00000, 0x0000000712e00000|100%| O|  |TAMS 0x0000000712c00000, 0x0000000712c00000| Untracked 
| 139|0x0000000712e00000, 0x0000000713000000, 0x0000000713000000|100%| O|  |TAMS 0x0000000712e00000, 0x0000000712e00000| Untracked 
| 140|0x0000000713000000, 0x0000000713200000, 0x0000000713200000|100%| O|  |TAMS 0x0000000713000000, 0x0000000713000000| Untracked 
| 141|0x0000000713200000, 0x0000000713400000, 0x0000000713400000|100%| O|  |TAMS 0x0000000713200000, 0x0000000713200000| Untracked 
| 142|0x0000000713400000, 0x0000000713600000, 0x0000000713600000|100%| O|  |TAMS 0x0000000713400000, 0x0000000713400000| Untracked 
| 143|0x0000000713600000, 0x0000000713800000, 0x0000000713800000|100%| O|  |TAMS 0x0000000713600000, 0x0000000713600000| Untracked 
| 144|0x0000000713800000, 0x0000000713a00000, 0x0000000713a00000|100%| O|  |TAMS 0x0000000713800000, 0x0000000713800000| Untracked 
| 145|0x0000000713a00000, 0x0000000713c00000, 0x0000000713c00000|100%| O|  |TAMS 0x0000000713a00000, 0x0000000713a00000| Untracked 
| 146|0x0000000713c00000, 0x0000000713e00000, 0x0000000713e00000|100%| O|  |TAMS 0x0000000713c00000, 0x0000000713c00000| Untracked 
| 147|0x0000000713e00000, 0x0000000714000000, 0x0000000714000000|100%| O|  |TAMS 0x0000000713e00000, 0x0000000713e00000| Untracked 
| 148|0x0000000714000000, 0x0000000714200000, 0x0000000714200000|100%| O|  |TAMS 0x0000000714000000, 0x0000000714000000| Untracked 
| 149|0x0000000714200000, 0x0000000714400000, 0x0000000714400000|100%|HS|  |TAMS 0x0000000714200000, 0x0000000714200000| Complete 
| 150|0x0000000714400000, 0x0000000714600000, 0x0000000714600000|100%|HS|  |TAMS 0x0000000714400000, 0x0000000714400000| Complete 
| 151|0x0000000714600000, 0x0000000714800000, 0x0000000714800000|100%| O|  |TAMS 0x0000000714600000, 0x0000000714600000| Untracked 
| 152|0x0000000714800000, 0x0000000714a00000, 0x0000000714a00000|100%| O|  |TAMS 0x0000000714800000, 0x0000000714800000| Untracked 
| 153|0x0000000714a00000, 0x0000000714c00000, 0x0000000714c00000|100%| O|  |TAMS 0x0000000714a00000, 0x0000000714a00000| Untracked 
| 154|0x0000000714c00000, 0x0000000714e00000, 0x0000000714e00000|100%| O|  |TAMS 0x0000000714c00000, 0x0000000714c00000| Untracked 
| 155|0x0000000714e00000, 0x0000000715000000, 0x0000000715000000|100%| O|  |TAMS 0x0000000714e00000, 0x0000000714e00000| Untracked 
| 156|0x0000000715000000, 0x0000000715200000, 0x0000000715200000|100%| O|  |TAMS 0x0000000715000000, 0x0000000715000000| Untracked 
| 157|0x0000000715200000, 0x0000000715400000, 0x0000000715400000|100%| O|  |TAMS 0x0000000715200000, 0x0000000715200000| Untracked 
| 158|0x0000000715400000, 0x0000000715600000, 0x0000000715600000|100%| O|  |TAMS 0x0000000715400000, 0x0000000715400000| Untracked 
| 159|0x0000000715600000, 0x0000000715800000, 0x0000000715800000|100%| O|  |TAMS 0x0000000715600000, 0x0000000715600000| Untracked 
| 160|0x0000000715800000, 0x0000000715a00000, 0x0000000715a00000|100%| O|  |TAMS 0x0000000715800000, 0x0000000715800000| Untracked 
| 161|0x0000000715a00000, 0x0000000715c00000, 0x0000000715c00000|100%| O|  |TAMS 0x0000000715a00000, 0x0000000715a00000| Untracked 
| 162|0x0000000715c00000, 0x0000000715e00000, 0x0000000715e00000|100%| O|  |TAMS 0x0000000715c00000, 0x0000000715c00000| Untracked 
| 163|0x0000000715e00000, 0x0000000716000000, 0x0000000716000000|100%| O|  |TAMS 0x0000000715e00000, 0x0000000715e00000| Untracked 
| 164|0x0000000716000000, 0x0000000716200000, 0x0000000716200000|100%| O|  |TAMS 0x0000000716000000, 0x0000000716000000| Untracked 
| 165|0x0000000716200000, 0x0000000716400000, 0x0000000716400000|100%| O|  |TAMS 0x0000000716200000, 0x0000000716200000| Untracked 
| 166|0x0000000716400000, 0x0000000716600000, 0x0000000716600000|100%| O|  |TAMS 0x0000000716400000, 0x0000000716400000| Untracked 
| 167|0x0000000716600000, 0x0000000716800000, 0x0000000716800000|100%| O|  |TAMS 0x0000000716600000, 0x0000000716600000| Untracked 
| 168|0x0000000716800000, 0x0000000716a00000, 0x0000000716a00000|100%| O|  |TAMS 0x0000000716800000, 0x0000000716800000| Untracked 
| 169|0x0000000716a00000, 0x0000000716c00000, 0x0000000716c00000|100%| O|  |TAMS 0x0000000716a00000, 0x0000000716a00000| Untracked 
| 170|0x0000000716c00000, 0x0000000716e00000, 0x0000000716e00000|100%| O|  |TAMS 0x0000000716c00000, 0x0000000716c00000| Untracked 
| 171|0x0000000716e00000, 0x0000000717000000, 0x0000000717000000|100%| O|  |TAMS 0x0000000716e00000, 0x0000000716e00000| Untracked 
| 172|0x0000000717000000, 0x0000000717200000, 0x0000000717200000|100%| O|  |TAMS 0x0000000717000000, 0x0000000717000000| Untracked 
| 173|0x0000000717200000, 0x0000000717400000, 0x0000000717400000|100%| O|  |TAMS 0x0000000717200000, 0x0000000717200000| Untracked 
| 174|0x0000000717400000, 0x0000000717600000, 0x0000000717600000|100%| O|  |TAMS 0x0000000717400000, 0x0000000717400000| Untracked 
| 175|0x0000000717600000, 0x0000000717800000, 0x0000000717800000|100%| O|  |TAMS 0x0000000717600000, 0x0000000717600000| Untracked 
| 176|0x0000000717800000, 0x0000000717a00000, 0x0000000717a00000|100%| O|  |TAMS 0x0000000717800000, 0x0000000717800000| Untracked 
| 177|0x0000000717a00000, 0x0000000717c00000, 0x0000000717c00000|100%| O|  |TAMS 0x0000000717a00000, 0x0000000717a00000| Untracked 
| 178|0x0000000717c00000, 0x0000000717e00000, 0x0000000717e00000|100%| O|  |TAMS 0x0000000717c00000, 0x0000000717c00000| Untracked 
| 179|0x0000000717e00000, 0x0000000718000000, 0x0000000718000000|100%| O|  |TAMS 0x0000000717e00000, 0x0000000717e00000| Untracked 
| 180|0x0000000718000000, 0x0000000718200000, 0x0000000718200000|100%| O|  |TAMS 0x0000000718000000, 0x0000000718000000| Untracked 
| 181|0x0000000718200000, 0x0000000718400000, 0x0000000718400000|100%| O|  |TAMS 0x0000000718200000, 0x0000000718200000| Untracked 
| 182|0x0000000718400000, 0x0000000718600000, 0x0000000718600000|100%| O|  |TAMS 0x0000000718400000, 0x0000000718400000| Untracked 
| 183|0x0000000718600000, 0x0000000718800000, 0x0000000718800000|100%| O|  |TAMS 0x0000000718600000, 0x0000000718600000| Untracked 
| 184|0x0000000718800000, 0x0000000718a00000, 0x0000000718a00000|100%| O|  |TAMS 0x0000000718800000, 0x0000000718800000| Untracked 
| 185|0x0000000718a00000, 0x0000000718c00000, 0x0000000718c00000|100%| O|  |TAMS 0x0000000718a00000, 0x0000000718a00000| Untracked 
| 186|0x0000000718c00000, 0x0000000718dc3000, 0x0000000718e00000| 88%| O|  |TAMS 0x0000000718c00000, 0x0000000718c00000| Untracked 
| 187|0x0000000718e00000, 0x0000000718e00000, 0x0000000719000000|  0%| F|  |TAMS 0x0000000718e00000, 0x0000000718e00000| Untracked 
| 188|0x0000000719000000, 0x0000000719000000, 0x0000000719200000|  0%| F|  |TAMS 0x0000000719000000, 0x0000000719000000| Untracked 
| 189|0x0000000719200000, 0x0000000719200000, 0x0000000719400000|  0%| F|  |TAMS 0x0000000719200000, 0x0000000719200000| Untracked 
| 190|0x0000000719400000, 0x0000000719400000, 0x0000000719600000|  0%| F|  |TAMS 0x0000000719400000, 0x0000000719400000| Untracked 
| 191|0x0000000719600000, 0x0000000719600000, 0x0000000719800000|  0%| F|  |TAMS 0x0000000719600000, 0x0000000719600000| Untracked 
| 192|0x0000000719800000, 0x0000000719800000, 0x0000000719a00000|  0%| F|  |TAMS 0x0000000719800000, 0x0000000719800000| Untracked 
| 193|0x0000000719a00000, 0x0000000719a00000, 0x0000000719c00000|  0%| F|  |TAMS 0x0000000719a00000, 0x0000000719a00000| Untracked 
| 194|0x0000000719c00000, 0x0000000719c00000, 0x0000000719e00000|  0%| F|  |TAMS 0x0000000719c00000, 0x0000000719c00000| Untracked 
| 195|0x0000000719e00000, 0x0000000719e00000, 0x000000071a000000|  0%| F|  |TAMS 0x0000000719e00000, 0x0000000719e00000| Untracked 
| 196|0x000000071a000000, 0x000000071a000000, 0x000000071a200000|  0%| F|  |TAMS 0x000000071a000000, 0x000000071a000000| Untracked 
| 197|0x000000071a200000, 0x000000071a200000, 0x000000071a400000|  0%| F|  |TAMS 0x000000071a200000, 0x000000071a200000| Untracked 
| 198|0x000000071a400000, 0x000000071a400000, 0x000000071a600000|  0%| F|  |TAMS 0x000000071a400000, 0x000000071a400000| Untracked 
| 199|0x000000071a600000, 0x000000071a600000, 0x000000071a800000|  0%| F|  |TAMS 0x000000071a600000, 0x000000071a600000| Untracked 
| 200|0x000000071a800000, 0x000000071a800000, 0x000000071aa00000|  0%| F|  |TAMS 0x000000071a800000, 0x000000071a800000| Untracked 
| 201|0x000000071aa00000, 0x000000071aa00000, 0x000000071ac00000|  0%| F|  |TAMS 0x000000071aa00000, 0x000000071aa00000| Untracked 
| 202|0x000000071ac00000, 0x000000071ac00000, 0x000000071ae00000|  0%| F|  |TAMS 0x000000071ac00000, 0x000000071ac00000| Untracked 
| 203|0x000000071ae00000, 0x000000071ae00000, 0x000000071b000000|  0%| F|  |TAMS 0x000000071ae00000, 0x000000071ae00000| Untracked 
| 204|0x000000071b000000, 0x000000071b000000, 0x000000071b200000|  0%| F|  |TAMS 0x000000071b000000, 0x000000071b000000| Untracked 
| 205|0x000000071b200000, 0x000000071b200000, 0x000000071b400000|  0%| F|  |TAMS 0x000000071b200000, 0x000000071b200000| Untracked 
| 206|0x000000071b400000, 0x000000071b400000, 0x000000071b600000|  0%| F|  |TAMS 0x000000071b400000, 0x000000071b400000| Untracked 
| 207|0x000000071b600000, 0x000000071b600000, 0x000000071b800000|  0%| F|  |TAMS 0x000000071b600000, 0x000000071b600000| Untracked 
| 208|0x000000071b800000, 0x000000071b800000, 0x000000071ba00000|  0%| F|  |TAMS 0x000000071b800000, 0x000000071b800000| Untracked 
| 209|0x000000071ba00000, 0x000000071ba00000, 0x000000071bc00000|  0%| F|  |TAMS 0x000000071ba00000, 0x000000071ba00000| Untracked 
| 210|0x000000071bc00000, 0x000000071bc00000, 0x000000071be00000|  0%| F|  |TAMS 0x000000071bc00000, 0x000000071bc00000| Untracked 
| 211|0x000000071be00000, 0x000000071be00000, 0x000000071c000000|  0%| F|  |TAMS 0x000000071be00000, 0x000000071be00000| Untracked 
| 212|0x000000071c000000, 0x000000071c000000, 0x000000071c200000|  0%| F|  |TAMS 0x000000071c000000, 0x000000071c000000| Untracked 
| 213|0x000000071c200000, 0x000000071c200000, 0x000000071c400000|  0%| F|  |TAMS 0x000000071c200000, 0x000000071c200000| Untracked 
| 214|0x000000071c400000, 0x000000071c400000, 0x000000071c600000|  0%| F|  |TAMS 0x000000071c400000, 0x000000071c400000| Untracked 
| 215|0x000000071c600000, 0x000000071c600000, 0x000000071c800000|  0%| F|  |TAMS 0x000000071c600000, 0x000000071c600000| Untracked 
| 216|0x000000071c800000, 0x000000071c800000, 0x000000071ca00000|  0%| F|  |TAMS 0x000000071c800000, 0x000000071c800000| Untracked 
| 217|0x000000071ca00000, 0x000000071ca00000, 0x000000071cc00000|  0%| F|  |TAMS 0x000000071ca00000, 0x000000071ca00000| Untracked 
| 218|0x000000071cc00000, 0x000000071cc00000, 0x000000071ce00000|  0%| F|  |TAMS 0x000000071cc00000, 0x000000071cc00000| Untracked 
| 219|0x000000071ce00000, 0x000000071ce00000, 0x000000071d000000|  0%| F|  |TAMS 0x000000071ce00000, 0x000000071ce00000| Untracked 
| 220|0x000000071d000000, 0x000000071d000000, 0x000000071d200000|  0%| F|  |TAMS 0x000000071d000000, 0x000000071d000000| Untracked 
| 221|0x000000071d200000, 0x000000071d200000, 0x000000071d400000|  0%| F|  |TAMS 0x000000071d200000, 0x000000071d200000| Untracked 
| 222|0x000000071d400000, 0x000000071d400000, 0x000000071d600000|  0%| F|  |TAMS 0x000000071d400000, 0x000000071d400000| Untracked 
| 223|0x000000071d600000, 0x000000071d600000, 0x000000071d800000|  0%| F|  |TAMS 0x000000071d600000, 0x000000071d600000| Untracked 
| 224|0x000000071d800000, 0x000000071d800000, 0x000000071da00000|  0%| F|  |TAMS 0x000000071d800000, 0x000000071d800000| Untracked 
| 225|0x000000071da00000, 0x000000071da00000, 0x000000071dc00000|  0%| F|  |TAMS 0x000000071da00000, 0x000000071da00000| Untracked 
| 226|0x000000071dc00000, 0x000000071dc00000, 0x000000071de00000|  0%| F|  |TAMS 0x000000071dc00000, 0x000000071dc00000| Untracked 
| 227|0x000000071de00000, 0x000000071de00000, 0x000000071e000000|  0%| F|  |TAMS 0x000000071de00000, 0x000000071de00000| Untracked 
| 228|0x000000071e000000, 0x000000071e000000, 0x000000071e200000|  0%| F|  |TAMS 0x000000071e000000, 0x000000071e000000| Untracked 
| 229|0x000000071e200000, 0x000000071e200000, 0x000000071e400000|  0%| F|  |TAMS 0x000000071e200000, 0x000000071e200000| Untracked 
| 230|0x000000071e400000, 0x000000071e400000, 0x000000071e600000|  0%| F|  |TAMS 0x000000071e400000, 0x000000071e400000| Untracked 
| 231|0x000000071e600000, 0x000000071e600000, 0x000000071e800000|  0%| F|  |TAMS 0x000000071e600000, 0x000000071e600000| Untracked 
| 232|0x000000071e800000, 0x000000071e800000, 0x000000071ea00000|  0%| F|  |TAMS 0x000000071e800000, 0x000000071e800000| Untracked 
| 233|0x000000071ea00000, 0x000000071ea00000, 0x000000071ec00000|  0%| F|  |TAMS 0x000000071ea00000, 0x000000071ea00000| Untracked 
| 234|0x000000071ec00000, 0x000000071ec00000, 0x000000071ee00000|  0%| F|  |TAMS 0x000000071ec00000, 0x000000071ec00000| Untracked 
| 235|0x000000071ee00000, 0x000000071ee00000, 0x000000071f000000|  0%| F|  |TAMS 0x000000071ee00000, 0x000000071ee00000| Untracked 
| 236|0x000000071f000000, 0x000000071f000000, 0x000000071f200000|  0%| F|  |TAMS 0x000000071f000000, 0x000000071f000000| Untracked 
| 237|0x000000071f200000, 0x000000071f200000, 0x000000071f400000|  0%| F|  |TAMS 0x000000071f200000, 0x000000071f200000| Untracked 
| 238|0x000000071f400000, 0x000000071f4ecc10, 0x000000071f600000| 46%| S|CS|TAMS 0x000000071f400000, 0x000000071f400000| Complete 
| 239|0x000000071f600000, 0x000000071f800000, 0x000000071f800000|100%| S|CS|TAMS 0x000000071f600000, 0x000000071f600000| Complete 
| 240|0x000000071f800000, 0x000000071fa00000, 0x000000071fa00000|100%| S|CS|TAMS 0x000000071f800000, 0x000000071f800000| Complete 
| 241|0x000000071fa00000, 0x000000071fc00000, 0x000000071fc00000|100%| S|CS|TAMS 0x000000071fa00000, 0x000000071fa00000| Complete 
| 242|0x000000071fc00000, 0x000000071fe00000, 0x000000071fe00000|100%| S|CS|TAMS 0x000000071fc00000, 0x000000071fc00000| Complete 
| 243|0x000000071fe00000, 0x000000071fe00000, 0x0000000720000000|  0%| F|  |TAMS 0x000000071fe00000, 0x000000071fe00000| Untracked 
| 244|0x0000000720000000, 0x0000000720000000, 0x0000000720200000|  0%| F|  |TAMS 0x0000000720000000, 0x0000000720000000| Untracked 
| 245|0x0000000720200000, 0x0000000720400000, 0x0000000720400000|100%| S|CS|TAMS 0x0000000720200000, 0x0000000720200000| Complete 
| 246|0x0000000720400000, 0x0000000720400000, 0x0000000720600000|  0%| F|  |TAMS 0x0000000720400000, 0x0000000720400000| Untracked 
| 247|0x0000000720600000, 0x0000000720600000, 0x0000000720800000|  0%| F|  |TAMS 0x0000000720600000, 0x0000000720600000| Untracked 
| 248|0x0000000720800000, 0x0000000720800000, 0x0000000720a00000|  0%| F|  |TAMS 0x0000000720800000, 0x0000000720800000| Untracked 
| 249|0x0000000720a00000, 0x0000000720a00000, 0x0000000720c00000|  0%| F|  |TAMS 0x0000000720a00000, 0x0000000720a00000| Untracked 
| 250|0x0000000720c00000, 0x0000000720c00000, 0x0000000720e00000|  0%| F|  |TAMS 0x0000000720c00000, 0x0000000720c00000| Untracked 
| 251|0x0000000720e00000, 0x0000000720e00000, 0x0000000721000000|  0%| F|  |TAMS 0x0000000720e00000, 0x0000000720e00000| Untracked 
| 252|0x0000000721000000, 0x0000000721000000, 0x0000000721200000|  0%| F|  |TAMS 0x0000000721000000, 0x0000000721000000| Untracked 
| 253|0x0000000721200000, 0x0000000721200000, 0x0000000721400000|  0%| F|  |TAMS 0x0000000721200000, 0x0000000721200000| Untracked 
| 254|0x0000000721400000, 0x0000000721400000, 0x0000000721600000|  0%| F|  |TAMS 0x0000000721400000, 0x0000000721400000| Untracked 
| 255|0x0000000721600000, 0x0000000721600000, 0x0000000721800000|  0%| F|  |TAMS 0x0000000721600000, 0x0000000721600000| Untracked 
| 256|0x0000000721800000, 0x0000000721800000, 0x0000000721a00000|  0%| F|  |TAMS 0x0000000721800000, 0x0000000721800000| Untracked 
| 257|0x0000000721a00000, 0x0000000721a00000, 0x0000000721c00000|  0%| F|  |TAMS 0x0000000721a00000, 0x0000000721a00000| Untracked 
| 258|0x0000000721c00000, 0x0000000721c00000, 0x0000000721e00000|  0%| F|  |TAMS 0x0000000721c00000, 0x0000000721c00000| Untracked 
| 259|0x0000000721e00000, 0x0000000721e00000, 0x0000000722000000|  0%| F|  |TAMS 0x0000000721e00000, 0x0000000721e00000| Untracked 
| 260|0x0000000722000000, 0x0000000722000000, 0x0000000722200000|  0%| F|  |TAMS 0x0000000722000000, 0x0000000722000000| Untracked 
| 261|0x0000000722200000, 0x0000000722200000, 0x0000000722400000|  0%| F|  |TAMS 0x0000000722200000, 0x0000000722200000| Untracked 
| 262|0x0000000722400000, 0x0000000722400000, 0x0000000722600000|  0%| F|  |TAMS 0x0000000722400000, 0x0000000722400000| Untracked 
| 263|0x0000000722600000, 0x0000000722600000, 0x0000000722800000|  0%| F|  |TAMS 0x0000000722600000, 0x0000000722600000| Untracked 
| 264|0x0000000722800000, 0x0000000722800000, 0x0000000722a00000|  0%| F|  |TAMS 0x0000000722800000, 0x0000000722800000| Untracked 
| 265|0x0000000722a00000, 0x0000000722a00000, 0x0000000722c00000|  0%| F|  |TAMS 0x0000000722a00000, 0x0000000722a00000| Untracked 
| 266|0x0000000722c00000, 0x0000000722c00000, 0x0000000722e00000|  0%| F|  |TAMS 0x0000000722c00000, 0x0000000722c00000| Untracked 
| 267|0x0000000722e00000, 0x0000000722e00000, 0x0000000723000000|  0%| F|  |TAMS 0x0000000722e00000, 0x0000000722e00000| Untracked 
| 268|0x0000000723000000, 0x0000000723000000, 0x0000000723200000|  0%| F|  |TAMS 0x0000000723000000, 0x0000000723000000| Untracked 
| 269|0x0000000723200000, 0x0000000723200000, 0x0000000723400000|  0%| F|  |TAMS 0x0000000723200000, 0x0000000723200000| Untracked 
| 270|0x0000000723400000, 0x0000000723400000, 0x0000000723600000|  0%| F|  |TAMS 0x0000000723400000, 0x0000000723400000| Untracked 
| 271|0x0000000723600000, 0x000000072372be88, 0x0000000723800000| 58%| E|  |TAMS 0x0000000723600000, 0x0000000723600000| Complete 
| 272|0x0000000723800000, 0x0000000723a00000, 0x0000000723a00000|100%| E|CS|TAMS 0x0000000723800000, 0x0000000723800000| Complete 
| 273|0x0000000723a00000, 0x0000000723c00000, 0x0000000723c00000|100%| E|CS|TAMS 0x0000000723a00000, 0x0000000723a00000| Complete 
| 274|0x0000000723c00000, 0x0000000723e00000, 0x0000000723e00000|100%| E|CS|TAMS 0x0000000723c00000, 0x0000000723c00000| Complete 
| 275|0x0000000723e00000, 0x0000000724000000, 0x0000000724000000|100%| E|CS|TAMS 0x0000000723e00000, 0x0000000723e00000| Complete 
| 276|0x0000000724000000, 0x0000000724200000, 0x0000000724200000|100%| E|CS|TAMS 0x0000000724000000, 0x0000000724000000| Complete 
| 277|0x0000000724200000, 0x0000000724400000, 0x0000000724400000|100%| E|CS|TAMS 0x0000000724200000, 0x0000000724200000| Complete 
| 278|0x0000000724400000, 0x0000000724600000, 0x0000000724600000|100%| E|CS|TAMS 0x0000000724400000, 0x0000000724400000| Complete 
| 279|0x0000000724600000, 0x0000000724800000, 0x0000000724800000|100%| E|CS|TAMS 0x0000000724600000, 0x0000000724600000| Complete 
| 280|0x0000000724800000, 0x0000000724a00000, 0x0000000724a00000|100%| E|CS|TAMS 0x0000000724800000, 0x0000000724800000| Complete 
| 281|0x0000000724a00000, 0x0000000724c00000, 0x0000000724c00000|100%| E|CS|TAMS 0x0000000724a00000, 0x0000000724a00000| Complete 
| 282|0x0000000724c00000, 0x0000000724e00000, 0x0000000724e00000|100%| E|CS|TAMS 0x0000000724c00000, 0x0000000724c00000| Complete 
| 283|0x0000000724e00000, 0x0000000725000000, 0x0000000725000000|100%| E|CS|TAMS 0x0000000724e00000, 0x0000000724e00000| Complete 
| 284|0x0000000725000000, 0x0000000725200000, 0x0000000725200000|100%| E|CS|TAMS 0x0000000725000000, 0x0000000725000000| Complete 
| 285|0x0000000725200000, 0x0000000725400000, 0x0000000725400000|100%| E|CS|TAMS 0x0000000725200000, 0x0000000725200000| Complete 
| 286|0x0000000725400000, 0x0000000725600000, 0x0000000725600000|100%| E|CS|TAMS 0x0000000725400000, 0x0000000725400000| Complete 
| 287|0x0000000725600000, 0x0000000725800000, 0x0000000725800000|100%| E|CS|TAMS 0x0000000725600000, 0x0000000725600000| Complete 
| 288|0x0000000725800000, 0x0000000725a00000, 0x0000000725a00000|100%| E|CS|TAMS 0x0000000725800000, 0x0000000725800000| Complete 
| 289|0x0000000725a00000, 0x0000000725c00000, 0x0000000725c00000|100%| E|CS|TAMS 0x0000000725a00000, 0x0000000725a00000| Complete 
| 290|0x0000000725c00000, 0x0000000725e00000, 0x0000000725e00000|100%| E|CS|TAMS 0x0000000725c00000, 0x0000000725c00000| Complete 
| 291|0x0000000725e00000, 0x0000000726000000, 0x0000000726000000|100%| E|CS|TAMS 0x0000000725e00000, 0x0000000725e00000| Complete 
| 292|0x0000000726000000, 0x0000000726200000, 0x0000000726200000|100%| E|CS|TAMS 0x0000000726000000, 0x0000000726000000| Complete 
| 293|0x0000000726200000, 0x0000000726400000, 0x0000000726400000|100%| E|CS|TAMS 0x0000000726200000, 0x0000000726200000| Complete 
| 294|0x0000000726400000, 0x0000000726600000, 0x0000000726600000|100%| E|CS|TAMS 0x0000000726400000, 0x0000000726400000| Complete 
| 295|0x0000000726600000, 0x0000000726800000, 0x0000000726800000|100%| E|CS|TAMS 0x0000000726600000, 0x0000000726600000| Complete 
| 296|0x0000000726800000, 0x0000000726a00000, 0x0000000726a00000|100%| E|CS|TAMS 0x0000000726800000, 0x0000000726800000| Complete 
| 297|0x0000000726a00000, 0x0000000726c00000, 0x0000000726c00000|100%| E|CS|TAMS 0x0000000726a00000, 0x0000000726a00000| Complete 
| 298|0x0000000726c00000, 0x0000000726e00000, 0x0000000726e00000|100%| E|CS|TAMS 0x0000000726c00000, 0x0000000726c00000| Complete 
| 299|0x0000000726e00000, 0x0000000727000000, 0x0000000727000000|100%| E|  |TAMS 0x0000000726e00000, 0x0000000726e00000| Complete 
| 300|0x0000000727000000, 0x0000000727200000, 0x0000000727200000|100%| E|CS|TAMS 0x0000000727000000, 0x0000000727000000| Complete 
| 301|0x0000000727200000, 0x0000000727400000, 0x0000000727400000|100%| E|CS|TAMS 0x0000000727200000, 0x0000000727200000| Complete 
| 302|0x0000000727400000, 0x0000000727600000, 0x0000000727600000|100%| E|CS|TAMS 0x0000000727400000, 0x0000000727400000| Complete 
| 303|0x0000000727600000, 0x0000000727800000, 0x0000000727800000|100%| E|CS|TAMS 0x0000000727600000, 0x0000000727600000| Complete 
| 304|0x0000000727800000, 0x0000000727a00000, 0x0000000727a00000|100%| E|CS|TAMS 0x0000000727800000, 0x0000000727800000| Complete 
| 305|0x0000000727a00000, 0x0000000727c00000, 0x0000000727c00000|100%| E|CS|TAMS 0x0000000727a00000, 0x0000000727a00000| Complete 
| 306|0x0000000727c00000, 0x0000000727e00000, 0x0000000727e00000|100%| E|CS|TAMS 0x0000000727c00000, 0x0000000727c00000| Complete 
| 307|0x0000000727e00000, 0x0000000728000000, 0x0000000728000000|100%| E|CS|TAMS 0x0000000727e00000, 0x0000000727e00000| Complete 
| 308|0x0000000728000000, 0x0000000728200000, 0x0000000728200000|100%| E|CS|TAMS 0x0000000728000000, 0x0000000728000000| Complete 
| 309|0x0000000728200000, 0x0000000728400000, 0x0000000728400000|100%| E|CS|TAMS 0x0000000728200000, 0x0000000728200000| Complete 
| 310|0x0000000728400000, 0x0000000728600000, 0x0000000728600000|100%| E|CS|TAMS 0x0000000728400000, 0x0000000728400000| Complete 
| 311|0x0000000728600000, 0x0000000728800000, 0x0000000728800000|100%| E|CS|TAMS 0x0000000728600000, 0x0000000728600000| Complete 
| 312|0x0000000728800000, 0x0000000728a00000, 0x0000000728a00000|100%| E|CS|TAMS 0x0000000728800000, 0x0000000728800000| Complete 
| 313|0x0000000728a00000, 0x0000000728c00000, 0x0000000728c00000|100%| E|CS|TAMS 0x0000000728a00000, 0x0000000728a00000| Complete 
|2021|0x00000007fe200000, 0x00000007fe400000, 0x00000007fe400000|100%| O|  |TAMS 0x00000007fe200000, 0x00000007fe200000| Untracked 
|2022|0x00000007fe400000, 0x00000007fe600000, 0x00000007fe600000|100%| O|  |TAMS 0x00000007fe400000, 0x00000007fe400000| Untracked 
|2023|0x00000007fe600000, 0x00000007fe800000, 0x00000007fe800000|100%| O|  |TAMS 0x00000007fe600000, 0x00000007fe600000| Untracked 
|2024|0x00000007fe800000, 0x00000007fea00000, 0x00000007fea00000|100%| O|  |TAMS 0x00000007fe800000, 0x00000007fe800000| Untracked 
|2025|0x00000007fea00000, 0x00000007fec00000, 0x00000007fec00000|100%| O|  |TAMS 0x00000007fea00000, 0x00000007fea00000| Untracked 
|2026|0x00000007fec00000, 0x00000007fee00000, 0x00000007fee00000|100%| O|  |TAMS 0x00000007fec00000, 0x00000007fec00000| Untracked 
|2027|0x00000007fee00000, 0x00000007ff000000, 0x00000007ff000000|100%| O|  |TAMS 0x00000007fee00000, 0x00000007fee00000| Untracked 
|2028|0x00000007ff000000, 0x00000007ff200000, 0x00000007ff200000|100%| O|  |TAMS 0x00000007ff000000, 0x00000007ff000000| Untracked 
|2029|0x00000007ff200000, 0x00000007ff400000, 0x00000007ff400000|100%| O|  |TAMS 0x00000007ff200000, 0x00000007ff200000| Untracked 
|2030|0x00000007ff400000, 0x00000007ff600000, 0x00000007ff600000|100%| O|  |TAMS 0x00000007ff400000, 0x00000007ff400000| Untracked 
|2031|0x00000007ff600000, 0x00000007ff800000, 0x00000007ff800000|100%| O|  |TAMS 0x00000007ff600000, 0x00000007ff600000| Untracked 
|2032|0x00000007ff800000, 0x00000007ffa00000, 0x00000007ffa00000|100%| O|  |TAMS 0x00000007ff800000, 0x00000007ff800000| Untracked 
|2033|0x00000007ffa00000, 0x00000007ffc00000, 0x00000007ffc00000|100%| O|  |TAMS 0x00000007ffa00000, 0x00000007ffa00000| Untracked 
|2034|0x00000007ffc00000, 0x00000007ffe00000, 0x00000007ffe00000|100%| O|  |TAMS 0x00000007ffc00000, 0x00000007ffc00000| Untracked 
|2035|0x00000007ffe00000, 0x0000000800000000, 0x0000000800000000|100%| O|  |TAMS 0x00000007ffe00000, 0x00000007ffe00000| Untracked 

Card table byte_map: [0x00000237e08a0000,0x00000237e10a0000] _byte_map_base: 0x00000237dd094000

Marking Bits (Prev, Next): (CMBitMap*) 0x00000237c8b3e9e0, (CMBitMap*) 0x00000237c8b3e9a0
 Prev Bits: [0x00000237e5840000, 0x00000237e97e0000)
 Next Bits: [0x00000237e18a0000, 0x00000237e5840000)

Polling page: 0x00000237c8b50000

Metaspace:

Usage:
  Non-class:     63.85 MB used.
      Class:      6.98 MB used.
       Both:     70.83 MB used.

Virtual space:
  Non-class space:      128.00 MB reserved,      64.69 MB ( 51%) committed,  2 nodes.
      Class space:        1.00 GB reserved,       7.62 MB ( <1%) committed,  1 nodes.
             Both:        1.12 GB reserved,      72.31 MB (  6%) committed. 

Chunk freelists:
   Non-Class:  3.28 MB
       Class:  193.00 KB
        Both:  3.47 MB

MaxMetaspaceSize: unlimited
CompressedClassSpaceSize: 1.00 GB
Initial GC threshold: 21.00 MB
Current GC threshold: 104.94 MB
CDS: on
MetaspaceReclaimPolicy: balanced
 - commit_granule_bytes: 65536.
 - commit_granule_words: 8192.
 - virtual_space_node_default_size: 8388608.
 - enlarge_chunks_in_place: 1.
 - new_chunks_are_fully_committed: 0.
 - uncommit_free_chunks: 1.
 - use_allocation_guard: 0.


Internal statistics:

num_allocs_failed_limit: 9.
num_arena_births: 1284.
num_arena_deaths: 18.
num_vsnodes_births: 3.
num_vsnodes_deaths: 0.
num_space_committed: 1157.
num_space_uncommitted: 0.
num_chunks_returned_to_freelist: 28.
num_chunks_taken_from_freelist: 4847.
num_chunk_merges: 8.
num_chunk_splits: 2891.
num_chunks_enlarged: 1548.
num_inconsistent_stats: 0.

CodeHeap 'non-profiled nmethods': size=120000Kb used=10318Kb max_used=10395Kb free=109681Kb
 bounds [0x00000237d7f00000, 0x00000237d8940000, 0x00000237df430000]
CodeHeap 'profiled nmethods': size=120000Kb used=28452Kb max_used=28452Kb free=91548Kb
 bounds [0x00000237d09d0000, 0x00000237d25d0000, 0x00000237d7f00000]
CodeHeap 'non-nmethods': size=5760Kb used=1411Kb max_used=1479Kb free=4348Kb
 bounds [0x00000237d0430000, 0x00000237d06a0000, 0x00000237d09d0000]
 total_blobs=12979 nmethods=12228 adapters=661
 compilation: enabled
              stopped_count=0, restarted_count=0
 full_count=0

Compilation events (20 events):
Event: 60.876 Thread 0x00000237f4092570 15498       4       org.eclipse.jdt.internal.compiler.lookup.ReferenceBinding::isOrEnclosedByPrivateType (36 bytes)
Event: 60.878 Thread 0x00000237f4092570 nmethod 15498 0x00000237d861dc10 code [0x00000237d861dda0, 0x00000237d861de78]
Event: 60.878 Thread 0x00000237f4092570 15502       4       org.eclipse.jdt.internal.compiler.lookup.SplitPackageBinding::combineAll (202 bytes)
Event: 60.901 Thread 0x00000237f047a4e0 15505       3       org.eclipse.jdt.internal.compiler.lookup.Scope::getMemberType (205 bytes)
Event: 60.903 Thread 0x00000237f047a4e0 nmethod 15505 0x00000237d234c310 code [0x00000237d234c580, 0x00000237d234d858]
Event: 60.903 Thread 0x00000237f047a4e0 15506       3       org.eclipse.jdt.internal.compiler.lookup.MethodBinding::ownsParameter (60 bytes)
Event: 60.903 Thread 0x00000237f047a4e0 nmethod 15506 0x00000237d16d9a10 code [0x00000237d16d9c00, 0x00000237d16da0f8]
Event: 60.904 Thread 0x00000237f047a4e0 15507       3       java.util.GregorianCalendar::computeFields (85 bytes)
Event: 60.905 Thread 0x00000237f047a4e0 nmethod 15507 0x00000237d235bb10 code [0x00000237d235bd00, 0x00000237d235c0d8]
Event: 60.905 Thread 0x00000237f047a4e0 15508       3       java.text.DontCareFieldPosition$1::formatted (1 bytes)
Event: 60.905 Thread 0x00000237f047a4e0 nmethod 15508 0x00000237d1b60190 code [0x00000237d1b60320, 0x00000237d1b60438]
Event: 60.905 Thread 0x00000237f047a4e0 15509       3       sun.util.calendar.ZoneInfo::getOffsets (8 bytes)
Event: 60.905 Thread 0x00000237f047a4e0 nmethod 15509 0x00000237d1b76f90 code [0x00000237d1b77120, 0x00000237d1b77268]
Event: 60.905 Thread 0x00000237f047a4e0 15510       3       org.eclipse.jface.text.TreeLineTracker::getLineOffset (6 bytes)
Event: 60.905 Thread 0x00000237f047a4e0 nmethod 15510 0x00000237d1b8b990 code [0x00000237d1b8bb20, 0x00000237d1b8bc68]
Event: 60.929 Thread 0x00000237f04060b0 nmethod 15493% 0x00000237d87be290 code [0x00000237d87be580, 0x00000237d87c0258]
Event: 60.929 Thread 0x00000237f04060b0 15494       4       org.eclipse.jdt.internal.compiler.lookup.TypeSystem::getArrayType (256 bytes)
Event: 60.968 Thread 0x00000237f04060b0 nmethod 15494 0x00000237d87bc110 code [0x00000237d87bc320, 0x00000237d87bd968]
Event: 60.968 Thread 0x00000237f04060b0 15504   !   4       lombok.permit.Permit::invoke (40 bytes)
Event: 61.001 Thread 0x00000237f04060b0 nmethod 15504 0x00000237d87b9210 code [0x00000237d87b9620, 0x00000237d87baba0]

GC Heap History (20 events):
Event: 31.008 GC heap before
{Heap before GC invocations=41 (full 0):
 garbage-first heap   total 561152K, used 416542K [0x0000000701800000, 0x0000000800000000)
  region size 2048K, 92 young (188416K), 9 survivors (18432K)
 Metaspace       used 67551K, committed 69120K, reserved 1114112K
  class space    used 6677K, committed 7360K, reserved 1048576K
}
Event: 31.031 GC heap after
{Heap after GC invocations=42 (full 0):
 garbage-first heap   total 561152K, used 282624K [0x0000000701800000, 0x0000000800000000)
  region size 2048K, 12 young (24576K), 12 survivors (24576K)
 Metaspace       used 67551K, committed 69120K, reserved 1114112K
  class space    used 6677K, committed 7360K, reserved 1048576K
}
Event: 31.747 GC heap before
{Heap before GC invocations=42 (full 0):
 garbage-first heap   total 561152K, used 430080K [0x0000000701800000, 0x0000000800000000)
  region size 2048K, 84 young (172032K), 12 survivors (24576K)
 Metaspace       used 67566K, committed 69120K, reserved 1114112K
  class space    used 6677K, committed 7360K, reserved 1048576K
}
Event: 31.769 GC heap after
{Heap after GC invocations=43 (full 0):
 garbage-first heap   total 561152K, used 314037K [0x0000000701800000, 0x0000000800000000)
  region size 2048K, 11 young (22528K), 11 survivors (22528K)
 Metaspace       used 67566K, committed 69120K, reserved 1114112K
  class space    used 6677K, committed 7360K, reserved 1048576K
}
Event: 32.326 GC heap before
{Heap before GC invocations=43 (full 0):
 garbage-first heap   total 561152K, used 438965K [0x0000000701800000, 0x0000000800000000)
  region size 2048K, 72 young (147456K), 11 survivors (22528K)
 Metaspace       used 67784K, committed 69248K, reserved 1114112K
  class space    used 6688K, committed 7360K, reserved 1048576K
}
Event: 32.344 GC heap after
{Heap after GC invocations=44 (full 0):
 garbage-first heap   total 561152K, used 353012K [0x0000000701800000, 0x0000000800000000)
  region size 2048K, 9 young (18432K), 9 survivors (18432K)
 Metaspace       used 67784K, committed 69248K, reserved 1114112K
  class space    used 6688K, committed 7360K, reserved 1048576K
}
Event: 34.268 GC heap before
{Heap before GC invocations=44 (full 0):
 garbage-first heap   total 561152K, used 449268K [0x0000000701800000, 0x0000000800000000)
  region size 2048K, 55 young (112640K), 9 survivors (18432K)
 Metaspace       used 69908K, committed 71424K, reserved 1114112K
  class space    used 6867K, committed 7552K, reserved 1048576K
}
Event: 34.298 GC heap after
{Heap after GC invocations=45 (full 0):
 garbage-first heap   total 673792K, used 399840K [0x0000000701800000, 0x0000000800000000)
  region size 2048K, 7 young (14336K), 7 survivors (14336K)
 Metaspace       used 69908K, committed 71424K, reserved 1114112K
  class space    used 6867K, committed 7552K, reserved 1048576K
}
Event: 38.337 GC heap before
{Heap before GC invocations=45 (full 0):
 garbage-first heap   total 673792K, used 514528K [0x0000000701800000, 0x0000000800000000)
  region size 2048K, 63 young (129024K), 7 survivors (14336K)
 Metaspace       used 69982K, committed 71488K, reserved 1114112K
  class space    used 6874K, committed 7552K, reserved 1048576K
}
Event: 38.349 GC heap after
{Heap after GC invocations=46 (full 0):
 garbage-first heap   total 673792K, used 414659K [0x0000000701800000, 0x0000000800000000)
  region size 2048K, 8 young (16384K), 8 survivors (16384K)
 Metaspace       used 69982K, committed 71488K, reserved 1114112K
  class space    used 6874K, committed 7552K, reserved 1048576K
}
Event: 41.391 GC heap before
{Heap before GC invocations=46 (full 0):
 garbage-first heap   total 673792K, used 525251K [0x0000000701800000, 0x0000000800000000)
  region size 2048K, 62 young (126976K), 8 survivors (16384K)
 Metaspace       used 70521K, committed 72064K, reserved 1114112K
  class space    used 6919K, committed 7616K, reserved 1048576K
}
Event: 41.399 GC heap after
{Heap after GC invocations=47 (full 0):
 garbage-first heap   total 673792K, used 418462K [0x0000000701800000, 0x0000000800000000)
  region size 2048K, 3 young (6144K), 3 survivors (6144K)
 Metaspace       used 70521K, committed 72064K, reserved 1114112K
  class space    used 6919K, committed 7616K, reserved 1048576K
}
Event: 48.246 GC heap before
{Heap before GC invocations=47 (full 0):
 garbage-first heap   total 673792K, used 535198K [0x0000000701800000, 0x0000000800000000)
  region size 2048K, 60 young (122880K), 3 survivors (6144K)
 Metaspace       used 70572K, committed 72064K, reserved 1114112K
  class space    used 6927K, committed 7616K, reserved 1048576K
}
Event: 48.252 GC heap after
{Heap after GC invocations=48 (full 0):
 garbage-first heap   total 673792K, used 417548K [0x0000000701800000, 0x0000000800000000)
  region size 2048K, 2 young (4096K), 2 survivors (4096K)
 Metaspace       used 70572K, committed 72064K, reserved 1114112K
  class space    used 6927K, committed 7616K, reserved 1048576K
}
Event: 49.555 GC heap before
{Heap before GC invocations=48 (full 0):
 garbage-first heap   total 673792K, used 544524K [0x0000000701800000, 0x0000000800000000)
  region size 2048K, 64 young (131072K), 2 survivors (4096K)
 Metaspace       used 70577K, committed 72064K, reserved 1114112K
  class space    used 6927K, committed 7616K, reserved 1048576K
}
Event: 49.560 GC heap after
{Heap after GC invocations=49 (full 0):
 garbage-first heap   total 673792K, used 422696K [0x0000000701800000, 0x0000000800000000)
  region size 2048K, 5 young (10240K), 5 survivors (10240K)
 Metaspace       used 70577K, committed 72064K, reserved 1114112K
  class space    used 6927K, committed 7616K, reserved 1048576K
}
Event: 50.781 GC heap before
{Heap before GC invocations=49 (full 0):
 garbage-first heap   total 673792K, used 549672K [0x0000000701800000, 0x0000000800000000)
  region size 2048K, 67 young (137216K), 5 survivors (10240K)
 Metaspace       used 70818K, committed 72256K, reserved 1114112K
  class space    used 6946K, committed 7616K, reserved 1048576K
}
Event: 50.785 GC heap after
{Heap after GC invocations=50 (full 0):
 garbage-first heap   total 673792K, used 420134K [0x0000000701800000, 0x0000000800000000)
  region size 2048K, 4 young (8192K), 4 survivors (8192K)
 Metaspace       used 70818K, committed 72256K, reserved 1114112K
  class space    used 6946K, committed 7616K, reserved 1048576K
}
Event: 55.009 GC heap before
{Heap before GC invocations=50 (full 0):
 garbage-first heap   total 673792K, used 555302K [0x0000000701800000, 0x0000000800000000)
  region size 2048K, 70 young (143360K), 4 survivors (8192K)
 Metaspace       used 71511K, committed 73024K, reserved 1114112K
  class space    used 7045K, committed 7744K, reserved 1048576K
}
Event: 55.014 GC heap after
{Heap after GC invocations=51 (full 0):
 garbage-first heap   total 673792K, used 424639K [0x0000000701800000, 0x0000000800000000)
  region size 2048K, 6 young (12288K), 6 survivors (12288K)
 Metaspace       used 71511K, committed 73024K, reserved 1114112K
  class space    used 7045K, committed 7744K, reserved 1048576K
}

Deoptimization events (20 events):
Event: 58.198 Thread 0x00000237f136b640 Uncommon trap: trap_request=0xffffffc6 fr.pc=0x00000237d806ed14 relative=0x00000000000001f4
Event: 58.198 Thread 0x00000237f136b640 Uncommon trap: reason=bimorphic_or_optimized_type_check action=maybe_recompile pc=0x00000237d806ed14 method=java.util.Collections.eq(Ljava/lang/Object;Ljava/lang/Object;)Z @ 18 c2
Event: 58.198 Thread 0x00000237f136b640 DEOPT PACKING pc=0x00000237d806ed14 sp=0x000000f8bdcfe570
Event: 58.198 Thread 0x00000237f136b640 DEOPT UNPACKING pc=0x00000237d04823a3 sp=0x000000f8bdcfe4a0 mode 2
Event: 59.295 Thread 0x00000237f136dcc0 Uncommon trap: trap_request=0xffffffbe fr.pc=0x00000237d860ff88 relative=0x00000000000002e8
Event: 59.295 Thread 0x00000237f136dcc0 Uncommon trap: reason=profile_predicate action=maybe_recompile pc=0x00000237d860ff88 method=sun.security.provider.HashDrbg.addBytes([BI[[B)V @ 36 c2
Event: 59.295 Thread 0x00000237f136dcc0 DEOPT PACKING pc=0x00000237d860ff88 sp=0x000000f8bdbfeba0
Event: 59.295 Thread 0x00000237f136dcc0 DEOPT UNPACKING pc=0x00000237d04823a3 sp=0x000000f8bdbfeaf0 mode 2
Event: 59.375 Thread 0x00000237f136dcc0 Uncommon trap: trap_request=0xffffffbe fr.pc=0x00000237d860ff88 relative=0x00000000000002e8
Event: 59.375 Thread 0x00000237f136dcc0 Uncommon trap: reason=profile_predicate action=maybe_recompile pc=0x00000237d860ff88 method=sun.security.provider.HashDrbg.addBytes([BI[[B)V @ 36 c2
Event: 59.375 Thread 0x00000237f136dcc0 DEOPT PACKING pc=0x00000237d860ff88 sp=0x000000f8bdbfeff0
Event: 59.375 Thread 0x00000237f136dcc0 DEOPT UNPACKING pc=0x00000237d04823a3 sp=0x000000f8bdbfef40 mode 2
Event: 59.656 Thread 0x00000237f24a5790 Uncommon trap: trap_request=0xffffffbe fr.pc=0x00000237d860ff88 relative=0x00000000000002e8
Event: 59.656 Thread 0x00000237f24a5790 Uncommon trap: reason=profile_predicate action=maybe_recompile pc=0x00000237d860ff88 method=sun.security.provider.HashDrbg.addBytes([BI[[B)V @ 36 c2
Event: 59.656 Thread 0x00000237f24a5790 DEOPT PACKING pc=0x00000237d860ff88 sp=0x000000f8c12fe6f0
Event: 59.656 Thread 0x00000237f24a5790 DEOPT UNPACKING pc=0x00000237d04823a3 sp=0x000000f8c12fe640 mode 2
Event: 59.662 Thread 0x00000237f24a5790 Uncommon trap: trap_request=0xffffffbe fr.pc=0x00000237d860ff88 relative=0x00000000000002e8
Event: 59.662 Thread 0x00000237f24a5790 Uncommon trap: reason=profile_predicate action=maybe_recompile pc=0x00000237d860ff88 method=sun.security.provider.HashDrbg.addBytes([BI[[B)V @ 36 c2
Event: 59.662 Thread 0x00000237f24a5790 DEOPT PACKING pc=0x00000237d860ff88 sp=0x000000f8c12fe310
Event: 59.662 Thread 0x00000237f24a5790 DEOPT UNPACKING pc=0x00000237d04823a3 sp=0x000000f8c12fe260 mode 2

Classes loaded (20 events):
Event: 49.875 Loading class java/util/stream/Nodes$IntSpinedNodeBuilder
Event: 49.875 Loading class java/util/stream/SpinedBuffer$OfInt
Event: 49.876 Loading class java/util/stream/SpinedBuffer$OfPrimitive
Event: 49.876 Loading class java/util/stream/SpinedBuffer$OfPrimitive done
Event: 49.876 Loading class java/util/stream/SpinedBuffer$OfInt done
Event: 49.878 Loading class java/util/stream/Nodes$IntSpinedNodeBuilder done
Event: 55.099 Loading class java/util/stream/IntPipeline$1
Event: 55.100 Loading class java/util/stream/IntPipeline$1 done
Event: 55.100 Loading class java/util/stream/IntPipeline$1$1
Event: 55.100 Loading class java/util/stream/IntPipeline$1$1 done
Event: 56.465 Loading class org/xml/sax/SAXNotRecognizedException
Event: 56.465 Loading class org/xml/sax/SAXNotRecognizedException done
Event: 56.465 Loading class org/xml/sax/SAXNotSupportedException
Event: 56.465 Loading class org/xml/sax/SAXNotSupportedException done
Event: 56.466 Loading class com/sun/org/apache/xerces/internal/util/URI
Event: 56.467 Loading class com/sun/org/apache/xerces/internal/util/URI done
Event: 56.468 Loading class com/sun/org/apache/xerces/internal/xni/XNIException
Event: 56.468 Loading class com/sun/org/apache/xerces/internal/xni/XNIException done
Event: 56.470 Loading class com/sun/org/apache/xerces/internal/xni/parser/XMLParseException
Event: 56.470 Loading class com/sun/org/apache/xerces/internal/xni/parser/XMLParseException done

Classes unloaded (9 events):
Event: 7.140 Thread 0x00000237e007fa20 Unloading class 0x0000000800db4800 'java/lang/invoke/LambdaForm$MH+0x0000000800db4800'
Event: 7.140 Thread 0x00000237e007fa20 Unloading class 0x0000000800db4400 'java/lang/invoke/LambdaForm$MH+0x0000000800db4400'
Event: 7.140 Thread 0x00000237e007fa20 Unloading class 0x0000000800db4000 'java/lang/invoke/LambdaForm$MH+0x0000000800db4000'
Event: 7.140 Thread 0x00000237e007fa20 Unloading class 0x0000000800db3c00 'java/lang/invoke/LambdaForm$MH+0x0000000800db3c00'
Event: 7.140 Thread 0x00000237e007fa20 Unloading class 0x0000000800db3800 'java/lang/invoke/LambdaForm$BMH+0x0000000800db3800'
Event: 7.140 Thread 0x00000237e007fa20 Unloading class 0x0000000800db3400 'java/lang/invoke/LambdaForm$DMH+0x0000000800db3400'
Event: 7.140 Thread 0x00000237e007fa20 Unloading class 0x0000000800db2000 'java/lang/invoke/LambdaForm$DMH+0x0000000800db2000'
Event: 18.165 Thread 0x00000237e007fa20 Unloading class 0x0000000801254c00 'java/lang/invoke/LambdaForm$MH+0x0000000801254c00'
Event: 18.165 Thread 0x00000237e007fa20 Unloading class 0x0000000801254400 'java/lang/invoke/LambdaForm$DMH+0x0000000801254400'

Classes redefined (0 events):
No events

Internal exceptions (20 events):
Event: 53.439 Thread 0x00000237f136c980 Implicit null exception at 0x00000237d88509ad to 0x00000237d8852e90
Event: 53.506 Thread 0x00000237f136c980 Implicit null exception at 0x00000237d88a7b7a to 0x00000237d88a8404
Event: 54.696 Thread 0x00000237f136b640 Exception <a 'java/lang/ArrayIndexOutOfBoundsException'{0x00000007215b3808}> (0x00000007215b3808) 
thrown [s\open\src\hotspot\share\runtime\sharedRuntime.cpp, line 625]
Event: 54.730 Thread 0x00000237f136b640 Exception <a 'java/lang/ArrayIndexOutOfBoundsException'{0x0000000720ad2ba8}> (0x0000000720ad2ba8) 
thrown [s\open\src\hotspot\share\runtime\sharedRuntime.cpp, line 625]
Event: 54.944 Thread 0x00000237f136d7f0 Exception <a 'java/lang/IncompatibleClassChangeError'{0x0000000720790c60}: Found class java.lang.Object, but interface was expected> (0x0000000720790c60) 
thrown [s\open\src\hotspot\share\interpreter\linkResolver.cpp, line 826]
Event: 55.018 Thread 0x00000237f136d7f0 Exception <a 'java/lang/ArrayIndexOutOfBoundsException'{0x0000000728a09b10}: Index 1637 out of bounds for length 1637> (0x0000000728a09b10) 
thrown [s\open\src\hotspot\share\interpreter\interpreterRuntime.cpp, line 431]
Event: 55.020 Thread 0x00000237f136d7f0 Exception <a 'java/lang/ArrayIndexOutOfBoundsException'{0x0000000728a0c2f0}: Index 1637 out of bounds for length 1637> (0x0000000728a0c2f0) 
thrown [s\open\src\hotspot\share\interpreter\interpreterRuntime.cpp, line 431]
Event: 55.020 Thread 0x00000237f136d7f0 Exception <a 'java/lang/ArrayIndexOutOfBoundsException'{0x0000000728a0ce30}: Index 1637 out of bounds for length 1637> (0x0000000728a0ce30) 
thrown [s\open\src\hotspot\share\interpreter\interpreterRuntime.cpp, line 431]
Event: 55.020 Thread 0x00000237f136d7f0 Exception <a 'java/lang/ArrayIndexOutOfBoundsException'{0x0000000728a0d460}: Index 1637 out of bounds for length 1637> (0x0000000728a0d460) 
thrown [s\open\src\hotspot\share\interpreter\interpreterRuntime.cpp, line 431]
Event: 55.020 Thread 0x00000237f136d7f0 Exception <a 'java/lang/ArrayIndexOutOfBoundsException'{0x0000000728a0d780}: Index 1638 out of bounds for length 1637> (0x0000000728a0d780) 
thrown [s\open\src\hotspot\share\interpreter\interpreterRuntime.cpp, line 431]
Event: 55.043 Thread 0x00000237f136d7f0 Exception <a 'java/lang/ArrayIndexOutOfBoundsException'{0x00000007289057b8}: Index 1637 out of bounds for length 1637> (0x00000007289057b8) 
thrown [s\open\src\hotspot\share\interpreter\interpreterRuntime.cpp, line 431]
Event: 55.044 Thread 0x00000237f136d7f0 Exception <a 'java/lang/ArrayIndexOutOfBoundsException'{0x00000007289060a0}: Index 1637 out of bounds for length 1637> (0x00000007289060a0) 
thrown [s\open\src\hotspot\share\interpreter\interpreterRuntime.cpp, line 431]
Event: 55.044 Thread 0x00000237f136d7f0 Exception <a 'java/lang/ArrayIndexOutOfBoundsException'{0x0000000728906be0}: Index 1637 out of bounds for length 1637> (0x0000000728906be0) 
thrown [s\open\src\hotspot\share\interpreter\interpreterRuntime.cpp, line 431]
Event: 55.044 Thread 0x00000237f136d7f0 Exception <a 'java/lang/ArrayIndexOutOfBoundsException'{0x00000007289071a8}: Index 1637 out of bounds for length 1637> (0x00000007289071a8) 
thrown [s\open\src\hotspot\share\interpreter\interpreterRuntime.cpp, line 431]
Event: 55.044 Thread 0x00000237f136d7f0 Exception <a 'java/lang/ArrayIndexOutOfBoundsException'{0x00000007289074c8}: Index 1638 out of bounds for length 1637> (0x00000007289074c8) 
thrown [s\open\src\hotspot\share\interpreter\interpreterRuntime.cpp, line 431]
Event: 55.046 Thread 0x00000237f1de3c60 Exception <a 'java/lang/ArrayIndexOutOfBoundsException'{0x0000000728939d20}: Index 1637 out of bounds for length 1637> (0x0000000728939d20) 
thrown [s\open\src\hotspot\share\interpreter\interpreterRuntime.cpp, line 431]
Event: 55.055 Thread 0x00000237f136d7f0 Exception <a 'java/lang/ArrayIndexOutOfBoundsException'{0x0000000728695b28}: Index 1637 out of bounds for length 1637> (0x0000000728695b28) 
thrown [s\open\src\hotspot\share\interpreter\interpreterRuntime.cpp, line 431]
Event: 56.207 Thread 0x00000237f136d7f0 Exception <a 'java/lang/IncompatibleClassChangeError'{0x0000000727510388}: Found class java.lang.Object, but interface was expected> (0x0000000727510388) 
thrown [s\open\src\hotspot\share\interpreter\linkResolver.cpp, line 826]
Event: 56.207 Thread 0x00000237f136d7f0 Exception <a 'java/lang/IncompatibleClassChangeError'{0x0000000727513f90}: Found class java.lang.Object, but interface was expected> (0x0000000727513f90) 
thrown [s\open\src\hotspot\share\interpreter\linkResolver.cpp, line 826]
Event: 58.006 Thread 0x00000237f136b640 Exception <a 'java/lang/NoSuchMethodError'{0x0000000725d6bb00}: 'int java.lang.invoke.DirectMethodHandle$Holder.invokeStatic(java.lang.Object, java.lang.Object, java.lang.Object, java.lang.Object, java.lang.Object, java.lang.Object)'> (0x0000000725d6bb00) 
thrown [s\open\src\hotspot\share\interpreter\linkResolver.cpp, line 759]

VM Operations (20 events):
Event: 55.001 Executing VM operation: HandshakeAllThreads
Event: 55.001 Executing VM operation: HandshakeAllThreads done
Event: 55.006 Executing VM operation: HandshakeAllThreads
Event: 55.007 Executing VM operation: HandshakeAllThreads done
Event: 55.009 Executing VM operation: G1CollectForAllocation
Event: 55.014 Executing VM operation: G1CollectForAllocation done
Event: 55.746 Executing VM operation: ICBufferFull
Event: 55.746 Executing VM operation: ICBufferFull done
Event: 56.470 Executing VM operation: HandshakeAllThreads
Event: 56.470 Executing VM operation: HandshakeAllThreads done
Event: 56.787 Executing VM operation: HandshakeAllThreads
Event: 56.787 Executing VM operation: HandshakeAllThreads done
Event: 56.787 Executing VM operation: Cleanup
Event: 56.787 Executing VM operation: Cleanup done
Event: 58.787 Executing VM operation: Cleanup
Event: 58.788 Executing VM operation: Cleanup done
Event: 59.788 Executing VM operation: Cleanup
Event: 59.789 Executing VM operation: Cleanup done
Event: 60.797 Executing VM operation: Cleanup
Event: 60.797 Executing VM operation: Cleanup done

Events (20 events):
Event: 55.039 Thread 0x00000237f047edd0 flushing nmethod 0x00000237d249d910
Event: 55.039 Thread 0x00000237f047edd0 flushing nmethod 0x00000237d249e510
Event: 55.039 Thread 0x00000237f047edd0 flushing nmethod 0x00000237d24ccc90
Event: 55.606 Thread 0x00000237f4090200 Thread exited: 0x00000237f4090200
Event: 55.695 Thread 0x00000237f408f2d0 Thread exited: 0x00000237f408f2d0
Event: 55.735 Thread 0x00000237f4091130 Thread added: 0x00000237f4091130
Event: 56.180 Thread 0x00000237f4091130 Thread exited: 0x00000237f4091130
Event: 56.902 Thread 0x00000237f40934a0 Thread added: 0x00000237f40934a0
Event: 56.941 Thread 0x00000237f4091640 Thread added: 0x00000237f4091640
Event: 57.176 Thread 0x00000237f4091640 Thread exited: 0x00000237f4091640
Event: 57.181 Thread 0x00000237f40934a0 Thread exited: 0x00000237f40934a0
Event: 58.434 Thread 0x00000237f40948e0 Thread added: 0x00000237f40948e0
Event: 59.310 Thread 0x00000237f40948e0 Thread exited: 0x00000237f40948e0
Event: 59.360 Thread 0x00000237f40939b0 Thread added: 0x00000237f40939b0
Event: 59.360 Thread 0x00000237f4090200 Thread added: 0x00000237f4090200
Event: 59.660 Thread 0x00000237f4090200 Thread exited: 0x00000237f4090200
Event: 59.660 Thread 0x00000237f40939b0 Thread exited: 0x00000237f40939b0
Event: 60.059 Thread 0x00000237f408fcf0 Thread added: 0x00000237f408fcf0
Event: 60.771 Thread 0x00000237f408fcf0 Thread exited: 0x00000237f408fcf0
Event: 60.864 Thread 0x00000237f4092570 Thread added: 0x00000237f4092570


Dynamic libraries:
0x00007ff6e3190000 - 0x00007ff6e31a0000 	C:\Program Files\Java\jdk-18.0.2.1\bin\java.exe
0x00007ffc06f00000 - 0x00007ffc07109000 	C:\WINDOWS\SYSTEM32\ntdll.dll
0x00007ffc05d90000 - 0x00007ffc05e4d000 	C:\WINDOWS\System32\KERNEL32.DLL
0x00007ffc046c0000 - 0x00007ffc04a44000 	C:\WINDOWS\System32\KERNELBASE.dll
0x00007ffc04ad0000 - 0x00007ffc04be1000 	C:\WINDOWS\System32\ucrtbase.dll
0x00007ffbe1710000 - 0x00007ffbe1728000 	C:\Program Files\Java\jdk-18.0.2.1\bin\jli.dll
0x00007ffc05ae0000 - 0x00007ffc05b8e000 	C:\WINDOWS\System32\ADVAPI32.dll
0x00007ffc05120000 - 0x00007ffc051c3000 	C:\WINDOWS\System32\msvcrt.dll
0x00007ffc05f50000 - 0x00007ffc05fee000 	C:\WINDOWS\System32\sechost.dll
0x00007ffc06010000 - 0x00007ffc06131000 	C:\WINDOWS\System32\RPCRT4.dll
0x00007ffc05b90000 - 0x00007ffc05d3d000 	C:\WINDOWS\System32\USER32.dll
0x00007ffc04d20000 - 0x00007ffc04d46000 	C:\WINDOWS\System32\win32u.dll
0x00007ffc05d40000 - 0x00007ffc05d6a000 	C:\WINDOWS\System32\GDI32.dll
0x00007ffc045a0000 - 0x00007ffc046be000 	C:\WINDOWS\System32\gdi32full.dll
0x00007ffbdff60000 - 0x00007ffbdff7a000 	C:\Program Files\Java\jdk-18.0.2.1\bin\VCRUNTIME140.dll
0x00007ffc04500000 - 0x00007ffc0459d000 	C:\WINDOWS\System32\msvcp_win.dll
0x00007ffbf5f70000 - 0x00007ffbf6215000 	C:\WINDOWS\WinSxS\amd64_microsoft.windows.common-controls_6595b64144ccf1df_6.0.22000.120_none_9d947278b86cc467\COMCTL32.dll
0x00007ffc03d40000 - 0x00007ffc03d4a000 	C:\WINDOWS\SYSTEM32\VERSION.dll
0x00007ffc06e80000 - 0x00007ffc06eb1000 	C:\WINDOWS\System32\IMM32.DLL
0x00007ffc03d50000 - 0x00007ffc03e47000 	C:\Windows\system32\guard64.dll
0x00007ffc069f0000 - 0x00007ffc06b8a000 	C:\WINDOWS\System32\ole32.dll
0x00007ffc05760000 - 0x00007ffc05ad6000 	C:\WINDOWS\System32\combase.dll
0x00007ffc03d30000 - 0x00007ffc03d3b000 	C:\WINDOWS\system32\fltlib.dll
0x00007ffc061c0000 - 0x00007ffc06985000 	C:\WINDOWS\System32\shell32.dll
0x00007ffbe95a0000 - 0x00007ffbe95ac000 	C:\Program Files\Java\jdk-18.0.2.1\bin\vcruntime140_1.dll
0x00007ffbbe000000 - 0x00007ffbbe08d000 	C:\Program Files\Java\jdk-18.0.2.1\bin\msvcp140.dll
0x00007ffbbd3e0000 - 0x00007ffbbdff1000 	C:\Program Files\Java\jdk-18.0.2.1\bin\server\jvm.dll
0x00007ffc05f40000 - 0x00007ffc05f48000 	C:\WINDOWS\System32\PSAPI.DLL
0x00007ffbe78f0000 - 0x00007ffbe78f9000 	C:\WINDOWS\SYSTEM32\WSOCK32.dll
0x00007ffc05020000 - 0x00007ffc0508f000 	C:\WINDOWS\System32\WS2_32.dll
0x00007ffbfb9f0000 - 0x00007ffbfba23000 	C:\WINDOWS\SYSTEM32\WINMM.dll
0x00007ffc03240000 - 0x00007ffc03258000 	C:\WINDOWS\SYSTEM32\kernel.appcore.dll
0x00007ffbe1580000 - 0x00007ffbe158a000 	C:\Program Files\Java\jdk-18.0.2.1\bin\jimage.dll
0x00007ffc01f40000 - 0x00007ffc02161000 	C:\WINDOWS\SYSTEM32\DBGHELP.DLL
0x00007ffbe8c40000 - 0x00007ffbe8c71000 	C:\WINDOWS\SYSTEM32\dbgcore.DLL
0x00007ffc04a50000 - 0x00007ffc04acf000 	C:\WINDOWS\System32\bcryptPrimitives.dll
0x00007ffbe09e0000 - 0x00007ffbe09ee000 	C:\Program Files\Java\jdk-18.0.2.1\bin\instrument.dll
0x00007ffbd9100000 - 0x00007ffbd9125000 	C:\Program Files\Java\jdk-18.0.2.1\bin\java.dll
0x00007ffbbd300000 - 0x00007ffbbd3d6000 	C:\Program Files\Java\jdk-18.0.2.1\bin\jsvml.dll
0x00007ffc02300000 - 0x00007ffc02b62000 	C:\WINDOWS\SYSTEM32\windows.storage.dll
0x00007ffc02190000 - 0x00007ffc022f7000 	C:\WINDOWS\SYSTEM32\wintypes.dll
0x00007ffc04e40000 - 0x00007ffc04f2a000 	C:\WINDOWS\System32\SHCORE.dll
0x00007ffc06990000 - 0x00007ffc069ed000 	C:\WINDOWS\System32\shlwapi.dll
0x00007ffc042c0000 - 0x00007ffc042e5000 	C:\WINDOWS\SYSTEM32\profapi.dll
0x00007ffbd9060000 - 0x00007ffbd9078000 	C:\Program Files\Java\jdk-18.0.2.1\bin\zip.dll
0x00007ffbd9040000 - 0x00007ffbd9053000 	C:\Program Files\Java\jdk-18.0.2.1\bin\net.dll
0x00007ffbfeeb0000 - 0x00007ffbfefc4000 	C:\WINDOWS\SYSTEM32\WINHTTP.dll
0x00007ffc03740000 - 0x00007ffc037a7000 	C:\WINDOWS\system32\mswsock.dll
0x00007ffbd8270000 - 0x00007ffbd8286000 	C:\Program Files\Java\jdk-18.0.2.1\bin\nio.dll
0x00007ffbd9900000 - 0x00007ffbd9910000 	C:\Program Files\Java\jdk-18.0.2.1\bin\verify.dll
0x00007ffbe0c30000 - 0x00007ffbe0c75000 	C:\Users\hyper\AppData\Roaming\Code\User\globalStorage\redhat.java\1.38.0\config_win\org.eclipse.equinox.launcher\org.eclipse.equinox.launcher.win32.win32.x86_64_1.2.1100.v20240722-2106\eclipse_11904.dll
0x00007ffc03e60000 - 0x00007ffc03e78000 	C:\WINDOWS\SYSTEM32\CRYPTSP.dll
0x00007ffc03200000 - 0x00007ffc03235000 	C:\WINDOWS\system32\rsaenh.dll
0x00007ffc037e0000 - 0x00007ffc0380c000 	C:\WINDOWS\SYSTEM32\USERENV.dll
0x00007ffc03ea0000 - 0x00007ffc03ec7000 	C:\WINDOWS\SYSTEM32\bcrypt.dll
0x00007ffc03930000 - 0x00007ffc0393c000 	C:\WINDOWS\SYSTEM32\CRYPTBASE.dll
0x00007ffc02dc0000 - 0x00007ffc02ded000 	C:\WINDOWS\SYSTEM32\IPHLPAPI.DLL
0x00007ffc05010000 - 0x00007ffc05019000 	C:\WINDOWS\System32\NSI.dll
0x00007ffbfebf0000 - 0x00007ffbfec09000 	C:\WINDOWS\SYSTEM32\dhcpcsvc6.DLL
0x00007ffbff3f0000 - 0x00007ffbff40e000 	C:\WINDOWS\SYSTEM32\dhcpcsvc.DLL
0x00007ffc02e30000 - 0x00007ffc02f17000 	C:\WINDOWS\SYSTEM32\DNSAPI.dll
0x00007ffbf19d0000 - 0x00007ffbf1a19000 	C:\Users\hyper\AppData\Local\Temp\jna-99761772\jna9921447579698053034.dll
0x00007ffc032c0000 - 0x00007ffc032f4000 	C:\WINDOWS\SYSTEM32\ntmarta.dll

dbghelp: loaded successfully - version: 4.0.5 - missing functions: none
symbol engine: initialized successfully - sym options: 0x614 - pdb path: .;C:\Program Files\Java\jdk-18.0.2.1\bin;C:\WINDOWS\SYSTEM32;C:\WINDOWS\WinSxS\amd64_microsoft.windows.common-controls_6595b64144ccf1df_6.0.22000.120_none_9d947278b86cc467;C:\Program Files\Java\jdk-18.0.2.1\bin\server;C:\Users\hyper\AppData\Roaming\Code\User\globalStorage\redhat.java\1.38.0\config_win\org.eclipse.equinox.launcher\org.eclipse.equinox.launcher.win32.win32.x86_64_1.2.1100.v20240722-2106;C:\Users\hyper\AppData\Local\Temp\jna-99761772

VM Arguments:
jvm_args: --add-modules=ALL-SYSTEM --add-opens=java.base/java.util=ALL-UNNAMED --add-opens=java.base/java.lang=ALL-UNNAMED --add-opens=java.base/sun.nio.fs=ALL-UNNAMED -Declipse.application=org.eclipse.jdt.ls.core.id1 -Dosgi.bundles.defaultStartLevel=4 -Declipse.product=org.eclipse.jdt.ls.core.product -Djava.import.generatesMetadataFilesAtProjectRoot=false -DDetectVMInstallationsJob.disabled=true -Dfile.encoding=utf8 -Xlog:disable -javaagent:c:\Users\hyper\.vscode\extensions\redhat.java-1.38.0-win32-x64\lombok\lombok-1.18.34.jar -XX:+HeapDumpOnOutOfMemoryError -XX:HeapDumpPath=c:\Users\hyper\AppData\Roaming\Code\User\workspaceStorage\55103842018b78ebd48e089c0df41d06\redhat.java -Daether.dependencyCollector.impl=bf 
java_command: c:\Users\hyper\.vscode\extensions\redhat.java-1.38.0-win32-x64\server\plugins\org.eclipse.equinox.launcher_1.6.900.v20240613-2009.jar -configuration c:\Users\hyper\AppData\Roaming\Code\User\globalStorage\redhat.java\1.38.0\config_win -data c:\Users\hyper\AppData\Roaming\Code\User\workspaceStorage\55103842018b78ebd48e089c0df41d06\redhat.java\jdt_ws --pipe=\\.\pipe\lsp-8d0303f896cd90a6ae69a8921c88195c-sock
java_class_path (initial): c:\Users\hyper\.vscode\extensions\redhat.java-1.38.0-win32-x64\server\plugins\org.eclipse.equinox.launcher_1.6.900.v20240613-2009.jar
Launcher Type: SUN_STANDARD

[Global flags]
     intx CICompilerCount                          = 4                                         {product} {ergonomic}
     uint ConcGCThreads                            = 2                                         {product} {ergonomic}
     uint G1ConcRefinementThreads                  = 8                                         {product} {ergonomic}
   size_t G1HeapRegionSize                         = 2097152                                   {product} {ergonomic}
    uintx GCDrainStackTargetSize                   = 64                                        {product} {ergonomic}
     bool HeapDumpOnOutOfMemoryError               = true                                   {manageable} {command line}
    ccstr HeapDumpPath                             = c:\Users\hyper\AppData\Roaming\Code\User\workspaceStorage\55103842018b78ebd48e089c0df41d06\redhat.java         {manageable} {command line}
   size_t InitialHeapSize                          = 268435456                                 {product} {ergonomic}
   size_t MarkStackSize                            = 4194304                                   {product} {ergonomic}
   size_t MaxHeapSize                              = 4269801472                                {product} {ergonomic}
   size_t MaxNewSize                               = 2560622592                                {product} {ergonomic}
   size_t MinHeapDeltaBytes                        = 2097152                                   {product} {ergonomic}
   size_t MinHeapSize                              = 8388608                                   {product} {ergonomic}
    uintx NonNMethodCodeHeapSize                   = 5839372                                {pd product} {ergonomic}
    uintx NonProfiledCodeHeapSize                  = 122909434                              {pd product} {ergonomic}
    uintx ProfiledCodeHeapSize                     = 122909434                              {pd product} {ergonomic}
    uintx ReservedCodeCacheSize                    = 251658240                              {pd product} {ergonomic}
     bool SegmentedCodeCache                       = true                                      {product} {ergonomic}
   size_t SoftMaxHeapSize                          = 4269801472                             {manageable} {ergonomic}
     bool UseCompressedClassPointers               = true                           {product lp64_product} {ergonomic}
     bool UseCompressedOops                        = true                           {product lp64_product} {ergonomic}
     bool UseG1GC                                  = true                                      {product} {ergonomic}
     bool UseLargePagesIndividualAllocation        = false                                  {pd product} {ergonomic}

Logging:
Log output configuration:
 #0: stdout all=off uptime,level,tags foldmultilines=false
 #1: stderr all=off uptime,level,tags foldmultilines=false

Environment Variables:
JAVA_HOME=C:\Program Files\Java\jdk-18.0.2.1
PATH=C:\Program Files\Common Files\Oracle\Java\javapath;C:\WINDOWS\system32;C:\WINDOWS;C:\WINDOWS\System32\Wbem;C:\WINDOWS\System32\WindowsPowerShell\v1.0\;C:\WINDOWS\System32\OpenSSH\;C:\Program Files (x86)\NVIDIA Corporation\PhysX\Common;C:\Program Files\NVIDIA Corporation\NVIDIA NvDLISR;J:\.important\Documents\apache-maven-3.8.6\bin;C:\Program Files\Microsoft SQL Server\Client SDK\ODBC\170\Tools\Binn\;C:\Program Files (x86)\Microsoft SQL Server\150\Tools\Binn\;C:\Program Files\Microsoft SQL Server\150\Tools\Binn\;C:\Program Files\Microsoft SQL Server\150\DTS\Binn\;C:\Program Files (x86)\Microsoft SQL Server\160\DTS\Binn\;C:\Users\hyper\Downloads\curl-8.10.1_2-win64-mingw\curl-8.10.1_2-win64-mingw\bin;C:\C:\Program Files\Java\jdk-18.0.2.1\bin;C:\Program Files\OpenSSL-Win64\bin;C:\Program Files\dotnet\;C:\Program Files\Git\cmd;H:\;C:\Program Files (x86)\Microsoft SQL Server\160\Tools\Binn\;C:\Program Files\Microsoft SQL Server\160\Tools\Binn\;C:\Program Files\Microsoft SQL Server\160\DTS\Binn\;J:\Docker\resources\bin;C:\Users\hyper\AppData\Local\Microsoft\WindowsApps;C:\Users\hyper\AppData\Local\Programs\Microsoft VS Code\bin;C:\Program Files\Java\jdk-18.0.2.1\bin;C:\Users\hyper\AppData\Roaming\npm
USERNAME=hyper
OS=Windows_NT
PROCESSOR_IDENTIFIER=Intel64 Family 6 Model 60 Stepping 3, GenuineIntel



---------------  S Y S T E M  ---------------

OS:
 Windows 11 , 64 bit Build 22000 (10.0.22000.2538)
OS uptime: 1 days 11:21 hours
Hyper-V role detected

CPU: total 8 (initial active 8) (4 cores per cpu, 2 threads per core) family 6 model 60 stepping 3 microcode 0x28, cx8, cmov, fxsr, ht, mmx, sse, sse2, sse3, ssse3, sse4.1, sse4.2, popcnt, lzcnt, tsc, tscinvbit, avx, avx2, aes, erms, clmul, bmi1, bmi2, fma, vzeroupper, clflush, hv

Memory: 4k page, system-wide physical 16283M (1845M free)
TotalPageFile size 36283M (AvailPageFile size 0M)
current process WorkingSet (physical memory assigned to process): 1013M, peak: 1020M
current process commit charge ("private bytes"): 952M, peak: 968M

vm_info: Java HotSpot(TM) 64-Bit Server VM (18.0.2.1+1-1) for windows-amd64 JRE (18.0.2.1+1-1), built on Aug 16 2022 01:46:33 by "mach5one" with MS VC++ 16.8 / 16.9 (VS2019)

END.
