#
# There is insufficient memory for the Java Runtime Environment to continue.
# Native memory allocation (mmap) failed to map 497025024 bytes for G1 virtual space
# Possible reasons:
#   The system is out of physical RAM or swap space
#   The process is running with CompressedOops enabled, and the Java Heap may be blocking the growth of the native heap
# Possible solutions:
#   Reduce memory load on the system
#   Increase physical memory or swap space
#   Check if swap backing store is full
#   Decrease Java heap size (-Xmx/-Xms)
#   Decrease number of Java threads
#   Decrease Java thread stack sizes (-Xss)
#   Set larger code cache with -XX:ReservedCodeCacheSize=
#   JVM is running with Zero Based Compressed Oops mode in which the Java heap is
#     placed in the first 32GB address space. The Java Heap base address is the
#     maximum limit for the native heap growth. Please use -XX:HeapBaseMinAddress
#     to set the Java Heap base and to place the Java Heap above 32GB virtual address.
# This output file may be truncated or incomplete.
#
#  Out of Memory Error (os_windows.cpp:3530), pid=129320, tid=126156
#
# JRE version: Java(TM) SE Runtime Environment (18.0.2.1+1) (build 18.0.2.1+1-1)
# Java VM: Java HotSpot(TM) 64-Bit Server VM (18.0.2.1+1-1, mixed mode, sharing, tiered, compressed oops, compressed class ptrs, g1 gc, windows-amd64)
# No core dump will be written. Minidumps are not enabled by default on client versions of Windows
#

---------------  S U M M A R Y ------------

Command Line: --add-modules=ALL-SYSTEM --add-opens=java.base/java.util=ALL-UNNAMED --add-opens=java.base/java.lang=ALL-UNNAMED --add-opens=java.base/sun.nio.fs=ALL-UNNAMED -Declipse.application=org.eclipse.jdt.ls.core.id1 -Dosgi.bundles.defaultStartLevel=4 -Declipse.product=org.eclipse.jdt.ls.core.product -Djava.import.generatesMetadataFilesAtProjectRoot=false -DDetectVMInstallationsJob.disabled=true -Dfile.encoding=utf8 -Xlog:disable -javaagent:c:\Users\hyper\.vscode\extensions\redhat.java-1.38.0-win32-x64\lombok\lombok-1.18.34.jar -XX:+HeapDumpOnOutOfMemoryError -XX:HeapDumpPath=c:\Users\hyper\AppData\Roaming\Code\User\workspaceStorage\55103842018b78ebd48e089c0df41d06\redhat.java -Daether.dependencyCollector.impl=bf c:\Users\hyper\.vscode\extensions\redhat.java-1.38.0-win32-x64\server\plugins\org.eclipse.equinox.launcher_1.6.900.v20240613-2009.jar -configuration c:\Users\hyper\AppData\Roaming\Code\User\globalStorage\redhat.java\1.38.0\config_win -data c:\Users\hyper\AppData\Roaming\Code\User\workspaceStorage\55103842018b78ebd48e089c0df41d06\redhat.java\jdt_ws --pipe=\\.\pipe\lsp-8d4eed9710acfdba815c5f1d8604f1fa-sock

Host: Intel(R) Core(TM) i7-4770K CPU @ 3.50GHz, 8 cores, 15G,  Windows 11 , 64 bit Build 22000 (10.0.22000.2538)
Time: Tue Mar 11 03:36:39 2025 Volgograd Standard Time elapsed time: 31.166933 seconds (0d 0h 0m 31s)

---------------  T H R E A D  ---------------

Current thread (0x0000019036123640):  VMThread "VM Thread" [stack: 0x000000811b000000,0x000000811b100000] [id=126156]

Stack: [0x000000811b000000,0x000000811b100000]
Native frames: (J=compiled Java code, j=interpreted, Vv=VM code, C=native code)
V  [jvm.dll+0x6993aa]
V  [jvm.dll+0x7f46dd]
V  [jvm.dll+0x7f5fee]
V  [jvm.dll+0x7f66a3]
V  [jvm.dll+0x25cf1f]
V  [jvm.dll+0x6962f9]
V  [jvm.dll+0x68ae2a]
V  [jvm.dll+0x32255b]
V  [jvm.dll+0x329f36]
V  [jvm.dll+0x37eade]
V  [jvm.dll+0x37ed0f]
V  [jvm.dll+0x2fa2da]
V  [jvm.dll+0x2fa387]
V  [jvm.dll+0x33e8c2]
V  [jvm.dll+0x33ce64]
V  [jvm.dll+0x2f9ab0]
V  [jvm.dll+0x33c43b]
V  [jvm.dll+0x7fb48b]
V  [jvm.dll+0x7fc224]
V  [jvm.dll+0x7fc75c]
V  [jvm.dll+0x7fcbb4]
V  [jvm.dll+0x7fcc77]
V  [jvm.dll+0x7a120a]
V  [jvm.dll+0x698255]
C  [ucrtbase.dll+0x26c0c]
C  [KERNEL32.DLL+0x153e0]
C  [ntdll.dll+0x485b]

VM_Operation (0x000000811d2fe6b0): G1CollectForAllocation, mode: safepoint, requested by thread 0x00000190478f0730


---------------  P R O C E S S  ---------------

Threads class SMR info:
_java_thread_list=0x0000019048aca3c0, length=70, elements={
0x000001901eb82be0, 0x0000019036125390, 0x0000019036126a70, 0x000001903613e040,
0x000001903613ea50, 0x0000019046403490, 0x0000019046403d40, 0x0000019046404920,
0x000001904646e780, 0x0000019046471800, 0x000001904650ae60, 0x00000190467272e0,
0x0000019046d7f6e0, 0x000001904710e060, 0x0000019046ff7a50, 0x00000190470d14d0,
0x0000019047579530, 0x0000019047882030, 0x00000190478ef8c0, 0x00000190478f0260,
0x00000190478f2410, 0x00000190478f10d0, 0x00000190478f28e0, 0x00000190478f0730,
0x00000190478f15a0, 0x00000190478f0c00, 0x00000190478f1a70, 0x0000019046c3abd0,
0x0000019046c363a0, 0x0000019046c3b570, 0x0000019046c36d40, 0x0000019046c35a00,
0x0000019046c36870, 0x0000019046c34b90, 0x0000019046c3b0a0, 0x0000019046c35060,
0x0000019046c35530, 0x0000019046c38ef0, 0x0000019046c35ed0, 0x0000019046c3ba40,
0x0000019046c3bf10, 0x0000019046c3a230, 0x0000019046c39890, 0x0000019046c37210,
0x0000019046c39d60, 0x0000019046c3a700, 0x0000019046c346c0, 0x0000019046c376e0,
0x0000019046c38a20, 0x0000019052ccb110, 0x0000019052cc7750, 0x0000019052cc5f40,
0x0000019052ccc920, 0x0000019052cc8f60, 0x0000019052cc55a0, 0x0000019052ccb5e0,
0x0000019052cc9430, 0x0000019052cc7c20, 0x0000019052cc8a90, 0x0000019052cc5a70,
0x0000019052cc7280, 0x000001904845a940, 0x0000019048461cc0, 0x000001904845caf0,
0x00000190484617f0, 0x000001904845b7b0, 0x000001904845f170, 0x000001904845eca0,
0x0000019053ab6fb0, 0x0000019053a2f8a0
}

Java Threads: ( => current thread )
  0x000001901eb82be0 JavaThread "main" [_thread_blocked, id=134296, stack(0x000000811aa00000,0x000000811ab00000)]
  0x0000019036125390 JavaThread "Reference Handler" daemon [_thread_blocked, id=137952, stack(0x000000811b100000,0x000000811b200000)]
  0x0000019036126a70 JavaThread "Finalizer" daemon [_thread_blocked, id=135668, stack(0x000000811b200000,0x000000811b300000)]
  0x000001903613e040 JavaThread "Signal Dispatcher" daemon [_thread_blocked, id=135360, stack(0x000000811b300000,0x000000811b400000)]
  0x000001903613ea50 JavaThread "Attach Listener" daemon [_thread_blocked, id=133048, stack(0x000000811b400000,0x000000811b500000)]
  0x0000019046403490 JavaThread "Service Thread" daemon [_thread_blocked, id=109764, stack(0x000000811b500000,0x000000811b600000)]
  0x0000019046403d40 JavaThread "Monitor Deflation Thread" daemon [_thread_blocked, id=117660, stack(0x000000811b600000,0x000000811b700000)]
  0x0000019046404920 JavaThread "C2 CompilerThread0" daemon [_thread_in_native, id=120164, stack(0x000000811b700000,0x000000811b800000)]
  0x000001904646e780 JavaThread "C1 CompilerThread0" daemon [_thread_blocked, id=119088, stack(0x000000811b800000,0x000000811b900000)]
  0x0000019046471800 JavaThread "Sweeper thread" daemon [_thread_blocked, id=15044, stack(0x000000811b900000,0x000000811ba00000)]
  0x000001904650ae60 JavaThread "Common-Cleaner" daemon [_thread_blocked, id=110776, stack(0x000000811ba00000,0x000000811bb00000)]
  0x00000190467272e0 JavaThread "Notification Thread" daemon [_thread_blocked, id=14944, stack(0x000000811bb00000,0x000000811bc00000)]
  0x0000019046d7f6e0 JavaThread "Active Thread: Equinox Container: f3abf68c-a74b-4de3-b3b3-dc98623016fb" [_thread_blocked, id=105372, stack(0x000000811c500000,0x000000811c600000)]
  0x000001904710e060 JavaThread "Refresh Thread: Equinox Container: f3abf68c-a74b-4de3-b3b3-dc98623016fb" daemon [_thread_blocked, id=137852, stack(0x000000811c600000,0x000000811c700000)]
  0x0000019046ff7a50 JavaThread "Framework Event Dispatcher: Equinox Container: f3abf68c-a74b-4de3-b3b3-dc98623016fb" daemon [_thread_blocked, id=111692, stack(0x000000811c700000,0x000000811c800000)]
  0x00000190470d14d0 JavaThread "Start Level: Equinox Container: f3abf68c-a74b-4de3-b3b3-dc98623016fb" daemon [_thread_blocked, id=118768, stack(0x000000811c800000,0x000000811c900000)]
  0x0000019047579530 JavaThread "Bundle File Closer" daemon [_thread_blocked, id=108696, stack(0x000000811c400000,0x000000811c500000)]
  0x0000019047882030 JavaThread "SCR Component Actor" daemon [_thread_blocked, id=137976, stack(0x000000811ca00000,0x000000811cb00000)]
  0x00000190478ef8c0 JavaThread "Worker-JM" [_thread_blocked, id=111340, stack(0x000000811cb00000,0x000000811cc00000)]
  0x00000190478f0260 JavaThread "JNA Cleaner" daemon [_thread_blocked, id=115684, stack(0x000000811cc00000,0x000000811cd00000)]
  0x00000190478f2410 JavaThread "Worker-0" [_thread_blocked, id=133956, stack(0x000000811cd00000,0x000000811ce00000)]
  0x00000190478f10d0 JavaThread "Worker-1" [_thread_blocked, id=120468, stack(0x000000811ce00000,0x000000811cf00000)]
  0x00000190478f28e0 JavaThread "Worker-2" [_thread_blocked, id=130428, stack(0x000000811cf00000,0x000000811d000000)]
  0x00000190478f0730 JavaThread "Java indexing" daemon [_thread_blocked, id=109180, stack(0x000000811d200000,0x000000811d300000)]
  0x00000190478f15a0 JavaThread "Worker-3: Check JDK Index" [_thread_blocked, id=117492, stack(0x000000811d400000,0x000000811d500000)]
  0x00000190478f0c00 JavaThread "Worker-4" [_thread_blocked, id=138096, stack(0x000000811d500000,0x000000811d600000)]
  0x00000190478f1a70 JavaThread "Thread-2" daemon [_thread_in_native, id=115888, stack(0x000000811d800000,0x000000811d900000)]
  0x0000019046c3abd0 JavaThread "Thread-3" daemon [_thread_in_native, id=115268, stack(0x000000811d900000,0x000000811da00000)]
  0x0000019046c363a0 JavaThread "Thread-4" daemon [_thread_in_native, id=128416, stack(0x000000811da00000,0x000000811db00000)]
  0x0000019046c3b570 JavaThread "Thread-5" daemon [_thread_in_native, id=118248, stack(0x000000811db00000,0x000000811dc00000)]
  0x0000019046c36d40 JavaThread "Thread-6" daemon [_thread_in_native, id=15704, stack(0x000000811dc00000,0x000000811dd00000)]
  0x0000019046c35a00 JavaThread "Thread-7" daemon [_thread_in_native, id=113752, stack(0x000000811dd00000,0x000000811de00000)]
  0x0000019046c36870 JavaThread "Thread-8" daemon [_thread_in_native, id=131884, stack(0x000000811de00000,0x000000811df00000)]
  0x0000019046c34b90 JavaThread "Thread-9" daemon [_thread_in_native, id=132904, stack(0x000000811df00000,0x000000811e000000)]
  0x0000019046c3b0a0 JavaThread "Thread-10" daemon [_thread_in_native, id=137304, stack(0x000000811e000000,0x000000811e100000)]
  0x0000019046c35060 JavaThread "Worker-5" [_thread_blocked, id=130904, stack(0x000000811e100000,0x000000811e200000)]
  0x0000019046c35530 JavaThread "Worker-6: Java indexing... " [_thread_blocked, id=111252, stack(0x000000811e200000,0x000000811e300000)]
  0x0000019046c38ef0 JavaThread "pool-2-thread-1" [_thread_blocked, id=133704, stack(0x000000811e300000,0x000000811e400000)]
  0x0000019046c35ed0 JavaThread "WorkspaceEventsHandler" [_thread_blocked, id=114148, stack(0x000000811e400000,0x000000811e500000)]
  0x0000019046c3ba40 JavaThread "pool-1-thread-1" [_thread_blocked, id=113676, stack(0x000000811e500000,0x000000811e600000)]
  0x0000019046c3bf10 JavaThread "LocalFile Deleter" daemon [_thread_blocked, id=129676, stack(0x000000811e600000,0x000000811e700000)]
  0x0000019046c3a230 JavaThread "LocalFile Deleter" daemon [_thread_blocked, id=109584, stack(0x000000811e700000,0x000000811e800000)]
  0x0000019046c39890 JavaThread "LocalFile Deleter" daemon [_thread_blocked, id=117336, stack(0x000000811e800000,0x000000811e900000)]
  0x0000019046c37210 JavaThread "LocalFile Deleter" daemon [_thread_blocked, id=109032, stack(0x000000811e900000,0x000000811ea00000)]
  0x0000019046c39d60 JavaThread "LocalFile Deleter" daemon [_thread_blocked, id=115572, stack(0x000000811ea00000,0x000000811eb00000)]
  0x0000019046c3a700 JavaThread "LocalFile Deleter" daemon [_thread_blocked, id=135980, stack(0x000000811eb00000,0x000000811ec00000)]
  0x0000019046c346c0 JavaThread "LocalFile Deleter" daemon [_thread_blocked, id=115536, stack(0x000000811ec00000,0x000000811ed00000)]
  0x0000019046c376e0 JavaThread "LocalFile Deleter" daemon [_thread_blocked, id=127868, stack(0x000000811ed00000,0x000000811ee00000)]
  0x0000019046c38a20 JavaThread "Compiler Source File Reader" daemon [_thread_blocked, id=129736, stack(0x000000811ee00000,0x000000811ef00000)]
  0x0000019052ccb110 JavaThread "Compiler Source File Reader" daemon [_thread_blocked, id=117780, stack(0x000000811ef00000,0x000000811f000000)]
  0x0000019052cc7750 JavaThread "Compiler Source File Reader" daemon [_thread_blocked, id=135012, stack(0x000000811f000000,0x000000811f100000)]
  0x0000019052cc5f40 JavaThread "Compiler Source File Reader" daemon [_thread_blocked, id=128284, stack(0x000000811f100000,0x000000811f200000)]
  0x0000019052ccc920 JavaThread "Compiler Source File Reader" daemon [_thread_blocked, id=137508, stack(0x000000811f200000,0x000000811f300000)]
  0x0000019052cc8f60 JavaThread "Compiler Source File Reader" daemon [_thread_blocked, id=92660, stack(0x000000811f300000,0x000000811f400000)]
  0x0000019052cc55a0 JavaThread "Compiler Processing Task" daemon [_thread_blocked, id=132584, stack(0x000000811d300000,0x000000811d400000)]
  0x0000019052ccb5e0 JavaThread "Compiler Class File Writer" daemon [_thread_blocked, id=119964, stack(0x000000811f400000,0x000000811f500000)]
  0x0000019052cc9430 JavaThread "Compiler Class File Writer" daemon [_thread_blocked, id=127236, stack(0x000000811f500000,0x000000811f600000)]
  0x0000019052cc7c20 JavaThread "Compiler Class File Writer" daemon [_thread_blocked, id=119032, stack(0x000000811f600000,0x000000811f700000)]
  0x0000019052cc8a90 JavaThread "Compiler Class File Writer" daemon [_thread_blocked, id=118028, stack(0x000000811f700000,0x000000811f800000)]
  0x0000019052cc5a70 JavaThread "Compiler Class File Writer" daemon [_thread_blocked, id=123492, stack(0x000000811f800000,0x000000811f900000)]
  0x0000019052cc7280 JavaThread "Compiler Class File Writer" daemon [_thread_blocked, id=123308, stack(0x000000811f900000,0x000000811fa00000)]
  0x000001904845a940 JavaThread "ForkJoinPool.commonPool-worker-1" daemon [_thread_blocked, id=114420, stack(0x000000811ff00000,0x0000008120000000)]
  0x0000019048461cc0 JavaThread "ForkJoinPool.commonPool-worker-2" daemon [_thread_blocked, id=106836, stack(0x0000008120000000,0x0000008120100000)]
  0x000001904845caf0 JavaThread "ForkJoinPool.commonPool-worker-3" daemon [_thread_blocked, id=122692, stack(0x0000008120100000,0x0000008120200000)]
  0x00000190484617f0 JavaThread "ForkJoinPool.commonPool-worker-4" daemon [_thread_blocked, id=113136, stack(0x0000008120200000,0x0000008120300000)]
  0x000001904845b7b0 JavaThread "ForkJoinPool.commonPool-worker-5" daemon [_thread_blocked, id=113472, stack(0x0000008120300000,0x0000008120400000)]
  0x000001904845f170 JavaThread "ForkJoinPool.commonPool-worker-6" daemon [_thread_blocked, id=110436, stack(0x0000008120400000,0x0000008120500000)]
  0x000001904845eca0 JavaThread "ForkJoinPool.commonPool-worker-7" daemon [_thread_blocked, id=104132, stack(0x0000008120500000,0x0000008120600000)]
  0x0000019053ab6fb0 JavaThread "C2 CompilerThread1" daemon [_thread_blocked, id=113700, stack(0x000000811bd00000,0x000000811be00000)]
  0x0000019053a2f8a0 JavaThread "C2 CompilerThread2" daemon [_thread_blocked, id=111596, stack(0x000000811d100000,0x000000811d200000)]

Other Threads:
=>0x0000019036123640 VMThread "VM Thread" [stack: 0x000000811b000000,0x000000811b100000] [id=126156]
  0x000001901eb83850 WatcherThread "VM Periodic Task Thread" [stack: 0x000000811bc00000,0x000000811bd00000] [id=137768]
  0x000001901ebb2880 WorkerThread "GC Thread#0" [stack: 0x000000811ab00000,0x000000811ac00000] [id=125956]
  0x0000019046e19bf0 WorkerThread "GC Thread#1" [stack: 0x000000811be00000,0x000000811bf00000] [id=130376]
  0x0000019046e19e90 WorkerThread "GC Thread#2" [stack: 0x000000811bf00000,0x000000811c000000] [id=130252]
  0x0000019046e1a130 WorkerThread "GC Thread#3" [stack: 0x000000811c000000,0x000000811c100000] [id=132284]
  0x000001904699f6e0 WorkerThread "GC Thread#4" [stack: 0x000000811c100000,0x000000811c200000] [id=133708]
  0x000001904699f980 WorkerThread "GC Thread#5" [stack: 0x000000811c200000,0x000000811c300000] [id=129088]
  0x000001904699fc20 WorkerThread "GC Thread#6" [stack: 0x000000811c300000,0x000000811c400000] [id=129776]
  0x0000019046f08ee0 WorkerThread "GC Thread#7" [stack: 0x000000811c900000,0x000000811ca00000] [id=119288]
  0x000001901ebbb5e0 ConcurrentGCThread "G1 Main Marker" [stack: 0x000000811ac00000,0x000000811ad00000] [id=126136]
  0x000001901ebbcdf0 WorkerThread "G1 Conc#0" [stack: 0x000000811ad00000,0x000000811ae00000] [id=125768]
  0x00000190478e9290 WorkerThread "G1 Conc#1" [stack: 0x000000811d000000,0x000000811d100000] [id=129224]
  0x0000019035fd9850 ConcurrentGCThread "G1 Refine#0" [stack: 0x000000811ae00000,0x000000811af00000] [id=127240]
  0x00000190464e2300 ConcurrentGCThread "G1 Refine#1" [stack: 0x000000811fa00000,0x000000811fb00000] [id=128608]
  0x00000190464e2b70 ConcurrentGCThread "G1 Refine#2" [stack: 0x000000811fb00000,0x000000811fc00000] [id=131352]
  0x00000190464df330 ConcurrentGCThread "G1 Refine#3" [stack: 0x000000811fc00000,0x000000811fd00000] [id=122868]
  0x00000190464df060 ConcurrentGCThread "G1 Refine#4" [stack: 0x000000811fd00000,0x000000811fe00000] [id=122328]
  0x0000019048d2ada0 ConcurrentGCThread "G1 Refine#5" [stack: 0x000000811fe00000,0x000000811ff00000] [id=111412]
  0x0000019048d2a530 ConcurrentGCThread "G1 Refine#6" [stack: 0x0000008120600000,0x0000008120700000] [id=119468]
  0x000001904a791cc0 ConcurrentGCThread "G1 Refine#7" [stack: 0x0000008120700000,0x0000008120800000] [id=120160]
  0x0000019035fda070 ConcurrentGCThread "G1 Service" [stack: 0x000000811af00000,0x000000811b000000] [id=15864]

Threads with active compile tasks:
C2 CompilerThread0    31241 14460 % !   4       org.eclipse.jdt.internal.core.ClassFileInfo::generateMethodInfos @ 375 (750 bytes)
C2 CompilerThread1    31241 14486       4       org.eclipse.jdt.internal.core.JarPackageFragmentRoot::equals (55 bytes)

VM state: at safepoint (normal execution)

VM Mutex/Monitor currently owned by a thread:  ([mutex/lock_event])
[0x000001901eb824e0] Threads_lock - owner thread: 0x0000019036123640
[0x000001901eb81400] Heap_lock - owner thread: 0x00000190478f0730

Heap address: 0x0000000701800000, size: 4072 MB, Compressed Oops mode: Zero based, Oop shift amount: 3

CDS archive(s) mapped at: [0x0000000800000000-0x0000000800ba0000-0x0000000800ba0000), size 12189696, SharedBaseAddress: 0x0000000800000000, ArchiveRelocationMode: 0.
Compressed class space mapped at: 0x0000000800c00000-0x0000000840c00000, reserved size: 1073741824
Narrow klass base: 0x0000000800000000, Narrow klass shift: 0, Narrow klass range: 0x100000000

GC Precious Log:
 CardTable entry size: 512
 Card Set container configuration: InlinePtr #cards 4 size 8 Array Of Cards #cards 16 size 48 Howl #buckets 8 coarsen threshold 3686 Howl Bitmap #cards 512 size 80 coarsen threshold 460 Card regions per heap region 1 cards per card region 4096
 CPUs: 8 total, 8 available
 Memory: 16283M
 Large Page Support: Disabled
 NUMA Support: Disabled
 Compressed Oops: Enabled (Zero based)
 Heap Region Size: 2M
 Heap Min Capacity: 8M
 Heap Initial Capacity: 256M
 Heap Max Capacity: 4072M
 Pre-touch: Disabled
 Parallel Workers: 8
 Concurrent Workers: 2
 Concurrent Refinement Workers: 8
 Periodic GC: Disabled

Heap:
 garbage-first heap   total 552960K, used 342872K [0x0000000701800000, 0x0000000800000000)
  region size 2048K, 9 young (18432K), 9 survivors (18432K)
 Metaspace       used 67922K, committed 69312K, reserved 1114112K
  class space    used 6715K, committed 7360K, reserved 1048576K

Heap Regions: E=young(eden), S=young(survivor), O=old, HS=humongous(starts), HC=humongous(continues), CS=collection set, F=free, OA=open archive, CA=closed archive, TAMS=top-at-mark-start (previous, next)
|   0|0x0000000701800000, 0x0000000701a00000, 0x0000000701a00000|100%| O|  |TAMS 0x0000000701a00000, 0x0000000701800000| Untracked 
|   1|0x0000000701a00000, 0x0000000701c00000, 0x0000000701c00000|100%| O|  |TAMS 0x0000000701c00000, 0x0000000701a00000| Untracked 
|   2|0x0000000701c00000, 0x0000000701e00000, 0x0000000701e00000|100%| O|  |TAMS 0x0000000701e00000, 0x0000000701c00000| Untracked 
|   3|0x0000000701e00000, 0x0000000702000000, 0x0000000702000000|100%| O|  |TAMS 0x0000000702000000, 0x0000000701e00000| Untracked 
|   4|0x0000000702000000, 0x0000000702200000, 0x0000000702200000|100%| O|  |TAMS 0x0000000702200000, 0x0000000702000000| Untracked 
|   5|0x0000000702200000, 0x0000000702400000, 0x0000000702400000|100%| O|  |TAMS 0x0000000702400000, 0x0000000702200000| Untracked 
|   6|0x0000000702400000, 0x0000000702600000, 0x0000000702600000|100%| O|  |TAMS 0x0000000702600000, 0x0000000702400000| Untracked 
|   7|0x0000000702600000, 0x0000000702800000, 0x0000000702800000|100%| O|  |TAMS 0x000000070279b200, 0x0000000702600000| Untracked 
|   8|0x0000000702800000, 0x0000000702a00000, 0x0000000702a00000|100%| O|  |TAMS 0x0000000702a00000, 0x0000000702800000| Untracked 
|   9|0x0000000702a00000, 0x0000000702c00000, 0x0000000702c00000|100%| O|  |TAMS 0x0000000702c00000, 0x0000000702a00000| Untracked 
|  10|0x0000000702c00000, 0x0000000702e00000, 0x0000000702e00000|100%| O|  |TAMS 0x0000000702e00000, 0x0000000702c00000| Untracked 
|  11|0x0000000702e00000, 0x0000000703000000, 0x0000000703000000|100%| O|  |TAMS 0x0000000703000000, 0x0000000702e00000| Untracked 
|  12|0x0000000703000000, 0x0000000703200000, 0x0000000703200000|100%| O|  |TAMS 0x0000000703200000, 0x0000000703000000| Untracked 
|  13|0x0000000703200000, 0x0000000703400000, 0x0000000703400000|100%| O|  |TAMS 0x0000000703400000, 0x0000000703200000| Untracked 
|  14|0x0000000703400000, 0x0000000703600000, 0x0000000703600000|100%| O|  |TAMS 0x0000000703600000, 0x0000000703400000| Untracked 
|  15|0x0000000703600000, 0x0000000703800000, 0x0000000703800000|100%| O|  |TAMS 0x0000000703800000, 0x0000000703600000| Untracked 
|  16|0x0000000703800000, 0x0000000703a00000, 0x0000000703a00000|100%| O|  |TAMS 0x0000000703a00000, 0x0000000703800000| Untracked 
|  17|0x0000000703a00000, 0x0000000703c00000, 0x0000000703c00000|100%| O|  |TAMS 0x0000000703a00000, 0x0000000703a00000| Untracked 
|  18|0x0000000703c00000, 0x0000000703e00000, 0x0000000703e00000|100%| O|  |TAMS 0x0000000703e00000, 0x0000000703c00000| Untracked 
|  19|0x0000000703e00000, 0x0000000704000000, 0x0000000704000000|100%| O|  |TAMS 0x0000000703e00000, 0x0000000703e00000| Untracked 
|  20|0x0000000704000000, 0x0000000704200000, 0x0000000704200000|100%| O|  |TAMS 0x0000000704000000, 0x0000000704000000| Untracked 
|  21|0x0000000704200000, 0x0000000704400000, 0x0000000704400000|100%| O|  |TAMS 0x0000000704200000, 0x0000000704200000| Untracked 
|  22|0x0000000704400000, 0x0000000704600000, 0x0000000704600000|100%| O|  |TAMS 0x0000000704400000, 0x0000000704400000| Untracked 
|  23|0x0000000704600000, 0x0000000704800000, 0x0000000704800000|100%| O|  |TAMS 0x0000000704600000, 0x0000000704600000| Untracked 
|  24|0x0000000704800000, 0x0000000704a00000, 0x0000000704a00000|100%| O|  |TAMS 0x0000000704800000, 0x0000000704800000| Untracked 
|  25|0x0000000704a00000, 0x0000000704c00000, 0x0000000704c00000|100%| O|  |TAMS 0x0000000704c00000, 0x0000000704a00000| Untracked 
|  26|0x0000000704c00000, 0x0000000704e00000, 0x0000000704e00000|100%| O|  |TAMS 0x0000000704c00000, 0x0000000704c00000| Untracked 
|  27|0x0000000704e00000, 0x0000000705000000, 0x0000000705000000|100%| O|  |TAMS 0x0000000704e00000, 0x0000000704e00000| Untracked 
|  28|0x0000000705000000, 0x0000000705200000, 0x0000000705200000|100%| O|  |TAMS 0x0000000705200000, 0x0000000705000000| Untracked 
|  29|0x0000000705200000, 0x0000000705400000, 0x0000000705400000|100%| O|  |TAMS 0x0000000705200000, 0x0000000705200000| Untracked 
|  30|0x0000000705400000, 0x0000000705600000, 0x0000000705600000|100%| O|  |TAMS 0x0000000705400000, 0x0000000705400000| Untracked 
|  31|0x0000000705600000, 0x0000000705800000, 0x0000000705800000|100%| O|  |TAMS 0x0000000705600000, 0x0000000705600000| Untracked 
|  32|0x0000000705800000, 0x0000000705a00000, 0x0000000705a00000|100%| O|  |TAMS 0x0000000705800000, 0x0000000705800000| Untracked 
|  33|0x0000000705a00000, 0x0000000705c00000, 0x0000000705c00000|100%| O|  |TAMS 0x0000000705a00000, 0x0000000705a00000| Untracked 
|  34|0x0000000705c00000, 0x0000000705dffff8, 0x0000000705e00000| 99%| O|  |TAMS 0x0000000705c00000, 0x0000000705c00000| Untracked 
|  35|0x0000000705e00000, 0x0000000706000000, 0x0000000706000000|100%| O|  |TAMS 0x0000000705e00000, 0x0000000705e00000| Untracked 
|  36|0x0000000706000000, 0x0000000706200000, 0x0000000706200000|100%| O|  |TAMS 0x0000000706000000, 0x0000000706000000| Untracked 
|  37|0x0000000706200000, 0x0000000706400000, 0x0000000706400000|100%|HS|  |TAMS 0x0000000706200000, 0x0000000706200000| Complete 
|  38|0x0000000706400000, 0x0000000706600000, 0x0000000706600000|100%| O|  |TAMS 0x0000000706400000, 0x0000000706400000| Untracked 
|  39|0x0000000706600000, 0x0000000706800000, 0x0000000706800000|100%| O|  |TAMS 0x0000000706600000, 0x0000000706600000| Untracked 
|  40|0x0000000706800000, 0x0000000706a00000, 0x0000000706a00000|100%| O|  |TAMS 0x0000000706800000, 0x0000000706800000| Untracked 
|  41|0x0000000706a00000, 0x0000000706c00000, 0x0000000706c00000|100%| O|  |TAMS 0x0000000706a00000, 0x0000000706a00000| Untracked 
|  42|0x0000000706c00000, 0x0000000706e00000, 0x0000000706e00000|100%| O|  |TAMS 0x0000000706c00000, 0x0000000706c00000| Untracked 
|  43|0x0000000706e00000, 0x0000000707000000, 0x0000000707000000|100%| O|  |TAMS 0x0000000706e00000, 0x0000000706e00000| Untracked 
|  44|0x0000000707000000, 0x0000000707200000, 0x0000000707200000|100%| O|  |TAMS 0x0000000707000000, 0x0000000707000000| Untracked 
|  45|0x0000000707200000, 0x0000000707400000, 0x0000000707400000|100%| O|  |TAMS 0x0000000707200000, 0x0000000707200000| Untracked 
|  46|0x0000000707400000, 0x0000000707600000, 0x0000000707600000|100%| O|  |TAMS 0x0000000707400000, 0x0000000707400000| Untracked 
|  47|0x0000000707600000, 0x0000000707800000, 0x0000000707800000|100%| O|  |TAMS 0x0000000707600000, 0x0000000707600000| Untracked 
|  48|0x0000000707800000, 0x0000000707a00000, 0x0000000707a00000|100%| O|  |TAMS 0x0000000707800000, 0x0000000707800000| Untracked 
|  49|0x0000000707a00000, 0x0000000707c00000, 0x0000000707c00000|100%| O|  |TAMS 0x0000000707a00000, 0x0000000707a00000| Untracked 
|  50|0x0000000707c00000, 0x0000000707e00000, 0x0000000707e00000|100%| O|  |TAMS 0x0000000707c00000, 0x0000000707c00000| Untracked 
|  51|0x0000000707e00000, 0x0000000708000000, 0x0000000708000000|100%| O|  |TAMS 0x0000000707e00000, 0x0000000707e00000| Untracked 
|  52|0x0000000708000000, 0x0000000708200000, 0x0000000708200000|100%| O|  |TAMS 0x0000000708000000, 0x0000000708000000| Untracked 
|  53|0x0000000708200000, 0x0000000708400000, 0x0000000708400000|100%| O|  |TAMS 0x0000000708200000, 0x0000000708200000| Untracked 
|  54|0x0000000708400000, 0x0000000708600000, 0x0000000708600000|100%| O|  |TAMS 0x0000000708400000, 0x0000000708400000| Untracked 
|  55|0x0000000708600000, 0x0000000708800000, 0x0000000708800000|100%| O|  |TAMS 0x0000000708600000, 0x0000000708600000| Untracked 
|  56|0x0000000708800000, 0x0000000708a00000, 0x0000000708a00000|100%| O|  |TAMS 0x0000000708800000, 0x0000000708800000| Untracked 
|  57|0x0000000708a00000, 0x0000000708c00000, 0x0000000708c00000|100%| O|  |TAMS 0x0000000708a00000, 0x0000000708a00000| Untracked 
|  58|0x0000000708c00000, 0x0000000708e00000, 0x0000000708e00000|100%| O|  |TAMS 0x0000000708c00000, 0x0000000708c00000| Untracked 
|  59|0x0000000708e00000, 0x0000000709000000, 0x0000000709000000|100%| O|  |TAMS 0x0000000708e00000, 0x0000000708e00000| Untracked 
|  60|0x0000000709000000, 0x0000000709200000, 0x0000000709200000|100%| O|  |TAMS 0x0000000709000000, 0x0000000709000000| Untracked 
|  61|0x0000000709200000, 0x0000000709400000, 0x0000000709400000|100%| O|  |TAMS 0x0000000709200000, 0x0000000709200000| Untracked 
|  62|0x0000000709400000, 0x0000000709600000, 0x0000000709600000|100%| O|  |TAMS 0x0000000709400000, 0x0000000709400000| Untracked 
|  63|0x0000000709600000, 0x0000000709800000, 0x0000000709800000|100%| O|  |TAMS 0x0000000709600000, 0x0000000709600000| Untracked 
|  64|0x0000000709800000, 0x0000000709a00000, 0x0000000709a00000|100%| O|  |TAMS 0x0000000709800000, 0x0000000709800000| Untracked 
|  65|0x0000000709a00000, 0x0000000709c00000, 0x0000000709c00000|100%| O|  |TAMS 0x0000000709a00000, 0x0000000709a00000| Untracked 
|  66|0x0000000709c00000, 0x0000000709e00000, 0x0000000709e00000|100%| O|  |TAMS 0x0000000709c00000, 0x0000000709c00000| Untracked 
|  67|0x0000000709e00000, 0x000000070a000000, 0x000000070a000000|100%| O|  |TAMS 0x0000000709e00000, 0x0000000709e00000| Untracked 
|  68|0x000000070a000000, 0x000000070a200000, 0x000000070a200000|100%| O|  |TAMS 0x000000070a000000, 0x000000070a000000| Untracked 
|  69|0x000000070a200000, 0x000000070a400000, 0x000000070a400000|100%| O|  |TAMS 0x000000070a200000, 0x000000070a200000| Untracked 
|  70|0x000000070a400000, 0x000000070a600000, 0x000000070a600000|100%| O|  |TAMS 0x000000070a400000, 0x000000070a400000| Untracked 
|  71|0x000000070a600000, 0x000000070a800000, 0x000000070a800000|100%| O|  |TAMS 0x000000070a600000, 0x000000070a600000| Untracked 
|  72|0x000000070a800000, 0x000000070aa00000, 0x000000070aa00000|100%| O|  |TAMS 0x000000070a800000, 0x000000070a800000| Untracked 
|  73|0x000000070aa00000, 0x000000070ac00000, 0x000000070ac00000|100%| O|  |TAMS 0x000000070aa00000, 0x000000070aa00000| Untracked 
|  74|0x000000070ac00000, 0x000000070ae00000, 0x000000070ae00000|100%| O|  |TAMS 0x000000070ac00000, 0x000000070ac00000| Untracked 
|  75|0x000000070ae00000, 0x000000070b000000, 0x000000070b000000|100%| O|  |TAMS 0x000000070ae00000, 0x000000070ae00000| Untracked 
|  76|0x000000070b000000, 0x000000070b200000, 0x000000070b200000|100%| O|  |TAMS 0x000000070b000000, 0x000000070b000000| Untracked 
|  77|0x000000070b200000, 0x000000070b400000, 0x000000070b400000|100%| O|  |TAMS 0x000000070b200000, 0x000000070b200000| Untracked 
|  78|0x000000070b400000, 0x000000070b600000, 0x000000070b600000|100%| O|  |TAMS 0x000000070b400000, 0x000000070b400000| Untracked 
|  79|0x000000070b600000, 0x000000070b800000, 0x000000070b800000|100%| O|  |TAMS 0x000000070b600000, 0x000000070b600000| Untracked 
|  80|0x000000070b800000, 0x000000070ba00000, 0x000000070ba00000|100%| O|  |TAMS 0x000000070b800000, 0x000000070b800000| Untracked 
|  81|0x000000070ba00000, 0x000000070bc00000, 0x000000070bc00000|100%| O|  |TAMS 0x000000070ba00000, 0x000000070ba00000| Untracked 
|  82|0x000000070bc00000, 0x000000070be00000, 0x000000070be00000|100%| O|  |TAMS 0x000000070bc00000, 0x000000070bc00000| Untracked 
|  83|0x000000070be00000, 0x000000070c000000, 0x000000070c000000|100%| O|  |TAMS 0x000000070be00000, 0x000000070be00000| Untracked 
|  84|0x000000070c000000, 0x000000070c200000, 0x000000070c200000|100%| O|  |TAMS 0x000000070c000000, 0x000000070c000000| Untracked 
|  85|0x000000070c200000, 0x000000070c400000, 0x000000070c400000|100%| O|  |TAMS 0x000000070c200000, 0x000000070c200000| Untracked 
|  86|0x000000070c400000, 0x000000070c600000, 0x000000070c600000|100%| O|  |TAMS 0x000000070c400000, 0x000000070c400000| Untracked 
|  87|0x000000070c600000, 0x000000070c800000, 0x000000070c800000|100%| O|  |TAMS 0x000000070c600000, 0x000000070c600000| Untracked 
|  88|0x000000070c800000, 0x000000070ca00000, 0x000000070ca00000|100%| O|  |TAMS 0x000000070c800000, 0x000000070c800000| Untracked 
|  89|0x000000070ca00000, 0x000000070cc00000, 0x000000070cc00000|100%| O|  |TAMS 0x000000070ca00000, 0x000000070ca00000| Untracked 
|  90|0x000000070cc00000, 0x000000070ce00000, 0x000000070ce00000|100%|HS|  |TAMS 0x000000070cc00000, 0x000000070cc00000| Complete 
|  91|0x000000070ce00000, 0x000000070d000000, 0x000000070d000000|100%|HC|  |TAMS 0x000000070ce00000, 0x000000070ce00000| Complete 
|  92|0x000000070d000000, 0x000000070d200000, 0x000000070d200000|100%|HS|  |TAMS 0x000000070d000000, 0x000000070d000000| Complete 
|  93|0x000000070d200000, 0x000000070d400000, 0x000000070d400000|100%| O|  |TAMS 0x000000070d200000, 0x000000070d200000| Untracked 
|  94|0x000000070d400000, 0x000000070d600000, 0x000000070d600000|100%| O|  |TAMS 0x000000070d400000, 0x000000070d400000| Untracked 
|  95|0x000000070d600000, 0x000000070d800000, 0x000000070d800000|100%| O|  |TAMS 0x000000070d600000, 0x000000070d600000| Untracked 
|  96|0x000000070d800000, 0x000000070da00000, 0x000000070da00000|100%| O|  |TAMS 0x000000070d800000, 0x000000070d800000| Untracked 
|  97|0x000000070da00000, 0x000000070dc00000, 0x000000070dc00000|100%| O|  |TAMS 0x000000070da00000, 0x000000070da00000| Untracked 
|  98|0x000000070dc00000, 0x000000070de00000, 0x000000070de00000|100%| O|  |TAMS 0x000000070dc00000, 0x000000070dc00000| Untracked 
|  99|0x000000070de00000, 0x000000070e000000, 0x000000070e000000|100%| O|  |TAMS 0x000000070de00000, 0x000000070de00000| Untracked 
| 100|0x000000070e000000, 0x000000070e200000, 0x000000070e200000|100%| O|  |TAMS 0x000000070e000000, 0x000000070e000000| Untracked 
| 101|0x000000070e200000, 0x000000070e400000, 0x000000070e400000|100%| O|  |TAMS 0x000000070e200000, 0x000000070e200000| Untracked 
| 102|0x000000070e400000, 0x000000070e600000, 0x000000070e600000|100%| O|  |TAMS 0x000000070e400000, 0x000000070e400000| Untracked 
| 103|0x000000070e600000, 0x000000070e800000, 0x000000070e800000|100%| O|  |TAMS 0x000000070e600000, 0x000000070e600000| Untracked 
| 104|0x000000070e800000, 0x000000070ea00000, 0x000000070ea00000|100%| O|  |TAMS 0x000000070e800000, 0x000000070e800000| Untracked 
| 105|0x000000070ea00000, 0x000000070ec00000, 0x000000070ec00000|100%| O|  |TAMS 0x000000070ea00000, 0x000000070ea00000| Untracked 
| 106|0x000000070ec00000, 0x000000070ee00000, 0x000000070ee00000|100%| O|  |TAMS 0x000000070ec00000, 0x000000070ec00000| Untracked 
| 107|0x000000070ee00000, 0x000000070f000000, 0x000000070f000000|100%| O|  |TAMS 0x000000070ee00000, 0x000000070ee00000| Untracked 
| 108|0x000000070f000000, 0x000000070f200000, 0x000000070f200000|100%| O|  |TAMS 0x000000070f000000, 0x000000070f000000| Untracked 
| 109|0x000000070f200000, 0x000000070f400000, 0x000000070f400000|100%| O|  |TAMS 0x000000070f200000, 0x000000070f200000| Untracked 
| 110|0x000000070f400000, 0x000000070f600000, 0x000000070f600000|100%| O|  |TAMS 0x000000070f400000, 0x000000070f400000| Untracked 
| 111|0x000000070f600000, 0x000000070f800000, 0x000000070f800000|100%| O|  |TAMS 0x000000070f600000, 0x000000070f600000| Untracked 
| 112|0x000000070f800000, 0x000000070fa00000, 0x000000070fa00000|100%| O|  |TAMS 0x000000070f800000, 0x000000070f800000| Untracked 
| 113|0x000000070fa00000, 0x000000070fc00000, 0x000000070fc00000|100%| O|  |TAMS 0x000000070fa00000, 0x000000070fa00000| Untracked 
| 114|0x000000070fc00000, 0x000000070fe00000, 0x000000070fe00000|100%| O|  |TAMS 0x000000070fc00000, 0x000000070fc00000| Untracked 
| 115|0x000000070fe00000, 0x0000000710000000, 0x0000000710000000|100%| O|  |TAMS 0x000000070fe00000, 0x000000070fe00000| Untracked 
| 116|0x0000000710000000, 0x0000000710200000, 0x0000000710200000|100%| O|  |TAMS 0x0000000710000000, 0x0000000710000000| Untracked 
| 117|0x0000000710200000, 0x0000000710400000, 0x0000000710400000|100%| O|  |TAMS 0x0000000710200000, 0x0000000710200000| Untracked 
| 118|0x0000000710400000, 0x0000000710600000, 0x0000000710600000|100%| O|  |TAMS 0x0000000710400000, 0x0000000710400000| Untracked 
| 119|0x0000000710600000, 0x0000000710800000, 0x0000000710800000|100%| O|  |TAMS 0x0000000710600000, 0x0000000710600000| Untracked 
| 120|0x0000000710800000, 0x0000000710a00000, 0x0000000710a00000|100%| O|  |TAMS 0x0000000710800000, 0x0000000710800000| Untracked 
| 121|0x0000000710a00000, 0x0000000710c00000, 0x0000000710c00000|100%| O|  |TAMS 0x0000000710a00000, 0x0000000710a00000| Untracked 
| 122|0x0000000710c00000, 0x0000000710e00000, 0x0000000710e00000|100%| O|  |TAMS 0x0000000710c00000, 0x0000000710c00000| Untracked 
| 123|0x0000000710e00000, 0x0000000711000000, 0x0000000711000000|100%| O|  |TAMS 0x0000000710e00000, 0x0000000710e00000| Untracked 
| 124|0x0000000711000000, 0x0000000711200000, 0x0000000711200000|100%| O|  |TAMS 0x0000000711000000, 0x0000000711000000| Untracked 
| 125|0x0000000711200000, 0x0000000711400000, 0x0000000711400000|100%| O|  |TAMS 0x0000000711200000, 0x0000000711200000| Untracked 
| 126|0x0000000711400000, 0x0000000711600000, 0x0000000711600000|100%| O|  |TAMS 0x0000000711400000, 0x0000000711400000| Untracked 
| 127|0x0000000711600000, 0x0000000711800000, 0x0000000711800000|100%| O|  |TAMS 0x0000000711600000, 0x0000000711600000| Untracked 
| 128|0x0000000711800000, 0x0000000711a00000, 0x0000000711a00000|100%|HS|  |TAMS 0x0000000711800000, 0x0000000711800000| Complete 
| 129|0x0000000711a00000, 0x0000000711c00000, 0x0000000711c00000|100%| O|  |TAMS 0x0000000711a00000, 0x0000000711a00000| Untracked 
| 130|0x0000000711c00000, 0x0000000711e00000, 0x0000000711e00000|100%| O|  |TAMS 0x0000000711c00000, 0x0000000711c00000| Untracked 
| 131|0x0000000711e00000, 0x0000000712000000, 0x0000000712000000|100%| O|  |TAMS 0x0000000711e00000, 0x0000000711e00000| Untracked 
| 132|0x0000000712000000, 0x0000000712200000, 0x0000000712200000|100%| O|  |TAMS 0x0000000712000000, 0x0000000712000000| Untracked 
| 133|0x0000000712200000, 0x0000000712400000, 0x0000000712400000|100%| O|  |TAMS 0x0000000712200000, 0x0000000712200000| Untracked 
| 134|0x0000000712400000, 0x0000000712600000, 0x0000000712600000|100%| O|  |TAMS 0x0000000712400000, 0x0000000712400000| Untracked 
| 135|0x0000000712600000, 0x0000000712800000, 0x0000000712800000|100%| O|  |TAMS 0x0000000712600000, 0x0000000712600000| Untracked 
| 136|0x0000000712800000, 0x0000000712a00000, 0x0000000712a00000|100%| O|  |TAMS 0x0000000712800000, 0x0000000712800000| Untracked 
| 137|0x0000000712a00000, 0x0000000712c00000, 0x0000000712c00000|100%| O|  |TAMS 0x0000000712a00000, 0x0000000712a00000| Untracked 
| 138|0x0000000712c00000, 0x0000000712e00000, 0x0000000712e00000|100%| O|  |TAMS 0x0000000712c00000, 0x0000000712c00000| Untracked 
| 139|0x0000000712e00000, 0x0000000713000000, 0x0000000713000000|100%| O|  |TAMS 0x0000000712e00000, 0x0000000712e00000| Untracked 
| 140|0x0000000713000000, 0x0000000713200000, 0x0000000713200000|100%| O|  |TAMS 0x0000000713000000, 0x0000000713000000| Untracked 
| 141|0x0000000713200000, 0x0000000713400000, 0x0000000713400000|100%| O|  |TAMS 0x0000000713200000, 0x0000000713200000| Untracked 
| 142|0x0000000713400000, 0x0000000713600000, 0x0000000713600000|100%| O|  |TAMS 0x0000000713400000, 0x0000000713400000| Untracked 
| 143|0x0000000713600000, 0x0000000713800000, 0x0000000713800000|100%| O|  |TAMS 0x0000000713600000, 0x0000000713600000| Untracked 
| 144|0x0000000713800000, 0x0000000713a00000, 0x0000000713a00000|100%| O|  |TAMS 0x0000000713800000, 0x0000000713800000| Untracked 
| 145|0x0000000713a00000, 0x0000000713c00000, 0x0000000713c00000|100%| O|  |TAMS 0x0000000713a00000, 0x0000000713a00000| Untracked 
| 146|0x0000000713c00000, 0x0000000713e00000, 0x0000000713e00000|100%| O|  |TAMS 0x0000000713c00000, 0x0000000713c00000| Untracked 
| 147|0x0000000713e00000, 0x0000000714000000, 0x0000000714000000|100%| O|  |TAMS 0x0000000713e00000, 0x0000000713e00000| Untracked 
| 148|0x0000000714000000, 0x0000000714200000, 0x0000000714200000|100%| O|  |TAMS 0x0000000714000000, 0x0000000714000000| Untracked 
| 149|0x0000000714200000, 0x0000000714400000, 0x0000000714400000|100%| O|  |TAMS 0x0000000714200000, 0x0000000714200000| Untracked 
| 150|0x0000000714400000, 0x0000000714600000, 0x0000000714600000|100%| O|  |TAMS 0x0000000714400000, 0x0000000714400000| Untracked 
| 151|0x0000000714600000, 0x0000000714800000, 0x0000000714800000|100%| O|  |TAMS 0x0000000714600000, 0x0000000714600000| Untracked 
| 152|0x0000000714800000, 0x0000000714a00000, 0x0000000714a00000|100%| O|  |TAMS 0x0000000714800000, 0x0000000714800000| Untracked 
| 153|0x0000000714a00000, 0x0000000714c00000, 0x0000000714c00000|100%| O|  |TAMS 0x0000000714a00000, 0x0000000714a00000| Untracked 
| 154|0x0000000714c00000, 0x0000000714e00000, 0x0000000714e00000|100%| O|  |TAMS 0x0000000714c00000, 0x0000000714c00000| Untracked 
| 155|0x0000000714e00000, 0x0000000715000000, 0x0000000715000000|100%| O|  |TAMS 0x0000000714e00000, 0x0000000714e00000| Untracked 
| 156|0x0000000715000000, 0x0000000715200000, 0x0000000715200000|100%| O|  |TAMS 0x0000000715000000, 0x0000000715000000| Untracked 
| 157|0x0000000715200000, 0x0000000715400000, 0x0000000715400000|100%| O|  |TAMS 0x0000000715200000, 0x0000000715200000| Untracked 
| 158|0x0000000715400000, 0x00000007154d6400, 0x0000000715600000| 41%| O|  |TAMS 0x0000000715400000, 0x0000000715400000| Untracked 
| 159|0x0000000715600000, 0x0000000715600000, 0x0000000715800000|  0%| F|  |TAMS 0x0000000715600000, 0x0000000715600000| Untracked 
| 160|0x0000000715800000, 0x0000000715800000, 0x0000000715a00000|  0%| F|  |TAMS 0x0000000715800000, 0x0000000715800000| Untracked 
| 161|0x0000000715a00000, 0x0000000715a00000, 0x0000000715c00000|  0%| F|  |TAMS 0x0000000715a00000, 0x0000000715a00000| Untracked 
| 162|0x0000000715c00000, 0x0000000715c00000, 0x0000000715e00000|  0%| F|  |TAMS 0x0000000715c00000, 0x0000000715c00000| Untracked 
| 163|0x0000000715e00000, 0x0000000715e00000, 0x0000000716000000|  0%| F|  |TAMS 0x0000000715e00000, 0x0000000715e00000| Untracked 
| 164|0x0000000716000000, 0x0000000716000000, 0x0000000716200000|  0%| F|  |TAMS 0x0000000716000000, 0x0000000716000000| Untracked 
| 165|0x0000000716200000, 0x0000000716200000, 0x0000000716400000|  0%| F|  |TAMS 0x0000000716200000, 0x0000000716200000| Untracked 
| 166|0x0000000716400000, 0x0000000716400000, 0x0000000716600000|  0%| F|  |TAMS 0x0000000716400000, 0x0000000716400000| Untracked 
| 167|0x0000000716600000, 0x0000000716600000, 0x0000000716800000|  0%| F|  |TAMS 0x0000000716600000, 0x0000000716600000| Untracked 
| 168|0x0000000716800000, 0x0000000716800000, 0x0000000716a00000|  0%| F|  |TAMS 0x0000000716800000, 0x0000000716800000| Untracked 
| 169|0x0000000716a00000, 0x0000000716a00000, 0x0000000716c00000|  0%| F|  |TAMS 0x0000000716a00000, 0x0000000716a00000| Untracked 
| 170|0x0000000716c00000, 0x0000000716c00000, 0x0000000716e00000|  0%| F|  |TAMS 0x0000000716c00000, 0x0000000716c00000| Untracked 
| 171|0x0000000716e00000, 0x0000000716e00000, 0x0000000717000000|  0%| F|  |TAMS 0x0000000716e00000, 0x0000000716e00000| Untracked 
| 172|0x0000000717000000, 0x0000000717000000, 0x0000000717200000|  0%| F|  |TAMS 0x0000000717000000, 0x0000000717000000| Untracked 
| 173|0x0000000717200000, 0x0000000717200000, 0x0000000717400000|  0%| F|  |TAMS 0x0000000717200000, 0x0000000717200000| Untracked 
| 174|0x0000000717400000, 0x0000000717400000, 0x0000000717600000|  0%| F|  |TAMS 0x0000000717400000, 0x0000000717400000| Untracked 
| 175|0x0000000717600000, 0x0000000717600000, 0x0000000717800000|  0%| F|  |TAMS 0x0000000717600000, 0x0000000717600000| Untracked 
| 176|0x0000000717800000, 0x0000000717800000, 0x0000000717a00000|  0%| F|  |TAMS 0x0000000717800000, 0x0000000717800000| Untracked 
| 177|0x0000000717a00000, 0x0000000717a00000, 0x0000000717c00000|  0%| F|  |TAMS 0x0000000717a00000, 0x0000000717a00000| Untracked 
| 178|0x0000000717c00000, 0x0000000717c00000, 0x0000000717e00000|  0%| F|  |TAMS 0x0000000717c00000, 0x0000000717c00000| Untracked 
| 179|0x0000000717e00000, 0x0000000717e00000, 0x0000000718000000|  0%| F|  |TAMS 0x0000000717e00000, 0x0000000717e00000| Untracked 
| 180|0x0000000718000000, 0x0000000718000000, 0x0000000718200000|  0%| F|  |TAMS 0x0000000718000000, 0x0000000718000000| Untracked 
| 181|0x0000000718200000, 0x0000000718200000, 0x0000000718400000|  0%| F|  |TAMS 0x0000000718200000, 0x0000000718200000| Untracked 
| 182|0x0000000718400000, 0x0000000718400000, 0x0000000718600000|  0%| F|  |TAMS 0x0000000718400000, 0x0000000718400000| Untracked 
| 183|0x0000000718600000, 0x0000000718600000, 0x0000000718800000|  0%| F|  |TAMS 0x0000000718600000, 0x0000000718600000| Untracked 
| 184|0x0000000718800000, 0x0000000718800000, 0x0000000718a00000|  0%| F|  |TAMS 0x0000000718800000, 0x0000000718800000| Untracked 
| 185|0x0000000718a00000, 0x0000000718a00000, 0x0000000718c00000|  0%| F|  |TAMS 0x0000000718a00000, 0x0000000718a00000| Untracked 
| 186|0x0000000718c00000, 0x0000000718c00000, 0x0000000718e00000|  0%| F|  |TAMS 0x0000000718c00000, 0x0000000718c00000| Untracked 
| 187|0x0000000718e00000, 0x0000000718e00000, 0x0000000719000000|  0%| F|  |TAMS 0x0000000718e00000, 0x0000000718e00000| Untracked 
| 188|0x0000000719000000, 0x0000000719000000, 0x0000000719200000|  0%| F|  |TAMS 0x0000000719000000, 0x0000000719000000| Untracked 
| 189|0x0000000719200000, 0x0000000719200000, 0x0000000719400000|  0%| F|  |TAMS 0x0000000719200000, 0x0000000719200000| Untracked 
| 190|0x0000000719400000, 0x0000000719400000, 0x0000000719600000|  0%| F|  |TAMS 0x0000000719400000, 0x0000000719400000| Untracked 
| 191|0x0000000719600000, 0x0000000719600000, 0x0000000719800000|  0%| F|  |TAMS 0x0000000719600000, 0x0000000719600000| Untracked 
| 192|0x0000000719800000, 0x0000000719800000, 0x0000000719a00000|  0%| F|  |TAMS 0x0000000719800000, 0x0000000719800000| Untracked 
| 193|0x0000000719a00000, 0x0000000719a00000, 0x0000000719c00000|  0%| F|  |TAMS 0x0000000719a00000, 0x0000000719a00000| Untracked 
| 194|0x0000000719c00000, 0x0000000719c00000, 0x0000000719e00000|  0%| F|  |TAMS 0x0000000719c00000, 0x0000000719c00000| Untracked 
| 195|0x0000000719e00000, 0x0000000719e00000, 0x000000071a000000|  0%| F|  |TAMS 0x0000000719e00000, 0x0000000719e00000| Untracked 
| 196|0x000000071a000000, 0x000000071a000000, 0x000000071a200000|  0%| F|  |TAMS 0x000000071a000000, 0x000000071a000000| Untracked 
| 197|0x000000071a200000, 0x000000071a200000, 0x000000071a400000|  0%| F|  |TAMS 0x000000071a200000, 0x000000071a200000| Untracked 
| 198|0x000000071a400000, 0x000000071a400000, 0x000000071a600000|  0%| F|  |TAMS 0x000000071a400000, 0x000000071a400000| Untracked 
| 199|0x000000071a600000, 0x000000071a600000, 0x000000071a800000|  0%| F|  |TAMS 0x000000071a600000, 0x000000071a600000| Untracked 
| 200|0x000000071a800000, 0x000000071a800000, 0x000000071aa00000|  0%| F|  |TAMS 0x000000071a800000, 0x000000071a800000| Untracked 
| 201|0x000000071aa00000, 0x000000071aa00000, 0x000000071ac00000|  0%| F|  |TAMS 0x000000071aa00000, 0x000000071aa00000| Untracked 
| 202|0x000000071ac00000, 0x000000071ac00000, 0x000000071ae00000|  0%| F|  |TAMS 0x000000071ac00000, 0x000000071ac00000| Untracked 
| 203|0x000000071ae00000, 0x000000071ae00000, 0x000000071b000000|  0%| F|  |TAMS 0x000000071ae00000, 0x000000071ae00000| Untracked 
| 204|0x000000071b000000, 0x000000071b000000, 0x000000071b200000|  0%| F|  |TAMS 0x000000071b000000, 0x000000071b000000| Untracked 
| 205|0x000000071b200000, 0x000000071b400000, 0x000000071b400000|100%| S|CS|TAMS 0x000000071b200000, 0x000000071b200000| Complete 
| 206|0x000000071b400000, 0x000000071b600000, 0x000000071b600000|100%| S|CS|TAMS 0x000000071b400000, 0x000000071b400000| Complete 
| 207|0x000000071b600000, 0x000000071b800000, 0x000000071b800000|100%| S|CS|TAMS 0x000000071b600000, 0x000000071b600000| Complete 
| 208|0x000000071b800000, 0x000000071ba00000, 0x000000071ba00000|100%| S|CS|TAMS 0x000000071b800000, 0x000000071b800000| Complete 
| 209|0x000000071ba00000, 0x000000071bc00000, 0x000000071bc00000|100%| S|CS|TAMS 0x000000071ba00000, 0x000000071ba00000| Complete 
| 210|0x000000071bc00000, 0x000000071be00000, 0x000000071be00000|100%| S|CS|TAMS 0x000000071bc00000, 0x000000071bc00000| Complete 
| 211|0x000000071be00000, 0x000000071c000000, 0x000000071c000000|100%| S|CS|TAMS 0x000000071be00000, 0x000000071be00000| Complete 
| 212|0x000000071c000000, 0x000000071c200000, 0x000000071c200000|100%| S|CS|TAMS 0x000000071c000000, 0x000000071c000000| Complete 
| 213|0x000000071c200000, 0x000000071c400000, 0x000000071c400000|100%| S|CS|TAMS 0x000000071c200000, 0x000000071c200000| Complete 
| 214|0x000000071c400000, 0x000000071c400000, 0x000000071c600000|  0%| F|  |TAMS 0x000000071c400000, 0x000000071c400000| Untracked 
| 215|0x000000071c600000, 0x000000071c600000, 0x000000071c800000|  0%| F|  |TAMS 0x000000071c600000, 0x000000071c600000| Untracked 
| 216|0x000000071c800000, 0x000000071c800000, 0x000000071ca00000|  0%| F|  |TAMS 0x000000071c800000, 0x000000071c800000| Untracked 
| 217|0x000000071ca00000, 0x000000071ca00000, 0x000000071cc00000|  0%| F|  |TAMS 0x000000071ca00000, 0x000000071ca00000| Untracked 
| 218|0x000000071cc00000, 0x000000071cc00000, 0x000000071ce00000|  0%| F|  |TAMS 0x000000071cc00000, 0x000000071cc00000| Untracked 
| 219|0x000000071ce00000, 0x000000071ce00000, 0x000000071d000000|  0%| F|  |TAMS 0x000000071ce00000, 0x000000071ce00000| Untracked 
| 220|0x000000071d000000, 0x000000071d000000, 0x000000071d200000|  0%| F|  |TAMS 0x000000071d000000, 0x000000071d000000| Untracked 
| 221|0x000000071d200000, 0x000000071d200000, 0x000000071d400000|  0%| F|  |TAMS 0x000000071d200000, 0x000000071d200000| Untracked 
| 222|0x000000071d400000, 0x000000071d400000, 0x000000071d600000|  0%| F|  |TAMS 0x000000071d400000, 0x000000071d400000| Untracked 
| 223|0x000000071d600000, 0x000000071d600000, 0x000000071d800000|  0%| F|  |TAMS 0x000000071d600000, 0x000000071d600000| Untracked 
| 224|0x000000071d800000, 0x000000071d800000, 0x000000071da00000|  0%| F|  |TAMS 0x000000071d800000, 0x000000071d800000| Untracked 
| 225|0x000000071da00000, 0x000000071da00000, 0x000000071dc00000|  0%| F|  |TAMS 0x000000071da00000, 0x000000071da00000| Untracked 
| 226|0x000000071dc00000, 0x000000071dc00000, 0x000000071de00000|  0%| F|  |TAMS 0x000000071dc00000, 0x000000071dc00000| Untracked 
| 227|0x000000071de00000, 0x000000071de00000, 0x000000071e000000|  0%| F|  |TAMS 0x000000071de00000, 0x000000071de00000| Untracked 
| 228|0x000000071e000000, 0x000000071e000000, 0x000000071e200000|  0%| F|  |TAMS 0x000000071e000000, 0x000000071e000000| Untracked 
| 229|0x000000071e200000, 0x000000071e200000, 0x000000071e400000|  0%| F|  |TAMS 0x000000071e200000, 0x000000071e200000| Untracked 
| 230|0x000000071e400000, 0x000000071e400000, 0x000000071e600000|  0%| F|  |TAMS 0x000000071e400000, 0x000000071e400000| Untracked 
| 231|0x000000071e600000, 0x000000071e600000, 0x000000071e800000|  0%| F|  |TAMS 0x000000071e600000, 0x000000071e600000| Untracked 
| 232|0x000000071e800000, 0x000000071e800000, 0x000000071ea00000|  0%| F|  |TAMS 0x000000071e800000, 0x000000071e800000| Untracked 
| 233|0x000000071ea00000, 0x000000071ea00000, 0x000000071ec00000|  0%| F|  |TAMS 0x000000071ea00000, 0x000000071ea00000| Untracked 
| 234|0x000000071ec00000, 0x000000071ec00000, 0x000000071ee00000|  0%| F|  |TAMS 0x000000071ec00000, 0x000000071ec00000| Untracked 
| 235|0x000000071ee00000, 0x000000071ee00000, 0x000000071f000000|  0%| F|  |TAMS 0x000000071ee00000, 0x000000071ee00000| Untracked 
| 236|0x000000071f000000, 0x000000071f000000, 0x000000071f200000|  0%| F|  |TAMS 0x000000071f000000, 0x000000071f000000| Untracked 
| 237|0x000000071f200000, 0x000000071f200000, 0x000000071f400000|  0%| F|  |TAMS 0x000000071f200000, 0x000000071f200000| Untracked 
| 238|0x000000071f400000, 0x000000071f400000, 0x000000071f600000|  0%| F|  |TAMS 0x000000071f400000, 0x000000071f400000| Untracked 
| 239|0x000000071f600000, 0x000000071f600000, 0x000000071f800000|  0%| F|  |TAMS 0x000000071f600000, 0x000000071f600000| Untracked 
| 240|0x000000071f800000, 0x000000071f800000, 0x000000071fa00000|  0%| F|  |TAMS 0x000000071f800000, 0x000000071f800000| Untracked 
| 241|0x000000071fa00000, 0x000000071fa00000, 0x000000071fc00000|  0%| F|  |TAMS 0x000000071fa00000, 0x000000071fa00000| Untracked 
| 242|0x000000071fc00000, 0x000000071fc00000, 0x000000071fe00000|  0%| F|  |TAMS 0x000000071fc00000, 0x000000071fc00000| Untracked 
| 243|0x000000071fe00000, 0x000000071fe00000, 0x0000000720000000|  0%| F|  |TAMS 0x000000071fe00000, 0x000000071fe00000| Untracked 
| 244|0x0000000720000000, 0x0000000720000000, 0x0000000720200000|  0%| F|  |TAMS 0x0000000720000000, 0x0000000720000000| Untracked 
| 245|0x0000000720200000, 0x0000000720200000, 0x0000000720400000|  0%| F|  |TAMS 0x0000000720200000, 0x0000000720200000| Untracked 
| 246|0x0000000720400000, 0x0000000720400000, 0x0000000720600000|  0%| F|  |TAMS 0x0000000720400000, 0x0000000720400000| Untracked 
| 247|0x0000000720600000, 0x0000000720600000, 0x0000000720800000|  0%| F|  |TAMS 0x0000000720600000, 0x0000000720600000| Untracked 
| 248|0x0000000720800000, 0x0000000720800000, 0x0000000720a00000|  0%| F|  |TAMS 0x0000000720800000, 0x0000000720800000| Untracked 
| 249|0x0000000720a00000, 0x0000000720a00000, 0x0000000720c00000|  0%| F|  |TAMS 0x0000000720a00000, 0x0000000720a00000| Untracked 
| 250|0x0000000720c00000, 0x0000000720c00000, 0x0000000720e00000|  0%| F|  |TAMS 0x0000000720c00000, 0x0000000720c00000| Untracked 
| 251|0x0000000720e00000, 0x0000000720e00000, 0x0000000721000000|  0%| F|  |TAMS 0x0000000720e00000, 0x0000000720e00000| Untracked 
| 252|0x0000000721000000, 0x0000000721000000, 0x0000000721200000|  0%| F|  |TAMS 0x0000000721000000, 0x0000000721000000| Untracked 
| 253|0x0000000721200000, 0x0000000721200000, 0x0000000721400000|  0%| F|  |TAMS 0x0000000721200000, 0x0000000721200000| Untracked 
| 254|0x0000000721400000, 0x0000000721400000, 0x0000000721600000|  0%| F|  |TAMS 0x0000000721400000, 0x0000000721400000| Untracked 
| 255|0x0000000721600000, 0x0000000721600000, 0x0000000721800000|  0%| F|  |TAMS 0x0000000721600000, 0x0000000721600000| Untracked 
| 256|0x0000000721800000, 0x0000000721800000, 0x0000000721a00000|  0%| F|  |TAMS 0x0000000721800000, 0x0000000721800000| Untracked 
| 257|0x0000000721a00000, 0x0000000721a00000, 0x0000000721c00000|  0%| F|  |TAMS 0x0000000721a00000, 0x0000000721a00000| Untracked 
| 258|0x0000000721c00000, 0x0000000721c00000, 0x0000000721e00000|  0%| F|  |TAMS 0x0000000721c00000, 0x0000000721c00000| Untracked 
| 259|0x0000000721e00000, 0x0000000721e00000, 0x0000000722000000|  0%| F|  |TAMS 0x0000000721e00000, 0x0000000721e00000| Untracked 
| 260|0x0000000722000000, 0x0000000722000000, 0x0000000722200000|  0%| F|  |TAMS 0x0000000722000000, 0x0000000722000000| Untracked 
| 261|0x0000000722200000, 0x0000000722200000, 0x0000000722400000|  0%| F|  |TAMS 0x0000000722200000, 0x0000000722200000| Untracked 
| 262|0x0000000722400000, 0x0000000722400000, 0x0000000722600000|  0%| F|  |TAMS 0x0000000722400000, 0x0000000722400000| Untracked 
| 263|0x0000000722600000, 0x0000000722600000, 0x0000000722800000|  0%| F|  |TAMS 0x0000000722600000, 0x0000000722600000| Untracked 
| 264|0x0000000722800000, 0x0000000722800000, 0x0000000722a00000|  0%| F|  |TAMS 0x0000000722800000, 0x0000000722800000| Untracked 
| 265|0x0000000722a00000, 0x0000000722a00000, 0x0000000722c00000|  0%| F|  |TAMS 0x0000000722a00000, 0x0000000722a00000| Untracked 
| 266|0x0000000722c00000, 0x0000000722c00000, 0x0000000722e00000|  0%| F|  |TAMS 0x0000000722c00000, 0x0000000722c00000| Untracked 
| 267|0x0000000722e00000, 0x0000000722e00000, 0x0000000723000000|  0%| F|  |TAMS 0x0000000722e00000, 0x0000000722e00000| Untracked 
| 268|0x0000000723000000, 0x0000000723000000, 0x0000000723200000|  0%| F|  |TAMS 0x0000000723000000, 0x0000000723000000| Untracked 
| 269|0x0000000723200000, 0x0000000723200000, 0x0000000723400000|  0%| F|  |TAMS 0x0000000723200000, 0x0000000723200000| Untracked 

Card table byte_map: [0x0000019036940000,0x0000019037140000] _byte_map_base: 0x0000019033134000

Marking Bits (Prev, Next): (CMBitMap*) 0x000001901ebb2dd0, (CMBitMap*) 0x000001901ebb2d90
 Prev Bits: [0x000001903b8e0000, 0x000001903f880000)
 Next Bits: [0x0000019037940000, 0x000001903b8e0000)

Polling page: 0x000001901d2d0000

Metaspace:

Usage:
  Non-class:     59.77 MB used.
      Class:      6.56 MB used.
       Both:     66.33 MB used.

Virtual space:
  Non-class space:       64.00 MB reserved,      60.50 MB ( 95%) committed,  1 nodes.
      Class space:        1.00 GB reserved,       7.19 MB ( <1%) committed,  1 nodes.
             Both:        1.06 GB reserved,      67.69 MB (  6%) committed. 

Chunk freelists:
   Non-Class:  2.85 MB
       Class:  884.00 KB
        Both:  3.71 MB

MaxMetaspaceSize: unlimited
CompressedClassSpaceSize: 1.00 GB
Initial GC threshold: 21.00 MB
Current GC threshold: 101.06 MB
CDS: on
MetaspaceReclaimPolicy: balanced
 - commit_granule_bytes: 65536.
 - commit_granule_words: 8192.
 - virtual_space_node_default_size: 8388608.
 - enlarge_chunks_in_place: 1.
 - new_chunks_are_fully_committed: 0.
 - uncommit_free_chunks: 1.
 - use_allocation_guard: 0.


Internal statistics:

num_allocs_failed_limit: 8.
num_arena_births: 1244.
num_arena_deaths: 14.
num_vsnodes_births: 2.
num_vsnodes_deaths: 0.
num_space_committed: 1083.
num_space_uncommitted: 0.
num_chunks_returned_to_freelist: 22.
num_chunks_taken_from_freelist: 4567.
num_chunk_merges: 10.
num_chunk_splits: 2740.
num_chunks_enlarged: 1503.
num_inconsistent_stats: 0.

CodeHeap 'non-profiled nmethods': size=120000Kb used=9388Kb max_used=9388Kb free=110611Kb
 bounds [0x000001902dfa0000, 0x000001902e8d0000, 0x00000190354d0000]
CodeHeap 'profiled nmethods': size=120000Kb used=26483Kb max_used=27382Kb free=93517Kb
 bounds [0x0000019026a70000, 0x0000019028530000, 0x000001902dfa0000]
CodeHeap 'non-nmethods': size=5760Kb used=1397Kb max_used=1490Kb free=4362Kb
 bounds [0x00000190264d0000, 0x0000019026740000, 0x0000019026a70000]
 total_blobs=12465 nmethods=11738 adapters=636
 compilation: enabled
              stopped_count=0, restarted_count=0
 full_count=0

Compilation events (20 events):
Event: 30.966 Thread 0x000001904646e780 nmethod 14489 0x0000019027c0b010 code [0x0000019027c0b360, 0x0000019027c0cdf8]
Event: 31.016 Thread 0x000001904646e780 14491       3       org.eclipse.jdt.internal.core.search.indexing.AbstractIndexer::addModuleExportedPackages (42 bytes)
Event: 31.017 Thread 0x000001904646e780 nmethod 14491 0x0000019027965510 code [0x0000019027965700, 0x0000019027965d88]
Event: 31.049 Thread 0x000001904646e780 14492       3       org.eclipse.jdt.internal.core.nd.java.model.BinaryTypeFactory::createDescriptor (219 bytes)
Event: 31.049 Thread 0x0000019053ab6fb0 nmethod 14474 0x000001902e8b5c90 code [0x000001902e8b60e0, 0x000001902e8ba018]
Event: 31.049 Thread 0x0000019053ab6fb0 14481       4       org.eclipse.jdt.internal.core.ClassFile::buildStructure (63 bytes)
Event: 31.056 Thread 0x000001904646e780 nmethod 14492 0x0000019028328910 code [0x0000019028329380, 0x000001902832fe28]
Event: 31.058 Thread 0x0000019053a2f8a0 nmethod 14477 0x000001902e8bd590 code [0x000001902e8bd9c0, 0x000001902e8c16c0]
Event: 31.058 Thread 0x0000019053a2f8a0 14483   !   4       org.eclipse.jdt.internal.core.AbstractClassFile::validateClassFile (66 bytes)
Event: 31.073 Thread 0x0000019053a2f8a0 nmethod 14483 0x000001902e8c4a90 code [0x000001902e8c4ce0, 0x000001902e8c54e0]
Event: 31.074 Thread 0x0000019053a2f8a0 14480       4       org.eclipse.jdt.internal.core.nd.util.CharArrayUtils::indexOf (25 bytes)
Event: 31.077 Thread 0x0000019053a2f8a0 nmethod 14480 0x000001902e8c5e90 code [0x000001902e8c6000, 0x000001902e8c61f8]
Event: 31.078 Thread 0x0000019053a2f8a0 14487       4       org.eclipse.jdt.core.compiler.CharOperation::indexOf (270 bytes)
Event: 31.100 Thread 0x0000019053ab6fb0 nmethod 14481 0x000001902e8c6310 code [0x000001902e8c6560, 0x000001902e8c7bc0]
Event: 31.101 Thread 0x0000019053ab6fb0 14490       4       java.lang.invoke.LambdaForm$MH/0x0000000800d05800::invoke (27 bytes)
Event: 31.102 Thread 0x0000019053ab6fb0 nmethod 14490 0x000001902e8c8a90 code [0x000001902e8c8c20, 0x000001902e8c8d18]
Event: 31.102 Thread 0x0000019053ab6fb0 14493       4       java.lang.invoke.LambdaForm$MH/0x0000000800d06000::invoke (148 bytes)
Event: 31.106 Thread 0x0000019053ab6fb0 nmethod 14493 0x000001902e8c8e90 code [0x000001902e8c90a0, 0x000001902e8c9460]
Event: 31.107 Thread 0x0000019053ab6fb0 14486       4       org.eclipse.jdt.internal.core.JarPackageFragmentRoot::equals (55 bytes)
Event: 31.109 Thread 0x0000019053a2f8a0 nmethod 14487 0x000001902e8c9c10 code [0x000001902e8c9e00, 0x000001902e8caa98]

GC Heap History (20 events):
Event: 21.122 GC heap after
{Heap after GC invocations=41 (full 0):
 garbage-first heap   total 362496K, used 73338K [0x0000000701800000, 0x0000000800000000)
  region size 2048K, 5 young (10240K), 5 survivors (10240K)
 Metaspace       used 65598K, committed 67008K, reserved 1114112K
  class space    used 6500K, committed 7168K, reserved 1048576K
}
Event: 24.349 GC heap before
{Heap before GC invocations=41 (full 0):
 garbage-first heap   total 362496K, used 284282K [0x0000000701800000, 0x0000000800000000)
  region size 2048K, 106 young (217088K), 5 survivors (10240K)
 Metaspace       used 66977K, committed 68352K, reserved 1114112K
  class space    used 6597K, committed 7232K, reserved 1048576K
}
Event: 24.356 GC heap after
{Heap after GC invocations=42 (full 0):
 garbage-first heap   total 362496K, used 74013K [0x0000000701800000, 0x0000000800000000)
  region size 2048K, 5 young (10240K), 5 survivors (10240K)
 Metaspace       used 66977K, committed 68352K, reserved 1114112K
  class space    used 6597K, committed 7232K, reserved 1048576K
}
Event: 25.581 GC heap before
{Heap before GC invocations=42 (full 0):
 garbage-first heap   total 362496K, used 280861K [0x0000000701800000, 0x0000000800000000)
  region size 2048K, 106 young (217088K), 5 survivors (10240K)
 Metaspace       used 66985K, committed 68352K, reserved 1114112K
  class space    used 6597K, committed 7232K, reserved 1048576K
}
Event: 25.588 GC heap after
{Heap after GC invocations=43 (full 0):
 garbage-first heap   total 362496K, used 76810K [0x0000000701800000, 0x0000000800000000)
  region size 2048K, 6 young (12288K), 6 survivors (12288K)
 Metaspace       used 66985K, committed 68352K, reserved 1114112K
  class space    used 6597K, committed 7232K, reserved 1048576K
}
Event: 27.516 GC heap before
{Heap before GC invocations=43 (full 0):
 garbage-first heap   total 362496K, used 279562K [0x0000000701800000, 0x0000000800000000)
  region size 2048K, 106 young (217088K), 6 survivors (12288K)
 Metaspace       used 67844K, committed 69184K, reserved 1114112K
  class space    used 6707K, committed 7296K, reserved 1048576K
}
Event: 27.552 GC heap after
{Heap after GC invocations=44 (full 0):
 garbage-first heap   total 362496K, used 103390K [0x0000000701800000, 0x0000000800000000)
  region size 2048K, 14 young (28672K), 14 survivors (28672K)
 Metaspace       used 67844K, committed 69184K, reserved 1114112K
  class space    used 6707K, committed 7296K, reserved 1048576K
}
Event: 28.410 GC heap before
{Heap before GC invocations=44 (full 0):
 garbage-first heap   total 362496K, used 283614K [0x0000000701800000, 0x0000000800000000)
  region size 2048K, 101 young (206848K), 14 survivors (28672K)
 Metaspace       used 67894K, committed 69312K, reserved 1114112K
  class space    used 6714K, committed 7360K, reserved 1048576K
}
Event: 28.457 GC heap after
{Heap after GC invocations=45 (full 0):
 garbage-first heap   total 362496K, used 147793K [0x0000000701800000, 0x0000000800000000)
  region size 2048K, 13 young (26624K), 13 survivors (26624K)
 Metaspace       used 67894K, committed 69312K, reserved 1114112K
  class space    used 6714K, committed 7360K, reserved 1048576K
}
Event: 28.782 GC heap before
{Heap before GC invocations=45 (full 0):
 garbage-first heap   total 362496K, used 268625K [0x0000000701800000, 0x0000000800000000)
  region size 2048K, 72 young (147456K), 13 survivors (26624K)
 Metaspace       used 67916K, committed 69312K, reserved 1114112K
  class space    used 6715K, committed 7360K, reserved 1048576K
}
Event: 28.819 GC heap after
{Heap after GC invocations=46 (full 0):
 garbage-first heap   total 362496K, used 174897K [0x0000000701800000, 0x0000000800000000)
  region size 2048K, 9 young (18432K), 9 survivors (18432K)
 Metaspace       used 67916K, committed 69312K, reserved 1114112K
  class space    used 6715K, committed 7360K, reserved 1048576K
}
Event: 29.058 GC heap before
{Heap before GC invocations=46 (full 0):
 garbage-first heap   total 362496K, used 275249K [0x0000000701800000, 0x0000000800000000)
  region size 2048K, 58 young (118784K), 9 survivors (18432K)
 Metaspace       used 67916K, committed 69312K, reserved 1114112K
  class space    used 6715K, committed 7360K, reserved 1048576K
}
Event: 29.088 GC heap after
{Heap after GC invocations=47 (full 0):
 garbage-first heap   total 552960K, used 200325K [0x0000000701800000, 0x0000000800000000)
  region size 2048K, 8 young (16384K), 8 survivors (16384K)
 Metaspace       used 67916K, committed 69312K, reserved 1114112K
  class space    used 6715K, committed 7360K, reserved 1048576K
}
Event: 29.719 GC heap before
{Heap before GC invocations=47 (full 0):
 garbage-first heap   total 552960K, used 401029K [0x0000000701800000, 0x0000000800000000)
  region size 2048K, 104 young (212992K), 8 survivors (16384K)
 Metaspace       used 67917K, committed 69312K, reserved 1114112K
  class space    used 6715K, committed 7360K, reserved 1048576K
}
Event: 29.757 GC heap after
{Heap after GC invocations=48 (full 0):
 garbage-first heap   total 552960K, used 249855K [0x0000000701800000, 0x0000000800000000)
  region size 2048K, 13 young (26624K), 13 survivors (26624K)
 Metaspace       used 67917K, committed 69312K, reserved 1114112K
  class space    used 6715K, committed 7360K, reserved 1048576K
}
Event: 30.217 GC heap before
{Heap before GC invocations=48 (full 0):
 garbage-first heap   total 552960K, used 411647K [0x0000000701800000, 0x0000000800000000)
  region size 2048K, 92 young (188416K), 13 survivors (26624K)
 Metaspace       used 67917K, committed 69312K, reserved 1114112K
  class space    used 6715K, committed 7360K, reserved 1048576K
}
Event: 30.264 GC heap after
{Heap after GC invocations=49 (full 0):
 garbage-first heap   total 552960K, used 286719K [0x0000000701800000, 0x0000000800000000)
  region size 2048K, 12 young (24576K), 12 survivors (24576K)
 Metaspace       used 67917K, committed 69312K, reserved 1114112K
  class space    used 6715K, committed 7360K, reserved 1048576K
}
Event: 30.654 GC heap before
{Heap before GC invocations=49 (full 0):
 garbage-first heap   total 552960K, used 425983K [0x0000000701800000, 0x0000000800000000)
  region size 2048K, 79 young (161792K), 12 survivors (24576K)
 Metaspace       used 67917K, committed 69312K, reserved 1114112K
  class space    used 6715K, committed 7360K, reserved 1048576K
}
Event: 30.694 GC heap after
{Heap after GC invocations=50 (full 0):
 garbage-first heap   total 552960K, used 321253K [0x0000000701800000, 0x0000000800000000)
  region size 2048K, 10 young (20480K), 10 survivors (20480K)
 Metaspace       used 67917K, committed 69312K, reserved 1114112K
  class space    used 6715K, committed 7360K, reserved 1048576K
}
Event: 31.113 GC heap before
{Heap before GC invocations=50 (full 0):
 garbage-first heap   total 552960K, used 435941K [0x0000000701800000, 0x0000000800000000)
  region size 2048K, 66 young (135168K), 10 survivors (20480K)
 Metaspace       used 67922K, committed 69312K, reserved 1114112K
  class space    used 6715K, committed 7360K, reserved 1048576K
}

Deoptimization events (20 events):
Event: 30.960 Thread 0x0000019046c3ba40 DEOPT PACKING pc=0x000001902e815218 sp=0x000000811e5fd360
Event: 30.960 Thread 0x0000019046c3ba40 DEOPT UNPACKING pc=0x00000190265223a3 sp=0x000000811e5fd348 mode 2
Event: 30.962 Thread 0x0000019046c3ba40 DEOPT PACKING pc=0x00000190284d3fd2 sp=0x000000811e5fd290
Event: 30.962 Thread 0x0000019046c3ba40 DEOPT UNPACKING pc=0x0000019026522b43 sp=0x000000811e5fc710 mode 0
Event: 30.973 Thread 0x0000019046c3ba40 DEOPT PACKING pc=0x00000190284d3fd2 sp=0x000000811e5fd290
Event: 30.974 Thread 0x0000019046c3ba40 DEOPT UNPACKING pc=0x0000019026522b43 sp=0x000000811e5fc710 mode 0
Event: 30.981 Thread 0x0000019046c3ba40 DEOPT PACKING pc=0x0000019027c36ba3 sp=0x000000811e5fd210
Event: 30.981 Thread 0x0000019046c3ba40 DEOPT UNPACKING pc=0x0000019026522b43 sp=0x000000811e5fc688 mode 0
Event: 30.984 Thread 0x0000019046c3ba40 DEOPT PACKING pc=0x00000190284d3fd2 sp=0x000000811e5fd290
Event: 30.984 Thread 0x0000019046c3ba40 DEOPT UNPACKING pc=0x0000019026522b43 sp=0x000000811e5fc710 mode 0
Event: 31.046 Thread 0x0000019046c3ba40 DEOPT PACKING pc=0x00000190284d3fd2 sp=0x000000811e5fd290
Event: 31.046 Thread 0x0000019046c3ba40 DEOPT UNPACKING pc=0x0000019026522b43 sp=0x000000811e5fc710 mode 0
Event: 31.059 Thread 0x0000019046c3ba40 DEOPT PACKING pc=0x00000190284d3fd2 sp=0x000000811e5fd330
Event: 31.059 Thread 0x0000019046c3ba40 DEOPT UNPACKING pc=0x0000019026522b43 sp=0x000000811e5fc7b0 mode 0
Event: 31.067 Thread 0x0000019046c3ba40 DEOPT PACKING pc=0x00000190284d3fd2 sp=0x000000811e5fd330
Event: 31.067 Thread 0x0000019046c3ba40 DEOPT UNPACKING pc=0x0000019026522b43 sp=0x000000811e5fc7b0 mode 0
Event: 31.069 Thread 0x0000019046c3ba40 DEOPT PACKING pc=0x0000019027c36ba3 sp=0x000000811e5fd2b0
Event: 31.070 Thread 0x0000019046c3ba40 DEOPT UNPACKING pc=0x0000019026522b43 sp=0x000000811e5fc728 mode 0
Event: 31.077 Thread 0x0000019046c3ba40 DEOPT PACKING pc=0x00000190284d3fd2 sp=0x000000811e5fd330
Event: 31.077 Thread 0x0000019046c3ba40 DEOPT UNPACKING pc=0x0000019026522b43 sp=0x000000811e5fc7b0 mode 0

Classes loaded (20 events):
Event: 18.366 Loading class java/util/concurrent/CompletableFuture$UniExceptionally
Event: 18.366 Loading class java/util/concurrent/CompletableFuture$UniExceptionally done
Event: 18.514 Loading class java/util/Collections$SynchronizedRandomAccessList
Event: 18.514 Loading class java/util/Collections$SynchronizedList
Event: 18.514 Loading class java/util/Collections$SynchronizedList done
Event: 18.514 Loading class java/util/Collections$SynchronizedRandomAccessList done
Event: 18.662 Loading class java/nio/charset/CharacterCodingException
Event: 18.662 Loading class java/nio/charset/CharacterCodingException done
Event: 18.662 Loading class java/io/SequenceInputStream
Event: 18.662 Loading class java/io/SequenceInputStream done
Event: 18.766 Loading class java/util/concurrent/CompletableFuture$Signaller
Event: 18.767 Loading class java/util/concurrent/CompletableFuture$Signaller done
Event: 18.980 Loading class java/util/Hashtable$KeySet
Event: 18.981 Loading class java/util/Hashtable$KeySet done
Event: 19.342 Loading class java/util/regex/Pattern$1
Event: 19.343 Loading class java/util/regex/Pattern$1 done
Event: 19.373 Loading class java/io/FileReader
Event: 19.374 Loading class java/io/FileReader done
Event: 19.378 Loading class java/lang/UnsupportedClassVersionError
Event: 19.378 Loading class java/lang/UnsupportedClassVersionError done

Classes unloaded (7 events):
Event: 7.834 Thread 0x0000019036123640 Unloading class 0x0000000800db4000 'java/lang/invoke/LambdaForm$MH+0x0000000800db4000'
Event: 7.835 Thread 0x0000019036123640 Unloading class 0x0000000800db3c00 'java/lang/invoke/LambdaForm$MH+0x0000000800db3c00'
Event: 7.835 Thread 0x0000019036123640 Unloading class 0x0000000800db3800 'java/lang/invoke/LambdaForm$MH+0x0000000800db3800'
Event: 7.835 Thread 0x0000019036123640 Unloading class 0x0000000800db3400 'java/lang/invoke/LambdaForm$MH+0x0000000800db3400'
Event: 7.835 Thread 0x0000019036123640 Unloading class 0x0000000800db3000 'java/lang/invoke/LambdaForm$BMH+0x0000000800db3000'
Event: 7.835 Thread 0x0000019036123640 Unloading class 0x0000000800db2c00 'java/lang/invoke/LambdaForm$DMH+0x0000000800db2c00'
Event: 7.835 Thread 0x0000019036123640 Unloading class 0x0000000800db1800 'java/lang/invoke/LambdaForm$DMH+0x0000000800db1800'

Classes redefined (0 events):
No events

Internal exceptions (20 events):
Event: 25.856 Thread 0x00000190478f0730 Exception <a 'sun/nio/fs/WindowsException'{0x0000000715952a98}> (0x0000000715952a98) 
thrown [s\open\src\hotspot\share\prims\jni.cpp, line 516]
Event: 25.923 Thread 0x00000190478f0730 Exception <a 'sun/nio/fs/WindowsException'{0x00000007156ddf98}> (0x00000007156ddf98) 
thrown [s\open\src\hotspot\share\prims\jni.cpp, line 516]
Event: 26.109 Thread 0x00000190478f0730 Exception <a 'sun/nio/fs/WindowsException'{0x0000000713fcb3a8}> (0x0000000713fcb3a8) 
thrown [s\open\src\hotspot\share\prims\jni.cpp, line 516]
Event: 26.186 Thread 0x00000190478f0730 Exception <a 'sun/nio/fs/WindowsException'{0x0000000713b59188}> (0x0000000713b59188) 
thrown [s\open\src\hotspot\share\prims\jni.cpp, line 516]
Event: 26.249 Thread 0x0000019046c3ba40 Exception <a 'java/lang/IncompatibleClassChangeError'{0x00000007136ca818}: Found class java.lang.Object, but interface was expected> (0x00000007136ca818) 
thrown [s\open\src\hotspot\share\interpreter\linkResolver.cpp, line 826]
Event: 26.263 Thread 0x00000190478f0730 Exception <a 'sun/nio/fs/WindowsException'{0x000000071397e318}> (0x000000071397e318) 
thrown [s\open\src\hotspot\share\prims\jni.cpp, line 516]
Event: 26.350 Thread 0x00000190478f0730 Exception <a 'sun/nio/fs/WindowsException'{0x000000071345f3f8}> (0x000000071345f3f8) 
thrown [s\open\src\hotspot\share\prims\jni.cpp, line 516]
Event: 26.356 Thread 0x0000019046c3ba40 Exception <a 'java/lang/ArrayIndexOutOfBoundsException'{0x00000007133286b0}: Index 2043 out of bounds for length 2043> (0x00000007133286b0) 
thrown [s\open\src\hotspot\share\interpreter\interpreterRuntime.cpp, line 431]
Event: 26.356 Thread 0x0000019046c3ba40 Exception <a 'java/lang/ArrayIndexOutOfBoundsException'{0x0000000713328ce0}: Index 2043 out of bounds for length 2043> (0x0000000713328ce0) 
thrown [s\open\src\hotspot\share\interpreter\interpreterRuntime.cpp, line 431]
Event: 26.356 Thread 0x0000019046c3ba40 Exception <a 'java/lang/ArrayIndexOutOfBoundsException'{0x0000000713329068}: Index 2044 out of bounds for length 2043> (0x0000000713329068) 
thrown [s\open\src\hotspot\share\interpreter\interpreterRuntime.cpp, line 431]
Event: 26.578 Thread 0x00000190478f0730 Exception <a 'sun/nio/fs/WindowsException'{0x0000000712ced1c0}> (0x0000000712ced1c0) 
thrown [s\open\src\hotspot\share\prims\jni.cpp, line 516]
Event: 26.712 Thread 0x00000190478f0730 Exception <a 'sun/nio/fs/WindowsException'{0x000000071278c678}> (0x000000071278c678) 
thrown [s\open\src\hotspot\share\prims\jni.cpp, line 516]
Event: 27.233 Thread 0x00000190478f0730 Exception <a 'sun/nio/fs/WindowsException'{0x000000071029d330}> (0x000000071029d330) 
thrown [s\open\src\hotspot\share\prims\jni.cpp, line 516]
Event: 27.357 Thread 0x0000019046c3ba40 Implicit null exception at 0x000001902dfff68f to 0x000001902dfffd10
Event: 27.357 Thread 0x0000019046c3ba40 Implicit null exception at 0x000001902e6ad965 to 0x000001902e6ae0fc
Event: 27.643 Thread 0x00000190478f0730 Exception <a 'sun/nio/fs/WindowsException'{0x0000000716d90488}> (0x0000000716d90488) 
thrown [s\open\src\hotspot\share\prims\jni.cpp, line 516]
Event: 28.079 Thread 0x00000190478f0730 Exception <a 'sun/nio/fs/WindowsException'{0x00000007143caa88}> (0x00000007143caa88) 
thrown [s\open\src\hotspot\share\prims\jni.cpp, line 516]
Event: 28.372 Thread 0x00000190478f0730 Implicit null exception at 0x000001902e2f8f2f to 0x000001902e2f905c
Event: 28.372 Thread 0x00000190478f0730 Implicit null exception at 0x000001902e75d97f to 0x000001902e75f40c
Event: 28.372 Thread 0x00000190478f0730 Implicit null exception at 0x000001902e713233 to 0x000001902e716478

VM Operations (20 events):
Event: 26.597 Executing VM operation: Cleanup done
Event: 26.731 Executing VM operation: HandshakeAllThreads
Event: 26.731 Executing VM operation: HandshakeAllThreads done
Event: 27.516 Executing VM operation: G1CollectForAllocation
Event: 27.557 Executing VM operation: G1CollectForAllocation done
Event: 28.410 Executing VM operation: G1CollectForAllocation
Event: 28.457 Executing VM operation: G1CollectForAllocation done
Event: 28.782 Executing VM operation: G1CollectForAllocation
Event: 28.822 Executing VM operation: G1CollectForAllocation done
Event: 29.058 Executing VM operation: G1CollectForAllocation
Event: 29.088 Executing VM operation: G1CollectForAllocation done
Event: 29.709 Executing VM operation: HandshakeAllThreads
Event: 29.709 Executing VM operation: HandshakeAllThreads done
Event: 29.718 Executing VM operation: G1CollectForAllocation
Event: 29.757 Executing VM operation: G1CollectForAllocation done
Event: 30.217 Executing VM operation: G1CollectForAllocation
Event: 30.264 Executing VM operation: G1CollectForAllocation done
Event: 30.654 Executing VM operation: G1CollectForAllocation
Event: 30.706 Executing VM operation: G1CollectForAllocation done
Event: 31.113 Executing VM operation: G1CollectForAllocation

Events (20 events):
Event: 26.632 Thread 0x0000019046471800 flushing nmethod 0x00000190284e4010
Event: 26.632 Thread 0x0000019046471800 flushing nmethod 0x00000190284f3510
Event: 29.709 Thread 0x0000019046471800 flushing nmethod 0x000001902dff6f10
Event: 29.710 Thread 0x0000019046471800 flushing nmethod 0x000001902e048d90
Event: 29.711 Thread 0x0000019046471800 flushing nmethod 0x000001902e218210
Event: 29.712 Thread 0x0000019046471800 flushing nmethod 0x000001902e2c6f90
Event: 29.713 Thread 0x0000019046471800 flushing nmethod 0x000001902e5e9690
Event: 29.713 Thread 0x0000019046471800 flushing nmethod 0x000001902e5ed090
Event: 29.713 Thread 0x0000019046471800 flushing nmethod 0x000001902e6bd590
Event: 29.713 Thread 0x0000019046471800 flushing nmethod 0x000001902e70c790
Event: 29.767 Thread 0x0000019046471800 flushing nmethod 0x00000190278f6c90
Event: 29.768 Thread 0x0000019046471800 flushing nmethod 0x0000019027a32290
Event: 29.768 Thread 0x0000019046471800 flushing nmethod 0x0000019027b1ab90
Event: 29.769 Thread 0x0000019046471800 flushing nmethod 0x0000019027c8e890
Event: 29.769 Thread 0x0000019046471800 flushing nmethod 0x0000019027ca1290
Event: 29.769 Thread 0x0000019046471800 flushing nmethod 0x0000019027d0bc90
Event: 29.770 Thread 0x0000019046471800 flushing nmethod 0x0000019027d7aa90
Event: 29.770 Thread 0x0000019046471800 flushing nmethod 0x0000019027ddbb90
Event: 29.771 Thread 0x0000019046471800 flushing nmethod 0x0000019028036710
Event: 29.775 Thread 0x0000019046471800 flushing nmethod 0x00000190284ce890


Dynamic libraries:
0x00007ff6e3190000 - 0x00007ff6e31a0000 	C:\Program Files\Java\jdk-18.0.2.1\bin\java.exe
0x00007ffc06f00000 - 0x00007ffc07109000 	C:\WINDOWS\SYSTEM32\ntdll.dll
0x00007ffc05d90000 - 0x00007ffc05e4d000 	C:\WINDOWS\System32\KERNEL32.DLL
0x00007ffc046c0000 - 0x00007ffc04a44000 	C:\WINDOWS\System32\KERNELBASE.dll
0x00007ffc04ad0000 - 0x00007ffc04be1000 	C:\WINDOWS\System32\ucrtbase.dll
0x00007ffbdff60000 - 0x00007ffbdff7a000 	C:\Program Files\Java\jdk-18.0.2.1\bin\VCRUNTIME140.dll
0x00007ffbe1710000 - 0x00007ffbe1728000 	C:\Program Files\Java\jdk-18.0.2.1\bin\jli.dll
0x00007ffc05ae0000 - 0x00007ffc05b8e000 	C:\WINDOWS\System32\ADVAPI32.dll
0x00007ffc05120000 - 0x00007ffc051c3000 	C:\WINDOWS\System32\msvcrt.dll
0x00007ffc05f50000 - 0x00007ffc05fee000 	C:\WINDOWS\System32\sechost.dll
0x00007ffc06010000 - 0x00007ffc06131000 	C:\WINDOWS\System32\RPCRT4.dll
0x00007ffc05b90000 - 0x00007ffc05d3d000 	C:\WINDOWS\System32\USER32.dll
0x00007ffc04d20000 - 0x00007ffc04d46000 	C:\WINDOWS\System32\win32u.dll
0x00007ffc05d40000 - 0x00007ffc05d6a000 	C:\WINDOWS\System32\GDI32.dll
0x00007ffc045a0000 - 0x00007ffc046be000 	C:\WINDOWS\System32\gdi32full.dll
0x00007ffc04500000 - 0x00007ffc0459d000 	C:\WINDOWS\System32\msvcp_win.dll
0x00007ffbf5f70000 - 0x00007ffbf6215000 	C:\WINDOWS\WinSxS\amd64_microsoft.windows.common-controls_6595b64144ccf1df_6.0.22000.120_none_9d947278b86cc467\COMCTL32.dll
0x00007ffc03d40000 - 0x00007ffc03d4a000 	C:\WINDOWS\SYSTEM32\VERSION.dll
0x00007ffc06e80000 - 0x00007ffc06eb1000 	C:\WINDOWS\System32\IMM32.DLL
0x00007ffc03d50000 - 0x00007ffc03e47000 	C:\Windows\system32\guard64.dll
0x00007ffc069f0000 - 0x00007ffc06b8a000 	C:\WINDOWS\System32\ole32.dll
0x00007ffc05760000 - 0x00007ffc05ad6000 	C:\WINDOWS\System32\combase.dll
0x00007ffc03d30000 - 0x00007ffc03d3b000 	C:\WINDOWS\system32\fltlib.dll
0x00007ffc061c0000 - 0x00007ffc06985000 	C:\WINDOWS\System32\shell32.dll
0x00007ffbe95a0000 - 0x00007ffbe95ac000 	C:\Program Files\Java\jdk-18.0.2.1\bin\vcruntime140_1.dll
0x00007ffbbe000000 - 0x00007ffbbe08d000 	C:\Program Files\Java\jdk-18.0.2.1\bin\msvcp140.dll
0x00007ffbbd3e0000 - 0x00007ffbbdff1000 	C:\Program Files\Java\jdk-18.0.2.1\bin\server\jvm.dll
0x00007ffc05f40000 - 0x00007ffc05f48000 	C:\WINDOWS\System32\PSAPI.DLL
0x00007ffbe78f0000 - 0x00007ffbe78f9000 	C:\WINDOWS\SYSTEM32\WSOCK32.dll
0x00007ffc05020000 - 0x00007ffc0508f000 	C:\WINDOWS\System32\WS2_32.dll
0x00007ffbfb9f0000 - 0x00007ffbfba23000 	C:\WINDOWS\SYSTEM32\WINMM.dll
0x00007ffc03240000 - 0x00007ffc03258000 	C:\WINDOWS\SYSTEM32\kernel.appcore.dll
0x00007ffbe1580000 - 0x00007ffbe158a000 	C:\Program Files\Java\jdk-18.0.2.1\bin\jimage.dll
0x00007ffc01f40000 - 0x00007ffc02161000 	C:\WINDOWS\SYSTEM32\DBGHELP.DLL
0x00007ffbe8c40000 - 0x00007ffbe8c71000 	C:\WINDOWS\SYSTEM32\dbgcore.DLL
0x00007ffc04a50000 - 0x00007ffc04acf000 	C:\WINDOWS\System32\bcryptPrimitives.dll
0x00007ffbe09e0000 - 0x00007ffbe09ee000 	C:\Program Files\Java\jdk-18.0.2.1\bin\instrument.dll
0x00007ffbd9100000 - 0x00007ffbd9125000 	C:\Program Files\Java\jdk-18.0.2.1\bin\java.dll
0x00007ffbbd300000 - 0x00007ffbbd3d6000 	C:\Program Files\Java\jdk-18.0.2.1\bin\jsvml.dll
0x00007ffc02300000 - 0x00007ffc02b62000 	C:\WINDOWS\SYSTEM32\windows.storage.dll
0x00007ffc02190000 - 0x00007ffc022f7000 	C:\WINDOWS\SYSTEM32\wintypes.dll
0x00007ffc04e40000 - 0x00007ffc04f2a000 	C:\WINDOWS\System32\SHCORE.dll
0x00007ffc06990000 - 0x00007ffc069ed000 	C:\WINDOWS\System32\shlwapi.dll
0x00007ffc042c0000 - 0x00007ffc042e5000 	C:\WINDOWS\SYSTEM32\profapi.dll
0x00007ffbd9060000 - 0x00007ffbd9078000 	C:\Program Files\Java\jdk-18.0.2.1\bin\zip.dll
0x00007ffbd9040000 - 0x00007ffbd9053000 	C:\Program Files\Java\jdk-18.0.2.1\bin\net.dll
0x00007ffbfeeb0000 - 0x00007ffbfefc4000 	C:\WINDOWS\SYSTEM32\WINHTTP.dll
0x00007ffc03740000 - 0x00007ffc037a7000 	C:\WINDOWS\system32\mswsock.dll
0x00007ffbd8270000 - 0x00007ffbd8286000 	C:\Program Files\Java\jdk-18.0.2.1\bin\nio.dll
0x00007ffbd9900000 - 0x00007ffbd9910000 	C:\Program Files\Java\jdk-18.0.2.1\bin\verify.dll
0x00007ffbe0c30000 - 0x00007ffbe0c75000 	C:\Users\hyper\AppData\Roaming\Code\User\globalStorage\redhat.java\1.38.0\config_win\org.eclipse.equinox.launcher\org.eclipse.equinox.launcher.win32.win32.x86_64_1.2.1100.v20240722-2106\eclipse_11904.dll
0x00007ffc03e60000 - 0x00007ffc03e78000 	C:\WINDOWS\SYSTEM32\CRYPTSP.dll
0x00007ffc03200000 - 0x00007ffc03235000 	C:\WINDOWS\system32\rsaenh.dll
0x00007ffc037e0000 - 0x00007ffc0380c000 	C:\WINDOWS\SYSTEM32\USERENV.dll
0x00007ffc03ea0000 - 0x00007ffc03ec7000 	C:\WINDOWS\SYSTEM32\bcrypt.dll
0x00007ffc03930000 - 0x00007ffc0393c000 	C:\WINDOWS\SYSTEM32\CRYPTBASE.dll
0x00007ffc02dc0000 - 0x00007ffc02ded000 	C:\WINDOWS\SYSTEM32\IPHLPAPI.DLL
0x00007ffc05010000 - 0x00007ffc05019000 	C:\WINDOWS\System32\NSI.dll
0x00007ffbfebf0000 - 0x00007ffbfec09000 	C:\WINDOWS\SYSTEM32\dhcpcsvc6.DLL
0x00007ffbff3f0000 - 0x00007ffbff40e000 	C:\WINDOWS\SYSTEM32\dhcpcsvc.DLL
0x00007ffc02e30000 - 0x00007ffc02f17000 	C:\WINDOWS\SYSTEM32\DNSAPI.dll
0x00007ffbf19d0000 - 0x00007ffbf1a19000 	C:\Users\hyper\AppData\Local\Temp\jna-99761772\jna832356803755435985.dll
0x00007ffc032c0000 - 0x00007ffc032f4000 	C:\WINDOWS\SYSTEM32\ntmarta.dll

dbghelp: loaded successfully - version: 4.0.5 - missing functions: none
symbol engine: initialized successfully - sym options: 0x614 - pdb path: .;C:\Program Files\Java\jdk-18.0.2.1\bin;C:\WINDOWS\SYSTEM32;C:\WINDOWS\WinSxS\amd64_microsoft.windows.common-controls_6595b64144ccf1df_6.0.22000.120_none_9d947278b86cc467;C:\Program Files\Java\jdk-18.0.2.1\bin\server;C:\Users\hyper\AppData\Roaming\Code\User\globalStorage\redhat.java\1.38.0\config_win\org.eclipse.equinox.launcher\org.eclipse.equinox.launcher.win32.win32.x86_64_1.2.1100.v20240722-2106;C:\Users\hyper\AppData\Local\Temp\jna-99761772

VM Arguments:
jvm_args: --add-modules=ALL-SYSTEM --add-opens=java.base/java.util=ALL-UNNAMED --add-opens=java.base/java.lang=ALL-UNNAMED --add-opens=java.base/sun.nio.fs=ALL-UNNAMED -Declipse.application=org.eclipse.jdt.ls.core.id1 -Dosgi.bundles.defaultStartLevel=4 -Declipse.product=org.eclipse.jdt.ls.core.product -Djava.import.generatesMetadataFilesAtProjectRoot=false -DDetectVMInstallationsJob.disabled=true -Dfile.encoding=utf8 -Xlog:disable -javaagent:c:\Users\hyper\.vscode\extensions\redhat.java-1.38.0-win32-x64\lombok\lombok-1.18.34.jar -XX:+HeapDumpOnOutOfMemoryError -XX:HeapDumpPath=c:\Users\hyper\AppData\Roaming\Code\User\workspaceStorage\55103842018b78ebd48e089c0df41d06\redhat.java -Daether.dependencyCollector.impl=bf 
java_command: c:\Users\hyper\.vscode\extensions\redhat.java-1.38.0-win32-x64\server\plugins\org.eclipse.equinox.launcher_1.6.900.v20240613-2009.jar -configuration c:\Users\hyper\AppData\Roaming\Code\User\globalStorage\redhat.java\1.38.0\config_win -data c:\Users\hyper\AppData\Roaming\Code\User\workspaceStorage\55103842018b78ebd48e089c0df41d06\redhat.java\jdt_ws --pipe=\\.\pipe\lsp-8d4eed9710acfdba815c5f1d8604f1fa-sock
java_class_path (initial): c:\Users\hyper\.vscode\extensions\redhat.java-1.38.0-win32-x64\server\plugins\org.eclipse.equinox.launcher_1.6.900.v20240613-2009.jar
Launcher Type: SUN_STANDARD

[Global flags]
     intx CICompilerCount                          = 4                                         {product} {ergonomic}
     uint ConcGCThreads                            = 2                                         {product} {ergonomic}
     uint G1ConcRefinementThreads                  = 8                                         {product} {ergonomic}
   size_t G1HeapRegionSize                         = 2097152                                   {product} {ergonomic}
    uintx GCDrainStackTargetSize                   = 64                                        {product} {ergonomic}
     bool HeapDumpOnOutOfMemoryError               = true                                   {manageable} {command line}
    ccstr HeapDumpPath                             = c:\Users\hyper\AppData\Roaming\Code\User\workspaceStorage\55103842018b78ebd48e089c0df41d06\redhat.java         {manageable} {command line}
   size_t InitialHeapSize                          = 268435456                                 {product} {ergonomic}
   size_t MarkStackSize                            = 4194304                                   {product} {ergonomic}
   size_t MaxHeapSize                              = 4269801472                                {product} {ergonomic}
   size_t MaxNewSize                               = 2560622592                                {product} {ergonomic}
   size_t MinHeapDeltaBytes                        = 2097152                                   {product} {ergonomic}
   size_t MinHeapSize                              = 8388608                                   {product} {ergonomic}
    uintx NonNMethodCodeHeapSize                   = 5839372                                {pd product} {ergonomic}
    uintx NonProfiledCodeHeapSize                  = 122909434                              {pd product} {ergonomic}
    uintx ProfiledCodeHeapSize                     = 122909434                              {pd product} {ergonomic}
    uintx ReservedCodeCacheSize                    = 251658240                              {pd product} {ergonomic}
     bool SegmentedCodeCache                       = true                                      {product} {ergonomic}
   size_t SoftMaxHeapSize                          = 4269801472                             {manageable} {ergonomic}
     bool UseCompressedClassPointers               = true                           {product lp64_product} {ergonomic}
     bool UseCompressedOops                        = true                           {product lp64_product} {ergonomic}
     bool UseG1GC                                  = true                                      {product} {ergonomic}
     bool UseLargePagesIndividualAllocation        = false                                  {pd product} {ergonomic}

Logging:
Log output configuration:
 #0: stdout all=off uptime,level,tags foldmultilines=false
 #1: stderr all=off uptime,level,tags foldmultilines=false

Environment Variables:
JAVA_HOME=C:\Program Files\Java\jdk-18.0.2.1
PATH=C:\Program Files\Common Files\Oracle\Java\javapath;C:\WINDOWS\system32;C:\WINDOWS;C:\WINDOWS\System32\Wbem;C:\WINDOWS\System32\WindowsPowerShell\v1.0\;C:\WINDOWS\System32\OpenSSH\;C:\Program Files (x86)\NVIDIA Corporation\PhysX\Common;C:\Program Files\NVIDIA Corporation\NVIDIA NvDLISR;J:\.important\Documents\apache-maven-3.8.6\bin;C:\Program Files\Microsoft SQL Server\Client SDK\ODBC\170\Tools\Binn\;C:\Program Files (x86)\Microsoft SQL Server\150\Tools\Binn\;C:\Program Files\Microsoft SQL Server\150\Tools\Binn\;C:\Program Files\Microsoft SQL Server\150\DTS\Binn\;C:\Program Files (x86)\Microsoft SQL Server\160\DTS\Binn\;C:\Users\hyper\Downloads\curl-8.10.1_2-win64-mingw\curl-8.10.1_2-win64-mingw\bin;C:\C:\Program Files\Java\jdk-18.0.2.1\bin;C:\Program Files\OpenSSL-Win64\bin;C:\Program Files\dotnet\;C:\Program Files\Git\cmd;H:\;C:\Program Files (x86)\Microsoft SQL Server\160\Tools\Binn\;C:\Program Files\Microsoft SQL Server\160\Tools\Binn\;C:\Program Files\Microsoft SQL Server\160\DTS\Binn\;J:\Docker\resources\bin;C:\Users\hyper\AppData\Local\Microsoft\WindowsApps;C:\Users\hyper\AppData\Local\Programs\Microsoft VS Code\bin;C:\Program Files\Java\jdk-18.0.2.1\bin;C:\Users\hyper\AppData\Roaming\npm
USERNAME=hyper
OS=Windows_NT
PROCESSOR_IDENTIFIER=Intel64 Family 6 Model 60 Stepping 3, GenuineIntel



---------------  S Y S T E M  ---------------

OS:
 Windows 11 , 64 bit Build 22000 (10.0.22000.2538)
OS uptime: 1 days 9:29 hours
Hyper-V role detected

CPU: total 8 (initial active 8) (4 cores per cpu, 2 threads per core) family 6 model 60 stepping 3 microcode 0x28, cx8, cmov, fxsr, ht, mmx, sse, sse2, sse3, ssse3, sse4.1, sse4.2, popcnt, lzcnt, tsc, tscinvbit, avx, avx2, aes, erms, clmul, bmi1, bmi2, fma, vzeroupper, clflush, hv

Memory: 4k page, system-wide physical 16283M (837M free)
TotalPageFile size 36283M (AvailPageFile size 252M)
current process WorkingSet (physical memory assigned to process): 843M, peak: 866M
current process commit charge ("private bytes"): 817M, peak: 1290M

vm_info: Java HotSpot(TM) 64-Bit Server VM (18.0.2.1+1-1) for windows-amd64 JRE (18.0.2.1+1-1), built on Aug 16 2022 01:46:33 by "mach5one" with MS VC++ 16.8 / 16.9 (VS2019)

END.
