#
# There is insufficient memory for the Java Runtime Environment to continue.
# Native memory allocation (malloc) failed to allocate 1858400 bytes for Chunk::new
# Possible reasons:
#   The system is out of physical RAM or swap space
#   The process is running with CompressedOops enabled, and the Java Heap may be blocking the growth of the native heap
# Possible solutions:
#   Reduce memory load on the system
#   Increase physical memory or swap space
#   Check if swap backing store is full
#   Decrease Java heap size (-Xmx/-Xms)
#   Decrease number of Java threads
#   Decrease Java thread stack sizes (-Xss)
#   Set larger code cache with -XX:ReservedCodeCacheSize=
#   JVM is running with Zero Based Compressed Oops mode in which the Java heap is
#     placed in the first 32GB address space. The Java Heap base address is the
#     maximum limit for the native heap growth. Please use -XX:HeapBaseMinAddress
#     to set the Java Heap base and to place the Java Heap above 32GB virtual address.
# This output file may be truncated or incomplete.
#
#  Out of Memory Error (arena.cpp:184), pid=106660, tid=15024
#
# JRE version: Java(TM) SE Runtime Environment (18.0.2.1+1) (build 18.0.2.1+1-1)
# Java VM: Java HotSpot(TM) 64-Bit Server VM (18.0.2.1+1-1, mixed mode, sharing, tiered, compressed oops, compressed class ptrs, g1 gc, windows-amd64)
# No core dump will be written. Minidumps are not enabled by default on client versions of Windows
#

---------------  S U M M A R Y ------------

Command Line: --add-modules=ALL-SYSTEM --add-opens=java.base/java.util=ALL-UNNAMED --add-opens=java.base/java.lang=ALL-UNNAMED --add-opens=java.base/sun.nio.fs=ALL-UNNAMED -Declipse.application=org.eclipse.jdt.ls.core.id1 -Dosgi.bundles.defaultStartLevel=4 -Declipse.product=org.eclipse.jdt.ls.core.product -Djava.import.generatesMetadataFilesAtProjectRoot=false -DDetectVMInstallationsJob.disabled=true -Dfile.encoding=utf8 -Xlog:disable -javaagent:c:\Users\hyper\.vscode\extensions\redhat.java-1.38.0-win32-x64\lombok\lombok-1.18.34.jar -XX:+HeapDumpOnOutOfMemoryError -XX:HeapDumpPath=c:\Users\hyper\AppData\Roaming\Code\User\workspaceStorage\55103842018b78ebd48e089c0df41d06\redhat.java -Daether.dependencyCollector.impl=bf c:\Users\hyper\.vscode\extensions\redhat.java-1.38.0-win32-x64\server\plugins\org.eclipse.equinox.launcher_1.6.900.v20240613-2009.jar -configuration c:\Users\hyper\AppData\Roaming\Code\User\globalStorage\redhat.java\1.38.0\config_win -data c:\Users\hyper\AppData\Roaming\Code\User\workspaceStorage\55103842018b78ebd48e089c0df41d06\redhat.java\jdt_ws --pipe=\\.\pipe\lsp-4aaa2755940edb79498d2f791cfc3173-sock

Host: Intel(R) Core(TM) i7-4770K CPU @ 3.50GHz, 8 cores, 15G,  Windows 11 , 64 bit Build 22000 (10.0.22000.2538)
Time: Tue Mar 11 03:51:08 2025 Volgograd Standard Time elapsed time: 31.006229 seconds (0d 0h 0m 31s)

---------------  T H R E A D  ---------------

Current thread (0x0000019e6d403dd0):  JavaThread "C2 CompilerThread0" daemon [_thread_in_native, id=15024, stack(0x0000004a0ad00000,0x0000004a0ae00000)]


Current CompileTask:
C2:  31006 13794       4       org.eclipse.jdt.internal.compiler.parser.Scanner::disambiguatedToken (213 bytes)

Stack: [0x0000004a0ad00000,0x0000004a0ae00000]
Native frames: (J=compiled Java code, j=interpreted, Vv=VM code, C=native code)
V  [jvm.dll+0x6993aa]
V  [jvm.dll+0x7f46dd]
V  [jvm.dll+0x7f5fee]
V  [jvm.dll+0x7f66a3]
V  [jvm.dll+0x25cf1f]
V  [jvm.dll+0xb8c2f]
V  [jvm.dll+0xb8fa5]
V  [jvm.dll+0x3860cb]
V  [jvm.dll+0x34fe71]
V  [jvm.dll+0x34f30a]
V  [jvm.dll+0x230101]
V  [jvm.dll+0x22f4d1]
V  [jvm.dll+0x1ba01c]
V  [jvm.dll+0x23ee0a]
V  [jvm.dll+0x23d0f5]
V  [jvm.dll+0x7a6dd1]
V  [jvm.dll+0x7a120a]
V  [jvm.dll+0x698255]
C  [ucrtbase.dll+0x26c0c]
C  [KERNEL32.DLL+0x153e0]
C  [ntdll.dll+0x485b]


---------------  P R O C E S S  ---------------

Threads class SMR info:
_java_thread_list=0x0000019e7bc786b0, length=72, elements={
0x0000019e45b13850, 0x0000019e5d06adf0, 0x0000019e5d062be0, 0x0000019e5d07e710,
0x0000019e6d402090, 0x0000019e6d402940, 0x0000019e6d4031f0, 0x0000019e6d403dd0,
0x0000019e6d4349a0, 0x0000019e6d47a1d0, 0x0000019e5d04abb0, 0x0000019e6d770530,
0x0000019e6ddaf430, 0x0000019e6e0750b0, 0x0000019e6e071b80, 0x0000019e6de661f0,
0x0000019e6df33200, 0x0000019e6e5ac220, 0x0000019e6e3f8b70, 0x0000019e6e3f7360,
0x0000019e6e3f9040, 0x0000019e6e3f7d00, 0x0000019e6e3f7830, 0x0000019e6e3f64f0,
0x0000019e6e3f9510, 0x0000019e6e3f81d0, 0x0000019e6e3f6e90, 0x0000019e70c23a70,
0x0000019e70c20f20, 0x0000019e70c213f0, 0x0000019e70c1da30, 0x0000019e70c25280,
0x0000019e70c218c0, 0x0000019e70c1df00, 0x0000019e70c21d90, 0x0000019e70c235a0,
0x0000019e70c22730, 0x0000019e70c24410, 0x0000019e70c22260, 0x0000019e70c200b0,
0x0000019e70c230d0, 0x0000019e70c248e0, 0x0000019e70c1f240, 0x0000019e70c1f710,
0x0000019e70c1ed70, 0x0000019e70c1fbe0, 0x0000019e70c20a50, 0x0000019e70c22c00,
0x0000019e6e3f86a0, 0x0000019e71094ac0, 0x0000019e71093c50, 0x0000019e710992f0,
0x0000019e71096c70, 0x0000019e71094f90, 0x0000019e71092910, 0x0000019e71097140,
0x0000019e71093780, 0x0000019e71095930, 0x0000019e71098950, 0x0000019e710945f0,
0x0000019e71095460, 0x0000019e710932b0, 0x0000019e710962d0, 0x0000019e70c1e3d0,
0x0000019e7008a500, 0x0000019e7008d9f0, 0x0000019e7008b370, 0x0000019e7008b840,
0x0000019e70133870, 0x0000019e6ecb48a0, 0x0000019e7008ed30, 0x0000019e70090ee0
}

Java Threads: ( => current thread )
  0x0000019e45b13850 JavaThread "main" [_thread_blocked, id=130896, stack(0x0000004a0a000000,0x0000004a0a100000)]
  0x0000019e5d06adf0 JavaThread "Reference Handler" daemon [_thread_blocked, id=123564, stack(0x0000004a0a700000,0x0000004a0a800000)]
  0x0000019e5d062be0 JavaThread "Finalizer" daemon [_thread_blocked, id=119912, stack(0x0000004a0a800000,0x0000004a0a900000)]
  0x0000019e5d07e710 JavaThread "Signal Dispatcher" daemon [_thread_blocked, id=129676, stack(0x0000004a0a900000,0x0000004a0aa00000)]
  0x0000019e6d402090 JavaThread "Attach Listener" daemon [_thread_blocked, id=133080, stack(0x0000004a0aa00000,0x0000004a0ab00000)]
  0x0000019e6d402940 JavaThread "Service Thread" daemon [_thread_blocked, id=121512, stack(0x0000004a0ab00000,0x0000004a0ac00000)]
  0x0000019e6d4031f0 JavaThread "Monitor Deflation Thread" daemon [_thread_blocked, id=112440, stack(0x0000004a0ac00000,0x0000004a0ad00000)]
=>0x0000019e6d403dd0 JavaThread "C2 CompilerThread0" daemon [_thread_in_native, id=15024, stack(0x0000004a0ad00000,0x0000004a0ae00000)]
  0x0000019e6d4349a0 JavaThread "C1 CompilerThread0" daemon [_thread_blocked, id=127284, stack(0x0000004a0ae00000,0x0000004a0af00000)]
  0x0000019e6d47a1d0 JavaThread "Sweeper thread" daemon [_thread_blocked, id=135008, stack(0x0000004a0af00000,0x0000004a0b000000)]
  0x0000019e5d04abb0 JavaThread "Common-Cleaner" daemon [_thread_blocked, id=137684, stack(0x0000004a0b000000,0x0000004a0b100000)]
  0x0000019e6d770530 JavaThread "Notification Thread" daemon [_thread_blocked, id=133088, stack(0x0000004a0b100000,0x0000004a0b200000)]
  0x0000019e6ddaf430 JavaThread "Active Thread: Equinox Container: 7ea3d1c5-b351-4cd7-b936-26177c248c7b" [_thread_blocked, id=108616, stack(0x0000004a0b400000,0x0000004a0b500000)]
  0x0000019e6e0750b0 JavaThread "Refresh Thread: Equinox Container: 7ea3d1c5-b351-4cd7-b936-26177c248c7b" daemon [_thread_blocked, id=118308, stack(0x0000004a0b300000,0x0000004a0b400000)]
  0x0000019e6e071b80 JavaThread "Framework Event Dispatcher: Equinox Container: 7ea3d1c5-b351-4cd7-b936-26177c248c7b" daemon [_thread_blocked, id=114352, stack(0x0000004a0bb00000,0x0000004a0bc00000)]
  0x0000019e6de661f0 JavaThread "Start Level: Equinox Container: 7ea3d1c5-b351-4cd7-b936-26177c248c7b" daemon [_thread_blocked, id=136688, stack(0x0000004a0bc00000,0x0000004a0bd00000)]
  0x0000019e6df33200 JavaThread "Bundle File Closer" daemon [_thread_blocked, id=130840, stack(0x0000004a0c000000,0x0000004a0c100000)]
  0x0000019e6e5ac220 JavaThread "SCR Component Actor" daemon [_thread_blocked, id=112760, stack(0x0000004a0bf00000,0x0000004a0c000000)]
  0x0000019e6e3f8b70 JavaThread "Worker-JM" [_thread_blocked, id=131880, stack(0x0000004a0c200000,0x0000004a0c300000)]
  0x0000019e6e3f7360 JavaThread "JNA Cleaner" daemon [_thread_blocked, id=136928, stack(0x0000004a0be00000,0x0000004a0bf00000)]
  0x0000019e6e3f9040 JavaThread "Worker-0: Check JDK Index" [_thread_blocked, id=90380, stack(0x0000004a0c300000,0x0000004a0c400000)]
  0x0000019e6e3f7d00 JavaThread "Worker-1: Initialize workspace" [_thread_blocked, id=106760, stack(0x0000004a0c400000,0x0000004a0c500000)]
  0x0000019e6e3f7830 JavaThread "Worker-2" [_thread_blocked, id=135644, stack(0x0000004a0c700000,0x0000004a0c800000)]
  0x0000019e6e3f64f0 JavaThread "Java indexing" daemon [_thread_in_Java, id=106956, stack(0x0000004a0c800000,0x0000004a0c900000)]
  0x0000019e6e3f9510 JavaThread "Worker-3" [_thread_blocked, id=115476, stack(0x0000004a0c900000,0x0000004a0ca00000)]
  0x0000019e6e3f81d0 JavaThread "Thread-2" daemon [_thread_in_native, id=116396, stack(0x0000004a0cd00000,0x0000004a0ce00000)]
  0x0000019e6e3f6e90 JavaThread "Thread-3" daemon [_thread_in_native, id=91444, stack(0x0000004a0ce00000,0x0000004a0cf00000)]
  0x0000019e70c23a70 JavaThread "Thread-4" daemon [_thread_in_native, id=75880, stack(0x0000004a0cf00000,0x0000004a0d000000)]
  0x0000019e70c20f20 JavaThread "Thread-5" daemon [_thread_in_native, id=137560, stack(0x0000004a0d000000,0x0000004a0d100000)]
  0x0000019e70c213f0 JavaThread "Thread-6" daemon [_thread_in_native, id=92060, stack(0x0000004a0d100000,0x0000004a0d200000)]
  0x0000019e70c1da30 JavaThread "Thread-7" daemon [_thread_in_vm, id=110016, stack(0x0000004a0d200000,0x0000004a0d300000)] _threads_hazard_ptr=0x0000019e7bc786b0
  0x0000019e70c25280 JavaThread "Thread-8" daemon [_thread_in_native, id=105524, stack(0x0000004a0d300000,0x0000004a0d400000)]
  0x0000019e70c218c0 JavaThread "Thread-9" daemon [_thread_in_native, id=122512, stack(0x0000004a0d400000,0x0000004a0d500000)]
  0x0000019e70c1df00 JavaThread "Thread-10" daemon [_thread_in_native, id=112544, stack(0x0000004a0d500000,0x0000004a0d600000)]
  0x0000019e70c21d90 JavaThread "pool-2-thread-1" [_thread_blocked, id=106980, stack(0x0000004a0d600000,0x0000004a0d700000)]
  0x0000019e70c235a0 JavaThread "Worker-4" [_thread_blocked, id=123640, stack(0x0000004a0d700000,0x0000004a0d800000)]
  0x0000019e70c22730 JavaThread "Worker-5" [_thread_blocked, id=103916, stack(0x0000004a0d800000,0x0000004a0d900000)]
  0x0000019e70c24410 JavaThread "Worker-6" [_thread_blocked, id=123540, stack(0x0000004a0d900000,0x0000004a0da00000)]
  0x0000019e70c22260 JavaThread "WorkspaceEventsHandler" [_thread_blocked, id=123672, stack(0x0000004a0da00000,0x0000004a0db00000)]
  0x0000019e70c200b0 JavaThread "pool-1-thread-1" [_thread_blocked, id=116148, stack(0x0000004a0db00000,0x0000004a0dc00000)]
  0x0000019e70c230d0 JavaThread "LocalFile Deleter" daemon [_thread_blocked, id=113640, stack(0x0000004a0c100000,0x0000004a0c200000)]
  0x0000019e70c248e0 JavaThread "LocalFile Deleter" daemon [_thread_blocked, id=21788, stack(0x0000004a0dc00000,0x0000004a0dd00000)]
  0x0000019e70c1f240 JavaThread "LocalFile Deleter" daemon [_thread_blocked, id=132896, stack(0x0000004a0dd00000,0x0000004a0de00000)]
  0x0000019e70c1f710 JavaThread "LocalFile Deleter" daemon [_thread_blocked, id=12176, stack(0x0000004a0de00000,0x0000004a0df00000)]
  0x0000019e70c1ed70 JavaThread "LocalFile Deleter" daemon [_thread_blocked, id=126324, stack(0x0000004a0df00000,0x0000004a0e000000)]
  0x0000019e70c1fbe0 JavaThread "LocalFile Deleter" daemon [_thread_blocked, id=116128, stack(0x0000004a0e000000,0x0000004a0e100000)]
  0x0000019e70c20a50 JavaThread "LocalFile Deleter" daemon [_thread_blocked, id=132504, stack(0x0000004a0e100000,0x0000004a0e200000)]
  0x0000019e70c22c00 JavaThread "LocalFile Deleter" daemon [_thread_blocked, id=119724, stack(0x0000004a0e200000,0x0000004a0e300000)]
  0x0000019e6e3f86a0 JavaThread "Compiler Source File Reader" daemon [_thread_blocked, id=117592, stack(0x0000004a0e300000,0x0000004a0e400000)]
  0x0000019e71094ac0 JavaThread "Compiler Source File Reader" daemon [_thread_blocked, id=122016, stack(0x0000004a0e400000,0x0000004a0e500000)]
  0x0000019e71093c50 JavaThread "Compiler Source File Reader" daemon [_thread_blocked, id=105648, stack(0x0000004a0e500000,0x0000004a0e600000)]
  0x0000019e710992f0 JavaThread "Compiler Source File Reader" daemon [_thread_blocked, id=130904, stack(0x0000004a0e600000,0x0000004a0e700000)]
  0x0000019e71096c70 JavaThread "Compiler Source File Reader" daemon [_thread_blocked, id=135660, stack(0x0000004a0e700000,0x0000004a0e800000)]
  0x0000019e71094f90 JavaThread "Compiler Source File Reader" daemon [_thread_blocked, id=118780, stack(0x0000004a0e800000,0x0000004a0e900000)]
  0x0000019e71092910 JavaThread "Compiler Processing Task" daemon [_thread_blocked, id=114492, stack(0x0000004a0ea00000,0x0000004a0eb00000)]
  0x0000019e71097140 JavaThread "Compiler Class File Writer" daemon [_thread_blocked, id=137548, stack(0x0000004a0eb00000,0x0000004a0ec00000)]
  0x0000019e71093780 JavaThread "Compiler Class File Writer" daemon [_thread_blocked, id=128876, stack(0x0000004a0ec00000,0x0000004a0ed00000)]
  0x0000019e71095930 JavaThread "Compiler Class File Writer" daemon [_thread_blocked, id=121612, stack(0x0000004a0ed00000,0x0000004a0ee00000)]
  0x0000019e71098950 JavaThread "Compiler Class File Writer" daemon [_thread_blocked, id=102708, stack(0x0000004a0ee00000,0x0000004a0ef00000)]
  0x0000019e710945f0 JavaThread "Compiler Class File Writer" daemon [_thread_blocked, id=127448, stack(0x0000004a0ef00000,0x0000004a0f000000)]
  0x0000019e71095460 JavaThread "Compiler Class File Writer" daemon [_thread_blocked, id=107608, stack(0x0000004a0f000000,0x0000004a0f100000)]
  0x0000019e710932b0 JavaThread "ForkJoinPool.commonPool-worker-1" daemon [_thread_blocked, id=107556, stack(0x0000004a0f800000,0x0000004a0f900000)]
  0x0000019e710962d0 JavaThread "ForkJoinPool.commonPool-worker-2" daemon [_thread_blocked, id=114424, stack(0x0000004a0f900000,0x0000004a0fa00000)]
  0x0000019e70c1e3d0 JavaThread "ForkJoinPool.commonPool-worker-3" daemon [_thread_blocked, id=108196, stack(0x0000004a0fa00000,0x0000004a0fb00000)]
  0x0000019e7008a500 JavaThread "ForkJoinPool.commonPool-worker-4" daemon [_thread_blocked, id=109812, stack(0x0000004a0fb00000,0x0000004a0fc00000)]
  0x0000019e7008d9f0 JavaThread "ForkJoinPool.commonPool-worker-5" daemon [_thread_blocked, id=121328, stack(0x0000004a0fc00000,0x0000004a0fd00000)]
  0x0000019e7008b370 JavaThread "ForkJoinPool.commonPool-worker-6" daemon [_thread_blocked, id=8520, stack(0x0000004a0fd00000,0x0000004a0fe00000)]
  0x0000019e7008b840 JavaThread "ForkJoinPool.commonPool-worker-7" daemon [_thread_blocked, id=127912, stack(0x0000004a0fe00000,0x0000004a0ff00000)]
  0x0000019e70133870 JavaThread "C2 CompilerThread1" daemon [_thread_in_native, id=113352, stack(0x0000004a0c500000,0x0000004a0c600000)]
  0x0000019e6ecb48a0 JavaThread "C2 CompilerThread2" daemon [_thread_in_vm, id=118420, stack(0x0000004a0ca00000,0x0000004a0cb00000)]
  0x0000019e7008ed30 JavaThread "Thread-11" daemon [_thread_in_Java, id=11188, stack(0x0000004a0f300000,0x0000004a0f400000)]
  0x0000019e70090ee0 JavaThread "SCR Component Registry" daemon [_thread_blocked, id=136156, stack(0x0000004a0f400000,0x0000004a0f500000)]

Other Threads:
  0x0000019e5d066b50 VMThread "VM Thread" [stack: 0x0000004a0a600000,0x0000004a0a700000] [id=25544]
  0x0000019e6d772210 WatcherThread "VM Periodic Task Thread" [stack: 0x0000004a0b200000,0x0000004a0b300000] [id=126148]
  0x0000019e45b40bc0 WorkerThread "GC Thread#0" [stack: 0x0000004a0a100000,0x0000004a0a200000] [id=138008]
  0x0000019e6d7c84a0 WorkerThread "GC Thread#1" [stack: 0x0000004a0b500000,0x0000004a0b600000] [id=105720]
  0x0000019e6d7cd0d0 WorkerThread "GC Thread#2" [stack: 0x0000004a0b600000,0x0000004a0b700000] [id=131424]
  0x0000019e6d7cd370 WorkerThread "GC Thread#3" [stack: 0x0000004a0b700000,0x0000004a0b800000] [id=109804]
  0x0000019e6d7cd610 WorkerThread "GC Thread#4" [stack: 0x0000004a0b800000,0x0000004a0b900000] [id=108220]
  0x0000019e6d7cd8b0 WorkerThread "GC Thread#5" [stack: 0x0000004a0b900000,0x0000004a0ba00000] [id=125160]
  0x0000019e6dcb9810 WorkerThread "GC Thread#6" [stack: 0x0000004a0ba00000,0x0000004a0bb00000] [id=105788]
  0x0000019e6dc22ae0 WorkerThread "GC Thread#7" [stack: 0x0000004a0bd00000,0x0000004a0be00000] [id=113880]
  0x0000019e45b4d770 ConcurrentGCThread "G1 Main Marker" [stack: 0x0000004a0a200000,0x0000004a0a300000] [id=122272]
  0x0000019e5cec6f30 WorkerThread "G1 Conc#0" [stack: 0x0000004a0a300000,0x0000004a0a400000] [id=136668]
  0x0000019e6e422bf0 WorkerThread "G1 Conc#1" [stack: 0x0000004a0c600000,0x0000004a0c700000] [id=134824]
  0x0000019e5cf17a60 ConcurrentGCThread "G1 Refine#0" [stack: 0x0000004a0a400000,0x0000004a0a500000] [id=136924]
  0x0000019e6dff90e0 ConcurrentGCThread "G1 Refine#1" [stack: 0x0000004a0e900000,0x0000004a0ea00000] [id=126928]
  0x0000019e7b30def0 ConcurrentGCThread "G1 Refine#2" [stack: 0x0000004a0f100000,0x0000004a0f200000] [id=132452]
  0x0000019e7b30ea30 ConcurrentGCThread "G1 Refine#3" [stack: 0x0000004a0f200000,0x0000004a0f300000] [id=138020]
  0x0000019e5cf18120 ConcurrentGCThread "G1 Service" [stack: 0x0000004a0a500000,0x0000004a0a600000] [id=133160]

Threads with active compile tasks:
C2 CompilerThread0    31070 13794       4       org.eclipse.jdt.internal.compiler.parser.Scanner::disambiguatedToken (213 bytes)
C2 CompilerThread1    31070 13612       4       org.eclipse.jdt.internal.compiler.lookup.BinaryTypeBinding::createTypeVariables (359 bytes)
C2 CompilerThread2    31070 13854   !   4       java.util.zip.InflaterInputStream::read (122 bytes)

VM state: not at safepoint (normal execution)

VM Mutex/Monitor currently owned by a thread: None

Heap address: 0x0000000701800000, size: 4072 MB, Compressed Oops mode: Zero based, Oop shift amount: 3

CDS archive(s) mapped at: [0x0000000800000000-0x0000000800ba0000-0x0000000800ba0000), size 12189696, SharedBaseAddress: 0x0000000800000000, ArchiveRelocationMode: 0.
Compressed class space mapped at: 0x0000000800c00000-0x0000000840c00000, reserved size: 1073741824
Narrow klass base: 0x0000000800000000, Narrow klass shift: 0, Narrow klass range: 0x100000000

GC Precious Log:
 CardTable entry size: 512
 Card Set container configuration: InlinePtr #cards 4 size 8 Array Of Cards #cards 16 size 48 Howl #buckets 8 coarsen threshold 3686 Howl Bitmap #cards 512 size 80 coarsen threshold 460 Card regions per heap region 1 cards per card region 4096
 CPUs: 8 total, 8 available
 Memory: 16283M
 Large Page Support: Disabled
 NUMA Support: Disabled
 Compressed Oops: Enabled (Zero based)
 Heap Region Size: 2M
 Heap Min Capacity: 8M
 Heap Initial Capacity: 256M
 Heap Max Capacity: 4072M
 Pre-touch: Disabled
 Parallel Workers: 8
 Concurrent Workers: 2
 Concurrent Refinement Workers: 8
 Periodic GC: Disabled

Heap:
 garbage-first heap   total 526336K, used 386182K [0x0000000701800000, 0x0000000800000000)
  region size 2048K, 59 young (120832K), 11 survivors (22528K)
 Metaspace       used 67185K, committed 68736K, reserved 1114112K
  class space    used 6650K, committed 7360K, reserved 1048576K

Heap Regions: E=young(eden), S=young(survivor), O=old, HS=humongous(starts), HC=humongous(continues), CS=collection set, F=free, OA=open archive, CA=closed archive, TAMS=top-at-mark-start (previous, next)
|   0|0x0000000701800000, 0x0000000701a00000, 0x0000000701a00000|100%| O|  |TAMS 0x0000000701a00000, 0x0000000701800000| Untracked 
|   1|0x0000000701a00000, 0x0000000701c00000, 0x0000000701c00000|100%| O|  |TAMS 0x0000000701c00000, 0x0000000701a00000| Untracked 
|   2|0x0000000701c00000, 0x0000000701e00000, 0x0000000701e00000|100%| O|  |TAMS 0x0000000701e00000, 0x0000000701c00000| Untracked 
|   3|0x0000000701e00000, 0x0000000702000000, 0x0000000702000000|100%| O|  |TAMS 0x0000000702000000, 0x0000000701e00000| Untracked 
|   4|0x0000000702000000, 0x0000000702200000, 0x0000000702200000|100%| O|  |TAMS 0x0000000702200000, 0x0000000702000000| Untracked 
|   5|0x0000000702200000, 0x0000000702400000, 0x0000000702400000|100%| O|  |TAMS 0x0000000702400000, 0x0000000702200000| Untracked 
|   6|0x0000000702400000, 0x0000000702600000, 0x0000000702600000|100%| O|  |TAMS 0x0000000702600000, 0x0000000702400000| Untracked 
|   7|0x0000000702600000, 0x0000000702800000, 0x0000000702800000|100%| O|  |TAMS 0x0000000702600000, 0x0000000702600000| Untracked 
|   8|0x0000000702800000, 0x0000000702a00000, 0x0000000702a00000|100%| O|  |TAMS 0x0000000702800000, 0x0000000702800000| Untracked 
|   9|0x0000000702a00000, 0x0000000702c00000, 0x0000000702c00000|100%| O|  |TAMS 0x0000000702c00000, 0x0000000702a00000| Untracked 
|  10|0x0000000702c00000, 0x0000000702e00000, 0x0000000702e00000|100%| O|  |TAMS 0x0000000702e00000, 0x0000000702c00000| Untracked 
|  11|0x0000000702e00000, 0x0000000703000000, 0x0000000703000000|100%| O|  |TAMS 0x0000000703000000, 0x0000000702e00000| Untracked 
|  12|0x0000000703000000, 0x0000000703200000, 0x0000000703200000|100%| O|  |TAMS 0x0000000703200000, 0x0000000703000000| Untracked 
|  13|0x0000000703200000, 0x0000000703400000, 0x0000000703400000|100%| O|  |TAMS 0x0000000703400000, 0x0000000703200000| Untracked 
|  14|0x0000000703400000, 0x0000000703600000, 0x0000000703600000|100%| O|  |TAMS 0x0000000703600000, 0x0000000703400000| Untracked 
|  15|0x0000000703600000, 0x0000000703800000, 0x0000000703800000|100%| O|  |TAMS 0x0000000703800000, 0x0000000703600000| Untracked 
|  16|0x0000000703800000, 0x0000000703a00000, 0x0000000703a00000|100%| O|  |TAMS 0x0000000703a00000, 0x0000000703800000| Untracked 
|  17|0x0000000703a00000, 0x0000000703c00000, 0x0000000703c00000|100%| O|  |TAMS 0x0000000703c00000, 0x0000000703a00000| Untracked 
|  18|0x0000000703c00000, 0x0000000703e00000, 0x0000000703e00000|100%| O|  |TAMS 0x0000000703e00000, 0x0000000703c00000| Untracked 
|  19|0x0000000703e00000, 0x0000000704000000, 0x0000000704000000|100%| O|  |TAMS 0x0000000704000000, 0x0000000703e00000| Untracked 
|  20|0x0000000704000000, 0x0000000704200000, 0x0000000704200000|100%| O|  |TAMS 0x0000000704200000, 0x0000000704000000| Untracked 
|  21|0x0000000704200000, 0x0000000704400000, 0x0000000704400000|100%| O|  |TAMS 0x0000000704400000, 0x0000000704200000| Untracked 
|  22|0x0000000704400000, 0x0000000704600000, 0x0000000704600000|100%| O|  |TAMS 0x0000000704600000, 0x0000000704400000| Untracked 
|  23|0x0000000704600000, 0x0000000704800000, 0x0000000704800000|100%| O|  |TAMS 0x0000000704800000, 0x0000000704600000| Untracked 
|  24|0x0000000704800000, 0x0000000704a00000, 0x0000000704a00000|100%| O|  |TAMS 0x0000000704a00000, 0x0000000704800000| Untracked 
|  25|0x0000000704a00000, 0x0000000704c00000, 0x0000000704c00000|100%| O|  |TAMS 0x0000000704c00000, 0x0000000704a00000| Untracked 
|  26|0x0000000704c00000, 0x0000000704e00000, 0x0000000704e00000|100%| O|  |TAMS 0x0000000704e00000, 0x0000000704c00000| Untracked 
|  27|0x0000000704e00000, 0x0000000705000000, 0x0000000705000000|100%| O|  |TAMS 0x0000000705000000, 0x0000000704e00000| Untracked 
|  28|0x0000000705000000, 0x0000000705200000, 0x0000000705200000|100%| O|  |TAMS 0x0000000705200000, 0x0000000705000000| Untracked 
|  29|0x0000000705200000, 0x0000000705400000, 0x0000000705400000|100%| O|  |TAMS 0x0000000705400000, 0x0000000705200000| Untracked 
|  30|0x0000000705400000, 0x0000000705600000, 0x0000000705600000|100%| O|  |TAMS 0x0000000705600000, 0x0000000705400000| Untracked 
|  31|0x0000000705600000, 0x0000000705800000, 0x0000000705800000|100%| O|  |TAMS 0x0000000705800000, 0x0000000705600000| Untracked 
|  32|0x0000000705800000, 0x0000000705a00000, 0x0000000705a00000|100%| O|  |TAMS 0x0000000705a00000, 0x0000000705800000| Untracked 
|  33|0x0000000705a00000, 0x0000000705c00000, 0x0000000705c00000|100%| O|  |TAMS 0x0000000705c00000, 0x0000000705a00000| Untracked 
|  34|0x0000000705c00000, 0x0000000705e00000, 0x0000000705e00000|100%| O|  |TAMS 0x0000000705e00000, 0x0000000705c00000| Untracked 
|  35|0x0000000705e00000, 0x0000000706000000, 0x0000000706000000|100%| O|  |TAMS 0x0000000705fbe200, 0x0000000705e00000| Untracked 
|  36|0x0000000706000000, 0x0000000706200000, 0x0000000706200000|100%| O|  |TAMS 0x0000000706000000, 0x0000000706000000| Untracked 
|  37|0x0000000706200000, 0x0000000706400000, 0x0000000706400000|100%| O|  |TAMS 0x0000000706200000, 0x0000000706200000| Untracked 
|  38|0x0000000706400000, 0x0000000706600000, 0x0000000706600000|100%| O|  |TAMS 0x0000000706400000, 0x0000000706400000| Untracked 
|  39|0x0000000706600000, 0x0000000706800000, 0x0000000706800000|100%| O|  |TAMS 0x0000000706600000, 0x0000000706600000| Untracked 
|  40|0x0000000706800000, 0x0000000706a00000, 0x0000000706a00000|100%| O|  |TAMS 0x0000000706800000, 0x0000000706800000| Untracked 
|  41|0x0000000706a00000, 0x0000000706c00000, 0x0000000706c00000|100%| O|  |TAMS 0x0000000706a00000, 0x0000000706a00000| Untracked 
|  42|0x0000000706c00000, 0x0000000706e00000, 0x0000000706e00000|100%| O|  |TAMS 0x0000000706c00000, 0x0000000706c00000| Untracked 
|  43|0x0000000706e00000, 0x0000000707000000, 0x0000000707000000|100%| O|  |TAMS 0x0000000706e00000, 0x0000000706e00000| Untracked 
|  44|0x0000000707000000, 0x0000000707200000, 0x0000000707200000|100%| O|  |TAMS 0x0000000707000000, 0x0000000707000000| Untracked 
|  45|0x0000000707200000, 0x0000000707400000, 0x0000000707400000|100%| O|  |TAMS 0x0000000707200000, 0x0000000707200000| Untracked 
|  46|0x0000000707400000, 0x0000000707600000, 0x0000000707600000|100%| O|  |TAMS 0x0000000707400000, 0x0000000707400000| Untracked 
|  47|0x0000000707600000, 0x0000000707800000, 0x0000000707800000|100%| O|  |TAMS 0x0000000707600000, 0x0000000707600000| Untracked 
|  48|0x0000000707800000, 0x0000000707a00000, 0x0000000707a00000|100%| O|  |TAMS 0x0000000707800000, 0x0000000707800000| Untracked 
|  49|0x0000000707a00000, 0x0000000707c00000, 0x0000000707c00000|100%| O|  |TAMS 0x0000000707a00000, 0x0000000707a00000| Untracked 
|  50|0x0000000707c00000, 0x0000000707e00000, 0x0000000707e00000|100%| O|  |TAMS 0x0000000707c00000, 0x0000000707c00000| Untracked 
|  51|0x0000000707e00000, 0x0000000708000000, 0x0000000708000000|100%| O|  |TAMS 0x0000000707e00000, 0x0000000707e00000| Untracked 
|  52|0x0000000708000000, 0x0000000708200000, 0x0000000708200000|100%| O|  |TAMS 0x0000000708000000, 0x0000000708000000| Untracked 
|  53|0x0000000708200000, 0x0000000708400000, 0x0000000708400000|100%|HS|  |TAMS 0x0000000708200000, 0x0000000708200000| Complete 
|  54|0x0000000708400000, 0x0000000708600000, 0x0000000708600000|100%| O|  |TAMS 0x0000000708400000, 0x0000000708400000| Untracked 
|  55|0x0000000708600000, 0x0000000708800000, 0x0000000708800000|100%| O|  |TAMS 0x0000000708600000, 0x0000000708600000| Untracked 
|  56|0x0000000708800000, 0x0000000708a00000, 0x0000000708a00000|100%| O|  |TAMS 0x0000000708800000, 0x0000000708800000| Untracked 
|  57|0x0000000708a00000, 0x0000000708c00000, 0x0000000708c00000|100%| O|  |TAMS 0x0000000708a00000, 0x0000000708a00000| Untracked 
|  58|0x0000000708c00000, 0x0000000708e00000, 0x0000000708e00000|100%| O|  |TAMS 0x0000000708c00000, 0x0000000708c00000| Untracked 
|  59|0x0000000708e00000, 0x0000000709000000, 0x0000000709000000|100%| O|  |TAMS 0x0000000708e00000, 0x0000000708e00000| Untracked 
|  60|0x0000000709000000, 0x0000000709200000, 0x0000000709200000|100%| O|  |TAMS 0x0000000709000000, 0x0000000709000000| Untracked 
|  61|0x0000000709200000, 0x0000000709400000, 0x0000000709400000|100%| O|  |TAMS 0x0000000709200000, 0x0000000709200000| Untracked 
|  62|0x0000000709400000, 0x0000000709600000, 0x0000000709600000|100%| O|  |TAMS 0x0000000709400000, 0x0000000709400000| Untracked 
|  63|0x0000000709600000, 0x0000000709800000, 0x0000000709800000|100%| O|  |TAMS 0x0000000709600000, 0x0000000709600000| Untracked 
|  64|0x0000000709800000, 0x0000000709a00000, 0x0000000709a00000|100%| O|  |TAMS 0x0000000709800000, 0x0000000709800000| Untracked 
|  65|0x0000000709a00000, 0x0000000709c00000, 0x0000000709c00000|100%| O|  |TAMS 0x0000000709a00000, 0x0000000709a00000| Untracked 
|  66|0x0000000709c00000, 0x0000000709e00000, 0x0000000709e00000|100%| O|  |TAMS 0x0000000709c00000, 0x0000000709c00000| Untracked 
|  67|0x0000000709e00000, 0x000000070a000000, 0x000000070a000000|100%| O|  |TAMS 0x0000000709e00000, 0x0000000709e00000| Untracked 
|  68|0x000000070a000000, 0x000000070a200000, 0x000000070a200000|100%| O|  |TAMS 0x000000070a000000, 0x000000070a000000| Untracked 
|  69|0x000000070a200000, 0x000000070a400000, 0x000000070a400000|100%| O|  |TAMS 0x000000070a200000, 0x000000070a200000| Untracked 
|  70|0x000000070a400000, 0x000000070a600000, 0x000000070a600000|100%| O|  |TAMS 0x000000070a400000, 0x000000070a400000| Untracked 
|  71|0x000000070a600000, 0x000000070a800000, 0x000000070a800000|100%| O|  |TAMS 0x000000070a600000, 0x000000070a600000| Untracked 
|  72|0x000000070a800000, 0x000000070aa00000, 0x000000070aa00000|100%| O|  |TAMS 0x000000070a800000, 0x000000070a800000| Untracked 
|  73|0x000000070aa00000, 0x000000070ac00000, 0x000000070ac00000|100%| O|  |TAMS 0x000000070aa00000, 0x000000070aa00000| Untracked 
|  74|0x000000070ac00000, 0x000000070ae00000, 0x000000070ae00000|100%| O|  |TAMS 0x000000070ac00000, 0x000000070ac00000| Untracked 
|  75|0x000000070ae00000, 0x000000070b000000, 0x000000070b000000|100%| O|  |TAMS 0x000000070ae00000, 0x000000070ae00000| Untracked 
|  76|0x000000070b000000, 0x000000070b200000, 0x000000070b200000|100%| O|  |TAMS 0x000000070b000000, 0x000000070b000000| Untracked 
|  77|0x000000070b200000, 0x000000070b400000, 0x000000070b400000|100%| O|  |TAMS 0x000000070b200000, 0x000000070b200000| Untracked 
|  78|0x000000070b400000, 0x000000070b600000, 0x000000070b600000|100%| O|  |TAMS 0x000000070b400000, 0x000000070b400000| Untracked 
|  79|0x000000070b600000, 0x000000070b800000, 0x000000070b800000|100%| O|  |TAMS 0x000000070b600000, 0x000000070b600000| Untracked 
|  80|0x000000070b800000, 0x000000070ba00000, 0x000000070ba00000|100%| O|  |TAMS 0x000000070b800000, 0x000000070b800000| Untracked 
|  81|0x000000070ba00000, 0x000000070bc00000, 0x000000070bc00000|100%| O|  |TAMS 0x000000070ba00000, 0x000000070ba00000| Untracked 
|  82|0x000000070bc00000, 0x000000070be00000, 0x000000070be00000|100%| O|  |TAMS 0x000000070bc00000, 0x000000070bc00000| Untracked 
|  83|0x000000070be00000, 0x000000070c000000, 0x000000070c000000|100%| O|  |TAMS 0x000000070be00000, 0x000000070be00000| Untracked 
|  84|0x000000070c000000, 0x000000070c200000, 0x000000070c200000|100%| O|  |TAMS 0x000000070c000000, 0x000000070c000000| Untracked 
|  85|0x000000070c200000, 0x000000070c400000, 0x000000070c400000|100%| O|  |TAMS 0x000000070c200000, 0x000000070c200000| Untracked 
|  86|0x000000070c400000, 0x000000070c600000, 0x000000070c600000|100%| O|  |TAMS 0x000000070c400000, 0x000000070c400000| Untracked 
|  87|0x000000070c600000, 0x000000070c800000, 0x000000070c800000|100%| O|  |TAMS 0x000000070c600000, 0x000000070c600000| Untracked 
|  88|0x000000070c800000, 0x000000070ca00000, 0x000000070ca00000|100%| O|  |TAMS 0x000000070c800000, 0x000000070c800000| Untracked 
|  89|0x000000070ca00000, 0x000000070cc00000, 0x000000070cc00000|100%| O|  |TAMS 0x000000070ca00000, 0x000000070ca00000| Untracked 
|  90|0x000000070cc00000, 0x000000070ce00000, 0x000000070ce00000|100%| O|  |TAMS 0x000000070cc00000, 0x000000070cc00000| Untracked 
|  91|0x000000070ce00000, 0x000000070d000000, 0x000000070d000000|100%| O|  |TAMS 0x000000070ce00000, 0x000000070ce00000| Untracked 
|  92|0x000000070d000000, 0x000000070d200000, 0x000000070d200000|100%| O|  |TAMS 0x000000070d000000, 0x000000070d000000| Untracked 
|  93|0x000000070d200000, 0x000000070d400000, 0x000000070d400000|100%| O|  |TAMS 0x000000070d200000, 0x000000070d200000| Untracked 
|  94|0x000000070d400000, 0x000000070d600000, 0x000000070d600000|100%|HS|  |TAMS 0x000000070d400000, 0x000000070d400000| Complete 
|  95|0x000000070d600000, 0x000000070d800000, 0x000000070d800000|100%|HC|  |TAMS 0x000000070d600000, 0x000000070d600000| Complete 
|  96|0x000000070d800000, 0x000000070da00000, 0x000000070da00000|100%| O|  |TAMS 0x000000070d800000, 0x000000070d800000| Untracked 
|  97|0x000000070da00000, 0x000000070dc00000, 0x000000070dc00000|100%| O|  |TAMS 0x000000070da00000, 0x000000070da00000| Untracked 
|  98|0x000000070dc00000, 0x000000070de00000, 0x000000070de00000|100%| O|  |TAMS 0x000000070dc00000, 0x000000070dc00000| Untracked 
|  99|0x000000070de00000, 0x000000070e000000, 0x000000070e000000|100%| O|  |TAMS 0x000000070de00000, 0x000000070de00000| Untracked 
| 100|0x000000070e000000, 0x000000070e200000, 0x000000070e200000|100%| O|  |TAMS 0x000000070e000000, 0x000000070e000000| Untracked 
| 101|0x000000070e200000, 0x000000070e400000, 0x000000070e400000|100%| O|  |TAMS 0x000000070e200000, 0x000000070e200000| Untracked 
| 102|0x000000070e400000, 0x000000070e600000, 0x000000070e600000|100%| O|  |TAMS 0x000000070e400000, 0x000000070e400000| Untracked 
| 103|0x000000070e600000, 0x000000070e800000, 0x000000070e800000|100%| O|  |TAMS 0x000000070e600000, 0x000000070e600000| Untracked 
| 104|0x000000070e800000, 0x000000070ea00000, 0x000000070ea00000|100%| O|  |TAMS 0x000000070e800000, 0x000000070e800000| Untracked 
| 105|0x000000070ea00000, 0x000000070ec00000, 0x000000070ec00000|100%| O|  |TAMS 0x000000070ea00000, 0x000000070ea00000| Untracked 
| 106|0x000000070ec00000, 0x000000070ee00000, 0x000000070ee00000|100%| O|  |TAMS 0x000000070ec00000, 0x000000070ec00000| Untracked 
| 107|0x000000070ee00000, 0x000000070f000000, 0x000000070f000000|100%| O|  |TAMS 0x000000070ee00000, 0x000000070ee00000| Untracked 
| 108|0x000000070f000000, 0x000000070f200000, 0x000000070f200000|100%| O|  |TAMS 0x000000070f000000, 0x000000070f000000| Untracked 
| 109|0x000000070f200000, 0x000000070f400000, 0x000000070f400000|100%|HS|  |TAMS 0x000000070f200000, 0x000000070f200000| Complete 
| 110|0x000000070f400000, 0x000000070f600000, 0x000000070f600000|100%| O|  |TAMS 0x000000070f400000, 0x000000070f400000| Untracked 
| 111|0x000000070f600000, 0x000000070f800000, 0x000000070f800000|100%| O|  |TAMS 0x000000070f600000, 0x000000070f600000| Untracked 
| 112|0x000000070f800000, 0x000000070fa00000, 0x000000070fa00000|100%| O|  |TAMS 0x000000070f800000, 0x000000070f800000| Untracked 
| 113|0x000000070fa00000, 0x000000070fc00000, 0x000000070fc00000|100%| O|  |TAMS 0x000000070fa00000, 0x000000070fa00000| Untracked 
| 114|0x000000070fc00000, 0x000000070fe00000, 0x000000070fe00000|100%| O|  |TAMS 0x000000070fc00000, 0x000000070fc00000| Untracked 
| 115|0x000000070fe00000, 0x0000000710000000, 0x0000000710000000|100%| O|  |TAMS 0x000000070fe00000, 0x000000070fe00000| Untracked 
| 116|0x0000000710000000, 0x0000000710200000, 0x0000000710200000|100%| O|  |TAMS 0x0000000710000000, 0x0000000710000000| Untracked 
| 117|0x0000000710200000, 0x0000000710400000, 0x0000000710400000|100%| O|  |TAMS 0x0000000710200000, 0x0000000710200000| Untracked 
| 118|0x0000000710400000, 0x0000000710600000, 0x0000000710600000|100%| O|  |TAMS 0x0000000710400000, 0x0000000710400000| Untracked 
| 119|0x0000000710600000, 0x0000000710800000, 0x0000000710800000|100%| O|  |TAMS 0x0000000710600000, 0x0000000710600000| Untracked 
| 120|0x0000000710800000, 0x0000000710a00000, 0x0000000710a00000|100%| O|  |TAMS 0x0000000710800000, 0x0000000710800000| Untracked 
| 121|0x0000000710a00000, 0x0000000710c00000, 0x0000000710c00000|100%| O|  |TAMS 0x0000000710a00000, 0x0000000710a00000| Untracked 
| 122|0x0000000710c00000, 0x0000000710e00000, 0x0000000710e00000|100%| O|  |TAMS 0x0000000710c00000, 0x0000000710c00000| Untracked 
| 123|0x0000000710e00000, 0x0000000711000000, 0x0000000711000000|100%| O|  |TAMS 0x0000000710e00000, 0x0000000710e00000| Untracked 
| 124|0x0000000711000000, 0x0000000711200000, 0x0000000711200000|100%| O|  |TAMS 0x0000000711000000, 0x0000000711000000| Untracked 
| 125|0x0000000711200000, 0x0000000711400000, 0x0000000711400000|100%| O|  |TAMS 0x0000000711200000, 0x0000000711200000| Untracked 
| 126|0x0000000711400000, 0x0000000711600000, 0x0000000711600000|100%| O|  |TAMS 0x0000000711400000, 0x0000000711400000| Untracked 
| 127|0x0000000711600000, 0x0000000711721800, 0x0000000711800000| 56%| O|  |TAMS 0x0000000711600000, 0x0000000711600000| Untracked 
| 128|0x0000000711800000, 0x0000000711a00000, 0x0000000711a00000|100%|HS|  |TAMS 0x0000000711800000, 0x0000000711800000| Complete 
| 129|0x0000000711a00000, 0x0000000711c00000, 0x0000000711c00000|100%|HS|  |TAMS 0x0000000711a00000, 0x0000000711a00000| Complete 
| 130|0x0000000711c00000, 0x0000000711e00000, 0x0000000711e00000|100%|HS|  |TAMS 0x0000000711c00000, 0x0000000711c00000| Complete 
| 131|0x0000000711e00000, 0x0000000712000000, 0x0000000712000000|100%|HS|  |TAMS 0x0000000711e00000, 0x0000000711e00000| Complete 
| 132|0x0000000712000000, 0x0000000712200000, 0x0000000712200000|100%|HC|  |TAMS 0x0000000712000000, 0x0000000712000000| Complete 
| 133|0x0000000712200000, 0x0000000712200000, 0x0000000712400000|  0%| F|  |TAMS 0x0000000712200000, 0x0000000712200000| Untracked 
| 134|0x0000000712400000, 0x0000000712400000, 0x0000000712600000|  0%| F|  |TAMS 0x0000000712400000, 0x0000000712400000| Untracked 
| 135|0x0000000712600000, 0x0000000712600000, 0x0000000712800000|  0%| F|  |TAMS 0x0000000712600000, 0x0000000712600000| Untracked 
| 136|0x0000000712800000, 0x0000000712800000, 0x0000000712a00000|  0%| F|  |TAMS 0x0000000712800000, 0x0000000712800000| Untracked 
| 137|0x0000000712a00000, 0x0000000712a00000, 0x0000000712c00000|  0%| F|  |TAMS 0x0000000712a00000, 0x0000000712a00000| Untracked 
| 138|0x0000000712c00000, 0x0000000712c00000, 0x0000000712e00000|  0%| F|  |TAMS 0x0000000712c00000, 0x0000000712c00000| Untracked 
| 139|0x0000000712e00000, 0x0000000712e00000, 0x0000000713000000|  0%| F|  |TAMS 0x0000000712e00000, 0x0000000712e00000| Untracked 
| 140|0x0000000713000000, 0x0000000713000000, 0x0000000713200000|  0%| F|  |TAMS 0x0000000713000000, 0x0000000713000000| Untracked 
| 141|0x0000000713200000, 0x0000000713200000, 0x0000000713400000|  0%| F|  |TAMS 0x0000000713200000, 0x0000000713200000| Untracked 
| 142|0x0000000713400000, 0x0000000713400000, 0x0000000713600000|  0%| F|  |TAMS 0x0000000713400000, 0x0000000713400000| Untracked 
| 143|0x0000000713600000, 0x0000000713600000, 0x0000000713800000|  0%| F|  |TAMS 0x0000000713600000, 0x0000000713600000| Untracked 
| 144|0x0000000713800000, 0x0000000713800000, 0x0000000713a00000|  0%| F|  |TAMS 0x0000000713800000, 0x0000000713800000| Untracked 
| 145|0x0000000713a00000, 0x0000000713a00000, 0x0000000713c00000|  0%| F|  |TAMS 0x0000000713a00000, 0x0000000713a00000| Untracked 
| 146|0x0000000713c00000, 0x0000000713c00000, 0x0000000713e00000|  0%| F|  |TAMS 0x0000000713c00000, 0x0000000713c00000| Untracked 
| 147|0x0000000713e00000, 0x0000000713e00000, 0x0000000714000000|  0%| F|  |TAMS 0x0000000713e00000, 0x0000000713e00000| Untracked 
| 148|0x0000000714000000, 0x0000000714000000, 0x0000000714200000|  0%| F|  |TAMS 0x0000000714000000, 0x0000000714000000| Untracked 
| 149|0x0000000714200000, 0x0000000714200000, 0x0000000714400000|  0%| F|  |TAMS 0x0000000714200000, 0x0000000714200000| Untracked 
| 150|0x0000000714400000, 0x0000000714400000, 0x0000000714600000|  0%| F|  |TAMS 0x0000000714400000, 0x0000000714400000| Untracked 
| 151|0x0000000714600000, 0x0000000714600000, 0x0000000714800000|  0%| F|  |TAMS 0x0000000714600000, 0x0000000714600000| Untracked 
| 152|0x0000000714800000, 0x0000000714800000, 0x0000000714a00000|  0%| F|  |TAMS 0x0000000714800000, 0x0000000714800000| Untracked 
| 153|0x0000000714a00000, 0x0000000714a00000, 0x0000000714c00000|  0%| F|  |TAMS 0x0000000714a00000, 0x0000000714a00000| Untracked 
| 154|0x0000000714c00000, 0x0000000714c00000, 0x0000000714e00000|  0%| F|  |TAMS 0x0000000714c00000, 0x0000000714c00000| Untracked 
| 155|0x0000000714e00000, 0x0000000714e00000, 0x0000000715000000|  0%| F|  |TAMS 0x0000000714e00000, 0x0000000714e00000| Untracked 
| 156|0x0000000715000000, 0x0000000715000000, 0x0000000715200000|  0%| F|  |TAMS 0x0000000715000000, 0x0000000715000000| Untracked 
| 157|0x0000000715200000, 0x0000000715200000, 0x0000000715400000|  0%| F|  |TAMS 0x0000000715200000, 0x0000000715200000| Untracked 
| 158|0x0000000715400000, 0x0000000715400000, 0x0000000715600000|  0%| F|  |TAMS 0x0000000715400000, 0x0000000715400000| Untracked 
| 159|0x0000000715600000, 0x0000000715600000, 0x0000000715800000|  0%| F|  |TAMS 0x0000000715600000, 0x0000000715600000| Untracked 
| 160|0x0000000715800000, 0x0000000715800000, 0x0000000715a00000|  0%| F|  |TAMS 0x0000000715800000, 0x0000000715800000| Untracked 
| 161|0x0000000715a00000, 0x0000000715a00000, 0x0000000715c00000|  0%| F|  |TAMS 0x0000000715a00000, 0x0000000715a00000| Untracked 
| 162|0x0000000715c00000, 0x0000000715c00000, 0x0000000715e00000|  0%| F|  |TAMS 0x0000000715c00000, 0x0000000715c00000| Untracked 
| 163|0x0000000715e00000, 0x0000000715e00000, 0x0000000716000000|  0%| F|  |TAMS 0x0000000715e00000, 0x0000000715e00000| Untracked 
| 164|0x0000000716000000, 0x0000000716000000, 0x0000000716200000|  0%| F|  |TAMS 0x0000000716000000, 0x0000000716000000| Untracked 
| 165|0x0000000716200000, 0x0000000716200000, 0x0000000716400000|  0%| F|  |TAMS 0x0000000716200000, 0x0000000716200000| Untracked 
| 166|0x0000000716400000, 0x0000000716600000, 0x0000000716600000|100%| S|CS|TAMS 0x0000000716400000, 0x0000000716400000| Complete 
| 167|0x0000000716600000, 0x0000000716800000, 0x0000000716800000|100%| S|CS|TAMS 0x0000000716600000, 0x0000000716600000| Complete 
| 168|0x0000000716800000, 0x0000000716a00000, 0x0000000716a00000|100%| S|CS|TAMS 0x0000000716800000, 0x0000000716800000| Complete 
| 169|0x0000000716a00000, 0x0000000716c00000, 0x0000000716c00000|100%| S|CS|TAMS 0x0000000716a00000, 0x0000000716a00000| Complete 
| 170|0x0000000716c00000, 0x0000000716e00000, 0x0000000716e00000|100%| S|CS|TAMS 0x0000000716c00000, 0x0000000716c00000| Complete 
| 171|0x0000000716e00000, 0x0000000717000000, 0x0000000717000000|100%| S|CS|TAMS 0x0000000716e00000, 0x0000000716e00000| Complete 
| 172|0x0000000717000000, 0x0000000717200000, 0x0000000717200000|100%| S|CS|TAMS 0x0000000717000000, 0x0000000717000000| Complete 
| 173|0x0000000717200000, 0x0000000717400000, 0x0000000717400000|100%| S|CS|TAMS 0x0000000717200000, 0x0000000717200000| Complete 
| 174|0x0000000717400000, 0x0000000717600000, 0x0000000717600000|100%| S|CS|TAMS 0x0000000717400000, 0x0000000717400000| Complete 
| 175|0x0000000717600000, 0x0000000717800000, 0x0000000717800000|100%| S|CS|TAMS 0x0000000717600000, 0x0000000717600000| Complete 
| 176|0x0000000717800000, 0x0000000717a00000, 0x0000000717a00000|100%| S|CS|TAMS 0x0000000717800000, 0x0000000717800000| Complete 
| 177|0x0000000717a00000, 0x0000000717a00000, 0x0000000717c00000|  0%| F|  |TAMS 0x0000000717a00000, 0x0000000717a00000| Untracked 
| 178|0x0000000717c00000, 0x0000000717c00000, 0x0000000717e00000|  0%| F|  |TAMS 0x0000000717c00000, 0x0000000717c00000| Untracked 
| 179|0x0000000717e00000, 0x0000000717e00000, 0x0000000718000000|  0%| F|  |TAMS 0x0000000717e00000, 0x0000000717e00000| Untracked 
| 180|0x0000000718000000, 0x0000000718000000, 0x0000000718200000|  0%| F|  |TAMS 0x0000000718000000, 0x0000000718000000| Untracked 
| 181|0x0000000718200000, 0x0000000718200000, 0x0000000718400000|  0%| F|  |TAMS 0x0000000718200000, 0x0000000718200000| Untracked 
| 182|0x0000000718400000, 0x0000000718400000, 0x0000000718600000|  0%| F|  |TAMS 0x0000000718400000, 0x0000000718400000| Untracked 
| 183|0x0000000718600000, 0x0000000718600000, 0x0000000718800000|  0%| F|  |TAMS 0x0000000718600000, 0x0000000718600000| Untracked 
| 184|0x0000000718800000, 0x0000000718800000, 0x0000000718a00000|  0%| F|  |TAMS 0x0000000718800000, 0x0000000718800000| Untracked 
| 185|0x0000000718a00000, 0x0000000718a00000, 0x0000000718c00000|  0%| F|  |TAMS 0x0000000718a00000, 0x0000000718a00000| Untracked 
| 186|0x0000000718c00000, 0x0000000718c00000, 0x0000000718e00000|  0%| F|  |TAMS 0x0000000718c00000, 0x0000000718c00000| Untracked 
| 187|0x0000000718e00000, 0x0000000718e00000, 0x0000000719000000|  0%| F|  |TAMS 0x0000000718e00000, 0x0000000718e00000| Untracked 
| 188|0x0000000719000000, 0x0000000719000000, 0x0000000719200000|  0%| F|  |TAMS 0x0000000719000000, 0x0000000719000000| Untracked 
| 189|0x0000000719200000, 0x0000000719200000, 0x0000000719400000|  0%| F|  |TAMS 0x0000000719200000, 0x0000000719200000| Untracked 
| 190|0x0000000719400000, 0x0000000719400000, 0x0000000719600000|  0%| F|  |TAMS 0x0000000719400000, 0x0000000719400000| Untracked 
| 191|0x0000000719600000, 0x0000000719600000, 0x0000000719800000|  0%| F|  |TAMS 0x0000000719600000, 0x0000000719600000| Untracked 
| 192|0x0000000719800000, 0x0000000719800000, 0x0000000719a00000|  0%| F|  |TAMS 0x0000000719800000, 0x0000000719800000| Untracked 
| 193|0x0000000719a00000, 0x0000000719a00000, 0x0000000719c00000|  0%| F|  |TAMS 0x0000000719a00000, 0x0000000719a00000| Untracked 
| 194|0x0000000719c00000, 0x0000000719c00000, 0x0000000719e00000|  0%| F|  |TAMS 0x0000000719c00000, 0x0000000719c00000| Untracked 
| 195|0x0000000719e00000, 0x0000000719e00000, 0x000000071a000000|  0%| F|  |TAMS 0x0000000719e00000, 0x0000000719e00000| Untracked 
| 196|0x000000071a000000, 0x000000071a000000, 0x000000071a200000|  0%| F|  |TAMS 0x000000071a000000, 0x000000071a000000| Untracked 
| 197|0x000000071a200000, 0x000000071a200000, 0x000000071a400000|  0%| F|  |TAMS 0x000000071a200000, 0x000000071a200000| Untracked 
| 198|0x000000071a400000, 0x000000071a400000, 0x000000071a600000|  0%| F|  |TAMS 0x000000071a400000, 0x000000071a400000| Untracked 
| 199|0x000000071a600000, 0x000000071a600000, 0x000000071a800000|  0%| F|  |TAMS 0x000000071a600000, 0x000000071a600000| Untracked 
| 200|0x000000071a800000, 0x000000071a800000, 0x000000071aa00000|  0%| F|  |TAMS 0x000000071a800000, 0x000000071a800000| Untracked 
| 201|0x000000071aa00000, 0x000000071aa00000, 0x000000071ac00000|  0%| F|  |TAMS 0x000000071aa00000, 0x000000071aa00000| Untracked 
| 202|0x000000071ac00000, 0x000000071ac00000, 0x000000071ae00000|  0%| F|  |TAMS 0x000000071ac00000, 0x000000071ac00000| Untracked 
| 203|0x000000071ae00000, 0x000000071ae00000, 0x000000071b000000|  0%| F|  |TAMS 0x000000071ae00000, 0x000000071ae00000| Untracked 
| 204|0x000000071b000000, 0x000000071b000000, 0x000000071b200000|  0%| F|  |TAMS 0x000000071b000000, 0x000000071b000000| Untracked 
| 205|0x000000071b200000, 0x000000071b200000, 0x000000071b400000|  0%| F|  |TAMS 0x000000071b200000, 0x000000071b200000| Untracked 
| 206|0x000000071b400000, 0x000000071b400000, 0x000000071b600000|  0%| F|  |TAMS 0x000000071b400000, 0x000000071b400000| Untracked 
| 207|0x000000071b600000, 0x000000071b600000, 0x000000071b800000|  0%| F|  |TAMS 0x000000071b600000, 0x000000071b600000| Untracked 
| 208|0x000000071b800000, 0x000000071ba00000, 0x000000071ba00000|100%| E|  |TAMS 0x000000071b800000, 0x000000071b800000| Complete 
| 209|0x000000071ba00000, 0x000000071bc00000, 0x000000071bc00000|100%| E|CS|TAMS 0x000000071ba00000, 0x000000071ba00000| Complete 
| 210|0x000000071bc00000, 0x000000071be00000, 0x000000071be00000|100%| E|CS|TAMS 0x000000071bc00000, 0x000000071bc00000| Complete 
| 211|0x000000071be00000, 0x000000071c000000, 0x000000071c000000|100%| E|CS|TAMS 0x000000071be00000, 0x000000071be00000| Complete 
| 212|0x000000071c000000, 0x000000071c200000, 0x000000071c200000|100%| E|CS|TAMS 0x000000071c000000, 0x000000071c000000| Complete 
| 213|0x000000071c200000, 0x000000071c400000, 0x000000071c400000|100%| E|CS|TAMS 0x000000071c200000, 0x000000071c200000| Complete 
| 214|0x000000071c400000, 0x000000071c600000, 0x000000071c600000|100%| E|CS|TAMS 0x000000071c400000, 0x000000071c400000| Complete 
| 215|0x000000071c600000, 0x000000071c800000, 0x000000071c800000|100%| E|CS|TAMS 0x000000071c600000, 0x000000071c600000| Complete 
| 216|0x000000071c800000, 0x000000071ca00000, 0x000000071ca00000|100%| E|CS|TAMS 0x000000071c800000, 0x000000071c800000| Complete 
| 217|0x000000071ca00000, 0x000000071cc00000, 0x000000071cc00000|100%| E|CS|TAMS 0x000000071ca00000, 0x000000071ca00000| Complete 
| 218|0x000000071cc00000, 0x000000071ce00000, 0x000000071ce00000|100%| E|CS|TAMS 0x000000071cc00000, 0x000000071cc00000| Complete 
| 219|0x000000071ce00000, 0x000000071d000000, 0x000000071d000000|100%| E|CS|TAMS 0x000000071ce00000, 0x000000071ce00000| Complete 
| 220|0x000000071d000000, 0x000000071d200000, 0x000000071d200000|100%| E|CS|TAMS 0x000000071d000000, 0x000000071d000000| Complete 
| 221|0x000000071d200000, 0x000000071d400000, 0x000000071d400000|100%| E|CS|TAMS 0x000000071d200000, 0x000000071d200000| Complete 
| 222|0x000000071d400000, 0x000000071d600000, 0x000000071d600000|100%| E|CS|TAMS 0x000000071d400000, 0x000000071d400000| Complete 
| 223|0x000000071d600000, 0x000000071d800000, 0x000000071d800000|100%| E|CS|TAMS 0x000000071d600000, 0x000000071d600000| Complete 
| 224|0x000000071d800000, 0x000000071da00000, 0x000000071da00000|100%| E|CS|TAMS 0x000000071d800000, 0x000000071d800000| Complete 
| 225|0x000000071da00000, 0x000000071dc00000, 0x000000071dc00000|100%| E|CS|TAMS 0x000000071da00000, 0x000000071da00000| Complete 
| 226|0x000000071dc00000, 0x000000071de00000, 0x000000071de00000|100%| E|CS|TAMS 0x000000071dc00000, 0x000000071dc00000| Complete 
| 227|0x000000071de00000, 0x000000071e000000, 0x000000071e000000|100%| E|CS|TAMS 0x000000071de00000, 0x000000071de00000| Complete 
| 228|0x000000071e000000, 0x000000071e200000, 0x000000071e200000|100%| E|CS|TAMS 0x000000071e000000, 0x000000071e000000| Complete 
| 229|0x000000071e200000, 0x000000071e400000, 0x000000071e400000|100%| E|CS|TAMS 0x000000071e200000, 0x000000071e200000| Complete 
| 230|0x000000071e400000, 0x000000071e600000, 0x000000071e600000|100%| E|CS|TAMS 0x000000071e400000, 0x000000071e400000| Complete 
| 231|0x000000071e600000, 0x000000071e800000, 0x000000071e800000|100%| E|CS|TAMS 0x000000071e600000, 0x000000071e600000| Complete 
| 232|0x000000071e800000, 0x000000071ea00000, 0x000000071ea00000|100%| E|CS|TAMS 0x000000071e800000, 0x000000071e800000| Complete 
| 233|0x000000071ea00000, 0x000000071ec00000, 0x000000071ec00000|100%| E|CS|TAMS 0x000000071ea00000, 0x000000071ea00000| Complete 
| 234|0x000000071ec00000, 0x000000071ee00000, 0x000000071ee00000|100%| E|CS|TAMS 0x000000071ec00000, 0x000000071ec00000| Complete 
| 235|0x000000071ee00000, 0x000000071f000000, 0x000000071f000000|100%| E|CS|TAMS 0x000000071ee00000, 0x000000071ee00000| Complete 
| 236|0x000000071f000000, 0x000000071f200000, 0x000000071f200000|100%| E|CS|TAMS 0x000000071f000000, 0x000000071f000000| Complete 
| 237|0x000000071f200000, 0x000000071f400000, 0x000000071f400000|100%| E|CS|TAMS 0x000000071f200000, 0x000000071f200000| Complete 
| 238|0x000000071f400000, 0x000000071f600000, 0x000000071f600000|100%| E|CS|TAMS 0x000000071f400000, 0x000000071f400000| Complete 
| 239|0x000000071f600000, 0x000000071f800000, 0x000000071f800000|100%| E|CS|TAMS 0x000000071f600000, 0x000000071f600000| Complete 
| 240|0x000000071f800000, 0x000000071fa00000, 0x000000071fa00000|100%| E|CS|TAMS 0x000000071f800000, 0x000000071f800000| Complete 
| 241|0x000000071fa00000, 0x000000071fc00000, 0x000000071fc00000|100%| E|CS|TAMS 0x000000071fa00000, 0x000000071fa00000| Complete 
| 242|0x000000071fc00000, 0x000000071fe00000, 0x000000071fe00000|100%| E|CS|TAMS 0x000000071fc00000, 0x000000071fc00000| Complete 
| 243|0x000000071fe00000, 0x0000000720000000, 0x0000000720000000|100%| E|CS|TAMS 0x000000071fe00000, 0x000000071fe00000| Complete 
| 244|0x0000000720000000, 0x0000000720200000, 0x0000000720200000|100%| E|CS|TAMS 0x0000000720000000, 0x0000000720000000| Complete 
| 245|0x0000000720200000, 0x0000000720400000, 0x0000000720400000|100%| E|CS|TAMS 0x0000000720200000, 0x0000000720200000| Complete 
| 246|0x0000000720400000, 0x0000000720600000, 0x0000000720600000|100%| E|CS|TAMS 0x0000000720400000, 0x0000000720400000| Complete 
| 247|0x0000000720600000, 0x0000000720800000, 0x0000000720800000|100%| E|CS|TAMS 0x0000000720600000, 0x0000000720600000| Complete 
| 248|0x0000000720800000, 0x0000000720a00000, 0x0000000720a00000|100%| E|CS|TAMS 0x0000000720800000, 0x0000000720800000| Complete 
| 249|0x0000000720a00000, 0x0000000720c00000, 0x0000000720c00000|100%| E|CS|TAMS 0x0000000720a00000, 0x0000000720a00000| Complete 
| 250|0x0000000720c00000, 0x0000000720e00000, 0x0000000720e00000|100%| E|CS|TAMS 0x0000000720c00000, 0x0000000720c00000| Complete 
| 251|0x0000000720e00000, 0x0000000721000000, 0x0000000721000000|100%| E|CS|TAMS 0x0000000720e00000, 0x0000000720e00000| Complete 
| 252|0x0000000721000000, 0x0000000721200000, 0x0000000721200000|100%| E|CS|TAMS 0x0000000721000000, 0x0000000721000000| Complete 
| 253|0x0000000721200000, 0x0000000721400000, 0x0000000721400000|100%| E|CS|TAMS 0x0000000721200000, 0x0000000721200000| Complete 
| 254|0x0000000721400000, 0x0000000721600000, 0x0000000721600000|100%| E|CS|TAMS 0x0000000721400000, 0x0000000721400000| Complete 
| 255|0x0000000721600000, 0x0000000721800000, 0x0000000721800000|100%| E|CS|TAMS 0x0000000721600000, 0x0000000721600000| Complete 
| 256|0x0000000721800000, 0x0000000721a00000, 0x0000000721a00000|100%| E|CS|TAMS 0x0000000721800000, 0x0000000721800000| Complete 

Card table byte_map: [0x0000019e5d880000,0x0000019e5e080000] _byte_map_base: 0x0000019e5a074000

Marking Bits (Prev, Next): (CMBitMap*) 0x0000019e45b40f70, (CMBitMap*) 0x0000019e45b40fb0
 Prev Bits: [0x0000019e5e880000, 0x0000019e62820000)
 Next Bits: [0x0000019e62820000, 0x0000019e667c0000)

Polling page: 0x0000019e44250000

Metaspace:

Usage:
  Non-class:     59.12 MB used.
      Class:      6.49 MB used.
       Both:     65.61 MB used.

Virtual space:
  Non-class space:       64.00 MB reserved,      59.94 MB ( 94%) committed,  1 nodes.
      Class space:        1.00 GB reserved,       7.19 MB ( <1%) committed,  1 nodes.
             Both:        1.06 GB reserved,      67.12 MB (  6%) committed. 

Chunk freelists:
   Non-Class:  96.00 KB
       Class:  892.00 KB
        Both:  988.00 KB

MaxMetaspaceSize: unlimited
CompressedClassSpaceSize: 1.00 GB
Initial GC threshold: 21.00 MB
Current GC threshold: 87.50 MB
CDS: on
MetaspaceReclaimPolicy: balanced
 - commit_granule_bytes: 65536.
 - commit_granule_words: 8192.
 - virtual_space_node_default_size: 8388608.
 - enlarge_chunks_in_place: 1.
 - new_chunks_are_fully_committed: 0.
 - uncommit_free_chunks: 1.
 - use_allocation_guard: 0.


Internal statistics:

num_allocs_failed_limit: 6.
num_arena_births: 1226.
num_arena_deaths: 14.
num_vsnodes_births: 2.
num_vsnodes_deaths: 0.
num_space_committed: 1074.
num_space_uncommitted: 0.
num_chunks_returned_to_freelist: 20.
num_chunks_taken_from_freelist: 4527.
num_chunk_merges: 11.
num_chunk_splits: 2712.
num_chunks_enlarged: 1494.
num_inconsistent_stats: 0.

CodeHeap 'non-profiled nmethods': size=120000Kb used=8400Kb max_used=8400Kb free=111599Kb
 bounds [0x0000019e54ee0000, 0x0000019e55720000, 0x0000019e5c410000]
CodeHeap 'profiled nmethods': size=120000Kb used=27312Kb max_used=27312Kb free=92688Kb
 bounds [0x0000019e4d9b0000, 0x0000019e4f460000, 0x0000019e54ee0000]
CodeHeap 'non-nmethods': size=5760Kb used=1391Kb max_used=1484Kb free=4368Kb
 bounds [0x0000019e4d410000, 0x0000019e4d680000, 0x0000019e4d9b0000]
 total_blobs=11985 nmethods=11260 adapters=635
 compilation: enabled
              stopped_count=0, restarted_count=0
 full_count=0

Compilation events (20 events):
Event: 30.811 Thread 0x0000019e6d4349a0 nmethod 13811 0x0000019e55706f90 code [0x0000019e55707120, 0x0000019e557071f8]
Event: 30.813 Thread 0x0000019e6d4349a0 13812       1       org.eclipse.lsp4j.jsonrpc.RemoteEndpoint::getJsonHandler (5 bytes)
Event: 30.813 Thread 0x0000019e6d4349a0 nmethod 13812 0x0000019e55707290 code [0x0000019e55707420, 0x0000019e557074f8]
Event: 30.813 Thread 0x0000019e6d4349a0 13813       3       com.google.gson.stream.JsonWriter::setFormattingStyle (97 bytes)
Event: 30.813 Thread 0x0000019e6d4349a0 nmethod 13813 0x0000019e4f43fb90 code [0x0000019e4f43fdc0, 0x0000019e4f4406c8]
Event: 30.813 Thread 0x0000019e6d4349a0 13814       3       java.lang.String::encodeASCII (151 bytes)
Event: 30.814 Thread 0x0000019e6d4349a0 nmethod 13814 0x0000019e4f440990 code [0x0000019e4f440ba0, 0x0000019e4f4413b8]
Event: 30.815 Thread 0x0000019e6ecb48a0 nmethod 13791% 0x0000019e55707590 code [0x0000019e55707800, 0x0000019e55708f90]
Event: 30.815 Thread 0x0000019e6ecb48a0 13799       4       org.eclipse.jdt.internal.compiler.parser.Scanner::getVanguardParser (97 bytes)
Event: 30.815 Thread 0x0000019e6d403dd0 nmethod 13787 0x0000019e55709e10 code [0x0000019e5570a000, 0x0000019e5570aa08]
Event: 30.815 Thread 0x0000019e6d403dd0 13794       4       org.eclipse.jdt.internal.compiler.parser.Scanner::disambiguatedToken (213 bytes)
Event: 30.921 Thread 0x0000019e6d4349a0 13816       3       java.util.regex.Pattern$Branch::study (162 bytes)
Event: 30.922 Thread 0x0000019e6d4349a0 nmethod 13816 0x0000019e4f441610 code [0x0000019e4f441800, 0x0000019e4f441ef8]
Event: 30.928 Thread 0x0000019e6d4349a0 13817       3       org.eclipse.core.internal.resources.Marker::getAttribute (41 bytes)
Event: 30.929 Thread 0x0000019e6d4349a0 nmethod 13817 0x0000019e4f442210 code [0x0000019e4f442480, 0x0000019e4f443098]
Event: 30.951 Thread 0x0000019e6d4349a0 13818   !   3       org.eclipse.jdt.ls.core.internal.ConnectionStreamFactory$NamedPipeOutputStream::write (130 bytes)
Event: 30.952 Thread 0x0000019e6d4349a0 nmethod 13818 0x0000019e4f443590 code [0x0000019e4f4437a0, 0x0000019e4f443ec8]
Event: 30.955 Thread 0x0000019e6d4349a0 13819       3       org.eclipse.jdt.internal.compiler.classfmt.MethodInfo::decodeMethodParameters (129 bytes)
Event: 30.956 Thread 0x0000019e6d4349a0 nmethod 13819 0x0000019e4f444210 code [0x0000019e4f4444a0, 0x0000019e4f445408]
Event: 30.991 Thread 0x0000019e6ecb48a0 nmethod 13799 0x0000019e5570b210 code [0x0000019e5570b440, 0x0000019e5570d808]

GC Heap History (20 events):
Event: 26.549 GC heap before
{Heap before GC invocations=44 (full 0):
 garbage-first heap   total 278528K, used 227302K [0x0000000701800000, 0x0000000800000000)
  region size 2048K, 24 young (49152K), 4 survivors (8192K)
 Metaspace       used 63544K, committed 64896K, reserved 1114112K
  class space    used 6347K, committed 6912K, reserved 1048576K
}
Event: 26.557 GC heap after
{Heap after GC invocations=45 (full 0):
 garbage-first heap   total 335872K, used 197941K [0x0000000701800000, 0x0000000800000000)
  region size 2048K, 3 young (6144K), 3 survivors (6144K)
 Metaspace       used 63544K, committed 64896K, reserved 1114112K
  class space    used 6347K, committed 6912K, reserved 1048576K
}
Event: 27.370 GC heap before
{Heap before GC invocations=45 (full 0):
 garbage-first heap   total 335872K, used 267573K [0x0000000701800000, 0x0000000800000000)
  region size 2048K, 36 young (73728K), 3 survivors (6144K)
 Metaspace       used 64156K, committed 65536K, reserved 1114112K
  class space    used 6393K, committed 6976K, reserved 1048576K
}
Event: 27.380 GC heap after
{Heap after GC invocations=46 (full 0):
 garbage-first heap   total 335872K, used 215772K [0x0000000701800000, 0x0000000800000000)
  region size 2048K, 5 young (10240K), 5 survivors (10240K)
 Metaspace       used 64156K, committed 65536K, reserved 1114112K
  class space    used 6393K, committed 6976K, reserved 1048576K
}
Event: 27.641 GC heap before
{Heap before GC invocations=46 (full 0):
 garbage-first heap   total 335872K, used 269020K [0x0000000701800000, 0x0000000800000000)
  region size 2048K, 32 young (65536K), 5 survivors (10240K)
 Metaspace       used 64406K, committed 65856K, reserved 1114112K
  class space    used 6410K, committed 7040K, reserved 1048576K
}
Event: 27.652 GC heap after
{Heap after GC invocations=47 (full 0):
 garbage-first heap   total 335872K, used 222278K [0x0000000701800000, 0x0000000800000000)
  region size 2048K, 3 young (6144K), 3 survivors (6144K)
 Metaspace       used 64406K, committed 65856K, reserved 1114112K
  class space    used 6410K, committed 7040K, reserved 1048576K
}
Event: 27.787 GC heap before
{Heap before GC invocations=47 (full 0):
 garbage-first heap   total 335872K, used 275526K [0x0000000701800000, 0x0000000800000000)
  region size 2048K, 29 young (59392K), 3 survivors (6144K)
 Metaspace       used 64411K, committed 65856K, reserved 1114112K
  class space    used 6410K, committed 7040K, reserved 1048576K
}
Event: 27.791 GC heap after
{Heap after GC invocations=48 (full 0):
 garbage-first heap   total 335872K, used 223784K [0x0000000701800000, 0x0000000800000000)
  region size 2048K, 1 young (2048K), 1 survivors (2048K)
 Metaspace       used 64411K, committed 65856K, reserved 1114112K
  class space    used 6410K, committed 7040K, reserved 1048576K
}
Event: 27.862 GC heap before
{Heap before GC invocations=48 (full 0):
 garbage-first heap   total 335872K, used 279080K [0x0000000701800000, 0x0000000800000000)
  region size 2048K, 28 young (57344K), 1 survivors (2048K)
 Metaspace       used 64634K, committed 65984K, reserved 1114112K
  class space    used 6434K, committed 7040K, reserved 1048576K
}
Event: 27.865 GC heap after
{Heap after GC invocations=49 (full 0):
 garbage-first heap   total 403456K, used 225718K [0x0000000701800000, 0x0000000800000000)
  region size 2048K, 2 young (4096K), 2 survivors (4096K)
 Metaspace       used 64634K, committed 65984K, reserved 1114112K
  class space    used 6434K, committed 7040K, reserved 1048576K
}
Event: 28.074 GC heap before
{Heap before GC invocations=49 (full 0):
 garbage-first heap   total 403456K, used 328118K [0x0000000701800000, 0x0000000800000000)
  region size 2048K, 52 young (106496K), 2 survivors (4096K)
 Metaspace       used 64985K, committed 66432K, reserved 1114112K
  class space    used 6477K, committed 7104K, reserved 1048576K
}
Event: 28.081 GC heap after
{Heap after GC invocations=50 (full 0):
 garbage-first heap   total 403456K, used 229328K [0x0000000701800000, 0x0000000800000000)
  region size 2048K, 4 young (8192K), 4 survivors (8192K)
 Metaspace       used 64985K, committed 66432K, reserved 1114112K
  class space    used 6477K, committed 7104K, reserved 1048576K
}
Event: 28.217 GC heap before
{Heap before GC invocations=50 (full 0):
 garbage-first heap   total 403456K, used 331728K [0x0000000701800000, 0x0000000800000000)
  region size 2048K, 54 young (110592K), 4 survivors (8192K)
 Metaspace       used 65110K, committed 66496K, reserved 1114112K
  class space    used 6490K, committed 7104K, reserved 1048576K
}
Event: 28.224 GC heap after
{Heap after GC invocations=51 (full 0):
 garbage-first heap   total 403456K, used 234864K [0x0000000701800000, 0x0000000800000000)
  region size 2048K, 6 young (12288K), 6 survivors (12288K)
 Metaspace       used 65110K, committed 66496K, reserved 1114112K
  class space    used 6490K, committed 7104K, reserved 1048576K
}
Event: 28.720 GC heap before
{Heap before GC invocations=51 (full 0):
 garbage-first heap   total 403456K, used 333168K [0x0000000701800000, 0x0000000800000000)
  region size 2048K, 55 young (112640K), 6 survivors (12288K)
 Metaspace       used 66290K, committed 67712K, reserved 1114112K
  class space    used 6595K, committed 7232K, reserved 1048576K
}
Event: 28.731 GC heap after
{Heap after GC invocations=52 (full 0):
 garbage-first heap   total 403456K, used 245663K [0x0000000701800000, 0x0000000800000000)
  region size 2048K, 7 young (14336K), 7 survivors (14336K)
 Metaspace       used 66290K, committed 67712K, reserved 1114112K
  class space    used 6595K, committed 7232K, reserved 1048576K
}
Event: 29.574 GC heap before
{Heap before GC invocations=52 (full 0):
 garbage-first heap   total 403456K, used 335775K [0x0000000701800000, 0x0000000800000000)
  region size 2048K, 51 young (104448K), 7 survivors (14336K)
 Metaspace       used 66530K, committed 67968K, reserved 1114112K
  class space    used 6602K, committed 7232K, reserved 1048576K
}
Event: 29.587 GC heap after
{Heap after GC invocations=53 (full 0):
 garbage-first heap   total 526336K, used 259013K [0x0000000701800000, 0x0000000800000000)
  region size 2048K, 7 young (14336K), 7 survivors (14336K)
 Metaspace       used 66530K, committed 67968K, reserved 1114112K
  class space    used 6602K, committed 7232K, reserved 1048576K
}
Event: 30.655 GC heap before
{Heap before GC invocations=53 (full 0):
 garbage-first heap   total 526336K, used 420805K [0x0000000701800000, 0x0000000800000000)
  region size 2048K, 87 young (178176K), 7 survivors (14336K)
 Metaspace       used 66903K, committed 68352K, reserved 1114112K
  class space    used 6620K, committed 7296K, reserved 1048576K
}
Event: 30.676 GC heap after
{Heap after GC invocations=54 (full 0):
 garbage-first heap   total 526336K, used 283782K [0x0000000701800000, 0x0000000800000000)
  region size 2048K, 11 young (22528K), 11 survivors (22528K)
 Metaspace       used 66903K, committed 68352K, reserved 1114112K
  class space    used 6620K, committed 7296K, reserved 1048576K
}

Deoptimization events (20 events):
Event: 30.249 Thread 0x0000019e70c24410 DEOPT PACKING pc=0x0000019e555cc3bc sp=0x0000004a0d9fe780
Event: 30.249 Thread 0x0000019e70c24410 DEOPT UNPACKING pc=0x0000019e4d4623a3 sp=0x0000004a0d9fe6f8 mode 2
Event: 30.366 Thread 0x0000019e6e3f7d00 DEOPT PACKING pc=0x0000019e4e2b1de8 sp=0x0000004a0c4feb90
Event: 30.366 Thread 0x0000019e6e3f7d00 DEOPT UNPACKING pc=0x0000019e4d462b43 sp=0x0000004a0c4fe048 mode 0
Event: 30.439 Thread 0x0000019e70c24410 DEOPT PACKING pc=0x0000019e4e2b1de8 sp=0x0000004a0d9feab0
Event: 30.439 Thread 0x0000019e70c24410 DEOPT UNPACKING pc=0x0000019e4d462b43 sp=0x0000004a0d9fdf68 mode 0
Event: 30.467 Thread 0x0000019e70c24410 DEOPT PACKING pc=0x0000019e4eeebe80 sp=0x0000004a0d9fe610
Event: 30.467 Thread 0x0000019e70c24410 DEOPT UNPACKING pc=0x0000019e4d462b43 sp=0x0000004a0d9fdad0 mode 0
Event: 30.484 Thread 0x0000019e70c24410 DEOPT PACKING pc=0x0000019e4eeebe80 sp=0x0000004a0d9fde00
Event: 30.484 Thread 0x0000019e70c24410 DEOPT UNPACKING pc=0x0000019e4d462b43 sp=0x0000004a0d9fd2c0 mode 0
Event: 30.699 Thread 0x0000019e70c24410 Uncommon trap: trap_request=0xffffff45 fr.pc=0x0000019e553c97c8 relative=0x0000000000000048
Event: 30.699 Thread 0x0000019e70c24410 Uncommon trap: reason=unstable_if action=reinterpret pc=0x0000019e553c97c8 method=jdk.internal.reflect.DirectMethodHandleAccessor.checkArgumentCount(I[Ljava/lang/Object;)V @ 2 c2
Event: 30.699 Thread 0x0000019e70c24410 DEOPT PACKING pc=0x0000019e553c97c8 sp=0x0000004a0d9fdb20
Event: 30.699 Thread 0x0000019e70c24410 DEOPT UNPACKING pc=0x0000019e4d4623a3 sp=0x0000004a0d9fdaa0 mode 2
Event: 30.704 Thread 0x0000019e6e3f7d00 DEOPT PACKING pc=0x0000019e4e35b3d0 sp=0x0000004a0c4fead0
Event: 30.704 Thread 0x0000019e6e3f7d00 DEOPT UNPACKING pc=0x0000019e4d462b43 sp=0x0000004a0c4fe028 mode 0
Event: 30.731 Thread 0x0000019e6e3f64f0 Uncommon trap: trap_request=0xffffff45 fr.pc=0x0000019e55402b8c relative=0x0000000000003eec
Event: 30.731 Thread 0x0000019e6e3f64f0 Uncommon trap: reason=unstable_if action=reinterpret pc=0x0000019e55402b8c method=org.eclipse.jdt.internal.compiler.ast.TypeDeclaration.kind(I)I @ 5 c2
Event: 30.731 Thread 0x0000019e6e3f64f0 DEOPT PACKING pc=0x0000019e55402b8c sp=0x0000004a0c8fefc0
Event: 30.731 Thread 0x0000019e6e3f64f0 DEOPT UNPACKING pc=0x0000019e4d4623a3 sp=0x0000004a0c8fef30 mode 2

Classes loaded (20 events):
Event: 28.109 Loading class javax/crypto/spec/SecretKeySpec
Event: 28.109 Loading class javax/crypto/spec/SecretKeySpec done
Event: 28.109 Loading class javax/crypto/spec/SecretKeySpec$1
Event: 28.109 Loading class jdk/internal/access/JavaxCryptoSpecAccess
Event: 28.109 Loading class jdk/internal/access/JavaxCryptoSpecAccess done
Event: 28.109 Loading class javax/crypto/spec/SecretKeySpec$1 done
Event: 28.110 Loading class javax/crypto/Cipher
Event: 28.111 Loading class javax/crypto/Cipher done
Event: 28.111 Loading class javax/crypto/Cipher$Transform
Event: 28.111 Loading class javax/crypto/Cipher$Transform done
Event: 28.111 Loading class sun/security/jca/ProviderConfig$3
Event: 28.112 Loading class sun/security/jca/ProviderConfig$3 done
Event: 28.112 Loading class sun/security/jca/ProviderConfig$ProviderLoader
Event: 28.112 Loading class sun/security/jca/ProviderConfig$ProviderLoader done
Event: 28.118 Loading class java/security/InvalidParameterException
Event: 28.118 Loading class java/security/InvalidParameterException done
Event: 28.118 Loading class java/security/ProviderException
Event: 28.118 Loading class java/security/ProviderException done
Event: 29.171 Loading class java/util/regex/Pattern$1
Event: 29.173 Loading class java/util/regex/Pattern$1 done

Classes unloaded (7 events):
Event: 10.442 Thread 0x0000019e5d066b50 Unloading class 0x0000000800db4800 'java/lang/invoke/LambdaForm$MH+0x0000000800db4800'
Event: 10.442 Thread 0x0000019e5d066b50 Unloading class 0x0000000800db4400 'java/lang/invoke/LambdaForm$MH+0x0000000800db4400'
Event: 10.442 Thread 0x0000019e5d066b50 Unloading class 0x0000000800db4000 'java/lang/invoke/LambdaForm$MH+0x0000000800db4000'
Event: 10.442 Thread 0x0000019e5d066b50 Unloading class 0x0000000800db3c00 'java/lang/invoke/LambdaForm$MH+0x0000000800db3c00'
Event: 10.442 Thread 0x0000019e5d066b50 Unloading class 0x0000000800db3800 'java/lang/invoke/LambdaForm$BMH+0x0000000800db3800'
Event: 10.442 Thread 0x0000019e5d066b50 Unloading class 0x0000000800db3400 'java/lang/invoke/LambdaForm$DMH+0x0000000800db3400'
Event: 10.442 Thread 0x0000019e5d066b50 Unloading class 0x0000000800db2000 'java/lang/invoke/LambdaForm$DMH+0x0000000800db2000'

Classes redefined (0 events):
No events

Internal exceptions (20 events):
Event: 28.771 Thread 0x0000019e7008a500 Implicit null exception at 0x0000019e55369bb2 to 0x0000019e55369d16
Event: 29.099 Thread 0x0000019e6e3f7d00 Exception <a 'sun/nio/fs/WindowsException'{0x0000000717956688}> (0x0000000717956688) 
thrown [s\open\src\hotspot\share\prims\jni.cpp, line 516]
Event: 29.099 Thread 0x0000019e6e3f7d00 Exception <a 'sun/nio/fs/WindowsException'{0x0000000717956ce0}> (0x0000000717956ce0) 
thrown [s\open\src\hotspot\share\prims\jni.cpp, line 516]
Event: 29.100 Thread 0x0000019e6e3f7d00 Exception <a 'sun/nio/fs/WindowsException'{0x0000000717957888}> (0x0000000717957888) 
thrown [s\open\src\hotspot\share\prims\jni.cpp, line 516]
Event: 29.100 Thread 0x0000019e6e3f7d00 Exception <a 'sun/nio/fs/WindowsException'{0x0000000717957ee0}> (0x0000000717957ee0) 
thrown [s\open\src\hotspot\share\prims\jni.cpp, line 516]
Event: 29.101 Thread 0x0000019e6e3f7d00 Exception <a 'sun/nio/fs/WindowsException'{0x0000000717959508}> (0x0000000717959508) 
thrown [s\open\src\hotspot\share\prims\jni.cpp, line 516]
Event: 29.101 Thread 0x0000019e6e3f7d00 Exception <a 'sun/nio/fs/WindowsException'{0x0000000717959b60}> (0x0000000717959b60) 
thrown [s\open\src\hotspot\share\prims\jni.cpp, line 516]
Event: 29.104 Thread 0x0000019e6e3f7d00 Exception <a 'sun/nio/fs/WindowsException'{0x000000071773feb0}> (0x000000071773feb0) 
thrown [s\open\src\hotspot\share\prims\jni.cpp, line 516]
Event: 29.104 Thread 0x0000019e6e3f7d00 Exception <a 'sun/nio/fs/WindowsException'{0x00000007177407b0}> (0x00000007177407b0) 
thrown [s\open\src\hotspot\share\prims\jni.cpp, line 516]
Event: 29.174 Thread 0x0000019e70c1e3d0 Exception <a 'java/lang/ArrayIndexOutOfBoundsException'{0x0000000716925a80}: Index 6013 out of bounds for length 6012> (0x0000000716925a80) 
thrown [s\open\src\hotspot\share\interpreter\interpreterRuntime.cpp, line 431]
Event: 29.529 Thread 0x0000019e6e3f7d00 Exception <a 'sun/nio/fs/WindowsException'{0x000000071525d3d0}> (0x000000071525d3d0) 
thrown [s\open\src\hotspot\share\prims\jni.cpp, line 516]
Event: 29.529 Thread 0x0000019e6e3f7d00 Exception <a 'sun/nio/fs/WindowsException'{0x000000071525da28}> (0x000000071525da28) 
thrown [s\open\src\hotspot\share\prims\jni.cpp, line 516]
Event: 29.529 Thread 0x0000019e6e3f7d00 Exception <a 'sun/nio/fs/WindowsException'{0x000000071525e5d0}> (0x000000071525e5d0) 
thrown [s\open\src\hotspot\share\prims\jni.cpp, line 516]
Event: 29.529 Thread 0x0000019e6e3f7d00 Exception <a 'sun/nio/fs/WindowsException'{0x000000071525ec28}> (0x000000071525ec28) 
thrown [s\open\src\hotspot\share\prims\jni.cpp, line 516]
Event: 29.530 Thread 0x0000019e6e3f7d00 Exception <a 'sun/nio/fs/WindowsException'{0x0000000715260250}> (0x0000000715260250) 
thrown [s\open\src\hotspot\share\prims\jni.cpp, line 516]
Event: 29.530 Thread 0x0000019e6e3f7d00 Exception <a 'sun/nio/fs/WindowsException'{0x00000007152608a8}> (0x00000007152608a8) 
thrown [s\open\src\hotspot\share\prims\jni.cpp, line 516]
Event: 29.533 Thread 0x0000019e6e3f7d00 Exception <a 'sun/nio/fs/WindowsException'{0x000000071527a240}> (0x000000071527a240) 
thrown [s\open\src\hotspot\share\prims\jni.cpp, line 516]
Event: 29.533 Thread 0x0000019e6e3f7d00 Exception <a 'sun/nio/fs/WindowsException'{0x000000071527ab40}> (0x000000071527ab40) 
thrown [s\open\src\hotspot\share\prims\jni.cpp, line 516]
Event: 29.799 Thread 0x0000019e70c24410 Implicit null exception at 0x0000019e55614978 to 0x0000019e55614dfc
Event: 30.707 Thread 0x0000019e70c24410 Exception <a 'java/lang/NoSuchMethodError'{0x000000072128cf40}: 'void java.lang.invoke.DirectMethodHandle$Holder.invokeVirtual(java.lang.Object, java.lang.Object, java.lang.Object, java.lang.Object, java.lang.Object)'> (0x000000072128cf40) 
thrown [s\open\src\hotspot\share\interpreter\linkResolver.cpp, line 759]

VM Operations (20 events):
Event: 28.328 Executing VM operation: HandshakeAllThreads
Event: 28.328 Executing VM operation: HandshakeAllThreads done
Event: 28.386 Executing VM operation: HandshakeAllThreads
Event: 28.386 Executing VM operation: HandshakeAllThreads done
Event: 28.650 Executing VM operation: ICBufferFull
Event: 28.676 Executing VM operation: ICBufferFull done
Event: 28.676 Executing VM operation: HandshakeAllThreads
Event: 28.684 Executing VM operation: HandshakeAllThreads done
Event: 28.720 Executing VM operation: G1CollectForAllocation
Event: 28.736 Executing VM operation: G1CollectForAllocation done
Event: 29.005 Executing VM operation: HandshakeAllThreads
Event: 29.005 Executing VM operation: HandshakeAllThreads done
Event: 29.497 Executing VM operation: HandshakeAllThreads
Event: 29.508 Executing VM operation: HandshakeAllThreads done
Event: 29.574 Executing VM operation: G1CollectForAllocation
Event: 29.587 Executing VM operation: G1CollectForAllocation done
Event: 30.300 Executing VM operation: ICBufferFull
Event: 30.321 Executing VM operation: ICBufferFull done
Event: 30.655 Executing VM operation: G1CollectForAllocation
Event: 30.676 Executing VM operation: G1CollectForAllocation done

Events (20 events):
Event: 29.527 Thread 0x0000019e6d47a1d0 flushing nmethod 0x0000019e4ea0e090
Event: 29.530 Thread 0x0000019e6d47a1d0 flushing nmethod 0x0000019e4ee9b090
Event: 29.532 Thread 0x0000019e6d47a1d0 flushing nmethod 0x0000019e4f0d8010
Event: 29.533 Thread 0x0000019e6d47a1d0 flushing nmethod 0x0000019e4f1a4410
Event: 29.533 Thread 0x0000019e6d47a1d0 flushing nmethod 0x0000019e4f1bb110
Event: 29.533 Thread 0x0000019e6d47a1d0 flushing nmethod 0x0000019e4f1c7910
Event: 29.533 Thread 0x0000019e6d47a1d0 flushing nmethod 0x0000019e4f1ca610
Event: 29.533 Thread 0x0000019e6d47a1d0 flushing nmethod 0x0000019e4f1cc690
Event: 29.533 Thread 0x0000019e6d47a1d0 flushing nmethod 0x0000019e4f1ce910
Event: 29.533 Thread 0x0000019e6d47a1d0 flushing nmethod 0x0000019e4f1dad10
Event: 29.533 Thread 0x0000019e6d47a1d0 flushing nmethod 0x0000019e4f1db410
Event: 29.533 Thread 0x0000019e6d47a1d0 flushing nmethod 0x0000019e4f1e3790
Event: 29.533 Thread 0x0000019e6d47a1d0 flushing nmethod 0x0000019e4f1ef690
Event: 29.533 Thread 0x0000019e6d47a1d0 flushing nmethod 0x0000019e4f1f0b10
Event: 29.533 Thread 0x0000019e6d47a1d0 flushing nmethod 0x0000019e4f1f1610
Event: 29.533 Thread 0x0000019e6d47a1d0 flushing nmethod 0x0000019e4f1f7490
Event: 29.533 Thread 0x0000019e6d47a1d0 flushing nmethod 0x0000019e4f1fd910
Event: 29.533 Thread 0x0000019e6d47a1d0 flushing nmethod 0x0000019e4f204110
Event: 29.533 Thread 0x0000019e6d47a1d0 flushing nmethod 0x0000019e4f241f90
Event: 29.533 Thread 0x0000019e6d47a1d0 flushing nmethod 0x0000019e4f242690


Dynamic libraries:
0x00007ff6e3190000 - 0x00007ff6e31a0000 	C:\Program Files\Java\jdk-18.0.2.1\bin\java.exe
0x00007ffc06f00000 - 0x00007ffc07109000 	C:\WINDOWS\SYSTEM32\ntdll.dll
0x00007ffc05d90000 - 0x00007ffc05e4d000 	C:\WINDOWS\System32\KERNEL32.DLL
0x00007ffc046c0000 - 0x00007ffc04a44000 	C:\WINDOWS\System32\KERNELBASE.dll
0x00007ffc04ad0000 - 0x00007ffc04be1000 	C:\WINDOWS\System32\ucrtbase.dll
0x00007ffbe1710000 - 0x00007ffbe1728000 	C:\Program Files\Java\jdk-18.0.2.1\bin\jli.dll
0x00007ffc05ae0000 - 0x00007ffc05b8e000 	C:\WINDOWS\System32\ADVAPI32.dll
0x00007ffc05120000 - 0x00007ffc051c3000 	C:\WINDOWS\System32\msvcrt.dll
0x00007ffc05f50000 - 0x00007ffc05fee000 	C:\WINDOWS\System32\sechost.dll
0x00007ffc06010000 - 0x00007ffc06131000 	C:\WINDOWS\System32\RPCRT4.dll
0x00007ffc05b90000 - 0x00007ffc05d3d000 	C:\WINDOWS\System32\USER32.dll
0x00007ffc04d20000 - 0x00007ffc04d46000 	C:\WINDOWS\System32\win32u.dll
0x00007ffc05d40000 - 0x00007ffc05d6a000 	C:\WINDOWS\System32\GDI32.dll
0x00007ffc045a0000 - 0x00007ffc046be000 	C:\WINDOWS\System32\gdi32full.dll
0x00007ffc04500000 - 0x00007ffc0459d000 	C:\WINDOWS\System32\msvcp_win.dll
0x00007ffbdff60000 - 0x00007ffbdff7a000 	C:\Program Files\Java\jdk-18.0.2.1\bin\VCRUNTIME140.dll
0x00007ffbf5f70000 - 0x00007ffbf6215000 	C:\WINDOWS\WinSxS\amd64_microsoft.windows.common-controls_6595b64144ccf1df_6.0.22000.120_none_9d947278b86cc467\COMCTL32.dll
0x00007ffc03d40000 - 0x00007ffc03d4a000 	C:\WINDOWS\SYSTEM32\VERSION.dll
0x00007ffc06e80000 - 0x00007ffc06eb1000 	C:\WINDOWS\System32\IMM32.DLL
0x00007ffc03d50000 - 0x00007ffc03e47000 	C:\Windows\system32\guard64.dll
0x00007ffc069f0000 - 0x00007ffc06b8a000 	C:\WINDOWS\System32\ole32.dll
0x00007ffc05760000 - 0x00007ffc05ad6000 	C:\WINDOWS\System32\combase.dll
0x00007ffc03d30000 - 0x00007ffc03d3b000 	C:\WINDOWS\system32\fltlib.dll
0x00007ffc061c0000 - 0x00007ffc06985000 	C:\WINDOWS\System32\shell32.dll
0x00007ffbe95a0000 - 0x00007ffbe95ac000 	C:\Program Files\Java\jdk-18.0.2.1\bin\vcruntime140_1.dll
0x00007ffbbe000000 - 0x00007ffbbe08d000 	C:\Program Files\Java\jdk-18.0.2.1\bin\msvcp140.dll
0x00007ffbbd3e0000 - 0x00007ffbbdff1000 	C:\Program Files\Java\jdk-18.0.2.1\bin\server\jvm.dll
0x00007ffc05f40000 - 0x00007ffc05f48000 	C:\WINDOWS\System32\PSAPI.DLL
0x00007ffbe78f0000 - 0x00007ffbe78f9000 	C:\WINDOWS\SYSTEM32\WSOCK32.dll
0x00007ffc05020000 - 0x00007ffc0508f000 	C:\WINDOWS\System32\WS2_32.dll
0x00007ffbfb9f0000 - 0x00007ffbfba23000 	C:\WINDOWS\SYSTEM32\WINMM.dll
0x00007ffc03240000 - 0x00007ffc03258000 	C:\WINDOWS\SYSTEM32\kernel.appcore.dll
0x00007ffbe1580000 - 0x00007ffbe158a000 	C:\Program Files\Java\jdk-18.0.2.1\bin\jimage.dll
0x00007ffc01f40000 - 0x00007ffc02161000 	C:\WINDOWS\SYSTEM32\DBGHELP.DLL
0x00007ffbe8c40000 - 0x00007ffbe8c71000 	C:\WINDOWS\SYSTEM32\dbgcore.DLL
0x00007ffc04a50000 - 0x00007ffc04acf000 	C:\WINDOWS\System32\bcryptPrimitives.dll
0x00007ffbe09e0000 - 0x00007ffbe09ee000 	C:\Program Files\Java\jdk-18.0.2.1\bin\instrument.dll
0x00007ffbd9100000 - 0x00007ffbd9125000 	C:\Program Files\Java\jdk-18.0.2.1\bin\java.dll
0x00007ffbbd300000 - 0x00007ffbbd3d6000 	C:\Program Files\Java\jdk-18.0.2.1\bin\jsvml.dll
0x00007ffc02300000 - 0x00007ffc02b62000 	C:\WINDOWS\SYSTEM32\windows.storage.dll
0x00007ffc02190000 - 0x00007ffc022f7000 	C:\WINDOWS\SYSTEM32\wintypes.dll
0x00007ffc04e40000 - 0x00007ffc04f2a000 	C:\WINDOWS\System32\SHCORE.dll
0x00007ffc06990000 - 0x00007ffc069ed000 	C:\WINDOWS\System32\shlwapi.dll
0x00007ffc042c0000 - 0x00007ffc042e5000 	C:\WINDOWS\SYSTEM32\profapi.dll
0x00007ffbd9060000 - 0x00007ffbd9078000 	C:\Program Files\Java\jdk-18.0.2.1\bin\zip.dll
0x00007ffbd9040000 - 0x00007ffbd9053000 	C:\Program Files\Java\jdk-18.0.2.1\bin\net.dll
0x00007ffbfeeb0000 - 0x00007ffbfefc4000 	C:\WINDOWS\SYSTEM32\WINHTTP.dll
0x00007ffc03740000 - 0x00007ffc037a7000 	C:\WINDOWS\system32\mswsock.dll
0x00007ffbd8270000 - 0x00007ffbd8286000 	C:\Program Files\Java\jdk-18.0.2.1\bin\nio.dll
0x00007ffbd9900000 - 0x00007ffbd9910000 	C:\Program Files\Java\jdk-18.0.2.1\bin\verify.dll
0x00007ffbe0c30000 - 0x00007ffbe0c75000 	C:\Users\hyper\AppData\Roaming\Code\User\globalStorage\redhat.java\1.38.0\config_win\org.eclipse.equinox.launcher\org.eclipse.equinox.launcher.win32.win32.x86_64_1.2.1100.v20240722-2106\eclipse_11904.dll
0x00007ffc03e60000 - 0x00007ffc03e78000 	C:\WINDOWS\SYSTEM32\CRYPTSP.dll
0x00007ffc03200000 - 0x00007ffc03235000 	C:\WINDOWS\system32\rsaenh.dll
0x00007ffc037e0000 - 0x00007ffc0380c000 	C:\WINDOWS\SYSTEM32\USERENV.dll
0x00007ffc03ea0000 - 0x00007ffc03ec7000 	C:\WINDOWS\SYSTEM32\bcrypt.dll
0x00007ffc03930000 - 0x00007ffc0393c000 	C:\WINDOWS\SYSTEM32\CRYPTBASE.dll
0x00007ffc02dc0000 - 0x00007ffc02ded000 	C:\WINDOWS\SYSTEM32\IPHLPAPI.DLL
0x00007ffc05010000 - 0x00007ffc05019000 	C:\WINDOWS\System32\NSI.dll
0x00007ffbfebf0000 - 0x00007ffbfec09000 	C:\WINDOWS\SYSTEM32\dhcpcsvc6.DLL
0x00007ffbff3f0000 - 0x00007ffbff40e000 	C:\WINDOWS\SYSTEM32\dhcpcsvc.DLL
0x00007ffc02e30000 - 0x00007ffc02f17000 	C:\WINDOWS\SYSTEM32\DNSAPI.dll
0x00007ffbe0a00000 - 0x00007ffbe0a49000 	C:\Users\hyper\AppData\Local\Temp\jna-99761772\jna11595890912165399581.dll
0x00007ffc032c0000 - 0x00007ffc032f4000 	C:\WINDOWS\SYSTEM32\ntmarta.dll
0x00007ffc005c0000 - 0x00007ffc005ce000 	C:\Program Files\Java\jdk-18.0.2.1\bin\sunmscapi.dll
0x00007ffc04390000 - 0x00007ffc044f2000 	C:\WINDOWS\System32\CRYPT32.dll
0x00007ffc03a40000 - 0x00007ffc03a68000 	C:\WINDOWS\SYSTEM32\ncrypt.dll
0x00007ffc03a00000 - 0x00007ffc03a37000 	C:\WINDOWS\SYSTEM32\NTASN1.dll

dbghelp: loaded successfully - version: 4.0.5 - missing functions: none
symbol engine: initialized successfully - sym options: 0x614 - pdb path: .;C:\Program Files\Java\jdk-18.0.2.1\bin;C:\WINDOWS\SYSTEM32;C:\WINDOWS\WinSxS\amd64_microsoft.windows.common-controls_6595b64144ccf1df_6.0.22000.120_none_9d947278b86cc467;C:\Program Files\Java\jdk-18.0.2.1\bin\server;C:\Users\hyper\AppData\Roaming\Code\User\globalStorage\redhat.java\1.38.0\config_win\org.eclipse.equinox.launcher\org.eclipse.equinox.launcher.win32.win32.x86_64_1.2.1100.v20240722-2106;C:\Users\hyper\AppData\Local\Temp\jna-99761772

VM Arguments:
jvm_args: --add-modules=ALL-SYSTEM --add-opens=java.base/java.util=ALL-UNNAMED --add-opens=java.base/java.lang=ALL-UNNAMED --add-opens=java.base/sun.nio.fs=ALL-UNNAMED -Declipse.application=org.eclipse.jdt.ls.core.id1 -Dosgi.bundles.defaultStartLevel=4 -Declipse.product=org.eclipse.jdt.ls.core.product -Djava.import.generatesMetadataFilesAtProjectRoot=false -DDetectVMInstallationsJob.disabled=true -Dfile.encoding=utf8 -Xlog:disable -javaagent:c:\Users\hyper\.vscode\extensions\redhat.java-1.38.0-win32-x64\lombok\lombok-1.18.34.jar -XX:+HeapDumpOnOutOfMemoryError -XX:HeapDumpPath=c:\Users\hyper\AppData\Roaming\Code\User\workspaceStorage\55103842018b78ebd48e089c0df41d06\redhat.java -Daether.dependencyCollector.impl=bf 
java_command: c:\Users\hyper\.vscode\extensions\redhat.java-1.38.0-win32-x64\server\plugins\org.eclipse.equinox.launcher_1.6.900.v20240613-2009.jar -configuration c:\Users\hyper\AppData\Roaming\Code\User\globalStorage\redhat.java\1.38.0\config_win -data c:\Users\hyper\AppData\Roaming\Code\User\workspaceStorage\55103842018b78ebd48e089c0df41d06\redhat.java\jdt_ws --pipe=\\.\pipe\lsp-4aaa2755940edb79498d2f791cfc3173-sock
java_class_path (initial): c:\Users\hyper\.vscode\extensions\redhat.java-1.38.0-win32-x64\server\plugins\org.eclipse.equinox.launcher_1.6.900.v20240613-2009.jar
Launcher Type: SUN_STANDARD

[Global flags]
     intx CICompilerCount                          = 4                                         {product} {ergonomic}
     uint ConcGCThreads                            = 2                                         {product} {ergonomic}
     uint G1ConcRefinementThreads                  = 8                                         {product} {ergonomic}
   size_t G1HeapRegionSize                         = 2097152                                   {product} {ergonomic}
    uintx GCDrainStackTargetSize                   = 64                                        {product} {ergonomic}
     bool HeapDumpOnOutOfMemoryError               = true                                   {manageable} {command line}
    ccstr HeapDumpPath                             = c:\Users\hyper\AppData\Roaming\Code\User\workspaceStorage\55103842018b78ebd48e089c0df41d06\redhat.java         {manageable} {command line}
   size_t InitialHeapSize                          = 268435456                                 {product} {ergonomic}
   size_t MarkStackSize                            = 4194304                                   {product} {ergonomic}
   size_t MaxHeapSize                              = 4269801472                                {product} {ergonomic}
   size_t MaxNewSize                               = 2560622592                                {product} {ergonomic}
   size_t MinHeapDeltaBytes                        = 2097152                                   {product} {ergonomic}
   size_t MinHeapSize                              = 8388608                                   {product} {ergonomic}
    uintx NonNMethodCodeHeapSize                   = 5839372                                {pd product} {ergonomic}
    uintx NonProfiledCodeHeapSize                  = 122909434                              {pd product} {ergonomic}
    uintx ProfiledCodeHeapSize                     = 122909434                              {pd product} {ergonomic}
    uintx ReservedCodeCacheSize                    = 251658240                              {pd product} {ergonomic}
     bool SegmentedCodeCache                       = true                                      {product} {ergonomic}
   size_t SoftMaxHeapSize                          = 4269801472                             {manageable} {ergonomic}
     bool UseCompressedClassPointers               = true                           {product lp64_product} {ergonomic}
     bool UseCompressedOops                        = true                           {product lp64_product} {ergonomic}
     bool UseG1GC                                  = true                                      {product} {ergonomic}
     bool UseLargePagesIndividualAllocation        = false                                  {pd product} {ergonomic}

Logging:
Log output configuration:
 #0: stdout all=off uptime,level,tags foldmultilines=false
 #1: stderr all=off uptime,level,tags foldmultilines=false

Environment Variables:
JAVA_HOME=C:\Program Files\Java\jdk-18.0.2.1
PATH=C:\Program Files\Common Files\Oracle\Java\javapath;C:\WINDOWS\system32;C:\WINDOWS;C:\WINDOWS\System32\Wbem;C:\WINDOWS\System32\WindowsPowerShell\v1.0\;C:\WINDOWS\System32\OpenSSH\;C:\Program Files (x86)\NVIDIA Corporation\PhysX\Common;C:\Program Files\NVIDIA Corporation\NVIDIA NvDLISR;J:\.important\Documents\apache-maven-3.8.6\bin;C:\Program Files\Microsoft SQL Server\Client SDK\ODBC\170\Tools\Binn\;C:\Program Files (x86)\Microsoft SQL Server\150\Tools\Binn\;C:\Program Files\Microsoft SQL Server\150\Tools\Binn\;C:\Program Files\Microsoft SQL Server\150\DTS\Binn\;C:\Program Files (x86)\Microsoft SQL Server\160\DTS\Binn\;C:\Users\hyper\Downloads\curl-8.10.1_2-win64-mingw\curl-8.10.1_2-win64-mingw\bin;C:\C:\Program Files\Java\jdk-18.0.2.1\bin;C:\Program Files\OpenSSL-Win64\bin;C:\Program Files\dotnet\;C:\Program Files\Git\cmd;H:\;C:\Program Files (x86)\Microsoft SQL Server\160\Tools\Binn\;C:\Program Files\Microsoft SQL Server\160\Tools\Binn\;C:\Program Files\Microsoft SQL Server\160\DTS\Binn\;J:\Docker\resources\bin;C:\Users\hyper\AppData\Local\Microsoft\WindowsApps;C:\Users\hyper\AppData\Local\Programs\Microsoft VS Code\bin;C:\Program Files\Java\jdk-18.0.2.1\bin;C:\Users\hyper\AppData\Roaming\npm
USERNAME=hyper
OS=Windows_NT
PROCESSOR_IDENTIFIER=Intel64 Family 6 Model 60 Stepping 3, GenuineIntel



---------------  S Y S T E M  ---------------

OS:
 Windows 11 , 64 bit Build 22000 (10.0.22000.2538)
OS uptime: 1 days 9:43 hours
Hyper-V role detected

CPU: total 8 (initial active 8) (4 cores per cpu, 2 threads per core) family 6 model 60 stepping 3 microcode 0x28, cx8, cmov, fxsr, ht, mmx, sse, sse2, sse3, ssse3, sse4.1, sse4.2, popcnt, lzcnt, tsc, tscinvbit, avx, avx2, aes, erms, clmul, bmi1, bmi2, fma, vzeroupper, clflush, hv

Memory: 4k page, system-wide physical 16283M (1788M free)
TotalPageFile size 36283M (AvailPageFile size 7M)
current process WorkingSet (physical memory assigned to process): 849M, peak: 851M
current process commit charge ("private bytes"): 820M, peak: 823M

vm_info: Java HotSpot(TM) 64-Bit Server VM (18.0.2.1+1-1) for windows-amd64 JRE (18.0.2.1+1-1), built on Aug 16 2022 01:46:33 by "mach5one" with MS VC++ 16.8 / 16.9 (VS2019)

END.
