#
# There is insufficient memory for the Java Runtime Environment to continue.
# Native memory allocation (mmap) failed to map 138412032 bytes for G1 virtual space
# Possible reasons:
#   The system is out of physical RAM or swap space
#   The process is running with CompressedOops enabled, and the Java Heap may be blocking the growth of the native heap
# Possible solutions:
#   Reduce memory load on the system
#   Increase physical memory or swap space
#   Check if swap backing store is full
#   Decrease Java heap size (-Xmx/-Xms)
#   Decrease number of Java threads
#   Decrease Java thread stack sizes (-Xss)
#   Set larger code cache with -XX:ReservedCodeCacheSize=
#   JVM is running with Zero Based Compressed Oops mode in which the Java heap is
#     placed in the first 32GB address space. The Java Heap base address is the
#     maximum limit for the native heap growth. Please use -XX:HeapBaseMinAddress
#     to set the Java Heap base and to place the Java Heap above 32GB virtual address.
# This output file may be truncated or incomplete.
#
#  Out of Memory Error (os_windows.cpp:3530), pid=119744, tid=119376
#
# JRE version: Java(TM) SE Runtime Environment (18.0.2.1+1) (build 18.0.2.1+1-1)
# Java VM: Java HotSpot(TM) 64-Bit Server VM (18.0.2.1+1-1, mixed mode, sharing, tiered, compressed oops, compressed class ptrs, g1 gc, windows-amd64)
# No core dump will be written. Minidumps are not enabled by default on client versions of Windows
#

---------------  S U M M A R Y ------------

Command Line: --add-modules=ALL-SYSTEM --add-opens=java.base/java.util=ALL-UNNAMED --add-opens=java.base/java.lang=ALL-UNNAMED --add-opens=java.base/sun.nio.fs=ALL-UNNAMED -Declipse.application=org.eclipse.jdt.ls.core.id1 -Dosgi.bundles.defaultStartLevel=4 -Declipse.product=org.eclipse.jdt.ls.core.product -Djava.import.generatesMetadataFilesAtProjectRoot=false -DDetectVMInstallationsJob.disabled=true -Dfile.encoding=utf8 -Xlog:disable -javaagent:c:\Users\hyper\.vscode\extensions\redhat.java-1.38.0-win32-x64\lombok\lombok-1.18.34.jar -XX:+HeapDumpOnOutOfMemoryError -XX:HeapDumpPath=c:\Users\hyper\AppData\Roaming\Code\User\workspaceStorage\55103842018b78ebd48e089c0df41d06\redhat.java -Daether.dependencyCollector.impl=bf c:\Users\hyper\.vscode\extensions\redhat.java-1.38.0-win32-x64\server\plugins\org.eclipse.equinox.launcher_1.6.900.v20240613-2009.jar -configuration c:\Users\hyper\AppData\Roaming\Code\User\globalStorage\redhat.java\1.38.0\config_win -data c:\Users\hyper\AppData\Roaming\Code\User\workspaceStorage\55103842018b78ebd48e089c0df41d06\redhat.java\jdt_ws --pipe=\\.\pipe\lsp-3d25ab74064737f7cb218ab749a49069-sock

Host: Intel(R) Core(TM) i7-4770K CPU @ 3.50GHz, 8 cores, 15G,  Windows 11 , 64 bit Build 22000 (10.0.22000.2538)
Time: Tue Mar 11 03:43:41 2025 Volgograd Standard Time elapsed time: 39.717746 seconds (0d 0h 0m 39s)

---------------  T H R E A D  ---------------

Current thread (0x00000257e3253480):  VMThread "VM Thread" [stack: 0x0000008803e00000,0x0000008803f00000] [id=119376]

Stack: [0x0000008803e00000,0x0000008803f00000]
Native frames: (J=compiled Java code, j=interpreted, Vv=VM code, C=native code)
V  [jvm.dll+0x6993aa]
V  [jvm.dll+0x7f46dd]
V  [jvm.dll+0x7f5fee]
V  [jvm.dll+0x7f66a3]
V  [jvm.dll+0x25cf1f]
V  [jvm.dll+0x6962f9]
V  [jvm.dll+0x68ae2a]
V  [jvm.dll+0x32255b]
V  [jvm.dll+0x329f36]
V  [jvm.dll+0x37eade]
V  [jvm.dll+0x37ed0f]
V  [jvm.dll+0x2fa2da]
V  [jvm.dll+0x2fd0d6]
V  [jvm.dll+0x307545]
V  [jvm.dll+0x33c650]
V  [jvm.dll+0x7fb48b]
V  [jvm.dll+0x7fc224]
V  [jvm.dll+0x7fc75c]
V  [jvm.dll+0x7fcbb4]
V  [jvm.dll+0x7fcc77]
V  [jvm.dll+0x7a120a]
V  [jvm.dll+0x698255]
C  [ucrtbase.dll+0x26c0c]
C  [KERNEL32.DLL+0x153e0]
C  [ntdll.dll+0x485b]

VM_Operation (0x0000008803aff780): G1Concurrent, mode: safepoint, requested by thread 0x00000257c04cbc60


---------------  P R O C E S S  ---------------

Threads class SMR info:
_java_thread_list=0x00000257ebea11e0, length=70, elements={
0x00000257c0450200, 0x00000257e325ed80, 0x00000257e325f8f0, 0x00000257e3275390,
0x00000257e3276db0, 0x00000257e3277660, 0x00000257e3277f10, 0x00000257e3278af0,
0x00000257e7c2dd40, 0x00000257e7c32660, 0x00000257e7cc2060, 0x00000257e7e3d3c0,
0x00000257e859b470, 0x00000257e85fe7e0, 0x00000257e88bc6c0, 0x00000257e87fe5b0,
0x00000257e8d98170, 0x00000257e8cc4310, 0x00000257e8012c40, 0x00000257e8013110,
0x00000257e80105c0, 0x00000257e8013ab0, 0x00000257e8010a90, 0x00000257e9716c50,
0x00000257e97145d0, 0x00000257e9714100, 0x00000257e9715910, 0x00000257e971a140,
0x00000257e9717120, 0x00000257e971a610, 0x00000257e9717ac0, 0x00000257e9717f90,
0x00000257e9713c30, 0x00000257e9712dc0, 0x00000257e9713760, 0x00000257e9714aa0,
0x00000257e9714f70, 0x00000257e9715440, 0x00000257e97175f0, 0x00000257e9718460,
0x00000257e9716780, 0x00000257e9718930, 0x00000257e97192d0, 0x00000257e9719c70,
0x00000257e80135e0, 0x00000257e8010f60, 0x00000257e8011430, 0x00000257ec76d450,
0x00000257ec76e790, 0x00000257ec76c5e0, 0x00000257ec76d920, 0x00000257ec770470,
0x00000257ec76ffa0, 0x00000257ec76add0, 0x00000257ec76cab0, 0x00000257ec76e2c0,
0x00000257ec76f600, 0x00000257ec76fad0, 0x00000257ec770940, 0x00000257ec770e10,
0x00000257f606cc50, 0x00000257f606e460, 0x00000257f606e930, 0x00000257f606aaa0,
0x00000257f606b910, 0x00000257f6071480, 0x00000257f606ee00, 0x00000257f6071e20,
0x00000257ebca2ff0, 0x00000257e8592c70
}

Java Threads: ( => current thread )
  0x00000257c0450200 JavaThread "main" [_thread_blocked, id=123468, stack(0x0000008803800000,0x0000008803900000)]
  0x00000257e325ed80 JavaThread "Reference Handler" daemon [_thread_blocked, id=121952, stack(0x0000008803f00000,0x0000008804000000)]
  0x00000257e325f8f0 JavaThread "Finalizer" daemon [_thread_blocked, id=106668, stack(0x0000008804000000,0x0000008804100000)]
  0x00000257e3275390 JavaThread "Signal Dispatcher" daemon [_thread_blocked, id=131100, stack(0x0000008804100000,0x0000008804200000)]
  0x00000257e3276db0 JavaThread "Attach Listener" daemon [_thread_blocked, id=131028, stack(0x0000008804200000,0x0000008804300000)]
  0x00000257e3277660 JavaThread "Service Thread" daemon [_thread_blocked, id=115480, stack(0x0000008804300000,0x0000008804400000)]
  0x00000257e3277f10 JavaThread "Monitor Deflation Thread" daemon [_thread_blocked, id=122372, stack(0x0000008804400000,0x0000008804500000)]
  0x00000257e3278af0 JavaThread "C2 CompilerThread0" daemon [_thread_blocked, id=116008, stack(0x0000008804500000,0x0000008804600000)]
  0x00000257e7c2dd40 JavaThread "C1 CompilerThread0" daemon [_thread_blocked, id=128252, stack(0x0000008804600000,0x0000008804700000)]
  0x00000257e7c32660 JavaThread "Sweeper thread" daemon [_thread_blocked, id=127836, stack(0x0000008804700000,0x0000008804800000)]
  0x00000257e7cc2060 JavaThread "Common-Cleaner" daemon [_thread_blocked, id=114200, stack(0x0000008804800000,0x0000008804900000)]
  0x00000257e7e3d3c0 JavaThread "Notification Thread" daemon [_thread_blocked, id=124184, stack(0x0000008804900000,0x0000008804a00000)]
  0x00000257e859b470 JavaThread "Active Thread: Equinox Container: 9c0e6838-07bd-4dca-b566-6c4565cba0e4" [_thread_blocked, id=136284, stack(0x0000008804c00000,0x0000008804d00000)]
  0x00000257e85fe7e0 JavaThread "Refresh Thread: Equinox Container: 9c0e6838-07bd-4dca-b566-6c4565cba0e4" daemon [_thread_blocked, id=131668, stack(0x0000008805300000,0x0000008805400000)]
  0x00000257e88bc6c0 JavaThread "Framework Event Dispatcher: Equinox Container: 9c0e6838-07bd-4dca-b566-6c4565cba0e4" daemon [_thread_blocked, id=133148, stack(0x0000008805400000,0x0000008805500000)]
  0x00000257e87fe5b0 JavaThread "Start Level: Equinox Container: 9c0e6838-07bd-4dca-b566-6c4565cba0e4" daemon [_thread_blocked, id=128924, stack(0x0000008805500000,0x0000008805600000)]
  0x00000257e8d98170 JavaThread "Bundle File Closer" daemon [_thread_blocked, id=110132, stack(0x0000008805700000,0x0000008805800000)]
  0x00000257e8cc4310 JavaThread "SCR Component Actor" daemon [_thread_blocked, id=137080, stack(0x0000008805800000,0x0000008805900000)]
  0x00000257e8012c40 JavaThread "Worker-JM" [_thread_blocked, id=117416, stack(0x0000008804b00000,0x0000008804c00000)]
  0x00000257e8013110 JavaThread "JNA Cleaner" daemon [_thread_blocked, id=108772, stack(0x0000008805a00000,0x0000008805b00000)]
  0x00000257e80105c0 JavaThread "Worker-0: Java indexing... " [_thread_blocked, id=104844, stack(0x0000008805b00000,0x0000008805c00000)]
  0x00000257e8013ab0 JavaThread "Worker-1" [_thread_blocked, id=123544, stack(0x0000008805c00000,0x0000008805d00000)]
  0x00000257e8010a90 JavaThread "Worker-2: Publish Diagnostics" [_thread_blocked, id=109268, stack(0x0000008805e00000,0x0000008805f00000)]
  0x00000257e9716c50 JavaThread "Java indexing" daemon [_thread_blocked, id=114660, stack(0x0000008806100000,0x0000008806200000)]
  0x00000257e97145d0 JavaThread "Thread-2" daemon [_thread_in_native, id=108400, stack(0x0000008806400000,0x0000008806500000)]
  0x00000257e9714100 JavaThread "Thread-3" daemon [_thread_in_native, id=135888, stack(0x0000008806500000,0x0000008806600000)]
  0x00000257e9715910 JavaThread "Thread-4" daemon [_thread_in_native, id=125912, stack(0x0000008806600000,0x0000008806700000)]
  0x00000257e971a140 JavaThread "Thread-5" daemon [_thread_in_native, id=137836, stack(0x0000008806700000,0x0000008806800000)]
  0x00000257e9717120 JavaThread "Thread-6" daemon [_thread_blocked, id=131708, stack(0x0000008806800000,0x0000008806900000)]
  0x00000257e971a610 JavaThread "Thread-7" daemon [_thread_in_native, id=110692, stack(0x0000008806900000,0x0000008806a00000)]
  0x00000257e9717ac0 JavaThread "Thread-8" daemon [_thread_in_native, id=137748, stack(0x0000008806a00000,0x0000008806b00000)]
  0x00000257e9717f90 JavaThread "Thread-9" daemon [_thread_in_native, id=104916, stack(0x0000008806b00000,0x0000008806c00000)]
  0x00000257e9713c30 JavaThread "Thread-10" daemon [_thread_blocked, id=126284, stack(0x0000008806c00000,0x0000008806d00000)]
  0x00000257e9712dc0 JavaThread "Worker-3" [_thread_blocked, id=129964, stack(0x0000008806d00000,0x0000008806e00000)]
  0x00000257e9713760 JavaThread "Worker-4: Check JDK Index" [_thread_blocked, id=137688, stack(0x0000008806000000,0x0000008806100000)]
  0x00000257e9714aa0 JavaThread "pool-2-thread-1" [_thread_blocked, id=124244, stack(0x0000008806f00000,0x0000008807000000)]
  0x00000257e9714f70 JavaThread "WorkspaceEventsHandler" [_thread_blocked, id=117576, stack(0x0000008805900000,0x0000008805a00000)]
  0x00000257e9715440 JavaThread "pool-1-thread-1" [_thread_blocked, id=133128, stack(0x0000008807000000,0x0000008807100000)]
  0x00000257e97175f0 JavaThread "LocalFile Deleter" daemon [_thread_blocked, id=104012, stack(0x0000008807100000,0x0000008807200000)]
  0x00000257e9718460 JavaThread "LocalFile Deleter" daemon [_thread_blocked, id=114976, stack(0x0000008807200000,0x0000008807300000)]
  0x00000257e9716780 JavaThread "LocalFile Deleter" daemon [_thread_blocked, id=129128, stack(0x0000008807300000,0x0000008807400000)]
  0x00000257e9718930 JavaThread "LocalFile Deleter" daemon [_thread_blocked, id=118496, stack(0x0000008807400000,0x0000008807500000)]
  0x00000257e97192d0 JavaThread "LocalFile Deleter" daemon [_thread_blocked, id=108408, stack(0x0000008807500000,0x0000008807600000)]
  0x00000257e9719c70 JavaThread "LocalFile Deleter" daemon [_thread_blocked, id=136696, stack(0x0000008807600000,0x0000008807700000)]
  0x00000257e80135e0 JavaThread "LocalFile Deleter" daemon [_thread_blocked, id=125088, stack(0x0000008807700000,0x0000008807800000)]
  0x00000257e8010f60 JavaThread "LocalFile Deleter" daemon [_thread_blocked, id=112296, stack(0x0000008807800000,0x0000008807900000)]
  0x00000257e8011430 JavaThread "Compiler Source File Reader" daemon [_thread_blocked, id=127264, stack(0x0000008807900000,0x0000008807a00000)]
  0x00000257ec76d450 JavaThread "Compiler Source File Reader" daemon [_thread_blocked, id=125784, stack(0x0000008807a00000,0x0000008807b00000)]
  0x00000257ec76e790 JavaThread "Compiler Source File Reader" daemon [_thread_blocked, id=123148, stack(0x0000008807b00000,0x0000008807c00000)]
  0x00000257ec76c5e0 JavaThread "Compiler Source File Reader" daemon [_thread_blocked, id=129796, stack(0x0000008807c00000,0x0000008807d00000)]
  0x00000257ec76d920 JavaThread "Compiler Source File Reader" daemon [_thread_blocked, id=118588, stack(0x0000008807d00000,0x0000008807e00000)]
  0x00000257ec770470 JavaThread "Compiler Source File Reader" daemon [_thread_blocked, id=114820, stack(0x0000008807e00000,0x0000008807f00000)]
  0x00000257ec76ffa0 JavaThread "Worker-5" [_thread_blocked, id=107108, stack(0x0000008807f00000,0x0000008808000000)]
  0x00000257ec76add0 JavaThread "Compiler Processing Task" daemon [_thread_blocked, id=128728, stack(0x0000008808100000,0x0000008808200000)]
  0x00000257ec76cab0 JavaThread "Compiler Class File Writer" daemon [_thread_blocked, id=5892, stack(0x0000008808200000,0x0000008808300000)]
  0x00000257ec76e2c0 JavaThread "Compiler Class File Writer" daemon [_thread_blocked, id=124296, stack(0x0000008808300000,0x0000008808400000)]
  0x00000257ec76f600 JavaThread "Compiler Class File Writer" daemon [_thread_blocked, id=115996, stack(0x0000008808400000,0x0000008808500000)]
  0x00000257ec76fad0 JavaThread "Compiler Class File Writer" daemon [_thread_blocked, id=121632, stack(0x0000008808500000,0x0000008808600000)]
  0x00000257ec770940 JavaThread "Compiler Class File Writer" daemon [_thread_blocked, id=132784, stack(0x0000008808600000,0x0000008808700000)]
  0x00000257ec770e10 JavaThread "Compiler Class File Writer" daemon [_thread_blocked, id=108100, stack(0x0000008808700000,0x0000008808800000)]
  0x00000257f606cc50 JavaThread "ForkJoinPool.commonPool-worker-1" daemon [_thread_blocked, id=124188, stack(0x0000008808f00000,0x0000008809000000)]
  0x00000257f606e460 JavaThread "ForkJoinPool.commonPool-worker-2" daemon [_thread_in_native, id=8380, stack(0x0000008809000000,0x0000008809100000)]
  0x00000257f606e930 JavaThread "ForkJoinPool.commonPool-worker-3" daemon [_thread_blocked, id=124440, stack(0x0000008809100000,0x0000008809200000)]
  0x00000257f606aaa0 JavaThread "ForkJoinPool.commonPool-worker-4" daemon [_thread_blocked, id=107356, stack(0x0000008809200000,0x0000008809300000)]
  0x00000257f606b910 JavaThread "ForkJoinPool.commonPool-worker-5" daemon [_thread_blocked, id=136184, stack(0x0000008809300000,0x0000008809400000)]
  0x00000257f6071480 JavaThread "ForkJoinPool.commonPool-worker-6" daemon [_thread_blocked, id=120956, stack(0x0000008809400000,0x0000008809500000)]
  0x00000257f606ee00 JavaThread "ForkJoinPool.commonPool-worker-7" daemon [_thread_blocked, id=135048, stack(0x0000008809500000,0x0000008809600000)]
  0x00000257f6071e20 JavaThread "Cleaner-0" daemon [_thread_blocked, id=127308, stack(0x0000008808c00000,0x0000008808d00000)]
  0x00000257ebca2ff0 JavaThread "C2 CompilerThread1" daemon [_thread_blocked, id=129340, stack(0x0000008805f00000,0x0000008806000000)]
  0x00000257e8592c70 JavaThread "C2 CompilerThread2" daemon [_thread_blocked, id=108024, stack(0x0000008806e00000,0x0000008806f00000)]

Other Threads:
=>0x00000257e3253480 VMThread "VM Thread" [stack: 0x0000008803e00000,0x0000008803f00000] [id=119376]
  0x00000257e7ee0950 WatcherThread "VM Periodic Task Thread" [stack: 0x0000008804a00000,0x0000008804b00000] [id=111876]
  0x00000257c04bafa0 WorkerThread "GC Thread#0" [stack: 0x0000008803900000,0x0000008803a00000] [id=136708]
  0x00000257e8614440 WorkerThread "GC Thread#1" [stack: 0x0000008804d00000,0x0000008804e00000] [id=108824]
  0x00000257e86146e0 WorkerThread "GC Thread#2" [stack: 0x0000008804e00000,0x0000008804f00000] [id=125512]
  0x00000257e851f830 WorkerThread "GC Thread#3" [stack: 0x0000008804f00000,0x0000008805000000] [id=118696]
  0x00000257e851fad0 WorkerThread "GC Thread#4" [stack: 0x0000008805000000,0x0000008805100000] [id=113300]
  0x00000257e851fd70 WorkerThread "GC Thread#5" [stack: 0x0000008805100000,0x0000008805200000] [id=120632]
  0x00000257e875ffa0 WorkerThread "GC Thread#6" [stack: 0x0000008805200000,0x0000008805300000] [id=118340]
  0x00000257e89cd7a0 WorkerThread "GC Thread#7" [stack: 0x0000008805600000,0x0000008805700000] [id=105492]
  0x00000257c04cbc60 ConcurrentGCThread "G1 Main Marker" [stack: 0x0000008803a00000,0x0000008803b00000] [id=130484]
  0x00000257c04cc560 WorkerThread "G1 Conc#0" [stack: 0x0000008803b00000,0x0000008803c00000] [id=10816]
  0x00000257e90512d0 WorkerThread "G1 Conc#1" [stack: 0x0000008805d00000,0x0000008805e00000] [id=124952]
  0x00000257e310e530 ConcurrentGCThread "G1 Refine#0" [stack: 0x0000008803c00000,0x0000008803d00000] [id=134776]
  0x00000257eb831780 ConcurrentGCThread "G1 Refine#1" [stack: 0x0000008808000000,0x0000008808100000] [id=124400]
  0x00000257ea9698c0 ConcurrentGCThread "G1 Refine#2" [stack: 0x0000008808800000,0x0000008808900000] [id=113108]
  0x00000257ea968240 ConcurrentGCThread "G1 Refine#3" [stack: 0x0000008808900000,0x0000008808a00000] [id=130836]
  0x00000257ea967f70 ConcurrentGCThread "G1 Refine#4" [stack: 0x0000008808a00000,0x0000008808b00000] [id=137184]
  0x00000257e3110500 ConcurrentGCThread "G1 Service" [stack: 0x0000008803d00000,0x0000008803e00000] [id=118764]

Threads with active compile tasks:
C2 CompilerThread0    39764 15244       4       lombok.eclipse.EclipseAST::buildTypeUse (294 bytes)
C2 CompilerThread1    39764 15412       4       org.eclipse.jdt.internal.compiler.classfmt.ModuleInfo::readModuleAttribute (1166 bytes)
C2 CompilerThread2    39764 15365       4       org.eclipse.jdt.internal.compiler.lookup.ParameterizedTypeBinding::substituteInferenceVariable (174 bytes)

VM state: at safepoint (normal execution)

VM Mutex/Monitor currently owned by a thread:  ([mutex/lock_event])
[0x00000257c0449ac0] Threads_lock - owner thread: 0x00000257e3253480
[0x00000257c0449b50] Heap_lock - owner thread: 0x00000257c04cbc60

Heap address: 0x0000000701800000, size: 4072 MB, Compressed Oops mode: Zero based, Oop shift amount: 3

CDS archive(s) mapped at: [0x0000000800000000-0x0000000800ba0000-0x0000000800ba0000), size 12189696, SharedBaseAddress: 0x0000000800000000, ArchiveRelocationMode: 0.
Compressed class space mapped at: 0x0000000800c00000-0x0000000840c00000, reserved size: 1073741824
Narrow klass base: 0x0000000800000000, Narrow klass shift: 0, Narrow klass range: 0x100000000

GC Precious Log:
 CardTable entry size: 512
 Card Set container configuration: InlinePtr #cards 4 size 8 Array Of Cards #cards 16 size 48 Howl #buckets 8 coarsen threshold 3686 Howl Bitmap #cards 512 size 80 coarsen threshold 460 Card regions per heap region 1 cards per card region 4096
 CPUs: 8 total, 8 available
 Memory: 16283M
 Large Page Support: Disabled
 NUMA Support: Disabled
 Compressed Oops: Enabled (Zero based)
 Heap Region Size: 2M
 Heap Min Capacity: 8M
 Heap Initial Capacity: 256M
 Heap Max Capacity: 4072M
 Pre-touch: Disabled
 Parallel Workers: 8
 Concurrent Workers: 2
 Concurrent Refinement Workers: 8
 Periodic GC: Disabled

Heap:
 garbage-first heap   total 591872K, used 433152K [0x0000000701800000, 0x0000000800000000)
  region size 2048K, 23 young (47104K), 7 survivors (14336K)
 Metaspace       used 72982K, committed 74560K, reserved 1179648K
  class space    used 7180K, committed 7872K, reserved 1048576K

Heap Regions: E=young(eden), S=young(survivor), O=old, HS=humongous(starts), HC=humongous(continues), CS=collection set, F=free, OA=open archive, CA=closed archive, TAMS=top-at-mark-start (previous, next)
|   0|0x0000000701800000, 0x0000000701a00000, 0x0000000701a00000|100%| O|  |TAMS 0x0000000701a00000, 0x0000000701800000| Untracked 
|   1|0x0000000701a00000, 0x0000000701c00000, 0x0000000701c00000|100%| O|  |TAMS 0x0000000701c00000, 0x0000000701a00000| Updating 
|   2|0x0000000701c00000, 0x0000000701e00000, 0x0000000701e00000|100%| O|  |TAMS 0x0000000701e00000, 0x0000000701c00000| Untracked 
|   3|0x0000000701e00000, 0x0000000702000000, 0x0000000702000000|100%| O|  |TAMS 0x0000000702000000, 0x0000000701e00000| Untracked 
|   4|0x0000000702000000, 0x0000000702200000, 0x0000000702200000|100%| O|  |TAMS 0x0000000702200000, 0x0000000702000000| Untracked 
|   5|0x0000000702200000, 0x0000000702400000, 0x0000000702400000|100%| O|  |TAMS 0x0000000702400000, 0x0000000702200000| Untracked 
|   6|0x0000000702400000, 0x0000000702600000, 0x0000000702600000|100%| O|  |TAMS 0x0000000702600000, 0x0000000702400000| Untracked 
|   7|0x0000000702600000, 0x0000000702800000, 0x0000000702800000|100%| O|  |TAMS 0x0000000702800000, 0x0000000702600000| Updating 
|   8|0x0000000702800000, 0x0000000702a00000, 0x0000000702a00000|100%| O|  |TAMS 0x0000000702a00000, 0x0000000702800000| Untracked 
|   9|0x0000000702a00000, 0x0000000702c00000, 0x0000000702c00000|100%| O|  |TAMS 0x0000000702c00000, 0x0000000702a00000| Untracked 
|  10|0x0000000702c00000, 0x0000000702e00000, 0x0000000702e00000|100%| O|  |TAMS 0x0000000702e00000, 0x0000000702c00000| Updating 
|  11|0x0000000702e00000, 0x0000000703000000, 0x0000000703000000|100%| O|  |TAMS 0x0000000703000000, 0x0000000702e00000| Updating 
|  12|0x0000000703000000, 0x0000000703200000, 0x0000000703200000|100%| O|  |TAMS 0x0000000703200000, 0x0000000703000000| Untracked 
|  13|0x0000000703200000, 0x0000000703400000, 0x0000000703400000|100%| O|  |TAMS 0x0000000703400000, 0x0000000703200000| Untracked 
|  14|0x0000000703400000, 0x0000000703600000, 0x0000000703600000|100%| O|  |TAMS 0x0000000703600000, 0x0000000703400000| Updating 
|  15|0x0000000703600000, 0x0000000703800000, 0x0000000703800000|100%| O|  |TAMS 0x0000000703800000, 0x0000000703600000| Updating 
|  16|0x0000000703800000, 0x0000000703a00000, 0x0000000703a00000|100%| O|  |TAMS 0x0000000703a00000, 0x0000000703800000| Updating 
|  17|0x0000000703a00000, 0x0000000703c00000, 0x0000000703c00000|100%| O|  |TAMS 0x0000000703c00000, 0x0000000703a00000| Untracked 
|  18|0x0000000703c00000, 0x0000000703e00000, 0x0000000703e00000|100%| O|  |TAMS 0x0000000703e00000, 0x0000000703c00000| Untracked 
|  19|0x0000000703e00000, 0x0000000704000000, 0x0000000704000000|100%| O|  |TAMS 0x0000000704000000, 0x0000000703e00000| Updating 
|  20|0x0000000704000000, 0x0000000704200000, 0x0000000704200000|100%| O|  |TAMS 0x0000000704200000, 0x0000000704000000| Untracked 
|  21|0x0000000704200000, 0x0000000704400000, 0x0000000704400000|100%| O|  |TAMS 0x0000000704400000, 0x0000000704200000| Updating 
|  22|0x0000000704400000, 0x0000000704600000, 0x0000000704600000|100%| O|  |TAMS 0x0000000704600000, 0x0000000704400000| Updating 
|  23|0x0000000704600000, 0x0000000704800000, 0x0000000704800000|100%| O|  |TAMS 0x0000000704800000, 0x0000000704600000| Updating 
|  24|0x0000000704800000, 0x0000000704a00000, 0x0000000704a00000|100%| O|  |TAMS 0x0000000704a00000, 0x0000000704800000| Updating 
|  25|0x0000000704a00000, 0x0000000704c00000, 0x0000000704c00000|100%| O|  |TAMS 0x0000000704c00000, 0x0000000704a00000| Updating 
|  26|0x0000000704c00000, 0x0000000704e00000, 0x0000000704e00000|100%| O|  |TAMS 0x0000000704e00000, 0x0000000704c00000| Updating 
|  27|0x0000000704e00000, 0x0000000705000000, 0x0000000705000000|100%| O|  |TAMS 0x0000000705000000, 0x0000000704e00000| Updating 
|  28|0x0000000705000000, 0x0000000705200000, 0x0000000705200000|100%| O|  |TAMS 0x0000000705200000, 0x0000000705000000| Untracked 
|  29|0x0000000705200000, 0x0000000705400000, 0x0000000705400000|100%| O|  |TAMS 0x0000000705400000, 0x0000000705200000| Updating 
|  30|0x0000000705400000, 0x0000000705600000, 0x0000000705600000|100%| O|  |TAMS 0x0000000705600000, 0x0000000705400000| Updating 
|  31|0x0000000705600000, 0x0000000705800000, 0x0000000705800000|100%| O|  |TAMS 0x0000000705800000, 0x0000000705600000| Updating 
|  32|0x0000000705800000, 0x0000000705a00000, 0x0000000705a00000|100%| O|  |TAMS 0x0000000705a00000, 0x0000000705800000| Untracked 
|  33|0x0000000705a00000, 0x0000000705c00000, 0x0000000705c00000|100%| O|  |TAMS 0x0000000705c00000, 0x0000000705a00000| Untracked 
|  34|0x0000000705c00000, 0x0000000705e00000, 0x0000000705e00000|100%| O|  |TAMS 0x0000000705e00000, 0x0000000705c00000| Untracked 
|  35|0x0000000705e00000, 0x0000000706000000, 0x0000000706000000|100%| O|  |TAMS 0x0000000706000000, 0x0000000705e00000| Updating 
|  36|0x0000000706000000, 0x0000000706200000, 0x0000000706200000|100%| O|  |TAMS 0x0000000706200000, 0x0000000706000000| Updating 
|  37|0x0000000706200000, 0x0000000706400000, 0x0000000706400000|100%| O|  |TAMS 0x0000000706400000, 0x0000000706200000| Updating 
|  38|0x0000000706400000, 0x0000000706600000, 0x0000000706600000|100%| O|  |TAMS 0x0000000706600000, 0x0000000706400000| Updating 
|  39|0x0000000706600000, 0x0000000706800000, 0x0000000706800000|100%| O|  |TAMS 0x0000000706800000, 0x0000000706600000| Updating 
|  40|0x0000000706800000, 0x0000000706a00000, 0x0000000706a00000|100%| O|  |TAMS 0x0000000706a00000, 0x0000000706800000| Updating 
|  41|0x0000000706a00000, 0x0000000706c00000, 0x0000000706c00000|100%| O|  |TAMS 0x0000000706c00000, 0x0000000706a00000| Updating 
|  42|0x0000000706c00000, 0x0000000706e00000, 0x0000000706e00000|100%| O|  |TAMS 0x0000000706e00000, 0x0000000706c00000| Updating 
|  43|0x0000000706e00000, 0x0000000707000000, 0x0000000707000000|100%| O|  |TAMS 0x0000000707000000, 0x0000000706e00000| Updating 
|  44|0x0000000707000000, 0x0000000707200000, 0x0000000707200000|100%| O|  |TAMS 0x0000000707200000, 0x0000000707000000| Updating 
|  45|0x0000000707200000, 0x0000000707400000, 0x0000000707400000|100%| O|  |TAMS 0x0000000707400000, 0x0000000707200000| Updating 
|  46|0x0000000707400000, 0x0000000707600000, 0x0000000707600000|100%| O|  |TAMS 0x0000000707600000, 0x0000000707400000| Untracked 
|  47|0x0000000707600000, 0x0000000707800000, 0x0000000707800000|100%| O|  |TAMS 0x0000000707800000, 0x0000000707600000| Untracked 
|  48|0x0000000707800000, 0x0000000707a00000, 0x0000000707a00000|100%| O|  |TAMS 0x0000000707a00000, 0x0000000707800000| Updating 
|  49|0x0000000707a00000, 0x0000000707c00000, 0x0000000707c00000|100%| O|  |TAMS 0x0000000707c00000, 0x0000000707a00000| Untracked 
|  50|0x0000000707c00000, 0x0000000707e00000, 0x0000000707e00000|100%| O|  |TAMS 0x0000000707e00000, 0x0000000707c00000| Untracked 
|  51|0x0000000707e00000, 0x0000000708000000, 0x0000000708000000|100%| O|  |TAMS 0x0000000708000000, 0x0000000707e00000| Untracked 
|  52|0x0000000708000000, 0x0000000708200000, 0x0000000708200000|100%| O|  |TAMS 0x0000000708200000, 0x0000000708000000| Updating 
|  53|0x0000000708200000, 0x0000000708400000, 0x0000000708400000|100%| O|  |TAMS 0x0000000708400000, 0x0000000708200000| Untracked 
|  54|0x0000000708400000, 0x0000000708600000, 0x0000000708600000|100%| O|  |TAMS 0x0000000708600000, 0x0000000708400000| Untracked 
|  55|0x0000000708600000, 0x0000000708800000, 0x0000000708800000|100%| O|  |TAMS 0x0000000708800000, 0x0000000708600000| Updating 
|  56|0x0000000708800000, 0x0000000708a00000, 0x0000000708a00000|100%| O|  |TAMS 0x0000000708a00000, 0x0000000708800000| Updating 
|  57|0x0000000708a00000, 0x0000000708c00000, 0x0000000708c00000|100%| O|  |TAMS 0x0000000708c00000, 0x0000000708a00000| Updating 
|  58|0x0000000708c00000, 0x0000000708c00000, 0x0000000708e00000|  0%| F|  |TAMS 0x0000000708c00000, 0x0000000708c00000| Untracked 
|  59|0x0000000708e00000, 0x0000000709000000, 0x0000000709000000|100%| O|  |TAMS 0x0000000709000000, 0x0000000708e00000| Updating 
|  60|0x0000000709000000, 0x0000000709200000, 0x0000000709200000|100%| O|  |TAMS 0x0000000709200000, 0x0000000709000000| Updating 
|  61|0x0000000709200000, 0x0000000709400000, 0x0000000709400000|100%| O|  |TAMS 0x0000000709400000, 0x0000000709200000| Untracked 
|  62|0x0000000709400000, 0x0000000709600000, 0x0000000709600000|100%| O|  |TAMS 0x0000000709600000, 0x0000000709400000| Untracked 
|  63|0x0000000709600000, 0x0000000709800000, 0x0000000709800000|100%| O|  |TAMS 0x0000000709800000, 0x0000000709600000| Untracked 
|  64|0x0000000709800000, 0x0000000709a00000, 0x0000000709a00000|100%| O|  |TAMS 0x0000000709a00000, 0x0000000709800000| Updating 
|  65|0x0000000709a00000, 0x0000000709c00000, 0x0000000709c00000|100%| O|  |TAMS 0x0000000709c00000, 0x0000000709a00000| Untracked 
|  66|0x0000000709c00000, 0x0000000709e00000, 0x0000000709e00000|100%| O|  |TAMS 0x0000000709e00000, 0x0000000709c00000| Updating 
|  67|0x0000000709e00000, 0x000000070a000000, 0x000000070a000000|100%| O|  |TAMS 0x000000070a000000, 0x0000000709e00000| Updating 
|  68|0x000000070a000000, 0x000000070a200000, 0x000000070a200000|100%| O|  |TAMS 0x000000070a200000, 0x000000070a000000| Updating 
|  69|0x000000070a200000, 0x000000070a400000, 0x000000070a400000|100%| O|  |TAMS 0x000000070a400000, 0x000000070a200000| Untracked 
|  70|0x000000070a400000, 0x000000070a600000, 0x000000070a600000|100%| O|  |TAMS 0x000000070a600000, 0x000000070a400000| Untracked 
|  71|0x000000070a600000, 0x000000070a800000, 0x000000070a800000|100%| O|  |TAMS 0x000000070a800000, 0x000000070a600000| Untracked 
|  72|0x000000070a800000, 0x000000070aa00000, 0x000000070aa00000|100%| O|  |TAMS 0x000000070aa00000, 0x000000070a800000| Updating 
|  73|0x000000070aa00000, 0x000000070ac00000, 0x000000070ac00000|100%| O|  |TAMS 0x000000070ac00000, 0x000000070aa00000| Untracked 
|  74|0x000000070ac00000, 0x000000070ae00000, 0x000000070ae00000|100%| O|  |TAMS 0x000000070ae00000, 0x000000070ac00000| Untracked 
|  75|0x000000070ae00000, 0x000000070b000000, 0x000000070b000000|100%| O|  |TAMS 0x000000070b000000, 0x000000070ae00000| Untracked 
|  76|0x000000070b000000, 0x000000070b200000, 0x000000070b200000|100%| O|  |TAMS 0x000000070b200000, 0x000000070b000000| Untracked 
|  77|0x000000070b200000, 0x000000070b400000, 0x000000070b400000|100%| O|  |TAMS 0x000000070b400000, 0x000000070b200000| Untracked 
|  78|0x000000070b400000, 0x000000070b600000, 0x000000070b600000|100%| O|  |TAMS 0x000000070b600000, 0x000000070b400000| Updating 
|  79|0x000000070b600000, 0x000000070b800000, 0x000000070b800000|100%| O|  |TAMS 0x000000070b800000, 0x000000070b600000| Updating 
|  80|0x000000070b800000, 0x000000070ba00000, 0x000000070ba00000|100%| O|  |TAMS 0x000000070ba00000, 0x000000070b800000| Untracked 
|  81|0x000000070ba00000, 0x000000070bc00000, 0x000000070bc00000|100%| O|  |TAMS 0x000000070bc00000, 0x000000070ba00000| Updating 
|  82|0x000000070bc00000, 0x000000070be00000, 0x000000070be00000|100%| O|  |TAMS 0x000000070be00000, 0x000000070bc00000| Untracked 
|  83|0x000000070be00000, 0x000000070c000000, 0x000000070c000000|100%| O|  |TAMS 0x000000070c000000, 0x000000070be00000| Untracked 
|  84|0x000000070c000000, 0x000000070c200000, 0x000000070c200000|100%| O|  |TAMS 0x000000070c200000, 0x000000070c000000| Updating 
|  85|0x000000070c200000, 0x000000070c400000, 0x000000070c400000|100%| O|  |TAMS 0x000000070c400000, 0x000000070c200000| Updating 
|  86|0x000000070c400000, 0x000000070c600000, 0x000000070c600000|100%| O|  |TAMS 0x000000070c600000, 0x000000070c400000| Untracked 
|  87|0x000000070c600000, 0x000000070c800000, 0x000000070c800000|100%| O|  |TAMS 0x000000070c800000, 0x000000070c600000| Untracked 
|  88|0x000000070c800000, 0x000000070ca00000, 0x000000070ca00000|100%| O|  |TAMS 0x000000070ca00000, 0x000000070c800000| Untracked 
|  89|0x000000070ca00000, 0x000000070cc00000, 0x000000070cc00000|100%| O|  |TAMS 0x000000070cc00000, 0x000000070ca00000| Updating 
|  90|0x000000070cc00000, 0x000000070ce00000, 0x000000070ce00000|100%| O|  |TAMS 0x000000070ce00000, 0x000000070cc00000| Untracked 
|  91|0x000000070ce00000, 0x000000070d000000, 0x000000070d000000|100%| O|  |TAMS 0x000000070d000000, 0x000000070ce00000| Untracked 
|  92|0x000000070d000000, 0x000000070d200000, 0x000000070d200000|100%| O|  |TAMS 0x000000070d200000, 0x000000070d000000| Updating 
|  93|0x000000070d200000, 0x000000070d400000, 0x000000070d400000|100%|HS|  |TAMS 0x000000070d400000, 0x000000070d200000| Complete 
|  94|0x000000070d400000, 0x000000070d600000, 0x000000070d600000|100%|HC|  |TAMS 0x000000070d600000, 0x000000070d400000| Complete 
|  95|0x000000070d600000, 0x000000070d800000, 0x000000070d800000|100%| O|  |TAMS 0x000000070d800000, 0x000000070d600000| Untracked 
|  96|0x000000070d800000, 0x000000070da00000, 0x000000070da00000|100%| O|  |TAMS 0x000000070da00000, 0x000000070d800000| Untracked 
|  97|0x000000070da00000, 0x000000070dc00000, 0x000000070dc00000|100%| O|  |TAMS 0x000000070dc00000, 0x000000070da00000| Untracked 
|  98|0x000000070dc00000, 0x000000070de00000, 0x000000070de00000|100%| O|  |TAMS 0x000000070de00000, 0x000000070dc00000| Untracked 
|  99|0x000000070de00000, 0x000000070e000000, 0x000000070e000000|100%| O|  |TAMS 0x000000070e000000, 0x000000070de00000| Updating 
| 100|0x000000070e000000, 0x000000070e200000, 0x000000070e200000|100%| O|  |TAMS 0x000000070e200000, 0x000000070e000000| Untracked 
| 101|0x000000070e200000, 0x000000070e400000, 0x000000070e400000|100%| O|  |TAMS 0x000000070e400000, 0x000000070e200000| Untracked 
| 102|0x000000070e400000, 0x000000070e600000, 0x000000070e600000|100%| O|  |TAMS 0x000000070e600000, 0x000000070e400000| Untracked 
| 103|0x000000070e600000, 0x000000070e800000, 0x000000070e800000|100%| O|  |TAMS 0x000000070e800000, 0x000000070e600000| Untracked 
| 104|0x000000070e800000, 0x000000070ea00000, 0x000000070ea00000|100%| O|  |TAMS 0x000000070ea00000, 0x000000070e800000| Untracked 
| 105|0x000000070ea00000, 0x000000070ec00000, 0x000000070ec00000|100%| O|  |TAMS 0x000000070ec00000, 0x000000070ea00000| Untracked 
| 106|0x000000070ec00000, 0x000000070ee00000, 0x000000070ee00000|100%| O|  |TAMS 0x000000070ee00000, 0x000000070ec00000| Untracked 
| 107|0x000000070ee00000, 0x000000070f000000, 0x000000070f000000|100%| O|  |TAMS 0x000000070f000000, 0x000000070ee00000| Untracked 
| 108|0x000000070f000000, 0x000000070f200000, 0x000000070f200000|100%| O|  |TAMS 0x000000070f200000, 0x000000070f000000| Untracked 
| 109|0x000000070f200000, 0x000000070f400000, 0x000000070f400000|100%| O|  |TAMS 0x000000070f400000, 0x000000070f200000| Updating 
| 110|0x000000070f400000, 0x000000070f600000, 0x000000070f600000|100%| O|  |TAMS 0x000000070f600000, 0x000000070f400000| Updating 
| 111|0x000000070f600000, 0x000000070f800000, 0x000000070f800000|100%| O|  |TAMS 0x000000070f800000, 0x000000070f600000| Untracked 
| 112|0x000000070f800000, 0x000000070fa00000, 0x000000070fa00000|100%| O|  |TAMS 0x000000070fa00000, 0x000000070f800000| Updating 
| 113|0x000000070fa00000, 0x000000070fc00000, 0x000000070fc00000|100%| O|  |TAMS 0x000000070fc00000, 0x000000070fa00000| Untracked 
| 114|0x000000070fc00000, 0x000000070fe00000, 0x000000070fe00000|100%| O|  |TAMS 0x000000070fe00000, 0x000000070fc00000| Updating 
| 115|0x000000070fe00000, 0x0000000710000000, 0x0000000710000000|100%| O|  |TAMS 0x0000000710000000, 0x000000070fe00000| Untracked 
| 116|0x0000000710000000, 0x0000000710200000, 0x0000000710200000|100%| O|  |TAMS 0x0000000710200000, 0x0000000710000000| Untracked 
| 117|0x0000000710200000, 0x0000000710400000, 0x0000000710400000|100%| O|  |TAMS 0x0000000710400000, 0x0000000710200000| Updating 
| 118|0x0000000710400000, 0x0000000710600000, 0x0000000710600000|100%| O|  |TAMS 0x0000000710600000, 0x0000000710400000| Updating 
| 119|0x0000000710600000, 0x0000000710800000, 0x0000000710800000|100%| O|  |TAMS 0x0000000710800000, 0x0000000710600000| Untracked 
| 120|0x0000000710800000, 0x0000000710a00000, 0x0000000710a00000|100%| O|  |TAMS 0x0000000710a00000, 0x0000000710800000| Untracked 
| 121|0x0000000710a00000, 0x0000000710c00000, 0x0000000710c00000|100%| O|  |TAMS 0x0000000710c00000, 0x0000000710a00000| Untracked 
| 122|0x0000000710c00000, 0x0000000710e00000, 0x0000000710e00000|100%| O|  |TAMS 0x0000000710e00000, 0x0000000710c00000| Untracked 
| 123|0x0000000710e00000, 0x0000000711000000, 0x0000000711000000|100%| O|  |TAMS 0x0000000711000000, 0x0000000710e00000| Updating 
| 124|0x0000000711000000, 0x0000000711200000, 0x0000000711200000|100%| O|  |TAMS 0x0000000711200000, 0x0000000711000000| Updating 
| 125|0x0000000711200000, 0x0000000711400000, 0x0000000711400000|100%| O|  |TAMS 0x0000000711400000, 0x0000000711200000| Untracked 
| 126|0x0000000711400000, 0x0000000711600000, 0x0000000711600000|100%| O|  |TAMS 0x0000000711600000, 0x0000000711400000| Untracked 
| 127|0x0000000711600000, 0x0000000711800000, 0x0000000711800000|100%| O|  |TAMS 0x0000000711800000, 0x0000000711600000| Untracked 
| 128|0x0000000711800000, 0x0000000711a00000, 0x0000000711a00000|100%| O|  |TAMS 0x0000000711a00000, 0x0000000711800000| Untracked 
| 129|0x0000000711a00000, 0x0000000711c00000, 0x0000000711c00000|100%| O|  |TAMS 0x0000000711c00000, 0x0000000711a00000| Untracked 
| 130|0x0000000711c00000, 0x0000000711e00000, 0x0000000711e00000|100%| O|  |TAMS 0x0000000711e00000, 0x0000000711c00000| Untracked 
| 131|0x0000000711e00000, 0x0000000712000000, 0x0000000712000000|100%| O|  |TAMS 0x0000000712000000, 0x0000000711e00000| Untracked 
| 132|0x0000000712000000, 0x0000000712200000, 0x0000000712200000|100%| O|  |TAMS 0x0000000712200000, 0x0000000712000000| Updating 
| 133|0x0000000712200000, 0x0000000712400000, 0x0000000712400000|100%| O|  |TAMS 0x0000000712400000, 0x0000000712200000| Untracked 
| 134|0x0000000712400000, 0x0000000712600000, 0x0000000712600000|100%| O|  |TAMS 0x0000000712600000, 0x0000000712400000| Untracked 
| 135|0x0000000712600000, 0x0000000712800000, 0x0000000712800000|100%| O|  |TAMS 0x0000000712800000, 0x0000000712600000| Untracked 
| 136|0x0000000712800000, 0x0000000712a00000, 0x0000000712a00000|100%| O|  |TAMS 0x0000000712a00000, 0x0000000712800000| Untracked 
| 137|0x0000000712a00000, 0x0000000712c00000, 0x0000000712c00000|100%| O|  |TAMS 0x0000000712c00000, 0x0000000712a00000| Untracked 
| 138|0x0000000712c00000, 0x0000000712e00000, 0x0000000712e00000|100%| O|  |TAMS 0x0000000712e00000, 0x0000000712c00000| Untracked 
| 139|0x0000000712e00000, 0x0000000713000000, 0x0000000713000000|100%| O|  |TAMS 0x0000000713000000, 0x0000000712e00000| Untracked 
| 140|0x0000000713000000, 0x0000000713200000, 0x0000000713200000|100%| O|  |TAMS 0x0000000713200000, 0x0000000713000000| Untracked 
| 141|0x0000000713200000, 0x0000000713400000, 0x0000000713400000|100%| O|  |TAMS 0x0000000713400000, 0x0000000713200000| Untracked 
| 142|0x0000000713400000, 0x0000000713600000, 0x0000000713600000|100%| O|  |TAMS 0x0000000713600000, 0x0000000713400000| Untracked 
| 143|0x0000000713600000, 0x0000000713800000, 0x0000000713800000|100%| O|  |TAMS 0x0000000713800000, 0x0000000713600000| Untracked 
| 144|0x0000000713800000, 0x0000000713a00000, 0x0000000713a00000|100%| O|  |TAMS 0x0000000713a00000, 0x0000000713800000| Untracked 
| 145|0x0000000713a00000, 0x0000000713c00000, 0x0000000713c00000|100%| O|  |TAMS 0x0000000713c00000, 0x0000000713a00000| Updating 
| 146|0x0000000713c00000, 0x0000000713e00000, 0x0000000713e00000|100%| O|  |TAMS 0x0000000713e00000, 0x0000000713c00000| Updating 
| 147|0x0000000713e00000, 0x0000000713e00000, 0x0000000714000000|  0%| F|  |TAMS 0x0000000713e00000, 0x0000000713e00000| Untracked 
| 148|0x0000000714000000, 0x0000000714000000, 0x0000000714200000|  0%| F|  |TAMS 0x0000000714000000, 0x0000000714000000| Untracked 
| 149|0x0000000714200000, 0x0000000714400000, 0x0000000714400000|100%| O|  |TAMS 0x0000000714400000, 0x0000000714200000| Untracked 
| 150|0x0000000714400000, 0x0000000714600000, 0x0000000714600000|100%| O|  |TAMS 0x0000000714600000, 0x0000000714400000| Untracked 
| 151|0x0000000714600000, 0x0000000714800000, 0x0000000714800000|100%| O|  |TAMS 0x0000000714800000, 0x0000000714600000| Untracked 
| 152|0x0000000714800000, 0x0000000714a00000, 0x0000000714a00000|100%| O|  |TAMS 0x0000000714a00000, 0x0000000714800000| Untracked 
| 153|0x0000000714a00000, 0x0000000714c00000, 0x0000000714c00000|100%| O|  |TAMS 0x0000000714c00000, 0x0000000714a00000| Untracked 
| 154|0x0000000714c00000, 0x0000000714e00000, 0x0000000714e00000|100%| O|  |TAMS 0x0000000714e00000, 0x0000000714c00000| Updating 
| 155|0x0000000714e00000, 0x0000000715000000, 0x0000000715000000|100%| O|  |TAMS 0x0000000715000000, 0x0000000714e00000| Updating 
| 156|0x0000000715000000, 0x0000000715200000, 0x0000000715200000|100%| O|  |TAMS 0x0000000715200000, 0x0000000715000000| Untracked 
| 157|0x0000000715200000, 0x0000000715400000, 0x0000000715400000|100%| O|  |TAMS 0x0000000715400000, 0x0000000715200000| Untracked 
| 158|0x0000000715400000, 0x0000000715600000, 0x0000000715600000|100%| O|  |TAMS 0x0000000715600000, 0x0000000715400000| Untracked 
| 159|0x0000000715600000, 0x0000000715800000, 0x0000000715800000|100%| O|  |TAMS 0x0000000715800000, 0x0000000715600000| Updating 
| 160|0x0000000715800000, 0x0000000715a00000, 0x0000000715a00000|100%| O|  |TAMS 0x0000000715a00000, 0x0000000715800000| Updating 
| 161|0x0000000715a00000, 0x0000000715c00000, 0x0000000715c00000|100%| O|  |TAMS 0x0000000715c00000, 0x0000000715a00000| Updating 
| 162|0x0000000715c00000, 0x0000000715e00000, 0x0000000715e00000|100%| O|  |TAMS 0x0000000715e00000, 0x0000000715c00000| Updating 
| 163|0x0000000715e00000, 0x0000000716000000, 0x0000000716000000|100%| O|  |TAMS 0x0000000716000000, 0x0000000715e00000| Updating 
| 164|0x0000000716000000, 0x0000000716200000, 0x0000000716200000|100%| O|  |TAMS 0x0000000716200000, 0x0000000716000000| Updating 
| 165|0x0000000716200000, 0x0000000716400000, 0x0000000716400000|100%| O|  |TAMS 0x0000000716400000, 0x0000000716200000| Updating 
| 166|0x0000000716400000, 0x0000000716600000, 0x0000000716600000|100%| O|  |TAMS 0x0000000716600000, 0x0000000716400000| Updating 
| 167|0x0000000716600000, 0x0000000716600000, 0x0000000716800000|  0%| F|  |TAMS 0x0000000716600000, 0x0000000716600000| Untracked 
| 168|0x0000000716800000, 0x0000000716a00000, 0x0000000716a00000|100%| O|  |TAMS 0x0000000716a00000, 0x0000000716800000| Updating 
| 169|0x0000000716a00000, 0x0000000716c00000, 0x0000000716c00000|100%| O|  |TAMS 0x0000000716c00000, 0x0000000716a00000| Updating 
| 170|0x0000000716c00000, 0x0000000716e00000, 0x0000000716e00000|100%| O|  |TAMS 0x0000000716e00000, 0x0000000716c00000| Updating 
| 171|0x0000000716e00000, 0x0000000717000000, 0x0000000717000000|100%| O|  |TAMS 0x0000000717000000, 0x0000000716e00000| Updating 
| 172|0x0000000717000000, 0x0000000717200000, 0x0000000717200000|100%| O|  |TAMS 0x0000000717200000, 0x0000000717000000| Updating 
| 173|0x0000000717200000, 0x0000000717400000, 0x0000000717400000|100%| O|  |TAMS 0x0000000717400000, 0x0000000717200000| Updating 
| 174|0x0000000717400000, 0x0000000717600000, 0x0000000717600000|100%| O|  |TAMS 0x0000000717600000, 0x0000000717400000| Updating 
| 175|0x0000000717600000, 0x0000000717800000, 0x0000000717800000|100%| O|  |TAMS 0x0000000717800000, 0x0000000717600000| Updating 
| 176|0x0000000717800000, 0x0000000717a00000, 0x0000000717a00000|100%| O|  |TAMS 0x0000000717a00000, 0x0000000717800000| Updating 
| 177|0x0000000717a00000, 0x0000000717c00000, 0x0000000717c00000|100%| O|  |TAMS 0x0000000717c00000, 0x0000000717a00000| Updating 
| 178|0x0000000717c00000, 0x0000000717e00000, 0x0000000717e00000|100%| O|  |TAMS 0x0000000717d1a800, 0x0000000717c00000| Updating 
| 179|0x0000000717e00000, 0x0000000718000000, 0x0000000718000000|100%| O|  |TAMS 0x0000000717e00000, 0x0000000717e00000| Untracked 
| 180|0x0000000718000000, 0x0000000718200000, 0x0000000718200000|100%| O|  |TAMS 0x0000000718000000, 0x0000000718000000| Untracked 
| 181|0x0000000718200000, 0x0000000718400000, 0x0000000718400000|100%| O|  |TAMS 0x0000000718200000, 0x0000000718200000| Untracked 
| 182|0x0000000718400000, 0x0000000718600000, 0x0000000718600000|100%| O|  |TAMS 0x0000000718400000, 0x0000000718400000| Untracked 
| 183|0x0000000718600000, 0x0000000718800000, 0x0000000718800000|100%| O|  |TAMS 0x0000000718600000, 0x0000000718600000| Untracked 
| 184|0x0000000718800000, 0x0000000718a00000, 0x0000000718a00000|100%| O|  |TAMS 0x0000000718800000, 0x0000000718800000| Untracked 
| 185|0x0000000718a00000, 0x0000000718c00000, 0x0000000718c00000|100%| O|  |TAMS 0x0000000718a00000, 0x0000000718a00000| Untracked 
| 186|0x0000000718c00000, 0x0000000718e00000, 0x0000000718e00000|100%| O|  |TAMS 0x0000000718c00000, 0x0000000718c00000| Untracked 
| 187|0x0000000718e00000, 0x0000000719000000, 0x0000000719000000|100%| O|  |TAMS 0x0000000718e00000, 0x0000000718e00000| Untracked 
| 188|0x0000000719000000, 0x0000000719200000, 0x0000000719200000|100%| O|  |TAMS 0x0000000719000000, 0x0000000719000000| Untracked 
| 189|0x0000000719200000, 0x0000000719400000, 0x0000000719400000|100%| O|  |TAMS 0x0000000719200000, 0x0000000719200000| Untracked 
| 190|0x0000000719400000, 0x0000000719600000, 0x0000000719600000|100%| O|  |TAMS 0x0000000719400000, 0x0000000719400000| Untracked 
| 191|0x0000000719600000, 0x0000000719800000, 0x0000000719800000|100%| O|  |TAMS 0x0000000719600000, 0x0000000719600000| Untracked 
| 192|0x0000000719800000, 0x0000000719a00000, 0x0000000719a00000|100%| O|  |TAMS 0x0000000719800000, 0x0000000719800000| Untracked 
| 193|0x0000000719a00000, 0x0000000719b00000, 0x0000000719c00000| 50%| O|  |TAMS 0x0000000719a00000, 0x0000000719a00000| Updating 
| 194|0x0000000719c00000, 0x0000000719c00000, 0x0000000719e00000|  0%| F|  |TAMS 0x0000000719c00000, 0x0000000719c00000| Untracked 
| 195|0x0000000719e00000, 0x0000000719e00000, 0x000000071a000000|  0%| F|  |TAMS 0x0000000719e00000, 0x0000000719e00000| Untracked 
| 196|0x000000071a000000, 0x000000071a000000, 0x000000071a200000|  0%| F|  |TAMS 0x000000071a000000, 0x000000071a000000| Untracked 
| 197|0x000000071a200000, 0x000000071a200000, 0x000000071a400000|  0%| F|  |TAMS 0x000000071a200000, 0x000000071a200000| Untracked 
| 198|0x000000071a400000, 0x000000071a400000, 0x000000071a600000|  0%| F|  |TAMS 0x000000071a400000, 0x000000071a400000| Untracked 
| 199|0x000000071a600000, 0x000000071a600000, 0x000000071a800000|  0%| F|  |TAMS 0x000000071a600000, 0x000000071a600000| Untracked 
| 200|0x000000071a800000, 0x000000071a800000, 0x000000071aa00000|  0%| F|  |TAMS 0x000000071a800000, 0x000000071a800000| Untracked 
| 201|0x000000071aa00000, 0x000000071aa00000, 0x000000071ac00000|  0%| F|  |TAMS 0x000000071aa00000, 0x000000071aa00000| Untracked 
| 202|0x000000071ac00000, 0x000000071ac00000, 0x000000071ae00000|  0%| F|  |TAMS 0x000000071ac00000, 0x000000071ac00000| Untracked 
| 203|0x000000071ae00000, 0x000000071ae00000, 0x000000071b000000|  0%| F|  |TAMS 0x000000071ae00000, 0x000000071ae00000| Untracked 
| 204|0x000000071b000000, 0x000000071b000000, 0x000000071b200000|  0%| F|  |TAMS 0x000000071b000000, 0x000000071b000000| Untracked 
| 205|0x000000071b200000, 0x000000071b200000, 0x000000071b400000|  0%| F|  |TAMS 0x000000071b200000, 0x000000071b200000| Untracked 
| 206|0x000000071b400000, 0x000000071b400000, 0x000000071b600000|  0%| F|  |TAMS 0x000000071b400000, 0x000000071b400000| Untracked 
| 207|0x000000071b600000, 0x000000071b600000, 0x000000071b800000|  0%| F|  |TAMS 0x000000071b600000, 0x000000071b600000| Untracked 
| 208|0x000000071b800000, 0x000000071b800000, 0x000000071ba00000|  0%| F|  |TAMS 0x000000071b800000, 0x000000071b800000| Untracked 
| 209|0x000000071ba00000, 0x000000071ba00000, 0x000000071bc00000|  0%| F|  |TAMS 0x000000071ba00000, 0x000000071ba00000| Untracked 
| 210|0x000000071bc00000, 0x000000071bc00000, 0x000000071be00000|  0%| F|  |TAMS 0x000000071bc00000, 0x000000071bc00000| Untracked 
| 211|0x000000071be00000, 0x000000071be00000, 0x000000071c000000|  0%| F|  |TAMS 0x000000071be00000, 0x000000071be00000| Untracked 
| 212|0x000000071c000000, 0x000000071c000000, 0x000000071c200000|  0%| F|  |TAMS 0x000000071c000000, 0x000000071c000000| Untracked 
| 213|0x000000071c200000, 0x000000071c200000, 0x000000071c400000|  0%| F|  |TAMS 0x000000071c200000, 0x000000071c200000| Untracked 
| 214|0x000000071c400000, 0x000000071c400000, 0x000000071c600000|  0%| F|  |TAMS 0x000000071c400000, 0x000000071c400000| Untracked 
| 215|0x000000071c600000, 0x000000071c600000, 0x000000071c800000|  0%| F|  |TAMS 0x000000071c600000, 0x000000071c600000| Untracked 
| 216|0x000000071c800000, 0x000000071c800000, 0x000000071ca00000|  0%| F|  |TAMS 0x000000071c800000, 0x000000071c800000| Untracked 
| 217|0x000000071ca00000, 0x000000071ca00000, 0x000000071cc00000|  0%| F|  |TAMS 0x000000071ca00000, 0x000000071ca00000| Untracked 
| 218|0x000000071cc00000, 0x000000071cc00000, 0x000000071ce00000|  0%| F|  |TAMS 0x000000071cc00000, 0x000000071cc00000| Untracked 
| 219|0x000000071ce00000, 0x000000071ce00000, 0x000000071d000000|  0%| F|  |TAMS 0x000000071ce00000, 0x000000071ce00000| Untracked 
| 220|0x000000071d000000, 0x000000071d000000, 0x000000071d200000|  0%| F|  |TAMS 0x000000071d000000, 0x000000071d000000| Untracked 
| 221|0x000000071d200000, 0x000000071d200000, 0x000000071d400000|  0%| F|  |TAMS 0x000000071d200000, 0x000000071d200000| Untracked 
| 222|0x000000071d400000, 0x000000071d400000, 0x000000071d600000|  0%| F|  |TAMS 0x000000071d400000, 0x000000071d400000| Untracked 
| 223|0x000000071d600000, 0x000000071d600000, 0x000000071d800000|  0%| F|  |TAMS 0x000000071d600000, 0x000000071d600000| Untracked 
| 224|0x000000071d800000, 0x000000071d800000, 0x000000071da00000|  0%| F|  |TAMS 0x000000071d800000, 0x000000071d800000| Untracked 
| 225|0x000000071da00000, 0x000000071da00000, 0x000000071dc00000|  0%| F|  |TAMS 0x000000071da00000, 0x000000071da00000| Untracked 
| 226|0x000000071dc00000, 0x000000071dc00000, 0x000000071de00000|  0%| F|  |TAMS 0x000000071dc00000, 0x000000071dc00000| Untracked 
| 227|0x000000071de00000, 0x000000071de00000, 0x000000071e000000|  0%| F|  |TAMS 0x000000071de00000, 0x000000071de00000| Untracked 
| 228|0x000000071e000000, 0x000000071e000000, 0x000000071e200000|  0%| F|  |TAMS 0x000000071e000000, 0x000000071e000000| Untracked 
| 229|0x000000071e200000, 0x000000071e200000, 0x000000071e400000|  0%| F|  |TAMS 0x000000071e200000, 0x000000071e200000| Untracked 
| 230|0x000000071e400000, 0x000000071e400000, 0x000000071e600000|  0%| F|  |TAMS 0x000000071e400000, 0x000000071e400000| Untracked 
| 231|0x000000071e600000, 0x000000071e600000, 0x000000071e800000|  0%| F|  |TAMS 0x000000071e600000, 0x000000071e600000| Untracked 
| 232|0x000000071e800000, 0x000000071e800000, 0x000000071ea00000|  0%| F|  |TAMS 0x000000071e800000, 0x000000071e800000| Untracked 
| 233|0x000000071ea00000, 0x000000071ea00000, 0x000000071ec00000|  0%| F|  |TAMS 0x000000071ea00000, 0x000000071ea00000| Untracked 
| 234|0x000000071ec00000, 0x000000071ec00000, 0x000000071ee00000|  0%| F|  |TAMS 0x000000071ec00000, 0x000000071ec00000| Untracked 
| 235|0x000000071ee00000, 0x000000071ee00000, 0x000000071f000000|  0%| F|  |TAMS 0x000000071ee00000, 0x000000071ee00000| Untracked 
| 236|0x000000071f000000, 0x000000071f000000, 0x000000071f200000|  0%| F|  |TAMS 0x000000071f000000, 0x000000071f000000| Untracked 
| 237|0x000000071f200000, 0x000000071f200000, 0x000000071f400000|  0%| F|  |TAMS 0x000000071f200000, 0x000000071f200000| Untracked 
| 238|0x000000071f400000, 0x000000071f400000, 0x000000071f600000|  0%| F|  |TAMS 0x000000071f400000, 0x000000071f400000| Untracked 
| 239|0x000000071f600000, 0x000000071f600000, 0x000000071f800000|  0%| F|  |TAMS 0x000000071f600000, 0x000000071f600000| Untracked 
| 240|0x000000071f800000, 0x000000071f800000, 0x000000071fa00000|  0%| F|  |TAMS 0x000000071f800000, 0x000000071f800000| Untracked 
| 241|0x000000071fa00000, 0x000000071fa00000, 0x000000071fc00000|  0%| F|  |TAMS 0x000000071fa00000, 0x000000071fa00000| Untracked 
| 242|0x000000071fc00000, 0x000000071fc00000, 0x000000071fe00000|  0%| F|  |TAMS 0x000000071fc00000, 0x000000071fc00000| Untracked 
| 243|0x000000071fe00000, 0x000000071fe00000, 0x0000000720000000|  0%| F|  |TAMS 0x000000071fe00000, 0x000000071fe00000| Untracked 
| 244|0x0000000720000000, 0x0000000720200000, 0x0000000720200000|100%| S|CS|TAMS 0x0000000720000000, 0x0000000720000000| Complete 
| 245|0x0000000720200000, 0x0000000720400000, 0x0000000720400000|100%| S|CS|TAMS 0x0000000720200000, 0x0000000720200000| Complete 
| 246|0x0000000720400000, 0x0000000720600000, 0x0000000720600000|100%| S|CS|TAMS 0x0000000720400000, 0x0000000720400000| Complete 
| 247|0x0000000720600000, 0x0000000720800000, 0x0000000720800000|100%| S|CS|TAMS 0x0000000720600000, 0x0000000720600000| Complete 
| 248|0x0000000720800000, 0x0000000720a00000, 0x0000000720a00000|100%| S|CS|TAMS 0x0000000720800000, 0x0000000720800000| Complete 
| 249|0x0000000720a00000, 0x0000000720c00000, 0x0000000720c00000|100%| S|CS|TAMS 0x0000000720a00000, 0x0000000720a00000| Complete 
| 250|0x0000000720c00000, 0x0000000720e00000, 0x0000000720e00000|100%| S|CS|TAMS 0x0000000720c00000, 0x0000000720c00000| Complete 
| 251|0x0000000720e00000, 0x0000000720e00000, 0x0000000721000000|  0%| F|  |TAMS 0x0000000720e00000, 0x0000000720e00000| Untracked 
| 252|0x0000000721000000, 0x0000000721000000, 0x0000000721200000|  0%| F|  |TAMS 0x0000000721000000, 0x0000000721000000| Untracked 
| 253|0x0000000721200000, 0x0000000721200000, 0x0000000721400000|  0%| F|  |TAMS 0x0000000721200000, 0x0000000721200000| Untracked 
| 254|0x0000000721400000, 0x0000000721400000, 0x0000000721600000|  0%| F|  |TAMS 0x0000000721400000, 0x0000000721400000| Untracked 
| 255|0x0000000721600000, 0x0000000721600000, 0x0000000721800000|  0%| F|  |TAMS 0x0000000721600000, 0x0000000721600000| Untracked 
| 256|0x0000000721800000, 0x0000000721800000, 0x0000000721a00000|  0%| F|  |TAMS 0x0000000721800000, 0x0000000721800000| Untracked 
| 257|0x0000000721a00000, 0x0000000721a00000, 0x0000000721c00000|  0%| F|  |TAMS 0x0000000721a00000, 0x0000000721a00000| Untracked 
| 258|0x0000000721c00000, 0x0000000721c00000, 0x0000000721e00000|  0%| F|  |TAMS 0x0000000721c00000, 0x0000000721c00000| Untracked 
| 259|0x0000000721e00000, 0x0000000721e00000, 0x0000000722000000|  0%| F|  |TAMS 0x0000000721e00000, 0x0000000721e00000| Untracked 
| 260|0x0000000722000000, 0x0000000722000000, 0x0000000722200000|  0%| F|  |TAMS 0x0000000722000000, 0x0000000722000000| Untracked 
| 261|0x0000000722200000, 0x0000000722200000, 0x0000000722400000|  0%| F|  |TAMS 0x0000000722200000, 0x0000000722200000| Untracked 
| 262|0x0000000722400000, 0x0000000722400000, 0x0000000722600000|  0%| F|  |TAMS 0x0000000722400000, 0x0000000722400000| Untracked 
| 263|0x0000000722600000, 0x0000000722600000, 0x0000000722800000|  0%| F|  |TAMS 0x0000000722600000, 0x0000000722600000| Untracked 
| 264|0x0000000722800000, 0x0000000722800000, 0x0000000722a00000|  0%| F|  |TAMS 0x0000000722800000, 0x0000000722800000| Untracked 
| 265|0x0000000722a00000, 0x0000000722a00000, 0x0000000722c00000|  0%| F|  |TAMS 0x0000000722a00000, 0x0000000722a00000| Untracked 
| 266|0x0000000722c00000, 0x0000000722c00000, 0x0000000722e00000|  0%| F|  |TAMS 0x0000000722c00000, 0x0000000722c00000| Untracked 
| 267|0x0000000722e00000, 0x0000000722e00000, 0x0000000723000000|  0%| F|  |TAMS 0x0000000722e00000, 0x0000000722e00000| Untracked 
| 268|0x0000000723000000, 0x0000000723000000, 0x0000000723200000|  0%| F|  |TAMS 0x0000000723000000, 0x0000000723000000| Untracked 
| 269|0x0000000723200000, 0x0000000723200000, 0x0000000723400000|  0%| F|  |TAMS 0x0000000723200000, 0x0000000723200000| Untracked 
| 270|0x0000000723400000, 0x0000000723400000, 0x0000000723600000|  0%| F|  |TAMS 0x0000000723400000, 0x0000000723400000| Untracked 
| 271|0x0000000723600000, 0x0000000723600000, 0x0000000723800000|  0%| F|  |TAMS 0x0000000723600000, 0x0000000723600000| Untracked 
| 272|0x0000000723800000, 0x0000000723800000, 0x0000000723a00000|  0%| F|  |TAMS 0x0000000723800000, 0x0000000723800000| Untracked 
| 273|0x0000000723a00000, 0x0000000723ab4518, 0x0000000723c00000| 35%| E|  |TAMS 0x0000000723a00000, 0x0000000723a00000| Complete 
| 274|0x0000000723c00000, 0x0000000723e00000, 0x0000000723e00000|100%| E|CS|TAMS 0x0000000723c00000, 0x0000000723c00000| Complete 
| 275|0x0000000723e00000, 0x0000000724000000, 0x0000000724000000|100%| E|CS|TAMS 0x0000000723e00000, 0x0000000723e00000| Complete 
| 276|0x0000000724000000, 0x0000000724200000, 0x0000000724200000|100%| E|CS|TAMS 0x0000000724000000, 0x0000000724000000| Complete 
| 277|0x0000000724200000, 0x0000000724400000, 0x0000000724400000|100%| E|CS|TAMS 0x0000000724200000, 0x0000000724200000| Complete 
| 278|0x0000000724400000, 0x0000000724600000, 0x0000000724600000|100%| E|CS|TAMS 0x0000000724400000, 0x0000000724400000| Complete 
| 279|0x0000000724600000, 0x0000000724800000, 0x0000000724800000|100%| E|CS|TAMS 0x0000000724600000, 0x0000000724600000| Complete 
| 280|0x0000000724800000, 0x0000000724a00000, 0x0000000724a00000|100%| E|CS|TAMS 0x0000000724800000, 0x0000000724800000| Complete 
| 281|0x0000000724a00000, 0x0000000724c00000, 0x0000000724c00000|100%| E|CS|TAMS 0x0000000724a00000, 0x0000000724a00000| Complete 
| 282|0x0000000724c00000, 0x0000000724e00000, 0x0000000724e00000|100%| E|CS|TAMS 0x0000000724c00000, 0x0000000724c00000| Complete 
| 283|0x0000000724e00000, 0x0000000725000000, 0x0000000725000000|100%| E|CS|TAMS 0x0000000724e00000, 0x0000000724e00000| Complete 
| 284|0x0000000725000000, 0x0000000725200000, 0x0000000725200000|100%| E|CS|TAMS 0x0000000725000000, 0x0000000725000000| Complete 
| 285|0x0000000725200000, 0x0000000725400000, 0x0000000725400000|100%| E|CS|TAMS 0x0000000725200000, 0x0000000725200000| Complete 
| 286|0x0000000725400000, 0x0000000725600000, 0x0000000725600000|100%| E|CS|TAMS 0x0000000725400000, 0x0000000725400000| Complete 
| 287|0x0000000725600000, 0x0000000725800000, 0x0000000725800000|100%| E|CS|TAMS 0x0000000725600000, 0x0000000725600000| Complete 
| 288|0x0000000725800000, 0x0000000725a00000, 0x0000000725a00000|100%| E|CS|TAMS 0x0000000725800000, 0x0000000725800000| Complete 

Card table byte_map: [0x00000257d7fe0000,0x00000257d87e0000] _byte_map_base: 0x00000257d47d4000

Marking Bits (Prev, Next): (CMBitMap*) 0x00000257c04bb4f0, (CMBitMap*) 0x00000257c04bb4b0
 Prev Bits: [0x00000257dcf80000, 0x00000257e0f20000)
 Next Bits: [0x00000257d8fe0000, 0x00000257dcf80000)

Polling page: 0x00000257c04d0000

Metaspace:

Usage:
  Non-class:     64.26 MB used.
      Class:      7.01 MB used.
       Both:     71.27 MB used.

Virtual space:
  Non-class space:      128.00 MB reserved,      65.12 MB ( 51%) committed,  2 nodes.
      Class space:        1.00 GB reserved,       7.69 MB ( <1%) committed,  1 nodes.
             Both:        1.12 GB reserved,      72.81 MB (  6%) committed. 

Chunk freelists:
   Non-Class:  2.84 MB
       Class:  370.00 KB
        Both:  3.21 MB

MaxMetaspaceSize: unlimited
CompressedClassSpaceSize: 1.00 GB
Initial GC threshold: 21.00 MB
Current GC threshold: 89.81 MB
CDS: on
MetaspaceReclaimPolicy: balanced
 - commit_granule_bytes: 65536.
 - commit_granule_words: 8192.
 - virtual_space_node_default_size: 8388608.
 - enlarge_chunks_in_place: 1.
 - new_chunks_are_fully_committed: 0.
 - uncommit_free_chunks: 1.
 - use_allocation_guard: 0.


Internal statistics:

num_allocs_failed_limit: 11.
num_arena_births: 1442.
num_arena_deaths: 14.
num_vsnodes_births: 3.
num_vsnodes_deaths: 0.
num_space_committed: 1165.
num_space_uncommitted: 0.
num_chunks_returned_to_freelist: 25.
num_chunks_taken_from_freelist: 5156.
num_chunk_merges: 16.
num_chunk_splits: 3047.
num_chunks_enlarged: 1605.
num_inconsistent_stats: 0.

CodeHeap 'non-profiled nmethods': size=120000Kb used=9603Kb max_used=9603Kb free=110396Kb
 bounds [0x00000257cf850000, 0x00000257d01c0000, 0x00000257d6d80000]
CodeHeap 'profiled nmethods': size=120000Kb used=30116Kb max_used=30116Kb free=89883Kb
 bounds [0x00000257c8320000, 0x00000257ca090000, 0x00000257cf850000]
CodeHeap 'non-nmethods': size=5760Kb used=1419Kb max_used=1513Kb free=4340Kb
 bounds [0x00000257c7d80000, 0x00000257c7ff0000, 0x00000257c8320000]
 total_blobs=13258 nmethods=12496 adapters=672
 compilation: enabled
              stopped_count=0, restarted_count=0
 full_count=0

Compilation events (20 events):
Event: 39.004 Thread 0x00000257e7c2dd40 15438  s    2       java.util.Vector::get (23 bytes)
Event: 39.006 Thread 0x00000257e7c2dd40 nmethod 15438 0x00000257ca083010 code [0x00000257ca0831c0, 0x00000257ca083468]
Event: 39.007 Thread 0x00000257e7c2dd40 15439       2       org.eclipse.jdt.internal.compiler.codegen.CodeStream::invoke (27 bytes)
Event: 39.008 Thread 0x00000257e7c2dd40 nmethod 15439 0x00000257ca083610 code [0x00000257ca0837a0, 0x00000257ca0838e8]
Event: 39.008 Thread 0x00000257e7c2dd40 15442       2       org.eclipse.jdt.internal.compiler.ast.AllocationExpression::cleanUpInferenceContexts (65 bytes)
Event: 39.011 Thread 0x00000257e7c2dd40 nmethod 15442 0x00000257ca083990 code [0x00000257ca083b40, 0x00000257ca083e78]
Event: 39.011 Thread 0x00000257e7c2dd40 15441       2       org.eclipse.jdt.internal.compiler.codegen.CodeStream::astore_3 (84 bytes)
Event: 39.011 Thread 0x00000257e7c2dd40 nmethod 15441 0x00000257ca084010 code [0x00000257ca0841c0, 0x00000257ca0843b8]
Event: 39.011 Thread 0x00000257e7c2dd40 15443       2       org.eclipse.jdt.internal.compiler.codegen.CodeStream::getPopularBinding (37 bytes)
Event: 39.012 Thread 0x00000257e7c2dd40 nmethod 15443 0x00000257ca084510 code [0x00000257ca0846c0, 0x00000257ca084898]
Event: 39.012 Thread 0x00000257e7c2dd40 15440       2       org.eclipse.jdt.internal.compiler.codegen.CodeStream::checkcast (8 bytes)
Event: 39.013 Thread 0x00000257e7c2dd40 nmethod 15440 0x00000257ca084a10 code [0x00000257ca084ba0, 0x00000257ca084ce8]
Event: 39.013 Thread 0x00000257e7c2dd40 15444       2       java.util.Calendar::setTimeInMillis (84 bytes)
Event: 39.014 Thread 0x00000257e7c2dd40 nmethod 15444 0x00000257ca084d90 code [0x00000257ca084f40, 0x00000257ca085188]
Event: 39.014 Thread 0x00000257e7c2dd40 15445       2       java.util.Calendar::checkDisplayNameParams (67 bytes)
Event: 39.014 Thread 0x00000257e7c2dd40 nmethod 15445 0x00000257ca085290 code [0x00000257ca085440, 0x00000257ca085718]
Event: 39.014 Thread 0x00000257e7c2dd40 15446       2       java.text.SimpleDateFormat::subFormat (1264 bytes)
Event: 39.020 Thread 0x00000257e7c2dd40 nmethod 15446 0x00000257ca085890 code [0x00000257ca085e20, 0x00000257ca088758]
Event: 39.020 Thread 0x00000257e7c2dd40 15447       2       java.util.Calendar::getDisplayName (165 bytes)
Event: 39.021 Thread 0x00000257e7c2dd40 nmethod 15447 0x00000257ca08a590 code [0x00000257ca08a7c0, 0x00000257ca08ad38]

GC Heap History (20 events):
Event: 28.994 GC heap before
{Heap before GC invocations=43 (full 0):
 garbage-first heap   total 344064K, used 278461K [0x0000000701800000, 0x0000000800000000)
  region size 2048K, 47 young (96256K), 4 survivors (8192K)
 Metaspace       used 64780K, committed 66240K, reserved 1114112K
  class space    used 6439K, committed 7104K, reserved 1048576K
}
Event: 29.000 GC heap after
{Heap after GC invocations=44 (full 0):
 garbage-first heap   total 344064K, used 192051K [0x0000000701800000, 0x0000000800000000)
  region size 2048K, 5 young (10240K), 5 survivors (10240K)
 Metaspace       used 64780K, committed 66240K, reserved 1114112K
  class space    used 6439K, committed 7104K, reserved 1048576K
}
Event: 29.128 GC heap before
{Heap before GC invocations=44 (full 0):
 garbage-first heap   total 344064K, used 282163K [0x0000000701800000, 0x0000000800000000)
  region size 2048K, 49 young (100352K), 5 survivors (10240K)
 Metaspace       used 64870K, committed 66368K, reserved 1114112K
  class space    used 6448K, committed 7104K, reserved 1048576K
}
Event: 29.138 GC heap after
{Heap after GC invocations=45 (full 0):
 garbage-first heap   total 442368K, used 193172K [0x0000000701800000, 0x0000000800000000)
  region size 2048K, 2 young (4096K), 2 survivors (4096K)
 Metaspace       used 64870K, committed 66368K, reserved 1114112K
  class space    used 6448K, committed 7104K, reserved 1048576K
}
Event: 30.778 GC heap before
{Heap before GC invocations=45 (full 0):
 garbage-first heap   total 442368K, used 365204K [0x0000000701800000, 0x0000000800000000)
  region size 2048K, 84 young (172032K), 2 survivors (4096K)
 Metaspace       used 67093K, committed 68608K, reserved 1114112K
  class space    used 6692K, committed 7360K, reserved 1048576K
}
Event: 30.803 GC heap after
{Heap after GC invocations=46 (full 0):
 garbage-first heap   total 442368K, used 226960K [0x0000000701800000, 0x0000000800000000)
  region size 2048K, 11 young (22528K), 11 survivors (22528K)
 Metaspace       used 67093K, committed 68608K, reserved 1114112K
  class space    used 6692K, committed 7360K, reserved 1048576K
}
Event: 31.515 GC heap before
{Heap before GC invocations=46 (full 0):
 garbage-first heap   total 442368K, used 347792K [0x0000000701800000, 0x0000000800000000)
  region size 2048K, 71 young (145408K), 11 survivors (22528K)
 Metaspace       used 68053K, committed 69504K, reserved 1114112K
  class space    used 6774K, committed 7424K, reserved 1048576K
}
Event: 31.547 GC heap after
{Heap after GC invocations=47 (full 0):
 garbage-first heap   total 442368K, used 245760K [0x0000000701800000, 0x0000000800000000)
  region size 2048K, 9 young (18432K), 9 survivors (18432K)
 Metaspace       used 68053K, committed 69504K, reserved 1114112K
  class space    used 6774K, committed 7424K, reserved 1048576K
}
Event: 32.184 GC heap before
{Heap before GC invocations=47 (full 0):
 garbage-first heap   total 442368K, used 356352K [0x0000000701800000, 0x0000000800000000)
  region size 2048K, 64 young (131072K), 9 survivors (18432K)
 Metaspace       used 70725K, committed 72192K, reserved 1114112K
  class space    used 7064K, committed 7744K, reserved 1048576K
}
Event: 32.197 GC heap after
{Heap after GC invocations=48 (full 0):
 garbage-first heap   total 442368K, used 257245K [0x0000000701800000, 0x0000000800000000)
  region size 2048K, 7 young (14336K), 7 survivors (14336K)
 Metaspace       used 70725K, committed 72192K, reserved 1114112K
  class space    used 7064K, committed 7744K, reserved 1048576K
}
Event: 32.703 GC heap before
{Heap before GC invocations=48 (full 0):
 garbage-first heap   total 442368K, used 357597K [0x0000000701800000, 0x0000000800000000)
  region size 2048K, 57 young (116736K), 7 survivors (14336K)
 Metaspace       used 71194K, committed 72640K, reserved 1114112K
  class space    used 7099K, committed 7744K, reserved 1048576K
}
Event: 32.720 GC heap after
{Heap after GC invocations=49 (full 0):
 garbage-first heap   total 442368K, used 268953K [0x0000000701800000, 0x0000000800000000)
  region size 2048K, 7 young (14336K), 7 survivors (14336K)
 Metaspace       used 71194K, committed 72640K, reserved 1114112K
  class space    used 7099K, committed 7744K, reserved 1048576K
}
Event: 33.115 GC heap before
{Heap before GC invocations=49 (full 0):
 garbage-first heap   total 442368K, used 361113K [0x0000000701800000, 0x0000000800000000)
  region size 2048K, 53 young (108544K), 7 survivors (14336K)
 Metaspace       used 71333K, committed 72832K, reserved 1114112K
  class space    used 7106K, committed 7744K, reserved 1048576K
}
Event: 33.133 GC heap after
{Heap after GC invocations=50 (full 0):
 garbage-first heap   total 591872K, used 286457K [0x0000000701800000, 0x0000000800000000)
  region size 2048K, 7 young (14336K), 7 survivors (14336K)
 Metaspace       used 71333K, committed 72832K, reserved 1114112K
  class space    used 7106K, committed 7744K, reserved 1048576K
}
Event: 34.295 GC heap before
{Heap before GC invocations=50 (full 0):
 garbage-first heap   total 591872K, used 462585K [0x0000000701800000, 0x0000000800000000)
  region size 2048K, 94 young (192512K), 7 survivors (14336K)
 Metaspace       used 71981K, committed 73472K, reserved 1179648K
  class space    used 7155K, committed 7808K, reserved 1048576K
}
Event: 34.314 GC heap after
{Heap after GC invocations=51 (full 0):
 garbage-first heap   total 591872K, used 323941K [0x0000000701800000, 0x0000000800000000)
  region size 2048K, 12 young (24576K), 12 survivors (24576K)
 Metaspace       used 71981K, committed 73472K, reserved 1179648K
  class space    used 7155K, committed 7808K, reserved 1048576K
}
Event: 36.474 GC heap before
{Heap before GC invocations=51 (full 0):
 garbage-first heap   total 591872K, used 469349K [0x0000000701800000, 0x0000000800000000)
  region size 2048K, 82 young (167936K), 12 survivors (24576K)
 Metaspace       used 72098K, committed 73536K, reserved 1179648K
  class space    used 7158K, committed 7808K, reserved 1048576K
}
Event: 36.510 GC heap after
{Heap after GC invocations=52 (full 0):
 garbage-first heap   total 591872K, used 388202K [0x0000000701800000, 0x0000000800000000)
  region size 2048K, 11 young (22528K), 11 survivors (22528K)
 Metaspace       used 72098K, committed 73536K, reserved 1179648K
  class space    used 7158K, committed 7808K, reserved 1048576K
}
Event: 38.537 GC heap before
{Heap before GC invocations=52 (full 0):
 garbage-first heap   total 591872K, used 463978K [0x0000000701800000, 0x0000000800000000)
  region size 2048K, 49 young (100352K), 11 survivors (22528K)
 Metaspace       used 72881K, committed 74432K, reserved 1179648K
  class space    used 7179K, committed 7872K, reserved 1048576K
}
Event: 38.565 GC heap after
{Heap after GC invocations=53 (full 0):
 garbage-first heap   total 591872K, used 410624K [0x0000000701800000, 0x0000000800000000)
  region size 2048K, 7 young (14336K), 7 survivors (14336K)
 Metaspace       used 72881K, committed 74432K, reserved 1179648K
  class space    used 7179K, committed 7872K, reserved 1048576K
}

Deoptimization events (20 events):
Event: 38.020 Thread 0x00000257f606e930 Uncommon trap: trap_request=0xffffff45 fr.pc=0x00000257cfd83898 relative=0x00000000000000f8
Event: 38.020 Thread 0x00000257f606e930 Uncommon trap: reason=unstable_if action=reinterpret pc=0x00000257cfd83898 method=org.eclipse.jdt.internal.compiler.parser.Scanner.getNextCharAsDigit()Z @ 8 c2
Event: 38.020 Thread 0x00000257f606e930 DEOPT PACKING pc=0x00000257cfd83898 sp=0x00000088091fd5f0
Event: 38.020 Thread 0x00000257f606e930 DEOPT UNPACKING pc=0x00000257c7dd23a3 sp=0x00000088091fd580 mode 2
Event: 38.020 Thread 0x00000257f606e930 Uncommon trap: trap_request=0xffffff45 fr.pc=0x00000257cfd61268 relative=0x00000000000000c8
Event: 38.020 Thread 0x00000257f606e930 Uncommon trap: reason=unstable_if action=reinterpret pc=0x00000257cfd61268 method=org.eclipse.jdt.internal.compiler.parser.Scanner.getNextChar(C)Z @ 8 c2
Event: 38.020 Thread 0x00000257f606e930 DEOPT PACKING pc=0x00000257cfd61268 sp=0x00000088091fd4f0
Event: 38.020 Thread 0x00000257f606e930 DEOPT UNPACKING pc=0x00000257c7dd23a3 sp=0x00000088091fd478 mode 2
Event: 38.401 Thread 0x00000257e8010a90 DEOPT PACKING pc=0x00000257c980ca45 sp=0x0000008805efdf40
Event: 38.401 Thread 0x00000257e8010a90 DEOPT UNPACKING pc=0x00000257c7dd2b43 sp=0x0000008805efd470 mode 0
Event: 38.433 Thread 0x00000257e8010a90 DEOPT PACKING pc=0x00000257c980ca45 sp=0x0000008805efd660
Event: 38.433 Thread 0x00000257e8010a90 DEOPT UNPACKING pc=0x00000257c7dd2b43 sp=0x0000008805efcb90 mode 0
Event: 38.490 Thread 0x00000257e8010a90 DEOPT PACKING pc=0x00000257c8fbeea9 sp=0x0000008805efdfc0
Event: 38.490 Thread 0x00000257e8010a90 DEOPT UNPACKING pc=0x00000257c7dd2b43 sp=0x0000008805efd4d0 mode 0
Event: 38.493 Thread 0x00000257e8010a90 DEOPT PACKING pc=0x00000257c980ca45 sp=0x0000008805efdfa0
Event: 38.493 Thread 0x00000257e8010a90 DEOPT UNPACKING pc=0x00000257c7dd2b43 sp=0x0000008805efd4d0 mode 0
Event: 39.034 Thread 0x00000257e9716c50 Uncommon trap: trap_request=0xffffff45 fr.pc=0x00000257d00ebd8c relative=0x000000000000010c
Event: 39.034 Thread 0x00000257e9716c50 Uncommon trap: reason=unstable_if action=reinterpret pc=0x00000257d00ebd8c method=org.eclipse.jdt.internal.core.index.DiskIndex.writeStreamInt(Ljava/io/FileOutputStream;I)V @ 9 c2
Event: 39.034 Thread 0x00000257e9716c50 DEOPT PACKING pc=0x00000257d00ebd8c sp=0x00000088061ff2d0
Event: 39.034 Thread 0x00000257e9716c50 DEOPT UNPACKING pc=0x00000257c7dd23a3 sp=0x00000088061ff278 mode 2

Classes loaded (20 events):
Event: 33.402 Loading class sun/util/resources/cldr/TimeZoneNames
Event: 33.402 Loading class sun/util/resources/TimeZoneNamesBundle
Event: 33.403 Loading class sun/util/resources/OpenListResourceBundle
Event: 33.403 Loading class sun/util/resources/OpenListResourceBundle done
Event: 33.403 Loading class sun/util/resources/TimeZoneNamesBundle done
Event: 33.403 Loading class sun/util/resources/cldr/TimeZoneNames done
Event: 33.403 Loading class sun/util/resources/cldr/TimeZoneNames_en
Event: 33.406 Loading class sun/util/resources/cldr/TimeZoneNames_en done
Event: 33.406 Loading class sun/util/resources/cldr/TimeZoneNames_en_US
Event: 33.406 Loading class sun/util/resources/cldr/TimeZoneNames_en_US done
Event: 33.408 Loading class sun/util/cldr/CLDRBaseLocaleDataMetaInfo$TZCanonicalIDMapHolder
Event: 33.410 Loading class sun/util/cldr/CLDRBaseLocaleDataMetaInfo$TZCanonicalIDMapHolder done
Event: 33.424 Loading class sun/util/resources/TimeZoneNames
Event: 33.427 Loading class sun/util/resources/TimeZoneNames done
Event: 33.434 Loading class sun/util/resources/TimeZoneNames_en
Event: 33.435 Loading class sun/util/resources/TimeZoneNames_en done
Event: 33.762 Loading class java/util/stream/ReferencePipeline$15
Event: 33.763 Loading class java/util/stream/ReferencePipeline$15 done
Event: 33.763 Loading class java/util/stream/ReferencePipeline$15$1
Event: 33.763 Loading class java/util/stream/ReferencePipeline$15$1 done

Classes unloaded (7 events):
Event: 10.775 Thread 0x00000257e3253480 Unloading class 0x0000000800db4800 'java/lang/invoke/LambdaForm$MH+0x0000000800db4800'
Event: 10.775 Thread 0x00000257e3253480 Unloading class 0x0000000800db4400 'java/lang/invoke/LambdaForm$MH+0x0000000800db4400'
Event: 10.775 Thread 0x00000257e3253480 Unloading class 0x0000000800db4000 'java/lang/invoke/LambdaForm$MH+0x0000000800db4000'
Event: 10.775 Thread 0x00000257e3253480 Unloading class 0x0000000800db3c00 'java/lang/invoke/LambdaForm$MH+0x0000000800db3c00'
Event: 10.775 Thread 0x00000257e3253480 Unloading class 0x0000000800db3800 'java/lang/invoke/LambdaForm$BMH+0x0000000800db3800'
Event: 10.775 Thread 0x00000257e3253480 Unloading class 0x0000000800db3400 'java/lang/invoke/LambdaForm$DMH+0x0000000800db3400'
Event: 10.775 Thread 0x00000257e3253480 Unloading class 0x0000000800db2000 'java/lang/invoke/LambdaForm$DMH+0x0000000800db2000'

Classes redefined (0 events):
No events

Internal exceptions (20 events):
Event: 31.807 Thread 0x00000257ec76ffa0 Exception <a 'sun/nio/fs/WindowsException'{0x000000071a31c728}> (0x000000071a31c728) 
thrown [s\open\src\hotspot\share\prims\jni.cpp, line 516]
Event: 31.815 Thread 0x00000257ec76ffa0 Exception <a 'sun/nio/fs/WindowsException'{0x000000071a339860}> (0x000000071a339860) 
thrown [s\open\src\hotspot\share\prims\jni.cpp, line 516]
Event: 31.815 Thread 0x00000257ec76ffa0 Exception <a 'sun/nio/fs/WindowsException'{0x000000071a33a160}> (0x000000071a33a160) 
thrown [s\open\src\hotspot\share\prims\jni.cpp, line 516]
Event: 31.874 Thread 0x00000257f606e930 Exception <a 'java/lang/NoSuchMethodError'{0x0000000718f03b68}: 'void java.lang.invoke.DirectMethodHandle$Holder.invokeSpecial(java.lang.Object, java.lang.Object, int)'> (0x0000000718f03b68) 
thrown [s\open\src\hotspot\share\interpreter\linkResolver.cpp, line 759]
Event: 31.924 Thread 0x00000257f606e930 Exception <a 'java/lang/NoSuchMethodError'{0x00000007180249b8}: 'java.lang.Object java.lang.invoke.DirectMethodHandle$Holder.invokeSpecial(java.lang.Object, java.lang.Object, long, java.lang.Object, java.lang.Object, java.lang.Object, java.lang.Object, java.lang.Object, java.lang.Object, java.lang.Object, java.lang.Object, java.lang.Object)'> (0x00000007180249b8) 
thrown [s\open\src\hotspot\share\interpreter\linkResolver.cpp, line 759]
Event: 31.924 Thread 0x00000257f606e930 Exception <a 'java/lang/NoSuchMethodError'{0x0000000718053fc8}: 'java.lang.Object java.lang.invoke.DelegatingMethodHandle$Holder.reinvoke_L(java.lang.Object, long, java.lang.Object, java.lang.Object, java.lang.Object, java.lang.Object, java.lang.Object, java.lang.Object, java.lang.Object, java.lang.Object, java.lang.Object)'> (0x0000000718053fc8) 
thrown [s\open\src\hotspot\share\interpreter\linkResolver.cpp, line 759]
Event: 31.926 Thread 0x00000257f606e930 Exception <a 'java/lang/NoSuchMethodError'{0x0000000718175b70}: 'java.lang.Object java.lang.invoke.Invokers$Holder.linkToTargetMethod(java.lang.Object, java.lang.Object, java.lang.Object, java.lang.Object, java.lang.Object, java.lang.Object, java.lang.Object, java.lang.Object, java.lang.Object, java.lang.Object)'> (0x0000000718175b70) 
thrown [s\open\src\hotspot\share\interpreter\linkResolver.cpp, line 759]
Event: 32.001 Thread 0x00000257e9713760 Implicit null exception at 0x00000257cfca43e8 to 0x00000257cfca5694
Event: 32.382 Thread 0x00000257ec76ffa0 Exception <a 'sun/nio/fs/WindowsException'{0x000000071af32ff0}> (0x000000071af32ff0) 
thrown [s\open\src\hotspot\share\prims\jni.cpp, line 516]
Event: 32.382 Thread 0x00000257ec76ffa0 Exception <a 'sun/nio/fs/WindowsException'{0x000000071af33648}> (0x000000071af33648) 
thrown [s\open\src\hotspot\share\prims\jni.cpp, line 516]
Event: 32.383 Thread 0x00000257ec76ffa0 Exception <a 'sun/nio/fs/WindowsException'{0x000000071af341f0}> (0x000000071af341f0) 
thrown [s\open\src\hotspot\share\prims\jni.cpp, line 516]
Event: 32.383 Thread 0x00000257ec76ffa0 Exception <a 'sun/nio/fs/WindowsException'{0x000000071af34848}> (0x000000071af34848) 
thrown [s\open\src\hotspot\share\prims\jni.cpp, line 516]
Event: 32.384 Thread 0x00000257ec76ffa0 Exception <a 'sun/nio/fs/WindowsException'{0x000000071af35e70}> (0x000000071af35e70) 
thrown [s\open\src\hotspot\share\prims\jni.cpp, line 516]
Event: 32.384 Thread 0x00000257ec76ffa0 Exception <a 'sun/nio/fs/WindowsException'{0x000000071af364c8}> (0x000000071af364c8) 
thrown [s\open\src\hotspot\share\prims\jni.cpp, line 516]
Event: 32.390 Thread 0x00000257ec76ffa0 Exception <a 'sun/nio/fs/WindowsException'{0x0000000719e85830}> (0x0000000719e85830) 
thrown [s\open\src\hotspot\share\prims\jni.cpp, line 516]
Event: 32.390 Thread 0x00000257ec76ffa0 Exception <a 'sun/nio/fs/WindowsException'{0x0000000719e86130}> (0x0000000719e86130) 
thrown [s\open\src\hotspot\share\prims\jni.cpp, line 516]
Event: 33.197 Thread 0x00000257e9715440 Exception <a 'java/lang/IncompatibleClassChangeError'{0x0000000725311990}: Found class java.lang.Object, but interface was expected> (0x0000000725311990) 
thrown [s\open\src\hotspot\share\interpreter\linkResolver.cpp, line 826]
Event: 33.197 Thread 0x00000257e9715440 Exception <a 'java/lang/IncompatibleClassChangeError'{0x0000000725315610}: Found class java.lang.Object, but interface was expected> (0x0000000725315610) 
thrown [s\open\src\hotspot\share\interpreter\linkResolver.cpp, line 826]
Event: 33.355 Thread 0x00000257e9715440 Exception <a 'java/lang/IncompatibleClassChangeError'{0x0000000724540e58}: Found class java.lang.Object, but interface was expected> (0x0000000724540e58) 
thrown [s\open\src\hotspot\share\interpreter\linkResolver.cpp, line 826]
Event: 34.415 Thread 0x00000257f606e930 Exception <a 'java/lang/ArrayIndexOutOfBoundsException'{0x0000000721b250c0}: Index 5616 out of bounds for length 5615> (0x0000000721b250c0) 
thrown [s\open\src\hotspot\share\interpreter\interpreterRuntime.cpp, line 431]

VM Operations (20 events):
Event: 34.316 Executing VM operation: G1CollectForAllocation done
Event: 35.023 Executing VM operation: HandshakeAllThreads
Event: 35.024 Executing VM operation: HandshakeAllThreads done
Event: 36.027 Executing VM operation: Cleanup
Event: 36.028 Executing VM operation: Cleanup done
Event: 36.456 Executing VM operation: G1CollectForAllocation
Event: 36.511 Executing VM operation: G1CollectForAllocation done
Event: 37.363 Executing VM operation: HandshakeAllThreads
Event: 37.363 Executing VM operation: HandshakeAllThreads done
Event: 37.475 Executing VM operation: ICBufferFull
Event: 37.478 Executing VM operation: ICBufferFull done
Event: 37.965 Executing VM operation: ICBufferFull
Event: 37.990 Executing VM operation: ICBufferFull done
Event: 38.439 Executing VM operation: ICBufferFull
Event: 38.471 Executing VM operation: ICBufferFull done
Event: 38.533 Executing VM operation: G1CollectForAllocation
Event: 38.607 Executing VM operation: G1CollectForAllocation done
Event: 38.790 Executing VM operation: ICBufferFull
Event: 39.042 Executing VM operation: ICBufferFull done
Event: 39.100 Executing VM operation: G1Concurrent

Events (20 events):
Event: 35.028 Thread 0x00000257e7c32660 flushing nmethod 0x00000257cfe69190
Event: 35.028 Thread 0x00000257e7c32660 flushing nmethod 0x00000257cfefe610
Event: 35.033 Thread 0x00000257e7c32660 flushing nmethod 0x00000257c8767b10
Event: 35.034 Thread 0x00000257e7c32660 flushing nmethod 0x00000257c88e0290
Event: 35.041 Thread 0x00000257e7c32660 flushing nmethod 0x00000257c8fea390
Event: 35.051 Thread 0x00000257e7c32660 flushing nmethod 0x00000257c9ad0010
Event: 35.051 Thread 0x00000257e7c32660 flushing nmethod 0x00000257c9b0bb90
Event: 35.329 Thread 0x00000257ecf49120 Thread exited: 0x00000257ecf49120
Event: 35.339 Thread 0x00000257e8c75850 Thread exited: 0x00000257e8c75850
Event: 35.431 Thread 0x00000257ecf49120 Thread added: 0x00000257ecf49120
Event: 35.431 Thread 0x00000257ebca2ff0 Thread added: 0x00000257ebca2ff0
Event: 35.854 Thread 0x00000257ecf49120 Thread exited: 0x00000257ecf49120
Event: 35.854 Thread 0x00000257ebca2ff0 Thread exited: 0x00000257ebca2ff0
Event: 35.857 Thread 0x00000257f606af70 Thread exited: 0x00000257f606af70
Event: 36.193 Thread 0x00000257ebca2ff0 Thread added: 0x00000257ebca2ff0
Event: 36.378 Thread 0x00000257ebca2ff0 Thread exited: 0x00000257ebca2ff0
Event: 36.525 Thread 0x00000257ebca2ff0 Thread added: 0x00000257ebca2ff0
Event: 37.174 Thread 0x00000257ebca2ff0 Thread exited: 0x00000257ebca2ff0
Event: 37.337 Thread 0x00000257ebca2ff0 Thread added: 0x00000257ebca2ff0
Event: 38.273 Thread 0x00000257e8592c70 Thread added: 0x00000257e8592c70


Dynamic libraries:
0x00007ff6e3190000 - 0x00007ff6e31a0000 	C:\Program Files\Java\jdk-18.0.2.1\bin\java.exe
0x00007ffc06f00000 - 0x00007ffc07109000 	C:\WINDOWS\SYSTEM32\ntdll.dll
0x00007ffc05d90000 - 0x00007ffc05e4d000 	C:\WINDOWS\System32\KERNEL32.DLL
0x00007ffc046c0000 - 0x00007ffc04a44000 	C:\WINDOWS\System32\KERNELBASE.dll
0x00007ffc04ad0000 - 0x00007ffc04be1000 	C:\WINDOWS\System32\ucrtbase.dll
0x00007ffbe1710000 - 0x00007ffbe1728000 	C:\Program Files\Java\jdk-18.0.2.1\bin\jli.dll
0x00007ffbdff60000 - 0x00007ffbdff7a000 	C:\Program Files\Java\jdk-18.0.2.1\bin\VCRUNTIME140.dll
0x00007ffc05ae0000 - 0x00007ffc05b8e000 	C:\WINDOWS\System32\ADVAPI32.dll
0x00007ffc05120000 - 0x00007ffc051c3000 	C:\WINDOWS\System32\msvcrt.dll
0x00007ffc05f50000 - 0x00007ffc05fee000 	C:\WINDOWS\System32\sechost.dll
0x00007ffc06010000 - 0x00007ffc06131000 	C:\WINDOWS\System32\RPCRT4.dll
0x00007ffc05b90000 - 0x00007ffc05d3d000 	C:\WINDOWS\System32\USER32.dll
0x00007ffbf5f70000 - 0x00007ffbf6215000 	C:\WINDOWS\WinSxS\amd64_microsoft.windows.common-controls_6595b64144ccf1df_6.0.22000.120_none_9d947278b86cc467\COMCTL32.dll
0x00007ffc04d20000 - 0x00007ffc04d46000 	C:\WINDOWS\System32\win32u.dll
0x00007ffc05d40000 - 0x00007ffc05d6a000 	C:\WINDOWS\System32\GDI32.dll
0x00007ffc045a0000 - 0x00007ffc046be000 	C:\WINDOWS\System32\gdi32full.dll
0x00007ffc03d40000 - 0x00007ffc03d4a000 	C:\WINDOWS\SYSTEM32\VERSION.dll
0x00007ffc04500000 - 0x00007ffc0459d000 	C:\WINDOWS\System32\msvcp_win.dll
0x00007ffc06e80000 - 0x00007ffc06eb1000 	C:\WINDOWS\System32\IMM32.DLL
0x00007ffc069f0000 - 0x00007ffc06b8a000 	C:\WINDOWS\System32\ole32.dll
0x00007ffc05760000 - 0x00007ffc05ad6000 	C:\WINDOWS\System32\combase.dll
0x00007ffc03d30000 - 0x00007ffc03d3b000 	C:\WINDOWS\system32\fltlib.dll
0x00007ffbe95a0000 - 0x00007ffbe95ac000 	C:\Program Files\Java\jdk-18.0.2.1\bin\vcruntime140_1.dll
0x00007ffbbe000000 - 0x00007ffbbe08d000 	C:\Program Files\Java\jdk-18.0.2.1\bin\msvcp140.dll
0x00007ffbbd3e0000 - 0x00007ffbbdff1000 	C:\Program Files\Java\jdk-18.0.2.1\bin\server\jvm.dll
0x00007ffc05f40000 - 0x00007ffc05f48000 	C:\WINDOWS\System32\PSAPI.DLL
0x00007ffbfb9f0000 - 0x00007ffbfba23000 	C:\WINDOWS\SYSTEM32\WINMM.dll
0x00007ffbe78f0000 - 0x00007ffbe78f9000 	C:\WINDOWS\SYSTEM32\WSOCK32.dll
0x00007ffc05020000 - 0x00007ffc0508f000 	C:\WINDOWS\System32\WS2_32.dll
0x00007ffc03240000 - 0x00007ffc03258000 	C:\WINDOWS\SYSTEM32\kernel.appcore.dll
0x00007ffbe1580000 - 0x00007ffbe158a000 	C:\Program Files\Java\jdk-18.0.2.1\bin\jimage.dll
0x00007ffc01f40000 - 0x00007ffc02161000 	C:\WINDOWS\SYSTEM32\DBGHELP.DLL
0x00007ffbe8c40000 - 0x00007ffbe8c71000 	C:\WINDOWS\SYSTEM32\dbgcore.DLL
0x00007ffc04a50000 - 0x00007ffc04acf000 	C:\WINDOWS\System32\bcryptPrimitives.dll
0x00007ffbe09e0000 - 0x00007ffbe09ee000 	C:\Program Files\Java\jdk-18.0.2.1\bin\instrument.dll
0x00007ffbd9100000 - 0x00007ffbd9125000 	C:\Program Files\Java\jdk-18.0.2.1\bin\java.dll
0x00007ffbbd300000 - 0x00007ffbbd3d6000 	C:\Program Files\Java\jdk-18.0.2.1\bin\jsvml.dll
0x00007ffc061c0000 - 0x00007ffc06985000 	C:\WINDOWS\System32\SHELL32.dll
0x00007ffc02300000 - 0x00007ffc02b62000 	C:\WINDOWS\SYSTEM32\windows.storage.dll
0x00007ffc02190000 - 0x00007ffc022f7000 	C:\WINDOWS\SYSTEM32\wintypes.dll
0x00007ffc04e40000 - 0x00007ffc04f2a000 	C:\WINDOWS\System32\SHCORE.dll
0x00007ffc06990000 - 0x00007ffc069ed000 	C:\WINDOWS\System32\shlwapi.dll
0x00007ffc042c0000 - 0x00007ffc042e5000 	C:\WINDOWS\SYSTEM32\profapi.dll
0x00007ffbd9060000 - 0x00007ffbd9078000 	C:\Program Files\Java\jdk-18.0.2.1\bin\zip.dll
0x00007ffbd9040000 - 0x00007ffbd9053000 	C:\Program Files\Java\jdk-18.0.2.1\bin\net.dll
0x00007ffbfeeb0000 - 0x00007ffbfefc4000 	C:\WINDOWS\SYSTEM32\WINHTTP.dll
0x00007ffc03740000 - 0x00007ffc037a7000 	C:\WINDOWS\system32\mswsock.dll
0x00007ffbd8270000 - 0x00007ffbd8286000 	C:\Program Files\Java\jdk-18.0.2.1\bin\nio.dll
0x00007ffbd9900000 - 0x00007ffbd9910000 	C:\Program Files\Java\jdk-18.0.2.1\bin\verify.dll
0x00007ffbdee20000 - 0x00007ffbdee65000 	C:\Users\hyper\AppData\Roaming\Code\User\globalStorage\redhat.java\1.38.0\config_win\org.eclipse.equinox.launcher\org.eclipse.equinox.launcher.win32.win32.x86_64_1.2.1100.v20240722-2106\eclipse_11904.dll
0x00007ffc03e60000 - 0x00007ffc03e78000 	C:\WINDOWS\SYSTEM32\CRYPTSP.dll
0x00007ffc03200000 - 0x00007ffc03235000 	C:\WINDOWS\system32\rsaenh.dll
0x00007ffc037e0000 - 0x00007ffc0380c000 	C:\WINDOWS\SYSTEM32\USERENV.dll
0x00007ffc03ea0000 - 0x00007ffc03ec7000 	C:\WINDOWS\SYSTEM32\bcrypt.dll
0x00007ffc03930000 - 0x00007ffc0393c000 	C:\WINDOWS\SYSTEM32\CRYPTBASE.dll
0x00007ffc02dc0000 - 0x00007ffc02ded000 	C:\WINDOWS\SYSTEM32\IPHLPAPI.DLL
0x00007ffc05010000 - 0x00007ffc05019000 	C:\WINDOWS\System32\NSI.dll
0x00007ffbfebf0000 - 0x00007ffbfec09000 	C:\WINDOWS\SYSTEM32\dhcpcsvc6.DLL
0x00007ffbff3f0000 - 0x00007ffbff40e000 	C:\WINDOWS\SYSTEM32\dhcpcsvc.DLL
0x00007ffc02e30000 - 0x00007ffc02f17000 	C:\WINDOWS\SYSTEM32\DNSAPI.dll
0x00007ffbda090000 - 0x00007ffbda0d9000 	C:\Users\hyper\AppData\Local\Temp\jna-99761772\jna16932177965379795235.dll
0x00007ffc032c0000 - 0x00007ffc032f4000 	C:\WINDOWS\SYSTEM32\ntmarta.dll

dbghelp: loaded successfully - version: 4.0.5 - missing functions: none
symbol engine: initialized successfully - sym options: 0x614 - pdb path: .;C:\Program Files\Java\jdk-18.0.2.1\bin;C:\WINDOWS\SYSTEM32;C:\WINDOWS\WinSxS\amd64_microsoft.windows.common-controls_6595b64144ccf1df_6.0.22000.120_none_9d947278b86cc467;C:\Program Files\Java\jdk-18.0.2.1\bin\server;C:\Users\hyper\AppData\Roaming\Code\User\globalStorage\redhat.java\1.38.0\config_win\org.eclipse.equinox.launcher\org.eclipse.equinox.launcher.win32.win32.x86_64_1.2.1100.v20240722-2106;C:\Users\hyper\AppData\Local\Temp\jna-99761772

VM Arguments:
jvm_args: --add-modules=ALL-SYSTEM --add-opens=java.base/java.util=ALL-UNNAMED --add-opens=java.base/java.lang=ALL-UNNAMED --add-opens=java.base/sun.nio.fs=ALL-UNNAMED -Declipse.application=org.eclipse.jdt.ls.core.id1 -Dosgi.bundles.defaultStartLevel=4 -Declipse.product=org.eclipse.jdt.ls.core.product -Djava.import.generatesMetadataFilesAtProjectRoot=false -DDetectVMInstallationsJob.disabled=true -Dfile.encoding=utf8 -Xlog:disable -javaagent:c:\Users\hyper\.vscode\extensions\redhat.java-1.38.0-win32-x64\lombok\lombok-1.18.34.jar -XX:+HeapDumpOnOutOfMemoryError -XX:HeapDumpPath=c:\Users\hyper\AppData\Roaming\Code\User\workspaceStorage\55103842018b78ebd48e089c0df41d06\redhat.java -Daether.dependencyCollector.impl=bf 
java_command: c:\Users\hyper\.vscode\extensions\redhat.java-1.38.0-win32-x64\server\plugins\org.eclipse.equinox.launcher_1.6.900.v20240613-2009.jar -configuration c:\Users\hyper\AppData\Roaming\Code\User\globalStorage\redhat.java\1.38.0\config_win -data c:\Users\hyper\AppData\Roaming\Code\User\workspaceStorage\55103842018b78ebd48e089c0df41d06\redhat.java\jdt_ws --pipe=\\.\pipe\lsp-3d25ab74064737f7cb218ab749a49069-sock
java_class_path (initial): c:\Users\hyper\.vscode\extensions\redhat.java-1.38.0-win32-x64\server\plugins\org.eclipse.equinox.launcher_1.6.900.v20240613-2009.jar
Launcher Type: SUN_STANDARD

[Global flags]
     intx CICompilerCount                          = 4                                         {product} {ergonomic}
     uint ConcGCThreads                            = 2                                         {product} {ergonomic}
     uint G1ConcRefinementThreads                  = 8                                         {product} {ergonomic}
   size_t G1HeapRegionSize                         = 2097152                                   {product} {ergonomic}
    uintx GCDrainStackTargetSize                   = 64                                        {product} {ergonomic}
     bool HeapDumpOnOutOfMemoryError               = true                                   {manageable} {command line}
    ccstr HeapDumpPath                             = c:\Users\hyper\AppData\Roaming\Code\User\workspaceStorage\55103842018b78ebd48e089c0df41d06\redhat.java         {manageable} {command line}
   size_t InitialHeapSize                          = 268435456                                 {product} {ergonomic}
   size_t MarkStackSize                            = 4194304                                   {product} {ergonomic}
   size_t MaxHeapSize                              = 4269801472                                {product} {ergonomic}
   size_t MaxNewSize                               = 2560622592                                {product} {ergonomic}
   size_t MinHeapDeltaBytes                        = 2097152                                   {product} {ergonomic}
   size_t MinHeapSize                              = 8388608                                   {product} {ergonomic}
    uintx NonNMethodCodeHeapSize                   = 5839372                                {pd product} {ergonomic}
    uintx NonProfiledCodeHeapSize                  = 122909434                              {pd product} {ergonomic}
    uintx ProfiledCodeHeapSize                     = 122909434                              {pd product} {ergonomic}
    uintx ReservedCodeCacheSize                    = 251658240                              {pd product} {ergonomic}
     bool SegmentedCodeCache                       = true                                      {product} {ergonomic}
   size_t SoftMaxHeapSize                          = 4269801472                             {manageable} {ergonomic}
     bool UseCompressedClassPointers               = true                           {product lp64_product} {ergonomic}
     bool UseCompressedOops                        = true                           {product lp64_product} {ergonomic}
     bool UseG1GC                                  = true                                      {product} {ergonomic}
     bool UseLargePagesIndividualAllocation        = false                                  {pd product} {ergonomic}

Logging:
Log output configuration:
 #0: stdout all=off uptime,level,tags foldmultilines=false
 #1: stderr all=off uptime,level,tags foldmultilines=false

Environment Variables:
JAVA_HOME=C:\Program Files\Java\jdk-18.0.2.1
PATH=C:\Program Files\Common Files\Oracle\Java\javapath;C:\WINDOWS\system32;C:\WINDOWS;C:\WINDOWS\System32\Wbem;C:\WINDOWS\System32\WindowsPowerShell\v1.0\;C:\WINDOWS\System32\OpenSSH\;C:\Program Files (x86)\NVIDIA Corporation\PhysX\Common;C:\Program Files\NVIDIA Corporation\NVIDIA NvDLISR;J:\.important\Documents\apache-maven-3.8.6\bin;C:\Program Files\Microsoft SQL Server\Client SDK\ODBC\170\Tools\Binn\;C:\Program Files (x86)\Microsoft SQL Server\150\Tools\Binn\;C:\Program Files\Microsoft SQL Server\150\Tools\Binn\;C:\Program Files\Microsoft SQL Server\150\DTS\Binn\;C:\Program Files (x86)\Microsoft SQL Server\160\DTS\Binn\;C:\Users\hyper\Downloads\curl-8.10.1_2-win64-mingw\curl-8.10.1_2-win64-mingw\bin;C:\C:\Program Files\Java\jdk-18.0.2.1\bin;C:\Program Files\OpenSSL-Win64\bin;C:\Program Files\dotnet\;C:\Program Files\Git\cmd;H:\;C:\Program Files (x86)\Microsoft SQL Server\160\Tools\Binn\;C:\Program Files\Microsoft SQL Server\160\Tools\Binn\;C:\Program Files\Microsoft SQL Server\160\DTS\Binn\;J:\Docker\resources\bin;C:\Users\hyper\AppData\Local\Microsoft\WindowsApps;C:\Users\hyper\AppData\Local\Programs\Microsoft VS Code\bin;C:\Program Files\Java\jdk-18.0.2.1\bin;C:\Users\hyper\AppData\Roaming\npm
USERNAME=hyper
OS=Windows_NT
PROCESSOR_IDENTIFIER=Intel64 Family 6 Model 60 Stepping 3, GenuineIntel



---------------  S Y S T E M  ---------------

OS:
 Windows 11 , 64 bit Build 22000 (10.0.22000.2538)
OS uptime: 1 days 9:36 hours
Hyper-V role detected

CPU: total 8 (initial active 8) (4 cores per cpu, 2 threads per core) family 6 model 60 stepping 3 microcode 0x28, cx8, cmov, fxsr, ht, mmx, sse, sse2, sse3, ssse3, sse4.1, sse4.2, popcnt, lzcnt, tsc, tscinvbit, avx, avx2, aes, erms, clmul, bmi1, bmi2, fma, vzeroupper, clflush, hv

Memory: 4k page, system-wide physical 16283M (662M free)
TotalPageFile size 36283M (AvailPageFile size 149M)
current process WorkingSet (physical memory assigned to process): 953M, peak: 960M
current process commit charge ("private bytes"): 891M, peak: 1022M

vm_info: Java HotSpot(TM) 64-Bit Server VM (18.0.2.1+1-1) for windows-amd64 JRE (18.0.2.1+1-1), built on Aug 16 2022 01:46:33 by "mach5one" with MS VC++ 16.8 / 16.9 (VS2019)

END.
