#
# There is insufficient memory for the Java Runtime Environment to continue.
# Native memory allocation (malloc) failed to allocate 32744 bytes for Chunk::new
# Possible reasons:
#   The system is out of physical RAM or swap space
#   The process is running with CompressedOops enabled, and the Java Heap may be blocking the growth of the native heap
# Possible solutions:
#   Reduce memory load on the system
#   Increase physical memory or swap space
#   Check if swap backing store is full
#   Decrease Java heap size (-Xmx/-Xms)
#   Decrease number of Java threads
#   Decrease Java thread stack sizes (-Xss)
#   Set larger code cache with -XX:ReservedCodeCacheSize=
#   JVM is running with Zero Based Compressed Oops mode in which the Java heap is
#     placed in the first 32GB address space. The Java Heap base address is the
#     maximum limit for the native heap growth. Please use -XX:HeapBaseMinAddress
#     to set the Java Heap base and to place the Java Heap above 32GB virtual address.
# This output file may be truncated or incomplete.
#
#  Out of Memory Error (arena.cpp:184), pid=112220, tid=117996
#
# JRE version: Java(TM) SE Runtime Environment (18.0.2.1+1) (build 18.0.2.1+1-1)
# Java VM: Java HotSpot(TM) 64-Bit Server VM (18.0.2.1+1-1, mixed mode, sharing, tiered, compressed oops, compressed class ptrs, g1 gc, windows-amd64)
# No core dump will be written. Minidumps are not enabled by default on client versions of Windows
#

---------------  S U M M A R Y ------------

Command Line: --add-modules=ALL-SYSTEM --add-opens=java.base/java.util=ALL-UNNAMED --add-opens=java.base/java.lang=ALL-UNNAMED --add-opens=java.base/sun.nio.fs=ALL-UNNAMED -Declipse.application=org.eclipse.jdt.ls.core.id1 -Dosgi.bundles.defaultStartLevel=4 -Declipse.product=org.eclipse.jdt.ls.core.product -Djava.import.generatesMetadataFilesAtProjectRoot=false -DDetectVMInstallationsJob.disabled=true -Dfile.encoding=utf8 -Xlog:disable -javaagent:c:\Users\hyper\.vscode\extensions\redhat.java-1.38.0-win32-x64\lombok\lombok-1.18.34.jar -XX:+HeapDumpOnOutOfMemoryError -XX:HeapDumpPath=c:\Users\hyper\AppData\Roaming\Code\User\workspaceStorage\55103842018b78ebd48e089c0df41d06\redhat.java -Daether.dependencyCollector.impl=bf c:\Users\hyper\.vscode\extensions\redhat.java-1.38.0-win32-x64\server\plugins\org.eclipse.equinox.launcher_1.6.900.v20240613-2009.jar -configuration c:\Users\hyper\AppData\Roaming\Code\User\globalStorage\redhat.java\1.38.0\config_win -data c:\Users\hyper\AppData\Roaming\Code\User\workspaceStorage\55103842018b78ebd48e089c0df41d06\redhat.java\jdt_ws --pipe=\\.\pipe\lsp-88e7c3b9e16f16e8e93ca91520d70cea-sock

Host: Intel(R) Core(TM) i7-4770K CPU @ 3.50GHz, 8 cores, 15G,  Windows 11 , 64 bit Build 22000 (10.0.22000.2538)
Time: Tue Mar 11 03:42:17 2025 Volgograd Standard Time elapsed time: 86.659078 seconds (0d 0h 1m 26s)

---------------  T H R E A D  ---------------

Current thread (0x0000020aa1700790):  JavaThread "C2 CompilerThread1" daemon [_thread_in_native, id=117996, stack(0x000000e0adb00000,0x000000e0adc00000)]


Current CompileTask:
C2:  86659 15791  s!   4       org.eclipse.jdt.internal.core.index.DiskIndex::readCategoryTable (743 bytes)

Stack: [0x000000e0adb00000,0x000000e0adc00000]
Native frames: (J=compiled Java code, j=interpreted, Vv=VM code, C=native code)
V  [jvm.dll+0x6993aa]
V  [jvm.dll+0x7f46dd]
V  [jvm.dll+0x7f5fee]
V  [jvm.dll+0x7f66a3]
V  [jvm.dll+0x25cf1f]
V  [jvm.dll+0xb8c2f]
V  [jvm.dll+0xb8fa5]
V  [jvm.dll+0x36868e]
V  [jvm.dll+0x1bdc3d]
V  [jvm.dll+0x2c7038]
V  [jvm.dll+0x6b1688]
V  [jvm.dll+0x6a976b]
V  [jvm.dll+0x6a8da5]
V  [jvm.dll+0x6a6c5b]
V  [jvm.dll+0x1bd20c]
V  [jvm.dll+0x22f098]
V  [jvm.dll+0x1ba01c]
V  [jvm.dll+0x23ee0a]
V  [jvm.dll+0x23d0f5]
V  [jvm.dll+0x7a6dd1]
V  [jvm.dll+0x7a120a]
V  [jvm.dll+0x698255]
C  [ucrtbase.dll+0x26c0c]
C  [KERNEL32.DLL+0x153e0]
C  [ntdll.dll+0x485b]


---------------  P R O C E S S  ---------------

Threads class SMR info:
_java_thread_list=0x0000020aa5fb7290, length=70, elements={
0x0000020af923e9d0, 0x0000020aff88f200, 0x0000020aff890880, 0x0000020aff8a7240,
0x0000020aff8a8c60, 0x0000020aff8a9510, 0x0000020aff8a9eb0, 0x0000020aff8abaa0,
0x0000020aff8ebeb0, 0x0000020aa0c2d3b0, 0x0000020aa0cbf6e0, 0x0000020aa0e896b0,
0x0000020aa11f54f0, 0x0000020aa1431d60, 0x0000020aa17fe450, 0x0000020aa1147a60,
0x0000020aa1c81c80, 0x0000020aa1db5920, 0x0000020aa1ac2f40, 0x0000020aa1ac38e0,
0x0000020aa1ac3db0, 0x0000020aa1ac3410, 0x0000020aa1ac4c20, 0x0000020aa1ac1260,
0x0000020aa1ac1730, 0x0000020aa1ac1c00, 0x0000020aa1ac20d0, 0x0000020aa1fd2240,
0x0000020aa1fd2710, 0x0000020aa1fd2be0, 0x0000020aa1fd0a30, 0x0000020aa1fd0090,
0x0000020aa1fd3580, 0x0000020aa1fd13d0, 0x0000020aa1fd30b0, 0x0000020aa1fd1d70,
0x0000020aa1fd3a50, 0x0000020aa1fd0560, 0x0000020aa1fd0f00, 0x0000020aa3a54530,
0x0000020aa3a54ed0, 0x0000020aa3a55d40, 0x0000020aa3a56bb0, 0x0000020aa3a57a20,
0x0000020aa3a57550, 0x0000020aa3a54a00, 0x0000020aa3a553a0, 0x0000020aa3a56210,
0x0000020aa3a57080, 0x0000020aa3a566e0, 0x0000020aa5efa940, 0x0000020aa5efae10,
0x0000020aa5effb10, 0x0000020aa5f004b0, 0x0000020aa5efe7d0, 0x0000020aa5efd960,
0x0000020aa5efffe0, 0x0000020aa5efcaf0, 0x0000020aa5f01cc0, 0x0000020aa5efb7b0,
0x0000020aa1ac4280, 0x0000020aa3a55870, 0x0000020aa5d6d640, 0x0000020aa5d67600,
0x0000020aa5d67fa0, 0x0000020aa5d6d170, 0x0000020aa5d67ad0, 0x0000020aa5d68940,
0x0000020aa5d6c300, 0x0000020aa1700790
}

Java Threads: ( => current thread )
  0x0000020af923e9d0 JavaThread "main" [_thread_blocked, id=125648, stack(0x000000e0add00000,0x000000e0ade00000)]
  0x0000020aff88f200 JavaThread "Reference Handler" daemon [_thread_blocked, id=126228, stack(0x000000e0ae400000,0x000000e0ae500000)]
  0x0000020aff890880 JavaThread "Finalizer" daemon [_thread_blocked, id=9884, stack(0x000000e0ae500000,0x000000e0ae600000)]
  0x0000020aff8a7240 JavaThread "Signal Dispatcher" daemon [_thread_blocked, id=101172, stack(0x000000e0ae600000,0x000000e0ae700000)]
  0x0000020aff8a8c60 JavaThread "Attach Listener" daemon [_thread_blocked, id=126428, stack(0x000000e0ae700000,0x000000e0ae800000)]
  0x0000020aff8a9510 JavaThread "Service Thread" daemon [_thread_blocked, id=108952, stack(0x000000e0ae800000,0x000000e0ae900000)]
  0x0000020aff8a9eb0 JavaThread "Monitor Deflation Thread" daemon [_thread_blocked, id=111584, stack(0x000000e0ae900000,0x000000e0aea00000)]
  0x0000020aff8abaa0 JavaThread "C2 CompilerThread0" daemon [_thread_in_native, id=136692, stack(0x000000e0aea00000,0x000000e0aeb00000)]
  0x0000020aff8ebeb0 JavaThread "C1 CompilerThread0" daemon [_thread_blocked, id=137856, stack(0x000000e0aeb00000,0x000000e0aec00000)]
  0x0000020aa0c2d3b0 JavaThread "Sweeper thread" daemon [_thread_blocked, id=15140, stack(0x000000e0aec00000,0x000000e0aed00000)]
  0x0000020aa0cbf6e0 JavaThread "Common-Cleaner" daemon [_thread_blocked, id=107288, stack(0x000000e0aed00000,0x000000e0aee00000)]
  0x0000020aa0e896b0 JavaThread "Notification Thread" daemon [_thread_blocked, id=118344, stack(0x000000e0aee00000,0x000000e0aef00000)]
  0x0000020aa11f54f0 JavaThread "Active Thread: Equinox Container: 24a38c4b-30b8-41af-b1ad-e6dd21706852" [_thread_blocked, id=134856, stack(0x000000e0af100000,0x000000e0af200000)]
  0x0000020aa1431d60 JavaThread "Refresh Thread: Equinox Container: 24a38c4b-30b8-41af-b1ad-e6dd21706852" daemon [_thread_blocked, id=119632, stack(0x000000e0af800000,0x000000e0af900000)]
  0x0000020aa17fe450 JavaThread "Framework Event Dispatcher: Equinox Container: 24a38c4b-30b8-41af-b1ad-e6dd21706852" daemon [_thread_blocked, id=22384, stack(0x000000e0af900000,0x000000e0afa00000)]
  0x0000020aa1147a60 JavaThread "Start Level: Equinox Container: 24a38c4b-30b8-41af-b1ad-e6dd21706852" daemon [_thread_blocked, id=125336, stack(0x000000e0afa00000,0x000000e0afb00000)]
  0x0000020aa1c81c80 JavaThread "Bundle File Closer" daemon [_thread_blocked, id=114588, stack(0x000000e0afc00000,0x000000e0afd00000)]
  0x0000020aa1db5920 JavaThread "SCR Component Actor" daemon [_thread_blocked, id=117372, stack(0x000000e0afd00000,0x000000e0afe00000)]
  0x0000020aa1ac2f40 JavaThread "Worker-JM" [_thread_blocked, id=102184, stack(0x000000e0aff00000,0x000000e0b0000000)]
  0x0000020aa1ac38e0 JavaThread "JNA Cleaner" daemon [_thread_blocked, id=11232, stack(0x000000e0afe00000,0x000000e0aff00000)]
  0x0000020aa1ac3db0 JavaThread "Worker-0" [_thread_blocked, id=132368, stack(0x000000e0b0000000,0x000000e0b0100000)]
  0x0000020aa1ac3410 JavaThread "Worker-1" [_thread_blocked, id=130252, stack(0x000000e0b0100000,0x000000e0b0200000)]
  0x0000020aa1ac4c20 JavaThread "Java indexing" daemon [_thread_blocked, id=129736, stack(0x000000e0b0500000,0x000000e0b0600000)]
  0x0000020aa1ac1260 JavaThread "Worker-2" [_thread_blocked, id=118392, stack(0x000000e0b0600000,0x000000e0b0700000)]
  0x0000020aa1ac1730 JavaThread "Thread-2" daemon [_thread_in_native, id=133632, stack(0x000000e0b0900000,0x000000e0b0a00000)]
  0x0000020aa1ac1c00 JavaThread "Thread-3" daemon [_thread_in_native, id=131456, stack(0x000000e0b0a00000,0x000000e0b0b00000)]
  0x0000020aa1ac20d0 JavaThread "Thread-4" daemon [_thread_in_native, id=131540, stack(0x000000e0b0b00000,0x000000e0b0c00000)]
  0x0000020aa1fd2240 JavaThread "Thread-5" daemon [_thread_in_native, id=111596, stack(0x000000e0b0c00000,0x000000e0b0d00000)]
  0x0000020aa1fd2710 JavaThread "Thread-6" daemon [_thread_in_native, id=127352, stack(0x000000e0b0d00000,0x000000e0b0e00000)]
  0x0000020aa1fd2be0 JavaThread "Thread-7" daemon [_thread_in_native, id=122868, stack(0x000000e0b0e00000,0x000000e0b0f00000)]
  0x0000020aa1fd0a30 JavaThread "Thread-8" daemon [_thread_in_native, id=104324, stack(0x000000e0b0f00000,0x000000e0b1000000)]
  0x0000020aa1fd0090 JavaThread "Thread-9" daemon [_thread_in_native, id=136936, stack(0x000000e0b1000000,0x000000e0b1100000)]
  0x0000020aa1fd3580 JavaThread "Thread-10" daemon [_thread_in_native, id=106676, stack(0x000000e0b1100000,0x000000e0b1200000)]
  0x0000020aa1fd13d0 JavaThread "Worker-3" [_thread_blocked, id=127720, stack(0x000000e0b1200000,0x000000e0b1300000)]
  0x0000020aa1fd30b0 JavaThread "pool-2-thread-1" [_thread_blocked, id=117696, stack(0x000000e0b1300000,0x000000e0b1400000)]
  0x0000020aa1fd1d70 JavaThread "WorkspaceEventsHandler" [_thread_blocked, id=121548, stack(0x000000e0b0400000,0x000000e0b0500000)]
  0x0000020aa1fd3a50 JavaThread "pool-1-thread-1" [_thread_blocked, id=126156, stack(0x000000e0b1400000,0x000000e0b1500000)]
  0x0000020aa1fd0560 JavaThread "Worker-4" [_thread_blocked, id=114128, stack(0x000000e0b1500000,0x000000e0b1600000)]
  0x0000020aa1fd0f00 JavaThread "Worker-5" [_thread_blocked, id=110436, stack(0x000000e0b1600000,0x000000e0b1700000)]
  0x0000020aa3a54530 JavaThread "LocalFile Deleter" daemon [_thread_blocked, id=134528, stack(0x000000e0b1800000,0x000000e0b1900000)]
  0x0000020aa3a54ed0 JavaThread "LocalFile Deleter" daemon [_thread_blocked, id=126968, stack(0x000000e0b1900000,0x000000e0b1a00000)]
  0x0000020aa3a55d40 JavaThread "LocalFile Deleter" daemon [_thread_blocked, id=128356, stack(0x000000e0b1b00000,0x000000e0b1c00000)]
  0x0000020aa3a56bb0 JavaThread "LocalFile Deleter" daemon [_thread_blocked, id=115672, stack(0x000000e0b1c00000,0x000000e0b1d00000)]
  0x0000020aa3a57a20 JavaThread "LocalFile Deleter" daemon [_thread_blocked, id=133856, stack(0x000000e0b1d00000,0x000000e0b1e00000)]
  0x0000020aa3a57550 JavaThread "LocalFile Deleter" daemon [_thread_blocked, id=110556, stack(0x000000e0b1e00000,0x000000e0b1f00000)]
  0x0000020aa3a54a00 JavaThread "LocalFile Deleter" daemon [_thread_blocked, id=123864, stack(0x000000e0b1f00000,0x000000e0b2000000)]
  0x0000020aa3a553a0 JavaThread "LocalFile Deleter" daemon [_thread_blocked, id=130068, stack(0x000000e0b2000000,0x000000e0b2100000)]
  0x0000020aa3a56210 JavaThread "Compiler Source File Reader" daemon [_thread_blocked, id=117284, stack(0x000000e0b2100000,0x000000e0b2200000)]
  0x0000020aa3a57080 JavaThread "Compiler Source File Reader" daemon [_thread_blocked, id=132336, stack(0x000000e0b2200000,0x000000e0b2300000)]
  0x0000020aa3a566e0 JavaThread "Compiler Source File Reader" daemon [_thread_blocked, id=122748, stack(0x000000e0b2300000,0x000000e0b2400000)]
  0x0000020aa5efa940 JavaThread "Compiler Source File Reader" daemon [_thread_blocked, id=126596, stack(0x000000e0b2400000,0x000000e0b2500000)]
  0x0000020aa5efae10 JavaThread "Compiler Source File Reader" daemon [_thread_blocked, id=135072, stack(0x000000e0b2500000,0x000000e0b2600000)]
  0x0000020aa5effb10 JavaThread "Compiler Source File Reader" daemon [_thread_blocked, id=115664, stack(0x000000e0b2600000,0x000000e0b2700000)]
  0x0000020aa5f004b0 JavaThread "Compiler Processing Task" daemon [_thread_blocked, id=122928, stack(0x000000e0b2900000,0x000000e0b2a00000)]
  0x0000020aa5efe7d0 JavaThread "Compiler Class File Writer" daemon [_thread_blocked, id=121776, stack(0x000000e0b2a00000,0x000000e0b2b00000)]
  0x0000020aa5efd960 JavaThread "Compiler Class File Writer" daemon [_thread_blocked, id=131892, stack(0x000000e0b2b00000,0x000000e0b2c00000)]
  0x0000020aa5efffe0 JavaThread "Compiler Class File Writer" daemon [_thread_blocked, id=110036, stack(0x000000e0b2c00000,0x000000e0b2d00000)]
  0x0000020aa5efcaf0 JavaThread "Compiler Class File Writer" daemon [_thread_blocked, id=111636, stack(0x000000e0b2d00000,0x000000e0b2e00000)]
  0x0000020aa5f01cc0 JavaThread "Compiler Class File Writer" daemon [_thread_blocked, id=130644, stack(0x000000e0b2e00000,0x000000e0b2f00000)]
  0x0000020aa5efb7b0 JavaThread "Compiler Class File Writer" daemon [_thread_blocked, id=131756, stack(0x000000e0b2f00000,0x000000e0b3000000)]
  0x0000020aa1ac4280 JavaThread "ForkJoinPool.commonPool-worker-1" daemon [_thread_blocked, id=112236, stack(0x000000e0b3500000,0x000000e0b3600000)]
  0x0000020aa3a55870 JavaThread "ForkJoinPool.commonPool-worker-2" daemon [_thread_blocked, id=123052, stack(0x000000e0b3600000,0x000000e0b3700000)]
  0x0000020aa5d6d640 JavaThread "ForkJoinPool.commonPool-worker-3" daemon [_thread_blocked, id=129756, stack(0x000000e0b3700000,0x000000e0b3800000)]
  0x0000020aa5d67600 JavaThread "ForkJoinPool.commonPool-worker-4" daemon [_thread_blocked, id=120516, stack(0x000000e0b3800000,0x000000e0b3900000)]
  0x0000020aa5d67fa0 JavaThread "ForkJoinPool.commonPool-worker-5" daemon [_thread_in_Java, id=115608, stack(0x000000e0b3900000,0x000000e0b3a00000)]
  0x0000020aa5d6d170 JavaThread "ForkJoinPool.commonPool-worker-6" daemon [_thread_blocked, id=119768, stack(0x000000e0b3a00000,0x000000e0b3b00000)]
  0x0000020aa5d67ad0 JavaThread "ForkJoinPool.commonPool-worker-7" daemon [_thread_blocked, id=134928, stack(0x000000e0b3b00000,0x000000e0b3c00000)]
  0x0000020aa5d68940 JavaThread "pool-1-thread-2" [_thread_blocked, id=129672, stack(0x000000e0ada00000,0x000000e0adb00000)]
  0x0000020aa5d6c300 JavaThread "Cleaner-0" daemon [_thread_blocked, id=5668, stack(0x000000e0b2800000,0x000000e0b2900000)]
=>0x0000020aa1700790 JavaThread "C2 CompilerThread1" daemon [_thread_in_native, id=117996, stack(0x000000e0adb00000,0x000000e0adc00000)]

Other Threads:
  0x0000020aff8897a0 VMThread "VM Thread" [stack: 0x000000e0ae300000,0x000000e0ae400000] [id=106172]
  0x0000020af923f740 WatcherThread "VM Periodic Task Thread" [stack: 0x000000e0aef00000,0x000000e0af000000] [id=121452]
  0x0000020af92aa6a0 WorkerThread "GC Thread#0" [stack: 0x000000e0ade00000,0x000000e0adf00000] [id=102992]
  0x0000020aa12b0ee0 WorkerThread "GC Thread#1" [stack: 0x000000e0af200000,0x000000e0af300000] [id=114876]
  0x0000020aa154f8d0 WorkerThread "GC Thread#2" [stack: 0x000000e0af300000,0x000000e0af400000] [id=107820]
  0x0000020aa168b5e0 WorkerThread "GC Thread#3" [stack: 0x000000e0af400000,0x000000e0af500000] [id=112032]
  0x0000020aa168b880 WorkerThread "GC Thread#4" [stack: 0x000000e0af500000,0x000000e0af600000] [id=124488]
  0x0000020aa168bb20 WorkerThread "GC Thread#5" [stack: 0x000000e0af600000,0x000000e0af700000] [id=117448]
  0x0000020aa132e7d0 WorkerThread "GC Thread#6" [stack: 0x000000e0af700000,0x000000e0af800000] [id=135612]
  0x0000020aa167d510 WorkerThread "GC Thread#7" [stack: 0x000000e0af000000,0x000000e0af100000] [id=122048]
  0x0000020af92bb450 ConcurrentGCThread "G1 Main Marker" [stack: 0x000000e0adf00000,0x000000e0ae000000] [id=114532]
  0x0000020af92bbe40 WorkerThread "G1 Conc#0" [stack: 0x000000e0ae000000,0x000000e0ae100000] [id=132280]
  0x0000020aa16a1d90 WorkerThread "G1 Conc#1" [stack: 0x000000e0b0200000,0x000000e0b0300000] [id=125152]
  0x0000020aff73e9b0 ConcurrentGCThread "G1 Refine#0" [stack: 0x000000e0ae100000,0x000000e0ae200000] [id=111020]
  0x0000020aa5510150 ConcurrentGCThread "G1 Refine#1" [stack: 0x000000e0b1700000,0x000000e0b1800000] [id=115932]
  0x0000020aa5510420 ConcurrentGCThread "G1 Refine#2" [stack: 0x000000e0b1a00000,0x000000e0b1b00000] [id=111380]
  0x0000020aa342e900 ConcurrentGCThread "G1 Refine#3" [stack: 0x000000e0b0300000,0x000000e0b0400000] [id=121912]
  0x0000020aa342daf0 ConcurrentGCThread "G1 Refine#4" [stack: 0x000000e0b2700000,0x000000e0b2800000] [id=123264]
  0x0000020aff73f2c0 ConcurrentGCThread "G1 Service" [stack: 0x000000e0ae200000,0x000000e0ae300000] [id=112712]

Threads with active compile tasks:
C2 CompilerThread0    86715 15784       4       org.eclipse.jdt.internal.core.index.DiskIndex::readStreamChars (529 bytes)
C2 CompilerThread1    86715 15791  s!   4       org.eclipse.jdt.internal.core.index.DiskIndex::readCategoryTable (743 bytes)

VM state: not at safepoint (normal execution)

VM Mutex/Monitor currently owned by a thread: None

Heap address: 0x0000000701800000, size: 4072 MB, Compressed Oops mode: Zero based, Oop shift amount: 3

CDS archive(s) mapped at: [0x0000000800000000-0x0000000800ba0000-0x0000000800ba0000), size 12189696, SharedBaseAddress: 0x0000000800000000, ArchiveRelocationMode: 0.
Compressed class space mapped at: 0x0000000800c00000-0x0000000840c00000, reserved size: 1073741824
Narrow klass base: 0x0000000800000000, Narrow klass shift: 0, Narrow klass range: 0x100000000

GC Precious Log:
 CardTable entry size: 512
 Card Set container configuration: InlinePtr #cards 4 size 8 Array Of Cards #cards 16 size 48 Howl #buckets 8 coarsen threshold 3686 Howl Bitmap #cards 512 size 80 coarsen threshold 460 Card regions per heap region 1 cards per card region 4096
 CPUs: 8 total, 8 available
 Memory: 16283M
 Large Page Support: Disabled
 NUMA Support: Disabled
 Compressed Oops: Enabled (Zero based)
 Heap Region Size: 2M
 Heap Min Capacity: 8M
 Heap Initial Capacity: 256M
 Heap Max Capacity: 4072M
 Pre-touch: Disabled
 Parallel Workers: 8
 Concurrent Workers: 2
 Concurrent Refinement Workers: 8
 Periodic GC: Disabled

Heap:
 garbage-first heap   total 681984K, used 500404K [0x0000000701800000, 0x0000000800000000)
  region size 2048K, 14 young (28672K), 2 survivors (4096K)
 Metaspace       used 75017K, committed 76544K, reserved 1179648K
  class space    used 7449K, committed 8128K, reserved 1048576K

Heap Regions: E=young(eden), S=young(survivor), O=old, HS=humongous(starts), HC=humongous(continues), CS=collection set, F=free, OA=open archive, CA=closed archive, TAMS=top-at-mark-start (previous, next)
|   0|0x0000000701800000, 0x0000000701a00000, 0x0000000701a00000|100%| O|  |TAMS 0x0000000701a00000, 0x0000000701800000| Untracked 
|   1|0x0000000701a00000, 0x0000000701c00000, 0x0000000701c00000|100%| O|  |TAMS 0x0000000701c00000, 0x0000000701a00000| Untracked 
|   2|0x0000000701c00000, 0x0000000701e00000, 0x0000000701e00000|100%| O|  |TAMS 0x0000000701e00000, 0x0000000701c00000| Untracked 
|   3|0x0000000701e00000, 0x0000000702000000, 0x0000000702000000|100%| O|  |TAMS 0x0000000702000000, 0x0000000701e00000| Untracked 
|   4|0x0000000702000000, 0x0000000702200000, 0x0000000702200000|100%| O|  |TAMS 0x0000000702200000, 0x0000000702000000| Untracked 
|   5|0x0000000702200000, 0x0000000702400000, 0x0000000702400000|100%| O|  |TAMS 0x0000000702400000, 0x0000000702200000| Untracked 
|   6|0x0000000702400000, 0x0000000702600000, 0x0000000702600000|100%| O|  |TAMS 0x0000000702600000, 0x0000000702400000| Untracked 
|   7|0x0000000702600000, 0x0000000702800000, 0x0000000702800000|100%| O|  |TAMS 0x0000000702800000, 0x0000000702600000| Untracked 
|   8|0x0000000702800000, 0x0000000702a00000, 0x0000000702a00000|100%| O|  |TAMS 0x0000000702a00000, 0x0000000702800000| Untracked 
|   9|0x0000000702a00000, 0x0000000702c00000, 0x0000000702c00000|100%| O|  |TAMS 0x0000000702c00000, 0x0000000702a00000| Untracked 
|  10|0x0000000702c00000, 0x0000000702e00000, 0x0000000702e00000|100%| O|  |TAMS 0x0000000702e00000, 0x0000000702c00000| Untracked 
|  11|0x0000000702e00000, 0x0000000703000000, 0x0000000703000000|100%| O|  |TAMS 0x0000000703000000, 0x0000000702e00000| Untracked 
|  12|0x0000000703000000, 0x0000000703200000, 0x0000000703200000|100%| O|  |TAMS 0x0000000703200000, 0x0000000703000000| Untracked 
|  13|0x0000000703200000, 0x0000000703400000, 0x0000000703400000|100%| O|  |TAMS 0x0000000703400000, 0x0000000703200000| Untracked 
|  14|0x0000000703400000, 0x0000000703600000, 0x0000000703600000|100%| O|  |TAMS 0x0000000703600000, 0x0000000703400000| Untracked 
|  15|0x0000000703600000, 0x0000000703800000, 0x0000000703800000|100%| O|  |TAMS 0x0000000703800000, 0x0000000703600000| Untracked 
|  16|0x0000000703800000, 0x0000000703a00000, 0x0000000703a00000|100%| O|  |TAMS 0x0000000703a00000, 0x0000000703800000| Untracked 
|  17|0x0000000703a00000, 0x0000000703c00000, 0x0000000703c00000|100%| O|  |TAMS 0x0000000703c00000, 0x0000000703a00000| Untracked 
|  18|0x0000000703c00000, 0x0000000703e00000, 0x0000000703e00000|100%| O|  |TAMS 0x0000000703e00000, 0x0000000703c00000| Untracked 
|  19|0x0000000703e00000, 0x0000000704000000, 0x0000000704000000|100%| O|  |TAMS 0x0000000704000000, 0x0000000703e00000| Untracked 
|  20|0x0000000704000000, 0x0000000704200000, 0x0000000704200000|100%| O|  |TAMS 0x0000000704200000, 0x0000000704000000| Untracked 
|  21|0x0000000704200000, 0x0000000704400000, 0x0000000704400000|100%| O|  |TAMS 0x0000000704400000, 0x0000000704200000| Untracked 
|  22|0x0000000704400000, 0x0000000704600000, 0x0000000704600000|100%| O|  |TAMS 0x0000000704600000, 0x0000000704400000| Untracked 
|  23|0x0000000704600000, 0x0000000704800000, 0x0000000704800000|100%| O|  |TAMS 0x0000000704800000, 0x0000000704600000| Untracked 
|  24|0x0000000704800000, 0x0000000704a00000, 0x0000000704a00000|100%| O|  |TAMS 0x0000000704a00000, 0x0000000704800000| Untracked 
|  25|0x0000000704a00000, 0x0000000704c00000, 0x0000000704c00000|100%| O|  |TAMS 0x0000000704c00000, 0x0000000704a00000| Untracked 
|  26|0x0000000704c00000, 0x0000000704e00000, 0x0000000704e00000|100%| O|  |TAMS 0x0000000704e00000, 0x0000000704c00000| Untracked 
|  27|0x0000000704e00000, 0x0000000705000000, 0x0000000705000000|100%| O|  |TAMS 0x0000000705000000, 0x0000000704e00000| Untracked 
|  28|0x0000000705000000, 0x0000000705200000, 0x0000000705200000|100%| O|  |TAMS 0x0000000705200000, 0x0000000705000000| Untracked 
|  29|0x0000000705200000, 0x0000000705400000, 0x0000000705400000|100%| O|  |TAMS 0x0000000705400000, 0x0000000705200000| Untracked 
|  30|0x0000000705400000, 0x0000000705600000, 0x0000000705600000|100%| O|  |TAMS 0x0000000705600000, 0x0000000705400000| Untracked 
|  31|0x0000000705600000, 0x0000000705800000, 0x0000000705800000|100%| O|  |TAMS 0x0000000705800000, 0x0000000705600000| Untracked 
|  32|0x0000000705800000, 0x0000000705a00000, 0x0000000705a00000|100%| O|  |TAMS 0x0000000705a00000, 0x0000000705800000| Untracked 
|  33|0x0000000705a00000, 0x0000000705c00000, 0x0000000705c00000|100%| O|  |TAMS 0x0000000705a00000, 0x0000000705a00000| Untracked 
|  34|0x0000000705c00000, 0x0000000705e00000, 0x0000000705e00000|100%| O|  |TAMS 0x0000000705e00000, 0x0000000705c00000| Untracked 
|  35|0x0000000705e00000, 0x0000000706000000, 0x0000000706000000|100%| O|  |TAMS 0x0000000706000000, 0x0000000705e00000| Untracked 
|  36|0x0000000706000000, 0x0000000706200000, 0x0000000706200000|100%| O|  |TAMS 0x0000000706200000, 0x0000000706000000| Untracked 
|  37|0x0000000706200000, 0x0000000706400000, 0x0000000706400000|100%| O|  |TAMS 0x0000000706400000, 0x0000000706200000| Untracked 
|  38|0x0000000706400000, 0x0000000706600000, 0x0000000706600000|100%| O|  |TAMS 0x0000000706600000, 0x0000000706400000| Untracked 
|  39|0x0000000706600000, 0x0000000706800000, 0x0000000706800000|100%| O|  |TAMS 0x0000000706800000, 0x0000000706600000| Untracked 
|  40|0x0000000706800000, 0x0000000706a00000, 0x0000000706a00000|100%| O|  |TAMS 0x0000000706a00000, 0x0000000706800000| Untracked 
|  41|0x0000000706a00000, 0x0000000706c00000, 0x0000000706c00000|100%| O|  |TAMS 0x0000000706c00000, 0x0000000706a00000| Untracked 
|  42|0x0000000706c00000, 0x0000000706e00000, 0x0000000706e00000|100%| O|  |TAMS 0x0000000706e00000, 0x0000000706c00000| Untracked 
|  43|0x0000000706e00000, 0x0000000707000000, 0x0000000707000000|100%| O|  |TAMS 0x0000000707000000, 0x0000000706e00000| Untracked 
|  44|0x0000000707000000, 0x0000000707200000, 0x0000000707200000|100%| O|  |TAMS 0x0000000707200000, 0x0000000707000000| Untracked 
|  45|0x0000000707200000, 0x0000000707400000, 0x0000000707400000|100%| O|  |TAMS 0x0000000707400000, 0x0000000707200000| Untracked 
|  46|0x0000000707400000, 0x0000000707600000, 0x0000000707600000|100%| O|  |TAMS 0x0000000707600000, 0x0000000707400000| Untracked 
|  47|0x0000000707600000, 0x0000000707800000, 0x0000000707800000|100%|HS|  |TAMS 0x0000000707800000, 0x0000000707600000| Complete 
|  48|0x0000000707800000, 0x0000000707a00000, 0x0000000707a00000|100%| O|  |TAMS 0x0000000707a00000, 0x0000000707800000| Untracked 
|  49|0x0000000707a00000, 0x0000000707c00000, 0x0000000707c00000|100%| O|  |TAMS 0x0000000707c00000, 0x0000000707a00000| Untracked 
|  50|0x0000000707c00000, 0x0000000707e00000, 0x0000000707e00000|100%| O|  |TAMS 0x0000000707e00000, 0x0000000707c00000| Untracked 
|  51|0x0000000707e00000, 0x0000000708000000, 0x0000000708000000|100%| O|  |TAMS 0x0000000708000000, 0x0000000707e00000| Untracked 
|  52|0x0000000708000000, 0x0000000708200000, 0x0000000708200000|100%| O|  |TAMS 0x0000000708200000, 0x0000000708000000| Untracked 
|  53|0x0000000708200000, 0x0000000708400000, 0x0000000708400000|100%| O|  |TAMS 0x0000000708400000, 0x0000000708200000| Untracked 
|  54|0x0000000708400000, 0x0000000708600000, 0x0000000708600000|100%| O|  |TAMS 0x0000000708600000, 0x0000000708400000| Untracked 
|  55|0x0000000708600000, 0x0000000708800000, 0x0000000708800000|100%| O|  |TAMS 0x0000000708800000, 0x0000000708600000| Untracked 
|  56|0x0000000708800000, 0x0000000708a00000, 0x0000000708a00000|100%| O|  |TAMS 0x0000000708a00000, 0x0000000708800000| Untracked 
|  57|0x0000000708a00000, 0x0000000708c00000, 0x0000000708c00000|100%| O|  |TAMS 0x0000000708c00000, 0x0000000708a00000| Untracked 
|  58|0x0000000708c00000, 0x0000000708e00000, 0x0000000708e00000|100%| O|  |TAMS 0x0000000708e00000, 0x0000000708c00000| Untracked 
|  59|0x0000000708e00000, 0x0000000709000000, 0x0000000709000000|100%| O|  |TAMS 0x0000000708e00000, 0x0000000708e00000| Untracked 
|  60|0x0000000709000000, 0x0000000709200000, 0x0000000709200000|100%| O|  |TAMS 0x0000000709200000, 0x0000000709000000| Untracked 
|  61|0x0000000709200000, 0x0000000709400000, 0x0000000709400000|100%| O|  |TAMS 0x0000000709400000, 0x0000000709200000| Untracked 
|  62|0x0000000709400000, 0x0000000709600000, 0x0000000709600000|100%| O|  |TAMS 0x0000000709510200, 0x0000000709400000| Untracked 
|  63|0x0000000709600000, 0x0000000709800000, 0x0000000709800000|100%| O|  |TAMS 0x0000000709600000, 0x0000000709600000| Untracked 
|  64|0x0000000709800000, 0x0000000709a00000, 0x0000000709a00000|100%| O|  |TAMS 0x0000000709800000, 0x0000000709800000| Untracked 
|  65|0x0000000709a00000, 0x0000000709c00000, 0x0000000709c00000|100%| O|  |TAMS 0x0000000709a00000, 0x0000000709a00000| Untracked 
|  66|0x0000000709c00000, 0x0000000709e00000, 0x0000000709e00000|100%| O|  |TAMS 0x0000000709c00000, 0x0000000709c00000| Untracked 
|  67|0x0000000709e00000, 0x000000070a000000, 0x000000070a000000|100%| O|  |TAMS 0x0000000709e00000, 0x0000000709e00000| Untracked 
|  68|0x000000070a000000, 0x000000070a200000, 0x000000070a200000|100%| O|  |TAMS 0x000000070a000000, 0x000000070a000000| Untracked 
|  69|0x000000070a200000, 0x000000070a400000, 0x000000070a400000|100%| O|  |TAMS 0x000000070a200000, 0x000000070a200000| Untracked 
|  70|0x000000070a400000, 0x000000070a600000, 0x000000070a600000|100%| O|  |TAMS 0x000000070a400000, 0x000000070a400000| Untracked 
|  71|0x000000070a600000, 0x000000070a800000, 0x000000070a800000|100%| O|  |TAMS 0x000000070a600000, 0x000000070a600000| Untracked 
|  72|0x000000070a800000, 0x000000070aa00000, 0x000000070aa00000|100%| O|  |TAMS 0x000000070a800000, 0x000000070a800000| Untracked 
|  73|0x000000070aa00000, 0x000000070ac00000, 0x000000070ac00000|100%| O|  |TAMS 0x000000070aa00000, 0x000000070aa00000| Untracked 
|  74|0x000000070ac00000, 0x000000070ae00000, 0x000000070ae00000|100%| O|  |TAMS 0x000000070ac00000, 0x000000070ac00000| Untracked 
|  75|0x000000070ae00000, 0x000000070b000000, 0x000000070b000000|100%|HS|  |TAMS 0x000000070ae00000, 0x000000070ae00000| Complete 
|  76|0x000000070b000000, 0x000000070b200000, 0x000000070b200000|100%|HC|  |TAMS 0x000000070b000000, 0x000000070b000000| Complete 
|  77|0x000000070b200000, 0x000000070b400000, 0x000000070b400000|100%| O|  |TAMS 0x000000070b200000, 0x000000070b200000| Untracked 
|  78|0x000000070b400000, 0x000000070b600000, 0x000000070b600000|100%| O|  |TAMS 0x000000070b400000, 0x000000070b400000| Untracked 
|  79|0x000000070b600000, 0x000000070b800000, 0x000000070b800000|100%| O|  |TAMS 0x000000070b600000, 0x000000070b600000| Untracked 
|  80|0x000000070b800000, 0x000000070ba00000, 0x000000070ba00000|100%| O|  |TAMS 0x000000070b800000, 0x000000070b800000| Untracked 
|  81|0x000000070ba00000, 0x000000070bc00000, 0x000000070bc00000|100%| O|  |TAMS 0x000000070ba00000, 0x000000070ba00000| Untracked 
|  82|0x000000070bc00000, 0x000000070be00000, 0x000000070be00000|100%| O|  |TAMS 0x000000070bc00000, 0x000000070bc00000| Untracked 
|  83|0x000000070be00000, 0x000000070c000000, 0x000000070c000000|100%| O|  |TAMS 0x000000070be00000, 0x000000070be00000| Untracked 
|  84|0x000000070c000000, 0x000000070c200000, 0x000000070c200000|100%| O|  |TAMS 0x000000070c000000, 0x000000070c000000| Untracked 
|  85|0x000000070c200000, 0x000000070c400000, 0x000000070c400000|100%| O|  |TAMS 0x000000070c200000, 0x000000070c200000| Untracked 
|  86|0x000000070c400000, 0x000000070c600000, 0x000000070c600000|100%| O|  |TAMS 0x000000070c400000, 0x000000070c400000| Untracked 
|  87|0x000000070c600000, 0x000000070c800000, 0x000000070c800000|100%| O|  |TAMS 0x000000070c600000, 0x000000070c600000| Untracked 
|  88|0x000000070c800000, 0x000000070ca00000, 0x000000070ca00000|100%| O|  |TAMS 0x000000070c800000, 0x000000070c800000| Untracked 
|  89|0x000000070ca00000, 0x000000070cc00000, 0x000000070cc00000|100%| O|  |TAMS 0x000000070ca00000, 0x000000070ca00000| Untracked 
|  90|0x000000070cc00000, 0x000000070ce00000, 0x000000070ce00000|100%| O|  |TAMS 0x000000070cc00000, 0x000000070cc00000| Untracked 
|  91|0x000000070ce00000, 0x000000070d000000, 0x000000070d000000|100%| O|  |TAMS 0x000000070ce00000, 0x000000070ce00000| Untracked 
|  92|0x000000070d000000, 0x000000070d200000, 0x000000070d200000|100%| O|  |TAMS 0x000000070d000000, 0x000000070d000000| Untracked 
|  93|0x000000070d200000, 0x000000070d400000, 0x000000070d400000|100%| O|  |TAMS 0x000000070d200000, 0x000000070d200000| Untracked 
|  94|0x000000070d400000, 0x000000070d600000, 0x000000070d600000|100%| O|  |TAMS 0x000000070d400000, 0x000000070d400000| Untracked 
|  95|0x000000070d600000, 0x000000070d800000, 0x000000070d800000|100%| O|  |TAMS 0x000000070d600000, 0x000000070d600000| Untracked 
|  96|0x000000070d800000, 0x000000070da00000, 0x000000070da00000|100%| O|  |TAMS 0x000000070d800000, 0x000000070d800000| Untracked 
|  97|0x000000070da00000, 0x000000070dc00000, 0x000000070dc00000|100%| O|  |TAMS 0x000000070da00000, 0x000000070da00000| Untracked 
|  98|0x000000070dc00000, 0x000000070de00000, 0x000000070de00000|100%| O|  |TAMS 0x000000070dc00000, 0x000000070dc00000| Untracked 
|  99|0x000000070de00000, 0x000000070e000000, 0x000000070e000000|100%| O|  |TAMS 0x000000070de00000, 0x000000070de00000| Untracked 
| 100|0x000000070e000000, 0x000000070e200000, 0x000000070e200000|100%| O|  |TAMS 0x000000070e000000, 0x000000070e000000| Untracked 
| 101|0x000000070e200000, 0x000000070e400000, 0x000000070e400000|100%| O|  |TAMS 0x000000070e200000, 0x000000070e200000| Untracked 
| 102|0x000000070e400000, 0x000000070e600000, 0x000000070e600000|100%| O|  |TAMS 0x000000070e400000, 0x000000070e400000| Untracked 
| 103|0x000000070e600000, 0x000000070e800000, 0x000000070e800000|100%| O|  |TAMS 0x000000070e600000, 0x000000070e600000| Untracked 
| 104|0x000000070e800000, 0x000000070ea00000, 0x000000070ea00000|100%| O|  |TAMS 0x000000070e800000, 0x000000070e800000| Untracked 
| 105|0x000000070ea00000, 0x000000070ec00000, 0x000000070ec00000|100%| O|  |TAMS 0x000000070ea00000, 0x000000070ea00000| Untracked 
| 106|0x000000070ec00000, 0x000000070ee00000, 0x000000070ee00000|100%| O|  |TAMS 0x000000070ec00000, 0x000000070ec00000| Untracked 
| 107|0x000000070ee00000, 0x000000070f000000, 0x000000070f000000|100%| O|  |TAMS 0x000000070ee00000, 0x000000070ee00000| Untracked 
| 108|0x000000070f000000, 0x000000070f200000, 0x000000070f200000|100%| O|  |TAMS 0x000000070f000000, 0x000000070f000000| Untracked 
| 109|0x000000070f200000, 0x000000070f400000, 0x000000070f400000|100%| O|  |TAMS 0x000000070f200000, 0x000000070f200000| Untracked 
| 110|0x000000070f400000, 0x000000070f600000, 0x000000070f600000|100%| O|  |TAMS 0x000000070f400000, 0x000000070f400000| Untracked 
| 111|0x000000070f600000, 0x000000070f800000, 0x000000070f800000|100%| O|  |TAMS 0x000000070f600000, 0x000000070f600000| Untracked 
| 112|0x000000070f800000, 0x000000070fa00000, 0x000000070fa00000|100%| O|  |TAMS 0x000000070f800000, 0x000000070f800000| Untracked 
| 113|0x000000070fa00000, 0x000000070fc00000, 0x000000070fc00000|100%| O|  |TAMS 0x000000070fa00000, 0x000000070fa00000| Untracked 
| 114|0x000000070fc00000, 0x000000070fe00000, 0x000000070fe00000|100%| O|  |TAMS 0x000000070fc00000, 0x000000070fc00000| Untracked 
| 115|0x000000070fe00000, 0x0000000710000000, 0x0000000710000000|100%| O|  |TAMS 0x000000070fe00000, 0x000000070fe00000| Untracked 
| 116|0x0000000710000000, 0x0000000710200000, 0x0000000710200000|100%| O|  |TAMS 0x0000000710000000, 0x0000000710000000| Untracked 
| 117|0x0000000710200000, 0x0000000710400000, 0x0000000710400000|100%| O|  |TAMS 0x0000000710200000, 0x0000000710200000| Untracked 
| 118|0x0000000710400000, 0x0000000710600000, 0x0000000710600000|100%| O|  |TAMS 0x0000000710400000, 0x0000000710400000| Untracked 
| 119|0x0000000710600000, 0x0000000710800000, 0x0000000710800000|100%| O|  |TAMS 0x0000000710600000, 0x0000000710600000| Untracked 
| 120|0x0000000710800000, 0x0000000710a00000, 0x0000000710a00000|100%| O|  |TAMS 0x0000000710800000, 0x0000000710800000| Untracked 
| 121|0x0000000710a00000, 0x0000000710c00000, 0x0000000710c00000|100%| O|  |TAMS 0x0000000710a00000, 0x0000000710a00000| Untracked 
| 122|0x0000000710c00000, 0x0000000710e00000, 0x0000000710e00000|100%| O|  |TAMS 0x0000000710c00000, 0x0000000710c00000| Untracked 
| 123|0x0000000710e00000, 0x0000000711000000, 0x0000000711000000|100%| O|  |TAMS 0x0000000710e00000, 0x0000000710e00000| Untracked 
| 124|0x0000000711000000, 0x0000000711200000, 0x0000000711200000|100%| O|  |TAMS 0x0000000711000000, 0x0000000711000000| Untracked 
| 125|0x0000000711200000, 0x0000000711400000, 0x0000000711400000|100%| O|  |TAMS 0x0000000711200000, 0x0000000711200000| Untracked 
| 126|0x0000000711400000, 0x0000000711600000, 0x0000000711600000|100%| O|  |TAMS 0x0000000711400000, 0x0000000711400000| Untracked 
| 127|0x0000000711600000, 0x0000000711800000, 0x0000000711800000|100%| O|  |TAMS 0x0000000711600000, 0x0000000711600000| Untracked 
| 128|0x0000000711800000, 0x0000000711a00000, 0x0000000711a00000|100%| O|  |TAMS 0x0000000711800000, 0x0000000711800000| Untracked 
| 129|0x0000000711a00000, 0x0000000711c00000, 0x0000000711c00000|100%| O|  |TAMS 0x0000000711a00000, 0x0000000711a00000| Untracked 
| 130|0x0000000711c00000, 0x0000000711e00000, 0x0000000711e00000|100%| O|  |TAMS 0x0000000711c00000, 0x0000000711c00000| Untracked 
| 131|0x0000000711e00000, 0x0000000712000000, 0x0000000712000000|100%| O|  |TAMS 0x0000000711e00000, 0x0000000711e00000| Untracked 
| 132|0x0000000712000000, 0x0000000712200000, 0x0000000712200000|100%| O|  |TAMS 0x0000000712000000, 0x0000000712000000| Untracked 
| 133|0x0000000712200000, 0x0000000712400000, 0x0000000712400000|100%| O|  |TAMS 0x0000000712200000, 0x0000000712200000| Untracked 
| 134|0x0000000712400000, 0x0000000712600000, 0x0000000712600000|100%| O|  |TAMS 0x0000000712400000, 0x0000000712400000| Untracked 
| 135|0x0000000712600000, 0x0000000712800000, 0x0000000712800000|100%|HS|  |TAMS 0x0000000712600000, 0x0000000712600000| Complete 
| 136|0x0000000712800000, 0x0000000712a00000, 0x0000000712a00000|100%|HS|  |TAMS 0x0000000712800000, 0x0000000712800000| Complete 
| 137|0x0000000712a00000, 0x0000000712c00000, 0x0000000712c00000|100%| O|  |TAMS 0x0000000712a00000, 0x0000000712a00000| Untracked 
| 138|0x0000000712c00000, 0x0000000712e00000, 0x0000000712e00000|100%| O|  |TAMS 0x0000000712c00000, 0x0000000712c00000| Untracked 
| 139|0x0000000712e00000, 0x0000000713000000, 0x0000000713000000|100%| O|  |TAMS 0x0000000712e00000, 0x0000000712e00000| Untracked 
| 140|0x0000000713000000, 0x0000000713200000, 0x0000000713200000|100%| O|  |TAMS 0x0000000713000000, 0x0000000713000000| Untracked 
| 141|0x0000000713200000, 0x0000000713400000, 0x0000000713400000|100%| O|  |TAMS 0x0000000713200000, 0x0000000713200000| Untracked 
| 142|0x0000000713400000, 0x0000000713600000, 0x0000000713600000|100%| O|  |TAMS 0x0000000713400000, 0x0000000713400000| Untracked 
| 143|0x0000000713600000, 0x0000000713800000, 0x0000000713800000|100%| O|  |TAMS 0x0000000713600000, 0x0000000713600000| Untracked 
| 144|0x0000000713800000, 0x0000000713a00000, 0x0000000713a00000|100%| O|  |TAMS 0x0000000713800000, 0x0000000713800000| Untracked 
| 145|0x0000000713a00000, 0x0000000713c00000, 0x0000000713c00000|100%| O|  |TAMS 0x0000000713a00000, 0x0000000713a00000| Untracked 
| 146|0x0000000713c00000, 0x0000000713e00000, 0x0000000713e00000|100%| O|  |TAMS 0x0000000713c00000, 0x0000000713c00000| Untracked 
| 147|0x0000000713e00000, 0x0000000714000000, 0x0000000714000000|100%| O|  |TAMS 0x0000000713e00000, 0x0000000713e00000| Untracked 
| 148|0x0000000714000000, 0x0000000714200000, 0x0000000714200000|100%| O|  |TAMS 0x0000000714000000, 0x0000000714000000| Untracked 
| 149|0x0000000714200000, 0x0000000714400000, 0x0000000714400000|100%| O|  |TAMS 0x0000000714200000, 0x0000000714200000| Untracked 
| 150|0x0000000714400000, 0x0000000714600000, 0x0000000714600000|100%| O|  |TAMS 0x0000000714400000, 0x0000000714400000| Untracked 
| 151|0x0000000714600000, 0x0000000714800000, 0x0000000714800000|100%| O|  |TAMS 0x0000000714600000, 0x0000000714600000| Untracked 
| 152|0x0000000714800000, 0x0000000714a00000, 0x0000000714a00000|100%| O|  |TAMS 0x0000000714800000, 0x0000000714800000| Untracked 
| 153|0x0000000714a00000, 0x0000000714c00000, 0x0000000714c00000|100%| O|  |TAMS 0x0000000714a00000, 0x0000000714a00000| Untracked 
| 154|0x0000000714c00000, 0x0000000714e00000, 0x0000000714e00000|100%| O|  |TAMS 0x0000000714c00000, 0x0000000714c00000| Untracked 
| 155|0x0000000714e00000, 0x0000000715000000, 0x0000000715000000|100%| O|  |TAMS 0x0000000714e00000, 0x0000000714e00000| Untracked 
| 156|0x0000000715000000, 0x0000000715200000, 0x0000000715200000|100%| O|  |TAMS 0x0000000715000000, 0x0000000715000000| Untracked 
| 157|0x0000000715200000, 0x0000000715400000, 0x0000000715400000|100%| O|  |TAMS 0x0000000715200000, 0x0000000715200000| Untracked 
| 158|0x0000000715400000, 0x0000000715600000, 0x0000000715600000|100%| O|  |TAMS 0x0000000715400000, 0x0000000715400000| Untracked 
| 159|0x0000000715600000, 0x0000000715800000, 0x0000000715800000|100%| O|  |TAMS 0x0000000715600000, 0x0000000715600000| Untracked 
| 160|0x0000000715800000, 0x0000000715a00000, 0x0000000715a00000|100%| O|  |TAMS 0x0000000715800000, 0x0000000715800000| Untracked 
| 161|0x0000000715a00000, 0x0000000715c00000, 0x0000000715c00000|100%| O|  |TAMS 0x0000000715a00000, 0x0000000715a00000| Untracked 
| 162|0x0000000715c00000, 0x0000000715e00000, 0x0000000715e00000|100%| O|  |TAMS 0x0000000715c00000, 0x0000000715c00000| Untracked 
| 163|0x0000000715e00000, 0x0000000716000000, 0x0000000716000000|100%| O|  |TAMS 0x0000000715e00000, 0x0000000715e00000| Untracked 
| 164|0x0000000716000000, 0x0000000716200000, 0x0000000716200000|100%| O|  |TAMS 0x0000000716000000, 0x0000000716000000| Untracked 
| 165|0x0000000716200000, 0x0000000716400000, 0x0000000716400000|100%| O|  |TAMS 0x0000000716200000, 0x0000000716200000| Untracked 
| 166|0x0000000716400000, 0x0000000716600000, 0x0000000716600000|100%| O|  |TAMS 0x0000000716400000, 0x0000000716400000| Untracked 
| 167|0x0000000716600000, 0x0000000716800000, 0x0000000716800000|100%| O|  |TAMS 0x0000000716600000, 0x0000000716600000| Untracked 
| 168|0x0000000716800000, 0x0000000716a00000, 0x0000000716a00000|100%| O|  |TAMS 0x0000000716800000, 0x0000000716800000| Untracked 
| 169|0x0000000716a00000, 0x0000000716c00000, 0x0000000716c00000|100%| O|  |TAMS 0x0000000716a00000, 0x0000000716a00000| Untracked 
| 170|0x0000000716c00000, 0x0000000716e00000, 0x0000000716e00000|100%| O|  |TAMS 0x0000000716c00000, 0x0000000716c00000| Untracked 
| 171|0x0000000716e00000, 0x0000000717000000, 0x0000000717000000|100%| O|  |TAMS 0x0000000716e00000, 0x0000000716e00000| Untracked 
| 172|0x0000000717000000, 0x0000000717200000, 0x0000000717200000|100%| O|  |TAMS 0x0000000717000000, 0x0000000717000000| Untracked 
| 173|0x0000000717200000, 0x0000000717400000, 0x0000000717400000|100%| O|  |TAMS 0x0000000717200000, 0x0000000717200000| Untracked 
| 174|0x0000000717400000, 0x0000000717600000, 0x0000000717600000|100%| O|  |TAMS 0x0000000717400000, 0x0000000717400000| Untracked 
| 175|0x0000000717600000, 0x0000000717800000, 0x0000000717800000|100%| O|  |TAMS 0x0000000717600000, 0x0000000717600000| Untracked 
| 176|0x0000000717800000, 0x0000000717a00000, 0x0000000717a00000|100%| O|  |TAMS 0x0000000717800000, 0x0000000717800000| Untracked 
| 177|0x0000000717a00000, 0x0000000717c00000, 0x0000000717c00000|100%| O|  |TAMS 0x0000000717a00000, 0x0000000717a00000| Untracked 
| 178|0x0000000717c00000, 0x0000000717e00000, 0x0000000717e00000|100%| O|  |TAMS 0x0000000717c00000, 0x0000000717c00000| Untracked 
| 179|0x0000000717e00000, 0x0000000718000000, 0x0000000718000000|100%| O|  |TAMS 0x0000000717e00000, 0x0000000717e00000| Untracked 
| 180|0x0000000718000000, 0x0000000718200000, 0x0000000718200000|100%| O|  |TAMS 0x0000000718000000, 0x0000000718000000| Untracked 
| 181|0x0000000718200000, 0x0000000718400000, 0x0000000718400000|100%| O|  |TAMS 0x0000000718200000, 0x0000000718200000| Untracked 
| 182|0x0000000718400000, 0x0000000718600000, 0x0000000718600000|100%| O|  |TAMS 0x0000000718400000, 0x0000000718400000| Untracked 
| 183|0x0000000718600000, 0x0000000718800000, 0x0000000718800000|100%| O|  |TAMS 0x0000000718600000, 0x0000000718600000| Untracked 
| 184|0x0000000718800000, 0x0000000718a00000, 0x0000000718a00000|100%| O|  |TAMS 0x0000000718800000, 0x0000000718800000| Untracked 
| 185|0x0000000718a00000, 0x0000000718c00000, 0x0000000718c00000|100%| O|  |TAMS 0x0000000718a00000, 0x0000000718a00000| Untracked 
| 186|0x0000000718c00000, 0x0000000718e00000, 0x0000000718e00000|100%| O|  |TAMS 0x0000000718c00000, 0x0000000718c00000| Untracked 
| 187|0x0000000718e00000, 0x0000000719000000, 0x0000000719000000|100%| O|  |TAMS 0x0000000718e00000, 0x0000000718e00000| Untracked 
| 188|0x0000000719000000, 0x0000000719200000, 0x0000000719200000|100%| O|  |TAMS 0x0000000719000000, 0x0000000719000000| Untracked 
| 189|0x0000000719200000, 0x0000000719400000, 0x0000000719400000|100%| O|  |TAMS 0x0000000719200000, 0x0000000719200000| Untracked 
| 190|0x0000000719400000, 0x0000000719600000, 0x0000000719600000|100%| O|  |TAMS 0x0000000719400000, 0x0000000719400000| Untracked 
| 191|0x0000000719600000, 0x0000000719800000, 0x0000000719800000|100%| O|  |TAMS 0x0000000719600000, 0x0000000719600000| Untracked 
| 192|0x0000000719800000, 0x0000000719a00000, 0x0000000719a00000|100%| O|  |TAMS 0x0000000719800000, 0x0000000719800000| Untracked 
| 193|0x0000000719a00000, 0x0000000719c00000, 0x0000000719c00000|100%| O|  |TAMS 0x0000000719a00000, 0x0000000719a00000| Untracked 
| 194|0x0000000719c00000, 0x0000000719e00000, 0x0000000719e00000|100%| O|  |TAMS 0x0000000719c00000, 0x0000000719c00000| Untracked 
| 195|0x0000000719e00000, 0x000000071a000000, 0x000000071a000000|100%| O|  |TAMS 0x0000000719e00000, 0x0000000719e00000| Untracked 
| 196|0x000000071a000000, 0x000000071a200000, 0x000000071a200000|100%| O|  |TAMS 0x000000071a000000, 0x000000071a000000| Untracked 
| 197|0x000000071a200000, 0x000000071a400000, 0x000000071a400000|100%| O|  |TAMS 0x000000071a200000, 0x000000071a200000| Untracked 
| 198|0x000000071a400000, 0x000000071a600000, 0x000000071a600000|100%| O|  |TAMS 0x000000071a400000, 0x000000071a400000| Untracked 
| 199|0x000000071a600000, 0x000000071a800000, 0x000000071a800000|100%| O|  |TAMS 0x000000071a600000, 0x000000071a600000| Untracked 
| 200|0x000000071a800000, 0x000000071aa00000, 0x000000071aa00000|100%| O|  |TAMS 0x000000071a800000, 0x000000071a800000| Untracked 
| 201|0x000000071aa00000, 0x000000071ac00000, 0x000000071ac00000|100%| O|  |TAMS 0x000000071aa00000, 0x000000071aa00000| Untracked 
| 202|0x000000071ac00000, 0x000000071ae00000, 0x000000071ae00000|100%| O|  |TAMS 0x000000071ac00000, 0x000000071ac00000| Untracked 
| 203|0x000000071ae00000, 0x000000071b000000, 0x000000071b000000|100%| O|  |TAMS 0x000000071ae00000, 0x000000071ae00000| Untracked 
| 204|0x000000071b000000, 0x000000071b200000, 0x000000071b200000|100%| O|  |TAMS 0x000000071b000000, 0x000000071b000000| Untracked 
| 205|0x000000071b200000, 0x000000071b400000, 0x000000071b400000|100%| O|  |TAMS 0x000000071b200000, 0x000000071b200000| Untracked 
| 206|0x000000071b400000, 0x000000071b600000, 0x000000071b600000|100%| O|  |TAMS 0x000000071b400000, 0x000000071b400000| Untracked 
| 207|0x000000071b600000, 0x000000071b800000, 0x000000071b800000|100%| O|  |TAMS 0x000000071b600000, 0x000000071b600000| Untracked 
| 208|0x000000071b800000, 0x000000071ba00000, 0x000000071ba00000|100%| O|  |TAMS 0x000000071b800000, 0x000000071b800000| Untracked 
| 209|0x000000071ba00000, 0x000000071bc00000, 0x000000071bc00000|100%| O|  |TAMS 0x000000071ba00000, 0x000000071ba00000| Untracked 
| 210|0x000000071bc00000, 0x000000071be00000, 0x000000071be00000|100%| O|  |TAMS 0x000000071bc00000, 0x000000071bc00000| Untracked 
| 211|0x000000071be00000, 0x000000071c000000, 0x000000071c000000|100%| O|  |TAMS 0x000000071be00000, 0x000000071be00000| Untracked 
| 212|0x000000071c000000, 0x000000071c200000, 0x000000071c200000|100%| O|  |TAMS 0x000000071c000000, 0x000000071c000000| Untracked 
| 213|0x000000071c200000, 0x000000071c400000, 0x000000071c400000|100%| O|  |TAMS 0x000000071c200000, 0x000000071c200000| Untracked 
| 214|0x000000071c400000, 0x000000071c400000, 0x000000071c600000|  0%| F|  |TAMS 0x000000071c400000, 0x000000071c400000| Untracked 
| 215|0x000000071c600000, 0x000000071c600000, 0x000000071c800000|  0%| F|  |TAMS 0x000000071c600000, 0x000000071c600000| Untracked 
| 216|0x000000071c800000, 0x000000071ca00000, 0x000000071ca00000|100%| O|  |TAMS 0x000000071c800000, 0x000000071c800000| Untracked 
| 217|0x000000071ca00000, 0x000000071cc00000, 0x000000071cc00000|100%| O|  |TAMS 0x000000071ca00000, 0x000000071ca00000| Untracked 
| 218|0x000000071cc00000, 0x000000071ce00000, 0x000000071ce00000|100%| O|  |TAMS 0x000000071cc00000, 0x000000071cc00000| Untracked 
| 219|0x000000071ce00000, 0x000000071d000000, 0x000000071d000000|100%| O|  |TAMS 0x000000071ce00000, 0x000000071ce00000| Untracked 
| 220|0x000000071d000000, 0x000000071d200000, 0x000000071d200000|100%| O|  |TAMS 0x000000071d000000, 0x000000071d000000| Untracked 
| 221|0x000000071d200000, 0x000000071d400000, 0x000000071d400000|100%| O|  |TAMS 0x000000071d200000, 0x000000071d200000| Untracked 
| 222|0x000000071d400000, 0x000000071d4ad000, 0x000000071d600000| 33%| O|  |TAMS 0x000000071d400000, 0x000000071d400000| Untracked 
| 223|0x000000071d600000, 0x000000071d600000, 0x000000071d800000|  0%| F|  |TAMS 0x000000071d600000, 0x000000071d600000| Untracked 
| 224|0x000000071d800000, 0x000000071d800000, 0x000000071da00000|  0%| F|  |TAMS 0x000000071d800000, 0x000000071d800000| Untracked 
| 225|0x000000071da00000, 0x000000071da00000, 0x000000071dc00000|  0%| F|  |TAMS 0x000000071da00000, 0x000000071da00000| Untracked 
| 226|0x000000071dc00000, 0x000000071dc00000, 0x000000071de00000|  0%| F|  |TAMS 0x000000071dc00000, 0x000000071dc00000| Untracked 
| 227|0x000000071de00000, 0x000000071de00000, 0x000000071e000000|  0%| F|  |TAMS 0x000000071de00000, 0x000000071de00000| Untracked 
| 228|0x000000071e000000, 0x000000071e000000, 0x000000071e200000|  0%| F|  |TAMS 0x000000071e000000, 0x000000071e000000| Untracked 
| 229|0x000000071e200000, 0x000000071e200000, 0x000000071e400000|  0%| F|  |TAMS 0x000000071e200000, 0x000000071e200000| Untracked 
| 230|0x000000071e400000, 0x000000071e400000, 0x000000071e600000|  0%| F|  |TAMS 0x000000071e400000, 0x000000071e400000| Untracked 
| 231|0x000000071e600000, 0x000000071e600000, 0x000000071e800000|  0%| F|  |TAMS 0x000000071e600000, 0x000000071e600000| Untracked 
| 232|0x000000071e800000, 0x000000071e800000, 0x000000071ea00000|  0%| F|  |TAMS 0x000000071e800000, 0x000000071e800000| Untracked 
| 233|0x000000071ea00000, 0x000000071ea00000, 0x000000071ec00000|  0%| F|  |TAMS 0x000000071ea00000, 0x000000071ea00000| Untracked 
| 234|0x000000071ec00000, 0x000000071ec00000, 0x000000071ee00000|  0%| F|  |TAMS 0x000000071ec00000, 0x000000071ec00000| Untracked 
| 235|0x000000071ee00000, 0x000000071ee00000, 0x000000071f000000|  0%| F|  |TAMS 0x000000071ee00000, 0x000000071ee00000| Untracked 
| 236|0x000000071f000000, 0x000000071f000000, 0x000000071f200000|  0%| F|  |TAMS 0x000000071f000000, 0x000000071f000000| Untracked 
| 237|0x000000071f200000, 0x000000071f200000, 0x000000071f400000|  0%| F|  |TAMS 0x000000071f200000, 0x000000071f200000| Untracked 
| 238|0x000000071f400000, 0x000000071f400000, 0x000000071f600000|  0%| F|  |TAMS 0x000000071f400000, 0x000000071f400000| Untracked 
| 239|0x000000071f600000, 0x000000071f600000, 0x000000071f800000|  0%| F|  |TAMS 0x000000071f600000, 0x000000071f600000| Untracked 
| 240|0x000000071f800000, 0x000000071f800000, 0x000000071fa00000|  0%| F|  |TAMS 0x000000071f800000, 0x000000071f800000| Untracked 
| 241|0x000000071fa00000, 0x000000071fa00000, 0x000000071fc00000|  0%| F|  |TAMS 0x000000071fa00000, 0x000000071fa00000| Untracked 
| 242|0x000000071fc00000, 0x000000071fc00000, 0x000000071fe00000|  0%| F|  |TAMS 0x000000071fc00000, 0x000000071fc00000| Untracked 
| 243|0x000000071fe00000, 0x000000071fe00000, 0x0000000720000000|  0%| F|  |TAMS 0x000000071fe00000, 0x000000071fe00000| Untracked 
| 244|0x0000000720000000, 0x0000000720000000, 0x0000000720200000|  0%| F|  |TAMS 0x0000000720000000, 0x0000000720000000| Untracked 
| 245|0x0000000720200000, 0x0000000720200000, 0x0000000720400000|  0%| F|  |TAMS 0x0000000720200000, 0x0000000720200000| Untracked 
| 246|0x0000000720400000, 0x0000000720400000, 0x0000000720600000|  0%| F|  |TAMS 0x0000000720400000, 0x0000000720400000| Untracked 
| 247|0x0000000720600000, 0x0000000720600000, 0x0000000720800000|  0%| F|  |TAMS 0x0000000720600000, 0x0000000720600000| Untracked 
| 248|0x0000000720800000, 0x0000000720800000, 0x0000000720a00000|  0%| F|  |TAMS 0x0000000720800000, 0x0000000720800000| Untracked 
| 249|0x0000000720a00000, 0x0000000720a00000, 0x0000000720c00000|  0%| F|  |TAMS 0x0000000720a00000, 0x0000000720a00000| Untracked 
| 250|0x0000000720c00000, 0x0000000720c00000, 0x0000000720e00000|  0%| F|  |TAMS 0x0000000720c00000, 0x0000000720c00000| Untracked 
| 251|0x0000000720e00000, 0x0000000720e00000, 0x0000000721000000|  0%| F|  |TAMS 0x0000000720e00000, 0x0000000720e00000| Untracked 
| 252|0x0000000721000000, 0x0000000721000000, 0x0000000721200000|  0%| F|  |TAMS 0x0000000721000000, 0x0000000721000000| Untracked 
| 253|0x0000000721200000, 0x0000000721200000, 0x0000000721400000|  0%| F|  |TAMS 0x0000000721200000, 0x0000000721200000| Untracked 
| 254|0x0000000721400000, 0x0000000721400000, 0x0000000721600000|  0%| F|  |TAMS 0x0000000721400000, 0x0000000721400000| Untracked 
| 255|0x0000000721600000, 0x0000000721600000, 0x0000000721800000|  0%| F|  |TAMS 0x0000000721600000, 0x0000000721600000| Untracked 
| 256|0x0000000721800000, 0x0000000721800000, 0x0000000721a00000|  0%| F|  |TAMS 0x0000000721800000, 0x0000000721800000| Untracked 
| 257|0x0000000721a00000, 0x0000000721a00000, 0x0000000721c00000|  0%| F|  |TAMS 0x0000000721a00000, 0x0000000721a00000| Untracked 
| 258|0x0000000721c00000, 0x0000000721c00000, 0x0000000721e00000|  0%| F|  |TAMS 0x0000000721c00000, 0x0000000721c00000| Untracked 
| 259|0x0000000721e00000, 0x0000000721e00000, 0x0000000722000000|  0%| F|  |TAMS 0x0000000721e00000, 0x0000000721e00000| Untracked 
| 260|0x0000000722000000, 0x0000000722000000, 0x0000000722200000|  0%| F|  |TAMS 0x0000000722000000, 0x0000000722000000| Untracked 
| 261|0x0000000722200000, 0x0000000722200000, 0x0000000722400000|  0%| F|  |TAMS 0x0000000722200000, 0x0000000722200000| Untracked 
| 262|0x0000000722400000, 0x0000000722400000, 0x0000000722600000|  0%| F|  |TAMS 0x0000000722400000, 0x0000000722400000| Untracked 
| 263|0x0000000722600000, 0x0000000722600000, 0x0000000722800000|  0%| F|  |TAMS 0x0000000722600000, 0x0000000722600000| Untracked 
| 264|0x0000000722800000, 0x0000000722800000, 0x0000000722a00000|  0%| F|  |TAMS 0x0000000722800000, 0x0000000722800000| Untracked 
| 265|0x0000000722a00000, 0x0000000722a00000, 0x0000000722c00000|  0%| F|  |TAMS 0x0000000722a00000, 0x0000000722a00000| Untracked 
| 266|0x0000000722c00000, 0x0000000722c00000, 0x0000000722e00000|  0%| F|  |TAMS 0x0000000722c00000, 0x0000000722c00000| Untracked 
| 267|0x0000000722e00000, 0x0000000723000000, 0x0000000723000000|100%| S|CS|TAMS 0x0000000722e00000, 0x0000000722e00000| Complete 
| 268|0x0000000723000000, 0x0000000723200000, 0x0000000723200000|100%| S|CS|TAMS 0x0000000723000000, 0x0000000723000000| Complete 
| 269|0x0000000723200000, 0x0000000723200000, 0x0000000723400000|  0%| F|  |TAMS 0x0000000723200000, 0x0000000723200000| Untracked 
| 270|0x0000000723400000, 0x0000000723400000, 0x0000000723600000|  0%| F|  |TAMS 0x0000000723400000, 0x0000000723400000| Untracked 
| 271|0x0000000723600000, 0x0000000723600000, 0x0000000723800000|  0%| F|  |TAMS 0x0000000723600000, 0x0000000723600000| Untracked 
| 272|0x0000000723800000, 0x0000000723800000, 0x0000000723a00000|  0%| F|  |TAMS 0x0000000723800000, 0x0000000723800000| Untracked 
| 273|0x0000000723a00000, 0x0000000723a00000, 0x0000000723c00000|  0%| F|  |TAMS 0x0000000723a00000, 0x0000000723a00000| Untracked 
| 274|0x0000000723c00000, 0x0000000723c00000, 0x0000000723e00000|  0%| F|  |TAMS 0x0000000723c00000, 0x0000000723c00000| Untracked 
| 275|0x0000000723e00000, 0x0000000723e00000, 0x0000000724000000|  0%| F|  |TAMS 0x0000000723e00000, 0x0000000723e00000| Untracked 
| 276|0x0000000724000000, 0x0000000724000000, 0x0000000724200000|  0%| F|  |TAMS 0x0000000724000000, 0x0000000724000000| Untracked 
| 277|0x0000000724200000, 0x0000000724200000, 0x0000000724400000|  0%| F|  |TAMS 0x0000000724200000, 0x0000000724200000| Untracked 
| 278|0x0000000724400000, 0x0000000724400000, 0x0000000724600000|  0%| F|  |TAMS 0x0000000724400000, 0x0000000724400000| Untracked 
| 279|0x0000000724600000, 0x0000000724600000, 0x0000000724800000|  0%| F|  |TAMS 0x0000000724600000, 0x0000000724600000| Untracked 
| 280|0x0000000724800000, 0x0000000724800000, 0x0000000724a00000|  0%| F|  |TAMS 0x0000000724800000, 0x0000000724800000| Untracked 
| 281|0x0000000724a00000, 0x0000000724a00000, 0x0000000724c00000|  0%| F|  |TAMS 0x0000000724a00000, 0x0000000724a00000| Untracked 
| 282|0x0000000724c00000, 0x0000000724c00000, 0x0000000724e00000|  0%| F|  |TAMS 0x0000000724c00000, 0x0000000724c00000| Untracked 
| 283|0x0000000724e00000, 0x0000000724e00000, 0x0000000725000000|  0%| F|  |TAMS 0x0000000724e00000, 0x0000000724e00000| Untracked 
| 284|0x0000000725000000, 0x0000000725000000, 0x0000000725200000|  0%| F|  |TAMS 0x0000000725000000, 0x0000000725000000| Untracked 
| 285|0x0000000725200000, 0x0000000725200000, 0x0000000725400000|  0%| F|  |TAMS 0x0000000725200000, 0x0000000725200000| Untracked 
| 286|0x0000000725400000, 0x0000000725400000, 0x0000000725600000|  0%| F|  |TAMS 0x0000000725400000, 0x0000000725400000| Untracked 
| 287|0x0000000725600000, 0x0000000725600000, 0x0000000725800000|  0%| F|  |TAMS 0x0000000725600000, 0x0000000725600000| Untracked 
| 288|0x0000000725800000, 0x0000000725800000, 0x0000000725a00000|  0%| F|  |TAMS 0x0000000725800000, 0x0000000725800000| Untracked 
| 289|0x0000000725a00000, 0x0000000725a00000, 0x0000000725c00000|  0%| F|  |TAMS 0x0000000725a00000, 0x0000000725a00000| Untracked 
| 290|0x0000000725c00000, 0x0000000725c00000, 0x0000000725e00000|  0%| F|  |TAMS 0x0000000725c00000, 0x0000000725c00000| Untracked 
| 291|0x0000000725e00000, 0x0000000725e00000, 0x0000000726000000|  0%| F|  |TAMS 0x0000000725e00000, 0x0000000725e00000| Untracked 
| 292|0x0000000726000000, 0x0000000726000000, 0x0000000726200000|  0%| F|  |TAMS 0x0000000726000000, 0x0000000726000000| Untracked 
| 293|0x0000000726200000, 0x0000000726200000, 0x0000000726400000|  0%| F|  |TAMS 0x0000000726200000, 0x0000000726200000| Untracked 
| 294|0x0000000726400000, 0x0000000726400000, 0x0000000726600000|  0%| F|  |TAMS 0x0000000726400000, 0x0000000726400000| Untracked 
| 295|0x0000000726600000, 0x0000000726600000, 0x0000000726800000|  0%| F|  |TAMS 0x0000000726600000, 0x0000000726600000| Untracked 
| 296|0x0000000726800000, 0x0000000726800000, 0x0000000726a00000|  0%| F|  |TAMS 0x0000000726800000, 0x0000000726800000| Untracked 
| 297|0x0000000726a00000, 0x0000000726a00000, 0x0000000726c00000|  0%| F|  |TAMS 0x0000000726a00000, 0x0000000726a00000| Untracked 
| 298|0x0000000726c00000, 0x0000000726c00000, 0x0000000726e00000|  0%| F|  |TAMS 0x0000000726c00000, 0x0000000726c00000| Untracked 
| 299|0x0000000726e00000, 0x0000000726e00000, 0x0000000727000000|  0%| F|  |TAMS 0x0000000726e00000, 0x0000000726e00000| Untracked 
| 300|0x0000000727000000, 0x0000000727000000, 0x0000000727200000|  0%| F|  |TAMS 0x0000000727000000, 0x0000000727000000| Untracked 
| 301|0x0000000727200000, 0x0000000727200000, 0x0000000727400000|  0%| F|  |TAMS 0x0000000727200000, 0x0000000727200000| Untracked 
| 302|0x0000000727400000, 0x0000000727400000, 0x0000000727600000|  0%| F|  |TAMS 0x0000000727400000, 0x0000000727400000| Untracked 
| 303|0x0000000727600000, 0x0000000727600000, 0x0000000727800000|  0%| F|  |TAMS 0x0000000727600000, 0x0000000727600000| Untracked 
| 304|0x0000000727800000, 0x0000000727800000, 0x0000000727a00000|  0%| F|  |TAMS 0x0000000727800000, 0x0000000727800000| Untracked 
| 305|0x0000000727a00000, 0x0000000727a00000, 0x0000000727c00000|  0%| F|  |TAMS 0x0000000727a00000, 0x0000000727a00000| Untracked 
| 306|0x0000000727c00000, 0x0000000727c00000, 0x0000000727e00000|  0%| F|  |TAMS 0x0000000727c00000, 0x0000000727c00000| Untracked 
| 307|0x0000000727e00000, 0x0000000727e00000, 0x0000000728000000|  0%| F|  |TAMS 0x0000000727e00000, 0x0000000727e00000| Untracked 
| 308|0x0000000728000000, 0x0000000728000000, 0x0000000728200000|  0%| F|  |TAMS 0x0000000728000000, 0x0000000728000000| Untracked 
| 309|0x0000000728200000, 0x0000000728200000, 0x0000000728400000|  0%| F|  |TAMS 0x0000000728200000, 0x0000000728200000| Untracked 
| 310|0x0000000728400000, 0x00000007285a8c38, 0x0000000728600000| 82%| E|  |TAMS 0x0000000728400000, 0x0000000728400000| Complete 
| 311|0x0000000728600000, 0x0000000728800000, 0x0000000728800000|100%| E|CS|TAMS 0x0000000728600000, 0x0000000728600000| Complete 
| 312|0x0000000728800000, 0x0000000728a00000, 0x0000000728a00000|100%| E|CS|TAMS 0x0000000728800000, 0x0000000728800000| Complete 
| 313|0x0000000728a00000, 0x0000000728c00000, 0x0000000728c00000|100%| E|CS|TAMS 0x0000000728a00000, 0x0000000728a00000| Complete 
| 314|0x0000000728c00000, 0x0000000728e00000, 0x0000000728e00000|100%| E|CS|TAMS 0x0000000728c00000, 0x0000000728c00000| Complete 
| 315|0x0000000728e00000, 0x0000000729000000, 0x0000000729000000|100%| E|CS|TAMS 0x0000000728e00000, 0x0000000728e00000| Complete 
| 316|0x0000000729000000, 0x0000000729200000, 0x0000000729200000|100%| E|CS|TAMS 0x0000000729000000, 0x0000000729000000| Complete 
| 317|0x0000000729200000, 0x0000000729400000, 0x0000000729400000|100%| E|CS|TAMS 0x0000000729200000, 0x0000000729200000| Complete 
| 318|0x0000000729400000, 0x0000000729600000, 0x0000000729600000|100%| E|CS|TAMS 0x0000000729400000, 0x0000000729400000| Complete 
| 319|0x0000000729600000, 0x0000000729800000, 0x0000000729800000|100%| E|CS|TAMS 0x0000000729600000, 0x0000000729600000| Complete 
| 320|0x0000000729800000, 0x0000000729a00000, 0x0000000729a00000|100%| E|CS|TAMS 0x0000000729800000, 0x0000000729800000| Complete 
| 321|0x0000000729a00000, 0x0000000729c00000, 0x0000000729c00000|100%| E|CS|TAMS 0x0000000729a00000, 0x0000000729a00000| Complete 
|2025|0x00000007fea00000, 0x00000007fec00000, 0x00000007fec00000|100%| O|  |TAMS 0x00000007fea00000, 0x00000007fea00000| Untracked 
|2026|0x00000007fec00000, 0x00000007fee00000, 0x00000007fee00000|100%| O|  |TAMS 0x00000007fec00000, 0x00000007fec00000| Untracked 
|2027|0x00000007fee00000, 0x00000007ff000000, 0x00000007ff000000|100%| O|  |TAMS 0x00000007fee00000, 0x00000007fee00000| Untracked 
|2028|0x00000007ff000000, 0x00000007ff200000, 0x00000007ff200000|100%| O|  |TAMS 0x00000007ff000000, 0x00000007ff000000| Untracked 
|2029|0x00000007ff200000, 0x00000007ff400000, 0x00000007ff400000|100%| O|  |TAMS 0x00000007ff200000, 0x00000007ff200000| Untracked 
|2030|0x00000007ff400000, 0x00000007ff600000, 0x00000007ff600000|100%| O|  |TAMS 0x00000007ff400000, 0x00000007ff400000| Untracked 
|2031|0x00000007ff600000, 0x00000007ff800000, 0x00000007ff800000|100%| O|  |TAMS 0x00000007ff600000, 0x00000007ff600000| Untracked 
|2032|0x00000007ff800000, 0x00000007ffa00000, 0x00000007ffa00000|100%| O|  |TAMS 0x00000007ff800000, 0x00000007ff800000| Untracked 
|2033|0x00000007ffa00000, 0x00000007ffc00000, 0x00000007ffc00000|100%| O|  |TAMS 0x00000007ffa00000, 0x00000007ffa00000| Untracked 
|2034|0x00000007ffc00000, 0x00000007ffe00000, 0x00000007ffe00000|100%| O|  |TAMS 0x00000007ffc00000, 0x00000007ffc00000| Untracked 
|2035|0x00000007ffe00000, 0x0000000800000000, 0x0000000800000000|100%| O|  |TAMS 0x00000007ffe00000, 0x00000007ffe00000| Untracked 

Card table byte_map: [0x0000020afa5b0000,0x0000020afadb0000] _byte_map_base: 0x0000020af6da4000

Marking Bits (Prev, Next): (CMBitMap*) 0x0000020af92aaca0, (CMBitMap*) 0x0000020af92aace0
 Prev Bits: [0x0000020afb5b0000, 0x0000020aff550000)
 Next Bits: [0x0000020a96870000, 0x0000020a9a810000)

Polling page: 0x0000020af7a00000

Metaspace:

Usage:
  Non-class:     65.99 MB used.
      Class:      7.27 MB used.
       Both:     73.26 MB used.

Virtual space:
  Non-class space:      128.00 MB reserved,      66.88 MB ( 52%) committed,  2 nodes.
      Class space:        1.00 GB reserved,       7.94 MB ( <1%) committed,  1 nodes.
             Both:        1.12 GB reserved,      74.81 MB (  6%) committed. 

Chunk freelists:
   Non-Class:  304.00 KB
       Class:  64.00 KB
        Both:  368.00 KB

MaxMetaspaceSize: unlimited
CompressedClassSpaceSize: 1.00 GB
Initial GC threshold: 21.00 MB
Current GC threshold: 87.50 MB
CDS: on
MetaspaceReclaimPolicy: balanced
 - commit_granule_bytes: 65536.
 - commit_granule_words: 8192.
 - virtual_space_node_default_size: 8388608.
 - enlarge_chunks_in_place: 1.
 - new_chunks_are_fully_committed: 0.
 - uncommit_free_chunks: 1.
 - use_allocation_guard: 0.


Internal statistics:

num_allocs_failed_limit: 6.
num_arena_births: 1280.
num_arena_deaths: 14.
num_vsnodes_births: 3.
num_vsnodes_deaths: 0.
num_space_committed: 1197.
num_space_uncommitted: 0.
num_chunks_returned_to_freelist: 20.
num_chunks_taken_from_freelist: 4860.
num_chunk_merges: 11.
num_chunk_splits: 2973.
num_chunks_enlarged: 1743.
num_inconsistent_stats: 0.

CodeHeap 'non-profiled nmethods': size=120000Kb used=9839Kb max_used=11031Kb free=110161Kb
 bounds [0x0000020a8f340000, 0x0000020a8fe10000, 0x0000020a96870000]
CodeHeap 'profiled nmethods': size=120000Kb used=28427Kb max_used=28427Kb free=91572Kb
 bounds [0x0000020a87e10000, 0x0000020a899e0000, 0x0000020a8f340000]
CodeHeap 'non-nmethods': size=5760Kb used=1414Kb max_used=1508Kb free=4345Kb
 bounds [0x0000020a87870000, 0x0000020a87ae0000, 0x0000020a87e10000]
 total_blobs=13087 nmethods=12333 adapters=660
 compilation: enabled
              stopped_count=0, restarted_count=0
 full_count=0

Compilation events (20 events):
Event: 86.639 Thread 0x0000020aa1700790 15777       4       java.util.stream.Nodes::builder (30 bytes)
Event: 86.639 Thread 0x0000020aff8ebeb0 nmethod 15782 0x0000020a899c3410 code [0x0000020a899c36e0, 0x0000020a899c4a38]
Event: 86.642 Thread 0x0000020aff8ebeb0 15783       3       java.util.concurrent.ForkJoinPool$WorkQueue::push (93 bytes)
Event: 86.642 Thread 0x0000020aff8abaa0 nmethod 15772 0x0000020a8f425890 code [0x0000020a8f425ae0, 0x0000020a8f426800]
Event: 86.643 Thread 0x0000020aff8abaa0 15784       4       org.eclipse.jdt.internal.core.index.DiskIndex::readStreamChars (529 bytes)
Event: 86.643 Thread 0x0000020aa1700790 nmethod 15777 0x0000020a8f425090 code [0x0000020a8f425220, 0x0000020a8f425618]
Event: 86.643 Thread 0x0000020aa1700790 15773       4       org.eclipse.jdt.internal.core.JarPackageFragmentRoot::getModuleDescription (25 bytes)
Event: 86.644 Thread 0x0000020aff8ebeb0 nmethod 15783 0x0000020a88d65c10 code [0x0000020a88d65f20, 0x0000020a88d671d8]
Event: 86.644 Thread 0x0000020aff8ebeb0 15788 %     3       org.eclipse.jdt.internal.core.index.DiskIndex::addQueryResults @ 663 (739 bytes)
Event: 86.644 Thread 0x0000020aa1700790 nmethod 15773 0x0000020a8fd5ce90 code [0x0000020a8fd5d020, 0x0000020a8fd5d108]
Event: 86.644 Thread 0x0000020aa1700790 15791  s!   4       org.eclipse.jdt.internal.core.index.DiskIndex::readCategoryTable (743 bytes)
Event: 86.646 Thread 0x0000020aff8ebeb0 nmethod 15788% 0x0000020a899d3710 code [0x0000020a899d3b00, 0x0000020a899d5d38]
Event: 86.646 Thread 0x0000020aff8ebeb0 15787       2       org.eclipse.jdt.internal.core.index.Index::isMatch (394 bytes)
Event: 86.647 Thread 0x0000020aff8ebeb0 nmethod 15787 0x0000020a88e11b10 code [0x0000020a88e11e40, 0x0000020a88e12ad8]
Event: 86.647 Thread 0x0000020aff8ebeb0 15790  s!   3       org.eclipse.jdt.internal.core.search.indexing.ReadWriteMonitor::enterRead (29 bytes)
Event: 86.647 Thread 0x0000020aff8ebeb0 nmethod 15790 0x0000020a890c8e90 code [0x0000020a890c9040, 0x0000020a890c93a8]
Event: 86.647 Thread 0x0000020aff8ebeb0 15785       3       java.util.concurrent.ForkJoinPool::compareAndExchangeCtl (10 bytes)
Event: 86.648 Thread 0x0000020aff8ebeb0 nmethod 15785 0x0000020a89819890 code [0x0000020a89819ac0, 0x0000020a8981a368]
Event: 86.648 Thread 0x0000020aff8ebeb0 15786       3       java.lang.invoke.VarHandleGuards::guard_LJJ_J (88 bytes)
Event: 86.650 Thread 0x0000020aff8ebeb0 nmethod 15786 0x0000020a899d6c90 code [0x0000020a899d6fe0, 0x0000020a899d8de8]

GC Heap History (20 events):
Event: 45.305 GC heap before
{Heap before GC invocations=45 (full 0):
 garbage-first heap   total 681984K, used 545792K [0x0000000701800000, 0x0000000800000000)
  region size 2048K, 51 young (104448K), 7 survivors (14336K)
 Metaspace       used 69440K, committed 70976K, reserved 1114112K
  class space    used 6847K, committed 7488K, reserved 1048576K
}
Event: 45.313 GC heap after
{Heap after GC invocations=46 (full 0):
 garbage-first heap   total 681984K, used 459444K [0x0000000701800000, 0x0000000800000000)
  region size 2048K, 2 young (4096K), 2 survivors (4096K)
 Metaspace       used 69440K, committed 70976K, reserved 1114112K
  class space    used 6847K, committed 7488K, reserved 1048576K
}
Event: 45.682 GC heap before
{Heap before GC invocations=46 (full 0):
 garbage-first heap   total 681984K, used 553652K [0x0000000701800000, 0x0000000800000000)
  region size 2048K, 49 young (100352K), 2 survivors (4096K)
 Metaspace       used 69440K, committed 70976K, reserved 1114112K
  class space    used 6847K, committed 7488K, reserved 1048576K
}
Event: 45.685 GC heap after
{Heap after GC invocations=47 (full 0):
 garbage-first heap   total 681984K, used 458979K [0x0000000701800000, 0x0000000800000000)
  region size 2048K, 2 young (4096K), 2 survivors (4096K)
 Metaspace       used 69440K, committed 70976K, reserved 1114112K
  class space    used 6847K, committed 7488K, reserved 1048576K
}
Event: 47.160 GC heap before
{Heap before GC invocations=47 (full 0):
 garbage-first heap   total 681984K, used 561379K [0x0000000701800000, 0x0000000800000000)
  region size 2048K, 53 young (108544K), 2 survivors (4096K)
 Metaspace       used 69450K, committed 70976K, reserved 1114112K
  class space    used 6848K, committed 7488K, reserved 1048576K
}
Event: 47.165 GC heap after
{Heap after GC invocations=48 (full 0):
 garbage-first heap   total 681984K, used 466261K [0x0000000701800000, 0x0000000800000000)
  region size 2048K, 5 young (10240K), 5 survivors (10240K)
 Metaspace       used 69450K, committed 70976K, reserved 1114112K
  class space    used 6848K, committed 7488K, reserved 1048576K
}
Event: 49.323 GC heap before
{Heap before GC invocations=48 (full 0):
 garbage-first heap   total 681984K, used 570709K [0x0000000701800000, 0x0000000800000000)
  region size 2048K, 56 young (114688K), 5 survivors (10240K)
 Metaspace       used 69450K, committed 70976K, reserved 1114112K
  class space    used 6848K, committed 7488K, reserved 1048576K
}
Event: 49.328 GC heap after
{Heap after GC invocations=49 (full 0):
 garbage-first heap   total 681984K, used 465640K [0x0000000701800000, 0x0000000800000000)
  region size 2048K, 3 young (6144K), 3 survivors (6144K)
 Metaspace       used 69450K, committed 70976K, reserved 1114112K
  class space    used 6848K, committed 7488K, reserved 1048576K
}
Event: 52.179 GC heap before
{Heap before GC invocations=49 (full 0):
 garbage-first heap   total 681984K, used 574184K [0x0000000701800000, 0x0000000800000000)
  region size 2048K, 56 young (114688K), 3 survivors (6144K)
 Metaspace       used 69476K, committed 70976K, reserved 1114112K
  class space    used 6848K, committed 7488K, reserved 1048576K
}
Event: 52.181 GC heap after
{Heap after GC invocations=50 (full 0):
 garbage-first heap   total 681984K, used 462362K [0x0000000701800000, 0x0000000800000000)
  region size 2048K, 1 young (2048K), 1 survivors (2048K)
 Metaspace       used 69476K, committed 70976K, reserved 1114112K
  class space    used 6848K, committed 7488K, reserved 1048576K
}
Event: 55.566 GC heap before
{Heap before GC invocations=50 (full 0):
 garbage-first heap   total 681984K, used 579098K [0x0000000701800000, 0x0000000800000000)
  region size 2048K, 58 young (118784K), 1 survivors (2048K)
 Metaspace       used 69487K, committed 70976K, reserved 1114112K
  class space    used 6848K, committed 7488K, reserved 1048576K
}
Event: 55.569 GC heap after
{Heap after GC invocations=51 (full 0):
 garbage-first heap   total 681984K, used 465104K [0x0000000701800000, 0x0000000800000000)
  region size 2048K, 3 young (6144K), 3 survivors (6144K)
 Metaspace       used 69487K, committed 70976K, reserved 1114112K
  class space    used 6848K, committed 7488K, reserved 1048576K
}
Event: 56.680 GC heap before
{Heap before GC invocations=51 (full 0):
 garbage-first heap   total 681984K, used 581840K [0x0000000701800000, 0x0000000800000000)
  region size 2048K, 60 young (122880K), 3 survivors (6144K)
 Metaspace       used 69488K, committed 70976K, reserved 1114112K
  class space    used 6848K, committed 7488K, reserved 1048576K
}
Event: 56.682 GC heap after
{Heap after GC invocations=52 (full 0):
 garbage-first heap   total 681984K, used 463535K [0x0000000701800000, 0x0000000800000000)
  region size 2048K, 2 young (4096K), 2 survivors (4096K)
 Metaspace       used 69488K, committed 70976K, reserved 1114112K
  class space    used 6848K, committed 7488K, reserved 1048576K
}
Event: 60.218 GC heap before
{Heap before GC invocations=52 (full 0):
 garbage-first heap   total 681984K, used 586415K [0x0000000701800000, 0x0000000800000000)
  region size 2048K, 62 young (126976K), 2 survivors (4096K)
 Metaspace       used 69669K, committed 71168K, reserved 1114112K
  class space    used 6864K, committed 7488K, reserved 1048576K
}
Event: 60.222 GC heap after
{Heap after GC invocations=53 (full 0):
 garbage-first heap   total 681984K, used 466758K [0x0000000701800000, 0x0000000800000000)
  region size 2048K, 4 young (8192K), 4 survivors (8192K)
 Metaspace       used 69669K, committed 71168K, reserved 1114112K
  class space    used 6864K, committed 7488K, reserved 1048576K
}
Event: 73.422 GC heap before
{Heap before GC invocations=53 (full 0):
 garbage-first heap   total 681984K, used 585542K [0x0000000701800000, 0x0000000800000000)
  region size 2048K, 62 young (126976K), 4 survivors (8192K)
 Metaspace       used 71477K, committed 72960K, reserved 1114112K
  class space    used 7040K, committed 7680K, reserved 1048576K
}
Event: 73.430 GC heap after
{Heap after GC invocations=54 (full 0):
 garbage-first heap   total 681984K, used 474754K [0x0000000701800000, 0x0000000800000000)
  region size 2048K, 8 young (16384K), 8 survivors (16384K)
 Metaspace       used 71477K, committed 72960K, reserved 1114112K
  class space    used 7040K, committed 7680K, reserved 1048576K
}
Event: 81.176 GC heap before
{Heap before GC invocations=54 (full 0):
 garbage-first heap   total 681984K, used 585346K [0x0000000701800000, 0x0000000800000000)
  region size 2048K, 61 young (124928K), 8 survivors (16384K)
 Metaspace       used 74931K, committed 76544K, reserved 1179648K
  class space    used 7436K, committed 8128K, reserved 1048576K
}
Event: 81.184 GC heap after
{Heap after GC invocations=55 (full 0):
 garbage-first heap   total 681984K, used 477876K [0x0000000701800000, 0x0000000800000000)
  region size 2048K, 2 young (4096K), 2 survivors (4096K)
 Metaspace       used 74931K, committed 76544K, reserved 1179648K
  class space    used 7436K, committed 8128K, reserved 1048576K
}

Deoptimization events (20 events):
Event: 86.654 Thread 0x0000020aa5d67fa0 DEOPT PACKING pc=0x0000020a885c2b0b sp=0x000000e0b39fe9f0
Event: 86.654 Thread 0x0000020aa5d67fa0 DEOPT UNPACKING pc=0x0000020a878c2b43 sp=0x000000e0b39fde88 mode 0
Event: 86.654 Thread 0x0000020aa5d67fa0 DEOPT PACKING pc=0x0000020a885c2b0b sp=0x000000e0b39fe9f0
Event: 86.654 Thread 0x0000020aa5d67fa0 DEOPT UNPACKING pc=0x0000020a878c2b43 sp=0x000000e0b39fde88 mode 0
Event: 86.655 Thread 0x0000020aa5d67fa0 DEOPT PACKING pc=0x0000020a885c2b0b sp=0x000000e0b39fe9f0
Event: 86.655 Thread 0x0000020aa5d67fa0 DEOPT UNPACKING pc=0x0000020a878c2b43 sp=0x000000e0b39fde88 mode 0
Event: 86.655 Thread 0x0000020aa5d67fa0 DEOPT PACKING pc=0x0000020a885c2b0b sp=0x000000e0b39fe9f0
Event: 86.655 Thread 0x0000020aa5d67fa0 DEOPT UNPACKING pc=0x0000020a878c2b43 sp=0x000000e0b39fde88 mode 0
Event: 86.655 Thread 0x0000020aa5d67fa0 DEOPT PACKING pc=0x0000020a885c2b0b sp=0x000000e0b39fe9f0
Event: 86.655 Thread 0x0000020aa5d67fa0 DEOPT UNPACKING pc=0x0000020a878c2b43 sp=0x000000e0b39fde88 mode 0
Event: 86.655 Thread 0x0000020aa5d67fa0 DEOPT PACKING pc=0x0000020a885c2b0b sp=0x000000e0b39fe9f0
Event: 86.655 Thread 0x0000020aa5d67fa0 DEOPT UNPACKING pc=0x0000020a878c2b43 sp=0x000000e0b39fde88 mode 0
Event: 86.655 Thread 0x0000020aa5d67fa0 DEOPT PACKING pc=0x0000020a885c2b0b sp=0x000000e0b39fe9f0
Event: 86.655 Thread 0x0000020aa5d67fa0 DEOPT UNPACKING pc=0x0000020a878c2b43 sp=0x000000e0b39fde88 mode 0
Event: 86.655 Thread 0x0000020aa5d67fa0 DEOPT PACKING pc=0x0000020a885c2b0b sp=0x000000e0b39fe9f0
Event: 86.655 Thread 0x0000020aa5d67fa0 DEOPT UNPACKING pc=0x0000020a878c2b43 sp=0x000000e0b39fde88 mode 0
Event: 86.656 Thread 0x0000020aa5d67fa0 DEOPT PACKING pc=0x0000020a885c2b0b sp=0x000000e0b39fe9f0
Event: 86.656 Thread 0x0000020aa5d67fa0 DEOPT UNPACKING pc=0x0000020a878c2b43 sp=0x000000e0b39fde88 mode 0
Event: 86.656 Thread 0x0000020aa5d67fa0 DEOPT PACKING pc=0x0000020a885c2b0b sp=0x000000e0b39fe9f0
Event: 86.656 Thread 0x0000020aa5d67fa0 DEOPT UNPACKING pc=0x0000020a878c2b43 sp=0x000000e0b39fde88 mode 0

Classes loaded (20 events):
Event: 73.399 Loading class java/util/stream/ReduceOps$2
Event: 73.399 Loading class java/util/stream/ReduceOps$2 done
Event: 73.399 Loading class java/util/stream/ReduceOps$2ReducingSink
Event: 73.399 Loading class java/util/stream/ReduceOps$2ReducingSink done
Event: 74.839 Loading class java/io/CharArrayReader
Event: 74.839 Loading class java/io/CharArrayReader done
Event: 74.839 Loading class java/util/regex/Pattern$Bound
Event: 74.840 Loading class java/util/regex/Pattern$Bound done
Event: 76.450 Loading class jdk/internal/ref/CleanerImpl$InnocuousThreadFactory
Event: 76.450 Loading class jdk/internal/ref/CleanerImpl$InnocuousThreadFactory done
Event: 76.861 Loading class org/xml/sax/SAXNotRecognizedException
Event: 76.861 Loading class org/xml/sax/SAXNotRecognizedException done
Event: 76.861 Loading class org/xml/sax/SAXNotSupportedException
Event: 76.861 Loading class org/xml/sax/SAXNotSupportedException done
Event: 76.863 Loading class com/sun/org/apache/xerces/internal/util/URI
Event: 76.863 Loading class com/sun/org/apache/xerces/internal/util/URI done
Event: 76.864 Loading class com/sun/org/apache/xerces/internal/xni/XNIException
Event: 76.865 Loading class com/sun/org/apache/xerces/internal/xni/XNIException done
Event: 76.868 Loading class com/sun/org/apache/xerces/internal/xni/parser/XMLParseException
Event: 76.868 Loading class com/sun/org/apache/xerces/internal/xni/parser/XMLParseException done

Classes unloaded (7 events):
Event: 10.961 Thread 0x0000020aff8897a0 Unloading class 0x0000000800db4000 'java/lang/invoke/LambdaForm$MH+0x0000000800db4000'
Event: 10.961 Thread 0x0000020aff8897a0 Unloading class 0x0000000800db3c00 'java/lang/invoke/LambdaForm$MH+0x0000000800db3c00'
Event: 10.961 Thread 0x0000020aff8897a0 Unloading class 0x0000000800db3800 'java/lang/invoke/LambdaForm$MH+0x0000000800db3800'
Event: 10.961 Thread 0x0000020aff8897a0 Unloading class 0x0000000800db3400 'java/lang/invoke/LambdaForm$MH+0x0000000800db3400'
Event: 10.961 Thread 0x0000020aff8897a0 Unloading class 0x0000000800db3000 'java/lang/invoke/LambdaForm$BMH+0x0000000800db3000'
Event: 10.961 Thread 0x0000020aff8897a0 Unloading class 0x0000000800db2c00 'java/lang/invoke/LambdaForm$DMH+0x0000000800db2c00'
Event: 10.961 Thread 0x0000020aff8897a0 Unloading class 0x0000000800db1800 'java/lang/invoke/LambdaForm$DMH+0x0000000800db1800'

Classes redefined (0 events):
No events

Internal exceptions (20 events):
Event: 73.077 Thread 0x0000020aa1fd3a50 Exception <a 'java/lang/ArrayIndexOutOfBoundsException'{0x0000000724477768}> (0x0000000724477768) 
thrown [s\open\src\hotspot\share\runtime\sharedRuntime.cpp, line 625]
Event: 73.281 Thread 0x0000020aa3a55870 Exception <a 'java/lang/ArrayIndexOutOfBoundsException'{0x0000000723710f68}> (0x0000000723710f68) 
thrown [s\open\src\hotspot\share\runtime\sharedRuntime.cpp, line 625]
Event: 73.281 Thread 0x0000020aa3a55870 Exception <a 'java/lang/ArrayIndexOutOfBoundsException'{0x0000000723711598}> (0x0000000723711598) 
thrown [s\open\src\hotspot\share\runtime\sharedRuntime.cpp, line 625]
Event: 73.281 Thread 0x0000020aa3a55870 Exception <a 'java/lang/ArrayIndexOutOfBoundsException'{0x0000000723711920}> (0x0000000723711920) 
thrown [s\open\src\hotspot\share\runtime\sharedRuntime.cpp, line 625]
Event: 73.482 Thread 0x0000020aa3a55870 Exception <a 'java/lang/NoSuchMethodError'{0x0000000729bb9fb8}: 'java.lang.Object java.lang.invoke.DirectMethodHandle$Holder.newInvokeSpecial(java.lang.Object, java.lang.Object, int, java.lang.Object, java.lang.Object, java.lang.Object, java.lang.Object)'> (0x0000000729bb9fb8) 
thrown [s\open\src\hotspot\share\interpreter\linkResolver.cpp, line 759]
Event: 73.483 Thread 0x0000020aa3a55870 Exception <a 'java/lang/NoSuchMethodError'{0x0000000729bc3098}: 'java.lang.Object java.lang.invoke.Invokers$Holder.linkToTargetMethod(java.lang.Object, int, java.lang.Object, java.lang.Object, java.lang.Object, java.lang.Object, java.lang.Object)'> (0x0000000729bc3098) 
thrown [s\open\src\hotspot\share\interpreter\linkResolver.cpp, line 759]
Event: 73.685 Thread 0x0000020aa1fd3a50 Exception <a 'java/lang/ArrayIndexOutOfBoundsException'{0x00000007294f3bb0}> (0x00000007294f3bb0) 
thrown [s\open\src\hotspot\share\runtime\sharedRuntime.cpp, line 625]
Event: 73.685 Thread 0x0000020aa1fd3a50 Exception <a 'java/lang/ArrayIndexOutOfBoundsException'{0x00000007294f41e0}> (0x00000007294f41e0) 
thrown [s\open\src\hotspot\share\runtime\sharedRuntime.cpp, line 625]
Event: 73.685 Thread 0x0000020aa1fd3a50 Exception <a 'java/lang/ArrayIndexOutOfBoundsException'{0x00000007294f4568}> (0x00000007294f4568) 
thrown [s\open\src\hotspot\share\runtime\sharedRuntime.cpp, line 625]
Event: 74.168 Thread 0x0000020aa5d67ad0 Exception <a 'java/lang/ArrayIndexOutOfBoundsException'{0x00000007285a2a68}> (0x00000007285a2a68) 
thrown [s\open\src\hotspot\share\runtime\sharedRuntime.cpp, line 625]
Event: 74.168 Thread 0x0000020aa5d67ad0 Exception <a 'java/lang/ArrayIndexOutOfBoundsException'{0x00000007285a3098}> (0x00000007285a3098) 
thrown [s\open\src\hotspot\share\runtime\sharedRuntime.cpp, line 625]
Event: 74.168 Thread 0x0000020aa5d67ad0 Exception <a 'java/lang/ArrayIndexOutOfBoundsException'{0x00000007285a3420}> (0x00000007285a3420) 
thrown [s\open\src\hotspot\share\runtime\sharedRuntime.cpp, line 625]
Event: 74.646 Thread 0x0000020aa1fd3a50 Exception <a 'java/lang/IncompatibleClassChangeError'{0x0000000727a4aa40}: Found class java.lang.Object, but interface was expected> (0x0000000727a4aa40) 
thrown [s\open\src\hotspot\share\interpreter\linkResolver.cpp, line 826]
Event: 74.655 Thread 0x0000020aa1fd3a50 Implicit null exception at 0x0000020a8f70a3de to 0x0000020a8f70ab48
Event: 75.011 Thread 0x0000020aa5d67fa0 Exception <a 'java/lang/ArrayIndexOutOfBoundsException'{0x0000000726eb3200}: Index 2050 out of bounds for length 2049> (0x0000000726eb3200) 
thrown [s\open\src\hotspot\share\interpreter\interpreterRuntime.cpp, line 431]
Event: 75.981 Thread 0x0000020aa1fd3a50 Exception <a 'java/lang/IncompatibleClassChangeError'{0x0000000726fa9550}: Found class java.lang.Object, but interface was expected> (0x0000000726fa9550) 
thrown [s\open\src\hotspot\share\interpreter\linkResolver.cpp, line 826]
Event: 76.465 Thread 0x0000020aa5d6d170 Exception <a 'java/lang/ArrayIndexOutOfBoundsException'{0x00000007260456e8}> (0x00000007260456e8) 
thrown [s\open\src\hotspot\share\runtime\sharedRuntime.cpp, line 625]
Event: 76.533 Thread 0x0000020aa1fd3a50 Exception <a 'java/lang/IncompatibleClassChangeError'{0x00000007266e5ae0}: Found class java.lang.Object, but interface was expected> (0x00000007266e5ae0) 
thrown [s\open\src\hotspot\share\interpreter\linkResolver.cpp, line 826]
Event: 76.533 Thread 0x0000020aa1fd3a50 Exception <a 'java/lang/IncompatibleClassChangeError'{0x00000007266e95c8}: Found class java.lang.Object, but interface was expected> (0x00000007266e95c8) 
thrown [s\open\src\hotspot\share\interpreter\linkResolver.cpp, line 826]
Event: 81.050 Thread 0x0000020aa1ac4c20 Exception <a 'sun/nio/fs/WindowsException'{0x0000000725723e20}> (0x0000000725723e20) 
thrown [s\open\src\hotspot\share\prims\jni.cpp, line 516]

VM Operations (20 events):
Event: 76.362 Executing VM operation: HandshakeAllThreads
Event: 76.362 Executing VM operation: HandshakeAllThreads done
Event: 76.867 Executing VM operation: HandshakeAllThreads
Event: 76.867 Executing VM operation: HandshakeAllThreads done
Event: 77.101 Executing VM operation: HandshakeAllThreads
Event: 77.101 Executing VM operation: HandshakeAllThreads done
Event: 77.101 Executing VM operation: Cleanup
Event: 77.107 Executing VM operation: Cleanup done
Event: 78.107 Executing VM operation: Cleanup
Event: 78.110 Executing VM operation: Cleanup done
Event: 79.110 Executing VM operation: Cleanup
Event: 79.110 Executing VM operation: Cleanup done
Event: 81.111 Executing VM operation: Cleanup
Event: 81.111 Executing VM operation: Cleanup done
Event: 81.176 Executing VM operation: G1CollectForAllocation
Event: 81.184 Executing VM operation: G1CollectForAllocation done
Event: 82.194 Executing VM operation: Cleanup
Event: 82.195 Executing VM operation: Cleanup done
Event: 86.240 Executing VM operation: Cleanup
Event: 86.240 Executing VM operation: Cleanup done

Events (20 events):
Event: 75.045 Thread 0x0000020aa0c2d3b0 flushing nmethod 0x0000020a897be610
Event: 75.045 Thread 0x0000020aa0c2d3b0 flushing nmethod 0x0000020a897c1b10
Event: 75.046 Thread 0x0000020aa0c2d3b0 flushing nmethod 0x0000020a898e4010
Event: 75.046 Thread 0x0000020aa0c2d3b0 flushing nmethod 0x0000020a8991eb90
Event: 75.046 Thread 0x0000020aa0c2d3b0 flushing nmethod 0x0000020a89920a10
Event: 75.046 Thread 0x0000020aa0c2d3b0 flushing nmethod 0x0000020a89922590
Event: 75.046 Thread 0x0000020aa0c2d3b0 flushing nmethod 0x0000020a89925d90
Event: 75.047 Thread 0x0000020aa0c2d3b0 flushing nmethod 0x0000020a899c3410
Event: 75.047 Thread 0x0000020aa0c2d3b0 flushing nmethod 0x0000020a899c4610
Event: 75.047 Thread 0x0000020aa0c2d3b0 flushing nmethod 0x0000020a899c5f10
Event: 75.994 Thread 0x0000020aa17016c0 Thread added: 0x0000020aa17016c0
Event: 76.022 Thread 0x0000020aa17020e0 Thread added: 0x0000020aa17020e0
Event: 76.450 Thread 0x0000020aa5d6c300 Thread added: 0x0000020aa5d6c300
Event: 77.031 Thread 0x0000020aa17020e0 Thread exited: 0x0000020aa17020e0
Event: 77.162 Thread 0x0000020aa1704e70 Thread added: 0x0000020aa1704e70
Event: 78.484 Thread 0x0000020aa1704e70 Thread exited: 0x0000020aa1704e70
Event: 78.781 Thread 0x0000020aa17016c0 Thread exited: 0x0000020aa17016c0
Event: 80.775 Thread 0x0000020aa1704450 Thread added: 0x0000020aa1704450
Event: 85.298 Thread 0x0000020aa1704450 Thread exited: 0x0000020aa1704450
Event: 86.635 Thread 0x0000020aa1700790 Thread added: 0x0000020aa1700790


Dynamic libraries:
0x00007ff6e3190000 - 0x00007ff6e31a0000 	C:\Program Files\Java\jdk-18.0.2.1\bin\java.exe
0x00007ffc06f00000 - 0x00007ffc07109000 	C:\WINDOWS\SYSTEM32\ntdll.dll
0x00007ffc05d90000 - 0x00007ffc05e4d000 	C:\WINDOWS\System32\KERNEL32.DLL
0x00007ffc046c0000 - 0x00007ffc04a44000 	C:\WINDOWS\System32\KERNELBASE.dll
0x00007ffc04ad0000 - 0x00007ffc04be1000 	C:\WINDOWS\System32\ucrtbase.dll
0x00007ffbe1710000 - 0x00007ffbe1728000 	C:\Program Files\Java\jdk-18.0.2.1\bin\jli.dll
0x00007ffbdff60000 - 0x00007ffbdff7a000 	C:\Program Files\Java\jdk-18.0.2.1\bin\VCRUNTIME140.dll
0x00007ffc05ae0000 - 0x00007ffc05b8e000 	C:\WINDOWS\System32\ADVAPI32.dll
0x00007ffc05120000 - 0x00007ffc051c3000 	C:\WINDOWS\System32\msvcrt.dll
0x00007ffc05f50000 - 0x00007ffc05fee000 	C:\WINDOWS\System32\sechost.dll
0x00007ffc06010000 - 0x00007ffc06131000 	C:\WINDOWS\System32\RPCRT4.dll
0x00007ffc05b90000 - 0x00007ffc05d3d000 	C:\WINDOWS\System32\USER32.dll
0x00007ffc04d20000 - 0x00007ffc04d46000 	C:\WINDOWS\System32\win32u.dll
0x00007ffc05d40000 - 0x00007ffc05d6a000 	C:\WINDOWS\System32\GDI32.dll
0x00007ffc045a0000 - 0x00007ffc046be000 	C:\WINDOWS\System32\gdi32full.dll
0x00007ffc04500000 - 0x00007ffc0459d000 	C:\WINDOWS\System32\msvcp_win.dll
0x00007ffbf5f70000 - 0x00007ffbf6215000 	C:\WINDOWS\WinSxS\amd64_microsoft.windows.common-controls_6595b64144ccf1df_6.0.22000.120_none_9d947278b86cc467\COMCTL32.dll
0x00007ffc03d40000 - 0x00007ffc03d4a000 	C:\WINDOWS\SYSTEM32\VERSION.dll
0x00007ffc06e80000 - 0x00007ffc06eb1000 	C:\WINDOWS\System32\IMM32.DLL
0x00007ffc069f0000 - 0x00007ffc06b8a000 	C:\WINDOWS\System32\ole32.dll
0x00007ffc05760000 - 0x00007ffc05ad6000 	C:\WINDOWS\System32\combase.dll
0x00007ffc03d30000 - 0x00007ffc03d3b000 	C:\WINDOWS\system32\fltlib.dll
0x00007ffbe95a0000 - 0x00007ffbe95ac000 	C:\Program Files\Java\jdk-18.0.2.1\bin\vcruntime140_1.dll
0x00007ffbbe000000 - 0x00007ffbbe08d000 	C:\Program Files\Java\jdk-18.0.2.1\bin\msvcp140.dll
0x00007ffbbd3e0000 - 0x00007ffbbdff1000 	C:\Program Files\Java\jdk-18.0.2.1\bin\server\jvm.dll
0x00007ffc05f40000 - 0x00007ffc05f48000 	C:\WINDOWS\System32\PSAPI.DLL
0x00007ffbe78f0000 - 0x00007ffbe78f9000 	C:\WINDOWS\SYSTEM32\WSOCK32.dll
0x00007ffc05020000 - 0x00007ffc0508f000 	C:\WINDOWS\System32\WS2_32.dll
0x00007ffbfb9f0000 - 0x00007ffbfba23000 	C:\WINDOWS\SYSTEM32\WINMM.dll
0x00007ffc03240000 - 0x00007ffc03258000 	C:\WINDOWS\SYSTEM32\kernel.appcore.dll
0x00007ffbe1580000 - 0x00007ffbe158a000 	C:\Program Files\Java\jdk-18.0.2.1\bin\jimage.dll
0x00007ffc01f40000 - 0x00007ffc02161000 	C:\WINDOWS\SYSTEM32\DBGHELP.DLL
0x00007ffbe8c40000 - 0x00007ffbe8c71000 	C:\WINDOWS\SYSTEM32\dbgcore.DLL
0x00007ffc04a50000 - 0x00007ffc04acf000 	C:\WINDOWS\System32\bcryptPrimitives.dll
0x00007ffbe09e0000 - 0x00007ffbe09ee000 	C:\Program Files\Java\jdk-18.0.2.1\bin\instrument.dll
0x00007ffbd9100000 - 0x00007ffbd9125000 	C:\Program Files\Java\jdk-18.0.2.1\bin\java.dll
0x00007ffbbd300000 - 0x00007ffbbd3d6000 	C:\Program Files\Java\jdk-18.0.2.1\bin\jsvml.dll
0x00007ffc061c0000 - 0x00007ffc06985000 	C:\WINDOWS\System32\SHELL32.dll
0x00007ffc02300000 - 0x00007ffc02b62000 	C:\WINDOWS\SYSTEM32\windows.storage.dll
0x00007ffc02190000 - 0x00007ffc022f7000 	C:\WINDOWS\SYSTEM32\wintypes.dll
0x00007ffc04e40000 - 0x00007ffc04f2a000 	C:\WINDOWS\System32\SHCORE.dll
0x00007ffc06990000 - 0x00007ffc069ed000 	C:\WINDOWS\System32\shlwapi.dll
0x00007ffc042c0000 - 0x00007ffc042e5000 	C:\WINDOWS\SYSTEM32\profapi.dll
0x00007ffbd9060000 - 0x00007ffbd9078000 	C:\Program Files\Java\jdk-18.0.2.1\bin\zip.dll
0x00007ffbd9040000 - 0x00007ffbd9053000 	C:\Program Files\Java\jdk-18.0.2.1\bin\net.dll
0x00007ffbfeeb0000 - 0x00007ffbfefc4000 	C:\WINDOWS\SYSTEM32\WINHTTP.dll
0x00007ffc03740000 - 0x00007ffc037a7000 	C:\WINDOWS\system32\mswsock.dll
0x00007ffbd8270000 - 0x00007ffbd8286000 	C:\Program Files\Java\jdk-18.0.2.1\bin\nio.dll
0x00007ffbd9900000 - 0x00007ffbd9910000 	C:\Program Files\Java\jdk-18.0.2.1\bin\verify.dll
0x00007ffbdee20000 - 0x00007ffbdee65000 	C:\Users\hyper\AppData\Roaming\Code\User\globalStorage\redhat.java\1.38.0\config_win\org.eclipse.equinox.launcher\org.eclipse.equinox.launcher.win32.win32.x86_64_1.2.1100.v20240722-2106\eclipse_11904.dll
0x00007ffc03e60000 - 0x00007ffc03e78000 	C:\WINDOWS\SYSTEM32\CRYPTSP.dll
0x00007ffc03200000 - 0x00007ffc03235000 	C:\WINDOWS\system32\rsaenh.dll
0x00007ffc037e0000 - 0x00007ffc0380c000 	C:\WINDOWS\SYSTEM32\USERENV.dll
0x00007ffc03ea0000 - 0x00007ffc03ec7000 	C:\WINDOWS\SYSTEM32\bcrypt.dll
0x00007ffc03930000 - 0x00007ffc0393c000 	C:\WINDOWS\SYSTEM32\CRYPTBASE.dll
0x00007ffc02dc0000 - 0x00007ffc02ded000 	C:\WINDOWS\SYSTEM32\IPHLPAPI.DLL
0x00007ffc05010000 - 0x00007ffc05019000 	C:\WINDOWS\System32\NSI.dll
0x00007ffbfebf0000 - 0x00007ffbfec09000 	C:\WINDOWS\SYSTEM32\dhcpcsvc6.DLL
0x00007ffbff3f0000 - 0x00007ffbff40e000 	C:\WINDOWS\SYSTEM32\dhcpcsvc.DLL
0x00007ffc02e30000 - 0x00007ffc02f17000 	C:\WINDOWS\SYSTEM32\DNSAPI.dll
0x00007ffbd9820000 - 0x00007ffbd9869000 	C:\Users\hyper\AppData\Local\Temp\jna-99761772\jna15977244592777010191.dll
0x00007ffc032c0000 - 0x00007ffc032f4000 	C:\WINDOWS\SYSTEM32\ntmarta.dll

dbghelp: loaded successfully - version: 4.0.5 - missing functions: none
symbol engine: initialized successfully - sym options: 0x614 - pdb path: .;C:\Program Files\Java\jdk-18.0.2.1\bin;C:\WINDOWS\SYSTEM32;C:\WINDOWS\WinSxS\amd64_microsoft.windows.common-controls_6595b64144ccf1df_6.0.22000.120_none_9d947278b86cc467;C:\Program Files\Java\jdk-18.0.2.1\bin\server;C:\Users\hyper\AppData\Roaming\Code\User\globalStorage\redhat.java\1.38.0\config_win\org.eclipse.equinox.launcher\org.eclipse.equinox.launcher.win32.win32.x86_64_1.2.1100.v20240722-2106;C:\Users\hyper\AppData\Local\Temp\jna-99761772

VM Arguments:
jvm_args: --add-modules=ALL-SYSTEM --add-opens=java.base/java.util=ALL-UNNAMED --add-opens=java.base/java.lang=ALL-UNNAMED --add-opens=java.base/sun.nio.fs=ALL-UNNAMED -Declipse.application=org.eclipse.jdt.ls.core.id1 -Dosgi.bundles.defaultStartLevel=4 -Declipse.product=org.eclipse.jdt.ls.core.product -Djava.import.generatesMetadataFilesAtProjectRoot=false -DDetectVMInstallationsJob.disabled=true -Dfile.encoding=utf8 -Xlog:disable -javaagent:c:\Users\hyper\.vscode\extensions\redhat.java-1.38.0-win32-x64\lombok\lombok-1.18.34.jar -XX:+HeapDumpOnOutOfMemoryError -XX:HeapDumpPath=c:\Users\hyper\AppData\Roaming\Code\User\workspaceStorage\55103842018b78ebd48e089c0df41d06\redhat.java -Daether.dependencyCollector.impl=bf 
java_command: c:\Users\hyper\.vscode\extensions\redhat.java-1.38.0-win32-x64\server\plugins\org.eclipse.equinox.launcher_1.6.900.v20240613-2009.jar -configuration c:\Users\hyper\AppData\Roaming\Code\User\globalStorage\redhat.java\1.38.0\config_win -data c:\Users\hyper\AppData\Roaming\Code\User\workspaceStorage\55103842018b78ebd48e089c0df41d06\redhat.java\jdt_ws --pipe=\\.\pipe\lsp-88e7c3b9e16f16e8e93ca91520d70cea-sock
java_class_path (initial): c:\Users\hyper\.vscode\extensions\redhat.java-1.38.0-win32-x64\server\plugins\org.eclipse.equinox.launcher_1.6.900.v20240613-2009.jar
Launcher Type: SUN_STANDARD

[Global flags]
     intx CICompilerCount                          = 4                                         {product} {ergonomic}
     uint ConcGCThreads                            = 2                                         {product} {ergonomic}
     uint G1ConcRefinementThreads                  = 8                                         {product} {ergonomic}
   size_t G1HeapRegionSize                         = 2097152                                   {product} {ergonomic}
    uintx GCDrainStackTargetSize                   = 64                                        {product} {ergonomic}
     bool HeapDumpOnOutOfMemoryError               = true                                   {manageable} {command line}
    ccstr HeapDumpPath                             = c:\Users\hyper\AppData\Roaming\Code\User\workspaceStorage\55103842018b78ebd48e089c0df41d06\redhat.java         {manageable} {command line}
   size_t InitialHeapSize                          = 268435456                                 {product} {ergonomic}
   size_t MarkStackSize                            = 4194304                                   {product} {ergonomic}
   size_t MaxHeapSize                              = 4269801472                                {product} {ergonomic}
   size_t MaxNewSize                               = 2560622592                                {product} {ergonomic}
   size_t MinHeapDeltaBytes                        = 2097152                                   {product} {ergonomic}
   size_t MinHeapSize                              = 8388608                                   {product} {ergonomic}
    uintx NonNMethodCodeHeapSize                   = 5839372                                {pd product} {ergonomic}
    uintx NonProfiledCodeHeapSize                  = 122909434                              {pd product} {ergonomic}
    uintx ProfiledCodeHeapSize                     = 122909434                              {pd product} {ergonomic}
    uintx ReservedCodeCacheSize                    = 251658240                              {pd product} {ergonomic}
     bool SegmentedCodeCache                       = true                                      {product} {ergonomic}
   size_t SoftMaxHeapSize                          = 4269801472                             {manageable} {ergonomic}
     bool UseCompressedClassPointers               = true                           {product lp64_product} {ergonomic}
     bool UseCompressedOops                        = true                           {product lp64_product} {ergonomic}
     bool UseG1GC                                  = true                                      {product} {ergonomic}
     bool UseLargePagesIndividualAllocation        = false                                  {pd product} {ergonomic}

Logging:
Log output configuration:
 #0: stdout all=off uptime,level,tags foldmultilines=false
 #1: stderr all=off uptime,level,tags foldmultilines=false

Environment Variables:
JAVA_HOME=C:\Program Files\Java\jdk-18.0.2.1
PATH=C:\Program Files\Common Files\Oracle\Java\javapath;C:\WINDOWS\system32;C:\WINDOWS;C:\WINDOWS\System32\Wbem;C:\WINDOWS\System32\WindowsPowerShell\v1.0\;C:\WINDOWS\System32\OpenSSH\;C:\Program Files (x86)\NVIDIA Corporation\PhysX\Common;C:\Program Files\NVIDIA Corporation\NVIDIA NvDLISR;J:\.important\Documents\apache-maven-3.8.6\bin;C:\Program Files\Microsoft SQL Server\Client SDK\ODBC\170\Tools\Binn\;C:\Program Files (x86)\Microsoft SQL Server\150\Tools\Binn\;C:\Program Files\Microsoft SQL Server\150\Tools\Binn\;C:\Program Files\Microsoft SQL Server\150\DTS\Binn\;C:\Program Files (x86)\Microsoft SQL Server\160\DTS\Binn\;C:\Users\hyper\Downloads\curl-8.10.1_2-win64-mingw\curl-8.10.1_2-win64-mingw\bin;C:\C:\Program Files\Java\jdk-18.0.2.1\bin;C:\Program Files\OpenSSL-Win64\bin;C:\Program Files\dotnet\;C:\Program Files\Git\cmd;H:\;C:\Program Files (x86)\Microsoft SQL Server\160\Tools\Binn\;C:\Program Files\Microsoft SQL Server\160\Tools\Binn\;C:\Program Files\Microsoft SQL Server\160\DTS\Binn\;J:\Docker\resources\bin;C:\Users\hyper\AppData\Local\Microsoft\WindowsApps;C:\Users\hyper\AppData\Local\Programs\Microsoft VS Code\bin;C:\Program Files\Java\jdk-18.0.2.1\bin;C:\Users\hyper\AppData\Roaming\npm
USERNAME=hyper
OS=Windows_NT
PROCESSOR_IDENTIFIER=Intel64 Family 6 Model 60 Stepping 3, GenuineIntel



---------------  S Y S T E M  ---------------

OS:
 Windows 11 , 64 bit Build 22000 (10.0.22000.2538)
OS uptime: 1 days 9:35 hours
Hyper-V role detected

CPU: total 8 (initial active 8) (4 cores per cpu, 2 threads per core) family 6 model 60 stepping 3 microcode 0x28, cx8, cmov, fxsr, ht, mmx, sse, sse2, sse3, ssse3, sse4.1, sse4.2, popcnt, lzcnt, tsc, tscinvbit, avx, avx2, aes, erms, clmul, bmi1, bmi2, fma, vzeroupper, clflush, hv

Memory: 4k page, system-wide physical 16283M (518M free)
TotalPageFile size 36283M (AvailPageFile size 5M)
current process WorkingSet (physical memory assigned to process): 989M, peak: 1065M
current process commit charge ("private bytes"): 937M, peak: 1008M

vm_info: Java HotSpot(TM) 64-Bit Server VM (18.0.2.1+1-1) for windows-amd64 JRE (18.0.2.1+1-1), built on Aug 16 2022 01:46:33 by "mach5one" with MS VC++ 16.8 / 16.9 (VS2019)

END.
