#
# There is insufficient memory for the Java Runtime Environment to continue.
# Native memory allocation (mmap) failed to map 652214272 bytes for G1 virtual space
# Possible reasons:
#   The system is out of physical RAM or swap space
#   The process is running with CompressedOops enabled, and the Java Heap may be blocking the growth of the native heap
# Possible solutions:
#   Reduce memory load on the system
#   Increase physical memory or swap space
#   Check if swap backing store is full
#   Decrease Java heap size (-Xmx/-Xms)
#   Decrease number of Java threads
#   Decrease Java thread stack sizes (-Xss)
#   Set larger code cache with -XX:ReservedCodeCacheSize=
#   JVM is running with Zero Based Compressed Oops mode in which the Java heap is
#     placed in the first 32GB address space. The Java Heap base address is the
#     maximum limit for the native heap growth. Please use -XX:HeapBaseMinAddress
#     to set the Java Heap base and to place the Java Heap above 32GB virtual address.
# This output file may be truncated or incomplete.
#
#  Out of Memory Error (os_windows.cpp:3530), pid=96324, tid=73552
#
# JRE version: Java(TM) SE Runtime Environment (18.0.2.1+1) (build 18.0.2.1+1-1)
# Java VM: Java HotSpot(TM) 64-Bit Server VM (18.0.2.1+1-1, mixed mode, sharing, tiered, compressed oops, compressed class ptrs, g1 gc, windows-amd64)
# No core dump will be written. Minidumps are not enabled by default on client versions of Windows
#

---------------  S U M M A R Y ------------

Command Line: --add-modules=ALL-SYSTEM --add-opens=java.base/java.util=ALL-UNNAMED --add-opens=java.base/java.lang=ALL-UNNAMED --add-opens=java.base/sun.nio.fs=ALL-UNNAMED -Declipse.application=org.eclipse.jdt.ls.core.id1 -Dosgi.bundles.defaultStartLevel=4 -Declipse.product=org.eclipse.jdt.ls.core.product -Djava.import.generatesMetadataFilesAtProjectRoot=false -DDetectVMInstallationsJob.disabled=true -Dfile.encoding=utf8 -Xlog:disable -javaagent:c:\Users\hyper\.vscode\extensions\redhat.java-1.38.0-win32-x64\lombok\lombok-1.18.34.jar -XX:+HeapDumpOnOutOfMemoryError -XX:HeapDumpPath=c:\Users\hyper\AppData\Roaming\Code\User\workspaceStorage\55103842018b78ebd48e089c0df41d06\redhat.java -Daether.dependencyCollector.impl=bf c:\Users\hyper\.vscode\extensions\redhat.java-1.38.0-win32-x64\server\plugins\org.eclipse.equinox.launcher_1.6.900.v20240613-2009.jar -configuration c:\Users\hyper\AppData\Roaming\Code\User\globalStorage\redhat.java\1.38.0\config_win -data c:\Users\hyper\AppData\Roaming\Code\User\workspaceStorage\55103842018b78ebd48e089c0df41d06\redhat.java\jdt_ws --pipe=\\.\pipe\lsp-b1337d12c6b1021c9d126ea81fbc3096-sock

Host: Intel(R) Core(TM) i7-4770K CPU @ 3.50GHz, 8 cores, 15G,  Windows 11 , 64 bit Build 22000 (10.0.22000.2538)
Time: Fri Mar  7 21:21:11 2025 Volgograd Standard Time elapsed time: 43.072884 seconds (0d 0h 0m 43s)

---------------  T H R E A D  ---------------

Current thread (0x000001ab637c7730):  VMThread "VM Thread" [stack: 0x000000621be00000,0x000000621bf00000] [id=73552]

Stack: [0x000000621be00000,0x000000621bf00000]
Native frames: (J=compiled Java code, j=interpreted, Vv=VM code, C=native code)
V  [jvm.dll+0x6993aa]
V  [jvm.dll+0x7f46dd]
V  [jvm.dll+0x7f5fee]
V  [jvm.dll+0x7f66a3]
V  [jvm.dll+0x25cf1f]
V  [jvm.dll+0x6962f9]
V  [jvm.dll+0x68ae2a]
V  [jvm.dll+0x32255b]
V  [jvm.dll+0x329f36]
V  [jvm.dll+0x37eade]
V  [jvm.dll+0x37ed0f]
V  [jvm.dll+0x2fa2da]
V  [jvm.dll+0x2fa387]
V  [jvm.dll+0x33e8c2]
V  [jvm.dll+0x33ce64]
V  [jvm.dll+0x2f9ab0]
V  [jvm.dll+0x33c43b]
V  [jvm.dll+0x7fb48b]
V  [jvm.dll+0x7fc224]
V  [jvm.dll+0x7fc75c]
V  [jvm.dll+0x7fcbb4]
V  [jvm.dll+0x7fcc77]
V  [jvm.dll+0x7a120a]
V  [jvm.dll+0x698255]
C  [ucrtbase.dll+0x26c0c]
C  [KERNEL32.DLL+0x153e0]
C  [ntdll.dll+0x485b]

VM_Operation (0x000000621e1fe8e0): G1CollectForAllocation, mode: safepoint, requested by thread 0x000001ab6b78da20


---------------  P R O C E S S  ---------------

Threads class SMR info:
_java_thread_list=0x000001ab6b608cb0, length=69, elements={
0x000001ab432d0190, 0x000001ab637cd570, 0x000001ab637ce880, 0x000001ab637e7520,
0x000001ab637e8f40, 0x000001ab637e97f0, 0x000001ab637ea840, 0x000001ab637ebbc0,
0x000001ab6382d4b0, 0x000001ab6382e760, 0x000001ab6a497d60, 0x000001ab6a6e8740,
0x000001ab6b36fe20, 0x000001ab6af4eec0, 0x000001ab6ae3f230, 0x000001ab6ae3fac0,
0x000001ab6b690500, 0x000001ab6b03f580, 0x000001ab6b78cbb0, 0x000001ab6b78c6e0,
0x000001ab6b78b3a0, 0x000001ab6b78d080, 0x000001ab6b78d550, 0x000001ab6b78da20,
0x000001ab6b78a060, 0x000001ab6b78b870, 0x000001ab6b78a530, 0x000001ab6e4a6a10,
0x000001ab6e4a56d0, 0x000001ab6e4a6070, 0x000001ab6e4a1840, 0x000001ab6e4a6540,
0x000001ab6e4a3050, 0x000001ab6e4a86f0, 0x000001ab6e4a1d10, 0x000001ab6e4a6ee0,
0x000001ab6e4a73b0, 0x000001ab6e4a4860, 0x000001ab6e4a21e0, 0x000001ab6e4a4390,
0x000001ab6e4a8bc0, 0x000001ab6e4a9090, 0x000001ab6e4a26b0, 0x000001ab6e4a2b80,
0x000001ab6e4a5200, 0x000001ab6e4a3520, 0x000001ab6e4a3ec0, 0x000001ab6e4a7880,
0x000001ab6e4a39f0, 0x000001ab6e4a4d30, 0x000001ab6e4a7d50, 0x000001ab6e4a5ba0,
0x000001ab6e4a8220, 0x000001ab6b78aed0, 0x000001ab6cc0c090, 0x000001ab6cc0ca30,
0x000001ab6cc069f0, 0x000001ab6cc0d8a0, 0x000001ab6cc09ee0, 0x000001ab6cc07d30,
0x000001ab6cc0dd70, 0x000001ab6cc0a880, 0x000001ab6cc0bbc0, 0x000001ab6cc0ad50,
0x000001ab6cc0b6f0, 0x000001ab6cc07390, 0x000001ab6cc08ba0, 0x000001ab6cc07860,
0x000001ab6dae1570
}

Java Threads: ( => current thread )
  0x000001ab432d0190 JavaThread "main" [_thread_blocked, id=73256, stack(0x000000621b800000,0x000000621b900000)]
  0x000001ab637cd570 JavaThread "Reference Handler" daemon [_thread_blocked, id=72424, stack(0x000000621bf00000,0x000000621c000000)]
  0x000001ab637ce880 JavaThread "Finalizer" daemon [_thread_blocked, id=73460, stack(0x000000621c000000,0x000000621c100000)]
  0x000001ab637e7520 JavaThread "Signal Dispatcher" daemon [_thread_blocked, id=59888, stack(0x000000621c100000,0x000000621c200000)]
  0x000001ab637e8f40 JavaThread "Attach Listener" daemon [_thread_blocked, id=79344, stack(0x000000621c200000,0x000000621c300000)]
  0x000001ab637e97f0 JavaThread "Service Thread" daemon [_thread_blocked, id=75908, stack(0x000000621c300000,0x000000621c400000)]
  0x000001ab637ea840 JavaThread "Monitor Deflation Thread" daemon [_thread_blocked, id=96552, stack(0x000000621c400000,0x000000621c500000)]
  0x000001ab637ebbc0 JavaThread "C2 CompilerThread0" daemon [_thread_blocked, id=72480, stack(0x000000621c500000,0x000000621c600000)]
  0x000001ab6382d4b0 JavaThread "C1 CompilerThread0" daemon [_thread_blocked, id=85496, stack(0x000000621c600000,0x000000621c700000)]
  0x000001ab6382e760 JavaThread "Sweeper thread" daemon [_thread_blocked, id=19836, stack(0x000000621c700000,0x000000621c800000)]
  0x000001ab6a497d60 JavaThread "Common-Cleaner" daemon [_thread_blocked, id=73720, stack(0x000000621c800000,0x000000621c900000)]
  0x000001ab6a6e8740 JavaThread "Notification Thread" daemon [_thread_blocked, id=72088, stack(0x000000621c900000,0x000000621ca00000)]
  0x000001ab6b36fe20 JavaThread "Active Thread: Equinox Container: 31b7482b-d128-405e-8f5a-fc45adfcb870" [_thread_blocked, id=83388, stack(0x000000621cc00000,0x000000621cd00000)]
  0x000001ab6af4eec0 JavaThread "Refresh Thread: Equinox Container: 31b7482b-d128-405e-8f5a-fc45adfcb870" daemon [_thread_blocked, id=93992, stack(0x000000621d300000,0x000000621d400000)]
  0x000001ab6ae3f230 JavaThread "Framework Event Dispatcher: Equinox Container: 31b7482b-d128-405e-8f5a-fc45adfcb870" daemon [_thread_blocked, id=20552, stack(0x000000621d400000,0x000000621d500000)]
  0x000001ab6ae3fac0 JavaThread "Start Level: Equinox Container: 31b7482b-d128-405e-8f5a-fc45adfcb870" daemon [_thread_blocked, id=74592, stack(0x000000621d500000,0x000000621d600000)]
  0x000001ab6b690500 JavaThread "Bundle File Closer" daemon [_thread_blocked, id=65808, stack(0x000000621d800000,0x000000621d900000)]
  0x000001ab6b03f580 JavaThread "SCR Component Actor" daemon [_thread_blocked, id=92368, stack(0x000000621d700000,0x000000621d800000)]
  0x000001ab6b78cbb0 JavaThread "Worker-JM" [_thread_blocked, id=90140, stack(0x000000621d900000,0x000000621da00000)]
  0x000001ab6b78c6e0 JavaThread "JNA Cleaner" daemon [_thread_blocked, id=83620, stack(0x000000621da00000,0x000000621db00000)]
  0x000001ab6b78b3a0 JavaThread "Worker-0: Check JDK Index" [_thread_blocked, id=95376, stack(0x000000621db00000,0x000000621dc00000)]
  0x000001ab6b78d080 JavaThread "Worker-1" [_thread_blocked, id=17200, stack(0x000000621dc00000,0x000000621dd00000)]
  0x000001ab6b78d550 JavaThread "Worker-2" [_thread_blocked, id=96556, stack(0x000000621dd00000,0x000000621de00000)]
  0x000001ab6b78da20 JavaThread "Java indexing" daemon [_thread_blocked, id=93064, stack(0x000000621e100000,0x000000621e200000)]
  0x000001ab6b78a060 JavaThread "Worker-3" [_thread_blocked, id=83800, stack(0x000000621e200000,0x000000621e300000)]
  0x000001ab6b78b870 JavaThread "Worker-4" [_thread_blocked, id=92892, stack(0x000000621e300000,0x000000621e400000)]
  0x000001ab6b78a530 JavaThread "Thread-2" daemon [_thread_in_native, id=55024, stack(0x000000621e600000,0x000000621e700000)]
  0x000001ab6e4a6a10 JavaThread "Thread-3" daemon [_thread_in_native, id=69144, stack(0x000000621e700000,0x000000621e800000)]
  0x000001ab6e4a56d0 JavaThread "Thread-4" daemon [_thread_in_native, id=71100, stack(0x000000621e800000,0x000000621e900000)]
  0x000001ab6e4a6070 JavaThread "Thread-5" daemon [_thread_in_native, id=93080, stack(0x000000621e900000,0x000000621ea00000)]
  0x000001ab6e4a1840 JavaThread "Thread-6" daemon [_thread_in_native, id=15716, stack(0x000000621ea00000,0x000000621eb00000)]
  0x000001ab6e4a6540 JavaThread "Thread-7" daemon [_thread_in_native, id=91576, stack(0x000000621eb00000,0x000000621ec00000)]
  0x000001ab6e4a3050 JavaThread "Thread-8" daemon [_thread_in_native, id=87752, stack(0x000000621ec00000,0x000000621ed00000)]
  0x000001ab6e4a86f0 JavaThread "Thread-9" daemon [_thread_in_native, id=14456, stack(0x000000621ed00000,0x000000621ee00000)]
  0x000001ab6e4a1d10 JavaThread "Thread-10" daemon [_thread_in_native, id=56340, stack(0x000000621ee00000,0x000000621ef00000)]
  0x000001ab6e4a6ee0 JavaThread "Worker-5" [_thread_blocked, id=89928, stack(0x000000621ef00000,0x000000621f000000)]
  0x000001ab6e4a73b0 JavaThread "pool-2-thread-1" [_thread_blocked, id=63312, stack(0x000000621f000000,0x000000621f100000)]
  0x000001ab6e4a4860 JavaThread "Worker-6: Java indexing... " [_thread_blocked, id=78632, stack(0x000000621f100000,0x000000621f200000)]
  0x000001ab6e4a21e0 JavaThread "LocalFile Deleter" daemon [_thread_blocked, id=90476, stack(0x000000621cb00000,0x000000621cc00000)]
  0x000001ab6e4a4390 JavaThread "LocalFile Deleter" daemon [_thread_blocked, id=96692, stack(0x000000621e000000,0x000000621e100000)]
  0x000001ab6e4a8bc0 JavaThread "LocalFile Deleter" daemon [_thread_blocked, id=68700, stack(0x000000621f200000,0x000000621f300000)]
  0x000001ab6e4a9090 JavaThread "LocalFile Deleter" daemon [_thread_blocked, id=88784, stack(0x000000621f300000,0x000000621f400000)]
  0x000001ab6e4a26b0 JavaThread "LocalFile Deleter" daemon [_thread_blocked, id=93544, stack(0x000000621f400000,0x000000621f500000)]
  0x000001ab6e4a2b80 JavaThread "LocalFile Deleter" daemon [_thread_blocked, id=87380, stack(0x000000621f500000,0x000000621f600000)]
  0x000001ab6e4a5200 JavaThread "LocalFile Deleter" daemon [_thread_blocked, id=68832, stack(0x000000621f600000,0x000000621f700000)]
  0x000001ab6e4a3520 JavaThread "LocalFile Deleter" daemon [_thread_blocked, id=79072, stack(0x000000621f700000,0x000000621f800000)]
  0x000001ab6e4a3ec0 JavaThread "WorkspaceEventsHandler" [_thread_blocked, id=65684, stack(0x000000621f800000,0x000000621f900000)]
  0x000001ab6e4a7880 JavaThread "pool-1-thread-1" [_thread_blocked, id=88112, stack(0x000000621f900000,0x000000621fa00000)]
  0x000001ab6e4a39f0 JavaThread "Compiler Source File Reader" daemon [_thread_blocked, id=21552, stack(0x000000621fb00000,0x000000621fc00000)]
  0x000001ab6e4a4d30 JavaThread "Compiler Source File Reader" daemon [_thread_blocked, id=92848, stack(0x000000621fc00000,0x000000621fd00000)]
  0x000001ab6e4a7d50 JavaThread "Compiler Source File Reader" daemon [_thread_blocked, id=19036, stack(0x000000621fd00000,0x000000621fe00000)]
  0x000001ab6e4a5ba0 JavaThread "Compiler Source File Reader" daemon [_thread_blocked, id=81404, stack(0x000000621fe00000,0x000000621ff00000)]
  0x000001ab6e4a8220 JavaThread "Compiler Source File Reader" daemon [_thread_blocked, id=80548, stack(0x000000621ff00000,0x0000006220000000)]
  0x000001ab6b78aed0 JavaThread "Compiler Source File Reader" daemon [_thread_blocked, id=15764, stack(0x0000006220000000,0x0000006220100000)]
  0x000001ab6cc0c090 JavaThread "Compiler Processing Task" daemon [_thread_blocked, id=60172, stack(0x0000006220100000,0x0000006220200000)]
  0x000001ab6cc0ca30 JavaThread "Compiler Class File Writer" daemon [_thread_blocked, id=96472, stack(0x0000006220200000,0x0000006220300000)]
  0x000001ab6cc069f0 JavaThread "Compiler Class File Writer" daemon [_thread_blocked, id=65624, stack(0x0000006220300000,0x0000006220400000)]
  0x000001ab6cc0d8a0 JavaThread "Compiler Class File Writer" daemon [_thread_blocked, id=83112, stack(0x0000006220400000,0x0000006220500000)]
  0x000001ab6cc09ee0 JavaThread "Compiler Class File Writer" daemon [_thread_blocked, id=66100, stack(0x0000006220500000,0x0000006220600000)]
  0x000001ab6cc07d30 JavaThread "Compiler Class File Writer" daemon [_thread_blocked, id=15968, stack(0x0000006220600000,0x0000006220700000)]
  0x000001ab6cc0dd70 JavaThread "Compiler Class File Writer" daemon [_thread_blocked, id=81384, stack(0x0000006220700000,0x0000006220800000)]
  0x000001ab6cc0a880 JavaThread "ForkJoinPool.commonPool-worker-1" daemon [_thread_blocked, id=96800, stack(0x0000006220d00000,0x0000006220e00000)]
  0x000001ab6cc0bbc0 JavaThread "ForkJoinPool.commonPool-worker-2" daemon [_thread_blocked, id=92528, stack(0x0000006220e00000,0x0000006220f00000)]
  0x000001ab6cc0ad50 JavaThread "ForkJoinPool.commonPool-worker-3" daemon [_thread_blocked, id=96948, stack(0x0000006220f00000,0x0000006221000000)]
  0x000001ab6cc0b6f0 JavaThread "ForkJoinPool.commonPool-worker-4" daemon [_thread_blocked, id=88564, stack(0x0000006221000000,0x0000006221100000)]
  0x000001ab6cc07390 JavaThread "ForkJoinPool.commonPool-worker-5" daemon [_thread_blocked, id=19700, stack(0x0000006221100000,0x0000006221200000)]
  0x000001ab6cc08ba0 JavaThread "ForkJoinPool.commonPool-worker-6" daemon [_thread_blocked, id=93928, stack(0x0000006221200000,0x0000006221300000)]
  0x000001ab6cc07860 JavaThread "ForkJoinPool.commonPool-worker-7" daemon [_thread_blocked, id=81864, stack(0x0000006221300000,0x0000006221400000)]
  0x000001ab6dae1570 JavaThread "Cleaner-0" daemon [_thread_blocked, id=680, stack(0x0000006220900000,0x0000006220a00000)]

Other Threads:
=>0x000001ab637c7730 VMThread "VM Thread" [stack: 0x000000621be00000,0x000000621bf00000] [id=73552]
  0x000001ab432d0ca0 WatcherThread "VM Periodic Task Thread" [stack: 0x000000621ca00000,0x000000621cb00000] [id=92552]
  0x000001ab4333bfa0 WorkerThread "GC Thread#0" [stack: 0x000000621b900000,0x000000621ba00000] [id=84432]
  0x000001ab6aa862f0 WorkerThread "GC Thread#1" [stack: 0x000000621cd00000,0x000000621ce00000] [id=95400]
  0x000001ab6aa86590 WorkerThread "GC Thread#2" [stack: 0x000000621ce00000,0x000000621cf00000] [id=90936]
  0x000001ab6aff7690 WorkerThread "GC Thread#3" [stack: 0x000000621cf00000,0x000000621d000000] [id=90628]
  0x000001ab6aff7930 WorkerThread "GC Thread#4" [stack: 0x000000621d000000,0x000000621d100000] [id=79852]
  0x000001ab6aff7bd0 WorkerThread "GC Thread#5" [stack: 0x000000621d100000,0x000000621d200000] [id=61308]
  0x000001ab6ac8d750 WorkerThread "GC Thread#6" [stack: 0x000000621d200000,0x000000621d300000] [id=85192]
  0x000001ab6a9a71d0 WorkerThread "GC Thread#7" [stack: 0x000000621d600000,0x000000621d700000] [id=65996]
  0x000001ab4334cc60 ConcurrentGCThread "G1 Main Marker" [stack: 0x000000621ba00000,0x000000621bb00000] [id=69504]
  0x000001ab4334d560 WorkerThread "G1 Conc#0" [stack: 0x000000621bb00000,0x000000621bc00000] [id=12752]
  0x000001ab6b1dfaa0 WorkerThread "G1 Conc#1" [stack: 0x000000621de00000,0x000000621df00000] [id=66272]
  0x000001ab63680a10 ConcurrentGCThread "G1 Refine#0" [stack: 0x000000621bc00000,0x000000621bd00000] [id=95540]
  0x000001ab6da38060 ConcurrentGCThread "G1 Refine#1" [stack: 0x000000621fa00000,0x000000621fb00000] [id=85720]
  0x000001ab6da38330 ConcurrentGCThread "G1 Refine#2" [stack: 0x0000006220800000,0x0000006220900000] [id=91548]
  0x000001ab6da388d0 ConcurrentGCThread "G1 Refine#3" [stack: 0x0000006220a00000,0x0000006220b00000] [id=67076]
  0x000001ab6d77bb50 ConcurrentGCThread "G1 Refine#4" [stack: 0x0000006220b00000,0x0000006220c00000] [id=84188]
  0x000001ab6d77b2e0 ConcurrentGCThread "G1 Refine#5" [stack: 0x0000006220c00000,0x0000006220d00000] [id=82900]
  0x000001ab63681230 ConcurrentGCThread "G1 Service" [stack: 0x000000621bd00000,0x000000621be00000] [id=72984]

Threads with active compile tasks:

VM state: at safepoint (normal execution)

VM Mutex/Monitor currently owned by a thread:  ([mutex/lock_event])
[0x000001ab432cbe80] Threads_lock - owner thread: 0x000001ab637c7730
[0x000001ab432cce40] Heap_lock - owner thread: 0x000001ab6b78da20

Heap address: 0x0000000701800000, size: 4072 MB, Compressed Oops mode: Zero based, Oop shift amount: 3

CDS archive(s) mapped at: [0x0000000800000000-0x0000000800ba0000-0x0000000800ba0000), size 12189696, SharedBaseAddress: 0x0000000800000000, ArchiveRelocationMode: 0.
Compressed class space mapped at: 0x0000000800c00000-0x0000000840c00000, reserved size: 1073741824
Narrow klass base: 0x0000000800000000, Narrow klass shift: 0, Narrow klass range: 0x100000000

GC Precious Log:
 CardTable entry size: 512
 Card Set container configuration: InlinePtr #cards 4 size 8 Array Of Cards #cards 16 size 48 Howl #buckets 8 coarsen threshold 3686 Howl Bitmap #cards 512 size 80 coarsen threshold 460 Card regions per heap region 1 cards per card region 4096
 CPUs: 8 total, 8 available
 Memory: 16283M
 Large Page Support: Disabled
 NUMA Support: Disabled
 Compressed Oops: Enabled (Zero based)
 Heap Region Size: 2M
 Heap Min Capacity: 8M
 Heap Initial Capacity: 256M
 Heap Max Capacity: 4072M
 Pre-touch: Disabled
 Parallel Workers: 8
 Concurrent Workers: 2
 Concurrent Refinement Workers: 8
 Periodic GC: Disabled

Heap:
 garbage-first heap   total 401408K, used 242711K [0x0000000701800000, 0x0000000800000000)
  region size 2048K, 6 young (12288K), 6 survivors (12288K)
 Metaspace       used 68956K, committed 70464K, reserved 1114112K
  class space    used 6809K, committed 7488K, reserved 1048576K

Heap Regions: E=young(eden), S=young(survivor), O=old, HS=humongous(starts), HC=humongous(continues), CS=collection set, F=free, OA=open archive, CA=closed archive, TAMS=top-at-mark-start (previous, next)
|   0|0x0000000701800000, 0x0000000701a00000, 0x0000000701a00000|100%| O|  |TAMS 0x0000000701a00000, 0x0000000701a00000| Untracked 
|   1|0x0000000701a00000, 0x0000000701c00000, 0x0000000701c00000|100%| O|  |TAMS 0x0000000701c00000, 0x0000000701c00000| Untracked 
|   2|0x0000000701c00000, 0x0000000701e00000, 0x0000000701e00000|100%| O|  |TAMS 0x0000000701e00000, 0x0000000701e00000| Untracked 
|   3|0x0000000701e00000, 0x0000000702000000, 0x0000000702000000|100%| O|  |TAMS 0x0000000702000000, 0x0000000702000000| Untracked 
|   4|0x0000000702000000, 0x0000000702200000, 0x0000000702200000|100%| O|  |TAMS 0x0000000702200000, 0x0000000702200000| Untracked 
|   5|0x0000000702200000, 0x0000000702400000, 0x0000000702400000|100%| O|  |TAMS 0x0000000702400000, 0x0000000702400000| Untracked 
|   6|0x0000000702400000, 0x0000000702600000, 0x0000000702600000|100%| O|  |TAMS 0x0000000702600000, 0x0000000702600000| Untracked 
|   7|0x0000000702600000, 0x0000000702800000, 0x0000000702800000|100%| O|  |TAMS 0x0000000702800000, 0x0000000702800000| Untracked 
|   8|0x0000000702800000, 0x0000000702a00000, 0x0000000702a00000|100%| O|  |TAMS 0x0000000702a00000, 0x0000000702a00000| Untracked 
|   9|0x0000000702a00000, 0x0000000702c00000, 0x0000000702c00000|100%| O|  |TAMS 0x0000000702c00000, 0x0000000702c00000| Untracked 
|  10|0x0000000702c00000, 0x0000000702e00000, 0x0000000702e00000|100%| O|  |TAMS 0x0000000702e00000, 0x0000000702e00000| Untracked 
|  11|0x0000000702e00000, 0x0000000703000000, 0x0000000703000000|100%| O|  |TAMS 0x0000000703000000, 0x0000000703000000| Untracked 
|  12|0x0000000703000000, 0x0000000703200000, 0x0000000703200000|100%| O|  |TAMS 0x0000000703200000, 0x0000000703200000| Untracked 
|  13|0x0000000703200000, 0x0000000703400000, 0x0000000703400000|100%| O|  |TAMS 0x0000000703400000, 0x0000000703400000| Untracked 
|  14|0x0000000703400000, 0x0000000703600000, 0x0000000703600000|100%| O|  |TAMS 0x0000000703600000, 0x0000000703600000| Untracked 
|  15|0x0000000703600000, 0x0000000703800000, 0x0000000703800000|100%| O|  |TAMS 0x0000000703800000, 0x0000000703800000| Untracked 
|  16|0x0000000703800000, 0x0000000703a00000, 0x0000000703a00000|100%| O|  |TAMS 0x0000000703a00000, 0x0000000703a00000| Untracked 
|  17|0x0000000703a00000, 0x0000000703c00000, 0x0000000703c00000|100%| O|  |TAMS 0x0000000703c00000, 0x0000000703c00000| Untracked 
|  18|0x0000000703c00000, 0x0000000703e00000, 0x0000000703e00000|100%| O|  |TAMS 0x0000000703e00000, 0x0000000703e00000| Untracked 
|  19|0x0000000703e00000, 0x0000000704000000, 0x0000000704000000|100%| O|  |TAMS 0x0000000704000000, 0x0000000704000000| Untracked 
|  20|0x0000000704000000, 0x0000000704200000, 0x0000000704200000|100%| O|  |TAMS 0x0000000704000000, 0x0000000704200000| Untracked 
|  21|0x0000000704200000, 0x0000000704400000, 0x0000000704400000|100%| O|  |TAMS 0x0000000704200000, 0x0000000704200000| Untracked 
|  22|0x0000000704400000, 0x0000000704600000, 0x0000000704600000|100%| O|  |TAMS 0x0000000704400000, 0x0000000704600000| Untracked 
|  23|0x0000000704600000, 0x0000000704800000, 0x0000000704800000|100%| O|  |TAMS 0x0000000704600000, 0x0000000704600000| Untracked 
|  24|0x0000000704800000, 0x0000000704a00000, 0x0000000704a00000|100%| O|  |TAMS 0x0000000704a00000, 0x0000000704a00000| Untracked 
|  25|0x0000000704a00000, 0x0000000704c00000, 0x0000000704c00000|100%| O|  |TAMS 0x0000000704c00000, 0x0000000704c00000| Untracked 
|  26|0x0000000704c00000, 0x0000000704e00000, 0x0000000704e00000|100%| O|  |TAMS 0x0000000704c00000, 0x0000000704e00000| Untracked 
|  27|0x0000000704e00000, 0x0000000705000000, 0x0000000705000000|100%| O|  |TAMS 0x0000000705000000, 0x0000000705000000| Untracked 
|  28|0x0000000705000000, 0x0000000705200000, 0x0000000705200000|100%| O|  |TAMS 0x0000000705200000, 0x0000000705200000| Untracked 
|  29|0x0000000705200000, 0x0000000705400000, 0x0000000705400000|100%| O|  |TAMS 0x0000000705400000, 0x0000000705400000| Untracked 
|  30|0x0000000705400000, 0x0000000705600000, 0x0000000705600000|100%| O|  |TAMS 0x0000000705600000, 0x0000000705600000| Untracked 
|  31|0x0000000705600000, 0x0000000705800000, 0x0000000705800000|100%| O|  |TAMS 0x0000000705800000, 0x0000000705800000| Untracked 
|  32|0x0000000705800000, 0x0000000705a00000, 0x0000000705a00000|100%| O|  |TAMS 0x0000000705a00000, 0x0000000705a00000| Untracked 
|  33|0x0000000705a00000, 0x0000000705c00000, 0x0000000705c00000|100%| O|  |TAMS 0x0000000705c00000, 0x0000000705c00000| Untracked 
|  34|0x0000000705c00000, 0x0000000705e00000, 0x0000000705e00000|100%| O|  |TAMS 0x0000000705e00000, 0x0000000705e00000| Untracked 
|  35|0x0000000705e00000, 0x0000000706000000, 0x0000000706000000|100%| O|  |TAMS 0x0000000706000000, 0x0000000706000000| Untracked 
|  36|0x0000000706000000, 0x0000000706200000, 0x0000000706200000|100%| O|  |TAMS 0x0000000706200000, 0x0000000706200000| Untracked 
|  37|0x0000000706200000, 0x0000000706400000, 0x0000000706400000|100%| O|  |TAMS 0x0000000706400000, 0x0000000706400000| Untracked 
|  38|0x0000000706400000, 0x0000000706600000, 0x0000000706600000|100%| O|  |TAMS 0x0000000706600000, 0x0000000706600000| Untracked 
|  39|0x0000000706600000, 0x0000000706800000, 0x0000000706800000|100%| O|  |TAMS 0x0000000706800000, 0x0000000706800000| Untracked 
|  40|0x0000000706800000, 0x0000000706a00000, 0x0000000706a00000|100%| O|  |TAMS 0x0000000706a00000, 0x0000000706a00000| Untracked 
|  41|0x0000000706a00000, 0x0000000706c00000, 0x0000000706c00000|100%| O|  |TAMS 0x0000000706c00000, 0x0000000706c00000| Untracked 
|  42|0x0000000706c00000, 0x0000000706e00000, 0x0000000706e00000|100%| O|  |TAMS 0x0000000706e00000, 0x0000000706e00000| Untracked 
|  43|0x0000000706e00000, 0x0000000707000000, 0x0000000707000000|100%| O|  |TAMS 0x0000000707000000, 0x0000000707000000| Untracked 
|  44|0x0000000707000000, 0x0000000707200000, 0x0000000707200000|100%| O|  |TAMS 0x0000000707200000, 0x0000000707200000| Untracked 
|  45|0x0000000707200000, 0x0000000707400000, 0x0000000707400000|100%| O|  |TAMS 0x0000000707400000, 0x0000000707400000| Untracked 
|  46|0x0000000707400000, 0x0000000707600000, 0x0000000707600000|100%| O|  |TAMS 0x0000000707600000, 0x0000000707600000| Untracked 
|  47|0x0000000707600000, 0x0000000707800000, 0x0000000707800000|100%| O|  |TAMS 0x0000000707800000, 0x0000000707800000| Untracked 
|  48|0x0000000707800000, 0x0000000707a00000, 0x0000000707a00000|100%|HS|  |TAMS 0x0000000707a00000, 0x0000000707a00000| Complete 
|  49|0x0000000707a00000, 0x0000000707c00000, 0x0000000707c00000|100%| O|  |TAMS 0x0000000707c00000, 0x0000000707c00000| Untracked 
|  50|0x0000000707c00000, 0x0000000707e00000, 0x0000000707e00000|100%| O|  |TAMS 0x0000000707e00000, 0x0000000707e00000| Untracked 
|  51|0x0000000707e00000, 0x0000000708000000, 0x0000000708000000|100%| O|  |TAMS 0x0000000708000000, 0x0000000708000000| Untracked 
|  52|0x0000000708000000, 0x0000000708200000, 0x0000000708200000|100%| O|  |TAMS 0x0000000708200000, 0x0000000708200000| Untracked 
|  53|0x0000000708200000, 0x0000000708400000, 0x0000000708400000|100%| O|  |TAMS 0x0000000708400000, 0x0000000708400000| Untracked 
|  54|0x0000000708400000, 0x0000000708600000, 0x0000000708600000|100%| O|  |TAMS 0x0000000708600000, 0x0000000708600000| Untracked 
|  55|0x0000000708600000, 0x0000000708800000, 0x0000000708800000|100%| O|  |TAMS 0x0000000708800000, 0x0000000708800000| Untracked 
|  56|0x0000000708800000, 0x0000000708a00000, 0x0000000708a00000|100%| O|  |TAMS 0x0000000708a00000, 0x0000000708a00000| Untracked 
|  57|0x0000000708a00000, 0x0000000708c00000, 0x0000000708c00000|100%| O|  |TAMS 0x0000000708c00000, 0x0000000708c00000| Untracked 
|  58|0x0000000708c00000, 0x0000000708e00000, 0x0000000708e00000|100%| O|  |TAMS 0x0000000708e00000, 0x0000000708e00000| Untracked 
|  59|0x0000000708e00000, 0x0000000709000000, 0x0000000709000000|100%| O|  |TAMS 0x0000000709000000, 0x0000000709000000| Untracked 
|  60|0x0000000709000000, 0x0000000709200000, 0x0000000709200000|100%| O|  |TAMS 0x0000000709200000, 0x0000000709200000| Untracked 
|  61|0x0000000709200000, 0x0000000709400000, 0x0000000709400000|100%| O|  |TAMS 0x0000000709400000, 0x0000000709400000| Untracked 
|  62|0x0000000709400000, 0x0000000709600000, 0x0000000709600000|100%| O|  |TAMS 0x0000000709600000, 0x0000000709600000| Untracked 
|  63|0x0000000709600000, 0x0000000709800000, 0x0000000709800000|100%| O|  |TAMS 0x0000000709800000, 0x0000000709800000| Untracked 
|  64|0x0000000709800000, 0x0000000709a00000, 0x0000000709a00000|100%| O|  |TAMS 0x0000000709a00000, 0x0000000709a00000| Untracked 
|  65|0x0000000709a00000, 0x0000000709c00000, 0x0000000709c00000|100%| O|  |TAMS 0x0000000709c00000, 0x0000000709c00000| Untracked 
|  66|0x0000000709c00000, 0x0000000709e00000, 0x0000000709e00000|100%| O|  |TAMS 0x0000000709e00000, 0x0000000709e00000| Untracked 
|  67|0x0000000709e00000, 0x000000070a000000, 0x000000070a000000|100%| O|  |TAMS 0x000000070a000000, 0x000000070a000000| Untracked 
|  68|0x000000070a000000, 0x000000070a200000, 0x000000070a200000|100%| O|  |TAMS 0x000000070a200000, 0x000000070a200000| Untracked 
|  69|0x000000070a200000, 0x000000070a400000, 0x000000070a400000|100%| O|  |TAMS 0x000000070a400000, 0x000000070a400000| Untracked 
|  70|0x000000070a400000, 0x000000070a600000, 0x000000070a600000|100%| O|  |TAMS 0x000000070a600000, 0x000000070a600000| Untracked 
|  71|0x000000070a600000, 0x000000070a800000, 0x000000070a800000|100%| O|  |TAMS 0x000000070a800000, 0x000000070a800000| Untracked 
|  72|0x000000070a800000, 0x000000070aa00000, 0x000000070aa00000|100%| O|  |TAMS 0x000000070aa00000, 0x000000070aa00000| Untracked 
|  73|0x000000070aa00000, 0x000000070ac00000, 0x000000070ac00000|100%| O|  |TAMS 0x000000070ac00000, 0x000000070ac00000| Untracked 
|  74|0x000000070ac00000, 0x000000070ae00000, 0x000000070ae00000|100%| O|  |TAMS 0x000000070ae00000, 0x000000070ae00000| Untracked 
|  75|0x000000070ae00000, 0x000000070b000000, 0x000000070b000000|100%| O|  |TAMS 0x000000070b000000, 0x000000070b000000| Untracked 
|  76|0x000000070b000000, 0x000000070b200000, 0x000000070b200000|100%| O|  |TAMS 0x000000070b000000, 0x000000070b000000| Untracked 
|  77|0x000000070b200000, 0x000000070b400000, 0x000000070b400000|100%| O|  |TAMS 0x000000070b400000, 0x000000070b400000| Untracked 
|  78|0x000000070b400000, 0x000000070b600000, 0x000000070b600000|100%| O|  |TAMS 0x000000070b600000, 0x000000070b600000| Untracked 
|  79|0x000000070b600000, 0x000000070b800000, 0x000000070b800000|100%| O|  |TAMS 0x000000070b800000, 0x000000070b800000| Untracked 
|  80|0x000000070b800000, 0x000000070ba00000, 0x000000070ba00000|100%| O|  |TAMS 0x000000070ba00000, 0x000000070ba00000| Untracked 
|  81|0x000000070ba00000, 0x000000070bc00000, 0x000000070bc00000|100%| O|  |TAMS 0x000000070bc00000, 0x000000070bc00000| Untracked 
|  82|0x000000070bc00000, 0x000000070be00000, 0x000000070be00000|100%| O|  |TAMS 0x000000070be00000, 0x000000070be00000| Untracked 
|  83|0x000000070be00000, 0x000000070c000000, 0x000000070c000000|100%| O|  |TAMS 0x000000070c000000, 0x000000070c000000| Untracked 
|  84|0x000000070c000000, 0x000000070c200000, 0x000000070c200000|100%| O|  |TAMS 0x000000070c200000, 0x000000070c200000| Untracked 
|  85|0x000000070c200000, 0x000000070c400000, 0x000000070c400000|100%| O|  |TAMS 0x000000070c400000, 0x000000070c400000| Untracked 
|  86|0x000000070c400000, 0x000000070c600000, 0x000000070c600000|100%| O|  |TAMS 0x000000070c600000, 0x000000070c600000| Untracked 
|  87|0x000000070c600000, 0x000000070c800000, 0x000000070c800000|100%| O|  |TAMS 0x000000070c800000, 0x000000070c800000| Untracked 
|  88|0x000000070c800000, 0x000000070ca00000, 0x000000070ca00000|100%| O|  |TAMS 0x000000070ca00000, 0x000000070ca00000| Untracked 
|  89|0x000000070ca00000, 0x000000070cc00000, 0x000000070cc00000|100%| O|  |TAMS 0x000000070cc00000, 0x000000070cc00000| Untracked 
|  90|0x000000070cc00000, 0x000000070ce00000, 0x000000070ce00000|100%| O|  |TAMS 0x000000070ce00000, 0x000000070ce00000| Untracked 
|  91|0x000000070ce00000, 0x000000070d000000, 0x000000070d000000|100%| O|  |TAMS 0x000000070d000000, 0x000000070d000000| Untracked 
|  92|0x000000070d000000, 0x000000070d200000, 0x000000070d200000|100%| O|  |TAMS 0x000000070d200000, 0x000000070d200000| Untracked 
|  93|0x000000070d200000, 0x000000070d400000, 0x000000070d400000|100%| O|  |TAMS 0x000000070d400000, 0x000000070d400000| Untracked 
|  94|0x000000070d400000, 0x000000070d600000, 0x000000070d600000|100%| O|  |TAMS 0x000000070d600000, 0x000000070d600000| Untracked 
|  95|0x000000070d600000, 0x000000070d800000, 0x000000070d800000|100%| O|  |TAMS 0x000000070d800000, 0x000000070d800000| Untracked 
|  96|0x000000070d800000, 0x000000070da00000, 0x000000070da00000|100%| O|  |TAMS 0x000000070da00000, 0x000000070da00000| Untracked 
|  97|0x000000070da00000, 0x000000070dc00000, 0x000000070dc00000|100%| O|  |TAMS 0x000000070db09600, 0x000000070dc00000| Untracked 
|  98|0x000000070dc00000, 0x000000070de00000, 0x000000070de00000|100%|HS|  |TAMS 0x000000070dc00000, 0x000000070de00000| Complete 
|  99|0x000000070de00000, 0x000000070e000000, 0x000000070e000000|100%|HC|  |TAMS 0x000000070de00000, 0x000000070e000000| Complete 
| 100|0x000000070e000000, 0x000000070e200000, 0x000000070e200000|100%| O|  |TAMS 0x000000070e000000, 0x000000070e200000| Untracked 
| 101|0x000000070e200000, 0x000000070e400000, 0x000000070e400000|100%| O|  |TAMS 0x000000070e200000, 0x000000070e400000| Untracked 
| 102|0x000000070e400000, 0x000000070e600000, 0x000000070e600000|100%| O|  |TAMS 0x000000070e400000, 0x000000070e600000| Untracked 
| 103|0x000000070e600000, 0x000000070e800000, 0x000000070e800000|100%| O|  |TAMS 0x000000070e600000, 0x000000070e800000| Untracked 
| 104|0x000000070e800000, 0x000000070ea00000, 0x000000070ea00000|100%| O|  |TAMS 0x000000070e800000, 0x000000070ea00000| Untracked 
| 105|0x000000070ea00000, 0x000000070ec00000, 0x000000070ec00000|100%| O|  |TAMS 0x000000070ea00000, 0x000000070ec00000| Untracked 
| 106|0x000000070ec00000, 0x000000070ee00000, 0x000000070ee00000|100%| O|  |TAMS 0x000000070ec00000, 0x000000070ee00000| Untracked 
| 107|0x000000070ee00000, 0x000000070f000000, 0x000000070f000000|100%| O|  |TAMS 0x000000070ee00000, 0x000000070f000000| Untracked 
| 108|0x000000070f000000, 0x000000070f200000, 0x000000070f200000|100%| O|  |TAMS 0x000000070f000000, 0x000000070f200000| Untracked 
| 109|0x000000070f200000, 0x000000070f400000, 0x000000070f400000|100%| O|  |TAMS 0x000000070f200000, 0x000000070f400000| Untracked 
| 110|0x000000070f400000, 0x000000070f600000, 0x000000070f600000|100%| O|  |TAMS 0x000000070f400000, 0x000000070f600000| Untracked 
| 111|0x000000070f600000, 0x000000070f800000, 0x000000070f800000|100%| O|  |TAMS 0x000000070f600000, 0x000000070f6c3e00| Untracked 
| 112|0x000000070f800000, 0x000000070f905c00, 0x000000070fa00000| 51%| O|  |TAMS 0x000000070f800000, 0x000000070f800000| Untracked 
| 113|0x000000070fa00000, 0x000000070fa00000, 0x000000070fc00000|  0%| F|  |TAMS 0x000000070fa00000, 0x000000070fa00000| Untracked 
| 114|0x000000070fc00000, 0x000000070fc00000, 0x000000070fe00000|  0%| F|  |TAMS 0x000000070fc00000, 0x000000070fc00000| Untracked 
| 115|0x000000070fe00000, 0x000000070fe00000, 0x0000000710000000|  0%| F|  |TAMS 0x000000070fe00000, 0x000000070fe00000| Untracked 
| 116|0x0000000710000000, 0x0000000710000000, 0x0000000710200000|  0%| F|  |TAMS 0x0000000710000000, 0x0000000710000000| Untracked 
| 117|0x0000000710200000, 0x0000000710200000, 0x0000000710400000|  0%| F|  |TAMS 0x0000000710200000, 0x0000000710200000| Untracked 
| 118|0x0000000710400000, 0x0000000710400000, 0x0000000710600000|  0%| F|  |TAMS 0x0000000710400000, 0x0000000710400000| Untracked 
| 119|0x0000000710600000, 0x0000000710600000, 0x0000000710800000|  0%| F|  |TAMS 0x0000000710600000, 0x0000000710600000| Untracked 
| 120|0x0000000710800000, 0x0000000710800000, 0x0000000710a00000|  0%| F|  |TAMS 0x0000000710800000, 0x0000000710800000| Untracked 
| 121|0x0000000710a00000, 0x0000000710a00000, 0x0000000710c00000|  0%| F|  |TAMS 0x0000000710a00000, 0x0000000710a00000| Untracked 
| 122|0x0000000710c00000, 0x0000000710c00000, 0x0000000710e00000|  0%| F|  |TAMS 0x0000000710c00000, 0x0000000710c00000| Untracked 
| 123|0x0000000710e00000, 0x0000000710e00000, 0x0000000711000000|  0%| F|  |TAMS 0x0000000710e00000, 0x0000000710e00000| Untracked 
| 124|0x0000000711000000, 0x0000000711000000, 0x0000000711200000|  0%| F|  |TAMS 0x0000000711000000, 0x0000000711000000| Untracked 
| 125|0x0000000711200000, 0x0000000711200000, 0x0000000711400000|  0%| F|  |TAMS 0x0000000711200000, 0x0000000711200000| Untracked 
| 126|0x0000000711400000, 0x0000000711400000, 0x0000000711600000|  0%| F|  |TAMS 0x0000000711400000, 0x0000000711400000| Untracked 
| 127|0x0000000711600000, 0x0000000711600000, 0x0000000711800000|  0%| F|  |TAMS 0x0000000711600000, 0x0000000711600000| Untracked 
| 128|0x0000000711800000, 0x0000000711800000, 0x0000000711a00000|  0%| F|  |TAMS 0x0000000711800000, 0x0000000711800000| Untracked 
| 129|0x0000000711a00000, 0x0000000711a00000, 0x0000000711c00000|  0%| F|  |TAMS 0x0000000711a00000, 0x0000000711a00000| Untracked 
| 130|0x0000000711c00000, 0x0000000711c00000, 0x0000000711e00000|  0%| F|  |TAMS 0x0000000711c00000, 0x0000000711c00000| Untracked 
| 131|0x0000000711e00000, 0x0000000711e00000, 0x0000000712000000|  0%| F|  |TAMS 0x0000000711e00000, 0x0000000711e00000| Untracked 
| 132|0x0000000712000000, 0x0000000712000000, 0x0000000712200000|  0%| F|  |TAMS 0x0000000712000000, 0x0000000712000000| Untracked 
| 133|0x0000000712200000, 0x0000000712200000, 0x0000000712400000|  0%| F|  |TAMS 0x0000000712200000, 0x0000000712200000| Untracked 
| 134|0x0000000712400000, 0x0000000712400000, 0x0000000712600000|  0%| F|  |TAMS 0x0000000712400000, 0x0000000712400000| Untracked 
| 135|0x0000000712600000, 0x0000000712600000, 0x0000000712800000|  0%| F|  |TAMS 0x0000000712600000, 0x0000000712600000| Untracked 
| 136|0x0000000712800000, 0x0000000712800000, 0x0000000712a00000|  0%| F|  |TAMS 0x0000000712800000, 0x0000000712800000| Untracked 
| 137|0x0000000712a00000, 0x0000000712a00000, 0x0000000712c00000|  0%| F|  |TAMS 0x0000000712a00000, 0x0000000712a00000| Untracked 
| 138|0x0000000712c00000, 0x0000000712c00000, 0x0000000712e00000|  0%| F|  |TAMS 0x0000000712c00000, 0x0000000712c00000| Untracked 
| 139|0x0000000712e00000, 0x0000000712e00000, 0x0000000713000000|  0%| F|  |TAMS 0x0000000712e00000, 0x0000000712e00000| Untracked 
| 140|0x0000000713000000, 0x0000000713000000, 0x0000000713200000|  0%| F|  |TAMS 0x0000000713000000, 0x0000000713000000| Untracked 
| 141|0x0000000713200000, 0x0000000713200000, 0x0000000713400000|  0%| F|  |TAMS 0x0000000713200000, 0x0000000713200000| Untracked 
| 142|0x0000000713400000, 0x0000000713400000, 0x0000000713600000|  0%| F|  |TAMS 0x0000000713400000, 0x0000000713400000| Untracked 
| 143|0x0000000713600000, 0x0000000713600000, 0x0000000713800000|  0%| F|  |TAMS 0x0000000713600000, 0x0000000713600000| Untracked 
| 144|0x0000000713800000, 0x0000000713800000, 0x0000000713a00000|  0%| F|  |TAMS 0x0000000713800000, 0x0000000713800000| Untracked 
| 145|0x0000000713a00000, 0x0000000713a00000, 0x0000000713c00000|  0%| F|  |TAMS 0x0000000713a00000, 0x0000000713a00000| Untracked 
| 146|0x0000000713c00000, 0x0000000713e00000, 0x0000000713e00000|100%| S|CS|TAMS 0x0000000713c00000, 0x0000000713c00000| Complete 
| 147|0x0000000713e00000, 0x0000000714000000, 0x0000000714000000|100%| S|CS|TAMS 0x0000000713e00000, 0x0000000713e00000| Complete 
| 148|0x0000000714000000, 0x0000000714200000, 0x0000000714200000|100%| S|CS|TAMS 0x0000000714000000, 0x0000000714000000| Complete 
| 149|0x0000000714200000, 0x0000000714400000, 0x0000000714400000|100%| S|CS|TAMS 0x0000000714200000, 0x0000000714200000| Complete 
| 150|0x0000000714400000, 0x0000000714600000, 0x0000000714600000|100%| S|CS|TAMS 0x0000000714400000, 0x0000000714400000| Complete 
| 151|0x0000000714600000, 0x0000000714800000, 0x0000000714800000|100%| S|CS|TAMS 0x0000000714600000, 0x0000000714600000| Complete 
| 152|0x0000000714800000, 0x0000000714800000, 0x0000000714a00000|  0%| F|  |TAMS 0x0000000714800000, 0x0000000714800000| Untracked 
| 153|0x0000000714a00000, 0x0000000714a00000, 0x0000000714c00000|  0%| F|  |TAMS 0x0000000714a00000, 0x0000000714a00000| Untracked 
| 154|0x0000000714c00000, 0x0000000714c00000, 0x0000000714e00000|  0%| F|  |TAMS 0x0000000714c00000, 0x0000000714c00000| Untracked 
| 155|0x0000000714e00000, 0x0000000714e00000, 0x0000000715000000|  0%| F|  |TAMS 0x0000000714e00000, 0x0000000714e00000| Untracked 
| 156|0x0000000715000000, 0x0000000715000000, 0x0000000715200000|  0%| F|  |TAMS 0x0000000715000000, 0x0000000715000000| Untracked 
| 157|0x0000000715200000, 0x0000000715200000, 0x0000000715400000|  0%| F|  |TAMS 0x0000000715200000, 0x0000000715200000| Untracked 
| 158|0x0000000715400000, 0x0000000715400000, 0x0000000715600000|  0%| F|  |TAMS 0x0000000715400000, 0x0000000715400000| Untracked 
| 159|0x0000000715600000, 0x0000000715600000, 0x0000000715800000|  0%| F|  |TAMS 0x0000000715600000, 0x0000000715600000| Untracked 
| 160|0x0000000715800000, 0x0000000715800000, 0x0000000715a00000|  0%| F|  |TAMS 0x0000000715800000, 0x0000000715800000| Untracked 
| 161|0x0000000715a00000, 0x0000000715a00000, 0x0000000715c00000|  0%| F|  |TAMS 0x0000000715a00000, 0x0000000715a00000| Untracked 
| 162|0x0000000715c00000, 0x0000000715c00000, 0x0000000715e00000|  0%| F|  |TAMS 0x0000000715c00000, 0x0000000715c00000| Untracked 
| 163|0x0000000715e00000, 0x0000000715e00000, 0x0000000716000000|  0%| F|  |TAMS 0x0000000715e00000, 0x0000000715e00000| Untracked 
| 164|0x0000000716000000, 0x0000000716000000, 0x0000000716200000|  0%| F|  |TAMS 0x0000000716000000, 0x0000000716000000| Untracked 
| 165|0x0000000716200000, 0x0000000716200000, 0x0000000716400000|  0%| F|  |TAMS 0x0000000716200000, 0x0000000716200000| Untracked 
| 166|0x0000000716400000, 0x0000000716400000, 0x0000000716600000|  0%| F|  |TAMS 0x0000000716400000, 0x0000000716400000| Untracked 
| 167|0x0000000716600000, 0x0000000716600000, 0x0000000716800000|  0%| F|  |TAMS 0x0000000716600000, 0x0000000716600000| Untracked 
| 168|0x0000000716800000, 0x0000000716800000, 0x0000000716a00000|  0%| F|  |TAMS 0x0000000716800000, 0x0000000716800000| Untracked 
| 169|0x0000000716a00000, 0x0000000716a00000, 0x0000000716c00000|  0%| F|  |TAMS 0x0000000716a00000, 0x0000000716a00000| Untracked 
| 170|0x0000000716c00000, 0x0000000716c00000, 0x0000000716e00000|  0%| F|  |TAMS 0x0000000716c00000, 0x0000000716c00000| Untracked 
| 171|0x0000000716e00000, 0x0000000716e00000, 0x0000000717000000|  0%| F|  |TAMS 0x0000000716e00000, 0x0000000716e00000| Untracked 
| 172|0x0000000717000000, 0x0000000717000000, 0x0000000717200000|  0%| F|  |TAMS 0x0000000717000000, 0x0000000717000000| Untracked 
| 173|0x0000000717200000, 0x0000000717200000, 0x0000000717400000|  0%| F|  |TAMS 0x0000000717200000, 0x0000000717200000| Untracked 
| 174|0x0000000717400000, 0x0000000717400000, 0x0000000717600000|  0%| F|  |TAMS 0x0000000717400000, 0x0000000717400000| Untracked 
| 175|0x0000000717600000, 0x0000000717600000, 0x0000000717800000|  0%| F|  |TAMS 0x0000000717600000, 0x0000000717600000| Untracked 
| 176|0x0000000717800000, 0x0000000717800000, 0x0000000717a00000|  0%| F|  |TAMS 0x0000000717800000, 0x0000000717800000| Untracked 
| 177|0x0000000717a00000, 0x0000000717a00000, 0x0000000717c00000|  0%| F|  |TAMS 0x0000000717a00000, 0x0000000717a00000| Untracked 
| 178|0x0000000717c00000, 0x0000000717c00000, 0x0000000717e00000|  0%| F|  |TAMS 0x0000000717c00000, 0x0000000717c00000| Untracked 
| 179|0x0000000717e00000, 0x0000000717e00000, 0x0000000718000000|  0%| F|  |TAMS 0x0000000717e00000, 0x0000000717e00000| Untracked 
| 180|0x0000000718000000, 0x0000000718000000, 0x0000000718200000|  0%| F|  |TAMS 0x0000000718000000, 0x0000000718000000| Untracked 
| 181|0x0000000718200000, 0x0000000718200000, 0x0000000718400000|  0%| F|  |TAMS 0x0000000718200000, 0x0000000718200000| Untracked 
| 182|0x0000000718400000, 0x0000000718400000, 0x0000000718600000|  0%| F|  |TAMS 0x0000000718400000, 0x0000000718400000| Untracked 
| 183|0x0000000718600000, 0x0000000718600000, 0x0000000718800000|  0%| F|  |TAMS 0x0000000718600000, 0x0000000718600000| Untracked 
| 184|0x0000000718800000, 0x0000000718800000, 0x0000000718a00000|  0%| F|  |TAMS 0x0000000718800000, 0x0000000718800000| Untracked 
| 185|0x0000000718a00000, 0x0000000718a00000, 0x0000000718c00000|  0%| F|  |TAMS 0x0000000718a00000, 0x0000000718a00000| Untracked 
| 186|0x0000000718c00000, 0x0000000718c00000, 0x0000000718e00000|  0%| F|  |TAMS 0x0000000718c00000, 0x0000000718c00000| Untracked 
| 187|0x0000000718e00000, 0x0000000718e00000, 0x0000000719000000|  0%| F|  |TAMS 0x0000000718e00000, 0x0000000718e00000| Untracked 
| 188|0x0000000719000000, 0x0000000719000000, 0x0000000719200000|  0%| F|  |TAMS 0x0000000719000000, 0x0000000719000000| Untracked 
| 189|0x0000000719200000, 0x0000000719200000, 0x0000000719400000|  0%| F|  |TAMS 0x0000000719200000, 0x0000000719200000| Untracked 
| 190|0x0000000719400000, 0x0000000719400000, 0x0000000719600000|  0%| F|  |TAMS 0x0000000719400000, 0x0000000719400000| Untracked 
| 191|0x0000000719600000, 0x0000000719600000, 0x0000000719800000|  0%| F|  |TAMS 0x0000000719600000, 0x0000000719600000| Untracked 
| 192|0x0000000719800000, 0x0000000719800000, 0x0000000719a00000|  0%| F|  |TAMS 0x0000000719800000, 0x0000000719800000| Untracked 
| 193|0x0000000719a00000, 0x0000000719a00000, 0x0000000719c00000|  0%| F|  |TAMS 0x0000000719a00000, 0x0000000719a00000| Untracked 
| 194|0x0000000719c00000, 0x0000000719c00000, 0x0000000719e00000|  0%| F|  |TAMS 0x0000000719c00000, 0x0000000719c00000| Untracked 
| 195|0x0000000719e00000, 0x0000000719e00000, 0x000000071a000000|  0%| F|  |TAMS 0x0000000719e00000, 0x0000000719e00000| Untracked 

Card table byte_map: [0x000001ab5a6f0000,0x000001ab5aef0000] _byte_map_base: 0x000001ab56ee4000

Marking Bits (Prev, Next): (CMBitMap*) 0x000001ab4333c4f0, (CMBitMap*) 0x000001ab4333c4b0
 Prev Bits: [0x000001ab5f690000, 0x000001ab63630000)
 Next Bits: [0x000001ab5b6f0000, 0x000001ab5f690000)

Polling page: 0x000001ab41220000

Metaspace:

Usage:
  Non-class:     60.69 MB used.
      Class:      6.65 MB used.
       Both:     67.34 MB used.

Virtual space:
  Non-class space:       64.00 MB reserved,      61.50 MB ( 96%) committed,  1 nodes.
      Class space:        1.00 GB reserved,       7.31 MB ( <1%) committed,  1 nodes.
             Both:        1.06 GB reserved,      68.81 MB (  6%) committed. 

Chunk freelists:
   Non-Class:  2.23 MB
       Class:  627.00 KB
        Both:  2.84 MB

MaxMetaspaceSize: unlimited
CompressedClassSpaceSize: 1.00 GB
Initial GC threshold: 21.00 MB
Current GC threshold: 114.69 MB
CDS: on
MetaspaceReclaimPolicy: balanced
 - commit_granule_bytes: 65536.
 - commit_granule_words: 8192.
 - virtual_space_node_default_size: 8388608.
 - enlarge_chunks_in_place: 1.
 - new_chunks_are_fully_committed: 0.
 - uncommit_free_chunks: 1.
 - use_allocation_guard: 0.


Internal statistics:

num_allocs_failed_limit: 9.
num_arena_births: 1234.
num_arena_deaths: 14.
num_vsnodes_births: 2.
num_vsnodes_deaths: 0.
num_space_committed: 1101.
num_space_uncommitted: 0.
num_chunks_returned_to_freelist: 23.
num_chunks_taken_from_freelist: 4607.
num_chunk_merges: 14.
num_chunk_splits: 2787.
num_chunks_enlarged: 1527.
num_inconsistent_stats: 0.

CodeHeap 'non-profiled nmethods': size=120000Kb used=8375Kb max_used=8375Kb free=111625Kb
 bounds [0x000001ab52690000, 0x000001ab52ec0000, 0x000001ab59bc0000]
CodeHeap 'profiled nmethods': size=120000Kb used=26268Kb max_used=26268Kb free=93732Kb
 bounds [0x000001ab4b160000, 0x000001ab4cb30000, 0x000001ab52690000]
CodeHeap 'non-nmethods': size=5760Kb used=1397Kb max_used=1483Kb free=4362Kb
 bounds [0x000001ab4abc0000, 0x000001ab4ae30000, 0x000001ab4b160000]
 total_blobs=12098 nmethods=11361 adapters=647
 compilation: enabled
              stopped_count=0, restarted_count=0
 full_count=0

Compilation events (20 events):
Event: 41.017 Thread 0x000001ab637ebbc0 nmethod 13853 0x000001ab52ea6a90 code [0x000001ab52ea6d60, 0x000001ab52ea9a00]
Event: 41.189 Thread 0x000001ab6382d4b0 13854       3       org.eclipse.jdt.internal.core.search.indexing.AbstractIndexer::addModuleExportedPackages (42 bytes)
Event: 41.190 Thread 0x000001ab6382d4b0 nmethod 13854 0x000001ab4c8c6190 code [0x000001ab4c8c6380, 0x000001ab4c8c6a08]
Event: 41.277 Thread 0x000001ab77bb7110 nmethod 13850 0x000001ab52eaab90 code [0x000001ab52eab3c0, 0x000001ab52eb6890]
Event: 41.600 Thread 0x000001ab637ebbc0 13855       4       java.util.stream.AbstractPipeline::sourceSpliterator (265 bytes)
Event: 41.604 Thread 0x000001ab637ebbc0 nmethod 13855 0x000001ab52ebb390 code [0x000001ab52ebb540, 0x000001ab52ebb868]
Event: 41.787 Thread 0x000001ab637ebbc0 13856       4       java.util.stream.AbstractPipeline::spliterator (116 bytes)
Event: 41.791 Thread 0x000001ab637ebbc0 nmethod 13856 0x000001ab52ebbb10 code [0x000001ab52ebbcc0, 0x000001ab52ebbff8]
Event: 42.149 Thread 0x000001ab637ebbc0 13857       4       java.util.stream.ReferencePipeline$2::opWrapSink (10 bytes)
Event: 42.151 Thread 0x000001ab637ebbc0 nmethod 13857 0x000001ab52ebc290 code [0x000001ab52ebc420, 0x000001ab52ebc5f8]
Event: 42.301 Thread 0x000001ab6382d4b0 13858       3       org.eclipse.jdt.core.compiler.CharOperation::fragmentEquals (89 bytes)
Event: 42.301 Thread 0x000001ab6382d4b0 nmethod 13858 0x000001ab4c8c5810 code [0x000001ab4c8c5a00, 0x000001ab4c8c5f58]
Event: 42.638 Thread 0x000001ab637ebbc0 13859       4       java.util.ArrayList::spliterator (12 bytes)
Event: 42.639 Thread 0x000001ab637ebbc0 nmethod 13859 0x000001ab52ebc790 code [0x000001ab52ebc920, 0x000001ab52ebca18]
Event: 42.710 Thread 0x000001ab637ebbc0 13860       4       java.util.stream.ReferencePipeline$2$1::begin (13 bytes)
Event: 42.710 Thread 0x000001ab637ebbc0 nmethod 13860 0x000001ab52ebcb10 code [0x000001ab52ebcc80, 0x000001ab52ebcd38]
Event: 42.946 Thread 0x000001ab637ebbc0 13861       4       org.eclipse.jdt.internal.core.search.indexing.BinaryIndexer::removeFirstSyntheticParameter (73 bytes)
Event: 42.956 Thread 0x000001ab637ebbc0 nmethod 13861 0x000001ab52ebce10 code [0x000001ab52ebd000, 0x000001ab52ebd6c0]
Event: 42.974 Thread 0x000001ab6382d4b0 13862 % !   3       java.nio.file.Files::walkFileTree @ 19 (297 bytes)
Event: 42.977 Thread 0x000001ab6382d4b0 nmethod 13862% 0x000001ab4c492110 code [0x000001ab4c492560, 0x000001ab4c4947a8]

GC Heap History (20 events):
Event: 37.192 GC heap after
{Heap after GC invocations=34 (full 0):
 garbage-first heap   total 299008K, used 76868K [0x0000000701800000, 0x0000000800000000)
  region size 2048K, 3 young (6144K), 3 survivors (6144K)
 Metaspace       used 68874K, committed 70336K, reserved 1114112K
  class space    used 6799K, committed 7424K, reserved 1048576K
}
Event: 39.306 GC heap before
{Heap before GC invocations=34 (full 0):
 garbage-first heap   total 299008K, used 248900K [0x0000000701800000, 0x0000000800000000)
  region size 2048K, 87 young (178176K), 3 survivors (6144K)
 Metaspace       used 68933K, committed 70464K, reserved 1114112K
  class space    used 6806K, committed 7488K, reserved 1048576K
}
Event: 39.318 GC heap after
{Heap after GC invocations=35 (full 0):
 garbage-first heap   total 299008K, used 100787K [0x0000000701800000, 0x0000000800000000)
  region size 2048K, 11 young (22528K), 11 survivors (22528K)
 Metaspace       used 68933K, committed 70464K, reserved 1114112K
  class space    used 6806K, committed 7488K, reserved 1048576K
}
Event: 40.306 GC heap before
{Heap before GC invocations=35 (full 0):
 garbage-first heap   total 299008K, used 231859K [0x0000000701800000, 0x0000000800000000)
  region size 2048K, 75 young (153600K), 11 survivors (22528K)
 Metaspace       used 68951K, committed 70464K, reserved 1114112K
  class space    used 6809K, committed 7488K, reserved 1048576K
}
Event: 40.327 GC heap after
{Heap after GC invocations=36 (full 0):
 garbage-first heap   total 299008K, used 128668K [0x0000000701800000, 0x0000000800000000)
  region size 2048K, 10 young (20480K), 10 survivors (20480K)
 Metaspace       used 68951K, committed 70464K, reserved 1114112K
  class space    used 6809K, committed 7488K, reserved 1048576K
}
Event: 40.959 GC heap before
{Heap before GC invocations=36 (full 0):
 garbage-first heap   total 299008K, used 231068K [0x0000000701800000, 0x0000000800000000)
  region size 2048K, 59 young (120832K), 10 survivors (20480K)
 Metaspace       used 68951K, committed 70464K, reserved 1114112K
  class space    used 6809K, committed 7488K, reserved 1048576K
}
Event: 40.979 GC heap after
{Heap after GC invocations=37 (full 0):
 garbage-first heap   total 299008K, used 152126K [0x0000000701800000, 0x0000000800000000)
  region size 2048K, 8 young (16384K), 8 survivors (16384K)
 Metaspace       used 68951K, committed 70464K, reserved 1114112K
  class space    used 6809K, committed 7488K, reserved 1048576K
}
Event: 41.319 GC heap before
{Heap before GC invocations=37 (full 0):
 garbage-first heap   total 299008K, used 229950K [0x0000000701800000, 0x0000000800000000)
  region size 2048K, 46 young (94208K), 8 survivors (16384K)
 Metaspace       used 68951K, committed 70464K, reserved 1114112K
  class space    used 6809K, committed 7488K, reserved 1048576K
}
Event: 41.334 GC heap after
{Heap after GC invocations=38 (full 0):
 garbage-first heap   total 401408K, used 170564K [0x0000000701800000, 0x0000000800000000)
  region size 2048K, 6 young (12288K), 6 survivors (12288K)
 Metaspace       used 68951K, committed 70464K, reserved 1114112K
  class space    used 6809K, committed 7488K, reserved 1048576K
}
Event: 42.015 GC heap before
{Heap before GC invocations=39 (full 0):
 garbage-first heap   total 401408K, used 295492K [0x0000000701800000, 0x0000000800000000)
  region size 2048K, 68 young (139264K), 6 survivors (12288K)
 Metaspace       used 68951K, committed 70464K, reserved 1114112K
  class space    used 6809K, committed 7488K, reserved 1048576K
}
Event: 42.030 GC heap after
{Heap after GC invocations=40 (full 0):
 garbage-first heap   total 401408K, used 197658K [0x0000000701800000, 0x0000000800000000)
  region size 2048K, 9 young (18432K), 9 survivors (18432K)
 Metaspace       used 68951K, committed 70464K, reserved 1114112K
  class space    used 6809K, committed 7488K, reserved 1048576K
}
Event: 42.038 GC heap before
{Heap before GC invocations=40 (full 0):
 garbage-first heap   total 401408K, used 199706K [0x0000000701800000, 0x0000000800000000)
  region size 2048K, 10 young (20480K), 9 survivors (18432K)
 Metaspace       used 68951K, committed 70464K, reserved 1114112K
  class space    used 6809K, committed 7488K, reserved 1048576K
}
Event: 42.046 GC heap after
{Heap after GC invocations=41 (full 0):
 garbage-first heap   total 401408K, used 196459K [0x0000000701800000, 0x0000000800000000)
  region size 2048K, 2 young (4096K), 2 survivors (4096K)
 Metaspace       used 68951K, committed 70464K, reserved 1114112K
  class space    used 6809K, committed 7488K, reserved 1048576K
}
Event: 42.170 GC heap before
{Heap before GC invocations=41 (full 0):
 garbage-first heap   total 401408K, used 225131K [0x0000000701800000, 0x0000000800000000)
  region size 2048K, 17 young (34816K), 2 survivors (4096K)
 Metaspace       used 68951K, committed 70464K, reserved 1114112K
  class space    used 6809K, committed 7488K, reserved 1048576K
}
Event: 42.174 GC heap after
{Heap after GC invocations=42 (full 0):
 garbage-first heap   total 401408K, used 201199K [0x0000000701800000, 0x0000000800000000)
  region size 2048K, 4 young (8192K), 4 survivors (8192K)
 Metaspace       used 68951K, committed 70464K, reserved 1114112K
  class space    used 6809K, committed 7488K, reserved 1048576K
}
Event: 42.663 GC heap before
{Heap before GC invocations=43 (full 0):
 garbage-first heap   total 401408K, used 307695K [0x0000000701800000, 0x0000000800000000)
  region size 2048K, 54 young (110592K), 4 survivors (8192K)
 Metaspace       used 68951K, committed 70464K, reserved 1114112K
  class space    used 6809K, committed 7488K, reserved 1048576K
}
Event: 42.675 GC heap after
{Heap after GC invocations=44 (full 0):
 garbage-first heap   total 401408K, used 226123K [0x0000000701800000, 0x0000000800000000)
  region size 2048K, 7 young (14336K), 7 survivors (14336K)
 Metaspace       used 68951K, committed 70464K, reserved 1114112K
  class space    used 6809K, committed 7488K, reserved 1048576K
}
Event: 42.692 GC heap before
{Heap before GC invocations=44 (full 0):
 garbage-first heap   total 401408K, used 230219K [0x0000000701800000, 0x0000000800000000)
  region size 2048K, 9 young (18432K), 7 survivors (14336K)
 Metaspace       used 68951K, committed 70464K, reserved 1114112K
  class space    used 6809K, committed 7488K, reserved 1048576K
}
Event: 42.700 GC heap after
{Heap after GC invocations=45 (full 0):
 garbage-first heap   total 401408K, used 224015K [0x0000000701800000, 0x0000000800000000)
  region size 2048K, 1 young (2048K), 1 survivors (2048K)
 Metaspace       used 68951K, committed 70464K, reserved 1114112K
  class space    used 6809K, committed 7488K, reserved 1048576K
}
Event: 43.053 GC heap before
{Heap before GC invocations=45 (full 0):
 garbage-first heap   total 401408K, used 312079K [0x0000000701800000, 0x0000000800000000)
  region size 2048K, 44 young (90112K), 1 survivors (2048K)
 Metaspace       used 68956K, committed 70464K, reserved 1114112K
  class space    used 6809K, committed 7488K, reserved 1048576K
}

Deoptimization events (20 events):
Event: 41.182 Thread 0x000001ab6b78da20 DEOPT PACKING pc=0x000001ab4cb18b42 sp=0x000000621e1feaa0
Event: 41.182 Thread 0x000001ab6b78da20 DEOPT UNPACKING pc=0x000001ab4ac12b43 sp=0x000000621e1fe028 mode 0
Event: 41.191 Thread 0x000001ab6b78da20 DEOPT PACKING pc=0x000001ab4cb18b42 sp=0x000000621e1feaa0
Event: 41.191 Thread 0x000001ab6b78da20 DEOPT UNPACKING pc=0x000001ab4ac12b43 sp=0x000000621e1fe028 mode 0
Event: 41.200 Thread 0x000001ab6b78da20 DEOPT PACKING pc=0x000001ab4cb18b42 sp=0x000000621e1feaa0
Event: 41.200 Thread 0x000001ab6b78da20 DEOPT UNPACKING pc=0x000001ab4ac12b43 sp=0x000000621e1fe028 mode 0
Event: 41.211 Thread 0x000001ab6b78da20 DEOPT PACKING pc=0x000001ab4cb18b42 sp=0x000000621e1feaa0
Event: 41.211 Thread 0x000001ab6b78da20 DEOPT UNPACKING pc=0x000001ab4ac12b43 sp=0x000000621e1fe028 mode 0
Event: 41.226 Thread 0x000001ab6b78da20 DEOPT PACKING pc=0x000001ab4cb18b42 sp=0x000000621e1feaa0
Event: 41.226 Thread 0x000001ab6b78da20 DEOPT UNPACKING pc=0x000001ab4ac12b43 sp=0x000000621e1fe028 mode 0
Event: 41.235 Thread 0x000001ab6b78da20 DEOPT PACKING pc=0x000001ab4cb18b42 sp=0x000000621e1feaa0
Event: 41.235 Thread 0x000001ab6b78da20 DEOPT UNPACKING pc=0x000001ab4ac12b43 sp=0x000000621e1fe028 mode 0
Event: 41.240 Thread 0x000001ab6b78da20 DEOPT PACKING pc=0x000001ab4cb18b42 sp=0x000000621e1feaa0
Event: 41.240 Thread 0x000001ab6b78da20 DEOPT UNPACKING pc=0x000001ab4ac12b43 sp=0x000000621e1fe028 mode 0
Event: 41.247 Thread 0x000001ab6b78da20 DEOPT PACKING pc=0x000001ab4cb18b42 sp=0x000000621e1feaa0
Event: 41.247 Thread 0x000001ab6b78da20 DEOPT UNPACKING pc=0x000001ab4ac12b43 sp=0x000000621e1fe028 mode 0
Event: 41.255 Thread 0x000001ab6b78da20 DEOPT PACKING pc=0x000001ab4cb18b42 sp=0x000000621e1feaa0
Event: 41.255 Thread 0x000001ab6b78da20 DEOPT UNPACKING pc=0x000001ab4ac12b43 sp=0x000000621e1fe028 mode 0
Event: 41.268 Thread 0x000001ab6b78da20 DEOPT PACKING pc=0x000001ab4cb18b42 sp=0x000000621e1feaa0
Event: 41.268 Thread 0x000001ab6b78da20 DEOPT UNPACKING pc=0x000001ab4ac12b43 sp=0x000000621e1fe028 mode 0

Classes loaded (20 events):
Event: 33.128 Loading class sun/util/locale/provider/TimeZoneNameProviderImpl done
Event: 33.128 Loading class sun/util/cldr/CLDRTimeZoneNameProviderImpl done
Event: 33.128 Loading class sun/util/locale/provider/BaseLocaleDataMetaInfo
Event: 33.129 Loading class sun/util/locale/provider/BaseLocaleDataMetaInfo done
Event: 33.130 Loading class sun/util/resources/cldr/TimeZoneNames
Event: 33.130 Loading class sun/util/resources/TimeZoneNamesBundle
Event: 33.130 Loading class sun/util/resources/OpenListResourceBundle
Event: 33.131 Loading class sun/util/resources/OpenListResourceBundle done
Event: 33.131 Loading class sun/util/resources/TimeZoneNamesBundle done
Event: 33.131 Loading class sun/util/resources/cldr/TimeZoneNames done
Event: 33.131 Loading class sun/util/resources/cldr/TimeZoneNames_en
Event: 33.133 Loading class sun/util/resources/cldr/TimeZoneNames_en done
Event: 33.133 Loading class sun/util/resources/cldr/TimeZoneNames_en_US
Event: 33.133 Loading class sun/util/resources/cldr/TimeZoneNames_en_US done
Event: 33.136 Loading class sun/util/cldr/CLDRBaseLocaleDataMetaInfo$TZCanonicalIDMapHolder
Event: 33.138 Loading class sun/util/cldr/CLDRBaseLocaleDataMetaInfo$TZCanonicalIDMapHolder done
Event: 33.140 Loading class sun/util/resources/TimeZoneNames
Event: 33.142 Loading class sun/util/resources/TimeZoneNames done
Event: 33.142 Loading class sun/util/resources/TimeZoneNames_en
Event: 33.142 Loading class sun/util/resources/TimeZoneNames_en done

Classes unloaded (7 events):
Event: 10.014 Thread 0x000001ab637c7730 Unloading class 0x0000000800db4800 'java/lang/invoke/LambdaForm$MH+0x0000000800db4800'
Event: 10.014 Thread 0x000001ab637c7730 Unloading class 0x0000000800db4400 'java/lang/invoke/LambdaForm$MH+0x0000000800db4400'
Event: 10.014 Thread 0x000001ab637c7730 Unloading class 0x0000000800db4000 'java/lang/invoke/LambdaForm$MH+0x0000000800db4000'
Event: 10.014 Thread 0x000001ab637c7730 Unloading class 0x0000000800db3c00 'java/lang/invoke/LambdaForm$MH+0x0000000800db3c00'
Event: 10.014 Thread 0x000001ab637c7730 Unloading class 0x0000000800db3800 'java/lang/invoke/LambdaForm$BMH+0x0000000800db3800'
Event: 10.014 Thread 0x000001ab637c7730 Unloading class 0x0000000800db3400 'java/lang/invoke/LambdaForm$DMH+0x0000000800db3400'
Event: 10.014 Thread 0x000001ab637c7730 Unloading class 0x0000000800db2000 'java/lang/invoke/LambdaForm$DMH+0x0000000800db2000'

Classes redefined (0 events):
No events

Internal exceptions (20 events):
Event: 34.157 Thread 0x000001ab6b78da20 Exception <a 'sun/nio/fs/WindowsException'{0x000000070eac7a38}> (0x000000070eac7a38) 
thrown [s\open\src\hotspot\share\prims\jni.cpp, line 516]
Event: 34.257 Thread 0x000001ab6b78da20 Exception <a 'sun/nio/fs/WindowsException'{0x000000070eb23710}> (0x000000070eb23710) 
thrown [s\open\src\hotspot\share\prims\jni.cpp, line 516]
Event: 34.547 Thread 0x000001ab6b78da20 Exception <a 'sun/nio/fs/WindowsException'{0x000000070ca81128}> (0x000000070ca81128) 
thrown [s\open\src\hotspot\share\prims\jni.cpp, line 516]
Event: 35.725 Thread 0x000001ab6b78da20 Exception <a 'sun/nio/fs/WindowsException'{0x000000070ec51ea8}> (0x000000070ec51ea8) 
thrown [s\open\src\hotspot\share\prims\jni.cpp, line 516]
Event: 36.257 Thread 0x000001ab6b78da20 Exception <a 'sun/nio/fs/WindowsException'{0x000000070d6b3268}> (0x000000070d6b3268) 
thrown [s\open\src\hotspot\share\prims\jni.cpp, line 516]
Event: 36.554 Thread 0x000001ab6b78da20 Exception <a 'sun/nio/fs/WindowsException'{0x000000070d6d9858}> (0x000000070d6d9858) 
thrown [s\open\src\hotspot\share\prims\jni.cpp, line 516]
Event: 37.172 Thread 0x000001ab6b78da20 Exception <a 'sun/nio/fs/WindowsException'{0x000000070a09ab48}> (0x000000070a09ab48) 
thrown [s\open\src\hotspot\share\prims\jni.cpp, line 516]
Event: 37.280 Thread 0x000001ab6b78da20 Exception <a 'sun/nio/fs/WindowsException'{0x0000000713a69fa0}> (0x0000000713a69fa0) 
thrown [s\open\src\hotspot\share\prims\jni.cpp, line 516]
Event: 37.345 Thread 0x000001ab6b78da20 Exception <a 'sun/nio/fs/WindowsException'{0x0000000713bf7d78}> (0x0000000713bf7d78) 
thrown [s\open\src\hotspot\share\prims\jni.cpp, line 516]
Event: 37.654 Thread 0x000001ab6b78da20 Exception <a 'sun/nio/fs/WindowsException'{0x00000007120e3340}> (0x00000007120e3340) 
thrown [s\open\src\hotspot\share\prims\jni.cpp, line 516]
Event: 37.791 Thread 0x000001ab6b78da20 Exception <a 'sun/nio/fs/WindowsException'{0x0000000711c830d8}> (0x0000000711c830d8) 
thrown [s\open\src\hotspot\share\prims\jni.cpp, line 516]
Event: 37.897 Thread 0x000001ab6b78da20 Exception <a 'sun/nio/fs/WindowsException'{0x0000000711aa66a0}> (0x0000000711aa66a0) 
thrown [s\open\src\hotspot\share\prims\jni.cpp, line 516]
Event: 37.967 Thread 0x000001ab6b78da20 Exception <a 'sun/nio/fs/WindowsException'{0x0000000711b6dfa0}> (0x0000000711b6dfa0) 
thrown [s\open\src\hotspot\share\prims\jni.cpp, line 516]
Event: 38.072 Thread 0x000001ab6b78da20 Exception <a 'sun/nio/fs/WindowsException'{0x00000007114dfa28}> (0x00000007114dfa28) 
thrown [s\open\src\hotspot\share\prims\jni.cpp, line 516]
Event: 38.136 Thread 0x000001ab6b78da20 Exception <a 'sun/nio/fs/WindowsException'{0x00000007115a15b8}> (0x00000007115a15b8) 
thrown [s\open\src\hotspot\share\prims\jni.cpp, line 516]
Event: 38.206 Thread 0x000001ab6b78da20 Exception <a 'sun/nio/fs/WindowsException'{0x000000071139a3e8}> (0x000000071139a3e8) 
thrown [s\open\src\hotspot\share\prims\jni.cpp, line 516]
Event: 38.270 Thread 0x000001ab6b78da20 Exception <a 'sun/nio/fs/WindowsException'{0x00000007113dc718}> (0x00000007113dc718) 
thrown [s\open\src\hotspot\share\prims\jni.cpp, line 516]
Event: 38.342 Thread 0x000001ab6b78da20 Exception <a 'sun/nio/fs/WindowsException'{0x00000007111fdc98}> (0x00000007111fdc98) 
thrown [s\open\src\hotspot\share\prims\jni.cpp, line 516]
Event: 38.541 Thread 0x000001ab6b78da20 Implicit null exception at 0x000001ab52df82aa to 0x000001ab52dffdc0
Event: 38.544 Thread 0x000001ab6b78da20 Implicit null exception at 0x000001ab52c473b3 to 0x000001ab52c4a2b4

VM Operations (20 events):
Event: 41.334 Executing VM operation: G1CollectForAllocation done
Event: 41.467 Executing VM operation: G1Concurrent
Event: 41.475 Executing VM operation: G1Concurrent done
Event: 41.540 Executing VM operation: G1Concurrent
Event: 41.541 Executing VM operation: G1Concurrent done
Event: 42.015 Executing VM operation: G1CollectForAllocation
Event: 42.030 Executing VM operation: G1CollectForAllocation done
Event: 42.038 Executing VM operation: G1CollectForAllocation
Event: 42.046 Executing VM operation: G1CollectForAllocation done
Event: 42.170 Executing VM operation: G1TryInitiateConcMark
Event: 42.174 Executing VM operation: G1TryInitiateConcMark done
Event: 42.336 Executing VM operation: G1Concurrent
Event: 42.343 Executing VM operation: G1Concurrent done
Event: 42.421 Executing VM operation: G1Concurrent
Event: 42.436 Executing VM operation: G1Concurrent done
Event: 42.663 Executing VM operation: G1CollectForAllocation
Event: 42.675 Executing VM operation: G1CollectForAllocation done
Event: 42.692 Executing VM operation: G1CollectForAllocation
Event: 42.700 Executing VM operation: G1CollectForAllocation done
Event: 43.053 Executing VM operation: G1CollectForAllocation

Events (20 events):
Event: 25.796 Thread 0x000001ab6382e760 flushing nmethod 0x000001ab4c888890
Event: 25.796 Thread 0x000001ab6382e760 flushing nmethod 0x000001ab4c889810
Event: 25.796 Thread 0x000001ab6382e760 flushing nmethod 0x000001ab4c88e890
Event: 25.796 Thread 0x000001ab6382e760 flushing nmethod 0x000001ab4c8a8490
Event: 25.796 Thread 0x000001ab6382e760 flushing nmethod 0x000001ab4c8ab110
Event: 25.796 Thread 0x000001ab6382e760 flushing nmethod 0x000001ab4c8c4490
Event: 25.796 Thread 0x000001ab6382e760 flushing nmethod 0x000001ab4c8dfc90
Event: 25.796 Thread 0x000001ab6382e760 flushing nmethod 0x000001ab4c8e1710
Event: 25.796 Thread 0x000001ab6382e760 flushing nmethod 0x000001ab4c8e1a90
Event: 25.796 Thread 0x000001ab6382e760 flushing nmethod 0x000001ab4c915a90
Event: 27.130 Thread 0x000001ab6dfe6670 Thread exited: 0x000001ab6dfe6670
Event: 27.670 Thread 0x000001ab6b072df0 Thread exited: 0x000001ab6b072df0
Event: 27.671 Thread 0x000001ab6dadb530 Thread exited: 0x000001ab6dadb530
Event: 28.363 Thread 0x000001ab77bb6c00 Thread added: 0x000001ab77bb6c00
Event: 30.375 Thread 0x000001ab77bb6c00 Thread exited: 0x000001ab77bb6c00
Event: 33.052 Thread 0x000001ab77bb6c00 Thread added: 0x000001ab77bb6c00
Event: 33.629 Thread 0x000001ab77bb6c00 Thread exited: 0x000001ab77bb6c00
Event: 38.389 Thread 0x000001ab77bb7110 Thread added: 0x000001ab77bb7110
Event: 38.637 Thread 0x000001ab6382e760 flushing nmethod 0x000001ab52de0990
Event: 41.600 Thread 0x000001ab77bb7110 Thread exited: 0x000001ab77bb7110


Dynamic libraries:
0x00007ff6b6580000 - 0x00007ff6b6590000 	C:\Program Files\Java\jdk-18.0.2.1\bin\java.exe
0x00007ffda36a0000 - 0x00007ffda38a9000 	C:\WINDOWS\SYSTEM32\ntdll.dll
0x00007ffda1990000 - 0x00007ffda1a4d000 	C:\WINDOWS\System32\KERNEL32.DLL
0x00007ffda0f00000 - 0x00007ffda1284000 	C:\WINDOWS\System32\KERNELBASE.dll
0x00007ffda0b30000 - 0x00007ffda0c41000 	C:\WINDOWS\System32\ucrtbase.dll
0x00007ffd85c50000 - 0x00007ffd85c68000 	C:\Program Files\Java\jdk-18.0.2.1\bin\jli.dll
0x00007ffd82f60000 - 0x00007ffd82f7a000 	C:\Program Files\Java\jdk-18.0.2.1\bin\VCRUNTIME140.dll
0x00007ffda1b00000 - 0x00007ffda1bae000 	C:\WINDOWS\System32\ADVAPI32.dll
0x00007ffda1a50000 - 0x00007ffda1af3000 	C:\WINDOWS\System32\msvcrt.dll
0x00007ffda2b10000 - 0x00007ffda2bae000 	C:\WINDOWS\System32\sechost.dll
0x00007ffda2ec0000 - 0x00007ffda2fe1000 	C:\WINDOWS\System32\RPCRT4.dll
0x00007ffda1600000 - 0x00007ffda17ad000 	C:\WINDOWS\System32\USER32.dll
0x00007ffd91b80000 - 0x00007ffd91e25000 	C:\WINDOWS\WinSxS\amd64_microsoft.windows.common-controls_6595b64144ccf1df_6.0.22000.120_none_9d947278b86cc467\COMCTL32.dll
0x00007ffda0c50000 - 0x00007ffda0c76000 	C:\WINDOWS\System32\win32u.dll
0x00007ffda3190000 - 0x00007ffda31ba000 	C:\WINDOWS\System32\GDI32.dll
0x00007ffda1290000 - 0x00007ffda13ae000 	C:\WINDOWS\System32\gdi32full.dll
0x00007ffda04e0000 - 0x00007ffda04ea000 	C:\WINDOWS\SYSTEM32\VERSION.dll
0x00007ffda0e60000 - 0x00007ffda0efd000 	C:\WINDOWS\System32\msvcp_win.dll
0x00007ffda2bb0000 - 0x00007ffda2be1000 	C:\WINDOWS\System32\IMM32.DLL
0x00007ffda2ff0000 - 0x00007ffda318a000 	C:\WINDOWS\System32\ole32.dll
0x00007ffda32e0000 - 0x00007ffda3656000 	C:\WINDOWS\System32\combase.dll
0x00007ffda04d0000 - 0x00007ffda04db000 	C:\WINDOWS\system32\fltlib.dll
0x00007ffd9dab0000 - 0x00007ffd9dabc000 	C:\Program Files\Java\jdk-18.0.2.1\bin\vcruntime140_1.dll
0x00007ffd75a00000 - 0x00007ffd75a8d000 	C:\Program Files\Java\jdk-18.0.2.1\bin\msvcp140.dll
0x00007ffd33540000 - 0x00007ffd34151000 	C:\Program Files\Java\jdk-18.0.2.1\bin\server\jvm.dll
0x00007ffda1cf0000 - 0x00007ffda1cf8000 	C:\WINDOWS\System32\PSAPI.DLL
0x00007ffd84ca0000 - 0x00007ffd84ca9000 	C:\WINDOWS\SYSTEM32\WSOCK32.dll
0x00007ffd96ac0000 - 0x00007ffd96af3000 	C:\WINDOWS\SYSTEM32\WINMM.dll
0x00007ffda2c00000 - 0x00007ffda2c6f000 	C:\WINDOWS\System32\WS2_32.dll
0x00007ffd9f9e0000 - 0x00007ffd9f9f8000 	C:\WINDOWS\SYSTEM32\kernel.appcore.dll
0x00007ffd9daa0000 - 0x00007ffd9daaa000 	C:\Program Files\Java\jdk-18.0.2.1\bin\jimage.dll
0x00007ffd9e580000 - 0x00007ffd9e7a1000 	C:\WINDOWS\SYSTEM32\DBGHELP.DLL
0x00007ffd84c50000 - 0x00007ffd84c81000 	C:\WINDOWS\SYSTEM32\dbgcore.DLL
0x00007ffda1470000 - 0x00007ffda14ef000 	C:\WINDOWS\System32\bcryptPrimitives.dll
0x00007ffd9c6a0000 - 0x00007ffd9c6ae000 	C:\Program Files\Java\jdk-18.0.2.1\bin\instrument.dll
0x00007ffd91310000 - 0x00007ffd91335000 	C:\Program Files\Java\jdk-18.0.2.1\bin\java.dll
0x00007ffd72250000 - 0x00007ffd72326000 	C:\Program Files\Java\jdk-18.0.2.1\bin\jsvml.dll
0x00007ffda1d00000 - 0x00007ffda24c5000 	C:\WINDOWS\System32\SHELL32.dll
0x00007ffd9eaa0000 - 0x00007ffd9f302000 	C:\WINDOWS\SYSTEM32\windows.storage.dll
0x00007ffd9e930000 - 0x00007ffd9ea97000 	C:\WINDOWS\SYSTEM32\wintypes.dll
0x00007ffda24d0000 - 0x00007ffda25ba000 	C:\WINDOWS\System32\SHCORE.dll
0x00007ffda2a40000 - 0x00007ffda2a9d000 	C:\WINDOWS\System32\shlwapi.dll
0x00007ffda0a60000 - 0x00007ffda0a85000 	C:\WINDOWS\SYSTEM32\profapi.dll
0x00007ffd912f0000 - 0x00007ffd91308000 	C:\Program Files\Java\jdk-18.0.2.1\bin\zip.dll
0x00007ffd82f90000 - 0x00007ffd82fa3000 	C:\Program Files\Java\jdk-18.0.2.1\bin\net.dll
0x00007ffd9a490000 - 0x00007ffd9a5a4000 	C:\WINDOWS\SYSTEM32\WINHTTP.dll
0x00007ffd9fee0000 - 0x00007ffd9ff47000 	C:\WINDOWS\system32\mswsock.dll
0x00007ffd82f00000 - 0x00007ffd82f16000 	C:\Program Files\Java\jdk-18.0.2.1\bin\nio.dll
0x00007ffd9c680000 - 0x00007ffd9c690000 	C:\Program Files\Java\jdk-18.0.2.1\bin\verify.dll
0x00007ffd760e0000 - 0x00007ffd76125000 	C:\Users\hyper\AppData\Roaming\Code\User\globalStorage\redhat.java\1.38.0\config_win\org.eclipse.equinox.launcher\org.eclipse.equinox.launcher.win32.win32.x86_64_1.2.1100.v20240722-2106\eclipse_11904.dll
0x00007ffda0600000 - 0x00007ffda0618000 	C:\WINDOWS\SYSTEM32\CRYPTSP.dll
0x00007ffd9f9a0000 - 0x00007ffd9f9d5000 	C:\WINDOWS\system32\rsaenh.dll
0x00007ffd9ff80000 - 0x00007ffd9ffac000 	C:\WINDOWS\SYSTEM32\USERENV.dll
0x00007ffda0640000 - 0x00007ffda0667000 	C:\WINDOWS\SYSTEM32\bcrypt.dll
0x00007ffda00d0000 - 0x00007ffda00dc000 	C:\WINDOWS\SYSTEM32\CRYPTBASE.dll
0x00007ffd9f560000 - 0x00007ffd9f58d000 	C:\WINDOWS\SYSTEM32\IPHLPAPI.DLL
0x00007ffda2aa0000 - 0x00007ffda2aa9000 	C:\WINDOWS\System32\NSI.dll
0x00007ffd9ae80000 - 0x00007ffd9ae99000 	C:\WINDOWS\SYSTEM32\dhcpcsvc6.DLL
0x00007ffd9af60000 - 0x00007ffd9af7e000 	C:\WINDOWS\SYSTEM32\dhcpcsvc.DLL
0x00007ffd9f590000 - 0x00007ffd9f677000 	C:\WINDOWS\SYSTEM32\DNSAPI.dll
0x00007ffd6fd70000 - 0x00007ffd6fdb9000 	C:\Users\hyper\AppData\Local\Temp\jna-99761772\jna3423271372116440246.dll
0x00007ffd9fa60000 - 0x00007ffd9fa94000 	C:\WINDOWS\SYSTEM32\ntmarta.dll

dbghelp: loaded successfully - version: 4.0.5 - missing functions: none
symbol engine: initialized successfully - sym options: 0x614 - pdb path: .;C:\Program Files\Java\jdk-18.0.2.1\bin;C:\WINDOWS\SYSTEM32;C:\WINDOWS\WinSxS\amd64_microsoft.windows.common-controls_6595b64144ccf1df_6.0.22000.120_none_9d947278b86cc467;C:\Program Files\Java\jdk-18.0.2.1\bin\server;C:\Users\hyper\AppData\Roaming\Code\User\globalStorage\redhat.java\1.38.0\config_win\org.eclipse.equinox.launcher\org.eclipse.equinox.launcher.win32.win32.x86_64_1.2.1100.v20240722-2106;C:\Users\hyper\AppData\Local\Temp\jna-99761772

VM Arguments:
jvm_args: --add-modules=ALL-SYSTEM --add-opens=java.base/java.util=ALL-UNNAMED --add-opens=java.base/java.lang=ALL-UNNAMED --add-opens=java.base/sun.nio.fs=ALL-UNNAMED -Declipse.application=org.eclipse.jdt.ls.core.id1 -Dosgi.bundles.defaultStartLevel=4 -Declipse.product=org.eclipse.jdt.ls.core.product -Djava.import.generatesMetadataFilesAtProjectRoot=false -DDetectVMInstallationsJob.disabled=true -Dfile.encoding=utf8 -Xlog:disable -javaagent:c:\Users\hyper\.vscode\extensions\redhat.java-1.38.0-win32-x64\lombok\lombok-1.18.34.jar -XX:+HeapDumpOnOutOfMemoryError -XX:HeapDumpPath=c:\Users\hyper\AppData\Roaming\Code\User\workspaceStorage\55103842018b78ebd48e089c0df41d06\redhat.java -Daether.dependencyCollector.impl=bf 
java_command: c:\Users\hyper\.vscode\extensions\redhat.java-1.38.0-win32-x64\server\plugins\org.eclipse.equinox.launcher_1.6.900.v20240613-2009.jar -configuration c:\Users\hyper\AppData\Roaming\Code\User\globalStorage\redhat.java\1.38.0\config_win -data c:\Users\hyper\AppData\Roaming\Code\User\workspaceStorage\55103842018b78ebd48e089c0df41d06\redhat.java\jdt_ws --pipe=\\.\pipe\lsp-b1337d12c6b1021c9d126ea81fbc3096-sock
java_class_path (initial): c:\Users\hyper\.vscode\extensions\redhat.java-1.38.0-win32-x64\server\plugins\org.eclipse.equinox.launcher_1.6.900.v20240613-2009.jar
Launcher Type: SUN_STANDARD

[Global flags]
     intx CICompilerCount                          = 4                                         {product} {ergonomic}
     uint ConcGCThreads                            = 2                                         {product} {ergonomic}
     uint G1ConcRefinementThreads                  = 8                                         {product} {ergonomic}
   size_t G1HeapRegionSize                         = 2097152                                   {product} {ergonomic}
    uintx GCDrainStackTargetSize                   = 64                                        {product} {ergonomic}
     bool HeapDumpOnOutOfMemoryError               = true                                   {manageable} {command line}
    ccstr HeapDumpPath                             = c:\Users\hyper\AppData\Roaming\Code\User\workspaceStorage\55103842018b78ebd48e089c0df41d06\redhat.java         {manageable} {command line}
   size_t InitialHeapSize                          = 268435456                                 {product} {ergonomic}
   size_t MarkStackSize                            = 4194304                                   {product} {ergonomic}
   size_t MaxHeapSize                              = 4269801472                                {product} {ergonomic}
   size_t MaxNewSize                               = 2560622592                                {product} {ergonomic}
   size_t MinHeapDeltaBytes                        = 2097152                                   {product} {ergonomic}
   size_t MinHeapSize                              = 8388608                                   {product} {ergonomic}
    uintx NonNMethodCodeHeapSize                   = 5839372                                {pd product} {ergonomic}
    uintx NonProfiledCodeHeapSize                  = 122909434                              {pd product} {ergonomic}
    uintx ProfiledCodeHeapSize                     = 122909434                              {pd product} {ergonomic}
    uintx ReservedCodeCacheSize                    = 251658240                              {pd product} {ergonomic}
     bool SegmentedCodeCache                       = true                                      {product} {ergonomic}
   size_t SoftMaxHeapSize                          = 4269801472                             {manageable} {ergonomic}
     bool UseCompressedClassPointers               = true                           {product lp64_product} {ergonomic}
     bool UseCompressedOops                        = true                           {product lp64_product} {ergonomic}
     bool UseG1GC                                  = true                                      {product} {ergonomic}
     bool UseLargePagesIndividualAllocation        = false                                  {pd product} {ergonomic}

Logging:
Log output configuration:
 #0: stdout all=off uptime,level,tags foldmultilines=false
 #1: stderr all=off uptime,level,tags foldmultilines=false

Environment Variables:
JAVA_HOME=C:\Program Files\Java\jdk-18.0.2.1
PATH=C:\Program Files\Common Files\Oracle\Java\javapath;C:\WINDOWS\system32;C:\WINDOWS;C:\WINDOWS\System32\Wbem;C:\WINDOWS\System32\WindowsPowerShell\v1.0\;C:\WINDOWS\System32\OpenSSH\;C:\Program Files (x86)\NVIDIA Corporation\PhysX\Common;C:\Program Files\NVIDIA Corporation\NVIDIA NvDLISR;J:\.important\Documents\apache-maven-3.8.6\bin;C:\Program Files\Microsoft SQL Server\Client SDK\ODBC\170\Tools\Binn\;C:\Program Files (x86)\Microsoft SQL Server\150\Tools\Binn\;C:\Program Files\Microsoft SQL Server\150\Tools\Binn\;C:\Program Files\Microsoft SQL Server\150\DTS\Binn\;C:\Program Files (x86)\Microsoft SQL Server\160\DTS\Binn\;C:\Users\hyper\Downloads\curl-8.10.1_2-win64-mingw\curl-8.10.1_2-win64-mingw\bin;C:\C:\Program Files\Java\jdk-18.0.2.1\bin;C:\Program Files\OpenSSL-Win64\bin;C:\Program Files\dotnet\;C:\Program Files\Git\cmd;H:\;C:\Program Files (x86)\Microsoft SQL Server\160\Tools\Binn\;C:\Program Files\Microsoft SQL Server\160\Tools\Binn\;C:\Program Files\Microsoft SQL Server\160\DTS\Binn\;J:\Docker\resources\bin;C:\Users\hyper\AppData\Local\Microsoft\WindowsApps;C:\Users\hyper\AppData\Local\Programs\Microsoft VS Code\bin;C:\Program Files\Java\jdk-18.0.2.1\bin;C:\Users\hyper\AppData\Roaming\npm
USERNAME=hyper
OS=Windows_NT
PROCESSOR_IDENTIFIER=Intel64 Family 6 Model 60 Stepping 3, GenuineIntel



---------------  S Y S T E M  ---------------

OS:
 Windows 11 , 64 bit Build 22000 (10.0.22000.2538)
OS uptime: 0 days 23:32 hours
Hyper-V role detected

CPU: total 8 (initial active 8) (4 cores per cpu, 2 threads per core) family 6 model 60 stepping 3 microcode 0x28, cx8, cmov, fxsr, ht, mmx, sse, sse2, sse3, ssse3, sse4.1, sse4.2, popcnt, lzcnt, tsc, tscinvbit, avx, avx2, aes, erms, clmul, bmi1, bmi2, fma, vzeroupper, clflush, hv

Memory: 4k page, system-wide physical 16283M (1700M free)
TotalPageFile size 36283M (AvailPageFile size 552M)
current process WorkingSet (physical memory assigned to process): 663M, peak: 663M
current process commit charge ("private bytes"): 629M, peak: 1251M

vm_info: Java HotSpot(TM) 64-Bit Server VM (18.0.2.1+1-1) for windows-amd64 JRE (18.0.2.1+1-1), built on Aug 16 2022 01:46:33 by "mach5one" with MS VC++ 16.8 / 16.9 (VS2019)

END.
