#
# There is insufficient memory for the Java Runtime Environment to continue.
# Native memory allocation (malloc) failed to allocate 1059856 bytes for Chunk::new
# Possible reasons:
#   The system is out of physical RAM or swap space
#   The process is running with CompressedOops enabled, and the Java Heap may be blocking the growth of the native heap
# Possible solutions:
#   Reduce memory load on the system
#   Increase physical memory or swap space
#   Check if swap backing store is full
#   Decrease Java heap size (-Xmx/-Xms)
#   Decrease number of Java threads
#   Decrease Java thread stack sizes (-Xss)
#   Set larger code cache with -XX:ReservedCodeCacheSize=
#   JVM is running with Zero Based Compressed Oops mode in which the Java heap is
#     placed in the first 32GB address space. The Java Heap base address is the
#     maximum limit for the native heap growth. Please use -XX:HeapBaseMinAddress
#     to set the Java Heap base and to place the Java Heap above 32GB virtual address.
# This output file may be truncated or incomplete.
#
#  Out of Memory Error (arena.cpp:184), pid=115336, tid=9332
#
# JRE version: Java(TM) SE Runtime Environment (18.0.2.1+1) (build 18.0.2.1+1-1)
# Java VM: Java HotSpot(TM) 64-Bit Server VM (18.0.2.1+1-1, mixed mode, sharing, tiered, compressed oops, compressed class ptrs, g1 gc, windows-amd64)
# No core dump will be written. Minidumps are not enabled by default on client versions of Windows
#

---------------  S U M M A R Y ------------

Command Line: --add-modules=ALL-SYSTEM --add-opens=java.base/java.util=ALL-UNNAMED --add-opens=java.base/java.lang=ALL-UNNAMED --add-opens=java.base/sun.nio.fs=ALL-UNNAMED -Declipse.application=org.eclipse.jdt.ls.core.id1 -Dosgi.bundles.defaultStartLevel=4 -Declipse.product=org.eclipse.jdt.ls.core.product -Djava.import.generatesMetadataFilesAtProjectRoot=false -DDetectVMInstallationsJob.disabled=true -Dfile.encoding=utf8 -Xlog:disable -javaagent:c:\Users\hyper\.vscode\extensions\redhat.java-1.38.0-win32-x64\lombok\lombok-1.18.34.jar -XX:+HeapDumpOnOutOfMemoryError -XX:HeapDumpPath=c:\Users\hyper\AppData\Roaming\Code\User\workspaceStorage\55103842018b78ebd48e089c0df41d06\redhat.java -Daether.dependencyCollector.impl=bf c:\Users\hyper\.vscode\extensions\redhat.java-1.38.0-win32-x64\server\plugins\org.eclipse.equinox.launcher_1.6.900.v20240613-2009.jar -configuration c:\Users\hyper\AppData\Roaming\Code\User\globalStorage\redhat.java\1.38.0\config_win -data c:\Users\hyper\AppData\Roaming\Code\User\workspaceStorage\55103842018b78ebd48e089c0df41d06\redhat.java\jdt_ws --pipe=\\.\pipe\lsp-910044f69c72f75bf1669feb5c354518-sock

Host: Intel(R) Core(TM) i7-4770K CPU @ 3.50GHz, 8 cores, 15G,  Windows 11 , 64 bit Build 22000 (10.0.22000.2538)
Time: Tue Mar 11 03:44:15 2025 Volgograd Standard Time elapsed time: 32.395295 seconds (0d 0h 0m 32s)

---------------  T H R E A D  ---------------

Current thread (0x00000188a5ed0770):  JavaThread "C2 CompilerThread1" daemon [_thread_in_native, id=9332, stack(0x00000009cd000000,0x00000009cd100000)]


Current CompileTask:
C2:  32395 13780       4       java.lang.reflect.Field::get (39 bytes)

Stack: [0x00000009cd000000,0x00000009cd100000]
Native frames: (J=compiled Java code, j=interpreted, Vv=VM code, C=native code)
V  [jvm.dll+0x6993aa]
V  [jvm.dll+0x7f46dd]
V  [jvm.dll+0x7f5fee]
V  [jvm.dll+0x7f66a3]
V  [jvm.dll+0x25cf1f]
V  [jvm.dll+0xb8c2f]
V  [jvm.dll+0xb8fa5]
V  [jvm.dll+0x386091]
V  [jvm.dll+0x1d2d58]
V  [jvm.dll+0x230259]
V  [jvm.dll+0x22f4d1]
V  [jvm.dll+0x1ba01c]
V  [jvm.dll+0x23ee0a]
V  [jvm.dll+0x23d0f5]
V  [jvm.dll+0x7a6dd1]
V  [jvm.dll+0x7a120a]
V  [jvm.dll+0x698255]
C  [ucrtbase.dll+0x26c0c]
C  [KERNEL32.DLL+0x153e0]
C  [ntdll.dll+0x485b]


---------------  P R O C E S S  ---------------

Threads class SMR info:
_java_thread_list=0x00000188a7539d80, length=70, elements={
0x00000188fd350190, 0x00000188ff9dc450, 0x00000188ff9dd9e0, 0x00000188ff9f8250,
0x00000188ff9f8dc0, 0x00000188ff9f9670, 0x00000188ff9f9f20, 0x00000188ff9fcb10,
0x00000188ffa3af00, 0x00000188a4c48c00, 0x00000188a4c977a0, 0x00000188a4e4cbc0,
0x00000188a55bbca0, 0x00000188a545c790, 0x00000188a5f5d8f0, 0x00000188a5a0d100,
0x00000188a56baed0, 0x00000188a556a0c0, 0x00000188a5fb9480, 0x00000188a5fb5f90,
0x00000188a5fb8610, 0x00000188a5fb6460, 0x00000188a5fb77a0, 0x00000188a5fb8ae0,
0x00000188a5fb6e00, 0x00000188a5fb72d0, 0x00000188a886b8b0, 0x00000188a886bd80,
0x00000188a886aa40, 0x00000188a886b3e0, 0x00000188a886c250, 0x00000188a8869230,
0x00000188a8868d60, 0x00000188a8868890, 0x00000188a8869700, 0x00000188a8869bd0,
0x00000188a886af10, 0x00000188a8de2d90, 0x00000188a8dde560, 0x00000188a8de3730,
0x00000188a8de0be0, 0x00000188a8dde090, 0x00000188a8de3260, 0x00000188a8de3c00,
0x00000188a8de40d0, 0x00000188a8ddef00, 0x00000188a8de45a0, 0x00000188a8ddf8a0,
0x00000188a8ddfd70, 0x00000188a8de0240, 0x00000188a8de4a70, 0x00000188a8ddd6f0,
0x00000188a8de28c0, 0x00000188a8ddea30, 0x00000188a8de1580, 0x00000188a8de23f0,
0x00000188a8ddd220, 0x00000188a8dddbc0, 0x00000188a8de1a50, 0x00000188a8de1f20,
0x00000188a8be58c0, 0x00000188a8bdf880, 0x00000188a8be4f20, 0x00000188a8bde070,
0x00000188a8bdeee0, 0x00000188a8be1560, 0x00000188a8be23d0, 0x00000188a8be0220,
0x00000188a5ed0770, 0x00000188a5ed1bb0
}

Java Threads: ( => current thread )
  0x00000188fd350190 JavaThread "main" [_thread_blocked, id=129548, stack(0x00000009cab00000,0x00000009cac00000)]
  0x00000188ff9dc450 JavaThread "Reference Handler" daemon [_thread_blocked, id=124644, stack(0x00000009cb200000,0x00000009cb300000)]
  0x00000188ff9dd9e0 JavaThread "Finalizer" daemon [_thread_blocked, id=116408, stack(0x00000009cb300000,0x00000009cb400000)]
  0x00000188ff9f8250 JavaThread "Signal Dispatcher" daemon [_thread_blocked, id=10436, stack(0x00000009cb400000,0x00000009cb500000)]
  0x00000188ff9f8dc0 JavaThread "Attach Listener" daemon [_thread_blocked, id=128984, stack(0x00000009cb500000,0x00000009cb600000)]
  0x00000188ff9f9670 JavaThread "Service Thread" daemon [_thread_blocked, id=123932, stack(0x00000009cb600000,0x00000009cb700000)]
  0x00000188ff9f9f20 JavaThread "Monitor Deflation Thread" daemon [_thread_blocked, id=119396, stack(0x00000009cb700000,0x00000009cb800000)]
  0x00000188ff9fcb10 JavaThread "C2 CompilerThread0" daemon [_thread_in_native, id=120796, stack(0x00000009cb800000,0x00000009cb900000)]
  0x00000188ffa3af00 JavaThread "C1 CompilerThread0" daemon [_thread_blocked, id=104760, stack(0x00000009cb900000,0x00000009cba00000)]
  0x00000188a4c48c00 JavaThread "Sweeper thread" daemon [_thread_blocked, id=111208, stack(0x00000009cba00000,0x00000009cbb00000)]
  0x00000188a4c977a0 JavaThread "Common-Cleaner" daemon [_thread_blocked, id=123736, stack(0x00000009cbb00000,0x00000009cbc00000)]
  0x00000188a4e4cbc0 JavaThread "Notification Thread" daemon [_thread_blocked, id=25092, stack(0x00000009cbd00000,0x00000009cbe00000)]
  0x00000188a55bbca0 JavaThread "Active Thread: Equinox Container: a4345b98-7456-4668-be47-b22f38dd48ed" [_thread_blocked, id=132792, stack(0x00000009cbf00000,0x00000009cc000000)]
  0x00000188a545c790 JavaThread "Refresh Thread: Equinox Container: a4345b98-7456-4668-be47-b22f38dd48ed" daemon [_thread_blocked, id=120180, stack(0x00000009cc600000,0x00000009cc700000)]
  0x00000188a5f5d8f0 JavaThread "Framework Event Dispatcher: Equinox Container: a4345b98-7456-4668-be47-b22f38dd48ed" daemon [_thread_blocked, id=125440, stack(0x00000009cc700000,0x00000009cc800000)]
  0x00000188a5a0d100 JavaThread "Start Level: Equinox Container: a4345b98-7456-4668-be47-b22f38dd48ed" daemon [_thread_blocked, id=122336, stack(0x00000009cc800000,0x00000009cc900000)]
  0x00000188a56baed0 JavaThread "Bundle File Closer" daemon [_thread_blocked, id=106140, stack(0x00000009ccb00000,0x00000009ccc00000)]
  0x00000188a556a0c0 JavaThread "SCR Component Actor" daemon [_thread_blocked, id=109192, stack(0x00000009ccc00000,0x00000009ccd00000)]
  0x00000188a5fb9480 JavaThread "Worker-JM" [_thread_blocked, id=9780, stack(0x00000009cbc00000,0x00000009cbd00000)]
  0x00000188a5fb5f90 JavaThread "JNA Cleaner" daemon [_thread_blocked, id=121968, stack(0x00000009ccd00000,0x00000009cce00000)]
  0x00000188a5fb8610 JavaThread "Worker-0: Java indexing... " [_thread_blocked, id=107752, stack(0x00000009cce00000,0x00000009ccf00000)]
  0x00000188a5fb6460 JavaThread "Worker-1: Initialize workspace" [_thread_blocked, id=135368, stack(0x00000009ccf00000,0x00000009cd000000)]
  0x00000188a5fb77a0 JavaThread "Java indexing" daemon [_thread_in_Java, id=107464, stack(0x00000009cd200000,0x00000009cd300000)]
  0x00000188a5fb8ae0 JavaThread "Worker-2" [_thread_blocked, id=114764, stack(0x00000009cd400000,0x00000009cd500000)]
  0x00000188a5fb6e00 JavaThread "Worker-3" [_thread_blocked, id=22220, stack(0x00000009cd700000,0x00000009cd800000)]
  0x00000188a5fb72d0 JavaThread "Thread-2" daemon [_thread_in_native, id=117196, stack(0x00000009cd800000,0x00000009cd900000)]
  0x00000188a886b8b0 JavaThread "Thread-3" daemon [_thread_in_native, id=122364, stack(0x00000009cd900000,0x00000009cda00000)]
  0x00000188a886bd80 JavaThread "Thread-4" daemon [_thread_in_native, id=8684, stack(0x00000009cda00000,0x00000009cdb00000)]
  0x00000188a886aa40 JavaThread "Thread-5" daemon [_thread_in_native, id=130020, stack(0x00000009cdb00000,0x00000009cdc00000)]
  0x00000188a886b3e0 JavaThread "Thread-6" daemon [_thread_in_native, id=134656, stack(0x00000009cdc00000,0x00000009cdd00000)]
  0x00000188a886c250 JavaThread "Thread-7" daemon [_thread_in_native, id=116016, stack(0x00000009cdd00000,0x00000009cde00000)]
  0x00000188a8869230 JavaThread "Thread-8" daemon [_thread_in_native, id=130772, stack(0x00000009cde00000,0x00000009cdf00000)]
  0x00000188a8868d60 JavaThread "Thread-9" daemon [_thread_in_native, id=10628, stack(0x00000009cdf00000,0x00000009ce000000)]
  0x00000188a8868890 JavaThread "Thread-10" daemon [_thread_in_native, id=135472, stack(0x00000009ce000000,0x00000009ce100000)]
  0x00000188a8869700 JavaThread "Worker-4: Check JDK Index" [_thread_blocked, id=117464, stack(0x00000009ce100000,0x00000009ce200000)]
  0x00000188a8869bd0 JavaThread "Worker-5" [_thread_blocked, id=131940, stack(0x00000009ce200000,0x00000009ce300000)]
  0x00000188a886af10 JavaThread "pool-2-thread-1" [_thread_blocked, id=124540, stack(0x00000009ce300000,0x00000009ce400000)]
  0x00000188a8de2d90 JavaThread "WorkspaceEventsHandler" [_thread_blocked, id=128700, stack(0x00000009ce400000,0x00000009ce500000)]
  0x00000188a8dde560 JavaThread "pool-1-thread-1" [_thread_blocked, id=11236, stack(0x00000009ce500000,0x00000009ce600000)]
  0x00000188a8de3730 JavaThread "LocalFile Deleter" daemon [_thread_blocked, id=132152, stack(0x00000009cca00000,0x00000009ccb00000)]
  0x00000188a8de0be0 JavaThread "LocalFile Deleter" daemon [_thread_blocked, id=107284, stack(0x00000009ce600000,0x00000009ce700000)]
  0x00000188a8dde090 JavaThread "LocalFile Deleter" daemon [_thread_blocked, id=114912, stack(0x00000009ce700000,0x00000009ce800000)]
  0x00000188a8de3260 JavaThread "LocalFile Deleter" daemon [_thread_blocked, id=112520, stack(0x00000009ce800000,0x00000009ce900000)]
  0x00000188a8de3c00 JavaThread "LocalFile Deleter" daemon [_thread_blocked, id=109048, stack(0x00000009ce900000,0x00000009cea00000)]
  0x00000188a8de40d0 JavaThread "LocalFile Deleter" daemon [_thread_blocked, id=121076, stack(0x00000009cea00000,0x00000009ceb00000)]
  0x00000188a8ddef00 JavaThread "LocalFile Deleter" daemon [_thread_blocked, id=119456, stack(0x00000009ceb00000,0x00000009cec00000)]
  0x00000188a8de45a0 JavaThread "LocalFile Deleter" daemon [_thread_blocked, id=129156, stack(0x00000009cec00000,0x00000009ced00000)]
  0x00000188a8ddf8a0 JavaThread "Compiler Source File Reader" daemon [_thread_blocked, id=136056, stack(0x00000009ced00000,0x00000009cee00000)]
  0x00000188a8ddfd70 JavaThread "Compiler Source File Reader" daemon [_thread_blocked, id=110564, stack(0x00000009cee00000,0x00000009cef00000)]
  0x00000188a8de0240 JavaThread "Compiler Source File Reader" daemon [_thread_blocked, id=123796, stack(0x00000009cef00000,0x00000009cf000000)]
  0x00000188a8de4a70 JavaThread "Compiler Source File Reader" daemon [_thread_blocked, id=133544, stack(0x00000009cf000000,0x00000009cf100000)]
  0x00000188a8ddd6f0 JavaThread "Compiler Source File Reader" daemon [_thread_blocked, id=136568, stack(0x00000009cf100000,0x00000009cf200000)]
  0x00000188a8de28c0 JavaThread "Compiler Source File Reader" daemon [_thread_blocked, id=106192, stack(0x00000009cf200000,0x00000009cf300000)]
  0x00000188a8ddea30 JavaThread "Compiler Processing Task" daemon [_thread_blocked, id=131532, stack(0x00000009cf600000,0x00000009cf700000)]
  0x00000188a8de1580 JavaThread "Compiler Class File Writer" daemon [_thread_blocked, id=116400, stack(0x00000009cf700000,0x00000009cf800000)]
  0x00000188a8de23f0 JavaThread "Compiler Class File Writer" daemon [_thread_blocked, id=109988, stack(0x00000009cf800000,0x00000009cf900000)]
  0x00000188a8ddd220 JavaThread "Compiler Class File Writer" daemon [_thread_blocked, id=122008, stack(0x00000009cf900000,0x00000009cfa00000)]
  0x00000188a8dddbc0 JavaThread "Compiler Class File Writer" daemon [_thread_blocked, id=122740, stack(0x00000009cfa00000,0x00000009cfb00000)]
  0x00000188a8de1a50 JavaThread "Compiler Class File Writer" daemon [_thread_blocked, id=134280, stack(0x00000009cfb00000,0x00000009cfc00000)]
  0x00000188a8de1f20 JavaThread "Compiler Class File Writer" daemon [_thread_blocked, id=124764, stack(0x00000009cfc00000,0x00000009cfd00000)]
  0x00000188a8be58c0 JavaThread "ForkJoinPool.commonPool-worker-1" daemon [_thread_blocked, id=122444, stack(0x00000009d0400000,0x00000009d0500000)]
  0x00000188a8bdf880 JavaThread "ForkJoinPool.commonPool-worker-2" daemon [_thread_blocked, id=9880, stack(0x00000009d0500000,0x00000009d0600000)]
  0x00000188a8be4f20 JavaThread "ForkJoinPool.commonPool-worker-3" daemon [_thread_blocked, id=132248, stack(0x00000009d0600000,0x00000009d0700000)]
  0x00000188a8bde070 JavaThread "ForkJoinPool.commonPool-worker-4" daemon [_thread_blocked, id=114324, stack(0x00000009d0700000,0x00000009d0800000)]
  0x00000188a8bdeee0 JavaThread "ForkJoinPool.commonPool-worker-5" daemon [_thread_blocked, id=50208, stack(0x00000009d0800000,0x00000009d0900000)]
  0x00000188a8be1560 JavaThread "ForkJoinPool.commonPool-worker-6" daemon [_thread_blocked, id=130400, stack(0x00000009d0900000,0x00000009d0a00000)]
  0x00000188a8be23d0 JavaThread "ForkJoinPool.commonPool-worker-7" daemon [_thread_blocked, id=120804, stack(0x00000009d0a00000,0x00000009d0b00000)]
  0x00000188a8be0220 JavaThread "SCR Component Registry" daemon [_thread_blocked, id=92996, stack(0x00000009d0000000,0x00000009d0100000)]
=>0x00000188a5ed0770 JavaThread "C2 CompilerThread1" daemon [_thread_in_native, id=9332, stack(0x00000009cd000000,0x00000009cd100000)]
  0x00000188a5ed1bb0 JavaThread "C2 CompilerThread2" daemon [_thread_in_native, id=114980, stack(0x00000009cd300000,0x00000009cd400000)]

Other Threads:
  0x00000188ff9d6610 VMThread "VM Thread" [stack: 0x00000009cb100000,0x00000009cb200000] [id=128156]
  0x00000188fd350ca0 WatcherThread "VM Periodic Task Thread" [stack: 0x00000009cbe00000,0x00000009cbf00000] [id=114388]
  0x00000188fd3bbfa0 WorkerThread "GC Thread#0" [stack: 0x00000009cac00000,0x00000009cad00000] [id=118152]
  0x00000188a5775a20 WorkerThread "GC Thread#1" [stack: 0x00000009cc000000,0x00000009cc100000] [id=112764]
  0x00000188a5775cc0 WorkerThread "GC Thread#2" [stack: 0x00000009cc100000,0x00000009cc200000] [id=118828]
  0x00000188a54fc2d0 WorkerThread "GC Thread#3" [stack: 0x00000009cc200000,0x00000009cc300000] [id=118200]
  0x00000188a54fc570 WorkerThread "GC Thread#4" [stack: 0x00000009cc300000,0x00000009cc400000] [id=10552]
  0x00000188a53e0340 WorkerThread "GC Thread#5" [stack: 0x00000009cc400000,0x00000009cc500000] [id=10544]
  0x00000188a53a02d0 WorkerThread "GC Thread#6" [stack: 0x00000009cc500000,0x00000009cc600000] [id=10560]
  0x00000188a53d7fb0 WorkerThread "GC Thread#7" [stack: 0x00000009cc900000,0x00000009cca00000] [id=106900]
  0x00000188fd3ccc60 ConcurrentGCThread "G1 Main Marker" [stack: 0x00000009cad00000,0x00000009cae00000] [id=114280]
  0x00000188fd3cd560 WorkerThread "G1 Conc#0" [stack: 0x00000009cae00000,0x00000009caf00000] [id=114184]
  0x00000188a56d5c50 WorkerThread "G1 Conc#1" [stack: 0x00000009cd100000,0x00000009cd200000] [id=131804]
  0x00000188ff88dd40 ConcurrentGCThread "G1 Refine#0" [stack: 0x00000009caf00000,0x00000009cb000000] [id=123256]
  0x00000188a952d1b0 ConcurrentGCThread "G1 Refine#1" [stack: 0x00000009cf300000,0x00000009cf400000] [id=118276]
  0x00000188a952dcf0 ConcurrentGCThread "G1 Refine#2" [stack: 0x00000009cf400000,0x00000009cf500000] [id=130060]
  0x00000188a952fbe0 ConcurrentGCThread "G1 Refine#3" [stack: 0x00000009cf500000,0x00000009cf600000] [id=131448]
  0x00000188a952d750 ConcurrentGCThread "G1 Refine#4" [stack: 0x00000009cfd00000,0x00000009cfe00000] [id=102512]
  0x00000188a952d480 ConcurrentGCThread "G1 Refine#5" [stack: 0x00000009cfe00000,0x00000009cff00000] [id=135428]
  0x00000188a952f640 ConcurrentGCThread "G1 Refine#6" [stack: 0x00000009cff00000,0x00000009d0000000] [id=116920]
  0x00000188ff890110 ConcurrentGCThread "G1 Service" [stack: 0x00000009cb000000,0x00000009cb100000] [id=132188]

Threads with active compile tasks:
C2 CompilerThread0    32437 13917       4       org.eclipse.jdt.internal.compiler.parser.Parser::consumeRule (7871 bytes)
C1 CompilerThread0    32438 13926       3       org.eclipse.jdt.internal.compiler.classfmt.MethodInfo::decodeMethodParameters (129 bytes)
C2 CompilerThread1    32438 13780       4       java.lang.reflect.Field::get (39 bytes)
C2 CompilerThread2    32438 13899       4       lombok.eclipse.EclipseAST::buildTypeUse (294 bytes)

VM state: not at safepoint (normal execution)

VM Mutex/Monitor currently owned by a thread: None

Heap address: 0x0000000701800000, size: 4072 MB, Compressed Oops mode: Zero based, Oop shift amount: 3

CDS archive(s) mapped at: [0x0000000800000000-0x0000000800ba0000-0x0000000800ba0000), size 12189696, SharedBaseAddress: 0x0000000800000000, ArchiveRelocationMode: 0.
Compressed class space mapped at: 0x0000000800c00000-0x0000000840c00000, reserved size: 1073741824
Narrow klass base: 0x0000000800000000, Narrow klass shift: 0, Narrow klass range: 0x100000000

GC Precious Log:
 CardTable entry size: 512
 Card Set container configuration: InlinePtr #cards 4 size 8 Array Of Cards #cards 16 size 48 Howl #buckets 8 coarsen threshold 3686 Howl Bitmap #cards 512 size 80 coarsen threshold 460 Card regions per heap region 1 cards per card region 4096
 CPUs: 8 total, 8 available
 Memory: 16283M
 Large Page Support: Disabled
 NUMA Support: Disabled
 Compressed Oops: Enabled (Zero based)
 Heap Region Size: 2M
 Heap Min Capacity: 8M
 Heap Initial Capacity: 256M
 Heap Max Capacity: 4072M
 Pre-touch: Disabled
 Parallel Workers: 8
 Concurrent Workers: 2
 Concurrent Refinement Workers: 8
 Periodic GC: Disabled

Heap:
 garbage-first heap   total 497664K, used 341874K [0x0000000701800000, 0x0000000800000000)
  region size 2048K, 44 young (90112K), 10 survivors (20480K)
 Metaspace       used 69365K, committed 70848K, reserved 1114112K
  class space    used 6914K, committed 7552K, reserved 1048576K

Heap Regions: E=young(eden), S=young(survivor), O=old, HS=humongous(starts), HC=humongous(continues), CS=collection set, F=free, OA=open archive, CA=closed archive, TAMS=top-at-mark-start (previous, next)
|   0|0x0000000701800000, 0x0000000701a00000, 0x0000000701a00000|100%| O|  |TAMS 0x0000000701a00000, 0x0000000701800000| Untracked 
|   1|0x0000000701a00000, 0x0000000701c00000, 0x0000000701c00000|100%| O|  |TAMS 0x0000000701c00000, 0x0000000701a00000| Untracked 
|   2|0x0000000701c00000, 0x0000000701e00000, 0x0000000701e00000|100%| O|  |TAMS 0x0000000701e00000, 0x0000000701c00000| Untracked 
|   3|0x0000000701e00000, 0x0000000702000000, 0x0000000702000000|100%| O|  |TAMS 0x0000000702000000, 0x0000000701e00000| Untracked 
|   4|0x0000000702000000, 0x0000000702200000, 0x0000000702200000|100%| O|  |TAMS 0x0000000702200000, 0x0000000702000000| Untracked 
|   5|0x0000000702200000, 0x0000000702400000, 0x0000000702400000|100%| O|  |TAMS 0x0000000702400000, 0x0000000702200000| Untracked 
|   6|0x0000000702400000, 0x0000000702600000, 0x0000000702600000|100%| O|  |TAMS 0x0000000702600000, 0x0000000702400000| Untracked 
|   7|0x0000000702600000, 0x0000000702800000, 0x0000000702800000|100%| O|  |TAMS 0x0000000702800000, 0x0000000702600000| Untracked 
|   8|0x0000000702800000, 0x0000000702a00000, 0x0000000702a00000|100%| O|  |TAMS 0x0000000702a00000, 0x0000000702800000| Untracked 
|   9|0x0000000702a00000, 0x0000000702c00000, 0x0000000702c00000|100%| O|  |TAMS 0x0000000702c00000, 0x0000000702a00000| Untracked 
|  10|0x0000000702c00000, 0x0000000702e00000, 0x0000000702e00000|100%| O|  |TAMS 0x0000000702e00000, 0x0000000702c00000| Untracked 
|  11|0x0000000702e00000, 0x0000000703000000, 0x0000000703000000|100%| O|  |TAMS 0x0000000703000000, 0x0000000702e00000| Untracked 
|  12|0x0000000703000000, 0x0000000703200000, 0x0000000703200000|100%| O|  |TAMS 0x0000000703200000, 0x0000000703000000| Untracked 
|  13|0x0000000703200000, 0x0000000703400000, 0x0000000703400000|100%| O|  |TAMS 0x0000000703400000, 0x0000000703200000| Untracked 
|  14|0x0000000703400000, 0x0000000703600000, 0x0000000703600000|100%| O|  |TAMS 0x0000000703600000, 0x0000000703400000| Untracked 
|  15|0x0000000703600000, 0x0000000703800000, 0x0000000703800000|100%| O|  |TAMS 0x0000000703800000, 0x0000000703600000| Untracked 
|  16|0x0000000703800000, 0x0000000703a00000, 0x0000000703a00000|100%| O|  |TAMS 0x0000000703a00000, 0x0000000703800000| Untracked 
|  17|0x0000000703a00000, 0x0000000703c00000, 0x0000000703c00000|100%| O|  |TAMS 0x0000000703c00000, 0x0000000703a00000| Untracked 
|  18|0x0000000703c00000, 0x0000000703e00000, 0x0000000703e00000|100%| O|  |TAMS 0x0000000703e00000, 0x0000000703c00000| Untracked 
|  19|0x0000000703e00000, 0x0000000704000000, 0x0000000704000000|100%| O|  |TAMS 0x0000000704000000, 0x0000000703e00000| Untracked 
|  20|0x0000000704000000, 0x0000000704200000, 0x0000000704200000|100%| O|  |TAMS 0x0000000704200000, 0x0000000704000000| Untracked 
|  21|0x0000000704200000, 0x0000000704400000, 0x0000000704400000|100%| O|  |TAMS 0x0000000704400000, 0x0000000704200000| Untracked 
|  22|0x0000000704400000, 0x0000000704600000, 0x0000000704600000|100%| O|  |TAMS 0x0000000704600000, 0x0000000704400000| Untracked 
|  23|0x0000000704600000, 0x0000000704800000, 0x0000000704800000|100%| O|  |TAMS 0x0000000704800000, 0x0000000704600000| Untracked 
|  24|0x0000000704800000, 0x0000000704a00000, 0x0000000704a00000|100%| O|  |TAMS 0x0000000704a00000, 0x0000000704800000| Untracked 
|  25|0x0000000704a00000, 0x0000000704c00000, 0x0000000704c00000|100%| O|  |TAMS 0x0000000704c00000, 0x0000000704a00000| Untracked 
|  26|0x0000000704c00000, 0x0000000704e00000, 0x0000000704e00000|100%| O|  |TAMS 0x0000000704e00000, 0x0000000704c00000| Untracked 
|  27|0x0000000704e00000, 0x0000000705000000, 0x0000000705000000|100%| O|  |TAMS 0x0000000705000000, 0x0000000704e00000| Untracked 
|  28|0x0000000705000000, 0x0000000705200000, 0x0000000705200000|100%| O|  |TAMS 0x0000000705200000, 0x0000000705000000| Untracked 
|  29|0x0000000705200000, 0x0000000705400000, 0x0000000705400000|100%| O|  |TAMS 0x0000000705400000, 0x0000000705200000| Untracked 
|  30|0x0000000705400000, 0x0000000705600000, 0x0000000705600000|100%| O|  |TAMS 0x0000000705600000, 0x0000000705400000| Untracked 
|  31|0x0000000705600000, 0x0000000705800000, 0x0000000705800000|100%|HS|  |TAMS 0x0000000705600000, 0x0000000705600000| Complete 
|  32|0x0000000705800000, 0x0000000705a00000, 0x0000000705a00000|100%| O|  |TAMS 0x0000000705a00000, 0x0000000705800000| Untracked 
|  33|0x0000000705a00000, 0x0000000705c00000, 0x0000000705c00000|100%| O|  |TAMS 0x0000000705c00000, 0x0000000705a00000| Untracked 
|  34|0x0000000705c00000, 0x0000000705e00000, 0x0000000705e00000|100%| O|  |TAMS 0x0000000705e00000, 0x0000000705c00000| Untracked 
|  35|0x0000000705e00000, 0x0000000706000000, 0x0000000706000000|100%| O|  |TAMS 0x0000000706000000, 0x0000000705e00000| Untracked 
|  36|0x0000000706000000, 0x0000000706200000, 0x0000000706200000|100%| O|  |TAMS 0x0000000706200000, 0x0000000706000000| Untracked 
|  37|0x0000000706200000, 0x0000000706400000, 0x0000000706400000|100%| O|  |TAMS 0x0000000706400000, 0x0000000706200000| Untracked 
|  38|0x0000000706400000, 0x0000000706600000, 0x0000000706600000|100%| O|  |TAMS 0x0000000706600000, 0x0000000706400000| Untracked 
|  39|0x0000000706600000, 0x0000000706800000, 0x0000000706800000|100%| O|  |TAMS 0x0000000706800000, 0x0000000706600000| Untracked 
|  40|0x0000000706800000, 0x0000000706a00000, 0x0000000706a00000|100%| O|  |TAMS 0x0000000706a00000, 0x0000000706800000| Untracked 
|  41|0x0000000706a00000, 0x0000000706c00000, 0x0000000706c00000|100%| O|  |TAMS 0x0000000706c00000, 0x0000000706a00000| Untracked 
|  42|0x0000000706c00000, 0x0000000706e00000, 0x0000000706e00000|100%| O|  |TAMS 0x0000000706e00000, 0x0000000706c00000| Untracked 
|  43|0x0000000706e00000, 0x0000000707000000, 0x0000000707000000|100%| O|  |TAMS 0x0000000707000000, 0x0000000706e00000| Untracked 
|  44|0x0000000707000000, 0x0000000707200000, 0x0000000707200000|100%| O|  |TAMS 0x0000000707200000, 0x0000000707000000| Untracked 
|  45|0x0000000707200000, 0x0000000707400000, 0x0000000707400000|100%| O|  |TAMS 0x0000000707400000, 0x0000000707200000| Untracked 
|  46|0x0000000707400000, 0x0000000707600000, 0x0000000707600000|100%| O|  |TAMS 0x00000007075d7c00, 0x0000000707400000| Untracked 
|  47|0x0000000707600000, 0x0000000707800000, 0x0000000707800000|100%| O|  |TAMS 0x0000000707600000, 0x0000000707600000| Untracked 
|  48|0x0000000707800000, 0x0000000707a00000, 0x0000000707a00000|100%| O|  |TAMS 0x0000000707800000, 0x0000000707800000| Untracked 
|  49|0x0000000707a00000, 0x0000000707c00000, 0x0000000707c00000|100%| O|  |TAMS 0x0000000707a00000, 0x0000000707a00000| Untracked 
|  50|0x0000000707c00000, 0x0000000707e00000, 0x0000000707e00000|100%| O|  |TAMS 0x0000000707c00000, 0x0000000707c00000| Untracked 
|  51|0x0000000707e00000, 0x0000000708000000, 0x0000000708000000|100%| O|  |TAMS 0x0000000707e00000, 0x0000000707e00000| Untracked 
|  52|0x0000000708000000, 0x0000000708200000, 0x0000000708200000|100%| O|  |TAMS 0x0000000708000000, 0x0000000708000000| Untracked 
|  53|0x0000000708200000, 0x0000000708400000, 0x0000000708400000|100%| O|  |TAMS 0x0000000708200000, 0x0000000708200000| Untracked 
|  54|0x0000000708400000, 0x0000000708600000, 0x0000000708600000|100%| O|  |TAMS 0x0000000708400000, 0x0000000708400000| Untracked 
|  55|0x0000000708600000, 0x0000000708800000, 0x0000000708800000|100%| O|  |TAMS 0x0000000708600000, 0x0000000708600000| Untracked 
|  56|0x0000000708800000, 0x0000000708a00000, 0x0000000708a00000|100%| O|  |TAMS 0x0000000708800000, 0x0000000708800000| Untracked 
|  57|0x0000000708a00000, 0x0000000708c00000, 0x0000000708c00000|100%| O|  |TAMS 0x0000000708a00000, 0x0000000708a00000| Untracked 
|  58|0x0000000708c00000, 0x0000000708e00000, 0x0000000708e00000|100%| O|  |TAMS 0x0000000708c00000, 0x0000000708c00000| Untracked 
|  59|0x0000000708e00000, 0x0000000709000000, 0x0000000709000000|100%| O|  |TAMS 0x0000000708e00000, 0x0000000708e00000| Untracked 
|  60|0x0000000709000000, 0x0000000709200000, 0x0000000709200000|100%| O|  |TAMS 0x0000000709000000, 0x0000000709000000| Untracked 
|  61|0x0000000709200000, 0x0000000709400000, 0x0000000709400000|100%| O|  |TAMS 0x0000000709200000, 0x0000000709200000| Untracked 
|  62|0x0000000709400000, 0x0000000709600000, 0x0000000709600000|100%| O|  |TAMS 0x0000000709400000, 0x0000000709400000| Untracked 
|  63|0x0000000709600000, 0x0000000709800000, 0x0000000709800000|100%| O|  |TAMS 0x0000000709600000, 0x0000000709600000| Untracked 
|  64|0x0000000709800000, 0x0000000709a00000, 0x0000000709a00000|100%| O|  |TAMS 0x0000000709800000, 0x0000000709800000| Untracked 
|  65|0x0000000709a00000, 0x0000000709c00000, 0x0000000709c00000|100%| O|  |TAMS 0x0000000709a00000, 0x0000000709a00000| Untracked 
|  66|0x0000000709c00000, 0x0000000709e00000, 0x0000000709e00000|100%| O|  |TAMS 0x0000000709c00000, 0x0000000709c00000| Untracked 
|  67|0x0000000709e00000, 0x000000070a000000, 0x000000070a000000|100%| O|  |TAMS 0x0000000709e00000, 0x0000000709e00000| Untracked 
|  68|0x000000070a000000, 0x000000070a200000, 0x000000070a200000|100%| O|  |TAMS 0x000000070a000000, 0x000000070a000000| Untracked 
|  69|0x000000070a200000, 0x000000070a400000, 0x000000070a400000|100%| O|  |TAMS 0x000000070a200000, 0x000000070a200000| Untracked 
|  70|0x000000070a400000, 0x000000070a600000, 0x000000070a600000|100%| O|  |TAMS 0x000000070a400000, 0x000000070a400000| Untracked 
|  71|0x000000070a600000, 0x000000070a800000, 0x000000070a800000|100%| O|  |TAMS 0x000000070a600000, 0x000000070a600000| Untracked 
|  72|0x000000070a800000, 0x000000070aa00000, 0x000000070aa00000|100%| O|  |TAMS 0x000000070a800000, 0x000000070a800000| Untracked 
|  73|0x000000070aa00000, 0x000000070ac00000, 0x000000070ac00000|100%| O|  |TAMS 0x000000070aa00000, 0x000000070aa00000| Untracked 
|  74|0x000000070ac00000, 0x000000070ae00000, 0x000000070ae00000|100%| O|  |TAMS 0x000000070ac00000, 0x000000070ac00000| Untracked 
|  75|0x000000070ae00000, 0x000000070b000000, 0x000000070b000000|100%| O|  |TAMS 0x000000070ae00000, 0x000000070ae00000| Untracked 
|  76|0x000000070b000000, 0x000000070b200000, 0x000000070b200000|100%| O|  |TAMS 0x000000070b000000, 0x000000070b000000| Untracked 
|  77|0x000000070b200000, 0x000000070b400000, 0x000000070b400000|100%| O|  |TAMS 0x000000070b200000, 0x000000070b200000| Untracked 
|  78|0x000000070b400000, 0x000000070b600000, 0x000000070b600000|100%| O|  |TAMS 0x000000070b400000, 0x000000070b400000| Untracked 
|  79|0x000000070b600000, 0x000000070b800000, 0x000000070b800000|100%| O|  |TAMS 0x000000070b600000, 0x000000070b600000| Untracked 
|  80|0x000000070b800000, 0x000000070ba00000, 0x000000070ba00000|100%| O|  |TAMS 0x000000070b800000, 0x000000070b800000| Untracked 
|  81|0x000000070ba00000, 0x000000070bc00000, 0x000000070bc00000|100%| O|  |TAMS 0x000000070ba00000, 0x000000070ba00000| Untracked 
|  82|0x000000070bc00000, 0x000000070be00000, 0x000000070be00000|100%| O|  |TAMS 0x000000070bc00000, 0x000000070bc00000| Untracked 
|  83|0x000000070be00000, 0x000000070c000000, 0x000000070c000000|100%| O|  |TAMS 0x000000070be00000, 0x000000070be00000| Untracked 
|  84|0x000000070c000000, 0x000000070c200000, 0x000000070c200000|100%| O|  |TAMS 0x000000070c000000, 0x000000070c000000| Untracked 
|  85|0x000000070c200000, 0x000000070c400000, 0x000000070c400000|100%| O|  |TAMS 0x000000070c200000, 0x000000070c200000| Untracked 
|  86|0x000000070c400000, 0x000000070c600000, 0x000000070c600000|100%| O|  |TAMS 0x000000070c400000, 0x000000070c400000| Untracked 
|  87|0x000000070c600000, 0x000000070c800000, 0x000000070c800000|100%| O|  |TAMS 0x000000070c600000, 0x000000070c600000| Untracked 
|  88|0x000000070c800000, 0x000000070ca00000, 0x000000070ca00000|100%| O|  |TAMS 0x000000070c800000, 0x000000070c800000| Untracked 
|  89|0x000000070ca00000, 0x000000070cc00000, 0x000000070cc00000|100%| O|  |TAMS 0x000000070ca00000, 0x000000070ca00000| Untracked 
|  90|0x000000070cc00000, 0x000000070ce00000, 0x000000070ce00000|100%|HS|  |TAMS 0x000000070cc00000, 0x000000070cc00000| Complete 
|  91|0x000000070ce00000, 0x000000070d000000, 0x000000070d000000|100%|HC|  |TAMS 0x000000070ce00000, 0x000000070ce00000| Complete 
|  92|0x000000070d000000, 0x000000070d200000, 0x000000070d200000|100%| O|  |TAMS 0x000000070d000000, 0x000000070d000000| Untracked 
|  93|0x000000070d200000, 0x000000070d400000, 0x000000070d400000|100%| O|  |TAMS 0x000000070d200000, 0x000000070d200000| Untracked 
|  94|0x000000070d400000, 0x000000070d600000, 0x000000070d600000|100%| O|  |TAMS 0x000000070d400000, 0x000000070d400000| Untracked 
|  95|0x000000070d600000, 0x000000070d800000, 0x000000070d800000|100%| O|  |TAMS 0x000000070d600000, 0x000000070d600000| Untracked 
|  96|0x000000070d800000, 0x000000070da00000, 0x000000070da00000|100%| O|  |TAMS 0x000000070d800000, 0x000000070d800000| Untracked 
|  97|0x000000070da00000, 0x000000070dc00000, 0x000000070dc00000|100%| O|  |TAMS 0x000000070da00000, 0x000000070da00000| Untracked 
|  98|0x000000070dc00000, 0x000000070de00000, 0x000000070de00000|100%| O|  |TAMS 0x000000070dc00000, 0x000000070dc00000| Untracked 
|  99|0x000000070de00000, 0x000000070e000000, 0x000000070e000000|100%| O|  |TAMS 0x000000070de00000, 0x000000070de00000| Untracked 
| 100|0x000000070e000000, 0x000000070e200000, 0x000000070e200000|100%| O|  |TAMS 0x000000070e000000, 0x000000070e000000| Untracked 
| 101|0x000000070e200000, 0x000000070e400000, 0x000000070e400000|100%| O|  |TAMS 0x000000070e200000, 0x000000070e200000| Untracked 
| 102|0x000000070e400000, 0x000000070e600000, 0x000000070e600000|100%| O|  |TAMS 0x000000070e400000, 0x000000070e400000| Untracked 
| 103|0x000000070e600000, 0x000000070e800000, 0x000000070e800000|100%| O|  |TAMS 0x000000070e600000, 0x000000070e600000| Untracked 
| 104|0x000000070e800000, 0x000000070ea00000, 0x000000070ea00000|100%| O|  |TAMS 0x000000070e800000, 0x000000070e800000| Untracked 
| 105|0x000000070ea00000, 0x000000070ec00000, 0x000000070ec00000|100%| O|  |TAMS 0x000000070ea00000, 0x000000070ea00000| Untracked 
| 106|0x000000070ec00000, 0x000000070ee00000, 0x000000070ee00000|100%| O|  |TAMS 0x000000070ec00000, 0x000000070ec00000| Untracked 
| 107|0x000000070ee00000, 0x000000070f000000, 0x000000070f000000|100%| O|  |TAMS 0x000000070ee00000, 0x000000070ee00000| Untracked 
| 108|0x000000070f000000, 0x000000070f200000, 0x000000070f200000|100%| O|  |TAMS 0x000000070f000000, 0x000000070f000000| Untracked 
| 109|0x000000070f200000, 0x000000070f400000, 0x000000070f400000|100%| O|  |TAMS 0x000000070f200000, 0x000000070f200000| Untracked 
| 110|0x000000070f400000, 0x000000070f600000, 0x000000070f600000|100%| O|  |TAMS 0x000000070f400000, 0x000000070f400000| Untracked 
| 111|0x000000070f600000, 0x000000070f800000, 0x000000070f800000|100%| O|  |TAMS 0x000000070f600000, 0x000000070f600000| Untracked 
| 112|0x000000070f800000, 0x000000070fa00000, 0x000000070fa00000|100%| O|  |TAMS 0x000000070f800000, 0x000000070f800000| Untracked 
| 113|0x000000070fa00000, 0x000000070fc00000, 0x000000070fc00000|100%| O|  |TAMS 0x000000070fa00000, 0x000000070fa00000| Untracked 
| 114|0x000000070fc00000, 0x000000070fe00000, 0x000000070fe00000|100%| O|  |TAMS 0x000000070fc00000, 0x000000070fc00000| Untracked 
| 115|0x000000070fe00000, 0x0000000710000000, 0x0000000710000000|100%| O|  |TAMS 0x000000070fe00000, 0x000000070fe00000| Untracked 
| 116|0x0000000710000000, 0x0000000710200000, 0x0000000710200000|100%| O|  |TAMS 0x0000000710000000, 0x0000000710000000| Untracked 
| 117|0x0000000710200000, 0x0000000710400000, 0x0000000710400000|100%| O|  |TAMS 0x0000000710200000, 0x0000000710200000| Untracked 
| 118|0x0000000710400000, 0x0000000710600000, 0x0000000710600000|100%| O|  |TAMS 0x0000000710400000, 0x0000000710400000| Untracked 
| 119|0x0000000710600000, 0x0000000710800000, 0x0000000710800000|100%| O|  |TAMS 0x0000000710600000, 0x0000000710600000| Untracked 
| 120|0x0000000710800000, 0x0000000710a00000, 0x0000000710a00000|100%| O|  |TAMS 0x0000000710800000, 0x0000000710800000| Untracked 
| 121|0x0000000710a00000, 0x0000000710c00000, 0x0000000710c00000|100%| O|  |TAMS 0x0000000710a00000, 0x0000000710a00000| Untracked 
| 122|0x0000000710c00000, 0x0000000710e00000, 0x0000000710e00000|100%| O|  |TAMS 0x0000000710c00000, 0x0000000710c00000| Untracked 
| 123|0x0000000710e00000, 0x0000000710fdca00, 0x0000000711000000| 93%| O|  |TAMS 0x0000000710e00000, 0x0000000710e00000| Untracked 
| 124|0x0000000711000000, 0x0000000711000000, 0x0000000711200000|  0%| F|  |TAMS 0x0000000711000000, 0x0000000711000000| Untracked 
| 125|0x0000000711200000, 0x0000000711200000, 0x0000000711400000|  0%| F|  |TAMS 0x0000000711200000, 0x0000000711200000| Untracked 
| 126|0x0000000711400000, 0x0000000711400000, 0x0000000711600000|  0%| F|  |TAMS 0x0000000711400000, 0x0000000711400000| Untracked 
| 127|0x0000000711600000, 0x0000000711600000, 0x0000000711800000|  0%| F|  |TAMS 0x0000000711600000, 0x0000000711600000| Untracked 
| 128|0x0000000711800000, 0x0000000711800000, 0x0000000711a00000|  0%| F|  |TAMS 0x0000000711800000, 0x0000000711800000| Untracked 
| 129|0x0000000711a00000, 0x0000000711a00000, 0x0000000711c00000|  0%| F|  |TAMS 0x0000000711a00000, 0x0000000711a00000| Untracked 
| 130|0x0000000711c00000, 0x0000000711c00000, 0x0000000711e00000|  0%| F|  |TAMS 0x0000000711c00000, 0x0000000711c00000| Untracked 
| 131|0x0000000711e00000, 0x0000000711e00000, 0x0000000712000000|  0%| F|  |TAMS 0x0000000711e00000, 0x0000000711e00000| Untracked 
| 132|0x0000000712000000, 0x0000000712000000, 0x0000000712200000|  0%| F|  |TAMS 0x0000000712000000, 0x0000000712000000| Untracked 
| 133|0x0000000712200000, 0x0000000712200000, 0x0000000712400000|  0%| F|  |TAMS 0x0000000712200000, 0x0000000712200000| Untracked 
| 134|0x0000000712400000, 0x0000000712400000, 0x0000000712600000|  0%| F|  |TAMS 0x0000000712400000, 0x0000000712400000| Untracked 
| 135|0x0000000712600000, 0x0000000712600000, 0x0000000712800000|  0%| F|  |TAMS 0x0000000712600000, 0x0000000712600000| Untracked 
| 136|0x0000000712800000, 0x0000000712800000, 0x0000000712a00000|  0%| F|  |TAMS 0x0000000712800000, 0x0000000712800000| Untracked 
| 137|0x0000000712a00000, 0x0000000712a00000, 0x0000000712c00000|  0%| F|  |TAMS 0x0000000712a00000, 0x0000000712a00000| Untracked 
| 138|0x0000000712c00000, 0x0000000712c00000, 0x0000000712e00000|  0%| F|  |TAMS 0x0000000712c00000, 0x0000000712c00000| Untracked 
| 139|0x0000000712e00000, 0x0000000712e00000, 0x0000000713000000|  0%| F|  |TAMS 0x0000000712e00000, 0x0000000712e00000| Untracked 
| 140|0x0000000713000000, 0x0000000713000000, 0x0000000713200000|  0%| F|  |TAMS 0x0000000713000000, 0x0000000713000000| Untracked 
| 141|0x0000000713200000, 0x0000000713200000, 0x0000000713400000|  0%| F|  |TAMS 0x0000000713200000, 0x0000000713200000| Untracked 
| 142|0x0000000713400000, 0x0000000713400000, 0x0000000713600000|  0%| F|  |TAMS 0x0000000713400000, 0x0000000713400000| Untracked 
| 143|0x0000000713600000, 0x0000000713600000, 0x0000000713800000|  0%| F|  |TAMS 0x0000000713600000, 0x0000000713600000| Untracked 
| 144|0x0000000713800000, 0x0000000713800000, 0x0000000713a00000|  0%| F|  |TAMS 0x0000000713800000, 0x0000000713800000| Untracked 
| 145|0x0000000713a00000, 0x0000000713a00000, 0x0000000713c00000|  0%| F|  |TAMS 0x0000000713a00000, 0x0000000713a00000| Untracked 
| 146|0x0000000713c00000, 0x0000000713c00000, 0x0000000713e00000|  0%| F|  |TAMS 0x0000000713c00000, 0x0000000713c00000| Untracked 
| 147|0x0000000713e00000, 0x0000000713e00000, 0x0000000714000000|  0%| F|  |TAMS 0x0000000713e00000, 0x0000000713e00000| Untracked 
| 148|0x0000000714000000, 0x0000000714000000, 0x0000000714200000|  0%| F|  |TAMS 0x0000000714000000, 0x0000000714000000| Untracked 
| 149|0x0000000714200000, 0x0000000714200000, 0x0000000714400000|  0%| F|  |TAMS 0x0000000714200000, 0x0000000714200000| Untracked 
| 150|0x0000000714400000, 0x0000000714400000, 0x0000000714600000|  0%| F|  |TAMS 0x0000000714400000, 0x0000000714400000| Untracked 
| 151|0x0000000714600000, 0x0000000714600000, 0x0000000714800000|  0%| F|  |TAMS 0x0000000714600000, 0x0000000714600000| Untracked 
| 152|0x0000000714800000, 0x0000000714800000, 0x0000000714a00000|  0%| F|  |TAMS 0x0000000714800000, 0x0000000714800000| Untracked 
| 153|0x0000000714a00000, 0x0000000714c00000, 0x0000000714c00000|100%| S|CS|TAMS 0x0000000714a00000, 0x0000000714a00000| Complete 
| 154|0x0000000714c00000, 0x0000000714c00000, 0x0000000714e00000|  0%| F|  |TAMS 0x0000000714c00000, 0x0000000714c00000| Untracked 
| 155|0x0000000714e00000, 0x0000000714e00000, 0x0000000715000000|  0%| F|  |TAMS 0x0000000714e00000, 0x0000000714e00000| Untracked 
| 156|0x0000000715000000, 0x0000000715000000, 0x0000000715200000|  0%| F|  |TAMS 0x0000000715000000, 0x0000000715000000| Untracked 
| 157|0x0000000715200000, 0x0000000715200000, 0x0000000715400000|  0%| F|  |TAMS 0x0000000715200000, 0x0000000715200000| Untracked 
| 158|0x0000000715400000, 0x0000000715400000, 0x0000000715600000|  0%| F|  |TAMS 0x0000000715400000, 0x0000000715400000| Untracked 
| 159|0x0000000715600000, 0x0000000715600000, 0x0000000715800000|  0%| F|  |TAMS 0x0000000715600000, 0x0000000715600000| Untracked 
| 160|0x0000000715800000, 0x0000000715800000, 0x0000000715a00000|  0%| F|  |TAMS 0x0000000715800000, 0x0000000715800000| Untracked 
| 161|0x0000000715a00000, 0x0000000715a00000, 0x0000000715c00000|  0%| F|  |TAMS 0x0000000715a00000, 0x0000000715a00000| Untracked 
| 162|0x0000000715c00000, 0x0000000715c00000, 0x0000000715e00000|  0%| F|  |TAMS 0x0000000715c00000, 0x0000000715c00000| Untracked 
| 163|0x0000000715e00000, 0x0000000715e00000, 0x0000000716000000|  0%| F|  |TAMS 0x0000000715e00000, 0x0000000715e00000| Untracked 
| 164|0x0000000716000000, 0x0000000716000000, 0x0000000716200000|  0%| F|  |TAMS 0x0000000716000000, 0x0000000716000000| Untracked 
| 165|0x0000000716200000, 0x0000000716200000, 0x0000000716400000|  0%| F|  |TAMS 0x0000000716200000, 0x0000000716200000| Untracked 
| 166|0x0000000716400000, 0x0000000716600000, 0x0000000716600000|100%| S|CS|TAMS 0x0000000716400000, 0x0000000716400000| Complete 
| 167|0x0000000716600000, 0x0000000716800000, 0x0000000716800000|100%| S|CS|TAMS 0x0000000716600000, 0x0000000716600000| Complete 
| 168|0x0000000716800000, 0x0000000716a00000, 0x0000000716a00000|100%| S|CS|TAMS 0x0000000716800000, 0x0000000716800000| Complete 
| 169|0x0000000716a00000, 0x0000000716c00000, 0x0000000716c00000|100%| S|CS|TAMS 0x0000000716a00000, 0x0000000716a00000| Complete 
| 170|0x0000000716c00000, 0x0000000716e00000, 0x0000000716e00000|100%| S|CS|TAMS 0x0000000716c00000, 0x0000000716c00000| Complete 
| 171|0x0000000716e00000, 0x0000000717000000, 0x0000000717000000|100%| S|CS|TAMS 0x0000000716e00000, 0x0000000716e00000| Complete 
| 172|0x0000000717000000, 0x0000000717200000, 0x0000000717200000|100%| S|CS|TAMS 0x0000000717000000, 0x0000000717000000| Complete 
| 173|0x0000000717200000, 0x0000000717400000, 0x0000000717400000|100%| S|CS|TAMS 0x0000000717200000, 0x0000000717200000| Complete 
| 174|0x0000000717400000, 0x0000000717600000, 0x0000000717600000|100%| S|CS|TAMS 0x0000000717400000, 0x0000000717400000| Complete 
| 175|0x0000000717600000, 0x0000000717600000, 0x0000000717800000|  0%| F|  |TAMS 0x0000000717600000, 0x0000000717600000| Untracked 
| 176|0x0000000717800000, 0x0000000717800000, 0x0000000717a00000|  0%| F|  |TAMS 0x0000000717800000, 0x0000000717800000| Untracked 
| 177|0x0000000717a00000, 0x0000000717a00000, 0x0000000717c00000|  0%| F|  |TAMS 0x0000000717a00000, 0x0000000717a00000| Untracked 
| 178|0x0000000717c00000, 0x0000000717c00000, 0x0000000717e00000|  0%| F|  |TAMS 0x0000000717c00000, 0x0000000717c00000| Untracked 
| 179|0x0000000717e00000, 0x0000000717e00000, 0x0000000718000000|  0%| F|  |TAMS 0x0000000717e00000, 0x0000000717e00000| Untracked 
| 180|0x0000000718000000, 0x0000000718000000, 0x0000000718200000|  0%| F|  |TAMS 0x0000000718000000, 0x0000000718000000| Untracked 
| 181|0x0000000718200000, 0x0000000718200000, 0x0000000718400000|  0%| F|  |TAMS 0x0000000718200000, 0x0000000718200000| Untracked 
| 182|0x0000000718400000, 0x0000000718400000, 0x0000000718600000|  0%| F|  |TAMS 0x0000000718400000, 0x0000000718400000| Untracked 
| 183|0x0000000718600000, 0x0000000718600000, 0x0000000718800000|  0%| F|  |TAMS 0x0000000718600000, 0x0000000718600000| Untracked 
| 184|0x0000000718800000, 0x0000000718800000, 0x0000000718a00000|  0%| F|  |TAMS 0x0000000718800000, 0x0000000718800000| Untracked 
| 185|0x0000000718a00000, 0x0000000718a00000, 0x0000000718c00000|  0%| F|  |TAMS 0x0000000718a00000, 0x0000000718a00000| Untracked 
| 186|0x0000000718c00000, 0x0000000718c00000, 0x0000000718e00000|  0%| F|  |TAMS 0x0000000718c00000, 0x0000000718c00000| Untracked 
| 187|0x0000000718e00000, 0x0000000718e00000, 0x0000000719000000|  0%| F|  |TAMS 0x0000000718e00000, 0x0000000718e00000| Untracked 
| 188|0x0000000719000000, 0x0000000719000000, 0x0000000719200000|  0%| F|  |TAMS 0x0000000719000000, 0x0000000719000000| Untracked 
| 189|0x0000000719200000, 0x0000000719200000, 0x0000000719400000|  0%| F|  |TAMS 0x0000000719200000, 0x0000000719200000| Untracked 
| 190|0x0000000719400000, 0x0000000719400000, 0x0000000719600000|  0%| F|  |TAMS 0x0000000719400000, 0x0000000719400000| Untracked 
| 191|0x0000000719600000, 0x0000000719600000, 0x0000000719800000|  0%| F|  |TAMS 0x0000000719600000, 0x0000000719600000| Untracked 
| 192|0x0000000719800000, 0x0000000719800000, 0x0000000719a00000|  0%| F|  |TAMS 0x0000000719800000, 0x0000000719800000| Untracked 
| 193|0x0000000719a00000, 0x0000000719a00000, 0x0000000719c00000|  0%| F|  |TAMS 0x0000000719a00000, 0x0000000719a00000| Untracked 
| 194|0x0000000719c00000, 0x0000000719c00000, 0x0000000719e00000|  0%| F|  |TAMS 0x0000000719c00000, 0x0000000719c00000| Untracked 
| 195|0x0000000719e00000, 0x0000000719e00000, 0x000000071a000000|  0%| F|  |TAMS 0x0000000719e00000, 0x0000000719e00000| Untracked 
| 196|0x000000071a000000, 0x000000071a000000, 0x000000071a200000|  0%| F|  |TAMS 0x000000071a000000, 0x000000071a000000| Untracked 
| 197|0x000000071a200000, 0x000000071a200000, 0x000000071a400000|  0%| F|  |TAMS 0x000000071a200000, 0x000000071a200000| Untracked 
| 198|0x000000071a400000, 0x000000071a400000, 0x000000071a600000|  0%| F|  |TAMS 0x000000071a400000, 0x000000071a400000| Untracked 
| 199|0x000000071a600000, 0x000000071a600000, 0x000000071a800000|  0%| F|  |TAMS 0x000000071a600000, 0x000000071a600000| Untracked 
| 200|0x000000071a800000, 0x000000071a800000, 0x000000071aa00000|  0%| F|  |TAMS 0x000000071a800000, 0x000000071a800000| Untracked 
| 201|0x000000071aa00000, 0x000000071aa00000, 0x000000071ac00000|  0%| F|  |TAMS 0x000000071aa00000, 0x000000071aa00000| Untracked 
| 202|0x000000071ac00000, 0x000000071ac00000, 0x000000071ae00000|  0%| F|  |TAMS 0x000000071ac00000, 0x000000071ac00000| Untracked 
| 203|0x000000071ae00000, 0x000000071ae00000, 0x000000071b000000|  0%| F|  |TAMS 0x000000071ae00000, 0x000000071ae00000| Untracked 
| 204|0x000000071b000000, 0x000000071b000000, 0x000000071b200000|  0%| F|  |TAMS 0x000000071b000000, 0x000000071b000000| Untracked 
| 205|0x000000071b200000, 0x000000071b200000, 0x000000071b400000|  0%| F|  |TAMS 0x000000071b200000, 0x000000071b200000| Untracked 
| 206|0x000000071b400000, 0x000000071b400000, 0x000000071b600000|  0%| F|  |TAMS 0x000000071b400000, 0x000000071b400000| Untracked 
| 207|0x000000071b600000, 0x000000071b600000, 0x000000071b800000|  0%| F|  |TAMS 0x000000071b600000, 0x000000071b600000| Untracked 
| 208|0x000000071b800000, 0x000000071ba00000, 0x000000071ba00000|100%| E|  |TAMS 0x000000071b800000, 0x000000071b800000| Complete 
| 209|0x000000071ba00000, 0x000000071bc00000, 0x000000071bc00000|100%| E|CS|TAMS 0x000000071ba00000, 0x000000071ba00000| Complete 
| 210|0x000000071bc00000, 0x000000071be00000, 0x000000071be00000|100%| E|CS|TAMS 0x000000071bc00000, 0x000000071bc00000| Complete 
| 211|0x000000071be00000, 0x000000071c000000, 0x000000071c000000|100%| E|CS|TAMS 0x000000071be00000, 0x000000071be00000| Complete 
| 212|0x000000071c000000, 0x000000071c200000, 0x000000071c200000|100%| E|CS|TAMS 0x000000071c000000, 0x000000071c000000| Complete 
| 213|0x000000071c200000, 0x000000071c400000, 0x000000071c400000|100%| E|CS|TAMS 0x000000071c200000, 0x000000071c200000| Complete 
| 214|0x000000071c400000, 0x000000071c600000, 0x000000071c600000|100%| E|CS|TAMS 0x000000071c400000, 0x000000071c400000| Complete 
| 215|0x000000071c600000, 0x000000071c800000, 0x000000071c800000|100%| E|CS|TAMS 0x000000071c600000, 0x000000071c600000| Complete 
| 216|0x000000071c800000, 0x000000071ca00000, 0x000000071ca00000|100%| E|CS|TAMS 0x000000071c800000, 0x000000071c800000| Complete 
| 217|0x000000071ca00000, 0x000000071cc00000, 0x000000071cc00000|100%| E|CS|TAMS 0x000000071ca00000, 0x000000071ca00000| Complete 
| 218|0x000000071cc00000, 0x000000071ce00000, 0x000000071ce00000|100%| E|CS|TAMS 0x000000071cc00000, 0x000000071cc00000| Complete 
| 219|0x000000071ce00000, 0x000000071d000000, 0x000000071d000000|100%| E|CS|TAMS 0x000000071ce00000, 0x000000071ce00000| Complete 
| 220|0x000000071d000000, 0x000000071d200000, 0x000000071d200000|100%| E|CS|TAMS 0x000000071d000000, 0x000000071d000000| Complete 
| 221|0x000000071d200000, 0x000000071d400000, 0x000000071d400000|100%| E|CS|TAMS 0x000000071d200000, 0x000000071d200000| Complete 
| 222|0x000000071d400000, 0x000000071d600000, 0x000000071d600000|100%| E|CS|TAMS 0x000000071d400000, 0x000000071d400000| Complete 
| 223|0x000000071d600000, 0x000000071d800000, 0x000000071d800000|100%| E|CS|TAMS 0x000000071d600000, 0x000000071d600000| Complete 
| 224|0x000000071d800000, 0x000000071da00000, 0x000000071da00000|100%| E|CS|TAMS 0x000000071d800000, 0x000000071d800000| Complete 
| 225|0x000000071da00000, 0x000000071dc00000, 0x000000071dc00000|100%| E|CS|TAMS 0x000000071da00000, 0x000000071da00000| Complete 
| 226|0x000000071dc00000, 0x000000071de00000, 0x000000071de00000|100%| E|CS|TAMS 0x000000071dc00000, 0x000000071dc00000| Complete 
| 227|0x000000071de00000, 0x000000071e000000, 0x000000071e000000|100%| E|CS|TAMS 0x000000071de00000, 0x000000071de00000| Complete 
| 228|0x000000071e000000, 0x000000071e200000, 0x000000071e200000|100%| E|CS|TAMS 0x000000071e000000, 0x000000071e000000| Complete 
| 229|0x000000071e200000, 0x000000071e400000, 0x000000071e400000|100%| E|CS|TAMS 0x000000071e200000, 0x000000071e200000| Complete 
| 230|0x000000071e400000, 0x000000071e600000, 0x000000071e600000|100%| E|CS|TAMS 0x000000071e400000, 0x000000071e400000| Complete 
| 231|0x000000071e600000, 0x000000071e800000, 0x000000071e800000|100%| E|CS|TAMS 0x000000071e600000, 0x000000071e600000| Complete 
| 232|0x000000071e800000, 0x000000071ea00000, 0x000000071ea00000|100%| E|CS|TAMS 0x000000071e800000, 0x000000071e800000| Complete 
| 233|0x000000071ea00000, 0x000000071ec00000, 0x000000071ec00000|100%| E|CS|TAMS 0x000000071ea00000, 0x000000071ea00000| Complete 
| 234|0x000000071ec00000, 0x000000071ee00000, 0x000000071ee00000|100%| E|CS|TAMS 0x000000071ec00000, 0x000000071ec00000| Complete 
| 235|0x000000071ee00000, 0x000000071f000000, 0x000000071f000000|100%| E|CS|TAMS 0x000000071ee00000, 0x000000071ee00000| Complete 
| 236|0x000000071f000000, 0x000000071f200000, 0x000000071f200000|100%| E|CS|TAMS 0x000000071f000000, 0x000000071f000000| Complete 
| 237|0x000000071f200000, 0x000000071f400000, 0x000000071f400000|100%| E|CS|TAMS 0x000000071f200000, 0x000000071f200000| Complete 
| 238|0x000000071f400000, 0x000000071f600000, 0x000000071f600000|100%| E|CS|TAMS 0x000000071f400000, 0x000000071f400000| Complete 
| 239|0x000000071f600000, 0x000000071f800000, 0x000000071f800000|100%| E|CS|TAMS 0x000000071f600000, 0x000000071f600000| Complete 
| 240|0x000000071f800000, 0x000000071fa00000, 0x000000071fa00000|100%| E|CS|TAMS 0x000000071f800000, 0x000000071f800000| Complete 
| 241|0x000000071fa00000, 0x000000071fc00000, 0x000000071fc00000|100%| E|CS|TAMS 0x000000071fa00000, 0x000000071fa00000| Complete 
| 242|0x000000071fc00000, 0x000000071fe00000, 0x000000071fe00000|100%| E|CS|TAMS 0x000000071fc00000, 0x000000071fc00000| Complete 

Card table byte_map: [0x00000188fe6a0000,0x00000188feea0000] _byte_map_base: 0x00000188fae94000

Marking Bits (Prev, Next): (CMBitMap*) 0x00000188fd3bc4b0, (CMBitMap*) 0x00000188fd3bc4f0
 Prev Bits: [0x0000018896870000, 0x000001889a810000)
 Next Bits: [0x000001889a810000, 0x000001889e7b0000)

Polling page: 0x00000188fba70000

Metaspace:

Usage:
  Non-class:     60.99 MB used.
      Class:      6.75 MB used.
       Both:     67.74 MB used.

Virtual space:
  Non-class space:       64.00 MB reserved,      61.81 MB ( 97%) committed,  1 nodes.
      Class space:        1.00 GB reserved,       7.38 MB ( <1%) committed,  1 nodes.
             Both:        1.06 GB reserved,      69.19 MB (  6%) committed. 

Chunk freelists:
   Non-Class:  1.81 MB
       Class:  683.00 KB
        Both:  2.48 MB

MaxMetaspaceSize: unlimited
CompressedClassSpaceSize: 1.00 GB
Initial GC threshold: 21.00 MB
Current GC threshold: 98.56 MB
CDS: on
MetaspaceReclaimPolicy: balanced
 - commit_granule_bytes: 65536.
 - commit_granule_words: 8192.
 - virtual_space_node_default_size: 8388608.
 - enlarge_chunks_in_place: 1.
 - new_chunks_are_fully_committed: 0.
 - uncommit_free_chunks: 1.
 - use_allocation_guard: 0.


Internal statistics:

num_allocs_failed_limit: 6.
num_arena_births: 1220.
num_arena_deaths: 14.
num_vsnodes_births: 2.
num_vsnodes_deaths: 0.
num_space_committed: 1107.
num_space_uncommitted: 0.
num_chunks_returned_to_freelist: 20.
num_chunks_taken_from_freelist: 4491.
num_chunk_merges: 11.
num_chunk_splits: 2783.
num_chunks_enlarged: 1650.
num_inconsistent_stats: 0.

CodeHeap 'non-profiled nmethods': size=120000Kb used=8279Kb max_used=8601Kb free=111720Kb
 bounds [0x000001888f340000, 0x000001888fbb0000, 0x0000018896870000]
CodeHeap 'profiled nmethods': size=120000Kb used=25442Kb max_used=25852Kb free=94557Kb
 bounds [0x0000018887e10000, 0x0000018889760000, 0x000001888f340000]
CodeHeap 'non-nmethods': size=5760Kb used=1403Kb max_used=1478Kb free=4356Kb
 bounds [0x0000018887870000, 0x0000018887ae0000, 0x0000018887e10000]
 total_blobs=11951 nmethods=11210 adapters=647
 compilation: enabled
              stopped_count=0, restarted_count=0
 full_count=0

Compilation events (20 events):
Event: 32.275 Thread 0x00000188ffa3af00 13914       3       org.eclipse.jdt.internal.compiler.ast.CastExpression::<init> (26 bytes)
Event: 32.275 Thread 0x00000188ffa3af00 nmethod 13914 0x00000188894ba490 code [0x00000188894ba640, 0x00000188894ba9b8]
Event: 32.275 Thread 0x00000188ffa3af00 13915       3       org.eclipse.jdt.internal.compiler.ast.IntLiteral::buildIntLiteral (119 bytes)
Event: 32.276 Thread 0x00000188ffa3af00 nmethod 13915 0x00000188895c7d10 code [0x00000188895c7f80, 0x00000188895c8ac8]
Event: 32.281 Thread 0x00000188ffa3af00 13918       3       java.lang.invoke.LambdaForm$MH/0x0000000801236400::invoke (42 bytes)
Event: 32.281 Thread 0x00000188ffa3af00 nmethod 13918 0x00000188893fd690 code [0x00000188893fd920, 0x00000188893fe768]
Event: 32.282 Thread 0x00000188ffa3af00 13919       3       java.lang.invoke.LambdaForm$MH/0x0000000801238000::invoke (42 bytes)
Event: 32.282 Thread 0x00000188ffa3af00 nmethod 13919 0x0000018888d99b10 code [0x0000018888d99da0, 0x0000018888d9abe8]
Event: 32.286 Thread 0x00000188ffa3af00 13920       3       org.eclipse.lsp4j.jsonrpc.messages.Either::forLeft (10 bytes)
Event: 32.286 Thread 0x00000188ffa3af00 nmethod 13920 0x0000018887e6ee90 code [0x0000018887e6f040, 0x0000018887e6f2b8]
Event: 32.286 Thread 0x00000188ffa3af00 13921       3       org.eclipse.lsp4j.jsonrpc.json.adapters.EnumTypeAdapter::write (10 bytes)
Event: 32.286 Thread 0x00000188ffa3af00 nmethod 13921 0x000001888859e390 code [0x000001888859e580, 0x000001888859eca8]
Event: 32.287 Thread 0x00000188ffa3af00 13922       3       com.google.gson.stream.JsonWriter::push (47 bytes)
Event: 32.287 Thread 0x00000188ffa3af00 nmethod 13922 0x00000188886cfb10 code [0x00000188886cfcc0, 0x00000188886cff08]
Event: 32.287 Thread 0x00000188ffa3af00 13923       3       org.eclipse.lsp4j.jsonrpc.json.adapters.EitherTypeAdapter::write (10 bytes)
Event: 32.287 Thread 0x00000188ffa3af00 nmethod 13923 0x0000018888ae9c90 code [0x0000018888ae9e40, 0x0000018888aea0e8]
Event: 32.287 Thread 0x00000188ffa3af00 13924       3       org.eclipse.lsp4j.jsonrpc.json.adapters.EitherTypeAdapter::write (47 bytes)
Event: 32.287 Thread 0x00000188ffa3af00 nmethod 13924 0x0000018888ddda90 code [0x0000018888dddca0, 0x0000018888dde468]
Event: 32.301 Thread 0x00000188ff9fcb10 nmethod 13902 0x000001888f629d10 code [0x000001888f62a540, 0x000001888f62c1b0]
Event: 32.301 Thread 0x00000188ff9fcb10 13905       4       java.util.regex.Pattern::atom (422 bytes)

GC Heap History (20 events):
Event: 21.895 GC heap before
{Heap before GC invocations=25 (full 0):
 garbage-first heap   total 223232K, used 137534K [0x0000000701800000, 0x0000000800000000)
  region size 2048K, 18 young (36864K), 3 survivors (6144K)
 Metaspace       used 59233K, committed 60544K, reserved 1114112K
  class space    used 5925K, committed 6528K, reserved 1048576K
}
Event: 21.904 GC heap after
{Heap after GC invocations=26 (full 0):
 garbage-first heap   total 223232K, used 113241K [0x0000000701800000, 0x0000000800000000)
  region size 2048K, 3 young (6144K), 3 survivors (6144K)
 Metaspace       used 59233K, committed 60544K, reserved 1114112K
  class space    used 5925K, committed 6528K, reserved 1048576K
}
Event: 22.049 GC heap before
{Heap before GC invocations=26 (full 0):
 garbage-first heap   total 223232K, used 117337K [0x0000000701800000, 0x0000000800000000)
  region size 2048K, 5 young (10240K), 3 survivors (6144K)
 Metaspace       used 59268K, committed 60608K, reserved 1114112K
  class space    used 5926K, committed 6528K, reserved 1048576K
}
Event: 22.055 GC heap after
{Heap after GC invocations=27 (full 0):
 garbage-first heap   total 372736K, used 113165K [0x0000000701800000, 0x0000000800000000)
  region size 2048K, 1 young (2048K), 1 survivors (2048K)
 Metaspace       used 59268K, committed 60608K, reserved 1114112K
  class space    used 5926K, committed 6528K, reserved 1048576K
}
Event: 24.284 GC heap before
{Heap before GC invocations=27 (full 0):
 garbage-first heap   total 372736K, used 268813K [0x0000000701800000, 0x0000000800000000)
  region size 2048K, 77 young (157696K), 1 survivors (2048K)
 Metaspace       used 61255K, committed 62656K, reserved 1114112K
  class space    used 6090K, committed 6720K, reserved 1048576K
}
Event: 24.299 GC heap after
{Heap after GC invocations=28 (full 0):
 garbage-first heap   total 372736K, used 137085K [0x0000000701800000, 0x0000000800000000)
  region size 2048K, 10 young (20480K), 10 survivors (20480K)
 Metaspace       used 61255K, committed 62656K, reserved 1114112K
  class space    used 6090K, committed 6720K, reserved 1048576K
}
Event: 25.792 GC heap before
{Heap before GC invocations=28 (full 0):
 garbage-first heap   total 372736K, used 266109K [0x0000000701800000, 0x0000000800000000)
  region size 2048K, 74 young (151552K), 10 survivors (20480K)
 Metaspace       used 62452K, committed 63808K, reserved 1114112K
  class space    used 6215K, committed 6784K, reserved 1048576K
}
Event: 25.815 GC heap after
{Heap after GC invocations=29 (full 0):
 garbage-first heap   total 372736K, used 160485K [0x0000000701800000, 0x0000000800000000)
  region size 2048K, 10 young (20480K), 10 survivors (20480K)
 Metaspace       used 62452K, committed 63808K, reserved 1114112K
  class space    used 6215K, committed 6784K, reserved 1048576K
}
Event: 26.239 GC heap before
{Heap before GC invocations=29 (full 0):
 garbage-first heap   total 372736K, used 277221K [0x0000000701800000, 0x0000000800000000)
  region size 2048K, 68 young (139264K), 10 survivors (20480K)
 Metaspace       used 63181K, committed 64576K, reserved 1114112K
  class space    used 6287K, committed 6912K, reserved 1048576K
}
Event: 26.266 GC heap after
{Heap after GC invocations=30 (full 0):
 garbage-first heap   total 372736K, used 173865K [0x0000000701800000, 0x0000000800000000)
  region size 2048K, 6 young (12288K), 6 survivors (12288K)
 Metaspace       used 63181K, committed 64576K, reserved 1114112K
  class space    used 6287K, committed 6912K, reserved 1048576K
}
Event: 26.584 GC heap before
{Heap before GC invocations=30 (full 0):
 garbage-first heap   total 372736K, used 286505K [0x0000000701800000, 0x0000000800000000)
  region size 2048K, 62 young (126976K), 6 survivors (12288K)
 Metaspace       used 63549K, committed 64896K, reserved 1114112K
  class space    used 6324K, committed 6912K, reserved 1048576K
}
Event: 26.597 GC heap after
{Heap after GC invocations=31 (full 0):
 garbage-first heap   total 372736K, used 184123K [0x0000000701800000, 0x0000000800000000)
  region size 2048K, 6 young (12288K), 6 survivors (12288K)
 Metaspace       used 63549K, committed 64896K, reserved 1114112K
  class space    used 6324K, committed 6912K, reserved 1048576K
}
Event: 26.902 GC heap before
{Heap before GC invocations=31 (full 0):
 garbage-first heap   total 372736K, used 290619K [0x0000000701800000, 0x0000000800000000)
  region size 2048K, 59 young (120832K), 6 survivors (12288K)
 Metaspace       used 63586K, committed 64960K, reserved 1114112K
  class space    used 6324K, committed 6912K, reserved 1048576K
}
Event: 26.913 GC heap after
{Heap after GC invocations=32 (full 0):
 garbage-first heap   total 497664K, used 191833K [0x0000000701800000, 0x0000000800000000)
  region size 2048K, 5 young (10240K), 5 survivors (10240K)
 Metaspace       used 63586K, committed 64960K, reserved 1114112K
  class space    used 6324K, committed 6912K, reserved 1048576K
}
Event: 29.868 GC heap before
{Heap before GC invocations=32 (full 0):
 garbage-first heap   total 497664K, used 388441K [0x0000000701800000, 0x0000000800000000)
  region size 2048K, 100 young (204800K), 5 survivors (10240K)
 Metaspace       used 65846K, committed 67200K, reserved 1114112K
  class space    used 6614K, committed 7232K, reserved 1048576K
}
Event: 29.890 GC heap after
{Heap after GC invocations=33 (full 0):
 garbage-first heap   total 497664K, used 227804K [0x0000000701800000, 0x0000000800000000)
  region size 2048K, 13 young (26624K), 13 survivors (26624K)
 Metaspace       used 65846K, committed 67200K, reserved 1114112K
  class space    used 6614K, committed 7232K, reserved 1048576K
}
Event: 30.897 GC heap before
{Heap before GC invocations=33 (full 0):
 garbage-first heap   total 497664K, used 383452K [0x0000000701800000, 0x0000000800000000)
  region size 2048K, 90 young (184320K), 13 survivors (26624K)
 Metaspace       used 67532K, committed 68928K, reserved 1114112K
  class space    used 6745K, committed 7360K, reserved 1048576K
}
Event: 30.927 GC heap after
{Heap after GC invocations=34 (full 0):
 garbage-first heap   total 497664K, used 253611K [0x0000000701800000, 0x0000000800000000)
  region size 2048K, 12 young (24576K), 12 survivors (24576K)
 Metaspace       used 67532K, committed 68928K, reserved 1114112K
  class space    used 6745K, committed 7360K, reserved 1048576K
}
Event: 32.078 GC heap before
{Heap before GC invocations=34 (full 0):
 garbage-first heap   total 497664K, used 390827K [0x0000000701800000, 0x0000000800000000)
  region size 2048K, 80 young (163840K), 12 survivors (24576K)
 Metaspace       used 68983K, committed 70336K, reserved 1114112K
  class space    used 6878K, committed 7488K, reserved 1048576K
}
Event: 32.096 GC heap after
{Heap after GC invocations=35 (full 0):
 garbage-first heap   total 497664K, used 274290K [0x0000000701800000, 0x0000000800000000)
  region size 2048K, 10 young (20480K), 10 survivors (20480K)
 Metaspace       used 68983K, committed 70336K, reserved 1114112K
  class space    used 6878K, committed 7488K, reserved 1048576K
}

Deoptimization events (20 events):
Event: 32.271 Thread 0x00000188a5fb6460 Uncommon trap: trap_request=0xffffffde fr.pc=0x000001888fb9a200 relative=0x0000000000001260
Event: 32.271 Thread 0x00000188a5fb6460 Uncommon trap: reason=class_check action=maybe_recompile pc=0x000001888fb9a200 method=org.eclipse.jdt.internal.compiler.parser.Parser.consumeRule(I)V @ 4561 c2
Event: 32.271 Thread 0x00000188a5fb6460 DEOPT PACKING pc=0x000001888fb9a200 sp=0x00000009ccffef10
Event: 32.271 Thread 0x00000188a5fb6460 DEOPT UNPACKING pc=0x00000188878c23a3 sp=0x00000009ccffee90 mode 2
Event: 32.271 Thread 0x00000188a5fb6460 Uncommon trap: trap_request=0xffffff66 fr.pc=0x000001888fb82818 relative=0x0000000000000c38
Event: 32.271 Thread 0x00000188a5fb6460 Uncommon trap: reason=speculate_class_check action=maybe_recompile pc=0x000001888fb82818 method=org.eclipse.jdt.internal.compiler.parser.Parser.consumeToken(I)V @ 940 c2
Event: 32.271 Thread 0x00000188a5fb6460 DEOPT PACKING pc=0x000001888fb82818 sp=0x00000009ccffeec0
Event: 32.271 Thread 0x00000188a5fb6460 DEOPT UNPACKING pc=0x00000188878c23a3 sp=0x00000009ccffee70 mode 2
Event: 32.271 Thread 0x00000188a5fb6460 Uncommon trap: trap_request=0xffffff66 fr.pc=0x000001888fb82818 relative=0x0000000000000c38
Event: 32.271 Thread 0x00000188a5fb6460 Uncommon trap: reason=speculate_class_check action=maybe_recompile pc=0x000001888fb82818 method=org.eclipse.jdt.internal.compiler.parser.Parser.consumeToken(I)V @ 940 c2
Event: 32.271 Thread 0x00000188a5fb6460 DEOPT PACKING pc=0x000001888fb82818 sp=0x00000009ccffeec0
Event: 32.271 Thread 0x00000188a5fb6460 DEOPT UNPACKING pc=0x00000188878c23a3 sp=0x00000009ccffee70 mode 2
Event: 32.276 Thread 0x00000188a5fb6460 Uncommon trap: trap_request=0xffffffde fr.pc=0x000001888fb9a518 relative=0x0000000000001578
Event: 32.276 Thread 0x00000188a5fb6460 Uncommon trap: reason=class_check action=maybe_recompile pc=0x000001888fb9a518 method=org.eclipse.jdt.internal.compiler.parser.Parser.consumeRule(I)V @ 7030 c2
Event: 32.276 Thread 0x00000188a5fb6460 DEOPT PACKING pc=0x000001888fb9a518 sp=0x00000009ccffede0
Event: 32.276 Thread 0x00000188a5fb6460 DEOPT UNPACKING pc=0x00000188878c23a3 sp=0x00000009ccffed60 mode 2
Event: 32.276 Thread 0x00000188a5fb6460 Uncommon trap: trap_request=0xffffffde fr.pc=0x000001888fb9a518 relative=0x0000000000001578
Event: 32.276 Thread 0x00000188a5fb6460 Uncommon trap: reason=class_check action=maybe_recompile pc=0x000001888fb9a518 method=org.eclipse.jdt.internal.compiler.parser.Parser.consumeRule(I)V @ 7030 c2
Event: 32.276 Thread 0x00000188a5fb6460 DEOPT PACKING pc=0x000001888fb9a518 sp=0x00000009ccffede0
Event: 32.276 Thread 0x00000188a5fb6460 DEOPT UNPACKING pc=0x00000188878c23a3 sp=0x00000009ccffed60 mode 2

Classes loaded (20 events):
Event: 28.610 Loading class org/xml/sax/SAXNotSupportedException
Event: 28.610 Loading class org/xml/sax/SAXNotSupportedException done
Event: 28.611 Loading class com/sun/org/apache/xerces/internal/util/URI
Event: 28.614 Loading class com/sun/org/apache/xerces/internal/util/URI done
Event: 28.615 Loading class com/sun/org/apache/xerces/internal/xni/XNIException
Event: 28.615 Loading class com/sun/org/apache/xerces/internal/xni/XNIException done
Event: 28.615 Loading class com/sun/org/apache/xerces/internal/xni/parser/XMLParseException
Event: 28.615 Loading class com/sun/org/apache/xerces/internal/xni/parser/XMLParseException done
Event: 29.818 Loading class java/util/regex/Pattern$1
Event: 29.818 Loading class java/util/regex/Pattern$1 done
Event: 29.966 Loading class java/io/FileReader
Event: 29.966 Loading class java/io/FileReader done
Event: 29.968 Loading class java/lang/UnsupportedClassVersionError
Event: 29.968 Loading class java/lang/UnsupportedClassVersionError done
Event: 30.222 Loading class java/util/Hashtable$KeySet
Event: 30.222 Loading class java/util/Hashtable$KeySet done
Event: 32.040 Loading class java/util/stream/ReduceOps$2
Event: 32.040 Loading class java/util/stream/ReduceOps$2 done
Event: 32.040 Loading class java/util/stream/ReduceOps$2ReducingSink
Event: 32.040 Loading class java/util/stream/ReduceOps$2ReducingSink done

Classes unloaded (7 events):
Event: 9.262 Thread 0x00000188ff9d6610 Unloading class 0x0000000800db7800 'java/lang/invoke/LambdaForm$MH+0x0000000800db7800'
Event: 9.262 Thread 0x00000188ff9d6610 Unloading class 0x0000000800db7400 'java/lang/invoke/LambdaForm$MH+0x0000000800db7400'
Event: 9.262 Thread 0x00000188ff9d6610 Unloading class 0x0000000800db7000 'java/lang/invoke/LambdaForm$MH+0x0000000800db7000'
Event: 9.262 Thread 0x00000188ff9d6610 Unloading class 0x0000000800db6c00 'java/lang/invoke/LambdaForm$MH+0x0000000800db6c00'
Event: 9.262 Thread 0x00000188ff9d6610 Unloading class 0x0000000800db6800 'java/lang/invoke/LambdaForm$BMH+0x0000000800db6800'
Event: 9.262 Thread 0x00000188ff9d6610 Unloading class 0x0000000800db6400 'java/lang/invoke/LambdaForm$DMH+0x0000000800db6400'
Event: 9.262 Thread 0x00000188ff9d6610 Unloading class 0x0000000800db5000 'java/lang/invoke/LambdaForm$DMH+0x0000000800db5000'

Classes redefined (0 events):
No events

Internal exceptions (20 events):
Event: 30.568 Thread 0x00000188a5fb6460 Exception <a 'sun/nio/fs/WindowsException'{0x000000071940f9b0}> (0x000000071940f9b0) 
thrown [s\open\src\hotspot\share\prims\jni.cpp, line 516]
Event: 30.568 Thread 0x00000188a5fb6460 Exception <a 'sun/nio/fs/WindowsException'{0x00000007194102b0}> (0x00000007194102b0) 
thrown [s\open\src\hotspot\share\prims\jni.cpp, line 516]
Event: 31.206 Thread 0x00000188a5fb6460 Exception <a 'sun/nio/fs/WindowsException'{0x000000071c500e98}> (0x000000071c500e98) 
thrown [s\open\src\hotspot\share\prims\jni.cpp, line 516]
Event: 31.206 Thread 0x00000188a5fb6460 Exception <a 'sun/nio/fs/WindowsException'{0x000000071c5014f0}> (0x000000071c5014f0) 
thrown [s\open\src\hotspot\share\prims\jni.cpp, line 516]
Event: 31.206 Thread 0x00000188a5fb6460 Exception <a 'sun/nio/fs/WindowsException'{0x000000071c502098}> (0x000000071c502098) 
thrown [s\open\src\hotspot\share\prims\jni.cpp, line 516]
Event: 31.206 Thread 0x00000188a5fb6460 Exception <a 'sun/nio/fs/WindowsException'{0x000000071c5026f0}> (0x000000071c5026f0) 
thrown [s\open\src\hotspot\share\prims\jni.cpp, line 516]
Event: 31.207 Thread 0x00000188a5fb6460 Exception <a 'sun/nio/fs/WindowsException'{0x000000071c503cb8}> (0x000000071c503cb8) 
thrown [s\open\src\hotspot\share\prims\jni.cpp, line 516]
Event: 31.207 Thread 0x00000188a5fb6460 Exception <a 'sun/nio/fs/WindowsException'{0x000000071c504310}> (0x000000071c504310) 
thrown [s\open\src\hotspot\share\prims\jni.cpp, line 516]
Event: 31.210 Thread 0x00000188a5fb6460 Exception <a 'sun/nio/fs/WindowsException'{0x000000071c51d820}> (0x000000071c51d820) 
thrown [s\open\src\hotspot\share\prims\jni.cpp, line 516]
Event: 31.210 Thread 0x00000188a5fb6460 Exception <a 'sun/nio/fs/WindowsException'{0x000000071c51e120}> (0x000000071c51e120) 
thrown [s\open\src\hotspot\share\prims\jni.cpp, line 516]
Event: 31.352 Thread 0x00000188a8bdeee0 Implicit null exception at 0x000001888f5a6c32 to 0x000001888f5a6d96
Event: 31.585 Thread 0x00000188a8be4f20 Exception <a 'sun/nio/fs/WindowsException'{0x000000071c039778}> (0x000000071c039778) 
thrown [s\open\src\hotspot\share\prims\jni.cpp, line 516]
Event: 31.585 Thread 0x00000188a8be4f20 Exception <a 'sun/nio/fs/WindowsException'{0x000000071c03a098}> (0x000000071c03a098) 
thrown [s\open\src\hotspot\share\prims\jni.cpp, line 516]
Event: 31.586 Thread 0x00000188a8be4f20 Exception <a 'sun/nio/fs/WindowsException'{0x000000071c03aee8}> (0x000000071c03aee8) 
thrown [s\open\src\hotspot\share\prims\jni.cpp, line 516]
Event: 31.586 Thread 0x00000188a8be4f20 Exception <a 'sun/nio/fs/WindowsException'{0x000000071c03b7e8}> (0x000000071c03b7e8) 
thrown [s\open\src\hotspot\share\prims\jni.cpp, line 516]
Event: 31.587 Thread 0x00000188a8be4f20 Exception <a 'sun/nio/fs/WindowsException'{0x000000071c03d078}> (0x000000071c03d078) 
thrown [s\open\src\hotspot\share\prims\jni.cpp, line 516]
Event: 31.587 Thread 0x00000188a8be4f20 Exception <a 'sun/nio/fs/WindowsException'{0x000000071c03d978}> (0x000000071c03d978) 
thrown [s\open\src\hotspot\share\prims\jni.cpp, line 516]
Event: 31.589 Thread 0x00000188a8be4f20 Exception <a 'sun/nio/fs/WindowsException'{0x000000071ac57e30}> (0x000000071ac57e30) 
thrown [s\open\src\hotspot\share\prims\jni.cpp, line 516]
Event: 31.589 Thread 0x00000188a8be4f20 Exception <a 'sun/nio/fs/WindowsException'{0x000000071ac58730}> (0x000000071ac58730) 
thrown [s\open\src\hotspot\share\prims\jni.cpp, line 516]
Event: 31.603 Thread 0x00000188a8bde070 Exception <a 'java/lang/ArrayIndexOutOfBoundsException'{0x000000071ee2f4c0}> (0x000000071ee2f4c0) 
thrown [s\open\src\hotspot\share\runtime\sharedRuntime.cpp, line 625]

VM Operations (20 events):
Event: 30.017 Executing VM operation: HandshakeAllThreads
Event: 30.024 Executing VM operation: HandshakeAllThreads done
Event: 30.112 Executing VM operation: ICBufferFull
Event: 30.116 Executing VM operation: ICBufferFull done
Event: 30.261 Executing VM operation: HandshakeAllThreads
Event: 30.297 Executing VM operation: HandshakeAllThreads done
Event: 30.897 Executing VM operation: G1CollectForAllocation
Event: 30.927 Executing VM operation: G1CollectForAllocation done
Event: 31.217 Executing VM operation: HandshakeAllThreads
Event: 31.717 Executing VM operation: HandshakeAllThreads done
Event: 31.870 Executing VM operation: HandshakeAllThreads
Event: 31.875 Executing VM operation: HandshakeAllThreads done
Event: 31.938 Executing VM operation: ICBufferFull
Event: 31.990 Executing VM operation: ICBufferFull done
Event: 32.061 Executing VM operation: HandshakeAllThreads
Event: 32.061 Executing VM operation: HandshakeAllThreads done
Event: 32.073 Executing VM operation: G1CollectForAllocation
Event: 32.096 Executing VM operation: G1CollectForAllocation done
Event: 32.172 Executing VM operation: HandshakeAllThreads
Event: 32.173 Executing VM operation: HandshakeAllThreads done

Events (20 events):
Event: 32.193 Thread 0x00000188a4c48c00 flushing nmethod 0x0000018888bdee10
Event: 32.194 Thread 0x00000188a4c48c00 flushing nmethod 0x0000018888d2fe10
Event: 32.194 Thread 0x00000188a4c48c00 flushing nmethod 0x0000018888d59210
Event: 32.194 Thread 0x00000188a4c48c00 flushing nmethod 0x0000018888d99310
Event: 32.194 Thread 0x00000188a4c48c00 flushing nmethod 0x0000018888dd0d10
Event: 32.195 Thread 0x00000188a4c48c00 flushing nmethod 0x0000018888f16b90
Event: 32.196 Thread 0x00000188a4c48c00 flushing nmethod 0x0000018888f64710
Event: 32.196 Thread 0x00000188a4c48c00 flushing nmethod 0x0000018888f6d410
Event: 32.199 Thread 0x00000188a4c48c00 flushing nmethod 0x00000188891fbd90
Event: 32.199 Thread 0x00000188a4c48c00 flushing nmethod 0x000001888924af10
Event: 32.200 Thread 0x00000188a4c48c00 flushing nmethod 0x000001888936af10
Event: 32.201 Thread 0x00000188a4c48c00 flushing nmethod 0x00000188893fd690
Event: 32.202 Thread 0x00000188a4c48c00 flushing nmethod 0x0000018889516090
Event: 32.202 Thread 0x00000188a4c48c00 flushing nmethod 0x0000018889558b10
Event: 32.203 Thread 0x00000188a4c48c00 flushing nmethod 0x0000018889582790
Event: 32.203 Thread 0x00000188a4c48c00 flushing nmethod 0x00000188895b7290
Event: 32.203 Thread 0x00000188a4c48c00 flushing nmethod 0x00000188895c4390
Event: 32.203 Thread 0x00000188a4c48c00 flushing nmethod 0x00000188895d5710
Event: 32.203 Thread 0x00000188a4c48c00 flushing nmethod 0x000001888960a990
Event: 32.203 Thread 0x00000188a4c48c00 flushing nmethod 0x0000018889621210


Dynamic libraries:
0x00007ff6e3190000 - 0x00007ff6e31a0000 	C:\Program Files\Java\jdk-18.0.2.1\bin\java.exe
0x00007ffc06f00000 - 0x00007ffc07109000 	C:\WINDOWS\SYSTEM32\ntdll.dll
0x00007ffc05d90000 - 0x00007ffc05e4d000 	C:\WINDOWS\System32\KERNEL32.DLL
0x00007ffc046c0000 - 0x00007ffc04a44000 	C:\WINDOWS\System32\KERNELBASE.dll
0x00007ffc04ad0000 - 0x00007ffc04be1000 	C:\WINDOWS\System32\ucrtbase.dll
0x00007ffbe1710000 - 0x00007ffbe1728000 	C:\Program Files\Java\jdk-18.0.2.1\bin\jli.dll
0x00007ffbdff60000 - 0x00007ffbdff7a000 	C:\Program Files\Java\jdk-18.0.2.1\bin\VCRUNTIME140.dll
0x00007ffc05ae0000 - 0x00007ffc05b8e000 	C:\WINDOWS\System32\ADVAPI32.dll
0x00007ffc05120000 - 0x00007ffc051c3000 	C:\WINDOWS\System32\msvcrt.dll
0x00007ffc05f50000 - 0x00007ffc05fee000 	C:\WINDOWS\System32\sechost.dll
0x00007ffc06010000 - 0x00007ffc06131000 	C:\WINDOWS\System32\RPCRT4.dll
0x00007ffc05b90000 - 0x00007ffc05d3d000 	C:\WINDOWS\System32\USER32.dll
0x00007ffbf5f70000 - 0x00007ffbf6215000 	C:\WINDOWS\WinSxS\amd64_microsoft.windows.common-controls_6595b64144ccf1df_6.0.22000.120_none_9d947278b86cc467\COMCTL32.dll
0x00007ffc04d20000 - 0x00007ffc04d46000 	C:\WINDOWS\System32\win32u.dll
0x00007ffc05d40000 - 0x00007ffc05d6a000 	C:\WINDOWS\System32\GDI32.dll
0x00007ffc045a0000 - 0x00007ffc046be000 	C:\WINDOWS\System32\gdi32full.dll
0x00007ffc03d40000 - 0x00007ffc03d4a000 	C:\WINDOWS\SYSTEM32\VERSION.dll
0x00007ffc04500000 - 0x00007ffc0459d000 	C:\WINDOWS\System32\msvcp_win.dll
0x00007ffc06e80000 - 0x00007ffc06eb1000 	C:\WINDOWS\System32\IMM32.DLL
0x00007ffc069f0000 - 0x00007ffc06b8a000 	C:\WINDOWS\System32\ole32.dll
0x00007ffc05760000 - 0x00007ffc05ad6000 	C:\WINDOWS\System32\combase.dll
0x00007ffc03d30000 - 0x00007ffc03d3b000 	C:\WINDOWS\system32\fltlib.dll
0x00007ffbe95a0000 - 0x00007ffbe95ac000 	C:\Program Files\Java\jdk-18.0.2.1\bin\vcruntime140_1.dll
0x00007ffbbe000000 - 0x00007ffbbe08d000 	C:\Program Files\Java\jdk-18.0.2.1\bin\msvcp140.dll
0x00007ffbbd3e0000 - 0x00007ffbbdff1000 	C:\Program Files\Java\jdk-18.0.2.1\bin\server\jvm.dll
0x00007ffc05f40000 - 0x00007ffc05f48000 	C:\WINDOWS\System32\PSAPI.DLL
0x00007ffbe78f0000 - 0x00007ffbe78f9000 	C:\WINDOWS\SYSTEM32\WSOCK32.dll
0x00007ffc05020000 - 0x00007ffc0508f000 	C:\WINDOWS\System32\WS2_32.dll
0x00007ffbfb9f0000 - 0x00007ffbfba23000 	C:\WINDOWS\SYSTEM32\WINMM.dll
0x00007ffc03240000 - 0x00007ffc03258000 	C:\WINDOWS\SYSTEM32\kernel.appcore.dll
0x00007ffbe1580000 - 0x00007ffbe158a000 	C:\Program Files\Java\jdk-18.0.2.1\bin\jimage.dll
0x00007ffc01f40000 - 0x00007ffc02161000 	C:\WINDOWS\SYSTEM32\DBGHELP.DLL
0x00007ffbe8c40000 - 0x00007ffbe8c71000 	C:\WINDOWS\SYSTEM32\dbgcore.DLL
0x00007ffc04a50000 - 0x00007ffc04acf000 	C:\WINDOWS\System32\bcryptPrimitives.dll
0x00007ffbe09e0000 - 0x00007ffbe09ee000 	C:\Program Files\Java\jdk-18.0.2.1\bin\instrument.dll
0x00007ffbd9100000 - 0x00007ffbd9125000 	C:\Program Files\Java\jdk-18.0.2.1\bin\java.dll
0x00007ffbbd300000 - 0x00007ffbbd3d6000 	C:\Program Files\Java\jdk-18.0.2.1\bin\jsvml.dll
0x00007ffc061c0000 - 0x00007ffc06985000 	C:\WINDOWS\System32\SHELL32.dll
0x00007ffc02300000 - 0x00007ffc02b62000 	C:\WINDOWS\SYSTEM32\windows.storage.dll
0x00007ffc02190000 - 0x00007ffc022f7000 	C:\WINDOWS\SYSTEM32\wintypes.dll
0x00007ffc04e40000 - 0x00007ffc04f2a000 	C:\WINDOWS\System32\SHCORE.dll
0x00007ffc06990000 - 0x00007ffc069ed000 	C:\WINDOWS\System32\shlwapi.dll
0x00007ffc042c0000 - 0x00007ffc042e5000 	C:\WINDOWS\SYSTEM32\profapi.dll
0x00007ffbd9060000 - 0x00007ffbd9078000 	C:\Program Files\Java\jdk-18.0.2.1\bin\zip.dll
0x00007ffbd9040000 - 0x00007ffbd9053000 	C:\Program Files\Java\jdk-18.0.2.1\bin\net.dll
0x00007ffbfeeb0000 - 0x00007ffbfefc4000 	C:\WINDOWS\SYSTEM32\WINHTTP.dll
0x00007ffc03740000 - 0x00007ffc037a7000 	C:\WINDOWS\system32\mswsock.dll
0x00007ffbd8270000 - 0x00007ffbd8286000 	C:\Program Files\Java\jdk-18.0.2.1\bin\nio.dll
0x00007ffbd9900000 - 0x00007ffbd9910000 	C:\Program Files\Java\jdk-18.0.2.1\bin\verify.dll
0x00007ffbdee20000 - 0x00007ffbdee65000 	C:\Users\hyper\AppData\Roaming\Code\User\globalStorage\redhat.java\1.38.0\config_win\org.eclipse.equinox.launcher\org.eclipse.equinox.launcher.win32.win32.x86_64_1.2.1100.v20240722-2106\eclipse_11904.dll
0x00007ffc03e60000 - 0x00007ffc03e78000 	C:\WINDOWS\SYSTEM32\CRYPTSP.dll
0x00007ffc03200000 - 0x00007ffc03235000 	C:\WINDOWS\system32\rsaenh.dll
0x00007ffc037e0000 - 0x00007ffc0380c000 	C:\WINDOWS\SYSTEM32\USERENV.dll
0x00007ffc03ea0000 - 0x00007ffc03ec7000 	C:\WINDOWS\SYSTEM32\bcrypt.dll
0x00007ffc03930000 - 0x00007ffc0393c000 	C:\WINDOWS\SYSTEM32\CRYPTBASE.dll
0x00007ffc02dc0000 - 0x00007ffc02ded000 	C:\WINDOWS\SYSTEM32\IPHLPAPI.DLL
0x00007ffc05010000 - 0x00007ffc05019000 	C:\WINDOWS\System32\NSI.dll
0x00007ffbfebf0000 - 0x00007ffbfec09000 	C:\WINDOWS\SYSTEM32\dhcpcsvc6.DLL
0x00007ffbff3f0000 - 0x00007ffbff40e000 	C:\WINDOWS\SYSTEM32\dhcpcsvc.DLL
0x00007ffc02e30000 - 0x00007ffc02f17000 	C:\WINDOWS\SYSTEM32\DNSAPI.dll
0x00007ffbda090000 - 0x00007ffbda0d9000 	C:\Users\hyper\AppData\Local\Temp\jna-99761772\jna382300676722618750.dll
0x00007ffc032c0000 - 0x00007ffc032f4000 	C:\WINDOWS\SYSTEM32\ntmarta.dll

dbghelp: loaded successfully - version: 4.0.5 - missing functions: none
symbol engine: initialized successfully - sym options: 0x614 - pdb path: .;C:\Program Files\Java\jdk-18.0.2.1\bin;C:\WINDOWS\SYSTEM32;C:\WINDOWS\WinSxS\amd64_microsoft.windows.common-controls_6595b64144ccf1df_6.0.22000.120_none_9d947278b86cc467;C:\Program Files\Java\jdk-18.0.2.1\bin\server;C:\Users\hyper\AppData\Roaming\Code\User\globalStorage\redhat.java\1.38.0\config_win\org.eclipse.equinox.launcher\org.eclipse.equinox.launcher.win32.win32.x86_64_1.2.1100.v20240722-2106;C:\Users\hyper\AppData\Local\Temp\jna-99761772

VM Arguments:
jvm_args: --add-modules=ALL-SYSTEM --add-opens=java.base/java.util=ALL-UNNAMED --add-opens=java.base/java.lang=ALL-UNNAMED --add-opens=java.base/sun.nio.fs=ALL-UNNAMED -Declipse.application=org.eclipse.jdt.ls.core.id1 -Dosgi.bundles.defaultStartLevel=4 -Declipse.product=org.eclipse.jdt.ls.core.product -Djava.import.generatesMetadataFilesAtProjectRoot=false -DDetectVMInstallationsJob.disabled=true -Dfile.encoding=utf8 -Xlog:disable -javaagent:c:\Users\hyper\.vscode\extensions\redhat.java-1.38.0-win32-x64\lombok\lombok-1.18.34.jar -XX:+HeapDumpOnOutOfMemoryError -XX:HeapDumpPath=c:\Users\hyper\AppData\Roaming\Code\User\workspaceStorage\55103842018b78ebd48e089c0df41d06\redhat.java -Daether.dependencyCollector.impl=bf 
java_command: c:\Users\hyper\.vscode\extensions\redhat.java-1.38.0-win32-x64\server\plugins\org.eclipse.equinox.launcher_1.6.900.v20240613-2009.jar -configuration c:\Users\hyper\AppData\Roaming\Code\User\globalStorage\redhat.java\1.38.0\config_win -data c:\Users\hyper\AppData\Roaming\Code\User\workspaceStorage\55103842018b78ebd48e089c0df41d06\redhat.java\jdt_ws --pipe=\\.\pipe\lsp-910044f69c72f75bf1669feb5c354518-sock
java_class_path (initial): c:\Users\hyper\.vscode\extensions\redhat.java-1.38.0-win32-x64\server\plugins\org.eclipse.equinox.launcher_1.6.900.v20240613-2009.jar
Launcher Type: SUN_STANDARD

[Global flags]
     intx CICompilerCount                          = 4                                         {product} {ergonomic}
     uint ConcGCThreads                            = 2                                         {product} {ergonomic}
     uint G1ConcRefinementThreads                  = 8                                         {product} {ergonomic}
   size_t G1HeapRegionSize                         = 2097152                                   {product} {ergonomic}
    uintx GCDrainStackTargetSize                   = 64                                        {product} {ergonomic}
     bool HeapDumpOnOutOfMemoryError               = true                                   {manageable} {command line}
    ccstr HeapDumpPath                             = c:\Users\hyper\AppData\Roaming\Code\User\workspaceStorage\55103842018b78ebd48e089c0df41d06\redhat.java         {manageable} {command line}
   size_t InitialHeapSize                          = 268435456                                 {product} {ergonomic}
   size_t MarkStackSize                            = 4194304                                   {product} {ergonomic}
   size_t MaxHeapSize                              = 4269801472                                {product} {ergonomic}
   size_t MaxNewSize                               = 2560622592                                {product} {ergonomic}
   size_t MinHeapDeltaBytes                        = 2097152                                   {product} {ergonomic}
   size_t MinHeapSize                              = 8388608                                   {product} {ergonomic}
    uintx NonNMethodCodeHeapSize                   = 5839372                                {pd product} {ergonomic}
    uintx NonProfiledCodeHeapSize                  = 122909434                              {pd product} {ergonomic}
    uintx ProfiledCodeHeapSize                     = 122909434                              {pd product} {ergonomic}
    uintx ReservedCodeCacheSize                    = 251658240                              {pd product} {ergonomic}
     bool SegmentedCodeCache                       = true                                      {product} {ergonomic}
   size_t SoftMaxHeapSize                          = 4269801472                             {manageable} {ergonomic}
     bool UseCompressedClassPointers               = true                           {product lp64_product} {ergonomic}
     bool UseCompressedOops                        = true                           {product lp64_product} {ergonomic}
     bool UseG1GC                                  = true                                      {product} {ergonomic}
     bool UseLargePagesIndividualAllocation        = false                                  {pd product} {ergonomic}

Logging:
Log output configuration:
 #0: stdout all=off uptime,level,tags foldmultilines=false
 #1: stderr all=off uptime,level,tags foldmultilines=false

Environment Variables:
JAVA_HOME=C:\Program Files\Java\jdk-18.0.2.1
PATH=C:\Program Files\Common Files\Oracle\Java\javapath;C:\WINDOWS\system32;C:\WINDOWS;C:\WINDOWS\System32\Wbem;C:\WINDOWS\System32\WindowsPowerShell\v1.0\;C:\WINDOWS\System32\OpenSSH\;C:\Program Files (x86)\NVIDIA Corporation\PhysX\Common;C:\Program Files\NVIDIA Corporation\NVIDIA NvDLISR;J:\.important\Documents\apache-maven-3.8.6\bin;C:\Program Files\Microsoft SQL Server\Client SDK\ODBC\170\Tools\Binn\;C:\Program Files (x86)\Microsoft SQL Server\150\Tools\Binn\;C:\Program Files\Microsoft SQL Server\150\Tools\Binn\;C:\Program Files\Microsoft SQL Server\150\DTS\Binn\;C:\Program Files (x86)\Microsoft SQL Server\160\DTS\Binn\;C:\Users\hyper\Downloads\curl-8.10.1_2-win64-mingw\curl-8.10.1_2-win64-mingw\bin;C:\C:\Program Files\Java\jdk-18.0.2.1\bin;C:\Program Files\OpenSSL-Win64\bin;C:\Program Files\dotnet\;C:\Program Files\Git\cmd;H:\;C:\Program Files (x86)\Microsoft SQL Server\160\Tools\Binn\;C:\Program Files\Microsoft SQL Server\160\Tools\Binn\;C:\Program Files\Microsoft SQL Server\160\DTS\Binn\;J:\Docker\resources\bin;C:\Users\hyper\AppData\Local\Microsoft\WindowsApps;C:\Users\hyper\AppData\Local\Programs\Microsoft VS Code\bin;C:\Program Files\Java\jdk-18.0.2.1\bin;C:\Users\hyper\AppData\Roaming\npm
USERNAME=hyper
OS=Windows_NT
PROCESSOR_IDENTIFIER=Intel64 Family 6 Model 60 Stepping 3, GenuineIntel



---------------  S Y S T E M  ---------------

OS:
 Windows 11 , 64 bit Build 22000 (10.0.22000.2538)
OS uptime: 1 days 9:36 hours
Hyper-V role detected

CPU: total 8 (initial active 8) (4 cores per cpu, 2 threads per core) family 6 model 60 stepping 3 microcode 0x28, cx8, cmov, fxsr, ht, mmx, sse, sse2, sse3, ssse3, sse4.1, sse4.2, popcnt, lzcnt, tsc, tscinvbit, avx, avx2, aes, erms, clmul, bmi1, bmi2, fma, vzeroupper, clflush, hv

Memory: 4k page, system-wide physical 16283M (843M free)
TotalPageFile size 36283M (AvailPageFile size 15M)
current process WorkingSet (physical memory assigned to process): 795M, peak: 802M
current process commit charge ("private bytes"): 764M, peak: 781M

vm_info: Java HotSpot(TM) 64-Bit Server VM (18.0.2.1+1-1) for windows-amd64 JRE (18.0.2.1+1-1), built on Aug 16 2022 01:46:33 by "mach5one" with MS VC++ 16.8 / 16.9 (VS2019)

END.
