#
# There is insufficient memory for the Java Runtime Environment to continue.
# Native memory allocation (mmap) failed to map 492830720 bytes for G1 virtual space
# Possible reasons:
#   The system is out of physical RAM or swap space
#   The process is running with CompressedOops enabled, and the Java Heap may be blocking the growth of the native heap
# Possible solutions:
#   Reduce memory load on the system
#   Increase physical memory or swap space
#   Check if swap backing store is full
#   Decrease Java heap size (-Xmx/-Xms)
#   Decrease number of Java threads
#   Decrease Java thread stack sizes (-Xss)
#   Set larger code cache with -XX:ReservedCodeCacheSize=
#   JVM is running with Zero Based Compressed Oops mode in which the Java heap is
#     placed in the first 32GB address space. The Java Heap base address is the
#     maximum limit for the native heap growth. Please use -XX:HeapBaseMinAddress
#     to set the Java Heap base and to place the Java Heap above 32GB virtual address.
# This output file may be truncated or incomplete.
#
#  Out of Memory Error (os_windows.cpp:3530), pid=78788, tid=76640
#
# JRE version: Java(TM) SE Runtime Environment (18.0.2.1+1) (build 18.0.2.1+1-1)
# Java VM: Java HotSpot(TM) 64-Bit Server VM (18.0.2.1+1-1, mixed mode, sharing, tiered, compressed oops, compressed class ptrs, g1 gc, windows-amd64)
# No core dump will be written. Minidumps are not enabled by default on client versions of Windows
#

---------------  S U M M A R Y ------------

Command Line: --add-modules=ALL-SYSTEM --add-opens=java.base/java.util=ALL-UNNAMED --add-opens=java.base/java.lang=ALL-UNNAMED --add-opens=java.base/sun.nio.fs=ALL-UNNAMED -Declipse.application=org.eclipse.jdt.ls.core.id1 -Dosgi.bundles.defaultStartLevel=4 -Declipse.product=org.eclipse.jdt.ls.core.product -Djava.import.generatesMetadataFilesAtProjectRoot=false -DDetectVMInstallationsJob.disabled=true -Dfile.encoding=utf8 -Xlog:disable -javaagent:c:\Users\hyper\.vscode\extensions\redhat.java-1.38.0-win32-x64\lombok\lombok-1.18.34.jar -XX:+HeapDumpOnOutOfMemoryError -XX:HeapDumpPath=c:\Users\hyper\AppData\Roaming\Code\User\workspaceStorage\55103842018b78ebd48e089c0df41d06\redhat.java -Daether.dependencyCollector.impl=bf c:\Users\hyper\.vscode\extensions\redhat.java-1.38.0-win32-x64\server\plugins\org.eclipse.equinox.launcher_1.6.900.v20240613-2009.jar -configuration c:\Users\hyper\AppData\Roaming\Code\User\globalStorage\redhat.java\1.38.0\config_win -data c:\Users\hyper\AppData\Roaming\Code\User\workspaceStorage\55103842018b78ebd48e089c0df41d06\redhat.java\jdt_ws --pipe=\\.\pipe\lsp-5ee039bc106603381907b4737fa9e504-sock

Host: Intel(R) Core(TM) i7-4770K CPU @ 3.50GHz, 8 cores, 15G,  Windows 11 , 64 bit Build 22000 (10.0.22000.2538)
Time: Fri Mar  7 21:47:02 2025 Volgograd Standard Time elapsed time: 37.889935 seconds (0d 0h 0m 37s)

---------------  T H R E A D  ---------------

Current thread (0x000002017e79dc00):  VMThread "VM Thread" [stack: 0x000000a41f300000,0x000000a41f400000] [id=76640]

Stack: [0x000000a41f300000,0x000000a41f400000]
Native frames: (J=compiled Java code, j=interpreted, Vv=VM code, C=native code)
V  [jvm.dll+0x6993aa]
V  [jvm.dll+0x7f46dd]
V  [jvm.dll+0x7f5fee]
V  [jvm.dll+0x7f66a3]
V  [jvm.dll+0x25cf1f]
V  [jvm.dll+0x6962f9]
V  [jvm.dll+0x68ae2a]
V  [jvm.dll+0x32255b]
V  [jvm.dll+0x329f36]
V  [jvm.dll+0x37eade]
V  [jvm.dll+0x37ed0f]
V  [jvm.dll+0x2fa2da]
V  [jvm.dll+0x2fa387]
V  [jvm.dll+0x33e8c2]
V  [jvm.dll+0x33ce64]
V  [jvm.dll+0x2f9ab0]
V  [jvm.dll+0x33c43b]
V  [jvm.dll+0x7fb48b]
V  [jvm.dll+0x7fc224]
V  [jvm.dll+0x7fc75c]
V  [jvm.dll+0x7fcbb4]
V  [jvm.dll+0x7fcc77]
V  [jvm.dll+0x7a120a]
V  [jvm.dll+0x698255]
C  [ucrtbase.dll+0x26c0c]
C  [KERNEL32.DLL+0x153e0]
C  [ntdll.dll+0x485b]

VM_Operation (0x000000a4215fec10): G1CollectForAllocation, mode: safepoint, requested by thread 0x000002010f5650d0


---------------  P R O C E S S  ---------------

Threads class SMR info:
_java_thread_list=0x0000020111703eb0, length=72, elements={
0x0000020164210d60, 0x000002017e7a1690, 0x000002017e7a30b0, 0x000002017e7b8080,
0x000002017e7b8930, 0x000002017e7b92d0, 0x000002017e7b9c70, 0x000002017e7ba940,
0x000002017e7fde60, 0x000002017e7fe760, 0x000002010e1c7860, 0x000002010e3f4860,
0x000002010edb82e0, 0x000002010ea9c030, 0x000002010ed44040, 0x000002010ed79890,
0x000002010f150130, 0x000002010f14d680, 0x000002010f5638c0, 0x000002010f564c00,
0x000002010f564730, 0x000002010f562a50, 0x000002010f5650d0, 0x000002010f5655a0,
0x000002010f565f40, 0x000002010f565a70, 0x0000020111b7c830, 0x0000020111b789a0,
0x0000020111b7c360, 0x0000020111b79ce0, 0x0000020111b77660, 0x0000020111b7b020,
0x0000020111b75980, 0x0000020111b78000, 0x0000020111b76cc0, 0x0000020111b7a1b0,
0x0000020111b76320, 0x0000020111b7a680, 0x0000020111b77190, 0x0000020111b74fe0,
0x0000020111b754b0, 0x0000020111b77b30, 0x0000020111b7b9c0, 0x0000020111b7b4f0,
0x0000020111b7be90, 0x0000020111b767f0, 0x0000020111b79340, 0x0000020111b79810,
0x000002010f562580, 0x000002010e43fd40, 0x000002010e43f870, 0x000002010e440210,
0x000002010e441080, 0x000002010e43e530, 0x000002010e43ea00, 0x000002010e4406e0,
0x000002010e440bb0, 0x000002010e43e060, 0x000002010e43f3a0, 0x000002010e43db90,
0x000002010eacbfa0, 0x000002010eacab60, 0x00000201104e1890, 0x00000201104e2230,
0x00000201104de870, 0x00000201104e0ef0, 0x00000201104e3a40, 0x00000201104e43e0,
0x00000201104e13c0, 0x00000201104e0a20, 0x00000201104e4d80, 0x00000201104e0550
}
_to_delete_list=0x0000020111a417e0, length=67, elements={
0x0000020164210d60, 0x000002017e7a1690, 0x000002017e7a30b0, 0x000002017e7b8080,
0x000002017e7b8930, 0x000002017e7b92d0, 0x000002017e7b9c70, 0x000002017e7ba940,
0x000002017e7fde60, 0x000002017e7fe760, 0x000002010e1c7860, 0x000002010e3f4860,
0x000002010edb82e0, 0x000002010ea9c030, 0x000002010ed44040, 0x000002010ed79890,
0x000002010f150130, 0x000002010f14d680, 0x000002010f5638c0, 0x000002010f564c00,
0x000002010f564730, 0x000002010f562a50, 0x000002010f5650d0, 0x000002010f5655a0,
0x000002010f565f40, 0x000002010f565a70, 0x0000020111b7c830, 0x0000020111b789a0,
0x0000020111b7c360, 0x0000020111b79ce0, 0x0000020111b77660, 0x0000020111b7b020,
0x0000020111b75980, 0x0000020111b78000, 0x0000020111b76cc0, 0x0000020111b7a1b0,
0x0000020111b76320, 0x0000020111b7a680, 0x0000020111b77190, 0x0000020111b74fe0,
0x0000020111b754b0, 0x0000020111b77b30, 0x0000020111b7b9c0, 0x0000020111b7b4f0,
0x0000020111b7be90, 0x0000020111b767f0, 0x0000020111b79340, 0x0000020111b79810,
0x000002010f562580, 0x000002010e43fd40, 0x000002010e43f870, 0x000002010e440210,
0x000002010e441080, 0x000002010e43e530, 0x000002010e43ea00, 0x000002010e4406e0,
0x000002010e440bb0, 0x000002010e43e060, 0x000002010e43f3a0, 0x000002010e43db90,
0x000002010eacbfa0, 0x000002010eacab60, 0x00000201104e1890, 0x00000201104e2230,
0x00000201104de870, 0x00000201104e0ef0, 0x00000201104e3a40
}

Java Threads: ( => current thread )
  0x0000020164210d60 JavaThread "main" [_thread_blocked, id=7796, stack(0x000000a41ed00000,0x000000a41ee00000)]
  0x000002017e7a1690 JavaThread "Reference Handler" daemon [_thread_blocked, id=93736, stack(0x000000a41f400000,0x000000a41f500000)]
  0x000002017e7a30b0 JavaThread "Finalizer" daemon [_thread_blocked, id=93916, stack(0x000000a41f500000,0x000000a41f600000)]
  0x000002017e7b8080 JavaThread "Signal Dispatcher" daemon [_thread_blocked, id=17400, stack(0x000000a41f600000,0x000000a41f700000)]
  0x000002017e7b8930 JavaThread "Attach Listener" daemon [_thread_blocked, id=83136, stack(0x000000a41f700000,0x000000a41f800000)]
  0x000002017e7b92d0 JavaThread "Service Thread" daemon [_thread_blocked, id=90432, stack(0x000000a41f800000,0x000000a41f900000)]
  0x000002017e7b9c70 JavaThread "Monitor Deflation Thread" daemon [_thread_blocked, id=92136, stack(0x000000a41f900000,0x000000a41fa00000)]
  0x000002017e7ba940 JavaThread "C2 CompilerThread0" daemon [_thread_blocked, id=69444, stack(0x000000a41fa00000,0x000000a41fb00000)]
  0x000002017e7fde60 JavaThread "C1 CompilerThread0" daemon [_thread_blocked, id=93652, stack(0x000000a41fb00000,0x000000a41fc00000)]
  0x000002017e7fe760 JavaThread "Sweeper thread" daemon [_thread_blocked, id=94808, stack(0x000000a41fc00000,0x000000a41fd00000)]
  0x000002010e1c7860 JavaThread "Common-Cleaner" daemon [_thread_blocked, id=61080, stack(0x000000a41fd00000,0x000000a41fe00000)]
  0x000002010e3f4860 JavaThread "Notification Thread" daemon [_thread_blocked, id=79252, stack(0x000000a41fe00000,0x000000a41ff00000)]
  0x000002010edb82e0 JavaThread "Active Thread: Equinox Container: 67c8bd29-4335-435f-b843-cedabdb0f7ee" [_thread_blocked, id=83752, stack(0x000000a420100000,0x000000a420200000)]
  0x000002010ea9c030 JavaThread "Refresh Thread: Equinox Container: 67c8bd29-4335-435f-b843-cedabdb0f7ee" daemon [_thread_blocked, id=94544, stack(0x000000a420800000,0x000000a420900000)]
  0x000002010ed44040 JavaThread "Framework Event Dispatcher: Equinox Container: 67c8bd29-4335-435f-b843-cedabdb0f7ee" daemon [_thread_blocked, id=65076, stack(0x000000a420900000,0x000000a420a00000)]
  0x000002010ed79890 JavaThread "Start Level: Equinox Container: 67c8bd29-4335-435f-b843-cedabdb0f7ee" daemon [_thread_blocked, id=1540, stack(0x000000a420a00000,0x000000a420b00000)]
  0x000002010f150130 JavaThread "Bundle File Closer" daemon [_thread_blocked, id=24492, stack(0x000000a420d00000,0x000000a420e00000)]
  0x000002010f14d680 JavaThread "SCR Component Actor" daemon [_thread_blocked, id=89732, stack(0x000000a420c00000,0x000000a420d00000)]
  0x000002010f5638c0 JavaThread "Worker-JM" [_thread_blocked, id=92476, stack(0x000000a420e00000,0x000000a420f00000)]
  0x000002010f564c00 JavaThread "JNA Cleaner" daemon [_thread_blocked, id=86212, stack(0x000000a420f00000,0x000000a421000000)]
  0x000002010f564730 JavaThread "Worker-0: Publish Diagnostics" [_thread_blocked, id=90816, stack(0x000000a421000000,0x000000a421100000)]
  0x000002010f562a50 JavaThread "Worker-1" [_thread_blocked, id=18216, stack(0x000000a421100000,0x000000a421200000)]
  0x000002010f5650d0 JavaThread "Java indexing" daemon [_thread_blocked, id=17928, stack(0x000000a421500000,0x000000a421600000)]
  0x000002010f5655a0 JavaThread "Worker-2: Initialize workspace" [_thread_blocked, id=70244, stack(0x000000a421600000,0x000000a421700000)]
  0x000002010f565f40 JavaThread "Thread-2" daemon [_thread_in_native, id=84620, stack(0x000000a421900000,0x000000a421a00000)]
  0x000002010f565a70 JavaThread "Thread-3" daemon [_thread_in_native, id=69620, stack(0x000000a421a00000,0x000000a421b00000)]
  0x0000020111b7c830 JavaThread "Thread-4" daemon [_thread_in_native, id=67352, stack(0x000000a421b00000,0x000000a421c00000)]
  0x0000020111b789a0 JavaThread "Thread-5" daemon [_thread_in_native, id=13276, stack(0x000000a421c00000,0x000000a421d00000)]
  0x0000020111b7c360 JavaThread "Thread-6" daemon [_thread_in_native, id=71844, stack(0x000000a421d00000,0x000000a421e00000)]
  0x0000020111b79ce0 JavaThread "Thread-7" daemon [_thread_in_native, id=95672, stack(0x000000a421e00000,0x000000a421f00000)]
  0x0000020111b77660 JavaThread "Thread-8" daemon [_thread_in_native, id=85160, stack(0x000000a421f00000,0x000000a422000000)]
  0x0000020111b7b020 JavaThread "Thread-9" daemon [_thread_in_native, id=81876, stack(0x000000a422000000,0x000000a422100000)]
  0x0000020111b75980 JavaThread "Thread-10" daemon [_thread_in_native, id=16408, stack(0x000000a422100000,0x000000a422200000)]
  0x0000020111b78000 JavaThread "Worker-3" [_thread_blocked, id=97188, stack(0x000000a422200000,0x000000a422300000)]
  0x0000020111b76cc0 JavaThread "pool-2-thread-1" [_thread_blocked, id=68308, stack(0x000000a422300000,0x000000a422400000)]
  0x0000020111b7a1b0 JavaThread "WorkspaceEventsHandler" [_thread_blocked, id=63672, stack(0x000000a420000000,0x000000a420100000)]
  0x0000020111b76320 JavaThread "pool-1-thread-1" [_thread_blocked, id=91772, stack(0x000000a421300000,0x000000a421400000)]
  0x0000020111b7a680 JavaThread "Worker-4: Java indexing... " [_thread_blocked, id=60616, stack(0x000000a422500000,0x000000a422600000)]
  0x0000020111b77190 JavaThread "Worker-5" [_thread_blocked, id=74488, stack(0x000000a422400000,0x000000a422500000)]
  0x0000020111b74fe0 JavaThread "ForkJoinPool.commonPool-worker-1" daemon [_thread_blocked, id=94164, stack(0x000000a422700000,0x000000a422800000)]
  0x0000020111b754b0 JavaThread "ForkJoinPool.commonPool-worker-2" daemon [_thread_blocked, id=95372, stack(0x000000a422800000,0x000000a422900000)]
  0x0000020111b77b30 JavaThread "ForkJoinPool.commonPool-worker-3" daemon [_thread_blocked, id=17328, stack(0x000000a422900000,0x000000a422a00000)]
  0x0000020111b7b9c0 JavaThread "ForkJoinPool.commonPool-worker-4" daemon [_thread_blocked, id=89864, stack(0x000000a422a00000,0x000000a422b00000)]
  0x0000020111b7b4f0 JavaThread "ForkJoinPool.commonPool-worker-5" daemon [_thread_blocked, id=96284, stack(0x000000a422b00000,0x000000a422c00000)]
  0x0000020111b7be90 JavaThread "ForkJoinPool.commonPool-worker-6" daemon [_thread_blocked, id=91520, stack(0x000000a422c00000,0x000000a422d00000)]
  0x0000020111b767f0 JavaThread "ForkJoinPool.commonPool-worker-7" daemon [_thread_blocked, id=74476, stack(0x000000a422d00000,0x000000a422e00000)]
  0x0000020111b79340 JavaThread "LocalFile Deleter" daemon [_thread_blocked, id=72212, stack(0x000000a422e00000,0x000000a422f00000)]
  0x0000020111b79810 JavaThread "LocalFile Deleter" daemon [_thread_blocked, id=80164, stack(0x000000a422f00000,0x000000a423000000)]
  0x000002010f562580 JavaThread "LocalFile Deleter" daemon [_thread_blocked, id=15936, stack(0x000000a423000000,0x000000a423100000)]
  0x000002010e43fd40 JavaThread "LocalFile Deleter" daemon [_thread_blocked, id=70272, stack(0x000000a423100000,0x000000a423200000)]
  0x000002010e43f870 JavaThread "LocalFile Deleter" daemon [_thread_blocked, id=20536, stack(0x000000a423200000,0x000000a423300000)]
  0x000002010e440210 JavaThread "LocalFile Deleter" daemon [_thread_blocked, id=88072, stack(0x000000a423300000,0x000000a423400000)]
  0x000002010e441080 JavaThread "LocalFile Deleter" daemon [_thread_blocked, id=20376, stack(0x000000a423400000,0x000000a423500000)]
  0x000002010e43e530 JavaThread "LocalFile Deleter" daemon [_thread_blocked, id=94940, stack(0x000000a423500000,0x000000a423600000)]
  0x000002010e43ea00 JavaThread "Compiler Source File Reader" daemon [_thread_blocked, id=65704, stack(0x000000a423600000,0x000000a423700000)]
  0x000002010e4406e0 JavaThread "Compiler Source File Reader" daemon [_thread_blocked, id=79232, stack(0x000000a423700000,0x000000a423800000)]
  0x000002010e440bb0 JavaThread "Compiler Source File Reader" daemon [_thread_blocked, id=84996, stack(0x000000a423800000,0x000000a423900000)]
  0x000002010e43e060 JavaThread "Compiler Source File Reader" daemon [_thread_blocked, id=68252, stack(0x000000a423900000,0x000000a423a00000)]
  0x000002010e43f3a0 JavaThread "Compiler Source File Reader" daemon [_thread_blocked, id=96708, stack(0x000000a423a00000,0x000000a423b00000)]
  0x000002010e43db90 JavaThread "Compiler Source File Reader" daemon [_thread_blocked, id=29096, stack(0x000000a423b00000,0x000000a423c00000)]
  0x000002010eacbfa0 JavaThread "C2 CompilerThread1" daemon [_thread_in_native, id=76132, stack(0x000000a421400000,0x000000a421500000)]
  0x000002010eacab60 JavaThread "C2 CompilerThread2" daemon [_thread_blocked, id=91884, stack(0x000000a422600000,0x000000a422700000)]
  0x00000201104e1890 JavaThread "Worker-6" [_thread_blocked, id=53520, stack(0x000000a423e00000,0x000000a423f00000)]
  0x00000201104e2230 JavaThread "Compiler Processing Task" daemon [_thread_blocked, id=94900, stack(0x000000a423f00000,0x000000a424000000)]
  0x00000201104de870 JavaThread "pool-1-thread-2" [_thread_blocked, id=87272, stack(0x000000a424100000,0x000000a424200000)]
  0x00000201104e0ef0 JavaThread "pool-1-thread-3" [_thread_blocked, id=16148, stack(0x000000a424300000,0x000000a424400000)]
  0x00000201104e3a40 JavaThread "SCR Component Registry" daemon [_thread_blocked, id=83948, stack(0x000000a424000000,0x000000a424100000)]
  0x00000201104e43e0 JavaThread "ParallelDescriptorResolver-0-0" daemon [_thread_blocked, id=59604, stack(0x000000a424400000,0x000000a424500000)]
  0x00000201104e13c0 JavaThread "ParallelDescriptorResolver-0-1" daemon [_thread_blocked, id=12664, stack(0x000000a424500000,0x000000a424600000)]
  0x00000201104e0a20 JavaThread "ParallelDescriptorResolver-0-2" daemon [_thread_blocked, id=88340, stack(0x000000a424600000,0x000000a424700000)]
  0x00000201104e4d80 JavaThread "ParallelDescriptorResolver-0-3" daemon [_thread_blocked, id=88328, stack(0x000000a424700000,0x000000a424800000)]
  0x00000201104e0550 JavaThread "ParallelDescriptorResolver-0-4" daemon [_thread_blocked, id=85344, stack(0x000000a424800000,0x000000a424900000)]

Other Threads:
=>0x000002017e79dc00 VMThread "VM Thread" [stack: 0x000000a41f300000,0x000000a41f400000] [id=76640]
  0x000002010e3f4d20 WatcherThread "VM Periodic Task Thread" [stack: 0x000000a41ff00000,0x000000a420000000] [id=83460]
  0x000002016427c950 WorkerThread "GC Thread#0" [stack: 0x000000a41ee00000,0x000000a41ef00000] [id=89684]
  0x000002010e5b3d50 WorkerThread "GC Thread#1" [stack: 0x000000a420200000,0x000000a420300000] [id=69020]
  0x000002010e9bd250 WorkerThread "GC Thread#2" [stack: 0x000000a420300000,0x000000a420400000] [id=89948]
  0x000002010ec464d0 WorkerThread "GC Thread#3" [stack: 0x000000a420400000,0x000000a420500000] [id=93640]
  0x000002010ec46a10 WorkerThread "GC Thread#4" [stack: 0x000000a420500000,0x000000a420600000] [id=95752]
  0x000002010ec46770 WorkerThread "GC Thread#5" [stack: 0x000000a420600000,0x000000a420700000] [id=83900]
  0x000002010ec47730 WorkerThread "GC Thread#6" [stack: 0x000000a420700000,0x000000a420800000] [id=62404]
  0x000002010ec47c70 WorkerThread "GC Thread#7" [stack: 0x000000a420b00000,0x000000a420c00000] [id=9328]
  0x000002016428d700 ConcurrentGCThread "G1 Main Marker" [stack: 0x000000a41ef00000,0x000000a41f000000] [id=72392]
  0x000002016428e0f0 WorkerThread "G1 Conc#0" [stack: 0x000000a41f000000,0x000000a41f100000] [id=77652]
  0x000002010f047cf0 WorkerThread "G1 Conc#1" [stack: 0x000000a421200000,0x000000a421300000] [id=14152]
  0x000002017e64fb40 ConcurrentGCThread "G1 Refine#0" [stack: 0x000000a41f100000,0x000000a41f200000] [id=88568]
  0x0000020111f89110 ConcurrentGCThread "G1 Refine#1" [stack: 0x000000a423c00000,0x000000a423d00000] [id=93784]
  0x0000020111f89980 ConcurrentGCThread "G1 Refine#2" [stack: 0x000000a423d00000,0x000000a423e00000] [id=63904]
  0x000002010fae3340 ConcurrentGCThread "G1 Refine#3" [stack: 0x000000a424200000,0x000000a424300000] [id=91360]
  0x000002011b479680 ConcurrentGCThread "G1 Refine#4" [stack: 0x000000a424900000,0x000000a424a00000] [id=83156]
  0x000002017e650bf0 ConcurrentGCThread "G1 Service" [stack: 0x000000a41f200000,0x000000a41f300000] [id=77920]

Threads with active compile tasks:
C2 CompilerThread0    37947 12117 % !   4       org.eclipse.jdt.internal.core.SearchableEnvironment::hasSubPackageInUnnamedModule @ 63 (132 bytes)
C2 CompilerThread1    37947 12103       4       org.eclipse.jdt.internal.compiler.classfmt.ModuleInfo::readModuleAttribute (1166 bytes)
C2 CompilerThread2    37947 12118       4       org.eclipse.jdt.internal.compiler.lookup.LookupEnvironment::getTypeFromTypeSignature (770 bytes)

VM state: at safepoint (normal execution)

VM Mutex/Monitor currently owned by a thread:  ([mutex/lock_event])
[0x0000020164209ff0] Threads_lock - owner thread: 0x000002017e79dc00
[0x000002016420a080] Heap_lock - owner thread: 0x000002010f5650d0

Heap address: 0x0000000701800000, size: 4072 MB, Compressed Oops mode: Zero based, Oop shift amount: 3

CDS archive(s) mapped at: [0x0000000800000000-0x0000000800ba0000-0x0000000800ba0000), size 12189696, SharedBaseAddress: 0x0000000800000000, ArchiveRelocationMode: 0.
Compressed class space mapped at: 0x0000000800c00000-0x0000000840c00000, reserved size: 1073741824
Narrow klass base: 0x0000000800000000, Narrow klass shift: 0, Narrow klass range: 0x100000000

GC Precious Log:
 CardTable entry size: 512
 Card Set container configuration: InlinePtr #cards 4 size 8 Array Of Cards #cards 16 size 48 Howl #buckets 8 coarsen threshold 3686 Howl Bitmap #cards 512 size 80 coarsen threshold 460 Card regions per heap region 1 cards per card region 4096
 CPUs: 8 total, 8 available
 Memory: 16283M
 Large Page Support: Disabled
 NUMA Support: Disabled
 Compressed Oops: Enabled (Zero based)
 Heap Region Size: 2M
 Heap Min Capacity: 8M
 Heap Initial Capacity: 256M
 Heap Max Capacity: 4072M
 Pre-touch: Disabled
 Parallel Workers: 8
 Concurrent Workers: 2
 Concurrent Refinement Workers: 8
 Periodic GC: Disabled

Heap:
 garbage-first heap   total 489472K, used 292864K [0x0000000701800000, 0x0000000800000000)
  region size 2048K, 8 young (16384K), 8 survivors (16384K)
 Metaspace       used 69307K, committed 70784K, reserved 1114112K
  class space    used 7097K, committed 7680K, reserved 1048576K

Heap Regions: E=young(eden), S=young(survivor), O=old, HS=humongous(starts), HC=humongous(continues), CS=collection set, F=free, OA=open archive, CA=closed archive, TAMS=top-at-mark-start (previous, next)
|   0|0x0000000701800000, 0x0000000701a00000, 0x0000000701a00000|100%| O|  |TAMS 0x0000000701a00000, 0x0000000701800000| Untracked 
|   1|0x0000000701a00000, 0x0000000701c00000, 0x0000000701c00000|100%| O|  |TAMS 0x0000000701c00000, 0x0000000701a00000| Untracked 
|   2|0x0000000701c00000, 0x0000000701e00000, 0x0000000701e00000|100%| O|  |TAMS 0x0000000701e00000, 0x0000000701c00000| Untracked 
|   3|0x0000000701e00000, 0x0000000702000000, 0x0000000702000000|100%| O|  |TAMS 0x0000000702000000, 0x0000000701e00000| Untracked 
|   4|0x0000000702000000, 0x0000000702200000, 0x0000000702200000|100%| O|  |TAMS 0x0000000702200000, 0x0000000702000000| Untracked 
|   5|0x0000000702200000, 0x0000000702400000, 0x0000000702400000|100%| O|  |TAMS 0x0000000702400000, 0x0000000702200000| Untracked 
|   6|0x0000000702400000, 0x0000000702600000, 0x0000000702600000|100%| O|  |TAMS 0x0000000702600000, 0x0000000702400000| Untracked 
|   7|0x0000000702600000, 0x0000000702800000, 0x0000000702800000|100%| O|  |TAMS 0x0000000702800000, 0x0000000702600000| Untracked 
|   8|0x0000000702800000, 0x0000000702a00000, 0x0000000702a00000|100%| O|  |TAMS 0x0000000702a00000, 0x0000000702800000| Untracked 
|   9|0x0000000702a00000, 0x0000000702c00000, 0x0000000702c00000|100%| O|  |TAMS 0x0000000702c00000, 0x0000000702a00000| Untracked 
|  10|0x0000000702c00000, 0x0000000702e00000, 0x0000000702e00000|100%| O|  |TAMS 0x0000000702e00000, 0x0000000702c00000| Untracked 
|  11|0x0000000702e00000, 0x0000000703000000, 0x0000000703000000|100%| O|  |TAMS 0x0000000703000000, 0x0000000702e00000| Untracked 
|  12|0x0000000703000000, 0x0000000703200000, 0x0000000703200000|100%| O|  |TAMS 0x0000000703200000, 0x0000000703000000| Untracked 
|  13|0x0000000703200000, 0x0000000703400000, 0x0000000703400000|100%|HS|  |TAMS 0x0000000703200000, 0x0000000703200000| Complete 
|  14|0x0000000703400000, 0x0000000703600000, 0x0000000703600000|100%| O|  |TAMS 0x0000000703600000, 0x0000000703400000| Untracked 
|  15|0x0000000703600000, 0x0000000703800000, 0x0000000703800000|100%| O|  |TAMS 0x0000000703800000, 0x0000000703600000| Untracked 
|  16|0x0000000703800000, 0x0000000703a00000, 0x0000000703a00000|100%| O|  |TAMS 0x0000000703a00000, 0x0000000703800000| Untracked 
|  17|0x0000000703a00000, 0x0000000703c00000, 0x0000000703c00000|100%| O|  |TAMS 0x0000000703c00000, 0x0000000703a00000| Untracked 
|  18|0x0000000703c00000, 0x0000000703e00000, 0x0000000703e00000|100%| O|  |TAMS 0x0000000703e00000, 0x0000000703c00000| Untracked 
|  19|0x0000000703e00000, 0x0000000704000000, 0x0000000704000000|100%| O|  |TAMS 0x0000000704000000, 0x0000000703e00000| Untracked 
|  20|0x0000000704000000, 0x0000000704200000, 0x0000000704200000|100%| O|  |TAMS 0x0000000704200000, 0x0000000704000000| Untracked 
|  21|0x0000000704200000, 0x0000000704400000, 0x0000000704400000|100%| O|  |TAMS 0x0000000704400000, 0x0000000704200000| Untracked 
|  22|0x0000000704400000, 0x0000000704600000, 0x0000000704600000|100%| O|  |TAMS 0x0000000704600000, 0x0000000704400000| Untracked 
|  23|0x0000000704600000, 0x0000000704800000, 0x0000000704800000|100%| O|  |TAMS 0x0000000704800000, 0x0000000704600000| Untracked 
|  24|0x0000000704800000, 0x0000000704a00000, 0x0000000704a00000|100%| O|  |TAMS 0x0000000704a00000, 0x0000000704800000| Untracked 
|  25|0x0000000704a00000, 0x0000000704c00000, 0x0000000704c00000|100%| O|  |TAMS 0x0000000704c00000, 0x0000000704a00000| Untracked 
|  26|0x0000000704c00000, 0x0000000704e00000, 0x0000000704e00000|100%| O|  |TAMS 0x0000000704e00000, 0x0000000704c00000| Untracked 
|  27|0x0000000704e00000, 0x0000000705000000, 0x0000000705000000|100%| O|  |TAMS 0x0000000705000000, 0x0000000704e00000| Untracked 
|  28|0x0000000705000000, 0x0000000705200000, 0x0000000705200000|100%| O|  |TAMS 0x0000000705200000, 0x0000000705000000| Untracked 
|  29|0x0000000705200000, 0x0000000705400000, 0x0000000705400000|100%| O|  |TAMS 0x0000000705400000, 0x0000000705200000| Untracked 
|  30|0x0000000705400000, 0x0000000705600000, 0x0000000705600000|100%| O|  |TAMS 0x0000000705600000, 0x0000000705400000| Untracked 
|  31|0x0000000705600000, 0x0000000705800000, 0x0000000705800000|100%| O|  |TAMS 0x0000000705800000, 0x0000000705600000| Untracked 
|  32|0x0000000705800000, 0x0000000705a00000, 0x0000000705a00000|100%| O|  |TAMS 0x0000000705a00000, 0x0000000705800000| Untracked 
|  33|0x0000000705a00000, 0x0000000705c00000, 0x0000000705c00000|100%| O|  |TAMS 0x0000000705c00000, 0x0000000705a00000| Untracked 
|  34|0x0000000705c00000, 0x0000000705e00000, 0x0000000705e00000|100%| O|  |TAMS 0x0000000705e00000, 0x0000000705c00000| Untracked 
|  35|0x0000000705e00000, 0x0000000706000000, 0x0000000706000000|100%| O|  |TAMS 0x0000000706000000, 0x0000000705e00000| Untracked 
|  36|0x0000000706000000, 0x0000000706200000, 0x0000000706200000|100%| O|  |TAMS 0x0000000706200000, 0x0000000706000000| Untracked 
|  37|0x0000000706200000, 0x0000000706400000, 0x0000000706400000|100%| O|  |TAMS 0x0000000706400000, 0x0000000706200000| Untracked 
|  38|0x0000000706400000, 0x0000000706600000, 0x0000000706600000|100%| O|  |TAMS 0x0000000706600000, 0x0000000706400000| Untracked 
|  39|0x0000000706600000, 0x0000000706800000, 0x0000000706800000|100%| O|  |TAMS 0x0000000706800000, 0x0000000706600000| Untracked 
|  40|0x0000000706800000, 0x0000000706a00000, 0x0000000706a00000|100%| O|  |TAMS 0x0000000706a00000, 0x0000000706800000| Untracked 
|  41|0x0000000706a00000, 0x0000000706c00000, 0x0000000706c00000|100%| O|  |TAMS 0x0000000706c00000, 0x0000000706a00000| Untracked 
|  42|0x0000000706c00000, 0x0000000706e00000, 0x0000000706e00000|100%| O|  |TAMS 0x0000000706e00000, 0x0000000706c00000| Untracked 
|  43|0x0000000706e00000, 0x0000000707000000, 0x0000000707000000|100%| O|  |TAMS 0x0000000707000000, 0x0000000706e00000| Untracked 
|  44|0x0000000707000000, 0x0000000707200000, 0x0000000707200000|100%| O|  |TAMS 0x0000000707200000, 0x0000000707000000| Untracked 
|  45|0x0000000707200000, 0x0000000707400000, 0x0000000707400000|100%| O|  |TAMS 0x0000000707400000, 0x0000000707200000| Untracked 
|  46|0x0000000707400000, 0x0000000707600000, 0x0000000707600000|100%| O|  |TAMS 0x0000000707400000, 0x0000000707400000| Untracked 
|  47|0x0000000707600000, 0x0000000707800000, 0x0000000707800000|100%| O|  |TAMS 0x0000000707800000, 0x0000000707600000| Untracked 
|  48|0x0000000707800000, 0x0000000707a00000, 0x0000000707a00000|100%| O|  |TAMS 0x0000000707a00000, 0x0000000707800000| Untracked 
|  49|0x0000000707a00000, 0x0000000707c00000, 0x0000000707c00000|100%| O|  |TAMS 0x0000000707c00000, 0x0000000707a00000| Untracked 
|  50|0x0000000707c00000, 0x0000000707e00000, 0x0000000707e00000|100%| O|  |TAMS 0x0000000707e00000, 0x0000000707c00000| Untracked 
|  51|0x0000000707e00000, 0x0000000708000000, 0x0000000708000000|100%| O|  |TAMS 0x0000000708000000, 0x0000000707e00000| Untracked 
|  52|0x0000000708000000, 0x0000000708200000, 0x0000000708200000|100%| O|  |TAMS 0x0000000708000000, 0x0000000708000000| Untracked 
|  53|0x0000000708200000, 0x0000000708400000, 0x0000000708400000|100%| O|  |TAMS 0x0000000708200000, 0x0000000708200000| Untracked 
|  54|0x0000000708400000, 0x0000000708600000, 0x0000000708600000|100%| O|  |TAMS 0x0000000708400000, 0x0000000708400000| Untracked 
|  55|0x0000000708600000, 0x0000000708800000, 0x0000000708800000|100%| O|  |TAMS 0x0000000708600000, 0x0000000708600000| Untracked 
|  56|0x0000000708800000, 0x0000000708a00000, 0x0000000708a00000|100%| O|  |TAMS 0x0000000708800000, 0x0000000708800000| Untracked 
|  57|0x0000000708a00000, 0x0000000708c00000, 0x0000000708c00000|100%| O|  |TAMS 0x0000000708a00000, 0x0000000708a00000| Untracked 
|  58|0x0000000708c00000, 0x0000000708e00000, 0x0000000708e00000|100%| O|  |TAMS 0x0000000708c00000, 0x0000000708c00000| Untracked 
|  59|0x0000000708e00000, 0x0000000709000000, 0x0000000709000000|100%| O|  |TAMS 0x0000000708e00000, 0x0000000708e00000| Untracked 
|  60|0x0000000709000000, 0x0000000709200000, 0x0000000709200000|100%| O|  |TAMS 0x0000000709000000, 0x0000000709000000| Untracked 
|  61|0x0000000709200000, 0x0000000709400000, 0x0000000709400000|100%| O|  |TAMS 0x0000000709200000, 0x0000000709200000| Untracked 
|  62|0x0000000709400000, 0x0000000709600000, 0x0000000709600000|100%| O|  |TAMS 0x0000000709400000, 0x0000000709400000| Untracked 
|  63|0x0000000709600000, 0x0000000709800000, 0x0000000709800000|100%| O|  |TAMS 0x0000000709600000, 0x0000000709600000| Untracked 
|  64|0x0000000709800000, 0x0000000709a00000, 0x0000000709a00000|100%| O|  |TAMS 0x0000000709800000, 0x0000000709800000| Untracked 
|  65|0x0000000709a00000, 0x0000000709c00000, 0x0000000709c00000|100%| O|  |TAMS 0x0000000709a00000, 0x0000000709a00000| Untracked 
|  66|0x0000000709c00000, 0x0000000709e00000, 0x0000000709e00000|100%| O|  |TAMS 0x0000000709c00000, 0x0000000709c00000| Untracked 
|  67|0x0000000709e00000, 0x000000070a000000, 0x000000070a000000|100%| O|  |TAMS 0x0000000709e00000, 0x0000000709e00000| Untracked 
|  68|0x000000070a000000, 0x000000070a200000, 0x000000070a200000|100%| O|  |TAMS 0x000000070a000000, 0x000000070a000000| Untracked 
|  69|0x000000070a200000, 0x000000070a400000, 0x000000070a400000|100%| O|  |TAMS 0x000000070a200000, 0x000000070a200000| Untracked 
|  70|0x000000070a400000, 0x000000070a600000, 0x000000070a600000|100%| O|  |TAMS 0x000000070a400000, 0x000000070a400000| Untracked 
|  71|0x000000070a600000, 0x000000070a800000, 0x000000070a800000|100%| O|  |TAMS 0x000000070a600000, 0x000000070a600000| Untracked 
|  72|0x000000070a800000, 0x000000070aa00000, 0x000000070aa00000|100%| O|  |TAMS 0x000000070a800000, 0x000000070a800000| Untracked 
|  73|0x000000070aa00000, 0x000000070ac00000, 0x000000070ac00000|100%| O|  |TAMS 0x000000070aa00000, 0x000000070aa00000| Untracked 
|  74|0x000000070ac00000, 0x000000070ae00000, 0x000000070ae00000|100%| O|  |TAMS 0x000000070ac00000, 0x000000070ac00000| Untracked 
|  75|0x000000070ae00000, 0x000000070b000000, 0x000000070b000000|100%| O|  |TAMS 0x000000070ae00000, 0x000000070ae00000| Untracked 
|  76|0x000000070b000000, 0x000000070b200000, 0x000000070b200000|100%| O|  |TAMS 0x000000070b000000, 0x000000070b000000| Untracked 
|  77|0x000000070b200000, 0x000000070b400000, 0x000000070b400000|100%| O|  |TAMS 0x000000070b200000, 0x000000070b200000| Untracked 
|  78|0x000000070b400000, 0x000000070b600000, 0x000000070b600000|100%| O|  |TAMS 0x000000070b400000, 0x000000070b400000| Untracked 
|  79|0x000000070b600000, 0x000000070b800000, 0x000000070b800000|100%| O|  |TAMS 0x000000070b600000, 0x000000070b600000| Untracked 
|  80|0x000000070b800000, 0x000000070ba00000, 0x000000070ba00000|100%| O|  |TAMS 0x000000070b800000, 0x000000070b800000| Untracked 
|  81|0x000000070ba00000, 0x000000070bc00000, 0x000000070bc00000|100%| O|  |TAMS 0x000000070ba00000, 0x000000070ba00000| Untracked 
|  82|0x000000070bc00000, 0x000000070be00000, 0x000000070be00000|100%| O|  |TAMS 0x000000070bc00000, 0x000000070bc00000| Untracked 
|  83|0x000000070be00000, 0x000000070c000000, 0x000000070c000000|100%| O|  |TAMS 0x000000070be00000, 0x000000070be00000| Untracked 
|  84|0x000000070c000000, 0x000000070c200000, 0x000000070c200000|100%| O|  |TAMS 0x000000070c000000, 0x000000070c000000| Untracked 
|  85|0x000000070c200000, 0x000000070c400000, 0x000000070c400000|100%| O|  |TAMS 0x000000070c200000, 0x000000070c200000| Untracked 
|  86|0x000000070c400000, 0x000000070c600000, 0x000000070c600000|100%| O|  |TAMS 0x000000070c400000, 0x000000070c400000| Untracked 
|  87|0x000000070c600000, 0x000000070c800000, 0x000000070c800000|100%| O|  |TAMS 0x000000070c600000, 0x000000070c600000| Untracked 
|  88|0x000000070c800000, 0x000000070ca00000, 0x000000070ca00000|100%| O|  |TAMS 0x000000070c800000, 0x000000070c800000| Untracked 
|  89|0x000000070ca00000, 0x000000070cc00000, 0x000000070cc00000|100%| O|  |TAMS 0x000000070ca00000, 0x000000070ca00000| Untracked 
|  90|0x000000070cc00000, 0x000000070ce00000, 0x000000070ce00000|100%| O|  |TAMS 0x000000070cc00000, 0x000000070cc00000| Untracked 
|  91|0x000000070ce00000, 0x000000070d000000, 0x000000070d000000|100%| O|  |TAMS 0x000000070ce00000, 0x000000070ce00000| Untracked 
|  92|0x000000070d000000, 0x000000070d200000, 0x000000070d200000|100%| O|  |TAMS 0x000000070d000000, 0x000000070d000000| Untracked 
|  93|0x000000070d200000, 0x000000070d400000, 0x000000070d400000|100%| O|  |TAMS 0x000000070d200000, 0x000000070d200000| Untracked 
|  94|0x000000070d400000, 0x000000070d600000, 0x000000070d600000|100%| O|  |TAMS 0x000000070d400000, 0x000000070d400000| Untracked 
|  95|0x000000070d600000, 0x000000070d800000, 0x000000070d800000|100%| O|  |TAMS 0x000000070d600000, 0x000000070d600000| Untracked 
|  96|0x000000070d800000, 0x000000070da00000, 0x000000070da00000|100%| O|  |TAMS 0x000000070d800000, 0x000000070d800000| Untracked 
|  97|0x000000070da00000, 0x000000070dc00000, 0x000000070dc00000|100%| O|  |TAMS 0x000000070da00000, 0x000000070da00000| Untracked 
|  98|0x000000070dc00000, 0x000000070de00000, 0x000000070de00000|100%| O|  |TAMS 0x000000070dc00000, 0x000000070dc00000| Untracked 
|  99|0x000000070de00000, 0x000000070e000000, 0x000000070e000000|100%| O|  |TAMS 0x000000070de00000, 0x000000070de00000| Untracked 
| 100|0x000000070e000000, 0x000000070e200000, 0x000000070e200000|100%| O|  |TAMS 0x000000070e000000, 0x000000070e000000| Untracked 
| 101|0x000000070e200000, 0x000000070e400000, 0x000000070e400000|100%| O|  |TAMS 0x000000070e200000, 0x000000070e200000| Untracked 
| 102|0x000000070e400000, 0x000000070e600000, 0x000000070e600000|100%| O|  |TAMS 0x000000070e400000, 0x000000070e400000| Untracked 
| 103|0x000000070e600000, 0x000000070e800000, 0x000000070e800000|100%| O|  |TAMS 0x000000070e600000, 0x000000070e600000| Untracked 
| 104|0x000000070e800000, 0x000000070ea00000, 0x000000070ea00000|100%| O|  |TAMS 0x000000070e800000, 0x000000070e800000| Untracked 
| 105|0x000000070ea00000, 0x000000070ec00000, 0x000000070ec00000|100%| O|  |TAMS 0x000000070ea00000, 0x000000070ea00000| Untracked 
| 106|0x000000070ec00000, 0x000000070ee00000, 0x000000070ee00000|100%| O|  |TAMS 0x000000070ec00000, 0x000000070ec00000| Untracked 
| 107|0x000000070ee00000, 0x000000070f000000, 0x000000070f000000|100%| O|  |TAMS 0x000000070ee00000, 0x000000070ee00000| Untracked 
| 108|0x000000070f000000, 0x000000070f200000, 0x000000070f200000|100%| O|  |TAMS 0x000000070f000000, 0x000000070f000000| Untracked 
| 109|0x000000070f200000, 0x000000070f400000, 0x000000070f400000|100%| O|  |TAMS 0x000000070f200000, 0x000000070f200000| Untracked 
| 110|0x000000070f400000, 0x000000070f600000, 0x000000070f600000|100%| O|  |TAMS 0x000000070f400000, 0x000000070f400000| Untracked 
| 111|0x000000070f600000, 0x000000070f800000, 0x000000070f800000|100%| O|  |TAMS 0x000000070f600000, 0x000000070f600000| Untracked 
| 112|0x000000070f800000, 0x000000070fa00000, 0x000000070fa00000|100%|HS|  |TAMS 0x000000070f800000, 0x000000070f800000| Complete 
| 113|0x000000070fa00000, 0x000000070fc00000, 0x000000070fc00000|100%|HC|  |TAMS 0x000000070fa00000, 0x000000070fa00000| Complete 
| 114|0x000000070fc00000, 0x000000070fe00000, 0x000000070fe00000|100%| O|  |TAMS 0x000000070fc00000, 0x000000070fc00000| Untracked 
| 115|0x000000070fe00000, 0x0000000710000000, 0x0000000710000000|100%| O|  |TAMS 0x000000070fe00000, 0x000000070fe00000| Untracked 
| 116|0x0000000710000000, 0x0000000710200000, 0x0000000710200000|100%| O|  |TAMS 0x0000000710000000, 0x0000000710000000| Untracked 
| 117|0x0000000710200000, 0x0000000710400000, 0x0000000710400000|100%| O|  |TAMS 0x0000000710200000, 0x0000000710200000| Untracked 
| 118|0x0000000710400000, 0x0000000710600000, 0x0000000710600000|100%| O|  |TAMS 0x0000000710400000, 0x0000000710400000| Untracked 
| 119|0x0000000710600000, 0x0000000710800000, 0x0000000710800000|100%| O|  |TAMS 0x0000000710600000, 0x0000000710600000| Untracked 
| 120|0x0000000710800000, 0x0000000710a00000, 0x0000000710a00000|100%| O|  |TAMS 0x0000000710800000, 0x0000000710800000| Untracked 
| 121|0x0000000710a00000, 0x0000000710c00000, 0x0000000710c00000|100%| O|  |TAMS 0x0000000710a00000, 0x0000000710a00000| Untracked 
| 122|0x0000000710c00000, 0x0000000710e00000, 0x0000000710e00000|100%| O|  |TAMS 0x0000000710c00000, 0x0000000710c00000| Untracked 
| 123|0x0000000710e00000, 0x0000000711000000, 0x0000000711000000|100%| O|  |TAMS 0x0000000710e00000, 0x0000000710e00000| Untracked 
| 124|0x0000000711000000, 0x0000000711200000, 0x0000000711200000|100%| O|  |TAMS 0x0000000711000000, 0x0000000711000000| Untracked 
| 125|0x0000000711200000, 0x0000000711400000, 0x0000000711400000|100%| O|  |TAMS 0x0000000711200000, 0x0000000711200000| Untracked 
| 126|0x0000000711400000, 0x0000000711600000, 0x0000000711600000|100%| O|  |TAMS 0x0000000711400000, 0x0000000711400000| Untracked 
| 127|0x0000000711600000, 0x0000000711800000, 0x0000000711800000|100%| O|  |TAMS 0x0000000711600000, 0x0000000711600000| Untracked 
| 128|0x0000000711800000, 0x0000000711a00000, 0x0000000711a00000|100%| O|  |TAMS 0x0000000711800000, 0x0000000711800000| Untracked 
| 129|0x0000000711a00000, 0x0000000711c00000, 0x0000000711c00000|100%| O|  |TAMS 0x0000000711a00000, 0x0000000711a00000| Untracked 
| 130|0x0000000711c00000, 0x0000000711e00000, 0x0000000711e00000|100%| O|  |TAMS 0x0000000711c00000, 0x0000000711c00000| Untracked 
| 131|0x0000000711e00000, 0x0000000712000000, 0x0000000712000000|100%| O|  |TAMS 0x0000000711e00000, 0x0000000711e00000| Untracked 
| 132|0x0000000712000000, 0x0000000712200000, 0x0000000712200000|100%| O|  |TAMS 0x0000000712000000, 0x0000000712000000| Untracked 
| 133|0x0000000712200000, 0x0000000712400000, 0x0000000712400000|100%| O|  |TAMS 0x0000000712200000, 0x0000000712200000| Untracked 
| 134|0x0000000712400000, 0x0000000712600000, 0x0000000712600000|100%| O|  |TAMS 0x0000000712400000, 0x0000000712400000| Untracked 
| 135|0x0000000712600000, 0x0000000712600000, 0x0000000712800000|  0%| F|  |TAMS 0x0000000712600000, 0x0000000712600000| Untracked 
| 136|0x0000000712800000, 0x0000000712800000, 0x0000000712a00000|  0%| F|  |TAMS 0x0000000712800000, 0x0000000712800000| Untracked 
| 137|0x0000000712a00000, 0x0000000712a00000, 0x0000000712c00000|  0%| F|  |TAMS 0x0000000712a00000, 0x0000000712a00000| Untracked 
| 138|0x0000000712c00000, 0x0000000712c00000, 0x0000000712e00000|  0%| F|  |TAMS 0x0000000712c00000, 0x0000000712c00000| Untracked 
| 139|0x0000000712e00000, 0x0000000712e00000, 0x0000000713000000|  0%| F|  |TAMS 0x0000000712e00000, 0x0000000712e00000| Untracked 
| 140|0x0000000713000000, 0x0000000713000000, 0x0000000713200000|  0%| F|  |TAMS 0x0000000713000000, 0x0000000713000000| Untracked 
| 141|0x0000000713200000, 0x0000000713200000, 0x0000000713400000|  0%| F|  |TAMS 0x0000000713200000, 0x0000000713200000| Untracked 
| 142|0x0000000713400000, 0x0000000713400000, 0x0000000713600000|  0%| F|  |TAMS 0x0000000713400000, 0x0000000713400000| Untracked 
| 143|0x0000000713600000, 0x0000000713600000, 0x0000000713800000|  0%| F|  |TAMS 0x0000000713600000, 0x0000000713600000| Untracked 
| 144|0x0000000713800000, 0x0000000713800000, 0x0000000713a00000|  0%| F|  |TAMS 0x0000000713800000, 0x0000000713800000| Untracked 
| 145|0x0000000713a00000, 0x0000000713a00000, 0x0000000713c00000|  0%| F|  |TAMS 0x0000000713a00000, 0x0000000713a00000| Untracked 
| 146|0x0000000713c00000, 0x0000000713c00000, 0x0000000713e00000|  0%| F|  |TAMS 0x0000000713c00000, 0x0000000713c00000| Untracked 
| 147|0x0000000713e00000, 0x0000000713e00000, 0x0000000714000000|  0%| F|  |TAMS 0x0000000713e00000, 0x0000000713e00000| Untracked 
| 148|0x0000000714000000, 0x0000000714000000, 0x0000000714200000|  0%| F|  |TAMS 0x0000000714000000, 0x0000000714000000| Untracked 
| 149|0x0000000714200000, 0x0000000714200000, 0x0000000714400000|  0%| F|  |TAMS 0x0000000714200000, 0x0000000714200000| Untracked 
| 150|0x0000000714400000, 0x0000000714400000, 0x0000000714600000|  0%| F|  |TAMS 0x0000000714400000, 0x0000000714400000| Untracked 
| 151|0x0000000714600000, 0x0000000714600000, 0x0000000714800000|  0%| F|  |TAMS 0x0000000714600000, 0x0000000714600000| Untracked 
| 152|0x0000000714800000, 0x0000000714800000, 0x0000000714a00000|  0%| F|  |TAMS 0x0000000714800000, 0x0000000714800000| Untracked 
| 153|0x0000000714a00000, 0x0000000714a00000, 0x0000000714c00000|  0%| F|  |TAMS 0x0000000714a00000, 0x0000000714a00000| Untracked 
| 154|0x0000000714c00000, 0x0000000714c00000, 0x0000000714e00000|  0%| F|  |TAMS 0x0000000714c00000, 0x0000000714c00000| Untracked 
| 155|0x0000000714e00000, 0x0000000714e00000, 0x0000000715000000|  0%| F|  |TAMS 0x0000000714e00000, 0x0000000714e00000| Untracked 
| 156|0x0000000715000000, 0x0000000715000000, 0x0000000715200000|  0%| F|  |TAMS 0x0000000715000000, 0x0000000715000000| Untracked 
| 157|0x0000000715200000, 0x0000000715200000, 0x0000000715400000|  0%| F|  |TAMS 0x0000000715200000, 0x0000000715200000| Untracked 
| 158|0x0000000715400000, 0x0000000715400000, 0x0000000715600000|  0%| F|  |TAMS 0x0000000715400000, 0x0000000715400000| Untracked 
| 159|0x0000000715600000, 0x0000000715600000, 0x0000000715800000|  0%| F|  |TAMS 0x0000000715600000, 0x0000000715600000| Untracked 
| 160|0x0000000715800000, 0x0000000715800000, 0x0000000715a00000|  0%| F|  |TAMS 0x0000000715800000, 0x0000000715800000| Untracked 
| 161|0x0000000715a00000, 0x0000000715a00000, 0x0000000715c00000|  0%| F|  |TAMS 0x0000000715a00000, 0x0000000715a00000| Untracked 
| 162|0x0000000715c00000, 0x0000000715c00000, 0x0000000715e00000|  0%| F|  |TAMS 0x0000000715c00000, 0x0000000715c00000| Untracked 
| 163|0x0000000715e00000, 0x0000000715e00000, 0x0000000716000000|  0%| F|  |TAMS 0x0000000715e00000, 0x0000000715e00000| Untracked 
| 164|0x0000000716000000, 0x0000000716000000, 0x0000000716200000|  0%| F|  |TAMS 0x0000000716000000, 0x0000000716000000| Untracked 
| 165|0x0000000716200000, 0x0000000716200000, 0x0000000716400000|  0%| F|  |TAMS 0x0000000716200000, 0x0000000716200000| Untracked 
| 166|0x0000000716400000, 0x0000000716400000, 0x0000000716600000|  0%| F|  |TAMS 0x0000000716400000, 0x0000000716400000| Untracked 
| 167|0x0000000716600000, 0x0000000716600000, 0x0000000716800000|  0%| F|  |TAMS 0x0000000716600000, 0x0000000716600000| Untracked 
| 168|0x0000000716800000, 0x0000000716800000, 0x0000000716a00000|  0%| F|  |TAMS 0x0000000716800000, 0x0000000716800000| Untracked 
| 169|0x0000000716a00000, 0x0000000716a00000, 0x0000000716c00000|  0%| F|  |TAMS 0x0000000716a00000, 0x0000000716a00000| Untracked 
| 170|0x0000000716c00000, 0x0000000716c00000, 0x0000000716e00000|  0%| F|  |TAMS 0x0000000716c00000, 0x0000000716c00000| Untracked 
| 171|0x0000000716e00000, 0x0000000716e00000, 0x0000000717000000|  0%| F|  |TAMS 0x0000000716e00000, 0x0000000716e00000| Untracked 
| 172|0x0000000717000000, 0x0000000717000000, 0x0000000717200000|  0%| F|  |TAMS 0x0000000717000000, 0x0000000717000000| Untracked 
| 173|0x0000000717200000, 0x0000000717200000, 0x0000000717400000|  0%| F|  |TAMS 0x0000000717200000, 0x0000000717200000| Untracked 
| 174|0x0000000717400000, 0x0000000717400000, 0x0000000717600000|  0%| F|  |TAMS 0x0000000717400000, 0x0000000717400000| Untracked 
| 175|0x0000000717600000, 0x0000000717800000, 0x0000000717800000|100%| S|CS|TAMS 0x0000000717600000, 0x0000000717600000| Complete 
| 176|0x0000000717800000, 0x0000000717a00000, 0x0000000717a00000|100%| S|CS|TAMS 0x0000000717800000, 0x0000000717800000| Complete 
| 177|0x0000000717a00000, 0x0000000717c00000, 0x0000000717c00000|100%| S|CS|TAMS 0x0000000717a00000, 0x0000000717a00000| Complete 
| 178|0x0000000717c00000, 0x0000000717e00000, 0x0000000717e00000|100%| S|CS|TAMS 0x0000000717c00000, 0x0000000717c00000| Complete 
| 179|0x0000000717e00000, 0x0000000718000000, 0x0000000718000000|100%| S|CS|TAMS 0x0000000717e00000, 0x0000000717e00000| Complete 
| 180|0x0000000718000000, 0x0000000718200000, 0x0000000718200000|100%| S|CS|TAMS 0x0000000718000000, 0x0000000718000000| Complete 
| 181|0x0000000718200000, 0x0000000718400000, 0x0000000718400000|100%| S|CS|TAMS 0x0000000718200000, 0x0000000718200000| Complete 
| 182|0x0000000718400000, 0x0000000718600000, 0x0000000718600000|100%| S|CS|TAMS 0x0000000718400000, 0x0000000718400000| Complete 
| 183|0x0000000718600000, 0x0000000718600000, 0x0000000718800000|  0%| F|  |TAMS 0x0000000718600000, 0x0000000718600000| Untracked 
| 184|0x0000000718800000, 0x0000000718800000, 0x0000000718a00000|  0%| F|  |TAMS 0x0000000718800000, 0x0000000718800000| Untracked 
| 185|0x0000000718a00000, 0x0000000718a00000, 0x0000000718c00000|  0%| F|  |TAMS 0x0000000718a00000, 0x0000000718a00000| Untracked 
| 186|0x0000000718c00000, 0x0000000718c00000, 0x0000000718e00000|  0%| F|  |TAMS 0x0000000718c00000, 0x0000000718c00000| Untracked 
| 187|0x0000000718e00000, 0x0000000718e00000, 0x0000000719000000|  0%| F|  |TAMS 0x0000000718e00000, 0x0000000718e00000| Untracked 
| 188|0x0000000719000000, 0x0000000719000000, 0x0000000719200000|  0%| F|  |TAMS 0x0000000719000000, 0x0000000719000000| Untracked 
| 189|0x0000000719200000, 0x0000000719200000, 0x0000000719400000|  0%| F|  |TAMS 0x0000000719200000, 0x0000000719200000| Untracked 
| 190|0x0000000719400000, 0x0000000719400000, 0x0000000719600000|  0%| F|  |TAMS 0x0000000719400000, 0x0000000719400000| Untracked 
| 191|0x0000000719600000, 0x0000000719600000, 0x0000000719800000|  0%| F|  |TAMS 0x0000000719600000, 0x0000000719600000| Untracked 
| 192|0x0000000719800000, 0x0000000719800000, 0x0000000719a00000|  0%| F|  |TAMS 0x0000000719800000, 0x0000000719800000| Untracked 
| 193|0x0000000719a00000, 0x0000000719a00000, 0x0000000719c00000|  0%| F|  |TAMS 0x0000000719a00000, 0x0000000719a00000| Untracked 
| 194|0x0000000719c00000, 0x0000000719c00000, 0x0000000719e00000|  0%| F|  |TAMS 0x0000000719c00000, 0x0000000719c00000| Untracked 
| 195|0x0000000719e00000, 0x0000000719e00000, 0x000000071a000000|  0%| F|  |TAMS 0x0000000719e00000, 0x0000000719e00000| Untracked 
| 196|0x000000071a000000, 0x000000071a000000, 0x000000071a200000|  0%| F|  |TAMS 0x000000071a000000, 0x000000071a000000| Untracked 
| 197|0x000000071a200000, 0x000000071a200000, 0x000000071a400000|  0%| F|  |TAMS 0x000000071a200000, 0x000000071a200000| Untracked 
| 198|0x000000071a400000, 0x000000071a400000, 0x000000071a600000|  0%| F|  |TAMS 0x000000071a400000, 0x000000071a400000| Untracked 
| 199|0x000000071a600000, 0x000000071a600000, 0x000000071a800000|  0%| F|  |TAMS 0x000000071a600000, 0x000000071a600000| Untracked 
| 200|0x000000071a800000, 0x000000071a800000, 0x000000071aa00000|  0%| F|  |TAMS 0x000000071a800000, 0x000000071a800000| Untracked 
| 201|0x000000071aa00000, 0x000000071aa00000, 0x000000071ac00000|  0%| F|  |TAMS 0x000000071aa00000, 0x000000071aa00000| Untracked 
| 202|0x000000071ac00000, 0x000000071ac00000, 0x000000071ae00000|  0%| F|  |TAMS 0x000000071ac00000, 0x000000071ac00000| Untracked 
| 203|0x000000071ae00000, 0x000000071ae00000, 0x000000071b000000|  0%| F|  |TAMS 0x000000071ae00000, 0x000000071ae00000| Untracked 
| 204|0x000000071b000000, 0x000000071b000000, 0x000000071b200000|  0%| F|  |TAMS 0x000000071b000000, 0x000000071b000000| Untracked 
| 205|0x000000071b200000, 0x000000071b200000, 0x000000071b400000|  0%| F|  |TAMS 0x000000071b200000, 0x000000071b200000| Untracked 
| 206|0x000000071b400000, 0x000000071b400000, 0x000000071b600000|  0%| F|  |TAMS 0x000000071b400000, 0x000000071b400000| Untracked 
| 207|0x000000071b600000, 0x000000071b600000, 0x000000071b800000|  0%| F|  |TAMS 0x000000071b600000, 0x000000071b600000| Untracked 
| 208|0x000000071b800000, 0x000000071b800000, 0x000000071ba00000|  0%| F|  |TAMS 0x000000071b800000, 0x000000071b800000| Untracked 
| 209|0x000000071ba00000, 0x000000071ba00000, 0x000000071bc00000|  0%| F|  |TAMS 0x000000071ba00000, 0x000000071ba00000| Untracked 
| 210|0x000000071bc00000, 0x000000071bc00000, 0x000000071be00000|  0%| F|  |TAMS 0x000000071bc00000, 0x000000071bc00000| Untracked 
| 211|0x000000071be00000, 0x000000071be00000, 0x000000071c000000|  0%| F|  |TAMS 0x000000071be00000, 0x000000071be00000| Untracked 
| 212|0x000000071c000000, 0x000000071c000000, 0x000000071c200000|  0%| F|  |TAMS 0x000000071c000000, 0x000000071c000000| Untracked 
| 213|0x000000071c200000, 0x000000071c200000, 0x000000071c400000|  0%| F|  |TAMS 0x000000071c200000, 0x000000071c200000| Untracked 
| 214|0x000000071c400000, 0x000000071c400000, 0x000000071c600000|  0%| F|  |TAMS 0x000000071c400000, 0x000000071c400000| Untracked 
| 215|0x000000071c600000, 0x000000071c600000, 0x000000071c800000|  0%| F|  |TAMS 0x000000071c600000, 0x000000071c600000| Untracked 
| 216|0x000000071c800000, 0x000000071c800000, 0x000000071ca00000|  0%| F|  |TAMS 0x000000071c800000, 0x000000071c800000| Untracked 
| 217|0x000000071ca00000, 0x000000071ca00000, 0x000000071cc00000|  0%| F|  |TAMS 0x000000071ca00000, 0x000000071ca00000| Untracked 
| 218|0x000000071cc00000, 0x000000071cc00000, 0x000000071ce00000|  0%| F|  |TAMS 0x000000071cc00000, 0x000000071cc00000| Untracked 
| 219|0x000000071ce00000, 0x000000071ce00000, 0x000000071d000000|  0%| F|  |TAMS 0x000000071ce00000, 0x000000071ce00000| Untracked 
| 220|0x000000071d000000, 0x000000071d000000, 0x000000071d200000|  0%| F|  |TAMS 0x000000071d000000, 0x000000071d000000| Untracked 
| 221|0x000000071d200000, 0x000000071d200000, 0x000000071d400000|  0%| F|  |TAMS 0x000000071d200000, 0x000000071d200000| Untracked 
| 222|0x000000071d400000, 0x000000071d400000, 0x000000071d600000|  0%| F|  |TAMS 0x000000071d400000, 0x000000071d400000| Untracked 
| 223|0x000000071d600000, 0x000000071d600000, 0x000000071d800000|  0%| F|  |TAMS 0x000000071d600000, 0x000000071d600000| Untracked 
| 224|0x000000071d800000, 0x000000071d800000, 0x000000071da00000|  0%| F|  |TAMS 0x000000071d800000, 0x000000071d800000| Untracked 
| 225|0x000000071da00000, 0x000000071da00000, 0x000000071dc00000|  0%| F|  |TAMS 0x000000071da00000, 0x000000071da00000| Untracked 
| 226|0x000000071dc00000, 0x000000071dc00000, 0x000000071de00000|  0%| F|  |TAMS 0x000000071dc00000, 0x000000071dc00000| Untracked 
| 227|0x000000071de00000, 0x000000071de00000, 0x000000071e000000|  0%| F|  |TAMS 0x000000071de00000, 0x000000071de00000| Untracked 
| 228|0x000000071e000000, 0x000000071e000000, 0x000000071e200000|  0%| F|  |TAMS 0x000000071e000000, 0x000000071e000000| Untracked 
| 229|0x000000071e200000, 0x000000071e200000, 0x000000071e400000|  0%| F|  |TAMS 0x000000071e200000, 0x000000071e200000| Untracked 
| 230|0x000000071e400000, 0x000000071e400000, 0x000000071e600000|  0%| F|  |TAMS 0x000000071e400000, 0x000000071e400000| Untracked 
| 231|0x000000071e600000, 0x000000071e600000, 0x000000071e800000|  0%| F|  |TAMS 0x000000071e600000, 0x000000071e600000| Untracked 
| 232|0x000000071e800000, 0x000000071e800000, 0x000000071ea00000|  0%| F|  |TAMS 0x000000071e800000, 0x000000071e800000| Untracked 
| 233|0x000000071ea00000, 0x000000071ea00000, 0x000000071ec00000|  0%| F|  |TAMS 0x000000071ea00000, 0x000000071ea00000| Untracked 
| 234|0x000000071ec00000, 0x000000071ec00000, 0x000000071ee00000|  0%| F|  |TAMS 0x000000071ec00000, 0x000000071ec00000| Untracked 
| 235|0x000000071ee00000, 0x000000071ee00000, 0x000000071f000000|  0%| F|  |TAMS 0x000000071ee00000, 0x000000071ee00000| Untracked 
| 236|0x000000071f000000, 0x000000071f000000, 0x000000071f200000|  0%| F|  |TAMS 0x000000071f000000, 0x000000071f000000| Untracked 
| 237|0x000000071f200000, 0x000000071f200000, 0x000000071f400000|  0%| F|  |TAMS 0x000000071f200000, 0x000000071f200000| Untracked 
| 238|0x000000071f400000, 0x000000071f400000, 0x000000071f600000|  0%| F|  |TAMS 0x000000071f400000, 0x000000071f400000| Untracked 

Card table byte_map: [0x000002017d600000,0x000002017de00000] _byte_map_base: 0x0000020179df4000

Marking Bits (Prev, Next): (CMBitMap*) 0x000002016427cf50, (CMBitMap*) 0x000002016427cf90
 Prev Bits: [0x0000020100000000, 0x0000020103fa0000)
 Next Bits: [0x0000020103fa0000, 0x0000020107f40000)

Polling page: 0x0000020164290000

Metaspace:

Usage:
  Non-class:     60.75 MB used.
      Class:      6.93 MB used.
       Both:     67.68 MB used.

Virtual space:
  Non-class space:       64.00 MB reserved,      61.62 MB ( 96%) committed,  1 nodes.
      Class space:        1.00 GB reserved,       7.50 MB ( <1%) committed,  1 nodes.
             Both:        1.06 GB reserved,      69.12 MB (  6%) committed. 

Chunk freelists:
   Non-Class:  1.98 MB
       Class:  512.00 KB
        Both:  2.48 MB

MaxMetaspaceSize: unlimited
CompressedClassSpaceSize: 1.00 GB
Initial GC threshold: 21.00 MB
Current GC threshold: 95.00 MB
CDS: on
MetaspaceReclaimPolicy: balanced
 - commit_granule_bytes: 65536.
 - commit_granule_words: 8192.
 - virtual_space_node_default_size: 8388608.
 - enlarge_chunks_in_place: 1.
 - new_chunks_are_fully_committed: 0.
 - uncommit_free_chunks: 1.
 - use_allocation_guard: 0.


Internal statistics:

num_allocs_failed_limit: 6.
num_arena_births: 1226.
num_arena_deaths: 42.
num_vsnodes_births: 2.
num_vsnodes_deaths: 0.
num_space_committed: 1106.
num_space_uncommitted: 0.
num_chunks_returned_to_freelist: 56.
num_chunks_taken_from_freelist: 4613.
num_chunk_merges: 25.
num_chunk_splits: 2746.
num_chunks_enlarged: 1514.
num_inconsistent_stats: 0.

CodeHeap 'non-profiled nmethods': size=120000Kb used=6398Kb max_used=6398Kb free=113601Kb
 bounds [0x0000020174f60000, 0x00000201755a0000, 0x000002017c490000]
CodeHeap 'profiled nmethods': size=120000Kb used=21623Kb max_used=21623Kb free=98376Kb
 bounds [0x000002016da30000, 0x000002016ef50000, 0x0000020174f60000]
CodeHeap 'non-nmethods': size=5760Kb used=1402Kb max_used=1465Kb free=4357Kb
 bounds [0x000002016d490000, 0x000002016d700000, 0x000002016da30000]
 total_blobs=10826 nmethods=10084 adapters=652
 compilation: enabled
              stopped_count=0, restarted_count=0
 full_count=0

Compilation events (20 events):
Event: 37.838 Thread 0x000002017e7fde60 12153       3       org.eclipse.jdt.internal.compiler.lookup.ReferenceBinding::isClass (15 bytes)
Event: 37.838 Thread 0x000002017e7fde60 nmethod 12153 0x000002016ef4a210 code [0x000002016ef4a3a0, 0x000002016ef4a518]
Event: 37.838 Thread 0x000002017e7fde60 12155       3       org.eclipse.jdt.internal.compiler.lookup.ReferenceBinding::signature (29 bytes)
Event: 37.838 Thread 0x000002017e7fde60 nmethod 12155 0x000002016ef4a590 code [0x000002016ef4a740, 0x000002016ef4aa18]
Event: 37.843 Thread 0x000002017e7fde60 12160       3       java.lang.Integer::toString (8 bytes)
Event: 37.844 Thread 0x000002017e7fde60 nmethod 12160 0x000002016ef4ab10 code [0x000002016ef4aca0, 0x000002016ef4ade8]
Event: 37.844 Thread 0x000002017e7fde60 12159       3       org.eclipse.lsp4j.jsonrpc.messages.Either::<init> (15 bytes)
Event: 37.844 Thread 0x000002017e7fde60 nmethod 12159 0x000002016ef4ae90 code [0x000002016ef4b040, 0x000002016ef4b278]
Event: 37.844 Thread 0x000002017e7fde60 12156       3       java.util.Date::getTime (5 bytes)
Event: 37.845 Thread 0x000002017e7fde60 nmethod 12156 0x000002016ef4b310 code [0x000002016ef4b4c0, 0x000002016ef4b788]
Event: 37.845 Thread 0x000002017e7fde60 12157       3       java.util.Date::getTimeImpl (27 bytes)
Event: 37.845 Thread 0x000002017e7fde60 nmethod 12157 0x000002016ef4b890 code [0x000002016ef4ba40, 0x000002016ef4bca8]
Event: 37.845 Thread 0x000002017e7fde60 12158       1       org.eclipse.osgi.internal.log.ExtendedLogServiceImpl::getFactory (5 bytes)
Event: 37.845 Thread 0x000002017e7fde60 nmethod 12158 0x000002017559f590 code [0x000002017559f720, 0x000002017559f7f8]
Event: 37.848 Thread 0x000002017e7fde60 12161       3       org.eclipse.jdt.internal.core.JavaElementDeltaBuilder$ListItem::<init> (15 bytes)
Event: 37.848 Thread 0x000002017e7fde60 nmethod 12161 0x000002016ef4bd90 code [0x000002016ef4bf40, 0x000002016ef4c178]
Event: 37.851 Thread 0x000002017e7fde60 12162       3       org.eclipse.jdt.internal.core.JavaElementInfo::getChildren (4 bytes)
Event: 37.852 Thread 0x000002017e7fde60 nmethod 12162 0x000002016ef4c210 code [0x000002016ef4c3a0, 0x000002016ef4c4b8]
Event: 37.852 Thread 0x000002017e7fde60 12163       3       org.eclipse.jdt.internal.core.JavaElementDeltaBuilder::recordElementInfo (207 bytes)
Event: 37.853 Thread 0x000002017e7fde60 nmethod 12163 0x000002016ef4c590 code [0x000002016ef4c820, 0x000002016ef4d868]

GC Heap History (20 events):
Event: 27.639 GC heap after
{Heap after GC invocations=37 (full 0):
 garbage-first heap   total 188416K, used 100549K [0x0000000701800000, 0x0000000800000000)
  region size 2048K, 3 young (6144K), 3 survivors (6144K)
 Metaspace       used 57019K, committed 58368K, reserved 1114112K
  class space    used 5894K, committed 6464K, reserved 1048576K
}
Event: 27.832 GC heap before
{Heap before GC invocations=38 (full 0):
 garbage-first heap   total 223232K, used 143557K [0x0000000701800000, 0x0000000800000000)
  region size 2048K, 24 young (49152K), 3 survivors (6144K)
 Metaspace       used 57044K, committed 58368K, reserved 1114112K
  class space    used 5895K, committed 6464K, reserved 1048576K
}
Event: 27.845 GC heap after
{Heap after GC invocations=39 (full 0):
 garbage-first heap   total 223232K, used 106831K [0x0000000701800000, 0x0000000800000000)
  region size 2048K, 3 young (6144K), 3 survivors (6144K)
 Metaspace       used 57044K, committed 58368K, reserved 1114112K
  class space    used 5895K, committed 6464K, reserved 1048576K
}
Event: 27.867 GC heap before
{Heap before GC invocations=39 (full 0):
 garbage-first heap   total 223232K, used 110927K [0x0000000701800000, 0x0000000800000000)
  region size 2048K, 5 young (10240K), 3 survivors (6144K)
 Metaspace       used 57057K, committed 58368K, reserved 1114112K
  class space    used 5895K, committed 6464K, reserved 1048576K
}
Event: 27.877 GC heap after
{Heap after GC invocations=40 (full 0):
 garbage-first heap   total 223232K, used 106891K [0x0000000701800000, 0x0000000800000000)
  region size 2048K, 1 young (2048K), 1 survivors (2048K)
 Metaspace       used 57057K, committed 58368K, reserved 1114112K
  class space    used 5895K, committed 6464K, reserved 1048576K
}
Event: 28.062 GC heap before
{Heap before GC invocations=40 (full 0):
 garbage-first heap   total 223232K, used 170379K [0x0000000701800000, 0x0000000800000000)
  region size 2048K, 32 young (65536K), 1 survivors (2048K)
 Metaspace       used 57108K, committed 58432K, reserved 1114112K
  class space    used 5896K, committed 6464K, reserved 1048576K
}
Event: 28.069 GC heap after
{Heap after GC invocations=41 (full 0):
 garbage-first heap   total 489472K, used 112920K [0x0000000701800000, 0x0000000800000000)
  region size 2048K, 4 young (8192K), 4 survivors (8192K)
 Metaspace       used 57108K, committed 58432K, reserved 1114112K
  class space    used 5896K, committed 6464K, reserved 1048576K
}
Event: 30.986 GC heap before
{Heap before GC invocations=42 (full 0):
 garbage-first heap   total 485376K, used 350488K [0x0000000701800000, 0x0000000800000000)
  region size 2048K, 119 young (243712K), 4 survivors (8192K)
 Metaspace       used 58772K, committed 60096K, reserved 1114112K
  class space    used 6083K, committed 6656K, reserved 1048576K
}
Event: 31.010 GC heap after
{Heap after GC invocations=43 (full 0):
 garbage-first heap   total 485376K, used 135239K [0x0000000701800000, 0x0000000800000000)
  region size 2048K, 14 young (28672K), 14 survivors (28672K)
 Metaspace       used 58772K, committed 60096K, reserved 1114112K
  class space    used 6083K, committed 6656K, reserved 1048576K
}
Event: 31.042 GC heap before
{Heap before GC invocations=43 (full 0):
 garbage-first heap   total 485376K, used 137287K [0x0000000701800000, 0x0000000800000000)
  region size 2048K, 15 young (30720K), 14 survivors (28672K)
 Metaspace       used 58903K, committed 60224K, reserved 1114112K
  class space    used 6092K, committed 6656K, reserved 1048576K
}
Event: 31.054 GC heap after
{Heap after GC invocations=44 (full 0):
 garbage-first heap   total 485376K, used 136520K [0x0000000701800000, 0x0000000800000000)
  region size 2048K, 2 young (4096K), 2 survivors (4096K)
 Metaspace       used 58903K, committed 60224K, reserved 1114112K
  class space    used 6092K, committed 6656K, reserved 1048576K
}
Event: 34.114 GC heap before
{Heap before GC invocations=44 (full 0):
 garbage-first heap   total 485376K, used 417096K [0x0000000701800000, 0x0000000800000000)
  region size 2048K, 109 young (223232K), 2 survivors (4096K)
 Metaspace       used 63891K, committed 65216K, reserved 1114112K
  class space    used 6613K, committed 7168K, reserved 1048576K
}
Event: 34.138 GC heap after
{Heap after GC invocations=45 (full 0):
 garbage-first heap   total 485376K, used 185063K [0x0000000701800000, 0x0000000800000000)
  region size 2048K, 14 young (28672K), 14 survivors (28672K)
 Metaspace       used 63891K, committed 65216K, reserved 1114112K
  class space    used 6613K, committed 7168K, reserved 1048576K
}
Event: 35.288 GC heap before
{Heap before GC invocations=45 (full 0):
 garbage-first heap   total 485376K, used 361191K [0x0000000701800000, 0x0000000800000000)
  region size 2048K, 100 young (204800K), 14 survivors (28672K)
 Metaspace       used 66514K, committed 67904K, reserved 1114112K
  class space    used 6862K, committed 7424K, reserved 1048576K
}
Event: 35.343 GC heap after
{Heap after GC invocations=46 (full 0):
 garbage-first heap   total 485376K, used 226705K [0x0000000701800000, 0x0000000800000000)
  region size 2048K, 13 young (26624K), 13 survivors (26624K)
 Metaspace       used 66514K, committed 67904K, reserved 1114112K
  class space    used 6862K, committed 7424K, reserved 1048576K
}
Event: 36.157 GC heap before
{Heap before GC invocations=46 (full 0):
 garbage-first heap   total 485376K, used 361873K [0x0000000701800000, 0x0000000800000000)
  region size 2048K, 80 young (163840K), 13 survivors (26624K)
 Metaspace       used 67041K, committed 68480K, reserved 1114112K
  class space    used 6892K, committed 7424K, reserved 1048576K
}
Event: 36.187 GC heap after
{Heap after GC invocations=47 (full 0):
 garbage-first heap   total 485376K, used 249856K [0x0000000701800000, 0x0000000800000000)
  region size 2048K, 10 young (20480K), 10 survivors (20480K)
 Metaspace       used 67041K, committed 68480K, reserved 1114112K
  class space    used 6892K, committed 7424K, reserved 1048576K
}
Event: 37.245 GC heap before
{Heap before GC invocations=47 (full 0):
 garbage-first heap   total 485376K, used 380928K [0x0000000701800000, 0x0000000800000000)
  region size 2048K, 72 young (147456K), 10 survivors (20480K)
 Metaspace       used 68969K, committed 70464K, reserved 1114112K
  class space    used 7087K, committed 7680K, reserved 1048576K
}
Event: 37.271 GC heap after
{Heap after GC invocations=48 (full 0):
 garbage-first heap   total 485376K, used 275180K [0x0000000701800000, 0x0000000800000000)
  region size 2048K, 9 young (18432K), 9 survivors (18432K)
 Metaspace       used 68969K, committed 70464K, reserved 1114112K
  class space    used 7087K, committed 7680K, reserved 1048576K
}
Event: 37.858 GC heap before
{Heap before GC invocations=48 (full 0):
 garbage-first heap   total 485376K, used 383724K [0x0000000701800000, 0x0000000800000000)
  region size 2048K, 63 young (129024K), 9 survivors (18432K)
 Metaspace       used 69307K, committed 70784K, reserved 1114112K
  class space    used 7097K, committed 7680K, reserved 1048576K
}

Deoptimization events (20 events):
Event: 37.451 Thread 0x00000201104e4d80 Uncommon trap: trap_request=0xffffff45 fr.pc=0x00000201754f95ac relative=0x00000000000024cc
Event: 37.451 Thread 0x00000201104e4d80 Uncommon trap: reason=unstable_if action=reinterpret pc=0x00000201754f95ac method=org.codehaus.plexus.util.xml.pull.MXParser.parseStartTag()I @ 99 c2
Event: 37.451 Thread 0x00000201104e4d80 DEOPT PACKING pc=0x00000201754f95ac sp=0x000000a4247fe3d0
Event: 37.451 Thread 0x00000201104e4d80 DEOPT UNPACKING pc=0x000002016d4e23a3 sp=0x000000a4247fe368 mode 2
Event: 37.564 Thread 0x0000020111b7b9c0 Uncommon trap: trap_request=0xffffffbe fr.pc=0x0000020175570460 relative=0x0000000000001080
Event: 37.564 Thread 0x00000201104e0a20 Uncommon trap: trap_request=0xffffffbe fr.pc=0x0000020175570460 relative=0x0000000000001080
Event: 37.564 Thread 0x0000020111b7b9c0 Uncommon trap: reason=profile_predicate action=maybe_recompile pc=0x0000020175570460 method=java.util.concurrent.ConcurrentHashMap.putAll(Ljava/util/Map;)V @ 28 c2
Event: 37.564 Thread 0x00000201104e0a20 Uncommon trap: reason=profile_predicate action=maybe_recompile pc=0x0000020175570460 method=java.util.concurrent.ConcurrentHashMap.putAll(Ljava/util/Map;)V @ 28 c2
Event: 37.564 Thread 0x0000020111b7b9c0 DEOPT PACKING pc=0x0000020175570460 sp=0x000000a422afe240
Event: 37.564 Thread 0x0000020111b7b9c0 DEOPT UNPACKING pc=0x000002016d4e23a3 sp=0x000000a422afe210 mode 2
Event: 37.564 Thread 0x00000201104e0a20 DEOPT PACKING pc=0x0000020175570460 sp=0x000000a4246fdf80
Event: 37.564 Thread 0x00000201104e0a20 DEOPT UNPACKING pc=0x000002016d4e23a3 sp=0x000000a4246fdf50 mode 2
Event: 37.564 Thread 0x00000201104e0a20 Uncommon trap: trap_request=0xffffffbe fr.pc=0x0000020175570460 relative=0x0000000000001080
Event: 37.564 Thread 0x0000020111b7b9c0 Uncommon trap: trap_request=0xffffffbe fr.pc=0x0000020175570460 relative=0x0000000000001080
Event: 37.564 Thread 0x00000201104e0a20 Uncommon trap: reason=profile_predicate action=maybe_recompile pc=0x0000020175570460 method=java.util.concurrent.ConcurrentHashMap.putAll(Ljava/util/Map;)V @ 28 c2
Event: 37.564 Thread 0x0000020111b7b9c0 Uncommon trap: reason=profile_predicate action=maybe_recompile pc=0x0000020175570460 method=java.util.concurrent.ConcurrentHashMap.putAll(Ljava/util/Map;)V @ 28 c2
Event: 37.564 Thread 0x00000201104e0a20 DEOPT PACKING pc=0x0000020175570460 sp=0x000000a4246fe1d0
Event: 37.564 Thread 0x0000020111b7b9c0 DEOPT PACKING pc=0x0000020175570460 sp=0x000000a422afe490
Event: 37.564 Thread 0x0000020111b7b9c0 DEOPT UNPACKING pc=0x000002016d4e23a3 sp=0x000000a422afe460 mode 2
Event: 37.564 Thread 0x00000201104e0a20 DEOPT UNPACKING pc=0x000002016d4e23a3 sp=0x000000a4246fe1a0 mode 2

Classes loaded (20 events):
Event: 34.827 Loading class sun/util/resources/TimeZoneNamesBundle done
Event: 34.827 Loading class sun/util/resources/cldr/TimeZoneNames done
Event: 34.827 Loading class sun/util/resources/cldr/TimeZoneNames_en
Event: 34.829 Loading class sun/util/resources/cldr/TimeZoneNames_en done
Event: 34.829 Loading class sun/util/resources/cldr/TimeZoneNames_en_US
Event: 34.829 Loading class sun/util/resources/cldr/TimeZoneNames_en_US done
Event: 34.831 Loading class sun/util/cldr/CLDRBaseLocaleDataMetaInfo$TZCanonicalIDMapHolder
Event: 34.833 Loading class sun/util/cldr/CLDRBaseLocaleDataMetaInfo$TZCanonicalIDMapHolder done
Event: 34.835 Loading class sun/util/resources/TimeZoneNames
Event: 34.836 Loading class sun/util/resources/TimeZoneNames done
Event: 34.836 Loading class sun/util/resources/TimeZoneNames_en
Event: 34.837 Loading class sun/util/resources/TimeZoneNames_en done
Event: 36.212 Loading class java/util/stream/ReduceOps$2
Event: 36.212 Loading class java/util/stream/ReduceOps$2 done
Event: 36.212 Loading class java/util/stream/ReduceOps$2ReducingSink
Event: 36.212 Loading class java/util/stream/ReduceOps$2ReducingSink done
Event: 36.957 Loading class sun/nio/cs/ISO_8859_1$Decoder
Event: 36.957 Loading class sun/nio/cs/ISO_8859_1$Decoder done
Event: 37.368 Loading class java/util/stream/ForEachOps$ForEachTask
Event: 37.368 Loading class java/util/stream/ForEachOps$ForEachTask done

Classes unloaded (20 events):
Event: 14.910 Thread 0x000002017e79dc00 Unloading class 0x0000000800db3c00 'java/lang/invoke/LambdaForm$MH+0x0000000800db3c00'
Event: 14.910 Thread 0x000002017e79dc00 Unloading class 0x0000000800db3800 'java/lang/invoke/LambdaForm$MH+0x0000000800db3800'
Event: 14.910 Thread 0x000002017e79dc00 Unloading class 0x0000000800db3400 'java/lang/invoke/LambdaForm$MH+0x0000000800db3400'
Event: 14.910 Thread 0x000002017e79dc00 Unloading class 0x0000000800db3000 'java/lang/invoke/LambdaForm$BMH+0x0000000800db3000'
Event: 14.910 Thread 0x000002017e79dc00 Unloading class 0x0000000800db2c00 'java/lang/invoke/LambdaForm$DMH+0x0000000800db2c00'
Event: 14.910 Thread 0x000002017e79dc00 Unloading class 0x0000000800db1800 'java/lang/invoke/LambdaForm$DMH+0x0000000800db1800'
Event: 26.955 Thread 0x000002017e79dc00 Unloading class 0x0000000801203c00 'java/lang/invoke/LambdaForm$MH+0x0000000801203c00'
Event: 26.955 Thread 0x000002017e79dc00 Unloading class 0x0000000801203800 'java/lang/invoke/LambdaForm$MH+0x0000000801203800'
Event: 26.955 Thread 0x000002017e79dc00 Unloading class 0x0000000801203400 'java/lang/invoke/LambdaForm$MH+0x0000000801203400'
Event: 26.955 Thread 0x000002017e79dc00 Unloading class 0x0000000801203000 'java/lang/invoke/LambdaForm$MH+0x0000000801203000'
Event: 26.955 Thread 0x000002017e79dc00 Unloading class 0x0000000801202c00 'java/lang/invoke/LambdaForm$MH+0x0000000801202c00'
Event: 26.955 Thread 0x000002017e79dc00 Unloading class 0x0000000801202400 'java/lang/invoke/LambdaForm$MH+0x0000000801202400'
Event: 26.955 Thread 0x000002017e79dc00 Unloading class 0x0000000801202000 'java/lang/invoke/LambdaForm$MH+0x0000000801202000'
Event: 26.955 Thread 0x000002017e79dc00 Unloading class 0x0000000801201c00 'java/lang/invoke/LambdaForm$MH+0x0000000801201c00'
Event: 26.955 Thread 0x000002017e79dc00 Unloading class 0x0000000801201800 'java/lang/invoke/LambdaForm$MH+0x0000000801201800'
Event: 26.955 Thread 0x000002017e79dc00 Unloading class 0x0000000801201400 'java/lang/invoke/LambdaForm$MH+0x0000000801201400'
Event: 26.955 Thread 0x000002017e79dc00 Unloading class 0x0000000801201000 'java/lang/invoke/LambdaForm$MH+0x0000000801201000'
Event: 26.955 Thread 0x000002017e79dc00 Unloading class 0x0000000801200800 'java/lang/invoke/LambdaForm$MH+0x0000000801200800'
Event: 26.955 Thread 0x000002017e79dc00 Unloading class 0x0000000801200000 'java/lang/invoke/LambdaForm$MH+0x0000000801200000'
Event: 26.955 Thread 0x000002017e79dc00 Unloading class 0x0000000801200c00 'java/lang/invoke/LambdaForm$MH+0x0000000801200c00'

Classes redefined (0 events):
No events

Internal exceptions (20 events):
Event: 33.923 Thread 0x000002010f5655a0 Exception <a 'sun/nio/fs/WindowsException'{0x0000000712a97ef0}> (0x0000000712a97ef0) 
thrown [s\open\src\hotspot\share\prims\jni.cpp, line 516]
Event: 33.923 Thread 0x000002010f5655a0 Exception <a 'sun/nio/fs/WindowsException'{0x0000000712a98548}> (0x0000000712a98548) 
thrown [s\open\src\hotspot\share\prims\jni.cpp, line 516]
Event: 33.924 Thread 0x000002010f5655a0 Exception <a 'sun/nio/fs/WindowsException'{0x00000007122a4090}> (0x00000007122a4090) 
thrown [s\open\src\hotspot\share\prims\jni.cpp, line 516]
Event: 33.924 Thread 0x000002010f5655a0 Exception <a 'sun/nio/fs/WindowsException'{0x00000007122a46e8}> (0x00000007122a46e8) 
thrown [s\open\src\hotspot\share\prims\jni.cpp, line 516]
Event: 34.060 Thread 0x000002010f5655a0 Exception <a 'java/io/FileNotFoundException'{0x0000000711989698}> (0x0000000711989698) 
thrown [s\open\src\hotspot\share\prims\jni.cpp, line 516]
Event: 34.060 Thread 0x000002010f5655a0 Exception <a 'java/io/FileNotFoundException'{0x000000071198a410}> (0x000000071198a410) 
thrown [s\open\src\hotspot\share\prims\jni.cpp, line 516]
Event: 34.290 Thread 0x000002010f5655a0 Exception <a 'sun/nio/fs/WindowsException'{0x000000071e6b9e78}> (0x000000071e6b9e78) 
thrown [s\open\src\hotspot\share\prims\jni.cpp, line 516]
Event: 34.290 Thread 0x000002010f5655a0 Exception <a 'sun/nio/fs/WindowsException'{0x000000071e6ba4d0}> (0x000000071e6ba4d0) 
thrown [s\open\src\hotspot\share\prims\jni.cpp, line 516]
Event: 34.368 Thread 0x0000020111b77190 Implicit null exception at 0x00000201752f303b to 0x00000201752f31b8
Event: 34.582 Thread 0x00000201104de870 Exception <a 'java/lang/ClassNotFoundException'{0x0000000719dc69e8}: sun/net/www/protocol/jdt/Handler> (0x0000000719dc69e8) 
thrown [s\open\src\hotspot\share\classfile\systemDictionary.cpp, line 255]
Event: 34.769 Thread 0x0000020111b76320 Exception <a 'java/lang/IncompatibleClassChangeError'{0x00000007187166d8}: Found class java.lang.Object, but interface was expected> (0x00000007187166d8) 
thrown [s\open\src\hotspot\share\interpreter\linkResolver.cpp, line 826]
Event: 34.923 Thread 0x00000201104e0ef0 Exception <a 'java/lang/ClassNotFoundException'{0x0000000717e180a8}: sun/net/www/protocol/jdt/Handler> (0x0000000717e180a8) 
thrown [s\open\src\hotspot\share\classfile\systemDictionary.cpp, line 255]
Event: 34.984 Thread 0x0000020111b76320 Exception <a 'java/lang/IncompatibleClassChangeError'{0x0000000718732d58}: Found class java.lang.Object, but interface was expected> (0x0000000718732d58) 
thrown [s\open\src\hotspot\share\interpreter\linkResolver.cpp, line 826]
Event: 34.985 Thread 0x0000020111b76320 Exception <a 'java/lang/IncompatibleClassChangeError'{0x0000000718736a28}: Found class java.lang.Object, but interface was expected> (0x0000000718736a28) 
thrown [s\open\src\hotspot\share\interpreter\linkResolver.cpp, line 826]
Event: 34.995 Thread 0x0000020111b74fe0 Exception <a 'java/lang/ArrayIndexOutOfBoundsException'{0x00000007177ef450}: Index 395 out of bounds for length 395> (0x00000007177ef450) 
thrown [s\open\src\hotspot\share\interpreter\interpreterRuntime.cpp, line 431]
Event: 34.995 Thread 0x0000020111b74fe0 Exception <a 'java/lang/ArrayIndexOutOfBoundsException'{0x00000007177efa80}: Index 395 out of bounds for length 395> (0x00000007177efa80) 
thrown [s\open\src\hotspot\share\interpreter\interpreterRuntime.cpp, line 431]
Event: 34.995 Thread 0x0000020111b74fe0 Exception <a 'java/lang/ArrayIndexOutOfBoundsException'{0x00000007177efe08}: Index 396 out of bounds for length 395> (0x00000007177efe08) 
thrown [s\open\src\hotspot\share\interpreter\interpreterRuntime.cpp, line 431]
Event: 36.403 Thread 0x000002010f5655a0 Exception <a 'java/lang/NoSuchMethodError'{0x000000071dc70dd8}: 'void java.lang.invoke.DirectMethodHandle$Holder.invokeVirtual(java.lang.Object, java.lang.Object, int)'> (0x000000071dc70dd8) 
thrown [s\open\src\hotspot\share\interpreter\linkResolver.cpp, line 759]
Event: 36.433 Thread 0x000002010f5655a0 Exception <a 'java/lang/NoSuchMethodError'{0x000000071ddd70e0}: 'void java.lang.invoke.DirectMethodHandle$Holder.invokeInterface(java.lang.Object, java.lang.Object)'> (0x000000071ddd70e0) 
thrown [s\open\src\hotspot\share\interpreter\linkResolver.cpp, line 759]
Event: 36.656 Thread 0x00000201104e0a20 Exception <a 'java/lang/NoSuchMethodError'{0x000000071c9fde30}: 'java.lang.Object java.lang.invoke.Invokers$Holder.linkToTargetMethod(java.lang.Object, java.lang.Object, java.lang.Object, java.lang.Object, java.lang.Object, java.lang.Object, java.lang.Object)'> (0x000000071c9fde30) 
thrown [s\open\src\hotspot\share\interpreter\linkResolver.cpp, line 759]

VM Operations (20 events):
Event: 35.358 Executing VM operation: G1CollectForAllocation done
Event: 35.515 Executing VM operation: HandshakeAllThreads
Event: 35.551 Executing VM operation: HandshakeAllThreads done
Event: 35.797 Executing VM operation: ICBufferFull
Event: 36.025 Executing VM operation: ICBufferFull done
Event: 36.155 Executing VM operation: G1CollectForAllocation
Event: 36.220 Executing VM operation: G1CollectForAllocation done
Event: 36.388 Executing VM operation: HandshakeAllThreads
Event: 36.525 Executing VM operation: HandshakeAllThreads done
Event: 36.659 Executing VM operation: ICBufferFull
Event: 36.797 Executing VM operation: ICBufferFull done
Event: 37.245 Executing VM operation: G1CollectForAllocation
Event: 37.312 Executing VM operation: G1CollectForAllocation done
Event: 37.478 Executing VM operation: ICBufferFull
Event: 37.487 Executing VM operation: ICBufferFull done
Event: 37.487 Executing VM operation: ICBufferFull
Event: 37.498 Executing VM operation: ICBufferFull done
Event: 37.766 Executing VM operation: ICBufferFull
Event: 37.767 Executing VM operation: ICBufferFull done
Event: 37.855 Executing VM operation: G1CollectForAllocation

Events (20 events):
Event: 36.442 Thread 0x00000201104e4d80 Thread added: 0x00000201104e4d80
Event: 36.442 Thread 0x00000201104e0550 Thread added: 0x00000201104e0550
Event: 36.525 Thread 0x000002017e7fe760 flushing nmethod 0x0000020174f7f090
Event: 36.525 Thread 0x000002017e7fe760 flushing nmethod 0x0000020174f87f90
Event: 36.525 Thread 0x000002017e7fe760 flushing nmethod 0x0000020174fa1890
Event: 36.525 Thread 0x000002017e7fe760 flushing nmethod 0x0000020174fbb410
Event: 36.525 Thread 0x000002017e7fe760 flushing nmethod 0x0000020174fcdb10
Event: 36.525 Thread 0x000002017e7fe760 flushing nmethod 0x0000020174ff0b90
Event: 36.525 Thread 0x000002017e7fe760 flushing nmethod 0x0000020175001e10
Event: 36.525 Thread 0x000002017e7fe760 flushing nmethod 0x000002017500ac90
Event: 36.525 Thread 0x000002017e7fe760 flushing nmethod 0x000002017505d110
Event: 36.526 Thread 0x000002017e7fe760 flushing nmethod 0x00000201750c5190
Event: 36.526 Thread 0x000002017e7fe760 flushing nmethod 0x000002017518af90
Event: 36.527 Thread 0x000002017e7fe760 flushing nmethod 0x00000201752c7490
Event: 36.527 Thread 0x000002017e7fe760 flushing nmethod 0x000002017533ce10
Event: 36.527 Thread 0x000002017e7fe760 flushing nmethod 0x0000020175341010
Event: 36.527 Thread 0x000002017e7fe760 flushing nmethod 0x0000020175380290
Event: 36.544 Thread 0x000002017e7fe760 flushing nmethod 0x000002016e847e90
Event: 36.545 Thread 0x000002017e7fe760 flushing nmethod 0x000002016e963190
Event: 36.546 Thread 0x000002017e7fe760 flushing nmethod 0x000002016eabfc10


Dynamic libraries:
0x00007ff6b6580000 - 0x00007ff6b6590000 	C:\Program Files\Java\jdk-18.0.2.1\bin\java.exe
0x00007ffda36a0000 - 0x00007ffda38a9000 	C:\WINDOWS\SYSTEM32\ntdll.dll
0x00007ffda1990000 - 0x00007ffda1a4d000 	C:\WINDOWS\System32\KERNEL32.DLL
0x00007ffda0f00000 - 0x00007ffda1284000 	C:\WINDOWS\System32\KERNELBASE.dll
0x00007ffda0b30000 - 0x00007ffda0c41000 	C:\WINDOWS\System32\ucrtbase.dll
0x00007ffd82f00000 - 0x00007ffd82f18000 	C:\Program Files\Java\jdk-18.0.2.1\bin\jli.dll
0x00007ffd801e0000 - 0x00007ffd801fa000 	C:\Program Files\Java\jdk-18.0.2.1\bin\VCRUNTIME140.dll
0x00007ffda1b00000 - 0x00007ffda1bae000 	C:\WINDOWS\System32\ADVAPI32.dll
0x00007ffda1a50000 - 0x00007ffda1af3000 	C:\WINDOWS\System32\msvcrt.dll
0x00007ffda2b10000 - 0x00007ffda2bae000 	C:\WINDOWS\System32\sechost.dll
0x00007ffda2ec0000 - 0x00007ffda2fe1000 	C:\WINDOWS\System32\RPCRT4.dll
0x00007ffda1600000 - 0x00007ffda17ad000 	C:\WINDOWS\System32\USER32.dll
0x00007ffd91b80000 - 0x00007ffd91e25000 	C:\WINDOWS\WinSxS\amd64_microsoft.windows.common-controls_6595b64144ccf1df_6.0.22000.120_none_9d947278b86cc467\COMCTL32.dll
0x00007ffda0c50000 - 0x00007ffda0c76000 	C:\WINDOWS\System32\win32u.dll
0x00007ffda3190000 - 0x00007ffda31ba000 	C:\WINDOWS\System32\GDI32.dll
0x00007ffda1290000 - 0x00007ffda13ae000 	C:\WINDOWS\System32\gdi32full.dll
0x00007ffda04e0000 - 0x00007ffda04ea000 	C:\WINDOWS\SYSTEM32\VERSION.dll
0x00007ffda0e60000 - 0x00007ffda0efd000 	C:\WINDOWS\System32\msvcp_win.dll
0x00007ffda2bb0000 - 0x00007ffda2be1000 	C:\WINDOWS\System32\IMM32.DLL
0x00007ffda2ff0000 - 0x00007ffda318a000 	C:\WINDOWS\System32\ole32.dll
0x00007ffda32e0000 - 0x00007ffda3656000 	C:\WINDOWS\System32\combase.dll
0x00007ffda04d0000 - 0x00007ffda04db000 	C:\WINDOWS\system32\fltlib.dll
0x00007ffd90a00000 - 0x00007ffd90a0c000 	C:\Program Files\Java\jdk-18.0.2.1\bin\vcruntime140_1.dll
0x00007ffd6eee0000 - 0x00007ffd6ef6d000 	C:\Program Files\Java\jdk-18.0.2.1\bin\msvcp140.dll
0x00007ffd25cc0000 - 0x00007ffd268d1000 	C:\Program Files\Java\jdk-18.0.2.1\bin\server\jvm.dll
0x00007ffda1cf0000 - 0x00007ffda1cf8000 	C:\WINDOWS\System32\PSAPI.DLL
0x00007ffd84ca0000 - 0x00007ffd84ca9000 	C:\WINDOWS\SYSTEM32\WSOCK32.dll
0x00007ffd96ac0000 - 0x00007ffd96af3000 	C:\WINDOWS\SYSTEM32\WINMM.dll
0x00007ffda2c00000 - 0x00007ffda2c6f000 	C:\WINDOWS\System32\WS2_32.dll
0x00007ffd9f9e0000 - 0x00007ffd9f9f8000 	C:\WINDOWS\SYSTEM32\kernel.appcore.dll
0x00007ffd8c040000 - 0x00007ffd8c04a000 	C:\Program Files\Java\jdk-18.0.2.1\bin\jimage.dll
0x00007ffd9e580000 - 0x00007ffd9e7a1000 	C:\WINDOWS\SYSTEM32\DBGHELP.DLL
0x00007ffd84c50000 - 0x00007ffd84c81000 	C:\WINDOWS\SYSTEM32\dbgcore.DLL
0x00007ffda1470000 - 0x00007ffda14ef000 	C:\WINDOWS\System32\bcryptPrimitives.dll
0x00007ffd8c020000 - 0x00007ffd8c02e000 	C:\Program Files\Java\jdk-18.0.2.1\bin\instrument.dll
0x00007ffd91310000 - 0x00007ffd91335000 	C:\Program Files\Java\jdk-18.0.2.1\bin\java.dll
0x00007ffd72320000 - 0x00007ffd723f6000 	C:\Program Files\Java\jdk-18.0.2.1\bin\jsvml.dll
0x00007ffda1d00000 - 0x00007ffda24c5000 	C:\WINDOWS\System32\SHELL32.dll
0x00007ffd9eaa0000 - 0x00007ffd9f302000 	C:\WINDOWS\SYSTEM32\windows.storage.dll
0x00007ffd9e930000 - 0x00007ffd9ea97000 	C:\WINDOWS\SYSTEM32\wintypes.dll
0x00007ffda24d0000 - 0x00007ffda25ba000 	C:\WINDOWS\System32\SHCORE.dll
0x00007ffda2a40000 - 0x00007ffda2a9d000 	C:\WINDOWS\System32\shlwapi.dll
0x00007ffda0a60000 - 0x00007ffda0a85000 	C:\WINDOWS\SYSTEM32\profapi.dll
0x00007ffd9daa0000 - 0x00007ffd9dab8000 	C:\Program Files\Java\jdk-18.0.2.1\bin\zip.dll
0x00007ffd912f0000 - 0x00007ffd91303000 	C:\Program Files\Java\jdk-18.0.2.1\bin\net.dll
0x00007ffd9a490000 - 0x00007ffd9a5a4000 	C:\WINDOWS\SYSTEM32\WINHTTP.dll
0x00007ffd9fee0000 - 0x00007ffd9ff47000 	C:\WINDOWS\system32\mswsock.dll
0x00007ffd82f90000 - 0x00007ffd82fa6000 	C:\Program Files\Java\jdk-18.0.2.1\bin\nio.dll
0x00007ffd9c6a0000 - 0x00007ffd9c6b0000 	C:\Program Files\Java\jdk-18.0.2.1\bin\verify.dll
0x00007ffd7c140000 - 0x00007ffd7c185000 	C:\Users\hyper\AppData\Roaming\Code\User\globalStorage\redhat.java\1.38.0\config_win\org.eclipse.equinox.launcher\org.eclipse.equinox.launcher.win32.win32.x86_64_1.2.1100.v20240722-2106\eclipse_11904.dll
0x00007ffda0600000 - 0x00007ffda0618000 	C:\WINDOWS\SYSTEM32\CRYPTSP.dll
0x00007ffd9f9a0000 - 0x00007ffd9f9d5000 	C:\WINDOWS\system32\rsaenh.dll
0x00007ffd9ff80000 - 0x00007ffd9ffac000 	C:\WINDOWS\SYSTEM32\USERENV.dll
0x00007ffda0640000 - 0x00007ffda0667000 	C:\WINDOWS\SYSTEM32\bcrypt.dll
0x00007ffda00d0000 - 0x00007ffda00dc000 	C:\WINDOWS\SYSTEM32\CRYPTBASE.dll
0x00007ffd9f560000 - 0x00007ffd9f58d000 	C:\WINDOWS\SYSTEM32\IPHLPAPI.DLL
0x00007ffda2aa0000 - 0x00007ffda2aa9000 	C:\WINDOWS\System32\NSI.dll
0x00007ffd9ae80000 - 0x00007ffd9ae99000 	C:\WINDOWS\SYSTEM32\dhcpcsvc6.DLL
0x00007ffd9af60000 - 0x00007ffd9af7e000 	C:\WINDOWS\SYSTEM32\dhcpcsvc.DLL
0x00007ffd9f590000 - 0x00007ffd9f677000 	C:\WINDOWS\SYSTEM32\DNSAPI.dll
0x00007ffd7be10000 - 0x00007ffd7be59000 	C:\Users\hyper\AppData\Local\Temp\jna-99761772\jna1276046868058200376.dll
0x00007ffd9c680000 - 0x00007ffd9c68e000 	C:\Program Files\Java\jdk-18.0.2.1\bin\sunmscapi.dll
0x00007ffda0cf0000 - 0x00007ffda0e52000 	C:\WINDOWS\System32\CRYPT32.dll
0x00007ffda01e0000 - 0x00007ffda0208000 	C:\WINDOWS\SYSTEM32\ncrypt.dll
0x00007ffda01a0000 - 0x00007ffda01d7000 	C:\WINDOWS\SYSTEM32\NTASN1.dll

dbghelp: loaded successfully - version: 4.0.5 - missing functions: none
symbol engine: initialized successfully - sym options: 0x614 - pdb path: .;C:\Program Files\Java\jdk-18.0.2.1\bin;C:\WINDOWS\SYSTEM32;C:\WINDOWS\WinSxS\amd64_microsoft.windows.common-controls_6595b64144ccf1df_6.0.22000.120_none_9d947278b86cc467;C:\Program Files\Java\jdk-18.0.2.1\bin\server;C:\Users\hyper\AppData\Roaming\Code\User\globalStorage\redhat.java\1.38.0\config_win\org.eclipse.equinox.launcher\org.eclipse.equinox.launcher.win32.win32.x86_64_1.2.1100.v20240722-2106;C:\Users\hyper\AppData\Local\Temp\jna-99761772

VM Arguments:
jvm_args: --add-modules=ALL-SYSTEM --add-opens=java.base/java.util=ALL-UNNAMED --add-opens=java.base/java.lang=ALL-UNNAMED --add-opens=java.base/sun.nio.fs=ALL-UNNAMED -Declipse.application=org.eclipse.jdt.ls.core.id1 -Dosgi.bundles.defaultStartLevel=4 -Declipse.product=org.eclipse.jdt.ls.core.product -Djava.import.generatesMetadataFilesAtProjectRoot=false -DDetectVMInstallationsJob.disabled=true -Dfile.encoding=utf8 -Xlog:disable -javaagent:c:\Users\hyper\.vscode\extensions\redhat.java-1.38.0-win32-x64\lombok\lombok-1.18.34.jar -XX:+HeapDumpOnOutOfMemoryError -XX:HeapDumpPath=c:\Users\hyper\AppData\Roaming\Code\User\workspaceStorage\55103842018b78ebd48e089c0df41d06\redhat.java -Daether.dependencyCollector.impl=bf 
java_command: c:\Users\hyper\.vscode\extensions\redhat.java-1.38.0-win32-x64\server\plugins\org.eclipse.equinox.launcher_1.6.900.v20240613-2009.jar -configuration c:\Users\hyper\AppData\Roaming\Code\User\globalStorage\redhat.java\1.38.0\config_win -data c:\Users\hyper\AppData\Roaming\Code\User\workspaceStorage\55103842018b78ebd48e089c0df41d06\redhat.java\jdt_ws --pipe=\\.\pipe\lsp-5ee039bc106603381907b4737fa9e504-sock
java_class_path (initial): c:\Users\hyper\.vscode\extensions\redhat.java-1.38.0-win32-x64\server\plugins\org.eclipse.equinox.launcher_1.6.900.v20240613-2009.jar
Launcher Type: SUN_STANDARD

[Global flags]
     intx CICompilerCount                          = 4                                         {product} {ergonomic}
     uint ConcGCThreads                            = 2                                         {product} {ergonomic}
     uint G1ConcRefinementThreads                  = 8                                         {product} {ergonomic}
   size_t G1HeapRegionSize                         = 2097152                                   {product} {ergonomic}
    uintx GCDrainStackTargetSize                   = 64                                        {product} {ergonomic}
     bool HeapDumpOnOutOfMemoryError               = true                                   {manageable} {command line}
    ccstr HeapDumpPath                             = c:\Users\hyper\AppData\Roaming\Code\User\workspaceStorage\55103842018b78ebd48e089c0df41d06\redhat.java         {manageable} {command line}
   size_t InitialHeapSize                          = 268435456                                 {product} {ergonomic}
   size_t MarkStackSize                            = 4194304                                   {product} {ergonomic}
   size_t MaxHeapSize                              = 4269801472                                {product} {ergonomic}
   size_t MaxNewSize                               = 2560622592                                {product} {ergonomic}
   size_t MinHeapDeltaBytes                        = 2097152                                   {product} {ergonomic}
   size_t MinHeapSize                              = 8388608                                   {product} {ergonomic}
    uintx NonNMethodCodeHeapSize                   = 5839372                                {pd product} {ergonomic}
    uintx NonProfiledCodeHeapSize                  = 122909434                              {pd product} {ergonomic}
    uintx ProfiledCodeHeapSize                     = 122909434                              {pd product} {ergonomic}
    uintx ReservedCodeCacheSize                    = 251658240                              {pd product} {ergonomic}
     bool SegmentedCodeCache                       = true                                      {product} {ergonomic}
   size_t SoftMaxHeapSize                          = 4269801472                             {manageable} {ergonomic}
     bool UseCompressedClassPointers               = true                           {product lp64_product} {ergonomic}
     bool UseCompressedOops                        = true                           {product lp64_product} {ergonomic}
     bool UseG1GC                                  = true                                      {product} {ergonomic}
     bool UseLargePagesIndividualAllocation        = false                                  {pd product} {ergonomic}

Logging:
Log output configuration:
 #0: stdout all=off uptime,level,tags foldmultilines=false
 #1: stderr all=off uptime,level,tags foldmultilines=false

Environment Variables:
JAVA_HOME=C:\Program Files\Java\jdk-18.0.2.1
PATH=C:\Program Files\Common Files\Oracle\Java\javapath;C:\WINDOWS\system32;C:\WINDOWS;C:\WINDOWS\System32\Wbem;C:\WINDOWS\System32\WindowsPowerShell\v1.0\;C:\WINDOWS\System32\OpenSSH\;C:\Program Files (x86)\NVIDIA Corporation\PhysX\Common;C:\Program Files\NVIDIA Corporation\NVIDIA NvDLISR;J:\.important\Documents\apache-maven-3.8.6\bin;C:\Program Files\Microsoft SQL Server\Client SDK\ODBC\170\Tools\Binn\;C:\Program Files (x86)\Microsoft SQL Server\150\Tools\Binn\;C:\Program Files\Microsoft SQL Server\150\Tools\Binn\;C:\Program Files\Microsoft SQL Server\150\DTS\Binn\;C:\Program Files (x86)\Microsoft SQL Server\160\DTS\Binn\;C:\Users\hyper\Downloads\curl-8.10.1_2-win64-mingw\curl-8.10.1_2-win64-mingw\bin;C:\C:\Program Files\Java\jdk-18.0.2.1\bin;C:\Program Files\OpenSSL-Win64\bin;C:\Program Files\dotnet\;C:\Program Files\Git\cmd;H:\;C:\Program Files (x86)\Microsoft SQL Server\160\Tools\Binn\;C:\Program Files\Microsoft SQL Server\160\Tools\Binn\;C:\Program Files\Microsoft SQL Server\160\DTS\Binn\;J:\Docker\resources\bin;C:\Users\hyper\AppData\Local\Microsoft\WindowsApps;C:\Users\hyper\AppData\Local\Programs\Microsoft VS Code\bin;C:\Program Files\Java\jdk-18.0.2.1\bin;C:\Users\hyper\AppData\Roaming\npm
USERNAME=hyper
OS=Windows_NT
PROCESSOR_IDENTIFIER=Intel64 Family 6 Model 60 Stepping 3, GenuineIntel



---------------  S Y S T E M  ---------------

OS:
 Windows 11 , 64 bit Build 22000 (10.0.22000.2538)
OS uptime: 0 days 23:58 hours
Hyper-V role detected

CPU: total 8 (initial active 8) (4 cores per cpu, 2 threads per core) family 6 model 60 stepping 3 microcode 0x28, cx8, cmov, fxsr, ht, mmx, sse, sse2, sse3, ssse3, sse4.1, sse4.2, popcnt, lzcnt, tsc, tscinvbit, avx, avx2, aes, erms, clmul, bmi1, bmi2, fma, vzeroupper, clflush, hv

Memory: 4k page, system-wide physical 16283M (1090M free)
TotalPageFile size 36283M (AvailPageFile size 292M)
current process WorkingSet (physical memory assigned to process): 796M, peak: 799M
current process commit charge ("private bytes"): 776M, peak: 1246M

vm_info: Java HotSpot(TM) 64-Bit Server VM (18.0.2.1+1-1) for windows-amd64 JRE (18.0.2.1+1-1), built on Aug 16 2022 01:46:33 by "mach5one" with MS VC++ 16.8 / 16.9 (VS2019)

END.
