#
# There is insufficient memory for the Java Runtime Environment to continue.
# Native memory allocation (malloc) failed to allocate 32744 bytes for Chunk::new
# Possible reasons:
#   The system is out of physical RAM or swap space
#   The process is running with CompressedOops enabled, and the Java Heap may be blocking the growth of the native heap
# Possible solutions:
#   Reduce memory load on the system
#   Increase physical memory or swap space
#   Check if swap backing store is full
#   Decrease Java heap size (-Xmx/-Xms)
#   Decrease number of Java threads
#   Decrease Java thread stack sizes (-Xss)
#   Set larger code cache with -XX:ReservedCodeCacheSize=
#   JVM is running with Zero Based Compressed Oops mode in which the Java heap is
#     placed in the first 32GB address space. The Java Heap base address is the
#     maximum limit for the native heap growth. Please use -XX:HeapBaseMinAddress
#     to set the Java Heap base and to place the Java Heap above 32GB virtual address.
# This output file may be truncated or incomplete.
#
#  Out of Memory Error (arena.cpp:184), pid=108084, tid=108340
#
# JRE version: Java(TM) SE Runtime Environment (18.0.2.1+1) (build 18.0.2.1+1-1)
# Java VM: Java HotSpot(TM) 64-Bit Server VM (18.0.2.1+1-1, mixed mode, sharing, tiered, compressed oops, compressed class ptrs, g1 gc, windows-amd64)
# No core dump will be written. Minidumps are not enabled by default on client versions of Windows
#

---------------  S U M M A R Y ------------

Command Line: --add-modules=ALL-SYSTEM --add-opens=java.base/java.util=ALL-UNNAMED --add-opens=java.base/java.lang=ALL-UNNAMED --add-opens=java.base/sun.nio.fs=ALL-UNNAMED -Declipse.application=org.eclipse.jdt.ls.core.id1 -Dosgi.bundles.defaultStartLevel=4 -Declipse.product=org.eclipse.jdt.ls.core.product -Djava.import.generatesMetadataFilesAtProjectRoot=false -DDetectVMInstallationsJob.disabled=true -Dfile.encoding=utf8 -Xlog:disable -javaagent:c:\Users\hyper\.vscode\extensions\redhat.java-1.38.0-win32-x64\lombok\lombok-1.18.34.jar -XX:+HeapDumpOnOutOfMemoryError -XX:HeapDumpPath=c:\Users\hyper\AppData\Roaming\Code\User\workspaceStorage\55103842018b78ebd48e089c0df41d06\redhat.java -Daether.dependencyCollector.impl=bf c:\Users\hyper\.vscode\extensions\redhat.java-1.38.0-win32-x64\server\plugins\org.eclipse.equinox.launcher_1.6.900.v20240613-2009.jar -configuration c:\Users\hyper\AppData\Roaming\Code\User\globalStorage\redhat.java\1.38.0\config_win -data c:\Users\hyper\AppData\Roaming\Code\User\workspaceStorage\55103842018b78ebd48e089c0df41d06\redhat.java\jdt_ws --pipe=\\.\pipe\lsp-2c631647b88009a9abb6b2a84652b37d-sock

Host: Intel(R) Core(TM) i7-4770K CPU @ 3.50GHz, 8 cores, 15G,  Windows 11 , 64 bit Build 22000 (10.0.22000.2538)
Time: Tue Mar 11 03:25:51 2025 Volgograd Standard Time elapsed time: 307.089948 seconds (0d 0h 5m 7s)

---------------  T H R E A D  ---------------

Current thread (0x000001f00a50e640):  JavaThread "C2 CompilerThread0" daemon [_thread_in_native, id=108340, stack(0x000000af3d400000,0x000000af3d500000)]


Current CompileTask:
C2: 307090 18389       4       org.eclipse.jdt.internal.compiler.lookup.BinaryTypeBinding::createMethod (1724 bytes)

Stack: [0x000000af3d400000,0x000000af3d500000]
Native frames: (J=compiled Java code, j=interpreted, Vv=VM code, C=native code)
V  [jvm.dll+0x6993aa]
V  [jvm.dll+0x7f46dd]
V  [jvm.dll+0x7f5fee]
V  [jvm.dll+0x7f66a3]
V  [jvm.dll+0x25cf1f]
V  [jvm.dll+0xb8c2f]
V  [jvm.dll+0xb8fa5]
V  [jvm.dll+0x38b388]
V  [jvm.dll+0x582b08]
V  [jvm.dll+0x581b80]
V  [jvm.dll+0x582413]
V  [jvm.dll+0x34fea0]
V  [jvm.dll+0x34f30a]
V  [jvm.dll+0x230101]
V  [jvm.dll+0x22f4d1]
V  [jvm.dll+0x1ba01c]
V  [jvm.dll+0x23ee0a]
V  [jvm.dll+0x23d0f5]
V  [jvm.dll+0x7a6dd1]
V  [jvm.dll+0x7a120a]
V  [jvm.dll+0x698255]
C  [ucrtbase.dll+0x26c0c]
C  [KERNEL32.DLL+0x153e0]
C  [ntdll.dll+0x485b]


---------------  P R O C E S S  ---------------

Threads class SMR info:
_java_thread_list=0x000001f00b911480, length=62, elements={
0x000001f063609b50, 0x000001f07a3c3fa0, 0x000001f07a3c5900, 0x000001f00a5024b0,
0x000001f07a3dd040, 0x000001f07a3de4d0, 0x000001f00a50a300, 0x000001f00a50e640,
0x000001f00a526bb0, 0x000001f00a52bb30, 0x000001f00a60e600, 0x000001f00a853f70,
0x000001f00b3abab0, 0x000001f00a9af9c0, 0x000001f00aaf02d0, 0x000001f00ae766a0,
0x000001f00aecd9e0, 0x000001f00abeb6b0, 0x000001f00b0cb060, 0x000001f00b0cba00,
0x000001f00af5ee00, 0x000001f00af5df90, 0x000001f00af5f7a0, 0x000001f00af5bde0,
0x000001f00af5e460, 0x000001f00af61480, 0x000001f00af60ae0, 0x000001f00af5d120,
0x000001f00af5e930, 0x000001f00af61950, 0x000001f00af61e20, 0x000001f00af60140,
0x000001f00af622f0, 0x000001f00af5dac0, 0x000001f00af60fb0, 0x000001f00af5c780,
0x000001f00af5cc50, 0x000001f00b0cb530, 0x000001f00ec02f70, 0x000001f00ec04780,
0x000001f00ec03910, 0x000001f00ec01290, 0x000001f00ec077a0, 0x000001f00ec05120,
0x000001f00ec06e00, 0x000001f00ec03440, 0x000001f00ec00420, 0x000001f00ec02100,
0x000001f00ec072d0, 0x000001f00ec05f90, 0x000001f00ec07c70, 0x000001f00ec06460,
0x000001f00ec025d0, 0x000001f00af5b440, 0x000001f00d022bc0, 0x000001f00d0248a0,
0x000001f00d023560, 0x000001f00d021880, 0x000001f00d01dec0, 0x000001f00d021d50,
0x000001f00ec00dc0, 0x000001f00ec03de0
}

Java Threads: ( => current thread )
  0x000001f063609b50 JavaThread "main" [_thread_blocked, id=92452, stack(0x000000af3c700000,0x000000af3c800000)]
  0x000001f07a3c3fa0 JavaThread "Reference Handler" daemon [_thread_blocked, id=14908, stack(0x000000af3ce00000,0x000000af3cf00000)]
  0x000001f07a3c5900 JavaThread "Finalizer" daemon [_thread_blocked, id=106520, stack(0x000000af3cf00000,0x000000af3d000000)]
  0x000001f00a5024b0 JavaThread "Signal Dispatcher" daemon [_thread_blocked, id=14460, stack(0x000000af3d000000,0x000000af3d100000)]
  0x000001f07a3dd040 JavaThread "Attach Listener" daemon [_thread_blocked, id=104472, stack(0x000000af3d100000,0x000000af3d200000)]
  0x000001f07a3de4d0 JavaThread "Service Thread" daemon [_thread_blocked, id=108508, stack(0x000000af3d200000,0x000000af3d300000)]
  0x000001f00a50a300 JavaThread "Monitor Deflation Thread" daemon [_thread_blocked, id=15020, stack(0x000000af3d300000,0x000000af3d400000)]
=>0x000001f00a50e640 JavaThread "C2 CompilerThread0" daemon [_thread_in_native, id=108340, stack(0x000000af3d400000,0x000000af3d500000)]
  0x000001f00a526bb0 JavaThread "C1 CompilerThread0" daemon [_thread_blocked, id=14828, stack(0x000000af3d500000,0x000000af3d600000)]
  0x000001f00a52bb30 JavaThread "Sweeper thread" daemon [_thread_blocked, id=9612, stack(0x000000af3d600000,0x000000af3d700000)]
  0x000001f00a60e600 JavaThread "Common-Cleaner" daemon [_thread_blocked, id=107532, stack(0x000000af3d700000,0x000000af3d800000)]
  0x000001f00a853f70 JavaThread "Notification Thread" daemon [_thread_blocked, id=14560, stack(0x000000af3d900000,0x000000af3da00000)]
  0x000001f00b3abab0 JavaThread "Active Thread: Equinox Container: b84e3476-79dc-4a82-bd5a-e63a2211ebe3" [_thread_blocked, id=108268, stack(0x000000af3e100000,0x000000af3e200000)]
  0x000001f00a9af9c0 JavaThread "Refresh Thread: Equinox Container: b84e3476-79dc-4a82-bd5a-e63a2211ebe3" daemon [_thread_blocked, id=105664, stack(0x000000af3c400000,0x000000af3c500000)]
  0x000001f00aaf02d0 JavaThread "Framework Event Dispatcher: Equinox Container: b84e3476-79dc-4a82-bd5a-e63a2211ebe3" daemon [_thread_blocked, id=15864, stack(0x000000af3c500000,0x000000af3c600000)]
  0x000001f00ae766a0 JavaThread "Start Level: Equinox Container: b84e3476-79dc-4a82-bd5a-e63a2211ebe3" daemon [_thread_blocked, id=41152, stack(0x000000af3d800000,0x000000af3d900000)]
  0x000001f00aecd9e0 JavaThread "Bundle File Closer" daemon [_thread_blocked, id=14768, stack(0x000000af3e300000,0x000000af3e400000)]
  0x000001f00abeb6b0 JavaThread "SCR Component Actor" daemon [_thread_blocked, id=105296, stack(0x000000af3c600000,0x000000af3c700000)]
  0x000001f00b0cb060 JavaThread "Worker-JM" [_thread_blocked, id=97484, stack(0x000000af3e500000,0x000000af3e600000)]
  0x000001f00b0cba00 JavaThread "JNA Cleaner" daemon [_thread_blocked, id=7932, stack(0x000000af3e600000,0x000000af3e700000)]
  0x000001f00af5ee00 JavaThread "Java indexing" daemon [_thread_blocked, id=104332, stack(0x000000af3ec00000,0x000000af3ed00000)]
  0x000001f00af5df90 JavaThread "Worker-2" [_thread_blocked, id=105804, stack(0x000000af3ed00000,0x000000af3ee00000)]
  0x000001f00af5f7a0 JavaThread "Thread-2" daemon [_thread_in_native, id=105348, stack(0x000000af3f000000,0x000000af3f100000)]
  0x000001f00af5bde0 JavaThread "Thread-3" daemon [_thread_in_native, id=92660, stack(0x000000af3f100000,0x000000af3f200000)]
  0x000001f00af5e460 JavaThread "Thread-4" daemon [_thread_in_native, id=54376, stack(0x000000af3f200000,0x000000af3f300000)]
  0x000001f00af61480 JavaThread "Thread-5" daemon [_thread_in_native, id=10008, stack(0x000000af3f300000,0x000000af3f400000)]
  0x000001f00af60ae0 JavaThread "Thread-6" daemon [_thread_in_native, id=24144, stack(0x000000af3f400000,0x000000af3f500000)]
  0x000001f00af5d120 JavaThread "Thread-7" daemon [_thread_in_native, id=101036, stack(0x000000af3f500000,0x000000af3f600000)]
  0x000001f00af5e930 JavaThread "Thread-8" daemon [_thread_in_native, id=106716, stack(0x000000af3f600000,0x000000af3f700000)]
  0x000001f00af61950 JavaThread "Thread-9" daemon [_thread_in_native, id=106844, stack(0x000000af3f700000,0x000000af3f800000)]
  0x000001f00af61e20 JavaThread "Thread-10" daemon [_thread_in_native, id=105616, stack(0x000000af3f800000,0x000000af3f900000)]
  0x000001f00af60140 JavaThread "pool-2-thread-1" [_thread_blocked, id=14956, stack(0x000000af3eb00000,0x000000af3ec00000)]
  0x000001f00af622f0 JavaThread "WorkspaceEventsHandler" [_thread_blocked, id=12620, stack(0x000000af3ea00000,0x000000af3eb00000)]
  0x000001f00af5dac0 JavaThread "pool-1-thread-1" [_thread_blocked, id=14476, stack(0x000000af3f900000,0x000000af3fa00000)]
  0x000001f00af60fb0 JavaThread "Worker-4" [_thread_blocked, id=104560, stack(0x000000af3fc00000,0x000000af3fd00000)]
  0x000001f00af5c780 JavaThread "ForkJoinPool.commonPool-worker-1" daemon [_thread_blocked, id=41388, stack(0x000000af3ff00000,0x000000af40000000)]
  0x000001f00af5cc50 JavaThread "ForkJoinPool.commonPool-worker-2" daemon [_thread_blocked, id=100104, stack(0x000000af40000000,0x000000af40100000)]
  0x000001f00b0cb530 JavaThread "ForkJoinPool.commonPool-worker-3" daemon [_thread_blocked, id=107176, stack(0x000000af40100000,0x000000af40200000)]
  0x000001f00ec02f70 JavaThread "ForkJoinPool.commonPool-worker-4" daemon [_thread_blocked, id=107328, stack(0x000000af40200000,0x000000af40300000)]
  0x000001f00ec04780 JavaThread "ForkJoinPool.commonPool-worker-5" daemon [_thread_blocked, id=97980, stack(0x000000af40300000,0x000000af40400000)]
  0x000001f00ec03910 JavaThread "ForkJoinPool.commonPool-worker-6" daemon [_thread_blocked, id=14944, stack(0x000000af40400000,0x000000af40500000)]
  0x000001f00ec01290 JavaThread "ForkJoinPool.commonPool-worker-7" daemon [_thread_blocked, id=106792, stack(0x000000af40500000,0x000000af40600000)]
  0x000001f00ec077a0 JavaThread "LocalFile Deleter" daemon [_thread_blocked, id=106816, stack(0x000000af40800000,0x000000af40900000)]
  0x000001f00ec05120 JavaThread "LocalFile Deleter" daemon [_thread_blocked, id=8404, stack(0x000000af40a00000,0x000000af40b00000)]
  0x000001f00ec06e00 JavaThread "LocalFile Deleter" daemon [_thread_blocked, id=107960, stack(0x000000af40b00000,0x000000af40c00000)]
  0x000001f00ec03440 JavaThread "LocalFile Deleter" daemon [_thread_blocked, id=105604, stack(0x000000af40c00000,0x000000af40d00000)]
  0x000001f00ec00420 JavaThread "LocalFile Deleter" daemon [_thread_blocked, id=107072, stack(0x000000af40d00000,0x000000af40e00000)]
  0x000001f00ec02100 JavaThread "Compiler Source File Reader" daemon [_thread_blocked, id=22220, stack(0x000000af40e00000,0x000000af40f00000)]
  0x000001f00ec072d0 JavaThread "Compiler Source File Reader" daemon [_thread_blocked, id=106180, stack(0x000000af40f00000,0x000000af41000000)]
  0x000001f00ec05f90 JavaThread "Compiler Source File Reader" daemon [_thread_blocked, id=9940, stack(0x000000af41000000,0x000000af41100000)]
  0x000001f00ec07c70 JavaThread "Compiler Source File Reader" daemon [_thread_blocked, id=104180, stack(0x000000af41100000,0x000000af41200000)]
  0x000001f00ec06460 JavaThread "Compiler Source File Reader" daemon [_thread_blocked, id=104972, stack(0x000000af41200000,0x000000af41300000)]
  0x000001f00ec025d0 JavaThread "Compiler Source File Reader" daemon [_thread_blocked, id=106552, stack(0x000000af41300000,0x000000af41400000)]
  0x000001f00af5b440 JavaThread "Compiler Class File Writer" daemon [_thread_blocked, id=106368, stack(0x000000af3fe00000,0x000000af3ff00000)]
  0x000001f00d022bc0 JavaThread "Compiler Class File Writer" daemon [_thread_blocked, id=106296, stack(0x000000af41700000,0x000000af41800000)]
  0x000001f00d0248a0 JavaThread "Compiler Class File Writer" daemon [_thread_blocked, id=100960, stack(0x000000af41800000,0x000000af41900000)]
  0x000001f00d023560 JavaThread "Compiler Class File Writer" daemon [_thread_blocked, id=15900, stack(0x000000af41900000,0x000000af41a00000)]
  0x000001f00d021880 JavaThread "Compiler Class File Writer" daemon [_thread_blocked, id=8632, stack(0x000000af41a00000,0x000000af41b00000)]
  0x000001f00d01dec0 JavaThread "Compiler Class File Writer" daemon [_thread_blocked, id=104676, stack(0x000000af41b00000,0x000000af41c00000)]
  0x000001f00d021d50 JavaThread "Cleaner-0" daemon [_thread_blocked, id=15352, stack(0x000000af41c00000,0x000000af41d00000)]
  0x000001f00ec00dc0 JavaThread "Compiler Processing Task" daemon [_thread_blocked, id=15992, stack(0x000000af3e700000,0x000000af3e800000)]
  0x000001f00ec03de0 JavaThread "Worker-6" [_thread_blocked, id=61916, stack(0x000000af3ee00000,0x000000af3ef00000)]

Other Threads:
  0x000001f07a3c2dc0 VMThread "VM Thread" [stack: 0x000000af3cd00000,0x000000af3ce00000] [id=107312]
  0x000001f06360a8c0 WatcherThread "VM Periodic Task Thread" [stack: 0x000000af3da00000,0x000000af3db00000] [id=104988]
  0x000001f0636368d0 WorkerThread "GC Thread#0" [stack: 0x000000af3c800000,0x000000af3c900000] [id=107608]
  0x000001f00ab66e10 WorkerThread "GC Thread#1" [stack: 0x000000af3db00000,0x000000af3dc00000] [id=25456]
  0x000001f00acca950 WorkerThread "GC Thread#2" [stack: 0x000000af3dc00000,0x000000af3dd00000] [id=11384]
  0x000001f00accabf0 WorkerThread "GC Thread#3" [stack: 0x000000af3dd00000,0x000000af3de00000] [id=105888]
  0x000001f00accae90 WorkerThread "GC Thread#4" [stack: 0x000000af3de00000,0x000000af3df00000] [id=10908]
  0x000001f00ab28240 WorkerThread "GC Thread#5" [stack: 0x000000af3df00000,0x000000af3e000000] [id=88476]
  0x000001f00ab29100 WorkerThread "GC Thread#6" [stack: 0x000000af3e000000,0x000000af3e100000] [id=16368]
  0x000001f00a5548f0 WorkerThread "GC Thread#7" [stack: 0x000000af3e200000,0x000000af3e300000] [id=63456]
  0x000001f0612cbfe0 ConcurrentGCThread "G1 Main Marker" [stack: 0x000000af3c900000,0x000000af3ca00000] [id=9884]
  0x000001f0612cd7f0 WorkerThread "G1 Conc#0" [stack: 0x000000af3ca00000,0x000000af3cb00000] [id=100596]
  0x000001f00aaa7120 WorkerThread "G1 Conc#1" [stack: 0x000000af3e900000,0x000000af3ea00000] [id=105040]
  0x000001f07a27a860 ConcurrentGCThread "G1 Refine#0" [stack: 0x000000af3cb00000,0x000000af3cc00000] [id=103540]
  0x000001f00e5485a0 ConcurrentGCThread "G1 Refine#1" [stack: 0x000000af41500000,0x000000af41600000] [id=107276]
  0x000001f0178f8c30 ConcurrentGCThread "G1 Refine#2" [stack: 0x000000af3e400000,0x000000af3e500000] [id=105984]
  0x000001f0178f9a40 ConcurrentGCThread "G1 Refine#3" [stack: 0x000000af41d00000,0x000000af41e00000] [id=87364]
  0x000001f07a27b080 ConcurrentGCThread "G1 Service" [stack: 0x000000af3cc00000,0x000000af3cd00000] [id=14392]

Threads with active compile tasks:
C2 CompilerThread0   307160 18389       4       org.eclipse.jdt.internal.compiler.lookup.BinaryTypeBinding::createMethod (1724 bytes)

VM state: not at safepoint (normal execution)

VM Mutex/Monitor currently owned by a thread: None

Heap address: 0x0000000701800000, size: 4072 MB, Compressed Oops mode: Zero based, Oop shift amount: 3

CDS archive(s) mapped at: [0x0000000800000000-0x0000000800ba0000-0x0000000800ba0000), size 12189696, SharedBaseAddress: 0x0000000800000000, ArchiveRelocationMode: 0.
Compressed class space mapped at: 0x0000000800c00000-0x0000000840c00000, reserved size: 1073741824
Narrow klass base: 0x0000000800000000, Narrow klass shift: 0, Narrow klass range: 0x100000000

GC Precious Log:
 CardTable entry size: 512
 Card Set container configuration: InlinePtr #cards 4 size 8 Array Of Cards #cards 16 size 48 Howl #buckets 8 coarsen threshold 3686 Howl Bitmap #cards 512 size 80 coarsen threshold 460 Card regions per heap region 1 cards per card region 4096
 CPUs: 8 total, 8 available
 Memory: 16283M
 Large Page Support: Disabled
 NUMA Support: Disabled
 Compressed Oops: Enabled (Zero based)
 Heap Region Size: 2M
 Heap Min Capacity: 8M
 Heap Initial Capacity: 256M
 Heap Max Capacity: 4072M
 Pre-touch: Disabled
 Parallel Workers: 8
 Concurrent Workers: 2
 Concurrent Refinement Workers: 8
 Periodic GC: Disabled

Heap:
 garbage-first heap   total 581632K, used 527363K [0x0000000701800000, 0x0000000800000000)
  region size 2048K, 8 young (16384K), 1 survivors (2048K)
 Metaspace       used 84340K, committed 85952K, reserved 1179648K
  class space    used 8532K, committed 9216K, reserved 1048576K

Heap Regions: E=young(eden), S=young(survivor), O=old, HS=humongous(starts), HC=humongous(continues), CS=collection set, F=free, OA=open archive, CA=closed archive, TAMS=top-at-mark-start (previous, next)
|   0|0x0000000701800000, 0x0000000701a00000, 0x0000000701a00000|100%| O|  |TAMS 0x0000000701a00000, 0x0000000701a00000| Untracked 
|   1|0x0000000701a00000, 0x0000000701c00000, 0x0000000701c00000|100%| O|  |TAMS 0x0000000701c00000, 0x0000000701c00000| Untracked 
|   2|0x0000000701c00000, 0x0000000701e00000, 0x0000000701e00000|100%| O|  |TAMS 0x0000000701e00000, 0x0000000701e00000| Untracked 
|   3|0x0000000701e00000, 0x0000000702000000, 0x0000000702000000|100%| O|  |TAMS 0x0000000702000000, 0x0000000702000000| Untracked 
|   4|0x0000000702000000, 0x0000000702200000, 0x0000000702200000|100%| O|  |TAMS 0x0000000702200000, 0x0000000702200000| Untracked 
|   5|0x0000000702200000, 0x0000000702400000, 0x0000000702400000|100%| O|  |TAMS 0x0000000702400000, 0x0000000702400000| Untracked 
|   6|0x0000000702400000, 0x0000000702600000, 0x0000000702600000|100%| O|  |TAMS 0x0000000702600000, 0x0000000702600000| Untracked 
|   7|0x0000000702600000, 0x0000000702800000, 0x0000000702800000|100%| O|  |TAMS 0x0000000702800000, 0x0000000702800000| Untracked 
|   8|0x0000000702800000, 0x0000000702a00000, 0x0000000702a00000|100%| O|  |TAMS 0x0000000702a00000, 0x0000000702a00000| Untracked 
|   9|0x0000000702a00000, 0x0000000702c00000, 0x0000000702c00000|100%| O|  |TAMS 0x0000000702c00000, 0x0000000702c00000| Untracked 
|  10|0x0000000702c00000, 0x0000000702e00000, 0x0000000702e00000|100%| O|  |TAMS 0x0000000702e00000, 0x0000000702e00000| Untracked 
|  11|0x0000000702e00000, 0x0000000703000000, 0x0000000703000000|100%| O|  |TAMS 0x0000000702e00000, 0x0000000703000000| Untracked 
|  12|0x0000000703000000, 0x0000000703200000, 0x0000000703200000|100%| O|  |TAMS 0x0000000703200000, 0x0000000703200000| Untracked 
|  13|0x0000000703200000, 0x0000000703400000, 0x0000000703400000|100%| O|  |TAMS 0x0000000703400000, 0x0000000703400000| Untracked 
|  14|0x0000000703400000, 0x0000000703600000, 0x0000000703600000|100%| O|  |TAMS 0x0000000703600000, 0x0000000703600000| Untracked 
|  15|0x0000000703600000, 0x0000000703800000, 0x0000000703800000|100%| O|  |TAMS 0x0000000703800000, 0x0000000703800000| Untracked 
|  16|0x0000000703800000, 0x0000000703a00000, 0x0000000703a00000|100%| O|  |TAMS 0x0000000703a00000, 0x0000000703a00000| Untracked 
|  17|0x0000000703a00000, 0x0000000703c00000, 0x0000000703c00000|100%| O|  |TAMS 0x0000000703c00000, 0x0000000703c00000| Untracked 
|  18|0x0000000703c00000, 0x0000000703e00000, 0x0000000703e00000|100%| O|  |TAMS 0x0000000703e00000, 0x0000000703e00000| Untracked 
|  19|0x0000000703e00000, 0x0000000704000000, 0x0000000704000000|100%| O|  |TAMS 0x0000000704000000, 0x0000000704000000| Untracked 
|  20|0x0000000704000000, 0x0000000704200000, 0x0000000704200000|100%| O|  |TAMS 0x0000000704200000, 0x0000000704200000| Untracked 
|  21|0x0000000704200000, 0x0000000704400000, 0x0000000704400000|100%| O|  |TAMS 0x0000000704200000, 0x0000000704200000| Untracked 
|  22|0x0000000704400000, 0x0000000704600000, 0x0000000704600000|100%| O|  |TAMS 0x0000000704600000, 0x0000000704600000| Untracked 
|  23|0x0000000704600000, 0x0000000704800000, 0x0000000704800000|100%| O|  |TAMS 0x0000000704800000, 0x0000000704800000| Untracked 
|  24|0x0000000704800000, 0x0000000704a00000, 0x0000000704a00000|100%| O|  |TAMS 0x0000000704a00000, 0x0000000704a00000| Untracked 
|  25|0x0000000704a00000, 0x0000000704c00000, 0x0000000704c00000|100%| O|  |TAMS 0x0000000704c00000, 0x0000000704c00000| Untracked 
|  26|0x0000000704c00000, 0x0000000704e00000, 0x0000000704e00000|100%| O|  |TAMS 0x0000000704e00000, 0x0000000704e00000| Untracked 
|  27|0x0000000704e00000, 0x0000000705000000, 0x0000000705000000|100%| O|  |TAMS 0x0000000705000000, 0x0000000705000000| Untracked 
|  28|0x0000000705000000, 0x0000000705200000, 0x0000000705200000|100%| O|  |TAMS 0x0000000705200000, 0x0000000705200000| Untracked 
|  29|0x0000000705200000, 0x0000000705400000, 0x0000000705400000|100%| O|  |TAMS 0x0000000705400000, 0x0000000705400000| Untracked 
|  30|0x0000000705400000, 0x0000000705600000, 0x0000000705600000|100%| O|  |TAMS 0x0000000705600000, 0x0000000705600000| Untracked 
|  31|0x0000000705600000, 0x0000000705800000, 0x0000000705800000|100%| O|  |TAMS 0x0000000705800000, 0x0000000705800000| Untracked 
|  32|0x0000000705800000, 0x0000000705a00000, 0x0000000705a00000|100%| O|  |TAMS 0x0000000705a00000, 0x0000000705a00000| Untracked 
|  33|0x0000000705a00000, 0x0000000705c00000, 0x0000000705c00000|100%| O|  |TAMS 0x0000000705c00000, 0x0000000705c00000| Untracked 
|  34|0x0000000705c00000, 0x0000000705e00000, 0x0000000705e00000|100%| O|  |TAMS 0x0000000705e00000, 0x0000000705e00000| Untracked 
|  35|0x0000000705e00000, 0x0000000706000000, 0x0000000706000000|100%| O|  |TAMS 0x0000000705ee9e00, 0x0000000706000000| Untracked 
|  36|0x0000000706000000, 0x0000000706200000, 0x0000000706200000|100%| O|  |TAMS 0x0000000706000000, 0x0000000706200000| Untracked 
|  37|0x0000000706200000, 0x0000000706400000, 0x0000000706400000|100%| O|  |TAMS 0x0000000706200000, 0x0000000706400000| Untracked 
|  38|0x0000000706400000, 0x0000000706600000, 0x0000000706600000|100%| O|  |TAMS 0x0000000706400000, 0x0000000706600000| Untracked 
|  39|0x0000000706600000, 0x0000000706800000, 0x0000000706800000|100%| O|  |TAMS 0x0000000706600000, 0x000000070660d200| Untracked 
|  40|0x0000000706800000, 0x0000000706a00000, 0x0000000706a00000|100%| O|  |TAMS 0x0000000706800000, 0x0000000706800000| Untracked 
|  41|0x0000000706a00000, 0x0000000706c00000, 0x0000000706c00000|100%| O|  |TAMS 0x0000000706a00000, 0x0000000706a00000| Untracked 
|  42|0x0000000706c00000, 0x0000000706e00000, 0x0000000706e00000|100%| O|  |TAMS 0x0000000706c00000, 0x0000000706c00000| Untracked 
|  43|0x0000000706e00000, 0x0000000707000000, 0x0000000707000000|100%| O|  |TAMS 0x0000000706e00000, 0x0000000706e00000| Untracked 
|  44|0x0000000707000000, 0x0000000707200000, 0x0000000707200000|100%| O|  |TAMS 0x0000000707000000, 0x0000000707000000| Untracked 
|  45|0x0000000707200000, 0x0000000707400000, 0x0000000707400000|100%|HS|  |TAMS 0x0000000707200000, 0x0000000707200000| Complete 
|  46|0x0000000707400000, 0x0000000707600000, 0x0000000707600000|100%|HC|  |TAMS 0x0000000707400000, 0x0000000707400000| Complete 
|  47|0x0000000707600000, 0x0000000707800000, 0x0000000707800000|100%|HC|  |TAMS 0x0000000707600000, 0x0000000707600000| Complete 
|  48|0x0000000707800000, 0x0000000707a00000, 0x0000000707a00000|100%|HC|  |TAMS 0x0000000707800000, 0x0000000707800000| Complete 
|  49|0x0000000707a00000, 0x0000000707c00000, 0x0000000707c00000|100%|HC|  |TAMS 0x0000000707a00000, 0x0000000707a00000| Complete 
|  50|0x0000000707c00000, 0x0000000707e00000, 0x0000000707e00000|100%|HC|  |TAMS 0x0000000707c00000, 0x0000000707c00000| Complete 
|  51|0x0000000707e00000, 0x0000000708000000, 0x0000000708000000|100%| O|  |TAMS 0x0000000707e00000, 0x0000000707e00000| Untracked 
|  52|0x0000000708000000, 0x0000000708200000, 0x0000000708200000|100%| O|  |TAMS 0x0000000708000000, 0x0000000708000000| Untracked 
|  53|0x0000000708200000, 0x0000000708400000, 0x0000000708400000|100%| O|  |TAMS 0x0000000708200000, 0x0000000708200000| Untracked 
|  54|0x0000000708400000, 0x0000000708600000, 0x0000000708600000|100%| O|  |TAMS 0x0000000708400000, 0x0000000708400000| Untracked 
|  55|0x0000000708600000, 0x0000000708800000, 0x0000000708800000|100%| O|  |TAMS 0x0000000708600000, 0x0000000708600000| Untracked 
|  56|0x0000000708800000, 0x0000000708a00000, 0x0000000708a00000|100%| O|  |TAMS 0x0000000708800000, 0x0000000708800000| Untracked 
|  57|0x0000000708a00000, 0x0000000708c00000, 0x0000000708c00000|100%| O|  |TAMS 0x0000000708a00000, 0x0000000708a00000| Untracked 
|  58|0x0000000708c00000, 0x0000000708e00000, 0x0000000708e00000|100%| O|  |TAMS 0x0000000708c00000, 0x0000000708c00000| Untracked 
|  59|0x0000000708e00000, 0x0000000709000000, 0x0000000709000000|100%| O|  |TAMS 0x0000000708e00000, 0x0000000708e00000| Untracked 
|  60|0x0000000709000000, 0x0000000709200000, 0x0000000709200000|100%| O|  |TAMS 0x0000000709000000, 0x0000000709000000| Untracked 
|  61|0x0000000709200000, 0x0000000709400000, 0x0000000709400000|100%| O|  |TAMS 0x0000000709200000, 0x0000000709200000| Untracked 
|  62|0x0000000709400000, 0x0000000709600000, 0x0000000709600000|100%| O|  |TAMS 0x0000000709400000, 0x0000000709400000| Untracked 
|  63|0x0000000709600000, 0x0000000709800000, 0x0000000709800000|100%| O|  |TAMS 0x0000000709600000, 0x0000000709600000| Untracked 
|  64|0x0000000709800000, 0x0000000709a00000, 0x0000000709a00000|100%| O|  |TAMS 0x0000000709800000, 0x0000000709800000| Untracked 
|  65|0x0000000709a00000, 0x0000000709c00000, 0x0000000709c00000|100%| O|  |TAMS 0x0000000709a00000, 0x0000000709a00000| Untracked 
|  66|0x0000000709c00000, 0x0000000709e00000, 0x0000000709e00000|100%| O|  |TAMS 0x0000000709c00000, 0x0000000709c00000| Untracked 
|  67|0x0000000709e00000, 0x000000070a000000, 0x000000070a000000|100%| O|  |TAMS 0x0000000709e00000, 0x0000000709e00000| Untracked 
|  68|0x000000070a000000, 0x000000070a200000, 0x000000070a200000|100%| O|  |TAMS 0x000000070a000000, 0x000000070a000000| Untracked 
|  69|0x000000070a200000, 0x000000070a400000, 0x000000070a400000|100%| O|  |TAMS 0x000000070a200000, 0x000000070a200000| Untracked 
|  70|0x000000070a400000, 0x000000070a600000, 0x000000070a600000|100%| O|  |TAMS 0x000000070a400000, 0x000000070a400000| Untracked 
|  71|0x000000070a600000, 0x000000070a800000, 0x000000070a800000|100%| O|  |TAMS 0x000000070a600000, 0x000000070a600000| Untracked 
|  72|0x000000070a800000, 0x000000070aa00000, 0x000000070aa00000|100%| O|  |TAMS 0x000000070a800000, 0x000000070a800000| Untracked 
|  73|0x000000070aa00000, 0x000000070ac00000, 0x000000070ac00000|100%| O|  |TAMS 0x000000070aa00000, 0x000000070aa00000| Untracked 
|  74|0x000000070ac00000, 0x000000070ae00000, 0x000000070ae00000|100%| O|  |TAMS 0x000000070ac00000, 0x000000070ac00000| Untracked 
|  75|0x000000070ae00000, 0x000000070b000000, 0x000000070b000000|100%| O|  |TAMS 0x000000070ae00000, 0x000000070ae00000| Untracked 
|  76|0x000000070b000000, 0x000000070b200000, 0x000000070b200000|100%| O|  |TAMS 0x000000070b000000, 0x000000070b000000| Untracked 
|  77|0x000000070b200000, 0x000000070b400000, 0x000000070b400000|100%| O|  |TAMS 0x000000070b200000, 0x000000070b200000| Untracked 
|  78|0x000000070b400000, 0x000000070b600000, 0x000000070b600000|100%| O|  |TAMS 0x000000070b400000, 0x000000070b400000| Untracked 
|  79|0x000000070b600000, 0x000000070b800000, 0x000000070b800000|100%| O|  |TAMS 0x000000070b600000, 0x000000070b600000| Untracked 
|  80|0x000000070b800000, 0x000000070ba00000, 0x000000070ba00000|100%| O|  |TAMS 0x000000070b800000, 0x000000070b800000| Untracked 
|  81|0x000000070ba00000, 0x000000070bc00000, 0x000000070bc00000|100%| O|  |TAMS 0x000000070ba00000, 0x000000070ba00000| Untracked 
|  82|0x000000070bc00000, 0x000000070be00000, 0x000000070be00000|100%| O|  |TAMS 0x000000070bc00000, 0x000000070bc00000| Untracked 
|  83|0x000000070be00000, 0x000000070c000000, 0x000000070c000000|100%|HS|  |TAMS 0x000000070be00000, 0x000000070be00000| Complete 
|  84|0x000000070c000000, 0x000000070c200000, 0x000000070c200000|100%| O|  |TAMS 0x000000070c000000, 0x000000070c000000| Untracked 
|  85|0x000000070c200000, 0x000000070c400000, 0x000000070c400000|100%| O|  |TAMS 0x000000070c200000, 0x000000070c200000| Untracked 
|  86|0x000000070c400000, 0x000000070c600000, 0x000000070c600000|100%| O|  |TAMS 0x000000070c400000, 0x000000070c400000| Untracked 
|  87|0x000000070c600000, 0x000000070c800000, 0x000000070c800000|100%| O|  |TAMS 0x000000070c600000, 0x000000070c600000| Untracked 
|  88|0x000000070c800000, 0x000000070ca00000, 0x000000070ca00000|100%| O|  |TAMS 0x000000070c800000, 0x000000070c800000| Untracked 
|  89|0x000000070ca00000, 0x000000070cc00000, 0x000000070cc00000|100%| O|  |TAMS 0x000000070ca00000, 0x000000070ca00000| Untracked 
|  90|0x000000070cc00000, 0x000000070ce00000, 0x000000070ce00000|100%| O|  |TAMS 0x000000070cc00000, 0x000000070cc00000| Untracked 
|  91|0x000000070ce00000, 0x000000070d000000, 0x000000070d000000|100%| O|  |TAMS 0x000000070ce00000, 0x000000070ce00000| Untracked 
|  92|0x000000070d000000, 0x000000070d200000, 0x000000070d200000|100%| O|  |TAMS 0x000000070d000000, 0x000000070d000000| Untracked 
|  93|0x000000070d200000, 0x000000070d400000, 0x000000070d400000|100%| O|  |TAMS 0x000000070d200000, 0x000000070d200000| Untracked 
|  94|0x000000070d400000, 0x000000070d600000, 0x000000070d600000|100%| O|  |TAMS 0x000000070d400000, 0x000000070d400000| Untracked 
|  95|0x000000070d600000, 0x000000070d800000, 0x000000070d800000|100%| O|  |TAMS 0x000000070d600000, 0x000000070d600000| Untracked 
|  96|0x000000070d800000, 0x000000070da00000, 0x000000070da00000|100%| O|  |TAMS 0x000000070d800000, 0x000000070d800000| Untracked 
|  97|0x000000070da00000, 0x000000070dc00000, 0x000000070dc00000|100%| O|  |TAMS 0x000000070da00000, 0x000000070da00000| Untracked 
|  98|0x000000070dc00000, 0x000000070de00000, 0x000000070de00000|100%| O|  |TAMS 0x000000070dc00000, 0x000000070dc00000| Untracked 
|  99|0x000000070de00000, 0x000000070e000000, 0x000000070e000000|100%| O|  |TAMS 0x000000070de00000, 0x000000070de00000| Untracked 
| 100|0x000000070e000000, 0x000000070e200000, 0x000000070e200000|100%| O|  |TAMS 0x000000070e000000, 0x000000070e000000| Untracked 
| 101|0x000000070e200000, 0x000000070e400000, 0x000000070e400000|100%| O|  |TAMS 0x000000070e200000, 0x000000070e200000| Untracked 
| 102|0x000000070e400000, 0x000000070e600000, 0x000000070e600000|100%| O|  |TAMS 0x000000070e400000, 0x000000070e400000| Untracked 
| 103|0x000000070e600000, 0x000000070e800000, 0x000000070e800000|100%| O|  |TAMS 0x000000070e600000, 0x000000070e600000| Untracked 
| 104|0x000000070e800000, 0x000000070ea00000, 0x000000070ea00000|100%| O|  |TAMS 0x000000070e800000, 0x000000070e800000| Untracked 
| 105|0x000000070ea00000, 0x000000070ec00000, 0x000000070ec00000|100%| O|  |TAMS 0x000000070ea00000, 0x000000070ea00000| Untracked 
| 106|0x000000070ec00000, 0x000000070ee00000, 0x000000070ee00000|100%| O|  |TAMS 0x000000070ec00000, 0x000000070ec00000| Untracked 
| 107|0x000000070ee00000, 0x000000070f000000, 0x000000070f000000|100%| O|  |TAMS 0x000000070ee00000, 0x000000070ee00000| Untracked 
| 108|0x000000070f000000, 0x000000070f200000, 0x000000070f200000|100%| O|  |TAMS 0x000000070f000000, 0x000000070f000000| Untracked 
| 109|0x000000070f200000, 0x000000070f400000, 0x000000070f400000|100%| O|  |TAMS 0x000000070f200000, 0x000000070f200000| Untracked 
| 110|0x000000070f400000, 0x000000070f600000, 0x000000070f600000|100%| O|  |TAMS 0x000000070f400000, 0x000000070f400000| Untracked 
| 111|0x000000070f600000, 0x000000070f800000, 0x000000070f800000|100%| O|  |TAMS 0x000000070f600000, 0x000000070f600000| Untracked 
| 112|0x000000070f800000, 0x000000070fa00000, 0x000000070fa00000|100%| O|  |TAMS 0x000000070f800000, 0x000000070f800000| Untracked 
| 113|0x000000070fa00000, 0x000000070fc00000, 0x000000070fc00000|100%| O|  |TAMS 0x000000070fa00000, 0x000000070fa00000| Untracked 
| 114|0x000000070fc00000, 0x000000070fe00000, 0x000000070fe00000|100%| O|  |TAMS 0x000000070fc00000, 0x000000070fc00000| Untracked 
| 115|0x000000070fe00000, 0x0000000710000000, 0x0000000710000000|100%| O|  |TAMS 0x000000070fe00000, 0x000000070fe00000| Untracked 
| 116|0x0000000710000000, 0x0000000710200000, 0x0000000710200000|100%| O|  |TAMS 0x0000000710000000, 0x0000000710000000| Untracked 
| 117|0x0000000710200000, 0x0000000710400000, 0x0000000710400000|100%| O|  |TAMS 0x0000000710200000, 0x0000000710200000| Untracked 
| 118|0x0000000710400000, 0x0000000710600000, 0x0000000710600000|100%| O|  |TAMS 0x0000000710400000, 0x0000000710400000| Untracked 
| 119|0x0000000710600000, 0x0000000710800000, 0x0000000710800000|100%| O|  |TAMS 0x0000000710600000, 0x0000000710600000| Untracked 
| 120|0x0000000710800000, 0x0000000710a00000, 0x0000000710a00000|100%| O|  |TAMS 0x0000000710800000, 0x0000000710800000| Untracked 
| 121|0x0000000710a00000, 0x0000000710c00000, 0x0000000710c00000|100%| O|  |TAMS 0x0000000710a00000, 0x0000000710a00000| Untracked 
| 122|0x0000000710c00000, 0x0000000710e00000, 0x0000000710e00000|100%| O|  |TAMS 0x0000000710c00000, 0x0000000710c00000| Untracked 
| 123|0x0000000710e00000, 0x0000000711000000, 0x0000000711000000|100%| O|  |TAMS 0x0000000710e00000, 0x0000000710e00000| Untracked 
| 124|0x0000000711000000, 0x0000000711200000, 0x0000000711200000|100%|HS|  |TAMS 0x0000000711000000, 0x0000000711000000| Complete 
| 125|0x0000000711200000, 0x0000000711400000, 0x0000000711400000|100%|HC|  |TAMS 0x0000000711200000, 0x0000000711200000| Complete 
| 126|0x0000000711400000, 0x0000000711600000, 0x0000000711600000|100%| O|  |TAMS 0x0000000711400000, 0x0000000711400000| Untracked 
| 127|0x0000000711600000, 0x0000000711800000, 0x0000000711800000|100%| O|  |TAMS 0x0000000711600000, 0x0000000711600000| Untracked 
| 128|0x0000000711800000, 0x0000000711a00000, 0x0000000711a00000|100%| O|  |TAMS 0x0000000711800000, 0x0000000711800000| Untracked 
| 129|0x0000000711a00000, 0x0000000711c00000, 0x0000000711c00000|100%| O|  |TAMS 0x0000000711a00000, 0x0000000711a00000| Untracked 
| 130|0x0000000711c00000, 0x0000000711e00000, 0x0000000711e00000|100%| O|  |TAMS 0x0000000711c00000, 0x0000000711c00000| Untracked 
| 131|0x0000000711e00000, 0x0000000712000000, 0x0000000712000000|100%| O|  |TAMS 0x0000000711e00000, 0x0000000711e00000| Untracked 
| 132|0x0000000712000000, 0x0000000712200000, 0x0000000712200000|100%| O|  |TAMS 0x0000000712000000, 0x0000000712000000| Untracked 
| 133|0x0000000712200000, 0x0000000712400000, 0x0000000712400000|100%| O|  |TAMS 0x0000000712200000, 0x0000000712200000| Untracked 
| 134|0x0000000712400000, 0x0000000712600000, 0x0000000712600000|100%| O|  |TAMS 0x0000000712400000, 0x0000000712400000| Untracked 
| 135|0x0000000712600000, 0x0000000712800000, 0x0000000712800000|100%| O|  |TAMS 0x0000000712600000, 0x0000000712600000| Untracked 
| 136|0x0000000712800000, 0x0000000712a00000, 0x0000000712a00000|100%| O|  |TAMS 0x0000000712800000, 0x0000000712800000| Untracked 
| 137|0x0000000712a00000, 0x0000000712c00000, 0x0000000712c00000|100%| O|  |TAMS 0x0000000712a00000, 0x0000000712a00000| Untracked 
| 138|0x0000000712c00000, 0x0000000712e00000, 0x0000000712e00000|100%| O|  |TAMS 0x0000000712c00000, 0x0000000712c00000| Untracked 
| 139|0x0000000712e00000, 0x0000000713000000, 0x0000000713000000|100%| O|  |TAMS 0x0000000712e00000, 0x0000000712e00000| Untracked 
| 140|0x0000000713000000, 0x0000000713200000, 0x0000000713200000|100%| O|  |TAMS 0x0000000713000000, 0x0000000713000000| Untracked 
| 141|0x0000000713200000, 0x0000000713400000, 0x0000000713400000|100%| O|  |TAMS 0x0000000713200000, 0x0000000713200000| Untracked 
| 142|0x0000000713400000, 0x0000000713600000, 0x0000000713600000|100%| O|  |TAMS 0x0000000713400000, 0x0000000713400000| Untracked 
| 143|0x0000000713600000, 0x0000000713800000, 0x0000000713800000|100%| O|  |TAMS 0x0000000713600000, 0x0000000713600000| Untracked 
| 144|0x0000000713800000, 0x0000000713a00000, 0x0000000713a00000|100%| O|  |TAMS 0x0000000713800000, 0x0000000713800000| Untracked 
| 145|0x0000000713a00000, 0x0000000713c00000, 0x0000000713c00000|100%| O|  |TAMS 0x0000000713a00000, 0x0000000713a00000| Untracked 
| 146|0x0000000713c00000, 0x0000000713e00000, 0x0000000713e00000|100%| O|  |TAMS 0x0000000713c00000, 0x0000000713c00000| Untracked 
| 147|0x0000000713e00000, 0x0000000714000000, 0x0000000714000000|100%| O|  |TAMS 0x0000000713e00000, 0x0000000713e00000| Untracked 
| 148|0x0000000714000000, 0x0000000714200000, 0x0000000714200000|100%| O|  |TAMS 0x0000000714000000, 0x0000000714000000| Untracked 
| 149|0x0000000714200000, 0x0000000714400000, 0x0000000714400000|100%| O|  |TAMS 0x0000000714200000, 0x0000000714200000| Untracked 
| 150|0x0000000714400000, 0x0000000714600000, 0x0000000714600000|100%| O|  |TAMS 0x0000000714400000, 0x0000000714400000| Untracked 
| 151|0x0000000714600000, 0x0000000714800000, 0x0000000714800000|100%| O|  |TAMS 0x0000000714600000, 0x0000000714600000| Untracked 
| 152|0x0000000714800000, 0x0000000714a00000, 0x0000000714a00000|100%| O|  |TAMS 0x0000000714800000, 0x0000000714800000| Untracked 
| 153|0x0000000714a00000, 0x0000000714c00000, 0x0000000714c00000|100%| O|  |TAMS 0x0000000714a00000, 0x0000000714a00000| Untracked 
| 154|0x0000000714c00000, 0x0000000714e00000, 0x0000000714e00000|100%| O|  |TAMS 0x0000000714c00000, 0x0000000714c00000| Untracked 
| 155|0x0000000714e00000, 0x0000000715000000, 0x0000000715000000|100%| O|  |TAMS 0x0000000714e00000, 0x0000000714e00000| Untracked 
| 156|0x0000000715000000, 0x0000000715200000, 0x0000000715200000|100%| O|  |TAMS 0x0000000715000000, 0x0000000715000000| Untracked 
| 157|0x0000000715200000, 0x0000000715400000, 0x0000000715400000|100%| O|  |TAMS 0x0000000715200000, 0x0000000715200000| Untracked 
| 158|0x0000000715400000, 0x0000000715600000, 0x0000000715600000|100%| O|  |TAMS 0x0000000715400000, 0x0000000715400000| Untracked 
| 159|0x0000000715600000, 0x0000000715800000, 0x0000000715800000|100%| O|  |TAMS 0x0000000715600000, 0x0000000715600000| Untracked 
| 160|0x0000000715800000, 0x0000000715a00000, 0x0000000715a00000|100%| O|  |TAMS 0x0000000715800000, 0x0000000715800000| Untracked 
| 161|0x0000000715a00000, 0x0000000715c00000, 0x0000000715c00000|100%| O|  |TAMS 0x0000000715a00000, 0x0000000715a00000| Untracked 
| 162|0x0000000715c00000, 0x0000000715e00000, 0x0000000715e00000|100%| O|  |TAMS 0x0000000715c00000, 0x0000000715c00000| Untracked 
| 163|0x0000000715e00000, 0x0000000716000000, 0x0000000716000000|100%| O|  |TAMS 0x0000000715e00000, 0x0000000715e00000| Untracked 
| 164|0x0000000716000000, 0x0000000716200000, 0x0000000716200000|100%| O|  |TAMS 0x0000000716000000, 0x0000000716000000| Untracked 
| 165|0x0000000716200000, 0x0000000716400000, 0x0000000716400000|100%| O|  |TAMS 0x0000000716200000, 0x0000000716200000| Untracked 
| 166|0x0000000716400000, 0x0000000716600000, 0x0000000716600000|100%| O|  |TAMS 0x0000000716400000, 0x0000000716400000| Untracked 
| 167|0x0000000716600000, 0x0000000716800000, 0x0000000716800000|100%| O|  |TAMS 0x0000000716600000, 0x0000000716600000| Untracked 
| 168|0x0000000716800000, 0x0000000716a00000, 0x0000000716a00000|100%| O|  |TAMS 0x0000000716800000, 0x0000000716800000| Untracked 
| 169|0x0000000716a00000, 0x0000000716c00000, 0x0000000716c00000|100%| O|  |TAMS 0x0000000716a00000, 0x0000000716a00000| Untracked 
| 170|0x0000000716c00000, 0x0000000716e00000, 0x0000000716e00000|100%| O|  |TAMS 0x0000000716c00000, 0x0000000716c00000| Untracked 
| 171|0x0000000716e00000, 0x0000000717000000, 0x0000000717000000|100%| O|  |TAMS 0x0000000716e00000, 0x0000000716e00000| Untracked 
| 172|0x0000000717000000, 0x0000000717200000, 0x0000000717200000|100%| O|  |TAMS 0x0000000717000000, 0x0000000717000000| Untracked 
| 173|0x0000000717200000, 0x0000000717400000, 0x0000000717400000|100%| O|  |TAMS 0x0000000717200000, 0x0000000717200000| Untracked 
| 174|0x0000000717400000, 0x0000000717600000, 0x0000000717600000|100%| O|  |TAMS 0x0000000717400000, 0x0000000717400000| Untracked 
| 175|0x0000000717600000, 0x0000000717800000, 0x0000000717800000|100%| O|  |TAMS 0x0000000717600000, 0x0000000717600000| Untracked 
| 176|0x0000000717800000, 0x0000000717a00000, 0x0000000717a00000|100%| O|  |TAMS 0x0000000717800000, 0x0000000717800000| Untracked 
| 177|0x0000000717a00000, 0x0000000717c00000, 0x0000000717c00000|100%| O|  |TAMS 0x0000000717a00000, 0x0000000717a00000| Untracked 
| 178|0x0000000717c00000, 0x0000000717e00000, 0x0000000717e00000|100%|HS|  |TAMS 0x0000000717c00000, 0x0000000717c00000| Complete 
| 179|0x0000000717e00000, 0x0000000718000000, 0x0000000718000000|100%|HS|  |TAMS 0x0000000717e00000, 0x0000000717e00000| Complete 
| 180|0x0000000718000000, 0x0000000718200000, 0x0000000718200000|100%| O|  |TAMS 0x0000000718000000, 0x0000000718000000| Untracked 
| 181|0x0000000718200000, 0x0000000718400000, 0x0000000718400000|100%| O|  |TAMS 0x0000000718200000, 0x0000000718200000| Untracked 
| 182|0x0000000718400000, 0x0000000718600000, 0x0000000718600000|100%| O|  |TAMS 0x0000000718400000, 0x0000000718400000| Untracked 
| 183|0x0000000718600000, 0x0000000718800000, 0x0000000718800000|100%| O|  |TAMS 0x0000000718600000, 0x0000000718600000| Untracked 
| 184|0x0000000718800000, 0x0000000718a00000, 0x0000000718a00000|100%| O|  |TAMS 0x0000000718800000, 0x0000000718800000| Untracked 
| 185|0x0000000718a00000, 0x0000000718c00000, 0x0000000718c00000|100%| O|  |TAMS 0x0000000718a00000, 0x0000000718a00000| Untracked 
| 186|0x0000000718c00000, 0x0000000718e00000, 0x0000000718e00000|100%| O|  |TAMS 0x0000000718c00000, 0x0000000718c00000| Untracked 
| 187|0x0000000718e00000, 0x0000000719000000, 0x0000000719000000|100%| O|  |TAMS 0x0000000718e00000, 0x0000000718e00000| Untracked 
| 188|0x0000000719000000, 0x0000000719200000, 0x0000000719200000|100%| O|  |TAMS 0x0000000719000000, 0x0000000719000000| Untracked 
| 189|0x0000000719200000, 0x0000000719400000, 0x0000000719400000|100%| O|  |TAMS 0x0000000719200000, 0x0000000719200000| Untracked 
| 190|0x0000000719400000, 0x0000000719600000, 0x0000000719600000|100%| O|  |TAMS 0x0000000719400000, 0x0000000719400000| Untracked 
| 191|0x0000000719600000, 0x0000000719800000, 0x0000000719800000|100%| O|  |TAMS 0x0000000719600000, 0x0000000719600000| Untracked 
| 192|0x0000000719800000, 0x0000000719a00000, 0x0000000719a00000|100%| O|  |TAMS 0x0000000719800000, 0x0000000719800000| Untracked 
| 193|0x0000000719a00000, 0x0000000719c00000, 0x0000000719c00000|100%| O|  |TAMS 0x0000000719a00000, 0x0000000719a00000| Untracked 
| 194|0x0000000719c00000, 0x0000000719e00000, 0x0000000719e00000|100%| O|  |TAMS 0x0000000719c00000, 0x0000000719c00000| Untracked 
| 195|0x0000000719e00000, 0x000000071a000000, 0x000000071a000000|100%| O|  |TAMS 0x0000000719e00000, 0x0000000719e00000| Untracked 
| 196|0x000000071a000000, 0x000000071a200000, 0x000000071a200000|100%| O|  |TAMS 0x000000071a000000, 0x000000071a000000| Untracked 
| 197|0x000000071a200000, 0x000000071a400000, 0x000000071a400000|100%| O|  |TAMS 0x000000071a200000, 0x000000071a200000| Untracked 
| 198|0x000000071a400000, 0x000000071a600000, 0x000000071a600000|100%| O|  |TAMS 0x000000071a400000, 0x000000071a400000| Untracked 
| 199|0x000000071a600000, 0x000000071a800000, 0x000000071a800000|100%| O|  |TAMS 0x000000071a600000, 0x000000071a600000| Untracked 
| 200|0x000000071a800000, 0x000000071aa00000, 0x000000071aa00000|100%| O|  |TAMS 0x000000071a800000, 0x000000071a800000| Untracked 
| 201|0x000000071aa00000, 0x000000071ac00000, 0x000000071ac00000|100%| O|  |TAMS 0x000000071aa00000, 0x000000071aa00000| Untracked 
| 202|0x000000071ac00000, 0x000000071ae00000, 0x000000071ae00000|100%| O|  |TAMS 0x000000071ac00000, 0x000000071ac00000| Untracked 
| 203|0x000000071ae00000, 0x000000071b000000, 0x000000071b000000|100%| O|  |TAMS 0x000000071ae00000, 0x000000071ae00000| Untracked 
| 204|0x000000071b000000, 0x000000071b200000, 0x000000071b200000|100%| O|  |TAMS 0x000000071b000000, 0x000000071b000000| Untracked 
| 205|0x000000071b200000, 0x000000071b400000, 0x000000071b400000|100%| O|  |TAMS 0x000000071b200000, 0x000000071b200000| Untracked 
| 206|0x000000071b400000, 0x000000071b600000, 0x000000071b600000|100%| O|  |TAMS 0x000000071b400000, 0x000000071b400000| Untracked 
| 207|0x000000071b600000, 0x000000071b800000, 0x000000071b800000|100%| O|  |TAMS 0x000000071b600000, 0x000000071b600000| Untracked 
| 208|0x000000071b800000, 0x000000071ba00000, 0x000000071ba00000|100%| O|  |TAMS 0x000000071b800000, 0x000000071b800000| Untracked 
| 209|0x000000071ba00000, 0x000000071bc00000, 0x000000071bc00000|100%| O|  |TAMS 0x000000071ba00000, 0x000000071ba00000| Untracked 
| 210|0x000000071bc00000, 0x000000071be00000, 0x000000071be00000|100%| O|  |TAMS 0x000000071bc00000, 0x000000071bc00000| Untracked 
| 211|0x000000071be00000, 0x000000071c000000, 0x000000071c000000|100%| O|  |TAMS 0x000000071be00000, 0x000000071be00000| Untracked 
| 212|0x000000071c000000, 0x000000071c200000, 0x000000071c200000|100%| O|  |TAMS 0x000000071c000000, 0x000000071c000000| Untracked 
| 213|0x000000071c200000, 0x000000071c400000, 0x000000071c400000|100%| O|  |TAMS 0x000000071c200000, 0x000000071c200000| Untracked 
| 214|0x000000071c400000, 0x000000071c600000, 0x000000071c600000|100%| O|  |TAMS 0x000000071c400000, 0x000000071c400000| Untracked 
| 215|0x000000071c600000, 0x000000071c800000, 0x000000071c800000|100%| O|  |TAMS 0x000000071c600000, 0x000000071c600000| Untracked 
| 216|0x000000071c800000, 0x000000071ca00000, 0x000000071ca00000|100%| O|  |TAMS 0x000000071c800000, 0x000000071c800000| Untracked 
| 217|0x000000071ca00000, 0x000000071cc00000, 0x000000071cc00000|100%| O|  |TAMS 0x000000071ca00000, 0x000000071ca00000| Untracked 
| 218|0x000000071cc00000, 0x000000071ce00000, 0x000000071ce00000|100%| O|  |TAMS 0x000000071cc00000, 0x000000071cc00000| Untracked 
| 219|0x000000071ce00000, 0x000000071d000000, 0x000000071d000000|100%| O|  |TAMS 0x000000071ce00000, 0x000000071ce00000| Untracked 
| 220|0x000000071d000000, 0x000000071d200000, 0x000000071d200000|100%| O|  |TAMS 0x000000071d000000, 0x000000071d000000| Untracked 
| 221|0x000000071d200000, 0x000000071d400000, 0x000000071d400000|100%| O|  |TAMS 0x000000071d200000, 0x000000071d200000| Untracked 
| 222|0x000000071d400000, 0x000000071d600000, 0x000000071d600000|100%| O|  |TAMS 0x000000071d400000, 0x000000071d400000| Untracked 
| 223|0x000000071d600000, 0x000000071d800000, 0x000000071d800000|100%| O|  |TAMS 0x000000071d600000, 0x000000071d600000| Untracked 
| 224|0x000000071d800000, 0x000000071da00000, 0x000000071da00000|100%| O|  |TAMS 0x000000071d800000, 0x000000071d800000| Untracked 
| 225|0x000000071da00000, 0x000000071dc00000, 0x000000071dc00000|100%| O|  |TAMS 0x000000071da00000, 0x000000071da00000| Untracked 
| 226|0x000000071dc00000, 0x000000071de00000, 0x000000071de00000|100%| O|  |TAMS 0x000000071dc00000, 0x000000071dc00000| Untracked 
| 227|0x000000071de00000, 0x000000071e000000, 0x000000071e000000|100%| O|  |TAMS 0x000000071de00000, 0x000000071de00000| Untracked 
| 228|0x000000071e000000, 0x000000071e200000, 0x000000071e200000|100%| O|  |TAMS 0x000000071e000000, 0x000000071e000000| Untracked 
| 229|0x000000071e200000, 0x000000071e400000, 0x000000071e400000|100%| O|  |TAMS 0x000000071e200000, 0x000000071e200000| Untracked 
| 230|0x000000071e400000, 0x000000071e600000, 0x000000071e600000|100%| O|  |TAMS 0x000000071e400000, 0x000000071e400000| Untracked 
| 231|0x000000071e600000, 0x000000071e800000, 0x000000071e800000|100%| O|  |TAMS 0x000000071e600000, 0x000000071e600000| Untracked 
| 232|0x000000071e800000, 0x000000071ea00000, 0x000000071ea00000|100%| O|  |TAMS 0x000000071e800000, 0x000000071e800000| Untracked 
| 233|0x000000071ea00000, 0x000000071ec00000, 0x000000071ec00000|100%| O|  |TAMS 0x000000071ea00000, 0x000000071ea00000| Untracked 
| 234|0x000000071ec00000, 0x000000071ee00000, 0x000000071ee00000|100%| O|  |TAMS 0x000000071ec00000, 0x000000071ec00000| Untracked 
| 235|0x000000071ee00000, 0x000000071f000000, 0x000000071f000000|100%| O|  |TAMS 0x000000071ee00000, 0x000000071ee00000| Untracked 
| 236|0x000000071f000000, 0x000000071f200000, 0x000000071f200000|100%| O|  |TAMS 0x000000071f000000, 0x000000071f000000| Untracked 
| 237|0x000000071f200000, 0x000000071f400000, 0x000000071f400000|100%| O|  |TAMS 0x000000071f200000, 0x000000071f200000| Untracked 
| 238|0x000000071f400000, 0x000000071f600000, 0x000000071f600000|100%| O|  |TAMS 0x000000071f400000, 0x000000071f400000| Untracked 
| 239|0x000000071f600000, 0x000000071f800000, 0x000000071f800000|100%| O|  |TAMS 0x000000071f600000, 0x000000071f600000| Untracked 
| 240|0x000000071f800000, 0x000000071fa00000, 0x000000071fa00000|100%| O|  |TAMS 0x000000071f800000, 0x000000071f800000| Untracked 
| 241|0x000000071fa00000, 0x000000071fc00000, 0x000000071fc00000|100%| O|  |TAMS 0x000000071fa00000, 0x000000071fa00000| Untracked 
| 242|0x000000071fc00000, 0x000000071fe00000, 0x000000071fe00000|100%| O|  |TAMS 0x000000071fc00000, 0x000000071fc00000| Untracked 
| 243|0x000000071fe00000, 0x0000000720000000, 0x0000000720000000|100%| O|  |TAMS 0x000000071fe00000, 0x000000071fe00000| Untracked 
| 244|0x0000000720000000, 0x0000000720200000, 0x0000000720200000|100%| O|  |TAMS 0x0000000720000000, 0x0000000720000000| Untracked 
| 245|0x0000000720200000, 0x0000000720400000, 0x0000000720400000|100%| O|  |TAMS 0x0000000720200000, 0x0000000720200000| Untracked 
| 246|0x0000000720400000, 0x0000000720600000, 0x0000000720600000|100%| O|  |TAMS 0x0000000720400000, 0x0000000720400000| Untracked 
| 247|0x0000000720600000, 0x0000000720800000, 0x0000000720800000|100%| O|  |TAMS 0x0000000720600000, 0x0000000720600000| Untracked 
| 248|0x0000000720800000, 0x0000000720a00000, 0x0000000720a00000|100%| O|  |TAMS 0x0000000720800000, 0x0000000720800000| Untracked 
| 249|0x0000000720a00000, 0x0000000720c00000, 0x0000000720c00000|100%| O|  |TAMS 0x0000000720a00000, 0x0000000720a00000| Untracked 
| 250|0x0000000720c00000, 0x0000000720e00000, 0x0000000720e00000|100%| O|  |TAMS 0x0000000720c00000, 0x0000000720c00000| Untracked 
| 251|0x0000000720e00000, 0x0000000720f93600, 0x0000000721000000| 78%| O|  |TAMS 0x0000000720e00000, 0x0000000720e00000| Untracked 
| 252|0x0000000721000000, 0x0000000721000000, 0x0000000721200000|  0%| F|  |TAMS 0x0000000721000000, 0x0000000721000000| Untracked 
| 253|0x0000000721200000, 0x0000000721200000, 0x0000000721400000|  0%| F|  |TAMS 0x0000000721200000, 0x0000000721200000| Untracked 
| 254|0x0000000721400000, 0x0000000721400000, 0x0000000721600000|  0%| F|  |TAMS 0x0000000721400000, 0x0000000721400000| Untracked 
| 255|0x0000000721600000, 0x0000000721600000, 0x0000000721800000|  0%| F|  |TAMS 0x0000000721600000, 0x0000000721600000| Untracked 
| 256|0x0000000721800000, 0x0000000721800000, 0x0000000721a00000|  0%| F|  |TAMS 0x0000000721800000, 0x0000000721800000| Untracked 
| 257|0x0000000721a00000, 0x0000000721a00000, 0x0000000721c00000|  0%| F|  |TAMS 0x0000000721a00000, 0x0000000721a00000| Untracked 
| 258|0x0000000721c00000, 0x0000000721c00000, 0x0000000721e00000|  0%| F|  |TAMS 0x0000000721c00000, 0x0000000721c00000| Untracked 
| 259|0x0000000721e00000, 0x0000000721e00000, 0x0000000722000000|  0%| F|  |TAMS 0x0000000721e00000, 0x0000000721e00000| Untracked 
| 260|0x0000000722000000, 0x0000000722000000, 0x0000000722200000|  0%| F|  |TAMS 0x0000000722000000, 0x0000000722000000| Untracked 
| 261|0x0000000722200000, 0x0000000722200000, 0x0000000722400000|  0%| F|  |TAMS 0x0000000722200000, 0x0000000722200000| Untracked 
| 262|0x0000000722400000, 0x0000000722400000, 0x0000000722600000|  0%| F|  |TAMS 0x0000000722400000, 0x0000000722400000| Untracked 
| 263|0x0000000722600000, 0x0000000722600000, 0x0000000722800000|  0%| F|  |TAMS 0x0000000722600000, 0x0000000722600000| Untracked 
| 264|0x0000000722800000, 0x0000000722800000, 0x0000000722a00000|  0%| F|  |TAMS 0x0000000722800000, 0x0000000722800000| Untracked 
| 265|0x0000000722a00000, 0x0000000722a00000, 0x0000000722c00000|  0%| F|  |TAMS 0x0000000722a00000, 0x0000000722a00000| Untracked 
| 266|0x0000000722c00000, 0x0000000722c00000, 0x0000000722e00000|  0%| F|  |TAMS 0x0000000722c00000, 0x0000000722c00000| Untracked 
| 267|0x0000000722e00000, 0x0000000722e00000, 0x0000000723000000|  0%| F|  |TAMS 0x0000000722e00000, 0x0000000722e00000| Untracked 
| 268|0x0000000723000000, 0x0000000723000000, 0x0000000723200000|  0%| F|  |TAMS 0x0000000723000000, 0x0000000723000000| Untracked 
| 269|0x0000000723200000, 0x0000000723200000, 0x0000000723400000|  0%| F|  |TAMS 0x0000000723200000, 0x0000000723200000| Untracked 
| 270|0x0000000723400000, 0x000000072356d850, 0x0000000723600000| 71%| S|CS|TAMS 0x0000000723400000, 0x0000000723400000| Complete 
| 271|0x0000000723600000, 0x0000000723600000, 0x0000000723800000|  0%| F|  |TAMS 0x0000000723600000, 0x0000000723600000| Untracked 
| 272|0x0000000723800000, 0x0000000723800000, 0x0000000723a00000|  0%| F|  |TAMS 0x0000000723800000, 0x0000000723800000| Untracked 
| 273|0x0000000723a00000, 0x0000000723a00000, 0x0000000723c00000|  0%| F|  |TAMS 0x0000000723a00000, 0x0000000723a00000| Untracked 
| 274|0x0000000723c00000, 0x0000000723c00000, 0x0000000723e00000|  0%| F|  |TAMS 0x0000000723c00000, 0x0000000723c00000| Untracked 
| 275|0x0000000723e00000, 0x0000000723e00000, 0x0000000724000000|  0%| F|  |TAMS 0x0000000723e00000, 0x0000000723e00000| Untracked 
| 276|0x0000000724000000, 0x0000000724000000, 0x0000000724200000|  0%| F|  |TAMS 0x0000000724000000, 0x0000000724000000| Untracked 
| 277|0x0000000724200000, 0x000000072423a978, 0x0000000724400000| 11%| E|  |TAMS 0x0000000724200000, 0x0000000724200000| Complete 
| 278|0x0000000724400000, 0x0000000724600000, 0x0000000724600000|100%| E|CS|TAMS 0x0000000724400000, 0x0000000724400000| Complete 
| 279|0x0000000724600000, 0x0000000724800000, 0x0000000724800000|100%| E|CS|TAMS 0x0000000724600000, 0x0000000724600000| Complete 
| 280|0x0000000724800000, 0x0000000724a00000, 0x0000000724a00000|100%| E|  |TAMS 0x0000000724800000, 0x0000000724800000| Complete 
| 281|0x0000000724a00000, 0x0000000724c00000, 0x0000000724c00000|100%| E|CS|TAMS 0x0000000724a00000, 0x0000000724a00000| Complete 
| 282|0x0000000724c00000, 0x0000000724e00000, 0x0000000724e00000|100%| E|CS|TAMS 0x0000000724c00000, 0x0000000724c00000| Complete 
| 283|0x0000000724e00000, 0x0000000725000000, 0x0000000725000000|100%| E|CS|TAMS 0x0000000724e00000, 0x0000000724e00000| Complete 

Card table byte_map: [0x000001f07abe0000,0x000001f07b3e0000] _byte_map_base: 0x000001f0773d4000

Marking Bits (Prev, Next): (CMBitMap*) 0x000001f063636e20, (CMBitMap*) 0x000001f063636de0
 Prev Bits: [0x000001f000000000, 0x000001f003fa0000)
 Next Bits: [0x000001f07bbe0000, 0x000001f07fb80000)

Polling page: 0x000001f061470000

Metaspace:

Usage:
  Non-class:     74.03 MB used.
      Class:      8.33 MB used.
       Both:     82.36 MB used.

Virtual space:
  Non-class space:      128.00 MB reserved,      74.94 MB ( 59%) committed,  2 nodes.
      Class space:        1.00 GB reserved,       9.00 MB ( <1%) committed,  1 nodes.
             Both:        1.12 GB reserved,      83.94 MB (  7%) committed. 

Chunk freelists:
   Non-Class:  1.01 MB
       Class:  3.02 MB
        Both:  4.03 MB

MaxMetaspaceSize: unlimited
CompressedClassSpaceSize: 1.00 GB
Initial GC threshold: 21.00 MB
Current GC threshold: 106.25 MB
CDS: on
MetaspaceReclaimPolicy: balanced
 - commit_granule_bytes: 65536.
 - commit_granule_words: 8192.
 - virtual_space_node_default_size: 8388608.
 - enlarge_chunks_in_place: 1.
 - new_chunks_are_fully_committed: 0.
 - uncommit_free_chunks: 1.
 - use_allocation_guard: 0.


Internal statistics:

num_allocs_failed_limit: 6.
num_arena_births: 1588.
num_arena_deaths: 56.
num_vsnodes_births: 3.
num_vsnodes_deaths: 0.
num_space_committed: 1343.
num_space_uncommitted: 0.
num_chunks_returned_to_freelist: 74.
num_chunks_taken_from_freelist: 5559.
num_chunk_merges: 36.
num_chunk_splits: 3389.
num_chunks_enlarged: 1911.
num_inconsistent_stats: 0.

CodeHeap 'non-profiled nmethods': size=120000Kb used=11448Kb max_used=11728Kb free=108551Kb
 bounds [0x000001f072980000, 0x000001f073500000, 0x000001f079eb0000]
CodeHeap 'profiled nmethods': size=120000Kb used=33905Kb max_used=34996Kb free=86094Kb
 bounds [0x000001f06b450000, 0x000001f06d690000, 0x000001f072980000]
CodeHeap 'non-nmethods': size=5760Kb used=1474Kb max_used=1557Kb free=4285Kb
 bounds [0x000001f06aeb0000, 0x000001f06b120000, 0x000001f06b450000]
 total_blobs=14872 nmethods=14058 adapters=723
 compilation: enabled
              stopped_count=0, restarted_count=0
 full_count=0

Compilation events (20 events):
Event: 306.654 Thread 0x000001f00a526bb0 nmethod 18428 0x000001f06c30f990 code [0x000001f06c30fb60, 0x000001f06c310048]
Event: 306.654 Thread 0x000001f00a526bb0 18429       3       org.eclipse.jdt.internal.compiler.ast.ClassLiteralAccess::resolveType (239 bytes)
Event: 306.656 Thread 0x000001f00a526bb0 nmethod 18429 0x000001f06c9f1410 code [0x000001f06c9f17a0, 0x000001f06c9f3398]
Event: 306.766 Thread 0x000001f00a526bb0 18430       3       org.eclipse.jdt.ls.core.internal.preferences.ClientPreferences::isAdvancedExtractRefactoringSupported (22 bytes)
Event: 306.766 Thread 0x000001f00a526bb0 nmethod 18430 0x000001f06b7ecd10 code [0x000001f06b7ecee0, 0x000001f06b7ed228]
Event: 306.767 Thread 0x000001f00a526bb0 18431       3       org.eclipse.jdt.internal.core.CompilationUnit::getType (10 bytes)
Event: 306.767 Thread 0x000001f00a526bb0 nmethod 18431 0x000001f06c42d910 code [0x000001f06c42dae0, 0x000001f06c42dea8]
Event: 306.768 Thread 0x000001f00a526bb0 18432       3       org.eclipse.jdt.internal.corext.dom.GenericVisitor::visit (6 bytes)
Event: 306.768 Thread 0x000001f00a526bb0 nmethod 18432 0x000001f06b4ae010 code [0x000001f06b4ae1c0, 0x000001f06b4ae388]
Event: 306.768 Thread 0x000001f00a526bb0 18433       3       org.eclipse.jdt.internal.corext.dom.GenericVisitor::endVisit (6 bytes)
Event: 306.768 Thread 0x000001f00a526bb0 nmethod 18433 0x000001f06b4f0410 code [0x000001f06b4f05a0, 0x000001f06b4f0798]
Event: 306.768 Thread 0x000001f00a526bb0 18434       3       org.eclipse.jdt.ls.core.internal.handlers.CodeActionHandler$$Lambda$802/0x00000008013f5ea0::accept (16 bytes)
Event: 306.768 Thread 0x000001f00a526bb0 nmethod 18434 0x000001f06b695490 code [0x000001f06b695640, 0x000001f06b695888]
Event: 306.768 Thread 0x000001f00a526bb0 18435       3       org.eclipse.jdt.ls.core.internal.handlers.CodeActionHandler::lambda$1 (183 bytes)
Event: 306.769 Thread 0x000001f00a526bb0 nmethod 18435 0x000001f06d3b5790 code [0x000001f06d3b5ac0, 0x000001f06d3b7738]
Event: 306.769 Thread 0x000001f00a526bb0 18436       3       java.lang.invoke.LambdaForm$MH/0x00000008014b4000::invoke (42 bytes)
Event: 306.770 Thread 0x000001f00a526bb0 nmethod 18436 0x000001f06c7cfb90 code [0x000001f06c7cfe20, 0x000001f06c7d0c68]
Event: 306.859 Thread 0x000001f00a526bb0 18437       3       org.eclipse.jdt.core.Flags::isDeprecated (11 bytes)
Event: 306.860 Thread 0x000001f00a526bb0 nmethod 18437 0x000001f06b47b110 code [0x000001f06b47b2a0, 0x000001f06b47b3f8]
Event: 307.046 Thread 0x000001f00a526bb0 18438   !   3       org.eclipse.jdt.internal.core.JavaProject::isOnClasspath (284 bytes)

GC Heap History (20 events):
Event: 237.222 GC heap before
{Heap before GC invocations=109 (full 0):
 garbage-first heap   total 581632K, used 534891K [0x0000000701800000, 0x0000000800000000)
  region size 2048K, 14 young (28672K), 1 survivors (2048K)
 Metaspace       used 82408K, committed 83904K, reserved 1179648K
  class space    used 8311K, committed 8960K, reserved 1048576K
}
Event: 237.224 GC heap after
{Heap after GC invocations=110 (full 0):
 garbage-first heap   total 581632K, used 508835K [0x0000000701800000, 0x0000000800000000)
  region size 2048K, 2 young (4096K), 2 survivors (4096K)
 Metaspace       used 82408K, committed 83904K, reserved 1179648K
  class space    used 8311K, committed 8960K, reserved 1048576K
}
Event: 251.961 GC heap before
{Heap before GC invocations=110 (full 0):
 garbage-first heap   total 581632K, used 533411K [0x0000000701800000, 0x0000000800000000)
  region size 2048K, 14 young (28672K), 2 survivors (4096K)
 Metaspace       used 82494K, committed 84096K, reserved 1179648K
  class space    used 8312K, committed 8960K, reserved 1048576K
}
Event: 251.963 GC heap after
{Heap after GC invocations=111 (full 0):
 garbage-first heap   total 581632K, used 507912K [0x0000000701800000, 0x0000000800000000)
  region size 2048K, 1 young (2048K), 1 survivors (2048K)
 Metaspace       used 82494K, committed 84096K, reserved 1179648K
  class space    used 8312K, committed 8960K, reserved 1048576K
}
Event: 252.258 GC heap before
{Heap before GC invocations=111 (full 0):
 garbage-first heap   total 581632K, used 532488K [0x0000000701800000, 0x0000000800000000)
  region size 2048K, 14 young (28672K), 1 survivors (2048K)
 Metaspace       used 82592K, committed 84224K, reserved 1179648K
  class space    used 8324K, committed 9024K, reserved 1048576K
}
Event: 252.262 GC heap after
{Heap after GC invocations=112 (full 0):
 garbage-first heap   total 581632K, used 514745K [0x0000000701800000, 0x0000000800000000)
  region size 2048K, 2 young (4096K), 2 survivors (4096K)
 Metaspace       used 82592K, committed 84224K, reserved 1179648K
  class space    used 8324K, committed 9024K, reserved 1048576K
}
Event: 258.031 GC heap before
{Heap before GC invocations=112 (full 0):
 garbage-first heap   total 581632K, used 539321K [0x0000000701800000, 0x0000000800000000)
  region size 2048K, 14 young (28672K), 2 survivors (4096K)
 Metaspace       used 82696K, committed 84352K, reserved 1179648K
  class space    used 8333K, committed 9024K, reserved 1048576K
}
Event: 258.034 GC heap after
{Heap after GC invocations=113 (full 0):
 garbage-first heap   total 581632K, used 514425K [0x0000000701800000, 0x0000000800000000)
  region size 2048K, 1 young (2048K), 1 survivors (2048K)
 Metaspace       used 82696K, committed 84352K, reserved 1179648K
  class space    used 8333K, committed 9024K, reserved 1048576K
}
Event: 269.631 GC heap before
{Heap before GC invocations=113 (full 0):
 garbage-first heap   total 581632K, used 541049K [0x0000000701800000, 0x0000000800000000)
  region size 2048K, 14 young (28672K), 1 survivors (2048K)
 Metaspace       used 82974K, committed 84608K, reserved 1179648K
  class space    used 8347K, committed 9024K, reserved 1048576K
}
Event: 269.633 GC heap after
{Heap after GC invocations=114 (full 0):
 garbage-first heap   total 581632K, used 516618K [0x0000000701800000, 0x0000000800000000)
  region size 2048K, 2 young (4096K), 2 survivors (4096K)
 Metaspace       used 82974K, committed 84608K, reserved 1179648K
  class space    used 8347K, committed 9024K, reserved 1048576K
}
Event: 273.527 GC heap before
{Heap before GC invocations=114 (full 0):
 garbage-first heap   total 581632K, used 541194K [0x0000000701800000, 0x0000000800000000)
  region size 2048K, 14 young (28672K), 2 survivors (4096K)
 Metaspace       used 83016K, committed 84672K, reserved 1179648K
  class space    used 8348K, committed 9024K, reserved 1048576K
}
Event: 273.530 GC heap after
{Heap after GC invocations=115 (full 0):
 garbage-first heap   total 581632K, used 514869K [0x0000000701800000, 0x0000000800000000)
  region size 2048K, 1 young (2048K), 1 survivors (2048K)
 Metaspace       used 83016K, committed 84672K, reserved 1179648K
  class space    used 8348K, committed 9024K, reserved 1048576K
}
Event: 303.100 GC heap before
{Heap before GC invocations=115 (full 0):
 garbage-first heap   total 581632K, used 541493K [0x0000000701800000, 0x0000000800000000)
  region size 2048K, 14 young (28672K), 1 survivors (2048K)
 Metaspace       used 83078K, committed 84672K, reserved 1179648K
  class space    used 8353K, committed 9024K, reserved 1048576K
}
Event: 303.102 GC heap after
{Heap after GC invocations=116 (full 0):
 garbage-first heap   total 581632K, used 518852K [0x0000000701800000, 0x0000000800000000)
  region size 2048K, 2 young (4096K), 2 survivors (4096K)
 Metaspace       used 83078K, committed 84672K, reserved 1179648K
  class space    used 8353K, committed 9024K, reserved 1048576K
}
Event: 303.613 GC heap before
{Heap before GC invocations=116 (full 0):
 garbage-first heap   total 581632K, used 541380K [0x0000000701800000, 0x0000000800000000)
  region size 2048K, 14 young (28672K), 2 survivors (4096K)
 Metaspace       used 83126K, committed 84800K, reserved 1179648K
  class space    used 8356K, committed 9088K, reserved 1048576K
}
Event: 303.615 GC heap after
{Heap after GC invocations=117 (full 0):
 garbage-first heap   total 581632K, used 516598K [0x0000000701800000, 0x0000000800000000)
  region size 2048K, 1 young (2048K), 1 survivors (2048K)
 Metaspace       used 83126K, committed 84800K, reserved 1179648K
  class space    used 8356K, committed 9088K, reserved 1048576K
}
Event: 305.545 GC heap before
{Heap before GC invocations=117 (full 0):
 garbage-first heap   total 581632K, used 541174K [0x0000000701800000, 0x0000000800000000)
  region size 2048K, 14 young (28672K), 1 survivors (2048K)
 Metaspace       used 83198K, committed 84864K, reserved 1179648K
  class space    used 8356K, committed 9088K, reserved 1048576K
}
Event: 305.546 GC heap after
{Heap after GC invocations=118 (full 0):
 garbage-first heap   total 581632K, used 517004K [0x0000000701800000, 0x0000000800000000)
  region size 2048K, 1 young (2048K), 1 survivors (2048K)
 Metaspace       used 83198K, committed 84864K, reserved 1179648K
  class space    used 8356K, committed 9088K, reserved 1048576K
}
Event: 306.417 GC heap before
{Heap before GC invocations=118 (full 0):
 garbage-first heap   total 581632K, used 541580K [0x0000000701800000, 0x0000000800000000)
  region size 2048K, 14 young (28672K), 1 survivors (2048K)
 Metaspace       used 84087K, committed 85760K, reserved 1179648K
  class space    used 8504K, committed 9216K, reserved 1048576K
}
Event: 306.420 GC heap after
{Heap after GC invocations=119 (full 0):
 garbage-first heap   total 581632K, used 517123K [0x0000000701800000, 0x0000000800000000)
  region size 2048K, 1 young (2048K), 1 survivors (2048K)
 Metaspace       used 84087K, committed 85760K, reserved 1179648K
  class space    used 8504K, committed 9216K, reserved 1048576K
}

Deoptimization events (20 events):
Event: 306.539 Thread 0x000001f00af5dac0 Uncommon trap: trap_request=0xffffffde fr.pc=0x000001f072da603c relative=0x000000000000197c
Event: 306.539 Thread 0x000001f00af5dac0 Uncommon trap: reason=class_check action=maybe_recompile pc=0x000001f072da603c method=com.google.gson.internal.bind.TypeAdapters$15.read(Lcom/google/gson/stream/JsonReader;)Ljava/lang/String; @ 1 c2
Event: 306.539 Thread 0x000001f00af5dac0 DEOPT PACKING pc=0x000001f072da603c sp=0x000000af3f9fdf70
Event: 306.539 Thread 0x000001f00af5dac0 DEOPT UNPACKING pc=0x000001f06af023a3 sp=0x000000af3f9fdfa8 mode 2
Event: 306.545 Thread 0x000001f00af5dac0 Uncommon trap: trap_request=0xfffffff4 fr.pc=0x000001f0733db73c relative=0x000000000000009c
Event: 306.545 Thread 0x000001f00af5dac0 Uncommon trap: reason=null_check action=make_not_entrant pc=0x000001f0733db73c method=java.text.MessageFormat.format(Ljava/lang/Object;Ljava/lang/StringBuffer;Ljava/text/FieldPosition;)Ljava/lang/StringBuffer; @ 2 c2
Event: 306.545 Thread 0x000001f00af5dac0 DEOPT PACKING pc=0x000001f0733db73c sp=0x000000af3f9fdfd0
Event: 306.545 Thread 0x000001f00af5dac0 DEOPT UNPACKING pc=0x000001f06af023a3 sp=0x000000af3f9fdf48 mode 2
Event: 306.636 Thread 0x000001f00af5c780 Uncommon trap: trap_request=0xffffffde fr.pc=0x000001f0734e6374 relative=0x0000000000001234
Event: 306.636 Thread 0x000001f00af5c780 Uncommon trap: reason=class_check action=maybe_recompile pc=0x000001f0734e6374 method=org.eclipse.jdt.internal.compiler.parser.Parser.consumeRule(I)V @ 3759 c2
Event: 306.636 Thread 0x000001f00af5c780 DEOPT PACKING pc=0x000001f0734e6374 sp=0x000000af3fffdbc0
Event: 306.636 Thread 0x000001f00af5c780 DEOPT UNPACKING pc=0x000001f06af023a3 sp=0x000000af3fffdb50 mode 2
Event: 306.636 Thread 0x000001f00af5c780 Uncommon trap: trap_request=0xffffffde fr.pc=0x000001f0734e63a0 relative=0x0000000000001260
Event: 306.636 Thread 0x000001f00af5c780 Uncommon trap: reason=class_check action=maybe_recompile pc=0x000001f0734e63a0 method=org.eclipse.jdt.internal.compiler.parser.Parser.consumeRule(I)V @ 3775 c2
Event: 306.636 Thread 0x000001f00af5c780 DEOPT PACKING pc=0x000001f0734e63a0 sp=0x000000af3fffdbc0
Event: 306.636 Thread 0x000001f00af5c780 DEOPT UNPACKING pc=0x000001f06af023a3 sp=0x000000af3fffdb48 mode 2
Event: 306.636 Thread 0x000001f00af5c780 Uncommon trap: trap_request=0xffffffde fr.pc=0x000001f0734e6374 relative=0x0000000000001234
Event: 306.636 Thread 0x000001f00af5c780 Uncommon trap: reason=class_check action=maybe_recompile pc=0x000001f0734e6374 method=org.eclipse.jdt.internal.compiler.parser.Parser.consumeRule(I)V @ 3759 c2
Event: 306.636 Thread 0x000001f00af5c780 DEOPT PACKING pc=0x000001f0734e6374 sp=0x000000af3fffdbc0
Event: 306.636 Thread 0x000001f00af5c780 DEOPT UNPACKING pc=0x000001f06af023a3 sp=0x000000af3fffdb50 mode 2

Classes loaded (20 events):
Event: 139.014 Loading class java/util/LinkedList$LLSpliterator
Event: 139.014 Loading class java/util/LinkedList$LLSpliterator done
Event: 142.428 Loading class java/nio/file/attribute/PosixFileAttributes
Event: 142.428 Loading class java/nio/file/attribute/PosixFileAttributes done
Event: 142.537 Loading class java/util/ImmutableCollections$SubList
Event: 142.537 Loading class java/util/ImmutableCollections$SubList done
Event: 159.530 Loading class jdk/internal/icu/text/NormalizerBase$NFCModeImpl
Event: 159.530 Loading class jdk/internal/icu/text/NormalizerBase$NFCModeImpl done
Event: 159.530 Loading class jdk/internal/icu/impl/Norm2AllModes$NFCSingleton
Event: 159.531 Loading class jdk/internal/icu/impl/Norm2AllModes$NFCSingleton done
Event: 159.568 Loading class java/io/CharArrayReader
Event: 159.568 Loading class java/io/CharArrayReader done
Event: 159.568 Loading class java/util/regex/Pattern$Bound
Event: 159.569 Loading class java/util/regex/Pattern$Bound done
Event: 306.364 Loading class java/util/Spliterators$IntArraySpliterator
Event: 306.365 Loading class java/util/Spliterators$IntArraySpliterator done
Event: 306.365 Loading class java/util/stream/IntPipeline$1
Event: 306.365 Loading class java/util/stream/IntPipeline$1 done
Event: 306.366 Loading class java/util/stream/IntPipeline$1$1
Event: 306.366 Loading class java/util/stream/IntPipeline$1$1 done

Classes unloaded (20 events):
Event: 85.224 Thread 0x000001f07a3c2dc0 Unloading class 0x0000000801285400 'java/lang/invoke/LambdaForm$MH+0x0000000801285400'
Event: 85.224 Thread 0x000001f07a3c2dc0 Unloading class 0x0000000801285000 'java/lang/invoke/LambdaForm$MH+0x0000000801285000'
Event: 85.224 Thread 0x000001f07a3c2dc0 Unloading class 0x0000000801284c00 'java/lang/invoke/LambdaForm$MH+0x0000000801284c00'
Event: 85.224 Thread 0x000001f07a3c2dc0 Unloading class 0x0000000801284800 'java/lang/invoke/LambdaForm$MH+0x0000000801284800'
Event: 85.224 Thread 0x000001f07a3c2dc0 Unloading class 0x0000000801284000 'java/lang/invoke/LambdaForm$MH+0x0000000801284000'
Event: 85.224 Thread 0x000001f07a3c2dc0 Unloading class 0x0000000801284400 'java/lang/invoke/LambdaForm$MH+0x0000000801284400'
Event: 85.224 Thread 0x000001f07a3c2dc0 Unloading class 0x0000000801283400 'java/lang/invoke/LambdaForm$MH+0x0000000801283400'
Event: 85.224 Thread 0x000001f07a3c2dc0 Unloading class 0x0000000801283800 'java/lang/invoke/LambdaForm$MH+0x0000000801283800'
Event: 85.224 Thread 0x000001f07a3c2dc0 Unloading class 0x0000000801283000 'java/lang/invoke/LambdaForm$MH+0x0000000801283000'
Event: 85.224 Thread 0x000001f07a3c2dc0 Unloading class 0x0000000801282c00 'java/lang/invoke/LambdaForm$MH+0x0000000801282c00'
Event: 85.224 Thread 0x000001f07a3c2dc0 Unloading class 0x0000000801282800 'java/lang/invoke/LambdaForm$MH+0x0000000801282800'
Event: 85.224 Thread 0x000001f07a3c2dc0 Unloading class 0x0000000801282400 'java/lang/invoke/LambdaForm$MH+0x0000000801282400'
Event: 85.224 Thread 0x000001f07a3c2dc0 Unloading class 0x0000000801282000 'java/lang/invoke/LambdaForm$MH+0x0000000801282000'
Event: 85.224 Thread 0x000001f07a3c2dc0 Unloading class 0x0000000801281800 'java/lang/invoke/LambdaForm$MH+0x0000000801281800'
Event: 85.224 Thread 0x000001f07a3c2dc0 Unloading class 0x0000000801281400 'java/lang/invoke/LambdaForm$MH+0x0000000801281400'
Event: 85.224 Thread 0x000001f07a3c2dc0 Unloading class 0x0000000801281000 'java/lang/invoke/LambdaForm$MH+0x0000000801281000'
Event: 85.224 Thread 0x000001f07a3c2dc0 Unloading class 0x0000000801280c00 'java/lang/invoke/LambdaForm$MH+0x0000000801280c00'
Event: 85.224 Thread 0x000001f07a3c2dc0 Unloading class 0x0000000801280800 'java/lang/invoke/LambdaForm$MH+0x0000000801280800'
Event: 85.224 Thread 0x000001f07a3c2dc0 Unloading class 0x0000000801280400 'java/lang/invoke/LambdaForm$MH+0x0000000801280400'
Event: 85.224 Thread 0x000001f07a3c2dc0 Unloading class 0x0000000801280000 'java/lang/invoke/LambdaForm$MH+0x0000000801280000'

Classes redefined (0 events):
No events

Internal exceptions (20 events):
Event: 159.624 Thread 0x000001f00ec04780 Exception <a 'java/lang/ClassNotFoundException'{0x000000072420bb90}: sun/net/www/protocol/eclipse-javadoc/Handler> (0x000000072420bb90) 
thrown [s\open\src\hotspot\share\classfile\systemDictionary.cpp, line 255]
Event: 236.696 Thread 0x000001f00b0cb530 Implicit null exception at 0x000001f072c59a73 to 0x000001f072c59bf8
Event: 236.696 Thread 0x000001f00b0cb530 Implicit null exception at 0x000001f07320cad8 to 0x000001f07320e764
Event: 251.951 Thread 0x000001f00af5ee00 Implicit null exception at 0x000001f07318b7b9 to 0x000001f07318da7c
Event: 252.042 Thread 0x000001f00af5ee00 Exception <a 'sun/nio/fs/WindowsException'{0x0000000724e91d08}> (0x0000000724e91d08) 
thrown [s\open\src\hotspot\share\prims\jni.cpp, line 516]
Event: 252.371 Thread 0x000001f00af5ee00 Exception <a 'sun/nio/fs/WindowsException'{0x0000000724c4e148}> (0x0000000724c4e148) 
thrown [s\open\src\hotspot\share\prims\jni.cpp, line 516]
Event: 252.502 Thread 0x000001f00af5ee00 Implicit null exception at 0x000001f073068976 to 0x000001f07306929c
Event: 273.558 Thread 0x000001f00ec01290 Exception <a 'java/lang/ClassNotFoundException'{0x0000000724da2898}: sun/net/www/protocol/jdt/Handler> (0x0000000724da2898) 
thrown [s\open\src\hotspot\share\classfile\systemDictionary.cpp, line 255]
Event: 273.558 Thread 0x000001f00ec01290 Exception <a 'java/lang/ClassNotFoundException'{0x0000000724da52b0}: sun/net/www/protocol/jdt/Handler> (0x0000000724da52b0) 
thrown [s\open\src\hotspot\share\classfile\systemDictionary.cpp, line 255]
Event: 273.559 Thread 0x000001f00ec01290 Exception <a 'java/lang/ClassNotFoundException'{0x0000000724da7ee8}: sun/net/www/protocol/jdt/Handler> (0x0000000724da7ee8) 
thrown [s\open\src\hotspot\share\classfile\systemDictionary.cpp, line 255]
Event: 273.559 Thread 0x000001f00ec01290 Exception <a 'java/lang/ClassNotFoundException'{0x0000000724daa900}: sun/net/www/protocol/jdt/Handler> (0x0000000724daa900) 
thrown [s\open\src\hotspot\share\classfile\systemDictionary.cpp, line 255]
Event: 273.559 Thread 0x000001f00ec01290 Exception <a 'java/lang/ClassNotFoundException'{0x0000000724dad360}: sun/net/www/protocol/jdt/Handler> (0x0000000724dad360) 
thrown [s\open\src\hotspot\share\classfile\systemDictionary.cpp, line 255]
Event: 273.559 Thread 0x000001f00ec01290 Exception <a 'java/lang/ClassNotFoundException'{0x0000000724dafd50}: sun/net/www/protocol/jdt/Handler> (0x0000000724dafd50) 
thrown [s\open\src\hotspot\share\classfile\systemDictionary.cpp, line 255]
Event: 273.560 Thread 0x000001f00ec01290 Exception <a 'java/lang/ClassNotFoundException'{0x0000000724db3d98}: sun/net/www/protocol/jdt/Handler> (0x0000000724db3d98) 
thrown [s\open\src\hotspot\share\classfile\systemDictionary.cpp, line 255]
Event: 303.025 Thread 0x000001f00af5ee00 Exception <a 'sun/nio/fs/WindowsException'{0x0000000723b2a6a0}> (0x0000000723b2a6a0) 
thrown [s\open\src\hotspot\share\prims\jni.cpp, line 516]
Event: 303.403 Thread 0x000001f00af5ee00 Exception <a 'sun/nio/fs/WindowsException'{0x0000000723ec86e8}> (0x0000000723ec86e8) 
thrown [s\open\src\hotspot\share\prims\jni.cpp, line 516]
Event: 306.118 Thread 0x000001f00af5dac0 Exception <a 'java/lang/IncompatibleClassChangeError'{0x0000000724992840}: Found class java.lang.Object, but interface was expected> (0x0000000724992840) 
thrown [s\open\src\hotspot\share\interpreter\linkResolver.cpp, line 826]
Event: 306.196 Thread 0x000001f00af5dac0 Exception <a 'java/lang/ArrayIndexOutOfBoundsException'{0x0000000724417620}: Index 306 out of bounds for length 306> (0x0000000724417620) 
thrown [s\open\src\hotspot\share\interpreter\interpreterRuntime.cpp, line 431]
Event: 306.540 Thread 0x000001f00af5dac0 Exception <a 'java/lang/IncompatibleClassChangeError'{0x0000000724ceaea0}: Found class java.lang.Object, but interface was expected> (0x0000000724ceaea0) 
thrown [s\open\src\hotspot\share\interpreter\linkResolver.cpp, line 826]
Event: 306.545 Thread 0x000001f00af5dac0 Implicit null exception at 0x000001f0733db6cc to 0x000001f0733db725

VM Operations (20 events):
Event: 306.287 Executing VM operation: HandshakeAllThreads
Event: 306.287 Executing VM operation: HandshakeAllThreads done
Event: 306.290 Executing VM operation: HandshakeAllThreads
Event: 306.290 Executing VM operation: HandshakeAllThreads done
Event: 306.300 Executing VM operation: HandshakeAllThreads
Event: 306.300 Executing VM operation: HandshakeAllThreads done
Event: 306.304 Executing VM operation: HandshakeAllThreads
Event: 306.304 Executing VM operation: HandshakeAllThreads done
Event: 306.308 Executing VM operation: HandshakeAllThreads
Event: 306.308 Executing VM operation: HandshakeAllThreads done
Event: 306.316 Executing VM operation: HandshakeAllThreads
Event: 306.316 Executing VM operation: HandshakeAllThreads done
Event: 306.322 Executing VM operation: HandshakeAllThreads
Event: 306.322 Executing VM operation: HandshakeAllThreads done
Event: 306.322 Executing VM operation: HandshakeAllThreads
Event: 306.322 Executing VM operation: HandshakeAllThreads done
Event: 306.417 Executing VM operation: G1CollectForAllocation
Event: 306.420 Executing VM operation: G1CollectForAllocation done
Event: 306.545 Executing VM operation: HandshakeAllThreads
Event: 306.545 Executing VM operation: HandshakeAllThreads done

Events (20 events):
Event: 306.585 Thread 0x000001f00a52bb30 flushing nmethod 0x000001f06d343c10
Event: 306.585 Thread 0x000001f00a52bb30 flushing nmethod 0x000001f06d35e310
Event: 306.585 Thread 0x000001f00a52bb30 flushing nmethod 0x000001f06d36b890
Event: 306.585 Thread 0x000001f00a52bb30 flushing nmethod 0x000001f06d375410
Event: 306.585 Thread 0x000001f00a52bb30 flushing nmethod 0x000001f06d379510
Event: 306.585 Thread 0x000001f00a52bb30 flushing nmethod 0x000001f06d396290
Event: 306.585 Thread 0x000001f00a52bb30 flushing nmethod 0x000001f06d3aec90
Event: 306.585 Thread 0x000001f00a52bb30 flushing nmethod 0x000001f06d3b0790
Event: 306.585 Thread 0x000001f00a52bb30 flushing nmethod 0x000001f06d3b2490
Event: 306.585 Thread 0x000001f00a52bb30 flushing nmethod 0x000001f06d3b5790
Event: 306.585 Thread 0x000001f00a52bb30 flushing nmethod 0x000001f06d3bd590
Event: 306.585 Thread 0x000001f00a52bb30 flushing nmethod 0x000001f06d3c3910
Event: 306.585 Thread 0x000001f00a52bb30 flushing nmethod 0x000001f06d3c5110
Event: 306.585 Thread 0x000001f00a52bb30 flushing nmethod 0x000001f06d3c7d90
Event: 306.585 Thread 0x000001f00a52bb30 flushing nmethod 0x000001f06d3d8d10
Event: 306.585 Thread 0x000001f00a52bb30 flushing nmethod 0x000001f06d3f8290
Event: 306.586 Thread 0x000001f00a52bb30 flushing nmethod 0x000001f06d4f6490
Event: 306.586 Thread 0x000001f00a52bb30 flushing nmethod 0x000001f06d525410
Event: 306.586 Thread 0x000001f00a52bb30 flushing nmethod 0x000001f06d526b90
Event: 306.586 Thread 0x000001f00a52bb30 flushing nmethod 0x000001f06d579910


Dynamic libraries:
0x00007ff6e3190000 - 0x00007ff6e31a0000 	C:\Program Files\Java\jdk-18.0.2.1\bin\java.exe
0x00007ffc06f00000 - 0x00007ffc07109000 	C:\WINDOWS\SYSTEM32\ntdll.dll
0x00007ffc05d90000 - 0x00007ffc05e4d000 	C:\WINDOWS\System32\KERNEL32.DLL
0x00007ffc046c0000 - 0x00007ffc04a44000 	C:\WINDOWS\System32\KERNELBASE.dll
0x00007ffc04ad0000 - 0x00007ffc04be1000 	C:\WINDOWS\System32\ucrtbase.dll
0x00007ffbe1710000 - 0x00007ffbe1728000 	C:\Program Files\Java\jdk-18.0.2.1\bin\jli.dll
0x00007ffc05ae0000 - 0x00007ffc05b8e000 	C:\WINDOWS\System32\ADVAPI32.dll
0x00007ffc05120000 - 0x00007ffc051c3000 	C:\WINDOWS\System32\msvcrt.dll
0x00007ffc05f50000 - 0x00007ffc05fee000 	C:\WINDOWS\System32\sechost.dll
0x00007ffc06010000 - 0x00007ffc06131000 	C:\WINDOWS\System32\RPCRT4.dll
0x00007ffc05b90000 - 0x00007ffc05d3d000 	C:\WINDOWS\System32\USER32.dll
0x00007ffc04d20000 - 0x00007ffc04d46000 	C:\WINDOWS\System32\win32u.dll
0x00007ffc05d40000 - 0x00007ffc05d6a000 	C:\WINDOWS\System32\GDI32.dll
0x00007ffc045a0000 - 0x00007ffc046be000 	C:\WINDOWS\System32\gdi32full.dll
0x00007ffc04500000 - 0x00007ffc0459d000 	C:\WINDOWS\System32\msvcp_win.dll
0x00007ffbf5f70000 - 0x00007ffbf6215000 	C:\WINDOWS\WinSxS\amd64_microsoft.windows.common-controls_6595b64144ccf1df_6.0.22000.120_none_9d947278b86cc467\COMCTL32.dll
0x00007ffc03d40000 - 0x00007ffc03d4a000 	C:\WINDOWS\SYSTEM32\VERSION.dll
0x00007ffbdff60000 - 0x00007ffbdff7a000 	C:\Program Files\Java\jdk-18.0.2.1\bin\VCRUNTIME140.dll
0x00007ffc06e80000 - 0x00007ffc06eb1000 	C:\WINDOWS\System32\IMM32.DLL
0x00007ffc03d50000 - 0x00007ffc03e47000 	C:\Windows\system32\guard64.dll
0x00007ffc069f0000 - 0x00007ffc06b8a000 	C:\WINDOWS\System32\ole32.dll
0x00007ffc05760000 - 0x00007ffc05ad6000 	C:\WINDOWS\System32\combase.dll
0x00007ffc03d30000 - 0x00007ffc03d3b000 	C:\WINDOWS\system32\fltlib.dll
0x00007ffc061c0000 - 0x00007ffc06985000 	C:\WINDOWS\System32\shell32.dll
0x00007ffbe95a0000 - 0x00007ffbe95ac000 	C:\Program Files\Java\jdk-18.0.2.1\bin\vcruntime140_1.dll
0x00007ffbbe000000 - 0x00007ffbbe08d000 	C:\Program Files\Java\jdk-18.0.2.1\bin\msvcp140.dll
0x00007ffbbd3e0000 - 0x00007ffbbdff1000 	C:\Program Files\Java\jdk-18.0.2.1\bin\server\jvm.dll
0x00007ffc05f40000 - 0x00007ffc05f48000 	C:\WINDOWS\System32\PSAPI.DLL
0x00007ffbe78f0000 - 0x00007ffbe78f9000 	C:\WINDOWS\SYSTEM32\WSOCK32.dll
0x00007ffc05020000 - 0x00007ffc0508f000 	C:\WINDOWS\System32\WS2_32.dll
0x00007ffbfb9f0000 - 0x00007ffbfba23000 	C:\WINDOWS\SYSTEM32\WINMM.dll
0x00007ffc03240000 - 0x00007ffc03258000 	C:\WINDOWS\SYSTEM32\kernel.appcore.dll
0x00007ffbe1580000 - 0x00007ffbe158a000 	C:\Program Files\Java\jdk-18.0.2.1\bin\jimage.dll
0x00007ffc01f40000 - 0x00007ffc02161000 	C:\WINDOWS\SYSTEM32\DBGHELP.DLL
0x00007ffbe8c40000 - 0x00007ffbe8c71000 	C:\WINDOWS\SYSTEM32\dbgcore.DLL
0x00007ffc04a50000 - 0x00007ffc04acf000 	C:\WINDOWS\System32\bcryptPrimitives.dll
0x00007ffbe09e0000 - 0x00007ffbe09ee000 	C:\Program Files\Java\jdk-18.0.2.1\bin\instrument.dll
0x00007ffbd9100000 - 0x00007ffbd9125000 	C:\Program Files\Java\jdk-18.0.2.1\bin\java.dll
0x00007ffbbd300000 - 0x00007ffbbd3d6000 	C:\Program Files\Java\jdk-18.0.2.1\bin\jsvml.dll
0x00007ffc02300000 - 0x00007ffc02b62000 	C:\WINDOWS\SYSTEM32\windows.storage.dll
0x00007ffc02190000 - 0x00007ffc022f7000 	C:\WINDOWS\SYSTEM32\wintypes.dll
0x00007ffc04e40000 - 0x00007ffc04f2a000 	C:\WINDOWS\System32\SHCORE.dll
0x00007ffc06990000 - 0x00007ffc069ed000 	C:\WINDOWS\System32\shlwapi.dll
0x00007ffc042c0000 - 0x00007ffc042e5000 	C:\WINDOWS\SYSTEM32\profapi.dll
0x00007ffbd9060000 - 0x00007ffbd9078000 	C:\Program Files\Java\jdk-18.0.2.1\bin\zip.dll
0x00007ffbd9040000 - 0x00007ffbd9053000 	C:\Program Files\Java\jdk-18.0.2.1\bin\net.dll
0x00007ffbfeeb0000 - 0x00007ffbfefc4000 	C:\WINDOWS\SYSTEM32\WINHTTP.dll
0x00007ffc03740000 - 0x00007ffc037a7000 	C:\WINDOWS\system32\mswsock.dll
0x00007ffbd8270000 - 0x00007ffbd8286000 	C:\Program Files\Java\jdk-18.0.2.1\bin\nio.dll
0x00007ffbd9900000 - 0x00007ffbd9910000 	C:\Program Files\Java\jdk-18.0.2.1\bin\verify.dll
0x00007ffbf19d0000 - 0x00007ffbf1a15000 	C:\Users\hyper\AppData\Roaming\Code\User\globalStorage\redhat.java\1.38.0\config_win\org.eclipse.equinox.launcher\org.eclipse.equinox.launcher.win32.win32.x86_64_1.2.1100.v20240722-2106\eclipse_11904.dll
0x00007ffc03e60000 - 0x00007ffc03e78000 	C:\WINDOWS\SYSTEM32\CRYPTSP.dll
0x00007ffc03200000 - 0x00007ffc03235000 	C:\WINDOWS\system32\rsaenh.dll
0x00007ffc037e0000 - 0x00007ffc0380c000 	C:\WINDOWS\SYSTEM32\USERENV.dll
0x00007ffc03ea0000 - 0x00007ffc03ec7000 	C:\WINDOWS\SYSTEM32\bcrypt.dll
0x00007ffc03930000 - 0x00007ffc0393c000 	C:\WINDOWS\SYSTEM32\CRYPTBASE.dll
0x00007ffc02dc0000 - 0x00007ffc02ded000 	C:\WINDOWS\SYSTEM32\IPHLPAPI.DLL
0x00007ffc05010000 - 0x00007ffc05019000 	C:\WINDOWS\System32\NSI.dll
0x00007ffbfebf0000 - 0x00007ffbfec09000 	C:\WINDOWS\SYSTEM32\dhcpcsvc6.DLL
0x00007ffbff3f0000 - 0x00007ffbff40e000 	C:\WINDOWS\SYSTEM32\dhcpcsvc.DLL
0x00007ffc02e30000 - 0x00007ffc02f17000 	C:\WINDOWS\SYSTEM32\DNSAPI.dll
0x00007ffbe0c30000 - 0x00007ffbe0c79000 	C:\Users\hyper\AppData\Local\Temp\jna-99761772\jna14340580070346404927.dll
0x00007ffc005c0000 - 0x00007ffc005ce000 	C:\Program Files\Java\jdk-18.0.2.1\bin\sunmscapi.dll
0x00007ffc04390000 - 0x00007ffc044f2000 	C:\WINDOWS\System32\CRYPT32.dll
0x00007ffc03a40000 - 0x00007ffc03a68000 	C:\WINDOWS\SYSTEM32\ncrypt.dll
0x00007ffc03a00000 - 0x00007ffc03a37000 	C:\WINDOWS\SYSTEM32\NTASN1.dll
0x00007ffbfb8c0000 - 0x00007ffbfb8ca000 	C:\Windows\System32\rasadhlp.dll
0x00007ffbfcc10000 - 0x00007ffbfcc91000 	C:\WINDOWS\System32\fwpuclnt.dll
0x00007ffc032c0000 - 0x00007ffc032f4000 	C:\WINDOWS\SYSTEM32\ntmarta.dll

dbghelp: loaded successfully - version: 4.0.5 - missing functions: none
symbol engine: initialized successfully - sym options: 0x614 - pdb path: .;C:\Program Files\Java\jdk-18.0.2.1\bin;C:\WINDOWS\SYSTEM32;C:\WINDOWS\WinSxS\amd64_microsoft.windows.common-controls_6595b64144ccf1df_6.0.22000.120_none_9d947278b86cc467;C:\Program Files\Java\jdk-18.0.2.1\bin\server;C:\Users\hyper\AppData\Roaming\Code\User\globalStorage\redhat.java\1.38.0\config_win\org.eclipse.equinox.launcher\org.eclipse.equinox.launcher.win32.win32.x86_64_1.2.1100.v20240722-2106;C:\Users\hyper\AppData\Local\Temp\jna-99761772

VM Arguments:
jvm_args: --add-modules=ALL-SYSTEM --add-opens=java.base/java.util=ALL-UNNAMED --add-opens=java.base/java.lang=ALL-UNNAMED --add-opens=java.base/sun.nio.fs=ALL-UNNAMED -Declipse.application=org.eclipse.jdt.ls.core.id1 -Dosgi.bundles.defaultStartLevel=4 -Declipse.product=org.eclipse.jdt.ls.core.product -Djava.import.generatesMetadataFilesAtProjectRoot=false -DDetectVMInstallationsJob.disabled=true -Dfile.encoding=utf8 -Xlog:disable -javaagent:c:\Users\hyper\.vscode\extensions\redhat.java-1.38.0-win32-x64\lombok\lombok-1.18.34.jar -XX:+HeapDumpOnOutOfMemoryError -XX:HeapDumpPath=c:\Users\hyper\AppData\Roaming\Code\User\workspaceStorage\55103842018b78ebd48e089c0df41d06\redhat.java -Daether.dependencyCollector.impl=bf 
java_command: c:\Users\hyper\.vscode\extensions\redhat.java-1.38.0-win32-x64\server\plugins\org.eclipse.equinox.launcher_1.6.900.v20240613-2009.jar -configuration c:\Users\hyper\AppData\Roaming\Code\User\globalStorage\redhat.java\1.38.0\config_win -data c:\Users\hyper\AppData\Roaming\Code\User\workspaceStorage\55103842018b78ebd48e089c0df41d06\redhat.java\jdt_ws --pipe=\\.\pipe\lsp-2c631647b88009a9abb6b2a84652b37d-sock
java_class_path (initial): c:\Users\hyper\.vscode\extensions\redhat.java-1.38.0-win32-x64\server\plugins\org.eclipse.equinox.launcher_1.6.900.v20240613-2009.jar
Launcher Type: SUN_STANDARD

[Global flags]
     intx CICompilerCount                          = 4                                         {product} {ergonomic}
     uint ConcGCThreads                            = 2                                         {product} {ergonomic}
     uint G1ConcRefinementThreads                  = 8                                         {product} {ergonomic}
   size_t G1HeapRegionSize                         = 2097152                                   {product} {ergonomic}
    uintx GCDrainStackTargetSize                   = 64                                        {product} {ergonomic}
     bool HeapDumpOnOutOfMemoryError               = true                                   {manageable} {command line}
    ccstr HeapDumpPath                             = c:\Users\hyper\AppData\Roaming\Code\User\workspaceStorage\55103842018b78ebd48e089c0df41d06\redhat.java         {manageable} {command line}
   size_t InitialHeapSize                          = 268435456                                 {product} {ergonomic}
   size_t MarkStackSize                            = 4194304                                   {product} {ergonomic}
   size_t MaxHeapSize                              = 4269801472                                {product} {ergonomic}
   size_t MaxNewSize                               = 2560622592                                {product} {ergonomic}
   size_t MinHeapDeltaBytes                        = 2097152                                   {product} {ergonomic}
   size_t MinHeapSize                              = 8388608                                   {product} {ergonomic}
    uintx NonNMethodCodeHeapSize                   = 5839372                                {pd product} {ergonomic}
    uintx NonProfiledCodeHeapSize                  = 122909434                              {pd product} {ergonomic}
    uintx ProfiledCodeHeapSize                     = 122909434                              {pd product} {ergonomic}
    uintx ReservedCodeCacheSize                    = 251658240                              {pd product} {ergonomic}
     bool SegmentedCodeCache                       = true                                      {product} {ergonomic}
   size_t SoftMaxHeapSize                          = 4269801472                             {manageable} {ergonomic}
     bool UseCompressedClassPointers               = true                           {product lp64_product} {ergonomic}
     bool UseCompressedOops                        = true                           {product lp64_product} {ergonomic}
     bool UseG1GC                                  = true                                      {product} {ergonomic}
     bool UseLargePagesIndividualAllocation        = false                                  {pd product} {ergonomic}

Logging:
Log output configuration:
 #0: stdout all=off uptime,level,tags foldmultilines=false
 #1: stderr all=off uptime,level,tags foldmultilines=false

Environment Variables:
JAVA_HOME=C:\Program Files\Java\jdk-18.0.2.1
PATH=C:\Program Files\Common Files\Oracle\Java\javapath;C:\WINDOWS\system32;C:\WINDOWS;C:\WINDOWS\System32\Wbem;C:\WINDOWS\System32\WindowsPowerShell\v1.0\;C:\WINDOWS\System32\OpenSSH\;C:\Program Files (x86)\NVIDIA Corporation\PhysX\Common;C:\Program Files\NVIDIA Corporation\NVIDIA NvDLISR;J:\.important\Documents\apache-maven-3.8.6\bin;C:\Program Files\Microsoft SQL Server\Client SDK\ODBC\170\Tools\Binn\;C:\Program Files (x86)\Microsoft SQL Server\150\Tools\Binn\;C:\Program Files\Microsoft SQL Server\150\Tools\Binn\;C:\Program Files\Microsoft SQL Server\150\DTS\Binn\;C:\Program Files (x86)\Microsoft SQL Server\160\DTS\Binn\;C:\Users\hyper\Downloads\curl-8.10.1_2-win64-mingw\curl-8.10.1_2-win64-mingw\bin;C:\C:\Program Files\Java\jdk-18.0.2.1\bin;C:\Program Files\OpenSSL-Win64\bin;C:\Program Files\dotnet\;C:\Program Files\Git\cmd;H:\;C:\Program Files (x86)\Microsoft SQL Server\160\Tools\Binn\;C:\Program Files\Microsoft SQL Server\160\Tools\Binn\;C:\Program Files\Microsoft SQL Server\160\DTS\Binn\;J:\Docker\resources\bin;C:\Users\hyper\AppData\Local\Microsoft\WindowsApps;C:\Users\hyper\AppData\Local\Programs\Microsoft VS Code\bin;C:\Program Files\Java\jdk-18.0.2.1\bin;C:\Users\hyper\AppData\Roaming\npm
USERNAME=hyper
OS=Windows_NT
PROCESSOR_IDENTIFIER=Intel64 Family 6 Model 60 Stepping 3, GenuineIntel



---------------  S Y S T E M  ---------------

OS:
 Windows 11 , 64 bit Build 22000 (10.0.22000.2538)
OS uptime: 1 days 9:18 hours
Hyper-V role detected

CPU: total 8 (initial active 8) (4 cores per cpu, 2 threads per core) family 6 model 60 stepping 3 microcode 0x28, cx8, cmov, fxsr, ht, mmx, sse, sse2, sse3, ssse3, sse4.1, sse4.2, popcnt, lzcnt, tsc, tscinvbit, avx, avx2, aes, erms, clmul, bmi1, bmi2, fma, vzeroupper, clflush, hv

Memory: 4k page, system-wide physical 16283M (64M free)
TotalPageFile size 36283M (AvailPageFile size 92M)
current process WorkingSet (physical memory assigned to process): 948M, peak: 957M
current process commit charge ("private bytes"): 889M, peak: 898M

vm_info: Java HotSpot(TM) 64-Bit Server VM (18.0.2.1+1-1) for windows-amd64 JRE (18.0.2.1+1-1), built on Aug 16 2022 01:46:33 by "mach5one" with MS VC++ 16.8 / 16.9 (VS2019)

END.
