#
# There is insufficient memory for the Java Runtime Environment to continue.
# Native memory allocation (mmap) failed to map 251658240 bytes for G1 virtual space
# Possible reasons:
#   The system is out of physical RAM or swap space
#   The process is running with CompressedOops enabled, and the Java Heap may be blocking the growth of the native heap
# Possible solutions:
#   Reduce memory load on the system
#   Increase physical memory or swap space
#   Check if swap backing store is full
#   Decrease Java heap size (-Xmx/-Xms)
#   Decrease number of Java threads
#   Decrease Java thread stack sizes (-Xss)
#   Set larger code cache with -XX:ReservedCodeCacheSize=
#   JVM is running with Zero Based Compressed Oops mode in which the Java heap is
#     placed in the first 32GB address space. The Java Heap base address is the
#     maximum limit for the native heap growth. Please use -XX:HeapBaseMinAddress
#     to set the Java Heap base and to place the Java Heap above 32GB virtual address.
# This output file may be truncated or incomplete.
#
#  Out of Memory Error (os_windows.cpp:3530), pid=66040, tid=86956
#
# JRE version: Java(TM) SE Runtime Environment (18.0.2.1+1) (build 18.0.2.1+1-1)
# Java VM: Java HotSpot(TM) 64-Bit Server VM (18.0.2.1+1-1, mixed mode, sharing, tiered, compressed oops, compressed class ptrs, g1 gc, windows-amd64)
# No core dump will be written. Minidumps are not enabled by default on client versions of Windows
#

---------------  S U M M A R Y ------------

Command Line: --add-modules=ALL-SYSTEM --add-opens=java.base/java.util=ALL-UNNAMED --add-opens=java.base/java.lang=ALL-UNNAMED --add-opens=java.base/sun.nio.fs=ALL-UNNAMED -Declipse.application=org.eclipse.jdt.ls.core.id1 -Dosgi.bundles.defaultStartLevel=4 -Declipse.product=org.eclipse.jdt.ls.core.product -Djava.import.generatesMetadataFilesAtProjectRoot=false -DDetectVMInstallationsJob.disabled=true -Dfile.encoding=utf8 -Xlog:disable -javaagent:c:\Users\hyper\.vscode\extensions\redhat.java-1.38.0-win32-x64\lombok\lombok-1.18.34.jar -XX:+HeapDumpOnOutOfMemoryError -XX:HeapDumpPath=c:\Users\hyper\AppData\Roaming\Code\User\workspaceStorage\55103842018b78ebd48e089c0df41d06\redhat.java -Daether.dependencyCollector.impl=bf c:\Users\hyper\.vscode\extensions\redhat.java-1.38.0-win32-x64\server\plugins\org.eclipse.equinox.launcher_1.6.900.v20240613-2009.jar -configuration c:\Users\hyper\AppData\Roaming\Code\User\globalStorage\redhat.java\1.38.0\config_win -data c:\Users\hyper\AppData\Roaming\Code\User\workspaceStorage\55103842018b78ebd48e089c0df41d06\redhat.java\jdt_ws --pipe=\\.\pipe\lsp-7f7a17b1d158a80f71cd3a8488ae3f99-sock

Host: Intel(R) Core(TM) i7-4770K CPU @ 3.50GHz, 8 cores, 15G,  Windows 11 , 64 bit Build 22000 (10.0.22000.2538)
Time: Sat Mar 15 15:37:17 2025 Volgograd Standard Time elapsed time: 38.101816 seconds (0d 0h 0m 38s)

---------------  T H R E A D  ---------------

Current thread (0x000001e4fe304640):  VMThread "VM Thread" [stack: 0x0000006e2e300000,0x0000006e2e400000] [id=86956]

Stack: [0x0000006e2e300000,0x0000006e2e400000]
Native frames: (J=compiled Java code, j=interpreted, Vv=VM code, C=native code)
V  [jvm.dll+0x6993aa]
V  [jvm.dll+0x7f46dd]
V  [jvm.dll+0x7f5fee]
V  [jvm.dll+0x7f66a3]
V  [jvm.dll+0x25cf1f]
V  [jvm.dll+0x6962f9]
V  [jvm.dll+0x68ae2a]
V  [jvm.dll+0x32255b]
V  [jvm.dll+0x329f36]
V  [jvm.dll+0x37eade]
V  [jvm.dll+0x37ed0f]
V  [jvm.dll+0x2fa2da]
V  [jvm.dll+0x2fa387]
V  [jvm.dll+0x33e8c2]
V  [jvm.dll+0x33ce64]
V  [jvm.dll+0x2f9ab0]
V  [jvm.dll+0x33c43b]
V  [jvm.dll+0x7fb48b]
V  [jvm.dll+0x7fc224]
V  [jvm.dll+0x7fc75c]
V  [jvm.dll+0x7fcbb4]
V  [jvm.dll+0x7fcc77]
V  [jvm.dll+0x7a120a]
V  [jvm.dll+0x698255]
C  [ucrtbase.dll+0x26c0c]
C  [KERNEL32.DLL+0x153e0]
C  [ntdll.dll+0x485b]

VM_Operation (0x0000006e326fce00): G1CollectForAllocation, mode: safepoint, requested by thread 0x000001e492d202e0


---------------  P R O C E S S  ---------------

Threads class SMR info:
_java_thread_list=0x000001e487a15d50, length=58, elements={
0x000001e4ddcdc720, 0x000001e4fe308470, 0x000001e4fe309780, 0x000001e4fe321430,
0x000001e4fe322e50, 0x000001e4fe323700, 0x000001e4fe323fb0, 0x000001e4fe324b90,
0x000001e4fe36e470, 0x000001e4fe36e970, 0x000001e4fec96c20, 0x000001e4feebda40,
0x000001e4ff5004f0, 0x000001e4ff4da1e0, 0x000001e4ff6b9080, 0x000001e4ff686570,
0x000001e4ff7d5620, 0x000001e4ff6ff570, 0x000001e4864103a0, 0x000001e486412a20,
0x000001e486411210, 0x000001e486411bb0, 0x000001e486410870, 0x000001e48640f060,
0x000001e48722a4f0, 0x000001e48722c1d0, 0x000001e48722a020, 0x000001e487230060,
0x000001e48722c6a0, 0x000001e48722cb70, 0x000001e48722d040, 0x000001e48722f6c0,
0x000001e48722d9e0, 0x000001e48722a9c0, 0x000001e48722ae90, 0x000001e48722d510,
0x000001e487230530, 0x000001e48722e380, 0x000001e487229b50, 0x000001e48722bd00,
0x000001e48722b360, 0x000001e487230ed0, 0x000001e4872313a0, 0x000001e48722fb90,
0x000001e48722f1f0, 0x000001e486410d40, 0x000001e48722b830, 0x000001e492d22e30,
0x000001e492d27190, 0x000001e492d21af0, 0x000001e492d25e50, 0x000001e488db62a0,
0x000001e492d24170, 0x000001e492d24fe0, 0x000001e492d25980, 0x000001e492d202e0,
0x000001e492d22490, 0x000001e492d267f0
}

Java Threads: ( => current thread )
  0x000001e4ddcdc720 JavaThread "main" [_thread_blocked, id=92884, stack(0x0000006e2dd00000,0x0000006e2de00000)]
  0x000001e4fe308470 JavaThread "Reference Handler" daemon [_thread_blocked, id=76904, stack(0x0000006e2e400000,0x0000006e2e500000)]
  0x000001e4fe309780 JavaThread "Finalizer" daemon [_thread_blocked, id=86944, stack(0x0000006e2e500000,0x0000006e2e600000)]
  0x000001e4fe321430 JavaThread "Signal Dispatcher" daemon [_thread_blocked, id=42252, stack(0x0000006e2e600000,0x0000006e2e700000)]
  0x000001e4fe322e50 JavaThread "Attach Listener" daemon [_thread_blocked, id=86804, stack(0x0000006e2e700000,0x0000006e2e800000)]
  0x000001e4fe323700 JavaThread "Service Thread" daemon [_thread_blocked, id=57840, stack(0x0000006e2e800000,0x0000006e2e900000)]
  0x000001e4fe323fb0 JavaThread "Monitor Deflation Thread" daemon [_thread_blocked, id=101272, stack(0x0000006e2e900000,0x0000006e2ea00000)]
  0x000001e4fe324b90 JavaThread "C2 CompilerThread0" daemon [_thread_blocked, id=97896, stack(0x0000006e2ea00000,0x0000006e2eb00000)]
  0x000001e4fe36e470 JavaThread "C1 CompilerThread0" daemon [_thread_blocked, id=86312, stack(0x0000006e2eb00000,0x0000006e2ec00000)]
  0x000001e4fe36e970 JavaThread "Sweeper thread" daemon [_thread_blocked, id=91640, stack(0x0000006e2ec00000,0x0000006e2ed00000)]
  0x000001e4fec96c20 JavaThread "Common-Cleaner" daemon [_thread_blocked, id=79032, stack(0x0000006e2ed00000,0x0000006e2ee00000)]
  0x000001e4feebda40 JavaThread "Notification Thread" daemon [_thread_blocked, id=63720, stack(0x0000006e2ee00000,0x0000006e2ef00000)]
  0x000001e4ff5004f0 JavaThread "Active Thread: Equinox Container: 1f25cd5a-cf3b-4b00-a1f2-60f93fad64aa" [_thread_blocked, id=85120, stack(0x0000006e2f100000,0x0000006e2f200000)]
  0x000001e4ff4da1e0 JavaThread "Refresh Thread: Equinox Container: 1f25cd5a-cf3b-4b00-a1f2-60f93fad64aa" daemon [_thread_blocked, id=10148, stack(0x0000006e2f000000,0x0000006e2f100000)]
  0x000001e4ff6b9080 JavaThread "Framework Event Dispatcher: Equinox Container: 1f25cd5a-cf3b-4b00-a1f2-60f93fad64aa" daemon [_thread_blocked, id=10024, stack(0x0000006e2f800000,0x0000006e2f900000)]
  0x000001e4ff686570 JavaThread "Start Level: Equinox Container: 1f25cd5a-cf3b-4b00-a1f2-60f93fad64aa" daemon [_thread_blocked, id=77960, stack(0x0000006e2f900000,0x0000006e2fa00000)]
  0x000001e4ff7d5620 JavaThread "Bundle File Closer" daemon [_thread_blocked, id=11064, stack(0x0000006e2fc00000,0x0000006e2fd00000)]
  0x000001e4ff6ff570 JavaThread "SCR Component Actor" daemon [_thread_blocked, id=11240, stack(0x0000006e2fb00000,0x0000006e2fc00000)]
  0x000001e4864103a0 JavaThread "Worker-JM" [_thread_blocked, id=85056, stack(0x0000006e2fe00000,0x0000006e2ff00000)]
  0x000001e486412a20 JavaThread "JNA Cleaner" daemon [_thread_blocked, id=94372, stack(0x0000006e2ff00000,0x0000006e30000000)]
  0x000001e486411210 JavaThread "Worker-0: Java indexing... " [_thread_blocked, id=69860, stack(0x0000006e30000000,0x0000006e30100000)]
  0x000001e486411bb0 JavaThread "Worker-1" [_thread_blocked, id=81428, stack(0x0000006e30100000,0x0000006e30200000)]
  0x000001e486410870 JavaThread "Worker-2: Building" [_thread_blocked, id=91820, stack(0x0000006e30200000,0x0000006e30300000)]
  0x000001e48640f060 JavaThread "Java indexing" daemon [_thread_blocked, id=90900, stack(0x0000006e30600000,0x0000006e30700000)]
  0x000001e48722a4f0 JavaThread "Worker-3" [_thread_blocked, id=96180, stack(0x0000006e30700000,0x0000006e30800000)]
  0x000001e48722c1d0 JavaThread "Worker-4" [_thread_blocked, id=85796, stack(0x0000006e30800000,0x0000006e30900000)]
  0x000001e48722a020 JavaThread "Thread-2" daemon [_thread_in_native, id=59724, stack(0x0000006e30b00000,0x0000006e30c00000)]
  0x000001e487230060 JavaThread "Thread-3" daemon [_thread_in_native, id=88772, stack(0x0000006e30c00000,0x0000006e30d00000)]
  0x000001e48722c6a0 JavaThread "Thread-4" daemon [_thread_in_native, id=83384, stack(0x0000006e30d00000,0x0000006e30e00000)]
  0x000001e48722cb70 JavaThread "Thread-5" daemon [_thread_in_native, id=72828, stack(0x0000006e30e00000,0x0000006e30f00000)]
  0x000001e48722d040 JavaThread "Thread-6" daemon [_thread_in_native, id=86948, stack(0x0000006e30f00000,0x0000006e31000000)]
  0x000001e48722f6c0 JavaThread "Thread-7" daemon [_thread_in_native, id=92528, stack(0x0000006e31000000,0x0000006e31100000)]
  0x000001e48722d9e0 JavaThread "Thread-8" daemon [_thread_in_native, id=92812, stack(0x0000006e31100000,0x0000006e31200000)]
  0x000001e48722a9c0 JavaThread "Thread-9" daemon [_thread_in_native, id=80712, stack(0x0000006e31200000,0x0000006e31300000)]
  0x000001e48722ae90 JavaThread "Thread-10" daemon [_thread_in_native, id=82996, stack(0x0000006e31300000,0x0000006e31400000)]
  0x000001e48722d510 JavaThread "pool-2-thread-1" [_thread_blocked, id=90972, stack(0x0000006e30900000,0x0000006e30a00000)]
  0x000001e487230530 JavaThread "Compiler Source File Reader" daemon [_thread_blocked, id=79276, stack(0x0000006e31400000,0x0000006e31500000)]
  0x000001e48722e380 JavaThread "Compiler Source File Reader" daemon [_thread_blocked, id=95776, stack(0x0000006e31500000,0x0000006e31600000)]
  0x000001e487229b50 JavaThread "Compiler Source File Reader" daemon [_thread_blocked, id=81796, stack(0x0000006e31600000,0x0000006e31700000)]
  0x000001e48722bd00 JavaThread "Compiler Source File Reader" daemon [_thread_blocked, id=64992, stack(0x0000006e31700000,0x0000006e31800000)]
  0x000001e48722b360 JavaThread "Compiler Source File Reader" daemon [_thread_blocked, id=85288, stack(0x0000006e31800000,0x0000006e31900000)]
  0x000001e487230ed0 JavaThread "Compiler Source File Reader" daemon [_thread_blocked, id=83048, stack(0x0000006e31900000,0x0000006e31a00000)]
  0x000001e4872313a0 JavaThread "WorkspaceEventsHandler" [_thread_blocked, id=82004, stack(0x0000006e31a00000,0x0000006e31b00000)]
  0x000001e48722fb90 JavaThread "pool-1-thread-1" [_thread_blocked, id=97788, stack(0x0000006e31b00000,0x0000006e31c00000)]
  0x000001e48722f1f0 JavaThread "Compiler Processing Task" daemon [_thread_blocked, id=88552, stack(0x0000006e31c00000,0x0000006e31d00000)]
  0x000001e486410d40 JavaThread "Compiler Class File Writer" daemon [_thread_blocked, id=87444, stack(0x0000006e2da00000,0x0000006e2db00000)]
  0x000001e48722b830 JavaThread "Compiler Class File Writer" daemon [_thread_blocked, id=98432, stack(0x0000006e31d00000,0x0000006e31e00000)]
  0x000001e492d22e30 JavaThread "Compiler Class File Writer" daemon [_thread_blocked, id=95904, stack(0x0000006e31e00000,0x0000006e31f00000)]
  0x000001e492d27190 JavaThread "Compiler Class File Writer" daemon [_thread_blocked, id=85024, stack(0x0000006e31f00000,0x0000006e32000000)]
  0x000001e492d21af0 JavaThread "Compiler Class File Writer" daemon [_thread_blocked, id=99124, stack(0x0000006e32000000,0x0000006e32100000)]
  0x000001e492d25e50 JavaThread "Compiler Class File Writer" daemon [_thread_blocked, id=93292, stack(0x0000006e32100000,0x0000006e32200000)]
  0x000001e488db62a0 JavaThread "C2 CompilerThread1" daemon [_thread_blocked, id=93460, stack(0x0000006e2fd00000,0x0000006e2fe00000)]
  0x000001e492d24170 JavaThread "ParallelDescriptorResolver-0-0" daemon [_thread_blocked, id=88616, stack(0x0000006e32300000,0x0000006e32400000)]
  0x000001e492d24fe0 JavaThread "ParallelDescriptorResolver-0-1" daemon [_thread_blocked, id=90764, stack(0x0000006e32400000,0x0000006e32500000)]
  0x000001e492d25980 JavaThread "ParallelDescriptorResolver-0-2" daemon [_thread_blocked, id=80464, stack(0x0000006e32500000,0x0000006e32600000)]
  0x000001e492d202e0 JavaThread "ParallelDescriptorResolver-0-3" daemon [_thread_blocked, id=91740, stack(0x0000006e32600000,0x0000006e32700000)]
  0x000001e492d22490 JavaThread "ParallelDescriptorResolver-0-4" daemon [_thread_blocked, id=3680, stack(0x0000006e32700000,0x0000006e32800000)]
  0x000001e492d267f0 JavaThread "ForkJoinPool.commonPool-worker-1" daemon [_thread_blocked, id=95808, stack(0x0000006e32800000,0x0000006e32900000)]

Other Threads:
=>0x000001e4fe304640 VMThread "VM Thread" [stack: 0x0000006e2e300000,0x0000006e2e400000] [id=86956]
  0x000001e4feea0a00 WatcherThread "VM Periodic Task Thread" [stack: 0x0000006e2ef00000,0x0000006e2f000000] [id=93536]
  0x000001e4ddd49dd0 WorkerThread "GC Thread#0" [stack: 0x0000006e2de00000,0x0000006e2df00000] [id=57876]
  0x000001e4ff528050 WorkerThread "GC Thread#1" [stack: 0x0000006e2f200000,0x0000006e2f300000] [id=80536]
  0x000001e4ff5815e0 WorkerThread "GC Thread#2" [stack: 0x0000006e2f300000,0x0000006e2f400000] [id=86528]
  0x000001e4ff581880 WorkerThread "GC Thread#3" [stack: 0x0000006e2f400000,0x0000006e2f500000] [id=96500]
  0x000001e4fef648d0 WorkerThread "GC Thread#4" [stack: 0x0000006e2f500000,0x0000006e2f600000] [id=63404]
  0x000001e4fef64b70 WorkerThread "GC Thread#5" [stack: 0x0000006e2f600000,0x0000006e2f700000] [id=84708]
  0x000001e4ff2daad0 WorkerThread "GC Thread#6" [stack: 0x0000006e2f700000,0x0000006e2f800000] [id=96080]
  0x000001e4ff6d5d80 WorkerThread "GC Thread#7" [stack: 0x0000006e2fa00000,0x0000006e2fb00000] [id=10140]
  0x000001e4ddd5baa0 ConcurrentGCThread "G1 Main Marker" [stack: 0x0000006e2df00000,0x0000006e2e000000] [id=98084]
  0x000001e4ddd5cb40 WorkerThread "G1 Conc#0" [stack: 0x0000006e2e000000,0x0000006e2e100000] [id=97600]
  0x000001e4ff6ce8e0 WorkerThread "G1 Conc#1" [stack: 0x0000006e30300000,0x0000006e30400000] [id=85600]
  0x000001e4fe1bd860 ConcurrentGCThread "G1 Refine#0" [stack: 0x0000006e2e100000,0x0000006e2e200000] [id=76184]
  0x000001e487628ce0 ConcurrentGCThread "G1 Refine#1" [stack: 0x0000006e30400000,0x0000006e30500000] [id=99348]
  0x000001e487629af0 ConcurrentGCThread "G1 Refine#2" [stack: 0x0000006e32200000,0x0000006e32300000] [id=99820]
  0x000001e4fe1be080 ConcurrentGCThread "G1 Service" [stack: 0x0000006e2e200000,0x0000006e2e300000] [id=91388]

Threads with active compile tasks:
C2 CompilerThread0    38153 11298       4       java.lang.String::indexOf (18 bytes)

VM state: at safepoint (normal execution)

VM Mutex/Monitor currently owned by a thread:  ([mutex/lock_event])
[0x000001e4ddcda3e0] Threads_lock - owner thread: 0x000001e4fe304640
[0x000001e4ddcd9f60] Heap_lock - owner thread: 0x000001e492d202e0

Heap address: 0x0000000701800000, size: 4072 MB, Compressed Oops mode: Zero based, Oop shift amount: 3

CDS archive(s) mapped at: [0x0000000800000000-0x0000000800ba0000-0x0000000800ba0000), size 12189696, SharedBaseAddress: 0x0000000800000000, ArchiveRelocationMode: 0.
Compressed class space mapped at: 0x0000000800c00000-0x0000000840c00000, reserved size: 1073741824
Narrow klass base: 0x0000000800000000, Narrow klass shift: 0, Narrow klass range: 0x100000000

GC Precious Log:
 CardTable entry size: 512
 Card Set container configuration: InlinePtr #cards 4 size 8 Array Of Cards #cards 16 size 48 Howl #buckets 8 coarsen threshold 3686 Howl Bitmap #cards 512 size 80 coarsen threshold 460 Card regions per heap region 1 cards per card region 4096
 CPUs: 8 total, 8 available
 Memory: 16283M
 Large Page Support: Disabled
 NUMA Support: Disabled
 Compressed Oops: Enabled (Zero based)
 Heap Region Size: 2M
 Heap Min Capacity: 8M
 Heap Initial Capacity: 256M
 Heap Max Capacity: 4072M
 Pre-touch: Disabled
 Parallel Workers: 8
 Concurrent Workers: 2
 Concurrent Refinement Workers: 8
 Periodic GC: Disabled

Heap:
 garbage-first heap   total 262144K, used 152731K [0x0000000701800000, 0x0000000800000000)
  region size 2048K, 4 young (8192K), 4 survivors (8192K)
 Metaspace       used 59897K, committed 61248K, reserved 1114112K
  class space    used 5938K, committed 6592K, reserved 1048576K

Heap Regions: E=young(eden), S=young(survivor), O=old, HS=humongous(starts), HC=humongous(continues), CS=collection set, F=free, OA=open archive, CA=closed archive, TAMS=top-at-mark-start (previous, next)
|   0|0x0000000701800000, 0x0000000701a00000, 0x0000000701a00000|100%| O|  |TAMS 0x0000000701a00000, 0x0000000701a00000| Untracked 
|   1|0x0000000701a00000, 0x0000000701c00000, 0x0000000701c00000|100%| O|  |TAMS 0x0000000701c00000, 0x0000000701c00000| Untracked 
|   2|0x0000000701c00000, 0x0000000701e00000, 0x0000000701e00000|100%| O|  |TAMS 0x0000000701e00000, 0x0000000701e00000| Untracked 
|   3|0x0000000701e00000, 0x0000000702000000, 0x0000000702000000|100%| O|  |TAMS 0x0000000702000000, 0x0000000702000000| Untracked 
|   4|0x0000000702000000, 0x0000000702200000, 0x0000000702200000|100%| O|  |TAMS 0x0000000702200000, 0x0000000702200000| Untracked 
|   5|0x0000000702200000, 0x0000000702400000, 0x0000000702400000|100%| O|  |TAMS 0x0000000702400000, 0x0000000702400000| Untracked 
|   6|0x0000000702400000, 0x0000000702600000, 0x0000000702600000|100%| O|  |TAMS 0x0000000702600000, 0x0000000702600000| Untracked 
|   7|0x0000000702600000, 0x0000000702800000, 0x0000000702800000|100%| O|  |TAMS 0x0000000702600000, 0x0000000702800000| Untracked 
|   8|0x0000000702800000, 0x0000000702a00000, 0x0000000702a00000|100%| O|  |TAMS 0x0000000702a00000, 0x0000000702a00000| Untracked 
|   9|0x0000000702a00000, 0x0000000702c00000, 0x0000000702c00000|100%| O|  |TAMS 0x0000000702c00000, 0x0000000702c00000| Untracked 
|  10|0x0000000702c00000, 0x0000000702e00000, 0x0000000702e00000|100%| O|  |TAMS 0x0000000702e00000, 0x0000000702e00000| Untracked 
|  11|0x0000000702e00000, 0x0000000703000000, 0x0000000703000000|100%| O|  |TAMS 0x0000000703000000, 0x0000000703000000| Untracked 
|  12|0x0000000703000000, 0x0000000703200000, 0x0000000703200000|100%| O|  |TAMS 0x0000000703200000, 0x0000000703200000| Untracked 
|  13|0x0000000703200000, 0x0000000703400000, 0x0000000703400000|100%| O|  |TAMS 0x0000000703400000, 0x0000000703400000| Untracked 
|  14|0x0000000703400000, 0x0000000703600000, 0x0000000703600000|100%| O|  |TAMS 0x0000000703600000, 0x0000000703600000| Untracked 
|  15|0x0000000703600000, 0x0000000703800000, 0x0000000703800000|100%| O|  |TAMS 0x0000000703800000, 0x0000000703800000| Untracked 
|  16|0x0000000703800000, 0x0000000703a00000, 0x0000000703a00000|100%| O|  |TAMS 0x0000000703a00000, 0x0000000703a00000| Untracked 
|  17|0x0000000703a00000, 0x0000000703c00000, 0x0000000703c00000|100%| O|  |TAMS 0x0000000703c00000, 0x0000000703c00000| Untracked 
|  18|0x0000000703c00000, 0x0000000703e00000, 0x0000000703e00000|100%| O|  |TAMS 0x0000000703e00000, 0x0000000703e00000| Untracked 
|  19|0x0000000703e00000, 0x0000000704000000, 0x0000000704000000|100%| O|  |TAMS 0x0000000704000000, 0x0000000704000000| Untracked 
|  20|0x0000000704000000, 0x0000000704200000, 0x0000000704200000|100%| O|  |TAMS 0x0000000704200000, 0x0000000704200000| Untracked 
|  21|0x0000000704200000, 0x0000000704400000, 0x0000000704400000|100%| O|  |TAMS 0x0000000704400000, 0x0000000704400000| Untracked 
|  22|0x0000000704400000, 0x0000000704400000, 0x0000000704600000|  0%| F|  |TAMS 0x0000000704400000, 0x0000000704400000| Untracked 
|  23|0x0000000704600000, 0x0000000704800000, 0x0000000704800000|100%| O|  |TAMS 0x0000000704800000, 0x0000000704800000| Untracked 
|  24|0x0000000704800000, 0x0000000704a00000, 0x0000000704a00000|100%| O|  |TAMS 0x0000000704a00000, 0x0000000704a00000| Untracked 
|  25|0x0000000704a00000, 0x0000000704c00000, 0x0000000704c00000|100%| O|  |TAMS 0x0000000704c00000, 0x0000000704c00000| Untracked 
|  26|0x0000000704c00000, 0x0000000704e00000, 0x0000000704e00000|100%| O|  |TAMS 0x0000000704e00000, 0x0000000704e00000| Untracked 
|  27|0x0000000704e00000, 0x0000000705000000, 0x0000000705000000|100%| O|  |TAMS 0x0000000705000000, 0x0000000705000000| Untracked 
|  28|0x0000000705000000, 0x0000000705200000, 0x0000000705200000|100%| O|  |TAMS 0x0000000705200000, 0x0000000705200000| Untracked 
|  29|0x0000000705200000, 0x0000000705400000, 0x0000000705400000|100%| O|  |TAMS 0x0000000705400000, 0x0000000705400000| Untracked 
|  30|0x0000000705400000, 0x0000000705600000, 0x0000000705600000|100%| O|  |TAMS 0x0000000705600000, 0x0000000705600000| Untracked 
|  31|0x0000000705600000, 0x0000000705800000, 0x0000000705800000|100%| O|  |TAMS 0x0000000705800000, 0x0000000705800000| Untracked 
|  32|0x0000000705800000, 0x0000000705a00000, 0x0000000705a00000|100%| O|  |TAMS 0x0000000705a00000, 0x0000000705a00000| Untracked 
|  33|0x0000000705a00000, 0x0000000705c00000, 0x0000000705c00000|100%| O|  |TAMS 0x0000000705c00000, 0x0000000705c00000| Untracked 
|  34|0x0000000705c00000, 0x0000000705e00000, 0x0000000705e00000|100%| O|  |TAMS 0x0000000705e00000, 0x0000000705e00000| Untracked 
|  35|0x0000000705e00000, 0x0000000706000000, 0x0000000706000000|100%| O|  |TAMS 0x0000000706000000, 0x0000000706000000| Untracked 
|  36|0x0000000706000000, 0x0000000706200000, 0x0000000706200000|100%| O|  |TAMS 0x0000000706200000, 0x0000000706200000| Untracked 
|  37|0x0000000706200000, 0x0000000706200000, 0x0000000706400000|  0%| F|  |TAMS 0x0000000706200000, 0x0000000706200000| Untracked 
|  38|0x0000000706400000, 0x0000000706600000, 0x0000000706600000|100%| O|  |TAMS 0x0000000706600000, 0x0000000706600000| Untracked 
|  39|0x0000000706600000, 0x0000000706800000, 0x0000000706800000|100%| O|  |TAMS 0x0000000706800000, 0x0000000706800000| Untracked 
|  40|0x0000000706800000, 0x0000000706a00000, 0x0000000706a00000|100%| O|  |TAMS 0x0000000706a00000, 0x0000000706a00000| Untracked 
|  41|0x0000000706a00000, 0x0000000706c00000, 0x0000000706c00000|100%| O|  |TAMS 0x0000000706c00000, 0x0000000706c00000| Untracked 
|  42|0x0000000706c00000, 0x0000000706e00000, 0x0000000706e00000|100%| O|  |TAMS 0x0000000706e00000, 0x0000000706e00000| Untracked 
|  43|0x0000000706e00000, 0x0000000707000000, 0x0000000707000000|100%| O|  |TAMS 0x0000000707000000, 0x0000000707000000| Untracked 
|  44|0x0000000707000000, 0x0000000707200000, 0x0000000707200000|100%| O|  |TAMS 0x0000000707200000, 0x0000000707200000| Untracked 
|  45|0x0000000707200000, 0x0000000707400000, 0x0000000707400000|100%| O|  |TAMS 0x0000000707400000, 0x0000000707400000| Untracked 
|  46|0x0000000707400000, 0x0000000707600000, 0x0000000707600000|100%| O|  |TAMS 0x0000000707600000, 0x0000000707600000| Untracked 
|  47|0x0000000707600000, 0x0000000707800000, 0x0000000707800000|100%| O|  |TAMS 0x0000000707800000, 0x0000000707800000| Untracked 
|  48|0x0000000707800000, 0x0000000707a00000, 0x0000000707a00000|100%| O|  |TAMS 0x0000000707a00000, 0x0000000707a00000| Untracked 
|  49|0x0000000707a00000, 0x0000000707c00000, 0x0000000707c00000|100%| O|  |TAMS 0x0000000707c00000, 0x0000000707c00000| Untracked 
|  50|0x0000000707c00000, 0x0000000707e00000, 0x0000000707e00000|100%| O|  |TAMS 0x0000000707e00000, 0x0000000707e00000| Untracked 
|  51|0x0000000707e00000, 0x0000000708000000, 0x0000000708000000|100%| O|  |TAMS 0x0000000708000000, 0x0000000708000000| Untracked 
|  52|0x0000000708000000, 0x0000000708200000, 0x0000000708200000|100%| O|  |TAMS 0x0000000708200000, 0x0000000708200000| Untracked 
|  53|0x0000000708200000, 0x0000000708400000, 0x0000000708400000|100%| O|  |TAMS 0x0000000708400000, 0x0000000708400000| Untracked 
|  54|0x0000000708400000, 0x0000000708600000, 0x0000000708600000|100%|HS|  |TAMS 0x0000000708600000, 0x0000000708600000| Complete 
|  55|0x0000000708600000, 0x0000000708800000, 0x0000000708800000|100%| O|  |TAMS 0x0000000708800000, 0x0000000708800000| Untracked 
|  56|0x0000000708800000, 0x0000000708a00000, 0x0000000708a00000|100%| O|  |TAMS 0x0000000708a00000, 0x0000000708a00000| Untracked 
|  57|0x0000000708a00000, 0x0000000708c00000, 0x0000000708c00000|100%| O|  |TAMS 0x0000000708c00000, 0x0000000708c00000| Untracked 
|  58|0x0000000708c00000, 0x0000000708e00000, 0x0000000708e00000|100%| O|  |TAMS 0x0000000708e00000, 0x0000000708e00000| Untracked 
|  59|0x0000000708e00000, 0x0000000709000000, 0x0000000709000000|100%| O|  |TAMS 0x0000000709000000, 0x0000000709000000| Untracked 
|  60|0x0000000709000000, 0x0000000709200000, 0x0000000709200000|100%| O|  |TAMS 0x0000000709200000, 0x0000000709200000| Untracked 
|  61|0x0000000709200000, 0x0000000709400000, 0x0000000709400000|100%| O|  |TAMS 0x0000000709400000, 0x0000000709400000| Untracked 
|  62|0x0000000709400000, 0x0000000709600000, 0x0000000709600000|100%| O|  |TAMS 0x0000000709600000, 0x0000000709600000| Untracked 
|  63|0x0000000709600000, 0x0000000709800000, 0x0000000709800000|100%| O|  |TAMS 0x0000000709790a00, 0x0000000709800000| Untracked 
|  64|0x0000000709800000, 0x0000000709a00000, 0x0000000709a00000|100%| O|  |TAMS 0x0000000709800000, 0x0000000709a00000| Untracked 
|  65|0x0000000709a00000, 0x0000000709c00000, 0x0000000709c00000|100%| O|  |TAMS 0x0000000709a00000, 0x0000000709c00000| Untracked 
|  66|0x0000000709c00000, 0x0000000709e00000, 0x0000000709e00000|100%| O|  |TAMS 0x0000000709c00000, 0x0000000709e00000| Untracked 
|  67|0x0000000709e00000, 0x000000070a000000, 0x000000070a000000|100%| O|  |TAMS 0x0000000709e00000, 0x000000070a000000| Untracked 
|  68|0x000000070a000000, 0x000000070a200000, 0x000000070a200000|100%| O|  |TAMS 0x000000070a000000, 0x000000070a200000| Untracked 
|  69|0x000000070a200000, 0x000000070a400000, 0x000000070a400000|100%| O|  |TAMS 0x000000070a200000, 0x000000070a400000| Untracked 
|  70|0x000000070a400000, 0x000000070a600000, 0x000000070a600000|100%| O|  |TAMS 0x000000070a400000, 0x000000070a600000| Untracked 
|  71|0x000000070a600000, 0x000000070a800000, 0x000000070a800000|100%| O|  |TAMS 0x000000070a600000, 0x000000070a800000| Untracked 
|  72|0x000000070a800000, 0x000000070aa00000, 0x000000070aa00000|100%| O|  |TAMS 0x000000070a800000, 0x000000070aa00000| Untracked 
|  73|0x000000070aa00000, 0x000000070aa00000, 0x000000070ac00000|  0%| F|  |TAMS 0x000000070aa00000, 0x000000070aa00000| Untracked 
|  74|0x000000070ac00000, 0x000000070ac00000, 0x000000070ae00000|  0%| F|  |TAMS 0x000000070ac00000, 0x000000070ac00000| Untracked 
|  75|0x000000070ae00000, 0x000000070ae00000, 0x000000070b000000|  0%| F|  |TAMS 0x000000070ae00000, 0x000000070ae00000| Untracked 
|  76|0x000000070b000000, 0x000000070b000000, 0x000000070b200000|  0%| F|  |TAMS 0x000000070b000000, 0x000000070b000000| Untracked 
|  77|0x000000070b200000, 0x000000070b200000, 0x000000070b400000|  0%| F|  |TAMS 0x000000070b200000, 0x000000070b200000| Untracked 
|  78|0x000000070b400000, 0x000000070b400000, 0x000000070b600000|  0%| F|  |TAMS 0x000000070b400000, 0x000000070b400000| Untracked 
|  79|0x000000070b600000, 0x000000070b600000, 0x000000070b800000|  0%| F|  |TAMS 0x000000070b600000, 0x000000070b600000| Untracked 
|  80|0x000000070b800000, 0x000000070b800000, 0x000000070ba00000|  0%| F|  |TAMS 0x000000070b800000, 0x000000070b800000| Untracked 
|  81|0x000000070ba00000, 0x000000070ba00000, 0x000000070bc00000|  0%| F|  |TAMS 0x000000070ba00000, 0x000000070ba00000| Untracked 
|  82|0x000000070bc00000, 0x000000070bc00000, 0x000000070be00000|  0%| F|  |TAMS 0x000000070bc00000, 0x000000070bc00000| Untracked 
|  83|0x000000070be00000, 0x000000070be00000, 0x000000070c000000|  0%| F|  |TAMS 0x000000070be00000, 0x000000070be00000| Untracked 
|  84|0x000000070c000000, 0x000000070c000000, 0x000000070c200000|  0%| F|  |TAMS 0x000000070c000000, 0x000000070c000000| Untracked 
|  85|0x000000070c200000, 0x000000070c200000, 0x000000070c400000|  0%| F|  |TAMS 0x000000070c200000, 0x000000070c200000| Untracked 
|  86|0x000000070c400000, 0x000000070c400000, 0x000000070c600000|  0%| F|  |TAMS 0x000000070c400000, 0x000000070c400000| Untracked 
|  87|0x000000070c600000, 0x000000070c600000, 0x000000070c800000|  0%| F|  |TAMS 0x000000070c600000, 0x000000070c600000| Untracked 
|  88|0x000000070c800000, 0x000000070c800000, 0x000000070ca00000|  0%| F|  |TAMS 0x000000070c800000, 0x000000070c800000| Untracked 
|  89|0x000000070ca00000, 0x000000070ca00000, 0x000000070cc00000|  0%| F|  |TAMS 0x000000070ca00000, 0x000000070ca00000| Untracked 
|  90|0x000000070cc00000, 0x000000070cc00000, 0x000000070ce00000|  0%| F|  |TAMS 0x000000070cc00000, 0x000000070cc00000| Untracked 
|  91|0x000000070ce00000, 0x000000070ce00000, 0x000000070d000000|  0%| F|  |TAMS 0x000000070ce00000, 0x000000070ce00000| Untracked 
|  92|0x000000070d000000, 0x000000070d000000, 0x000000070d200000|  0%| F|  |TAMS 0x000000070d000000, 0x000000070d000000| Untracked 
|  93|0x000000070d200000, 0x000000070d200000, 0x000000070d400000|  0%| F|  |TAMS 0x000000070d200000, 0x000000070d200000| Untracked 
|  94|0x000000070d400000, 0x000000070d526c58, 0x000000070d600000| 57%| S|CS|TAMS 0x000000070d400000, 0x000000070d400000| Complete 
|  95|0x000000070d600000, 0x000000070d800000, 0x000000070d800000|100%| S|CS|TAMS 0x000000070d600000, 0x000000070d600000| Complete 
|  96|0x000000070d800000, 0x000000070da00000, 0x000000070da00000|100%| S|CS|TAMS 0x000000070d800000, 0x000000070d800000| Complete 
|  97|0x000000070da00000, 0x000000070dc00000, 0x000000070dc00000|100%| S|CS|TAMS 0x000000070da00000, 0x000000070da00000| Complete 
|  98|0x000000070dc00000, 0x000000070dc00000, 0x000000070de00000|  0%| F|  |TAMS 0x000000070dc00000, 0x000000070dc00000| Untracked 
|  99|0x000000070de00000, 0x000000070de00000, 0x000000070e000000|  0%| F|  |TAMS 0x000000070de00000, 0x000000070de00000| Untracked 
| 100|0x000000070e000000, 0x000000070e000000, 0x000000070e200000|  0%| F|  |TAMS 0x000000070e000000, 0x000000070e000000| Untracked 
| 101|0x000000070e200000, 0x000000070e200000, 0x000000070e400000|  0%| F|  |TAMS 0x000000070e200000, 0x000000070e200000| Untracked 
| 102|0x000000070e400000, 0x000000070e400000, 0x000000070e600000|  0%| F|  |TAMS 0x000000070e400000, 0x000000070e400000| Untracked 
| 103|0x000000070e600000, 0x000000070e600000, 0x000000070e800000|  0%| F|  |TAMS 0x000000070e600000, 0x000000070e600000| Untracked 
| 104|0x000000070e800000, 0x000000070e800000, 0x000000070ea00000|  0%| F|  |TAMS 0x000000070e800000, 0x000000070e800000| Untracked 
| 105|0x000000070ea00000, 0x000000070ea00000, 0x000000070ec00000|  0%| F|  |TAMS 0x000000070ea00000, 0x000000070ea00000| Untracked 
| 106|0x000000070ec00000, 0x000000070ec00000, 0x000000070ee00000|  0%| F|  |TAMS 0x000000070ec00000, 0x000000070ec00000| Untracked 
| 107|0x000000070ee00000, 0x000000070ee00000, 0x000000070f000000|  0%| F|  |TAMS 0x000000070ee00000, 0x000000070ee00000| Untracked 
| 108|0x000000070f000000, 0x000000070f000000, 0x000000070f200000|  0%| F|  |TAMS 0x000000070f000000, 0x000000070f000000| Untracked 
| 109|0x000000070f200000, 0x000000070f200000, 0x000000070f400000|  0%| F|  |TAMS 0x000000070f200000, 0x000000070f200000| Untracked 
| 110|0x000000070f400000, 0x000000070f400000, 0x000000070f600000|  0%| F|  |TAMS 0x000000070f400000, 0x000000070f400000| Untracked 
| 111|0x000000070f600000, 0x000000070f600000, 0x000000070f800000|  0%| F|  |TAMS 0x000000070f600000, 0x000000070f600000| Untracked 
| 112|0x000000070f800000, 0x000000070f800000, 0x000000070fa00000|  0%| F|  |TAMS 0x000000070f800000, 0x000000070f800000| Untracked 
| 113|0x000000070fa00000, 0x000000070fa00000, 0x000000070fc00000|  0%| F|  |TAMS 0x000000070fa00000, 0x000000070fa00000| Untracked 
| 114|0x000000070fc00000, 0x000000070fc00000, 0x000000070fe00000|  0%| F|  |TAMS 0x000000070fc00000, 0x000000070fc00000| Untracked 
| 115|0x000000070fe00000, 0x000000070fe00000, 0x0000000710000000|  0%| F|  |TAMS 0x000000070fe00000, 0x000000070fe00000| Untracked 
| 116|0x0000000710000000, 0x0000000710000000, 0x0000000710200000|  0%| F|  |TAMS 0x0000000710000000, 0x0000000710000000| Untracked 
| 117|0x0000000710200000, 0x0000000710200000, 0x0000000710400000|  0%| F|  |TAMS 0x0000000710200000, 0x0000000710200000| Untracked 
| 118|0x0000000710400000, 0x0000000710400000, 0x0000000710600000|  0%| F|  |TAMS 0x0000000710400000, 0x0000000710400000| Untracked 
| 119|0x0000000710600000, 0x0000000710600000, 0x0000000710800000|  0%| F|  |TAMS 0x0000000710600000, 0x0000000710600000| Untracked 
| 120|0x0000000710800000, 0x0000000710800000, 0x0000000710a00000|  0%| F|  |TAMS 0x0000000710800000, 0x0000000710800000| Untracked 
| 121|0x0000000710a00000, 0x0000000710a00000, 0x0000000710c00000|  0%| F|  |TAMS 0x0000000710a00000, 0x0000000710a00000| Untracked 
| 122|0x0000000710c00000, 0x0000000710c00000, 0x0000000710e00000|  0%| F|  |TAMS 0x0000000710c00000, 0x0000000710c00000| Untracked 
| 123|0x0000000710e00000, 0x0000000710e00000, 0x0000000711000000|  0%| F|  |TAMS 0x0000000710e00000, 0x0000000710e00000| Untracked 
| 124|0x0000000711000000, 0x0000000711000000, 0x0000000711200000|  0%| F|  |TAMS 0x0000000711000000, 0x0000000711000000| Untracked 
| 125|0x0000000711200000, 0x0000000711200000, 0x0000000711400000|  0%| F|  |TAMS 0x0000000711200000, 0x0000000711200000| Untracked 
| 126|0x0000000711400000, 0x0000000711400000, 0x0000000711600000|  0%| F|  |TAMS 0x0000000711400000, 0x0000000711400000| Untracked 
| 127|0x0000000711600000, 0x0000000711600000, 0x0000000711800000|  0%| F|  |TAMS 0x0000000711600000, 0x0000000711600000| Untracked 

Card table byte_map: [0x000001e4f5120000,0x000001e4f5920000] _byte_map_base: 0x000001e4f1914000

Marking Bits (Prev, Next): (CMBitMap*) 0x000001e4ddd4a320, (CMBitMap*) 0x000001e4ddd4a2e0
 Prev Bits: [0x000001e4fa0c0000, 0x000001e4fe060000)
 Next Bits: [0x000001e4f6120000, 0x000001e4fa0c0000)

Polling page: 0x000001e4dbbc0000

Metaspace:

Usage:
  Non-class:     52.69 MB used.
      Class:      5.80 MB used.
       Both:     58.49 MB used.

Virtual space:
  Non-class space:       64.00 MB reserved,      53.38 MB ( 83%) committed,  1 nodes.
      Class space:        1.00 GB reserved,       6.44 MB ( <1%) committed,  1 nodes.
             Both:        1.06 GB reserved,      59.81 MB (  5%) committed. 

Chunk freelists:
   Non-Class:  2.08 MB
       Class:  1.60 MB
        Both:  3.68 MB

MaxMetaspaceSize: unlimited
CompressedClassSpaceSize: 1.00 GB
Initial GC threshold: 21.00 MB
Current GC threshold: 97.31 MB
CDS: on
MetaspaceReclaimPolicy: balanced
 - commit_granule_bytes: 65536.
 - commit_granule_words: 8192.
 - virtual_space_node_default_size: 8388608.
 - enlarge_chunks_in_place: 1.
 - new_chunks_are_fully_committed: 0.
 - uncommit_free_chunks: 1.
 - use_allocation_guard: 0.


Internal statistics:

num_allocs_failed_limit: 8.
num_arena_births: 1132.
num_arena_deaths: 14.
num_vsnodes_births: 2.
num_vsnodes_deaths: 0.
num_space_committed: 957.
num_space_uncommitted: 0.
num_chunks_returned_to_freelist: 22.
num_chunks_taken_from_freelist: 3935.
num_chunk_merges: 10.
num_chunk_splits: 2419.
num_chunks_enlarged: 1382.
num_inconsistent_stats: 0.

CodeHeap 'non-profiled nmethods': size=120000Kb used=6615Kb max_used=6615Kb free=113384Kb
 bounds [0x000001e4ed0a0000, 0x000001e4ed720000, 0x000001e4f45d0000]
CodeHeap 'profiled nmethods': size=120000Kb used=21888Kb max_used=21888Kb free=98112Kb
 bounds [0x000001e4e5b70000, 0x000001e4e70e0000, 0x000001e4ed0a0000]
CodeHeap 'non-nmethods': size=5760Kb used=1360Kb max_used=1503Kb free=4400Kb
 bounds [0x000001e4e55d0000, 0x000001e4e5840000, 0x000001e4e5b70000]
 total_blobs=10032 nmethods=9344 adapters=598
 compilation: enabled
              stopped_count=0, restarted_count=0
 full_count=0

Compilation events (20 events):
Event: 37.923 Thread 0x000001e4fe324b90 11252       4       java.util.regex.Pattern$CharPropertyGreedy::match (160 bytes)
Event: 37.930 Thread 0x000001e488db62a0 nmethod 11116 0x000001e4ed70c610 code [0x000001e4ed70c920, 0x000001e4ed70e5a8]
Event: 37.931 Thread 0x000001e488db62a0 11272       4       java.util.HashMap::putMapEntries (167 bytes)
Event: 37.946 Thread 0x000001e4fe324b90 nmethod 11252 0x000001e4ed70f690 code [0x000001e4ed70f8e0, 0x000001e4ed710890]
Event: 37.946 Thread 0x000001e4fe324b90 11259       4       java.util.regex.Pattern$$Lambda$25/0x0000000800c64e38::is (5 bytes)
Event: 37.947 Thread 0x000001e4fe324b90 nmethod 11259 0x000001e4ed711590 code [0x000001e4ed711700, 0x000001e4ed7117d8]
Event: 37.947 Thread 0x000001e4fe324b90 11265       4       org.apache.maven.model.ConfigurationContainer::setLocation (156 bytes)
Event: 37.958 Thread 0x000001e488db62a0 nmethod 11272 0x000001e4ed711910 code [0x000001e4ed711b60, 0x000001e4ed712848]
Event: 37.961 Thread 0x000001e4fe324b90 nmethod 11265 0x000001e4ed713310 code [0x000001e4ed7134e0, 0x000001e4ed713af0]
Event: 37.966 Thread 0x000001e4fe324b90 11283       4       org.codehaus.plexus.util.xml.pull.MXParser::nextTag (82 bytes)
Event: 37.970 Thread 0x000001e4fe324b90 nmethod 11283 0x000001e4ed713e10 code [0x000001e4ed713fa0, 0x000001e4ed714218]
Event: 37.970 Thread 0x000001e4fe324b90 11287       4       java.util.Properties::get (9 bytes)
Event: 37.975 Thread 0x000001e4fe324b90 nmethod 11287 0x000001e4ed714410 code [0x000001e4ed7145a0, 0x000001e4ed7148b8]
Event: 37.975 Thread 0x000001e4fe324b90 11292       4       java.lang.String::indexOf (113 bytes)
Event: 37.976 Thread 0x000001e4fe324b90 nmethod 11292 0x000001e4ed714b90 code [0x000001e4ed714d20, 0x000001e4ed715058]
Event: 37.976 Thread 0x000001e4fe324b90 11289       4       org.apache.maven.model.Plugin::getDependencies (23 bytes)
Event: 37.978 Thread 0x000001e4fe324b90 nmethod 11289 0x000001e4ed715290 code [0x000001e4ed715420, 0x000001e4ed7155f8]
Event: 37.978 Thread 0x000001e4fe324b90 11291       4       org.apache.maven.model.ConfigurationContainer::getLocation (147 bytes)
Event: 37.982 Thread 0x000001e4fe324b90 nmethod 11291 0x000001e4ed715710 code [0x000001e4ed7158e0, 0x000001e4ed715b70]
Event: 37.982 Thread 0x000001e4fe324b90 11298       4       java.lang.String::indexOf (18 bytes)

GC Heap History (20 events):
Event: 31.558 GC heap after
{Heap after GC invocations=42 (full 0):
 garbage-first heap   total 137216K, used 83095K [0x0000000701800000, 0x0000000800000000)
  region size 2048K, 3 young (6144K), 3 survivors (6144K)
 Metaspace       used 54867K, committed 56192K, reserved 1114112K
  class space    used 5521K, committed 6144K, reserved 1048576K
}
Event: 32.463 GC heap before
{Heap before GC invocations=42 (full 0):
 garbage-first heap   total 137216K, used 107671K [0x0000000701800000, 0x0000000800000000)
  region size 2048K, 15 young (30720K), 3 survivors (6144K)
 Metaspace       used 55703K, committed 57024K, reserved 1114112K
  class space    used 5611K, committed 6208K, reserved 1048576K
}
Event: 32.470 GC heap after
{Heap after GC invocations=43 (full 0):
 garbage-first heap   total 137216K, used 87616K [0x0000000701800000, 0x0000000800000000)
  region size 2048K, 2 young (4096K), 2 survivors (4096K)
 Metaspace       used 55703K, committed 57024K, reserved 1114112K
  class space    used 5611K, committed 6208K, reserved 1048576K
}
Event: 32.583 GC heap before
{Heap before GC invocations=43 (full 0):
 garbage-first heap   total 178176K, used 108096K [0x0000000701800000, 0x0000000800000000)
  region size 2048K, 13 young (26624K), 2 survivors (4096K)
 Metaspace       used 55990K, committed 57344K, reserved 1114112K
  class space    used 5648K, committed 6272K, reserved 1048576K
}
Event: 32.589 GC heap after
{Heap after GC invocations=44 (full 0):
 garbage-first heap   total 215040K, used 92907K [0x0000000701800000, 0x0000000800000000)
  region size 2048K, 2 young (4096K), 2 survivors (4096K)
 Metaspace       used 55990K, committed 57344K, reserved 1114112K
  class space    used 5648K, committed 6272K, reserved 1048576K
}
Event: 33.886 GC heap before
{Heap before GC invocations=45 (full 0):
 garbage-first heap   total 215040K, used 152299K [0x0000000701800000, 0x0000000800000000)
  region size 2048K, 32 young (65536K), 2 survivors (4096K)
 Metaspace       used 57076K, committed 58496K, reserved 1114112K
  class space    used 5758K, committed 6400K, reserved 1048576K
}
Event: 33.898 GC heap after
{Heap after GC invocations=46 (full 0):
 garbage-first heap   total 215040K, used 105298K [0x0000000701800000, 0x0000000800000000)
  region size 2048K, 4 young (8192K), 4 survivors (8192K)
 Metaspace       used 57076K, committed 58496K, reserved 1114112K
  class space    used 5758K, committed 6400K, reserved 1048576K
}
Event: 34.766 GC heap before
{Heap before GC invocations=46 (full 0):
 garbage-first heap   total 215040K, used 158546K [0x0000000701800000, 0x0000000800000000)
  region size 2048K, 30 young (61440K), 4 survivors (8192K)
 Metaspace       used 57439K, committed 58816K, reserved 1114112K
  class space    used 5790K, committed 6464K, reserved 1048576K
}
Event: 34.778 GC heap after
{Heap after GC invocations=47 (full 0):
 garbage-first heap   total 215040K, used 116899K [0x0000000701800000, 0x0000000800000000)
  region size 2048K, 4 young (8192K), 4 survivors (8192K)
 Metaspace       used 57439K, committed 58816K, reserved 1114112K
  class space    used 5790K, committed 6464K, reserved 1048576K
}
Event: 35.421 GC heap before
{Heap before GC invocations=48 (full 0):
 garbage-first heap   total 223232K, used 166051K [0x0000000701800000, 0x0000000800000000)
  region size 2048K, 27 young (55296K), 4 survivors (8192K)
 Metaspace       used 57778K, committed 59200K, reserved 1114112K
  class space    used 5797K, committed 6464K, reserved 1048576K
}
Event: 35.438 GC heap after
{Heap after GC invocations=49 (full 0):
 garbage-first heap   total 223232K, used 128880K [0x0000000701800000, 0x0000000800000000)
  region size 2048K, 4 young (8192K), 4 survivors (8192K)
 Metaspace       used 57778K, committed 59200K, reserved 1114112K
  class space    used 5797K, committed 6464K, reserved 1048576K
}
Event: 35.499 GC heap before
{Heap before GC invocations=49 (full 0):
 garbage-first heap   total 223232K, used 130928K [0x0000000701800000, 0x0000000800000000)
  region size 2048K, 5 young (10240K), 4 survivors (8192K)
 Metaspace       used 57778K, committed 59200K, reserved 1114112K
  class space    used 5797K, committed 6464K, reserved 1048576K
}
Event: 35.510 GC heap after
{Heap after GC invocations=50 (full 0):
 garbage-first heap   total 223232K, used 129957K [0x0000000701800000, 0x0000000800000000)
  region size 2048K, 1 young (2048K), 1 survivors (2048K)
 Metaspace       used 57778K, committed 59200K, reserved 1114112K
  class space    used 5797K, committed 6464K, reserved 1048576K
}
Event: 36.806 GC heap before
{Heap before GC invocations=50 (full 0):
 garbage-first heap   total 223232K, used 172965K [0x0000000701800000, 0x0000000800000000)
  region size 2048K, 23 young (47104K), 1 survivors (2048K)
 Metaspace       used 58384K, committed 59712K, reserved 1114112K
  class space    used 5811K, committed 6464K, reserved 1048576K
}
Event: 36.814 GC heap after
{Heap after GC invocations=51 (full 0):
 garbage-first heap   total 223232K, used 138926K [0x0000000701800000, 0x0000000800000000)
  region size 2048K, 3 young (6144K), 3 survivors (6144K)
 Metaspace       used 58384K, committed 59712K, reserved 1114112K
  class space    used 5811K, committed 6464K, reserved 1048576K
}
Event: 37.313 GC heap before
{Heap before GC invocations=52 (full 0):
 garbage-first heap   total 253952K, used 177838K [0x0000000701800000, 0x0000000800000000)
  region size 2048K, 22 young (45056K), 3 survivors (6144K)
 Metaspace       used 59003K, committed 60352K, reserved 1114112K
  class space    used 5868K, committed 6528K, reserved 1048576K
}
Event: 37.323 GC heap after
{Heap after GC invocations=53 (full 0):
 garbage-first heap   total 253952K, used 146752K [0x0000000701800000, 0x0000000800000000)
  region size 2048K, 3 young (6144K), 3 survivors (6144K)
 Metaspace       used 59003K, committed 60352K, reserved 1114112K
  class space    used 5868K, committed 6528K, reserved 1048576K
}
Event: 37.364 GC heap before
{Heap before GC invocations=53 (full 0):
 garbage-first heap   total 253952K, used 152896K [0x0000000701800000, 0x0000000800000000)
  region size 2048K, 6 young (12288K), 3 survivors (6144K)
 Metaspace       used 59130K, committed 60480K, reserved 1114112K
  class space    used 5879K, committed 6528K, reserved 1048576K
}
Event: 37.372 GC heap after
{Heap after GC invocations=54 (full 0):
 garbage-first heap   total 253952K, used 146964K [0x0000000701800000, 0x0000000800000000)
  region size 2048K, 1 young (2048K), 1 survivors (2048K)
 Metaspace       used 59130K, committed 60480K, reserved 1114112K
  class space    used 5879K, committed 6528K, reserved 1048576K
}
Event: 38.016 GC heap before
{Heap before GC invocations=54 (full 0):
 garbage-first heap   total 253952K, used 196116K [0x0000000701800000, 0x0000000800000000)
  region size 2048K, 26 young (53248K), 1 survivors (2048K)
 Metaspace       used 59897K, committed 61248K, reserved 1114112K
  class space    used 5938K, committed 6592K, reserved 1048576K
}

Deoptimization events (20 events):
Event: 37.757 Thread 0x000001e492d24fe0 Uncommon trap: trap_request=0xffffff45 fr.pc=0x000001e4ed5af3c0 relative=0x0000000000000e20
Event: 37.757 Thread 0x000001e492d24fe0 Uncommon trap: reason=unstable_if action=reinterpret pc=0x000001e4ed5af3c0 method=org.codehaus.plexus.util.xml.pull.MXParser.nextImpl()I @ 1162 c2
Event: 37.757 Thread 0x000001e492d24fe0 DEOPT PACKING pc=0x000001e4ed5af3c0 sp=0x0000006e324fe480
Event: 37.758 Thread 0x000001e492d24fe0 DEOPT UNPACKING pc=0x000001e4e56223a3 sp=0x0000006e324fe428 mode 2
Event: 37.778 Thread 0x000001e486410870 Uncommon trap: trap_request=0xffffffde fr.pc=0x000001e4ed2b6e40 relative=0x00000000000008e0
Event: 37.778 Thread 0x000001e486410870 Uncommon trap: reason=class_check action=maybe_recompile pc=0x000001e4ed2b6e40 method=java.util.WeakHashMap.matchesKey(Ljava/util/WeakHashMap$Entry;Ljava/lang/Object;)Z @ 21 c2
Event: 37.778 Thread 0x000001e486410870 DEOPT PACKING pc=0x000001e4ed2b6e40 sp=0x0000006e302fd3c0
Event: 37.778 Thread 0x000001e486410870 DEOPT UNPACKING pc=0x000001e4e56223a3 sp=0x0000006e302fd2f8 mode 2
Event: 37.778 Thread 0x000001e486410870 Uncommon trap: trap_request=0xffffffde fr.pc=0x000001e4ed2b6e40 relative=0x00000000000008e0
Event: 37.778 Thread 0x000001e486410870 Uncommon trap: reason=class_check action=maybe_recompile pc=0x000001e4ed2b6e40 method=java.util.WeakHashMap.matchesKey(Ljava/util/WeakHashMap$Entry;Ljava/lang/Object;)Z @ 21 c2
Event: 37.779 Thread 0x000001e486410870 DEOPT PACKING pc=0x000001e4ed2b6e40 sp=0x0000006e302fd3d0
Event: 37.779 Thread 0x000001e486410870 DEOPT UNPACKING pc=0x000001e4e56223a3 sp=0x0000006e302fd308 mode 2
Event: 37.907 Thread 0x000001e492d25980 Uncommon trap: trap_request=0xffffff45 fr.pc=0x000001e4ed673a18 relative=0x0000000000000118
Event: 37.907 Thread 0x000001e492d25980 Uncommon trap: reason=unstable_if action=reinterpret pc=0x000001e4ed673a18 method=java.util.stream.AbstractPipeline.sourceSpliterator(I)Ljava/util/Spliterator; @ 82 c2
Event: 37.907 Thread 0x000001e492d25980 DEOPT PACKING pc=0x000001e4ed673a18 sp=0x0000006e325fec40
Event: 37.907 Thread 0x000001e492d25980 DEOPT UNPACKING pc=0x000001e4e56223a3 sp=0x0000006e325febc0 mode 2
Event: 37.983 Thread 0x000001e492d202e0 Uncommon trap: trap_request=0xffffff45 fr.pc=0x000001e4ed29e6ec relative=0x00000000000004ac
Event: 37.983 Thread 0x000001e492d202e0 Uncommon trap: reason=unstable_if action=reinterpret pc=0x000001e4ed29e6ec method=java.lang.String.decodeASCII([BI[CII)I @ 7 c2
Event: 37.983 Thread 0x000001e492d202e0 DEOPT PACKING pc=0x000001e4ed29e6ec sp=0x0000006e326fe220
Event: 37.983 Thread 0x000001e492d202e0 DEOPT UNPACKING pc=0x000001e4e56223a3 sp=0x0000006e326fe048 mode 2

Classes loaded (20 events):
Event: 36.117 Loading class sun/util/resources/cldr/TimeZoneNames
Event: 36.118 Loading class sun/util/resources/TimeZoneNamesBundle
Event: 36.118 Loading class sun/util/resources/OpenListResourceBundle
Event: 36.118 Loading class sun/util/resources/OpenListResourceBundle done
Event: 36.118 Loading class sun/util/resources/TimeZoneNamesBundle done
Event: 36.118 Loading class sun/util/resources/cldr/TimeZoneNames done
Event: 36.118 Loading class sun/util/resources/cldr/TimeZoneNames_en
Event: 36.120 Loading class sun/util/resources/cldr/TimeZoneNames_en done
Event: 36.120 Loading class sun/util/resources/cldr/TimeZoneNames_en_US
Event: 36.120 Loading class sun/util/resources/cldr/TimeZoneNames_en_US done
Event: 36.122 Loading class sun/util/cldr/CLDRBaseLocaleDataMetaInfo$TZCanonicalIDMapHolder
Event: 36.123 Loading class sun/util/cldr/CLDRBaseLocaleDataMetaInfo$TZCanonicalIDMapHolder done
Event: 36.125 Loading class sun/util/resources/TimeZoneNames
Event: 36.126 Loading class sun/util/resources/TimeZoneNames done
Event: 36.126 Loading class sun/util/resources/TimeZoneNames_en
Event: 36.126 Loading class sun/util/resources/TimeZoneNames_en done
Event: 37.664 Loading class sun/nio/cs/ISO_8859_1$Decoder
Event: 37.665 Loading class sun/nio/cs/ISO_8859_1$Decoder done
Event: 37.907 Loading class java/util/stream/ForEachOps$ForEachTask
Event: 37.907 Loading class java/util/stream/ForEachOps$ForEachTask done

Classes unloaded (7 events):
Event: 16.692 Thread 0x000001e4fe304640 Unloading class 0x0000000800db4800 'java/lang/invoke/LambdaForm$MH+0x0000000800db4800'
Event: 16.692 Thread 0x000001e4fe304640 Unloading class 0x0000000800db4400 'java/lang/invoke/LambdaForm$MH+0x0000000800db4400'
Event: 16.692 Thread 0x000001e4fe304640 Unloading class 0x0000000800db4000 'java/lang/invoke/LambdaForm$MH+0x0000000800db4000'
Event: 16.692 Thread 0x000001e4fe304640 Unloading class 0x0000000800db3c00 'java/lang/invoke/LambdaForm$MH+0x0000000800db3c00'
Event: 16.692 Thread 0x000001e4fe304640 Unloading class 0x0000000800db3800 'java/lang/invoke/LambdaForm$BMH+0x0000000800db3800'
Event: 16.692 Thread 0x000001e4fe304640 Unloading class 0x0000000800db3400 'java/lang/invoke/LambdaForm$DMH+0x0000000800db3400'
Event: 16.692 Thread 0x000001e4fe304640 Unloading class 0x0000000800db2000 'java/lang/invoke/LambdaForm$DMH+0x0000000800db2000'

Classes redefined (0 events):
No events

Internal exceptions (20 events):
Event: 35.077 Thread 0x000001e48722f1f0 Exception <a 'java/lang/NullPointerException'{0x000000070ea1e018}> (0x000000070ea1e018) 
thrown [s\open\src\hotspot\share\runtime\sharedRuntime.cpp, line 625]
Event: 35.077 Thread 0x000001e48722f1f0 Implicit null exception at 0x000001e4e6e1a6d0 to 0x000001e4e6e1e053
Event: 35.077 Thread 0x000001e48722f1f0 Exception <a 'java/lang/NullPointerException'{0x000000070ea1e908}> (0x000000070ea1e908) 
thrown [s\open\src\hotspot\share\runtime\sharedRuntime.cpp, line 625]
Event: 35.077 Thread 0x000001e48722f1f0 Implicit null exception at 0x000001e4e6e1a6d0 to 0x000001e4e6e1e053
Event: 35.077 Thread 0x000001e48722f1f0 Exception <a 'java/lang/NullPointerException'{0x000000070ea1f758}> (0x000000070ea1f758) 
thrown [s\open\src\hotspot\share\runtime\sharedRuntime.cpp, line 625]
Event: 35.150 Thread 0x000001e48722f1f0 Implicit null exception at 0x000001e4e6e1a6d0 to 0x000001e4e6e1e053
Event: 35.150 Thread 0x000001e48722f1f0 Exception <a 'java/lang/NullPointerException'{0x000000070ea20590}> (0x000000070ea20590) 
thrown [s\open\src\hotspot\share\runtime\sharedRuntime.cpp, line 625]
Event: 35.153 Thread 0x000001e48722f1f0 Implicit null exception at 0x000001e4e6e1a6d0 to 0x000001e4e6e1e053
Event: 35.153 Thread 0x000001e48722f1f0 Exception <a 'java/lang/NullPointerException'{0x000000070ea212c0}> (0x000000070ea212c0) 
thrown [s\open\src\hotspot\share\runtime\sharedRuntime.cpp, line 625]
Event: 35.156 Thread 0x000001e48722f1f0 Implicit null exception at 0x000001e4e6e1a6d0 to 0x000001e4e6e1e053
Event: 35.156 Thread 0x000001e48722f1f0 Exception <a 'java/lang/NullPointerException'{0x000000070ea21f60}> (0x000000070ea21f60) 
thrown [s\open\src\hotspot\share\runtime\sharedRuntime.cpp, line 625]
Event: 35.159 Thread 0x000001e48722f1f0 Implicit null exception at 0x000001e4e6e1a6d0 to 0x000001e4e6e1e053
Event: 35.159 Thread 0x000001e48722f1f0 Exception <a 'java/lang/NullPointerException'{0x000000070ea22940}> (0x000000070ea22940) 
thrown [s\open\src\hotspot\share\runtime\sharedRuntime.cpp, line 625]
Event: 35.187 Thread 0x000001e4ff5004f0 Implicit null exception at 0x000001e4ed60b987 to 0x000001e4ed60bcd0
Event: 36.611 Thread 0x000001e48722fb90 Exception <a 'java/lang/IncompatibleClassChangeError'{0x000000070d15b390}: Found class java.lang.Object, but interface was expected> (0x000000070d15b390) 
thrown [s\open\src\hotspot\share\interpreter\linkResolver.cpp, line 826]
Event: 36.943 Thread 0x000001e486410870 Exception <a 'sun/nio/fs/WindowsException'{0x000000070e7ddcb8}> (0x000000070e7ddcb8) 
thrown [s\open\src\hotspot\share\prims\jni.cpp, line 516]
Event: 36.943 Thread 0x000001e486410870 Exception <a 'sun/nio/fs/WindowsException'{0x000000070e7de310}> (0x000000070e7de310) 
thrown [s\open\src\hotspot\share\prims\jni.cpp, line 516]
Event: 37.338 Thread 0x000001e486410870 Exception <a 'java/lang/NoSuchMethodError'{0x0000000711400f00}: 'void java.lang.invoke.DirectMethodHandle$Holder.invokeVirtual(java.lang.Object, java.lang.Object, int)'> (0x0000000711400f00) 
thrown [s\open\src\hotspot\share\interpreter\linkResolver.cpp, line 759]
Event: 37.409 Thread 0x000001e486410870 Exception <a 'java/lang/NoSuchMethodError'{0x0000000710aeee68}: 'void java.lang.invoke.DirectMethodHandle$Holder.invokeInterface(java.lang.Object, java.lang.Object)'> (0x0000000710aeee68) 
thrown [s\open\src\hotspot\share\interpreter\linkResolver.cpp, line 759]
Event: 37.494 Thread 0x000001e492d202e0 Exception <a 'java/lang/NoSuchMethodError'{0x00000007103cf890}: 'java.lang.Object java.lang.invoke.Invokers$Holder.linkToTargetMethod(java.lang.Object, java.lang.Object, java.lang.Object, java.lang.Object, java.lang.Object, java.lang.Object, java.lang.Object)'> (0x00000007103cf890) 
thrown [s\open\src\hotspot\share\interpreter\linkResolver.cpp, line 759]

VM Operations (20 events):
Event: 36.333 Executing VM operation: HandshakeAllThreads done
Event: 36.333 Executing VM operation: ICBufferFull
Event: 36.351 Executing VM operation: ICBufferFull done
Event: 36.351 Executing VM operation: ICBufferFull
Event: 36.478 Executing VM operation: ICBufferFull done
Event: 36.581 Executing VM operation: ICBufferFull
Event: 36.584 Executing VM operation: ICBufferFull done
Event: 36.806 Executing VM operation: G1CollectForAllocation
Event: 36.814 Executing VM operation: G1CollectForAllocation done
Event: 36.934 Executing VM operation: G1Concurrent
Event: 37.088 Executing VM operation: G1Concurrent done
Event: 37.147 Executing VM operation: G1Concurrent
Event: 37.196 Executing VM operation: G1Concurrent done
Event: 37.196 Executing VM operation: HandshakeAllThreads
Event: 37.207 Executing VM operation: HandshakeAllThreads done
Event: 37.313 Executing VM operation: G1CollectForAllocation
Event: 37.325 Executing VM operation: G1CollectForAllocation done
Event: 37.364 Executing VM operation: G1CollectForAllocation
Event: 37.374 Executing VM operation: G1CollectForAllocation done
Event: 37.984 Executing VM operation: G1CollectForAllocation

Events (20 events):
Event: 36.368 Thread 0x000001e4fe36e970 flushing nmethod 0x000001e4e6cabe10
Event: 36.368 Thread 0x000001e4fe36e970 flushing nmethod 0x000001e4e6cac290
Event: 36.368 Thread 0x000001e4fe36e970 flushing nmethod 0x000001e4e6cac890
Event: 36.368 Thread 0x000001e4fe36e970 flushing nmethod 0x000001e4e6cc7090
Event: 36.368 Thread 0x000001e4fe36e970 flushing nmethod 0x000001e4e6cd3290
Event: 36.368 Thread 0x000001e4fe36e970 flushing nmethod 0x000001e4e6d37910
Event: 36.368 Thread 0x000001e4fe36e970 flushing nmethod 0x000001e4e6d3bf10
Event: 36.369 Thread 0x000001e4fe36e970 flushing nmethod 0x000001e4e6d46590
Event: 36.369 Thread 0x000001e4fe36e970 flushing nmethod 0x000001e4e6d57310
Event: 36.369 Thread 0x000001e4fe36e970 flushing nmethod 0x000001e4e6df8f10
Event: 36.369 Thread 0x000001e4fe36e970 flushing nmethod 0x000001e4e6dff210
Event: 36.369 Thread 0x000001e4fe36e970 flushing nmethod 0x000001e4e6e02910
Event: 36.369 Thread 0x000001e4fe36e970 flushing nmethod 0x000001e4e6e54590
Event: 36.434 Thread 0x000001e488db62a0 Thread added: 0x000001e488db62a0
Event: 37.421 Thread 0x000001e492d24170 Thread added: 0x000001e492d24170
Event: 37.421 Thread 0x000001e492d24fe0 Thread added: 0x000001e492d24fe0
Event: 37.422 Thread 0x000001e492d25980 Thread added: 0x000001e492d25980
Event: 37.422 Thread 0x000001e492d202e0 Thread added: 0x000001e492d202e0
Event: 37.423 Thread 0x000001e492d22490 Thread added: 0x000001e492d22490
Event: 37.908 Thread 0x000001e492d267f0 Thread added: 0x000001e492d267f0


Dynamic libraries:
0x00007ff7e31a0000 - 0x00007ff7e31b0000 	C:\Program Files\Java\jdk-18.0.2.1\bin\java.exe
0x00007ff8891a0000 - 0x00007ff8893a9000 	C:\WINDOWS\SYSTEM32\ntdll.dll
0x00007ff887800000 - 0x00007ff8878bd000 	C:\WINDOWS\System32\KERNEL32.DLL
0x00007ff8868b0000 - 0x00007ff886c34000 	C:\WINDOWS\System32\KERNELBASE.dll
0x00007ff8866d0000 - 0x00007ff8867e1000 	C:\WINDOWS\System32\ucrtbase.dll
0x00007ff881200000 - 0x00007ff881218000 	C:\Program Files\Java\jdk-18.0.2.1\bin\jli.dll
0x00007ff8886a0000 - 0x00007ff88874e000 	C:\WINDOWS\System32\ADVAPI32.dll
0x00007ff8876c0000 - 0x00007ff887763000 	C:\WINDOWS\System32\msvcrt.dll
0x00007ff8890c0000 - 0x00007ff88915e000 	C:\WINDOWS\System32\sechost.dll
0x00007ff887990000 - 0x00007ff887ab1000 	C:\WINDOWS\System32\RPCRT4.dll
0x00007ff887220000 - 0x00007ff8873cd000 	C:\WINDOWS\System32\USER32.dll
0x00007ff886e30000 - 0x00007ff886e56000 	C:\WINDOWS\System32\win32u.dll
0x00007ff889090000 - 0x00007ff8890ba000 	C:\WINDOWS\System32\GDI32.dll
0x00007ff886e60000 - 0x00007ff886f7e000 	C:\WINDOWS\System32\gdi32full.dll
0x00007ff886630000 - 0x00007ff8866cd000 	C:\WINDOWS\System32\msvcp_win.dll
0x00007ff87a440000 - 0x00007ff87a45a000 	C:\Program Files\Java\jdk-18.0.2.1\bin\VCRUNTIME140.dll
0x00007ff885fe0000 - 0x00007ff885fea000 	C:\WINDOWS\SYSTEM32\VERSION.dll
0x00007ff87afc0000 - 0x00007ff87b265000 	C:\WINDOWS\WinSxS\amd64_microsoft.windows.common-controls_6595b64144ccf1df_6.0.22000.120_none_9d947278b86cc467\COMCTL32.dll
0x00007ff887680000 - 0x00007ff8876b1000 	C:\WINDOWS\System32\IMM32.DLL
0x00007ff8873d0000 - 0x00007ff88756a000 	C:\WINDOWS\System32\ole32.dll
0x00007ff887ac0000 - 0x00007ff887e36000 	C:\WINDOWS\System32\combase.dll
0x00007ff885fd0000 - 0x00007ff885fdb000 	C:\WINDOWS\system32\fltlib.dll
0x00007ff882810000 - 0x00007ff88281c000 	C:\Program Files\Java\jdk-18.0.2.1\bin\vcruntime140_1.dll
0x00007ff8631a0000 - 0x00007ff86322d000 	C:\Program Files\Java\jdk-18.0.2.1\bin\msvcp140.dll
0x00007ff841f60000 - 0x00007ff842b71000 	C:\Program Files\Java\jdk-18.0.2.1\bin\server\jvm.dll
0x00007ff887590000 - 0x00007ff887598000 	C:\WINDOWS\System32\PSAPI.DLL
0x00007ff8740b0000 - 0x00007ff8740b9000 	C:\WINDOWS\SYSTEM32\WSOCK32.dll
0x00007ff8871b0000 - 0x00007ff88721f000 	C:\WINDOWS\System32\WS2_32.dll
0x00007ff87c5a0000 - 0x00007ff87c5d3000 	C:\WINDOWS\SYSTEM32\WINMM.dll
0x00007ff8854e0000 - 0x00007ff8854f8000 	C:\WINDOWS\SYSTEM32\kernel.appcore.dll
0x00007ff8820d0000 - 0x00007ff8820da000 	C:\Program Files\Java\jdk-18.0.2.1\bin\jimage.dll
0x00007ff883ff0000 - 0x00007ff884211000 	C:\WINDOWS\SYSTEM32\DBGHELP.DLL
0x00007ff86a490000 - 0x00007ff86a4c1000 	C:\WINDOWS\SYSTEM32\dbgcore.DLL
0x00007ff886c40000 - 0x00007ff886cbf000 	C:\WINDOWS\System32\bcryptPrimitives.dll
0x00007ff87dd00000 - 0x00007ff87dd0e000 	C:\Program Files\Java\jdk-18.0.2.1\bin\instrument.dll
0x00007ff87a2c0000 - 0x00007ff87a2e5000 	C:\Program Files\Java\jdk-18.0.2.1\bin\java.dll
0x00007ff849ab0000 - 0x00007ff849b86000 	C:\Program Files\Java\jdk-18.0.2.1\bin\jsvml.dll
0x00007ff888750000 - 0x00007ff888f15000 	C:\WINDOWS\System32\SHELL32.dll
0x00007ff8845a0000 - 0x00007ff884e02000 	C:\WINDOWS\SYSTEM32\windows.storage.dll
0x00007ff884430000 - 0x00007ff884597000 	C:\WINDOWS\SYSTEM32\wintypes.dll
0x00007ff887e40000 - 0x00007ff887f2a000 	C:\WINDOWS\System32\SHCORE.dll
0x00007ff8881c0000 - 0x00007ff88821d000 	C:\WINDOWS\System32\shlwapi.dll
0x00007ff886560000 - 0x00007ff886585000 	C:\WINDOWS\SYSTEM32\profapi.dll
0x00007ff87a2a0000 - 0x00007ff87a2b8000 	C:\Program Files\Java\jdk-18.0.2.1\bin\zip.dll
0x00007ff87a250000 - 0x00007ff87a263000 	C:\Program Files\Java\jdk-18.0.2.1\bin\net.dll
0x00007ff8801d0000 - 0x00007ff8802e4000 	C:\WINDOWS\SYSTEM32\WINHTTP.dll
0x00007ff8859e0000 - 0x00007ff885a47000 	C:\WINDOWS\system32\mswsock.dll
0x00007ff86b430000 - 0x00007ff86b446000 	C:\Program Files\Java\jdk-18.0.2.1\bin\nio.dll
0x00007ff881f80000 - 0x00007ff881f90000 	C:\Program Files\Java\jdk-18.0.2.1\bin\verify.dll
0x00007ff86ad60000 - 0x00007ff86ada5000 	C:\Users\hyper\AppData\Roaming\Code\User\globalStorage\redhat.java\1.38.0\config_win\org.eclipse.equinox.launcher\org.eclipse.equinox.launcher.win32.win32.x86_64_1.2.1100.v20240722-2106\eclipse_11904.dll
0x00007ff886100000 - 0x00007ff886118000 	C:\WINDOWS\SYSTEM32\CRYPTSP.dll
0x00007ff8854a0000 - 0x00007ff8854d5000 	C:\WINDOWS\system32\rsaenh.dll
0x00007ff885a80000 - 0x00007ff885aac000 	C:\WINDOWS\SYSTEM32\USERENV.dll
0x00007ff886140000 - 0x00007ff886167000 	C:\WINDOWS\SYSTEM32\bcrypt.dll
0x00007ff885bd0000 - 0x00007ff885bdc000 	C:\WINDOWS\SYSTEM32\CRYPTBASE.dll
0x00007ff885060000 - 0x00007ff88508d000 	C:\WINDOWS\SYSTEM32\IPHLPAPI.DLL
0x00007ff888050000 - 0x00007ff888059000 	C:\WINDOWS\System32\NSI.dll
0x00007ff87fe50000 - 0x00007ff87fe69000 	C:\WINDOWS\SYSTEM32\dhcpcsvc6.DLL
0x00007ff880f10000 - 0x00007ff880f2e000 	C:\WINDOWS\SYSTEM32\dhcpcsvc.DLL
0x00007ff885090000 - 0x00007ff885177000 	C:\WINDOWS\SYSTEM32\DNSAPI.dll
0x00007ff863010000 - 0x00007ff863059000 	C:\Users\hyper\AppData\Local\Temp\jna-99761772\jna6617894875207999007.dll

dbghelp: loaded successfully - version: 4.0.5 - missing functions: none
symbol engine: initialized successfully - sym options: 0x614 - pdb path: .;C:\Program Files\Java\jdk-18.0.2.1\bin;C:\WINDOWS\SYSTEM32;C:\WINDOWS\WinSxS\amd64_microsoft.windows.common-controls_6595b64144ccf1df_6.0.22000.120_none_9d947278b86cc467;C:\Program Files\Java\jdk-18.0.2.1\bin\server;C:\Users\hyper\AppData\Roaming\Code\User\globalStorage\redhat.java\1.38.0\config_win\org.eclipse.equinox.launcher\org.eclipse.equinox.launcher.win32.win32.x86_64_1.2.1100.v20240722-2106;C:\Users\hyper\AppData\Local\Temp\jna-99761772

VM Arguments:
jvm_args: --add-modules=ALL-SYSTEM --add-opens=java.base/java.util=ALL-UNNAMED --add-opens=java.base/java.lang=ALL-UNNAMED --add-opens=java.base/sun.nio.fs=ALL-UNNAMED -Declipse.application=org.eclipse.jdt.ls.core.id1 -Dosgi.bundles.defaultStartLevel=4 -Declipse.product=org.eclipse.jdt.ls.core.product -Djava.import.generatesMetadataFilesAtProjectRoot=false -DDetectVMInstallationsJob.disabled=true -Dfile.encoding=utf8 -Xlog:disable -javaagent:c:\Users\hyper\.vscode\extensions\redhat.java-1.38.0-win32-x64\lombok\lombok-1.18.34.jar -XX:+HeapDumpOnOutOfMemoryError -XX:HeapDumpPath=c:\Users\hyper\AppData\Roaming\Code\User\workspaceStorage\55103842018b78ebd48e089c0df41d06\redhat.java -Daether.dependencyCollector.impl=bf 
java_command: c:\Users\hyper\.vscode\extensions\redhat.java-1.38.0-win32-x64\server\plugins\org.eclipse.equinox.launcher_1.6.900.v20240613-2009.jar -configuration c:\Users\hyper\AppData\Roaming\Code\User\globalStorage\redhat.java\1.38.0\config_win -data c:\Users\hyper\AppData\Roaming\Code\User\workspaceStorage\55103842018b78ebd48e089c0df41d06\redhat.java\jdt_ws --pipe=\\.\pipe\lsp-7f7a17b1d158a80f71cd3a8488ae3f99-sock
java_class_path (initial): c:\Users\hyper\.vscode\extensions\redhat.java-1.38.0-win32-x64\server\plugins\org.eclipse.equinox.launcher_1.6.900.v20240613-2009.jar
Launcher Type: SUN_STANDARD

[Global flags]
     intx CICompilerCount                          = 4                                         {product} {ergonomic}
     uint ConcGCThreads                            = 2                                         {product} {ergonomic}
     uint G1ConcRefinementThreads                  = 8                                         {product} {ergonomic}
   size_t G1HeapRegionSize                         = 2097152                                   {product} {ergonomic}
    uintx GCDrainStackTargetSize                   = 64                                        {product} {ergonomic}
     bool HeapDumpOnOutOfMemoryError               = true                                   {manageable} {command line}
    ccstr HeapDumpPath                             = c:\Users\hyper\AppData\Roaming\Code\User\workspaceStorage\55103842018b78ebd48e089c0df41d06\redhat.java         {manageable} {command line}
   size_t InitialHeapSize                          = 268435456                                 {product} {ergonomic}
   size_t MarkStackSize                            = 4194304                                   {product} {ergonomic}
   size_t MaxHeapSize                              = 4269801472                                {product} {ergonomic}
   size_t MaxNewSize                               = 2560622592                                {product} {ergonomic}
   size_t MinHeapDeltaBytes                        = 2097152                                   {product} {ergonomic}
   size_t MinHeapSize                              = 8388608                                   {product} {ergonomic}
    uintx NonNMethodCodeHeapSize                   = 5839372                                {pd product} {ergonomic}
    uintx NonProfiledCodeHeapSize                  = 122909434                              {pd product} {ergonomic}
    uintx ProfiledCodeHeapSize                     = 122909434                              {pd product} {ergonomic}
    uintx ReservedCodeCacheSize                    = 251658240                              {pd product} {ergonomic}
     bool SegmentedCodeCache                       = true                                      {product} {ergonomic}
   size_t SoftMaxHeapSize                          = 4269801472                             {manageable} {ergonomic}
     bool UseCompressedClassPointers               = true                           {product lp64_product} {ergonomic}
     bool UseCompressedOops                        = true                           {product lp64_product} {ergonomic}
     bool UseG1GC                                  = true                                      {product} {ergonomic}
     bool UseLargePagesIndividualAllocation        = false                                  {pd product} {ergonomic}

Logging:
Log output configuration:
 #0: stdout all=off uptime,level,tags foldmultilines=false
 #1: stderr all=off uptime,level,tags foldmultilines=false

Environment Variables:
JAVA_HOME=C:\Program Files\Java\jdk-18.0.2.1
PATH=C:\Program Files\Common Files\Oracle\Java\javapath;C:\WINDOWS\system32;C:\WINDOWS;C:\WINDOWS\System32\Wbem;C:\WINDOWS\System32\WindowsPowerShell\v1.0\;C:\WINDOWS\System32\OpenSSH\;C:\Program Files (x86)\NVIDIA Corporation\PhysX\Common;C:\Program Files\NVIDIA Corporation\NVIDIA NvDLISR;J:\.important\Documents\apache-maven-3.8.6\bin;C:\Program Files\Microsoft SQL Server\Client SDK\ODBC\170\Tools\Binn\;C:\Program Files (x86)\Microsoft SQL Server\150\Tools\Binn\;C:\Program Files\Microsoft SQL Server\150\Tools\Binn\;C:\Program Files\Microsoft SQL Server\150\DTS\Binn\;C:\Program Files (x86)\Microsoft SQL Server\160\DTS\Binn\;C:\Users\hyper\Downloads\curl-8.10.1_2-win64-mingw\curl-8.10.1_2-win64-mingw\bin;C:\C:\Program Files\Java\jdk-18.0.2.1\bin;C:\Program Files\OpenSSL-Win64\bin;C:\Program Files\dotnet\;C:\Program Files\Git\cmd;H:\;C:\Program Files (x86)\Microsoft SQL Server\160\Tools\Binn\;C:\Program Files\Microsoft SQL Server\160\Tools\Binn\;C:\Program Files\Microsoft SQL Server\160\DTS\Binn\;J:\Docker\resources\bin;C:\Users\hyper\AppData\Local\Microsoft\WindowsApps;C:\Users\hyper\AppData\Local\Programs\Microsoft VS Code\bin;C:\Program Files\Java\jdk-18.0.2.1\bin;C:\Users\hyper\AppData\Roaming\npm
USERNAME=hyper
OS=Windows_NT
PROCESSOR_IDENTIFIER=Intel64 Family 6 Model 60 Stepping 3, GenuineIntel



---------------  S Y S T E M  ---------------

OS:
 Windows 11 , 64 bit Build 22000 (10.0.22000.2538)
OS uptime: 1 days 0:07 hours
Hyper-V role detected

CPU: total 8 (initial active 8) (4 cores per cpu, 2 threads per core) family 6 model 60 stepping 3 microcode 0x28, cx8, cmov, fxsr, ht, mmx, sse, sse2, sse3, ssse3, sse4.1, sse4.2, popcnt, lzcnt, tsc, tscinvbit, avx, avx2, aes, erms, clmul, bmi1, bmi2, fma, vzeroupper, clflush, hv

Memory: 4k page, system-wide physical 16283M (459M free)
TotalPageFile size 36283M (AvailPageFile size 217M)
current process WorkingSet (physical memory assigned to process): 485M, peak: 485M
current process commit charge ("private bytes"): 495M, peak: 735M

vm_info: Java HotSpot(TM) 64-Bit Server VM (18.0.2.1+1-1) for windows-amd64 JRE (18.0.2.1+1-1), built on Aug 16 2022 01:46:33 by "mach5one" with MS VC++ 16.8 / 16.9 (VS2019)

END.
