#
# There is insufficient memory for the Java Runtime Environment to continue.
# Native memory allocation (malloc) failed to allocate 1194896 bytes for Chunk::new
# Possible reasons:
#   The system is out of physical RAM or swap space
#   The process is running with CompressedOops enabled, and the Java Heap may be blocking the growth of the native heap
# Possible solutions:
#   Reduce memory load on the system
#   Increase physical memory or swap space
#   Check if swap backing store is full
#   Decrease Java heap size (-Xmx/-Xms)
#   Decrease number of Java threads
#   Decrease Java thread stack sizes (-Xss)
#   Set larger code cache with -XX:ReservedCodeCacheSize=
#   JVM is running with Zero Based Compressed Oops mode in which the Java heap is
#     placed in the first 32GB address space. The Java Heap base address is the
#     maximum limit for the native heap growth. Please use -XX:HeapBaseMinAddress
#     to set the Java Heap base and to place the Java Heap above 32GB virtual address.
# This output file may be truncated or incomplete.
#
#  Out of Memory Error (arena.cpp:184), pid=166716, tid=159416
#
# JRE version: Java(TM) SE Runtime Environment (18.0.2.1+1) (build 18.0.2.1+1-1)
# Java VM: Java HotSpot(TM) 64-Bit Server VM (18.0.2.1+1-1, mixed mode, sharing, tiered, compressed oops, compressed class ptrs, g1 gc, windows-amd64)
# No core dump will be written. Minidumps are not enabled by default on client versions of Windows
#

---------------  S U M M A R Y ------------

Command Line: --add-modules=ALL-SYSTEM --add-opens=java.base/java.util=ALL-UNNAMED --add-opens=java.base/java.lang=ALL-UNNAMED --add-opens=java.base/sun.nio.fs=ALL-UNNAMED -Declipse.application=org.eclipse.jdt.ls.core.id1 -Dosgi.bundles.defaultStartLevel=4 -Declipse.product=org.eclipse.jdt.ls.core.product -Djava.import.generatesMetadataFilesAtProjectRoot=false -DDetectVMInstallationsJob.disabled=true -Dfile.encoding=utf8 -Xlog:disable -javaagent:c:\Users\hyper\.vscode\extensions\redhat.java-1.38.0-win32-x64\lombok\lombok-1.18.34.jar -XX:+HeapDumpOnOutOfMemoryError -XX:HeapDumpPath=c:\Users\hyper\AppData\Roaming\Code\User\workspaceStorage\55103842018b78ebd48e089c0df41d06\redhat.java -Daether.dependencyCollector.impl=bf c:\Users\hyper\.vscode\extensions\redhat.java-1.38.0-win32-x64\server\plugins\org.eclipse.equinox.launcher_1.6.900.v20240613-2009.jar -configuration c:\Users\hyper\AppData\Roaming\Code\User\globalStorage\redhat.java\1.38.0\config_win -data c:\Users\hyper\AppData\Roaming\Code\User\workspaceStorage\55103842018b78ebd48e089c0df41d06\redhat.java\jdt_ws --pipe=\\.\pipe\lsp-6e6e336377b618b641b115fc8a2311f9-sock

Host: Intel(R) Core(TM) i7-4770K CPU @ 3.50GHz, 8 cores, 15G,  Windows 11 , 64 bit Build 22000 (10.0.22000.2538)
Time: Sat Mar 22 08:38:38 2025 Volgograd Standard Time elapsed time: 750.752947 seconds (0d 0h 12m 30s)

---------------  T H R E A D  ---------------

Current thread (0x000002515e96cb20):  JavaThread "C2 CompilerThread0" daemon [_thread_in_native, id=159416, stack(0x000000e0fc200000,0x000000e0fc300000)]


Current CompileTask:
C2: 750753 22882       4       lombok.core.FieldAugment::set (8 bytes)

Stack: [0x000000e0fc200000,0x000000e0fc300000]
Native frames: (J=compiled Java code, j=interpreted, Vv=VM code, C=native code)
V  [jvm.dll+0x6993aa]
V  [jvm.dll+0x7f46dd]
V  [jvm.dll+0x7f5fee]
V  [jvm.dll+0x7f66a3]
V  [jvm.dll+0x25cf1f]
V  [jvm.dll+0xb8c2f]
V  [jvm.dll+0xb8fa5]
V  [jvm.dll+0x386091]
V  [jvm.dll+0x1d2b72]
V  [jvm.dll+0x230259]
V  [jvm.dll+0x22f4d1]
V  [jvm.dll+0x1ba01c]
V  [jvm.dll+0x23ee0a]
V  [jvm.dll+0x23d0f5]
V  [jvm.dll+0x7a6dd1]
V  [jvm.dll+0x7a120a]
V  [jvm.dll+0x698255]
C  [ucrtbase.dll+0x26c0c]
C  [KERNEL32.DLL+0x153e0]
C  [ntdll.dll+0x485b]


---------------  P R O C E S S  ---------------

Threads class SMR info:
_java_thread_list=0x00000251660801b0, length=54, elements={
0x000002513c33cf70, 0x000002515e94ed10, 0x000002515e94f880, 0x000002515e967da0,
0x000002515e9687b0, 0x000002515e969060, 0x000002515e96a920, 0x000002515e96cb20,
0x000002515e978110, 0x000002515e985630, 0x00000251634e8860, 0x00000251634e9ba0,
0x00000251634e6b80, 0x00000251634e7ec0, 0x00000251634e9200, 0x00000251634e7520,
0x00000251634e79f0, 0x00000251634e7050, 0x00000251646d0110, 0x00000251646d3ad0,
0x00000251646d05e0, 0x00000251646d2790, 0x00000251646d2c60, 0x00000251646cfc40,
0x00000251646d3130, 0x00000251646d5c80, 0x00000251646d57b0, 0x00000251646d6620,
0x00000251646d0f80, 0x00000251646d6af0, 0x00000251646d3fa0, 0x00000251646d3600,
0x00000251646d4470, 0x00000251646d6fc0, 0x00000251646d6150, 0x00000251646d1920,
0x0000025165ff6170, 0x0000025165ff2c80, 0x0000025165ff57d0, 0x0000025165ff3fc0,
0x0000025165ff7980, 0x0000025165ff3af0, 0x0000025165ff5300, 0x0000025165ff5ca0,
0x00000251646cf770, 0x00000251667bb610, 0x00000251667bd2f0, 0x00000251667b8ac0,
0x0000025164d68ef0, 0x0000025164d629e0, 0x0000025164d67bb0, 0x0000025164d68080,
0x0000025164d66d40, 0x0000025164d693c0
}

Java Threads: ( => current thread )
  0x000002513c33cf70 JavaThread "main" [_thread_blocked, id=167740, stack(0x000000e0fb500000,0x000000e0fb600000)]
  0x000002515e94ed10 JavaThread "Reference Handler" daemon [_thread_blocked, id=155024, stack(0x000000e0fbc00000,0x000000e0fbd00000)]
  0x000002515e94f880 JavaThread "Finalizer" daemon [_thread_blocked, id=153612, stack(0x000000e0fbd00000,0x000000e0fbe00000)]
  0x000002515e967da0 JavaThread "Signal Dispatcher" daemon [_thread_blocked, id=167468, stack(0x000000e0fbe00000,0x000000e0fbf00000)]
  0x000002515e9687b0 JavaThread "Attach Listener" daemon [_thread_blocked, id=154788, stack(0x000000e0fbf00000,0x000000e0fc000000)]
  0x000002515e969060 JavaThread "Service Thread" daemon [_thread_blocked, id=168592, stack(0x000000e0fc000000,0x000000e0fc100000)]
  0x000002515e96a920 JavaThread "Monitor Deflation Thread" daemon [_thread_blocked, id=158244, stack(0x000000e0fc100000,0x000000e0fc200000)]
=>0x000002515e96cb20 JavaThread "C2 CompilerThread0" daemon [_thread_in_native, id=159416, stack(0x000000e0fc200000,0x000000e0fc300000)]
  0x000002515e978110 JavaThread "C1 CompilerThread0" daemon [_thread_blocked, id=165320, stack(0x000000e0fc300000,0x000000e0fc400000)]
  0x000002515e985630 JavaThread "Sweeper thread" daemon [_thread_blocked, id=158676, stack(0x000000e0fc400000,0x000000e0fc500000)]
  0x00000251634e8860 JavaThread "Common-Cleaner" daemon [_thread_blocked, id=158896, stack(0x000000e0fc500000,0x000000e0fc600000)]
  0x00000251634e9ba0 JavaThread "Notification Thread" daemon [_thread_blocked, id=169304, stack(0x000000e0fc600000,0x000000e0fc700000)]
  0x00000251634e6b80 JavaThread "Active Thread: Equinox Container: 792671a3-66ef-466d-8a37-83a4132a2065" [_thread_blocked, id=168300, stack(0x000000e0fc900000,0x000000e0fca00000)]
  0x00000251634e7ec0 JavaThread "Refresh Thread: Equinox Container: 792671a3-66ef-466d-8a37-83a4132a2065" daemon [_thread_blocked, id=168624, stack(0x000000e0fd000000,0x000000e0fd100000)]
  0x00000251634e9200 JavaThread "Framework Event Dispatcher: Equinox Container: 792671a3-66ef-466d-8a37-83a4132a2065" daemon [_thread_blocked, id=159204, stack(0x000000e0fd100000,0x000000e0fd200000)]
  0x00000251634e7520 JavaThread "Start Level: Equinox Container: 792671a3-66ef-466d-8a37-83a4132a2065" daemon [_thread_blocked, id=158236, stack(0x000000e0fd200000,0x000000e0fd300000)]
  0x00000251634e79f0 JavaThread "Bundle File Closer" daemon [_thread_blocked, id=165316, stack(0x000000e0fd500000,0x000000e0fd600000)]
  0x00000251634e7050 JavaThread "SCR Component Actor" daemon [_thread_blocked, id=159520, stack(0x000000e0fd600000,0x000000e0fd700000)]
  0x00000251646d0110 JavaThread "Worker-JM" [_thread_blocked, id=169548, stack(0x000000e0fd700000,0x000000e0fd800000)]
  0x00000251646d3ad0 JavaThread "JNA Cleaner" daemon [_thread_blocked, id=168552, stack(0x000000e0fd300000,0x000000e0fd400000)]
  0x00000251646d05e0 JavaThread "Java indexing" daemon [_thread_blocked, id=163212, stack(0x000000e0fdd00000,0x000000e0fde00000)]
  0x00000251646d2790 JavaThread "Thread-2" daemon [_thread_in_native, id=167200, stack(0x000000e0fe100000,0x000000e0fe200000)]
  0x00000251646d2c60 JavaThread "Thread-3" daemon [_thread_in_native, id=159512, stack(0x000000e0fe200000,0x000000e0fe300000)]
  0x00000251646cfc40 JavaThread "Thread-4" daemon [_thread_in_native, id=158672, stack(0x000000e0fe300000,0x000000e0fe400000)]
  0x00000251646d3130 JavaThread "Thread-5" daemon [_thread_in_native, id=156648, stack(0x000000e0fe400000,0x000000e0fe500000)]
  0x00000251646d5c80 JavaThread "Thread-6" daemon [_thread_in_native, id=168484, stack(0x000000e0fe500000,0x000000e0fe600000)]
  0x00000251646d57b0 JavaThread "Thread-7" daemon [_thread_in_native, id=165560, stack(0x000000e0fe600000,0x000000e0fe700000)]
  0x00000251646d6620 JavaThread "Thread-8" daemon [_thread_in_native, id=168356, stack(0x000000e0fe700000,0x000000e0fe800000)]
  0x00000251646d0f80 JavaThread "Thread-9" daemon [_thread_in_native, id=167888, stack(0x000000e0fe800000,0x000000e0fe900000)]
  0x00000251646d6af0 JavaThread "Thread-10" daemon [_thread_in_native, id=153752, stack(0x000000e0fe900000,0x000000e0fea00000)]
  0x00000251646d3fa0 JavaThread "Worker-3" [_thread_blocked, id=140344, stack(0x000000e0fea00000,0x000000e0feb00000)]
  0x00000251646d3600 JavaThread "pool-2-thread-1" [_thread_blocked, id=163992, stack(0x000000e0fdc00000,0x000000e0fdd00000)]
  0x00000251646d4470 JavaThread "WorkspaceEventsHandler" [_thread_blocked, id=155236, stack(0x000000e0fec00000,0x000000e0fed00000)]
  0x00000251646d6fc0 JavaThread "pool-1-thread-1" [_thread_blocked, id=168692, stack(0x000000e0fed00000,0x000000e0fee00000)]
  0x00000251646d6150 JavaThread "ForkJoinPool.commonPool-worker-2" daemon [_thread_blocked, id=169164, stack(0x000000e0fef00000,0x000000e0ff000000)]
  0x00000251646d1920 JavaThread "ForkJoinPool.commonPool-worker-3" daemon [_thread_blocked, id=167292, stack(0x000000e0ff000000,0x000000e0ff100000)]
  0x0000025165ff6170 JavaThread "ForkJoinPool.commonPool-worker-4" daemon [_thread_blocked, id=156236, stack(0x000000e0ff100000,0x000000e0ff200000)]
  0x0000025165ff2c80 JavaThread "ForkJoinPool.commonPool-worker-5" daemon [_thread_blocked, id=169716, stack(0x000000e0ff200000,0x000000e0ff300000)]
  0x0000025165ff57d0 JavaThread "ForkJoinPool.commonPool-worker-6" daemon [_thread_blocked, id=168916, stack(0x000000e0ff300000,0x000000e0ff400000)]
  0x0000025165ff3fc0 JavaThread "ForkJoinPool.commonPool-worker-7" daemon [_thread_blocked, id=127656, stack(0x000000e0fd400000,0x000000e0fd500000)]
  0x0000025165ff7980 JavaThread "Cleaner-0" daemon [_thread_blocked, id=143464, stack(0x000000e0fb400000,0x000000e0fb500000)]
  0x0000025165ff3af0 JavaThread "Compiler Source File Reader" daemon [_thread_blocked, id=171332, stack(0x000000e0ffc00000,0x000000e0ffd00000)]
  0x0000025165ff5300 JavaThread "Compiler Source File Reader" daemon [_thread_blocked, id=171456, stack(0x000000e0ffd00000,0x000000e0ffe00000)]
  0x0000025165ff5ca0 JavaThread "Compiler Source File Reader" daemon [_thread_blocked, id=171336, stack(0x000000e0ffe00000,0x000000e0fff00000)]
  0x00000251646cf770 JavaThread "Compiler Source File Reader" daemon [_thread_blocked, id=170152, stack(0x000000e0fff00000,0x000000e100000000)]
  0x00000251667bb610 JavaThread "Compiler Source File Reader" daemon [_thread_blocked, id=171096, stack(0x000000e080000000,0x000000e080100000)]
  0x00000251667bd2f0 JavaThread "Compiler Source File Reader" daemon [_thread_blocked, id=167940, stack(0x000000e080100000,0x000000e080200000)]
  0x00000251667b8ac0 JavaThread "Worker-4" [_thread_blocked, id=169096, stack(0x000000e080200000,0x000000e080300000)]
  0x0000025164d68ef0 JavaThread "Worker-5" [_thread_blocked, id=169428, stack(0x000000e080300000,0x000000e080400000)]
  0x0000025164d629e0 JavaThread "Compiler Processing Task" daemon [_thread_blocked, id=69668, stack(0x000000e080400000,0x000000e080500000)]
  0x0000025164d67bb0 JavaThread "ForkJoinPool.commonPool-worker-8" daemon [_thread_blocked, id=170640, stack(0x000000e080500000,0x000000e080600000)]
  0x0000025164d68080 JavaThread "Worker-6" [_thread_blocked, id=170136, stack(0x000000e080600000,0x000000e080700000)]
  0x0000025164d66d40 JavaThread "pool-1-thread-6" [_thread_blocked, id=171564, stack(0x000000e080900000,0x000000e080a00000)]
  0x0000025164d693c0 JavaThread "Worker-7" [_thread_blocked, id=170960, stack(0x000000e080700000,0x000000e080800000)]

Other Threads:
  0x000002515e949670 VMThread "VM Thread" [stack: 0x000000e0fbb00000,0x000000e0fbc00000] [id=167344]
  0x0000025163730510 WatcherThread "VM Periodic Task Thread" [stack: 0x000000e0fc700000,0x000000e0fc800000] [id=169768]
  0x000002513c3a9150 WorkerThread "GC Thread#0" [stack: 0x000000e0fb600000,0x000000e0fb700000] [id=168256]
  0x000002516385acc0 WorkerThread "GC Thread#1" [stack: 0x000000e0fca00000,0x000000e0fcb00000] [id=158572]
  0x00000251641eda20 WorkerThread "GC Thread#2" [stack: 0x000000e0fcb00000,0x000000e0fcc00000] [id=157084]
  0x00000251641edcc0 WorkerThread "GC Thread#3" [stack: 0x000000e0fcc00000,0x000000e0fcd00000] [id=169168]
  0x0000025163cb0cd0 WorkerThread "GC Thread#4" [stack: 0x000000e0fcd00000,0x000000e0fce00000] [id=163160]
  0x0000025163cb0f70 WorkerThread "GC Thread#5" [stack: 0x000000e0fce00000,0x000000e0fcf00000] [id=160672]
  0x0000025163e0a350 WorkerThread "GC Thread#6" [stack: 0x000000e0fcf00000,0x000000e0fd000000] [id=154752]
  0x0000025163dcd500 WorkerThread "GC Thread#7" [stack: 0x000000e0fc800000,0x000000e0fc900000] [id=69568]
  0x000002513c3b9e10 ConcurrentGCThread "G1 Main Marker" [stack: 0x000000e0fb700000,0x000000e0fb800000] [id=169100]
  0x000002513c3bbec0 WorkerThread "G1 Conc#0" [stack: 0x000000e0fb800000,0x000000e0fb900000] [id=168040]
  0x0000025164920f20 WorkerThread "G1 Conc#1" [stack: 0x000000e0fda00000,0x000000e0fdb00000] [id=168632]
  0x000002515e7ffd10 ConcurrentGCThread "G1 Refine#0" [stack: 0x000000e0fb900000,0x000000e0fba00000] [id=157200]
  0x0000025166a3e4a0 ConcurrentGCThread "G1 Refine#1" [stack: 0x000000e0feb00000,0x000000e0fec00000] [id=169224]
  0x00000251671d1cc0 ConcurrentGCThread "G1 Refine#2" [stack: 0x000000e080c00000,0x000000e080d00000] [id=166520]
  0x000002516392ed20 ConcurrentGCThread "G1 Refine#3" [stack: 0x000000e080d00000,0x000000e080e00000] [id=171868]
  0x000002516392e780 ConcurrentGCThread "G1 Refine#4" [stack: 0x000000e080e00000,0x000000e080f00000] [id=171756]
  0x000002516392cb60 ConcurrentGCThread "G1 Refine#5" [stack: 0x000000e080f00000,0x000000e081000000] [id=171300]
  0x000002516392d6a0 ConcurrentGCThread "G1 Refine#6" [stack: 0x000000e081000000,0x000000e081100000] [id=159732]
  0x000002516392df10 ConcurrentGCThread "G1 Refine#7" [stack: 0x000000e081100000,0x000000e081200000] [id=163600]
  0x000002515e800530 ConcurrentGCThread "G1 Service" [stack: 0x000000e0fba00000,0x000000e0fbb00000] [id=169460]

Threads with active compile tasks:
C2 CompilerThread0   750804 22882       4       lombok.core.FieldAugment::set (8 bytes)

VM state: not at safepoint (normal execution)

VM Mutex/Monitor currently owned by a thread: None

Heap address: 0x0000000701800000, size: 4072 MB, Compressed Oops mode: Zero based, Oop shift amount: 3

CDS archive(s) mapped at: [0x0000000800000000-0x0000000800ba0000-0x0000000800ba0000), size 12189696, SharedBaseAddress: 0x0000000800000000, ArchiveRelocationMode: 0.
Compressed class space mapped at: 0x0000000800c00000-0x0000000840c00000, reserved size: 1073741824
Narrow klass base: 0x0000000800000000, Narrow klass shift: 0, Narrow klass range: 0x100000000

GC Precious Log:
 CardTable entry size: 512
 Card Set container configuration: InlinePtr #cards 4 size 8 Array Of Cards #cards 16 size 48 Howl #buckets 8 coarsen threshold 3686 Howl Bitmap #cards 512 size 80 coarsen threshold 460 Card regions per heap region 1 cards per card region 4096
 CPUs: 8 total, 8 available
 Memory: 16283M
 Large Page Support: Disabled
 NUMA Support: Disabled
 Compressed Oops: Enabled (Zero based)
 Heap Region Size: 2M
 Heap Min Capacity: 8M
 Heap Initial Capacity: 256M
 Heap Max Capacity: 4072M
 Pre-touch: Disabled
 Parallel Workers: 8
 Concurrent Workers: 2
 Concurrent Refinement Workers: 8
 Periodic GC: Disabled

Heap:
 garbage-first heap   total 577536K, used 498948K [0x0000000701800000, 0x0000000800000000)
  region size 2048K, 75 young (153600K), 3 survivors (6144K)
 Metaspace       used 82024K, committed 83776K, reserved 1179648K
  class space    used 7784K, committed 8576K, reserved 1048576K

Heap Regions: E=young(eden), S=young(survivor), O=old, HS=humongous(starts), HC=humongous(continues), CS=collection set, F=free, OA=open archive, CA=closed archive, TAMS=top-at-mark-start (previous, next)
|   0|0x0000000701800000, 0x0000000701a00000, 0x0000000701a00000|100%| O|  |TAMS 0x0000000701a00000, 0x0000000701800000| Untracked 
|   1|0x0000000701a00000, 0x0000000701c00000, 0x0000000701c00000|100%| O|  |TAMS 0x0000000701c00000, 0x0000000701a00000| Untracked 
|   2|0x0000000701c00000, 0x0000000701e00000, 0x0000000701e00000|100%| O|  |TAMS 0x0000000701e00000, 0x0000000701c00000| Untracked 
|   3|0x0000000701e00000, 0x0000000702000000, 0x0000000702000000|100%| O|  |TAMS 0x0000000702000000, 0x0000000701e00000| Untracked 
|   4|0x0000000702000000, 0x0000000702200000, 0x0000000702200000|100%| O|  |TAMS 0x0000000702200000, 0x0000000702000000| Untracked 
|   5|0x0000000702200000, 0x0000000702400000, 0x0000000702400000|100%| O|  |TAMS 0x0000000702400000, 0x0000000702200000| Untracked 
|   6|0x0000000702400000, 0x0000000702600000, 0x0000000702600000|100%| O|  |TAMS 0x0000000702600000, 0x0000000702400000| Untracked 
|   7|0x0000000702600000, 0x0000000702800000, 0x0000000702800000|100%| O|  |TAMS 0x0000000702800000, 0x0000000702600000| Untracked 
|   8|0x0000000702800000, 0x0000000702a00000, 0x0000000702a00000|100%| O|  |TAMS 0x0000000702a00000, 0x0000000702800000| Untracked 
|   9|0x0000000702a00000, 0x0000000702c00000, 0x0000000702c00000|100%| O|  |TAMS 0x0000000702c00000, 0x0000000702a00000| Untracked 
|  10|0x0000000702c00000, 0x0000000702e00000, 0x0000000702e00000|100%| O|  |TAMS 0x0000000702e00000, 0x0000000702c00000| Untracked 
|  11|0x0000000702e00000, 0x0000000703000000, 0x0000000703000000|100%| O|  |TAMS 0x0000000703000000, 0x0000000702e00000| Untracked 
|  12|0x0000000703000000, 0x0000000703200000, 0x0000000703200000|100%| O|  |TAMS 0x0000000703200000, 0x0000000703000000| Untracked 
|  13|0x0000000703200000, 0x0000000703400000, 0x0000000703400000|100%| O|  |TAMS 0x0000000703400000, 0x0000000703200000| Untracked 
|  14|0x0000000703400000, 0x0000000703600000, 0x0000000703600000|100%| O|  |TAMS 0x0000000703600000, 0x0000000703400000| Untracked 
|  15|0x0000000703600000, 0x0000000703800000, 0x0000000703800000|100%| O|  |TAMS 0x0000000703800000, 0x0000000703600000| Untracked 
|  16|0x0000000703800000, 0x0000000703a00000, 0x0000000703a00000|100%| O|  |TAMS 0x0000000703a00000, 0x0000000703800000| Untracked 
|  17|0x0000000703a00000, 0x0000000703c00000, 0x0000000703c00000|100%| O|  |TAMS 0x0000000703c00000, 0x0000000703a00000| Untracked 
|  18|0x0000000703c00000, 0x0000000703e00000, 0x0000000703e00000|100%| O|  |TAMS 0x0000000703c00000, 0x0000000703c00000| Untracked 
|  19|0x0000000703e00000, 0x0000000704000000, 0x0000000704000000|100%| O|  |TAMS 0x0000000704000000, 0x0000000703e00000| Untracked 
|  20|0x0000000704000000, 0x0000000704200000, 0x0000000704200000|100%| O|  |TAMS 0x0000000704168800, 0x0000000704000000| Untracked 
|  21|0x0000000704200000, 0x0000000704400000, 0x0000000704400000|100%| O|  |TAMS 0x0000000704200000, 0x0000000704200000| Untracked 
|  22|0x0000000704400000, 0x0000000704600000, 0x0000000704600000|100%| O|  |TAMS 0x0000000704400000, 0x0000000704400000| Untracked 
|  23|0x0000000704600000, 0x0000000704800000, 0x0000000704800000|100%| O|  |TAMS 0x0000000704600000, 0x0000000704600000| Untracked 
|  24|0x0000000704800000, 0x0000000704a00000, 0x0000000704a00000|100%| O|  |TAMS 0x0000000704800000, 0x0000000704800000| Untracked 
|  25|0x0000000704a00000, 0x0000000704c00000, 0x0000000704c00000|100%| O|  |TAMS 0x0000000704a00000, 0x0000000704a00000| Untracked 
|  26|0x0000000704c00000, 0x0000000704e00000, 0x0000000704e00000|100%| O|  |TAMS 0x0000000704c00000, 0x0000000704c00000| Untracked 
|  27|0x0000000704e00000, 0x0000000705000000, 0x0000000705000000|100%| O|  |TAMS 0x0000000704e00000, 0x0000000704e00000| Untracked 
|  28|0x0000000705000000, 0x0000000705200000, 0x0000000705200000|100%| O|  |TAMS 0x0000000705000000, 0x0000000705000000| Untracked 
|  29|0x0000000705200000, 0x0000000705400000, 0x0000000705400000|100%| O|  |TAMS 0x0000000705200000, 0x0000000705200000| Untracked 
|  30|0x0000000705400000, 0x0000000705600000, 0x0000000705600000|100%| O|  |TAMS 0x0000000705400000, 0x0000000705400000| Untracked 
|  31|0x0000000705600000, 0x0000000705800000, 0x0000000705800000|100%| O|  |TAMS 0x0000000705600000, 0x0000000705600000| Untracked 
|  32|0x0000000705800000, 0x0000000705a00000, 0x0000000705a00000|100%| O|  |TAMS 0x0000000705800000, 0x0000000705800000| Untracked 
|  33|0x0000000705a00000, 0x0000000705c00000, 0x0000000705c00000|100%| O|  |TAMS 0x0000000705a00000, 0x0000000705a00000| Untracked 
|  34|0x0000000705c00000, 0x0000000705e00000, 0x0000000705e00000|100%| O|  |TAMS 0x0000000705c00000, 0x0000000705c00000| Untracked 
|  35|0x0000000705e00000, 0x0000000706000000, 0x0000000706000000|100%| O|  |TAMS 0x0000000705e00000, 0x0000000705e00000| Untracked 
|  36|0x0000000706000000, 0x0000000706200000, 0x0000000706200000|100%| O|  |TAMS 0x0000000706000000, 0x0000000706000000| Untracked 
|  37|0x0000000706200000, 0x0000000706400000, 0x0000000706400000|100%| O|  |TAMS 0x0000000706200000, 0x0000000706200000| Untracked 
|  38|0x0000000706400000, 0x0000000706600000, 0x0000000706600000|100%| O|  |TAMS 0x0000000706400000, 0x0000000706400000| Untracked 
|  39|0x0000000706600000, 0x0000000706800000, 0x0000000706800000|100%| O|  |TAMS 0x0000000706600000, 0x0000000706600000| Untracked 
|  40|0x0000000706800000, 0x0000000706a00000, 0x0000000706a00000|100%| O|  |TAMS 0x0000000706800000, 0x0000000706800000| Untracked 
|  41|0x0000000706a00000, 0x0000000706c00000, 0x0000000706c00000|100%| O|  |TAMS 0x0000000706a00000, 0x0000000706a00000| Untracked 
|  42|0x0000000706c00000, 0x0000000706e00000, 0x0000000706e00000|100%| O|  |TAMS 0x0000000706c00000, 0x0000000706c00000| Untracked 
|  43|0x0000000706e00000, 0x0000000707000000, 0x0000000707000000|100%| O|  |TAMS 0x0000000706e00000, 0x0000000706e00000| Untracked 
|  44|0x0000000707000000, 0x0000000707200000, 0x0000000707200000|100%| O|  |TAMS 0x0000000707000000, 0x0000000707000000| Untracked 
|  45|0x0000000707200000, 0x0000000707400000, 0x0000000707400000|100%|HS|  |TAMS 0x0000000707200000, 0x0000000707200000| Complete 
|  46|0x0000000707400000, 0x0000000707600000, 0x0000000707600000|100%|HC|  |TAMS 0x0000000707400000, 0x0000000707400000| Complete 
|  47|0x0000000707600000, 0x0000000707800000, 0x0000000707800000|100%|HC|  |TAMS 0x0000000707600000, 0x0000000707600000| Complete 
|  48|0x0000000707800000, 0x0000000707a00000, 0x0000000707a00000|100%|HC|  |TAMS 0x0000000707800000, 0x0000000707800000| Complete 
|  49|0x0000000707a00000, 0x0000000707c00000, 0x0000000707c00000|100%|HC|  |TAMS 0x0000000707a00000, 0x0000000707a00000| Complete 
|  50|0x0000000707c00000, 0x0000000707e00000, 0x0000000707e00000|100%|HC|  |TAMS 0x0000000707c00000, 0x0000000707c00000| Complete 
|  51|0x0000000707e00000, 0x0000000708000000, 0x0000000708000000|100%| O|  |TAMS 0x0000000707e00000, 0x0000000707e00000| Untracked 
|  52|0x0000000708000000, 0x0000000708200000, 0x0000000708200000|100%| O|  |TAMS 0x0000000708000000, 0x0000000708000000| Untracked 
|  53|0x0000000708200000, 0x0000000708400000, 0x0000000708400000|100%| O|  |TAMS 0x0000000708200000, 0x0000000708200000| Untracked 
|  54|0x0000000708400000, 0x0000000708600000, 0x0000000708600000|100%| O|  |TAMS 0x0000000708400000, 0x0000000708400000| Untracked 
|  55|0x0000000708600000, 0x0000000708800000, 0x0000000708800000|100%| O|  |TAMS 0x0000000708600000, 0x0000000708600000| Untracked 
|  56|0x0000000708800000, 0x0000000708a00000, 0x0000000708a00000|100%| O|  |TAMS 0x0000000708800000, 0x0000000708800000| Untracked 
|  57|0x0000000708a00000, 0x0000000708c00000, 0x0000000708c00000|100%| O|  |TAMS 0x0000000708a00000, 0x0000000708a00000| Untracked 
|  58|0x0000000708c00000, 0x0000000708e00000, 0x0000000708e00000|100%| O|  |TAMS 0x0000000708c00000, 0x0000000708c00000| Untracked 
|  59|0x0000000708e00000, 0x0000000709000000, 0x0000000709000000|100%| O|  |TAMS 0x0000000708e00000, 0x0000000708e00000| Untracked 
|  60|0x0000000709000000, 0x0000000709200000, 0x0000000709200000|100%| O|  |TAMS 0x0000000709000000, 0x0000000709000000| Untracked 
|  61|0x0000000709200000, 0x0000000709400000, 0x0000000709400000|100%| O|  |TAMS 0x0000000709200000, 0x0000000709200000| Untracked 
|  62|0x0000000709400000, 0x0000000709600000, 0x0000000709600000|100%| O|  |TAMS 0x0000000709400000, 0x0000000709400000| Untracked 
|  63|0x0000000709600000, 0x0000000709800000, 0x0000000709800000|100%| O|  |TAMS 0x0000000709600000, 0x0000000709600000| Untracked 
|  64|0x0000000709800000, 0x0000000709a00000, 0x0000000709a00000|100%| O|  |TAMS 0x0000000709800000, 0x0000000709800000| Untracked 
|  65|0x0000000709a00000, 0x0000000709c00000, 0x0000000709c00000|100%| O|  |TAMS 0x0000000709a00000, 0x0000000709a00000| Untracked 
|  66|0x0000000709c00000, 0x0000000709e00000, 0x0000000709e00000|100%| O|  |TAMS 0x0000000709c00000, 0x0000000709c00000| Untracked 
|  67|0x0000000709e00000, 0x000000070a000000, 0x000000070a000000|100%| O|  |TAMS 0x0000000709e00000, 0x0000000709e00000| Untracked 
|  68|0x000000070a000000, 0x000000070a200000, 0x000000070a200000|100%| O|  |TAMS 0x000000070a000000, 0x000000070a000000| Untracked 
|  69|0x000000070a200000, 0x000000070a400000, 0x000000070a400000|100%| O|  |TAMS 0x000000070a200000, 0x000000070a200000| Untracked 
|  70|0x000000070a400000, 0x000000070a600000, 0x000000070a600000|100%| O|  |TAMS 0x000000070a400000, 0x000000070a400000| Untracked 
|  71|0x000000070a600000, 0x000000070a800000, 0x000000070a800000|100%| O|  |TAMS 0x000000070a600000, 0x000000070a600000| Untracked 
|  72|0x000000070a800000, 0x000000070aa00000, 0x000000070aa00000|100%| O|  |TAMS 0x000000070a800000, 0x000000070a800000| Untracked 
|  73|0x000000070aa00000, 0x000000070ac00000, 0x000000070ac00000|100%| O|  |TAMS 0x000000070aa00000, 0x000000070aa00000| Untracked 
|  74|0x000000070ac00000, 0x000000070ae00000, 0x000000070ae00000|100%| O|  |TAMS 0x000000070ac00000, 0x000000070ac00000| Untracked 
|  75|0x000000070ae00000, 0x000000070b000000, 0x000000070b000000|100%| O|  |TAMS 0x000000070ae00000, 0x000000070ae00000| Untracked 
|  76|0x000000070b000000, 0x000000070b200000, 0x000000070b200000|100%| O|  |TAMS 0x000000070b000000, 0x000000070b000000| Untracked 
|  77|0x000000070b200000, 0x000000070b400000, 0x000000070b400000|100%| O|  |TAMS 0x000000070b200000, 0x000000070b200000| Untracked 
|  78|0x000000070b400000, 0x000000070b600000, 0x000000070b600000|100%| O|  |TAMS 0x000000070b400000, 0x000000070b400000| Untracked 
|  79|0x000000070b600000, 0x000000070b800000, 0x000000070b800000|100%|HS|  |TAMS 0x000000070b600000, 0x000000070b600000| Complete 
|  80|0x000000070b800000, 0x000000070ba00000, 0x000000070ba00000|100%| O|  |TAMS 0x000000070b800000, 0x000000070b800000| Untracked 
|  81|0x000000070ba00000, 0x000000070bc00000, 0x000000070bc00000|100%| O|  |TAMS 0x000000070ba00000, 0x000000070ba00000| Untracked 
|  82|0x000000070bc00000, 0x000000070be00000, 0x000000070be00000|100%| O|  |TAMS 0x000000070bc00000, 0x000000070bc00000| Untracked 
|  83|0x000000070be00000, 0x000000070c000000, 0x000000070c000000|100%| O|  |TAMS 0x000000070be00000, 0x000000070be00000| Untracked 
|  84|0x000000070c000000, 0x000000070c200000, 0x000000070c200000|100%| O|  |TAMS 0x000000070c000000, 0x000000070c000000| Untracked 
|  85|0x000000070c200000, 0x000000070c400000, 0x000000070c400000|100%| O|  |TAMS 0x000000070c200000, 0x000000070c200000| Untracked 
|  86|0x000000070c400000, 0x000000070c600000, 0x000000070c600000|100%| O|  |TAMS 0x000000070c400000, 0x000000070c400000| Untracked 
|  87|0x000000070c600000, 0x000000070c800000, 0x000000070c800000|100%| O|  |TAMS 0x000000070c600000, 0x000000070c600000| Untracked 
|  88|0x000000070c800000, 0x000000070ca00000, 0x000000070ca00000|100%| O|  |TAMS 0x000000070c800000, 0x000000070c800000| Untracked 
|  89|0x000000070ca00000, 0x000000070cc00000, 0x000000070cc00000|100%| O|  |TAMS 0x000000070ca00000, 0x000000070ca00000| Untracked 
|  90|0x000000070cc00000, 0x000000070ce00000, 0x000000070ce00000|100%| O|  |TAMS 0x000000070cc00000, 0x000000070cc00000| Untracked 
|  91|0x000000070ce00000, 0x000000070d000000, 0x000000070d000000|100%| O|  |TAMS 0x000000070ce00000, 0x000000070ce00000| Untracked 
|  92|0x000000070d000000, 0x000000070d200000, 0x000000070d200000|100%| O|  |TAMS 0x000000070d000000, 0x000000070d000000| Untracked 
|  93|0x000000070d200000, 0x000000070d400000, 0x000000070d400000|100%| O|  |TAMS 0x000000070d200000, 0x000000070d200000| Untracked 
|  94|0x000000070d400000, 0x000000070d600000, 0x000000070d600000|100%| O|  |TAMS 0x000000070d400000, 0x000000070d400000| Untracked 
|  95|0x000000070d600000, 0x000000070d800000, 0x000000070d800000|100%| O|  |TAMS 0x000000070d600000, 0x000000070d600000| Untracked 
|  96|0x000000070d800000, 0x000000070da00000, 0x000000070da00000|100%| O|  |TAMS 0x000000070d800000, 0x000000070d800000| Untracked 
|  97|0x000000070da00000, 0x000000070dc00000, 0x000000070dc00000|100%|HS|  |TAMS 0x000000070da00000, 0x000000070da00000| Complete 
|  98|0x000000070dc00000, 0x000000070de00000, 0x000000070de00000|100%|HS|  |TAMS 0x000000070dc00000, 0x000000070dc00000| Complete 
|  99|0x000000070de00000, 0x000000070e000000, 0x000000070e000000|100%|HC|  |TAMS 0x000000070de00000, 0x000000070de00000| Complete 
| 100|0x000000070e000000, 0x000000070e200000, 0x000000070e200000|100%| O|  |TAMS 0x000000070e000000, 0x000000070e000000| Untracked 
| 101|0x000000070e200000, 0x000000070e400000, 0x000000070e400000|100%| O|  |TAMS 0x000000070e200000, 0x000000070e200000| Untracked 
| 102|0x000000070e400000, 0x000000070e600000, 0x000000070e600000|100%| O|  |TAMS 0x000000070e400000, 0x000000070e400000| Untracked 
| 103|0x000000070e600000, 0x000000070e800000, 0x000000070e800000|100%| O|  |TAMS 0x000000070e600000, 0x000000070e600000| Untracked 
| 104|0x000000070e800000, 0x000000070ea00000, 0x000000070ea00000|100%| O|  |TAMS 0x000000070e800000, 0x000000070e800000| Untracked 
| 105|0x000000070ea00000, 0x000000070ec00000, 0x000000070ec00000|100%| O|  |TAMS 0x000000070ea00000, 0x000000070ea00000| Untracked 
| 106|0x000000070ec00000, 0x000000070ee00000, 0x000000070ee00000|100%| O|  |TAMS 0x000000070ec00000, 0x000000070ec00000| Untracked 
| 107|0x000000070ee00000, 0x000000070f000000, 0x000000070f000000|100%| O|  |TAMS 0x000000070ee00000, 0x000000070ee00000| Untracked 
| 108|0x000000070f000000, 0x000000070f200000, 0x000000070f200000|100%| O|  |TAMS 0x000000070f000000, 0x000000070f000000| Untracked 
| 109|0x000000070f200000, 0x000000070f400000, 0x000000070f400000|100%| O|  |TAMS 0x000000070f200000, 0x000000070f200000| Untracked 
| 110|0x000000070f400000, 0x000000070f600000, 0x000000070f600000|100%| O|  |TAMS 0x000000070f400000, 0x000000070f400000| Untracked 
| 111|0x000000070f600000, 0x000000070f800000, 0x000000070f800000|100%| O|  |TAMS 0x000000070f600000, 0x000000070f600000| Untracked 
| 112|0x000000070f800000, 0x000000070fa00000, 0x000000070fa00000|100%| O|  |TAMS 0x000000070f800000, 0x000000070f800000| Untracked 
| 113|0x000000070fa00000, 0x000000070fc00000, 0x000000070fc00000|100%| O|  |TAMS 0x000000070fa00000, 0x000000070fa00000| Untracked 
| 114|0x000000070fc00000, 0x000000070fe00000, 0x000000070fe00000|100%| O|  |TAMS 0x000000070fc00000, 0x000000070fc00000| Untracked 
| 115|0x000000070fe00000, 0x0000000710000000, 0x0000000710000000|100%| O|  |TAMS 0x000000070fe00000, 0x000000070fe00000| Untracked 
| 116|0x0000000710000000, 0x0000000710200000, 0x0000000710200000|100%| O|  |TAMS 0x0000000710000000, 0x0000000710000000| Untracked 
| 117|0x0000000710200000, 0x0000000710400000, 0x0000000710400000|100%| O|  |TAMS 0x0000000710200000, 0x0000000710200000| Untracked 
| 118|0x0000000710400000, 0x0000000710600000, 0x0000000710600000|100%| O|  |TAMS 0x0000000710400000, 0x0000000710400000| Untracked 
| 119|0x0000000710600000, 0x0000000710800000, 0x0000000710800000|100%| O|  |TAMS 0x0000000710600000, 0x0000000710600000| Untracked 
| 120|0x0000000710800000, 0x0000000710a00000, 0x0000000710a00000|100%| O|  |TAMS 0x0000000710800000, 0x0000000710800000| Untracked 
| 121|0x0000000710a00000, 0x0000000710c00000, 0x0000000710c00000|100%| O|  |TAMS 0x0000000710a00000, 0x0000000710a00000| Untracked 
| 122|0x0000000710c00000, 0x0000000710e00000, 0x0000000710e00000|100%| O|  |TAMS 0x0000000710c00000, 0x0000000710c00000| Untracked 
| 123|0x0000000710e00000, 0x0000000711000000, 0x0000000711000000|100%| O|  |TAMS 0x0000000710e00000, 0x0000000710e00000| Untracked 
| 124|0x0000000711000000, 0x0000000711200000, 0x0000000711200000|100%| O|  |TAMS 0x0000000711000000, 0x0000000711000000| Untracked 
| 125|0x0000000711200000, 0x0000000711400000, 0x0000000711400000|100%| O|  |TAMS 0x0000000711200000, 0x0000000711200000| Untracked 
| 126|0x0000000711400000, 0x0000000711600000, 0x0000000711600000|100%| O|  |TAMS 0x0000000711400000, 0x0000000711400000| Untracked 
| 127|0x0000000711600000, 0x0000000711800000, 0x0000000711800000|100%| O|  |TAMS 0x0000000711600000, 0x0000000711600000| Untracked 
| 128|0x0000000711800000, 0x0000000711a00000, 0x0000000711a00000|100%| O|  |TAMS 0x0000000711800000, 0x0000000711800000| Untracked 
| 129|0x0000000711a00000, 0x0000000711c00000, 0x0000000711c00000|100%| O|  |TAMS 0x0000000711a00000, 0x0000000711a00000| Untracked 
| 130|0x0000000711c00000, 0x0000000711e00000, 0x0000000711e00000|100%| O|  |TAMS 0x0000000711c00000, 0x0000000711c00000| Untracked 
| 131|0x0000000711e00000, 0x0000000712000000, 0x0000000712000000|100%| O|  |TAMS 0x0000000711e00000, 0x0000000711e00000| Untracked 
| 132|0x0000000712000000, 0x0000000712200000, 0x0000000712200000|100%| O|  |TAMS 0x0000000712000000, 0x0000000712000000| Untracked 
| 133|0x0000000712200000, 0x0000000712400000, 0x0000000712400000|100%| O|  |TAMS 0x0000000712200000, 0x0000000712200000| Untracked 
| 134|0x0000000712400000, 0x0000000712600000, 0x0000000712600000|100%| O|  |TAMS 0x0000000712400000, 0x0000000712400000| Untracked 
| 135|0x0000000712600000, 0x0000000712800000, 0x0000000712800000|100%| O|  |TAMS 0x0000000712600000, 0x0000000712600000| Untracked 
| 136|0x0000000712800000, 0x0000000712a00000, 0x0000000712a00000|100%| O|  |TAMS 0x0000000712800000, 0x0000000712800000| Untracked 
| 137|0x0000000712a00000, 0x0000000712c00000, 0x0000000712c00000|100%| O|  |TAMS 0x0000000712a00000, 0x0000000712a00000| Untracked 
| 138|0x0000000712c00000, 0x0000000712e00000, 0x0000000712e00000|100%| O|  |TAMS 0x0000000712c00000, 0x0000000712c00000| Untracked 
| 139|0x0000000712e00000, 0x0000000713000000, 0x0000000713000000|100%| O|  |TAMS 0x0000000712e00000, 0x0000000712e00000| Untracked 
| 140|0x0000000713000000, 0x0000000713200000, 0x0000000713200000|100%| O|  |TAMS 0x0000000713000000, 0x0000000713000000| Untracked 
| 141|0x0000000713200000, 0x0000000713400000, 0x0000000713400000|100%| O|  |TAMS 0x0000000713200000, 0x0000000713200000| Untracked 
| 142|0x0000000713400000, 0x0000000713600000, 0x0000000713600000|100%| O|  |TAMS 0x0000000713400000, 0x0000000713400000| Untracked 
| 143|0x0000000713600000, 0x0000000713800000, 0x0000000713800000|100%| O|  |TAMS 0x0000000713600000, 0x0000000713600000| Untracked 
| 144|0x0000000713800000, 0x0000000713a00000, 0x0000000713a00000|100%| O|  |TAMS 0x0000000713800000, 0x0000000713800000| Untracked 
| 145|0x0000000713a00000, 0x0000000713c00000, 0x0000000713c00000|100%| O|  |TAMS 0x0000000713a00000, 0x0000000713a00000| Untracked 
| 146|0x0000000713c00000, 0x0000000713e00000, 0x0000000713e00000|100%| O|  |TAMS 0x0000000713c00000, 0x0000000713c00000| Untracked 
| 147|0x0000000713e00000, 0x0000000714000000, 0x0000000714000000|100%| O|  |TAMS 0x0000000713e00000, 0x0000000713e00000| Untracked 
| 148|0x0000000714000000, 0x0000000714200000, 0x0000000714200000|100%| O|  |TAMS 0x0000000714000000, 0x0000000714000000| Untracked 
| 149|0x0000000714200000, 0x0000000714400000, 0x0000000714400000|100%| O|  |TAMS 0x0000000714200000, 0x0000000714200000| Untracked 
| 150|0x0000000714400000, 0x0000000714600000, 0x0000000714600000|100%| O|  |TAMS 0x0000000714400000, 0x0000000714400000| Untracked 
| 151|0x0000000714600000, 0x0000000714800000, 0x0000000714800000|100%| O|  |TAMS 0x0000000714600000, 0x0000000714600000| Untracked 
| 152|0x0000000714800000, 0x0000000714a00000, 0x0000000714a00000|100%| O|  |TAMS 0x0000000714800000, 0x0000000714800000| Untracked 
| 153|0x0000000714a00000, 0x0000000714c00000, 0x0000000714c00000|100%| O|  |TAMS 0x0000000714a00000, 0x0000000714a00000| Untracked 
| 154|0x0000000714c00000, 0x0000000714e00000, 0x0000000714e00000|100%| O|  |TAMS 0x0000000714c00000, 0x0000000714c00000| Untracked 
| 155|0x0000000714e00000, 0x0000000715000000, 0x0000000715000000|100%| O|  |TAMS 0x0000000714e00000, 0x0000000714e00000| Untracked 
| 156|0x0000000715000000, 0x0000000715200000, 0x0000000715200000|100%| O|  |TAMS 0x0000000715000000, 0x0000000715000000| Untracked 
| 157|0x0000000715200000, 0x0000000715400000, 0x0000000715400000|100%| O|  |TAMS 0x0000000715200000, 0x0000000715200000| Untracked 
| 158|0x0000000715400000, 0x0000000715600000, 0x0000000715600000|100%| O|  |TAMS 0x0000000715400000, 0x0000000715400000| Untracked 
| 159|0x0000000715600000, 0x0000000715800000, 0x0000000715800000|100%| O|  |TAMS 0x0000000715600000, 0x0000000715600000| Untracked 
| 160|0x0000000715800000, 0x0000000715a00000, 0x0000000715a00000|100%| O|  |TAMS 0x0000000715800000, 0x0000000715800000| Untracked 
| 161|0x0000000715a00000, 0x0000000715c00000, 0x0000000715c00000|100%| O|  |TAMS 0x0000000715a00000, 0x0000000715a00000| Untracked 
| 162|0x0000000715c00000, 0x0000000715e00000, 0x0000000715e00000|100%| O|  |TAMS 0x0000000715c00000, 0x0000000715c00000| Untracked 
| 163|0x0000000715e00000, 0x0000000716000000, 0x0000000716000000|100%| O|  |TAMS 0x0000000715e00000, 0x0000000715e00000| Untracked 
| 164|0x0000000716000000, 0x0000000716200000, 0x0000000716200000|100%| O|  |TAMS 0x0000000716000000, 0x0000000716000000| Untracked 
| 165|0x0000000716200000, 0x0000000716400000, 0x0000000716400000|100%| O|  |TAMS 0x0000000716200000, 0x0000000716200000| Untracked 
| 166|0x0000000716400000, 0x0000000716600000, 0x0000000716600000|100%| O|  |TAMS 0x0000000716400000, 0x0000000716400000| Untracked 
| 167|0x0000000716600000, 0x0000000716800000, 0x0000000716800000|100%| O|  |TAMS 0x0000000716600000, 0x0000000716600000| Untracked 
| 168|0x0000000716800000, 0x0000000716a00000, 0x0000000716a00000|100%| O|  |TAMS 0x0000000716800000, 0x0000000716800000| Untracked 
| 169|0x0000000716a00000, 0x0000000716a00000, 0x0000000716c00000|  0%| F|  |TAMS 0x0000000716a00000, 0x0000000716a00000| Untracked 
| 170|0x0000000716c00000, 0x0000000716c00000, 0x0000000716e00000|  0%| F|  |TAMS 0x0000000716c00000, 0x0000000716c00000| Untracked 
| 171|0x0000000716e00000, 0x0000000716ec7c00, 0x0000000717000000| 39%| O|  |TAMS 0x0000000716e00000, 0x0000000716e00000| Untracked 
| 172|0x0000000717000000, 0x0000000717000000, 0x0000000717200000|  0%| F|  |TAMS 0x0000000717000000, 0x0000000717000000| Untracked 
| 173|0x0000000717200000, 0x0000000717200000, 0x0000000717400000|  0%| F|  |TAMS 0x0000000717200000, 0x0000000717200000| Untracked 
| 174|0x0000000717400000, 0x0000000717400000, 0x0000000717600000|  0%| F|  |TAMS 0x0000000717400000, 0x0000000717400000| Untracked 
| 175|0x0000000717600000, 0x0000000717600000, 0x0000000717800000|  0%| F|  |TAMS 0x0000000717600000, 0x0000000717600000| Untracked 
| 176|0x0000000717800000, 0x0000000717800000, 0x0000000717a00000|  0%| F|  |TAMS 0x0000000717800000, 0x0000000717800000| Untracked 
| 177|0x0000000717a00000, 0x0000000717a00000, 0x0000000717c00000|  0%| F|  |TAMS 0x0000000717a00000, 0x0000000717a00000| Untracked 
| 178|0x0000000717c00000, 0x0000000717e00000, 0x0000000717e00000|100%| O|  |TAMS 0x0000000717c00000, 0x0000000717c00000| Untracked 
| 179|0x0000000717e00000, 0x0000000717e00000, 0x0000000718000000|  0%| F|  |TAMS 0x0000000717e00000, 0x0000000717e00000| Untracked 
| 180|0x0000000718000000, 0x0000000718000000, 0x0000000718200000|  0%| F|  |TAMS 0x0000000718000000, 0x0000000718000000| Untracked 
| 181|0x0000000718200000, 0x0000000718200000, 0x0000000718400000|  0%| F|  |TAMS 0x0000000718200000, 0x0000000718200000| Untracked 
| 182|0x0000000718400000, 0x0000000718400000, 0x0000000718600000|  0%| F|  |TAMS 0x0000000718400000, 0x0000000718400000| Untracked 
| 183|0x0000000718600000, 0x0000000718600000, 0x0000000718800000|  0%| F|  |TAMS 0x0000000718600000, 0x0000000718600000| Untracked 
| 184|0x0000000718800000, 0x0000000718800000, 0x0000000718a00000|  0%| F|  |TAMS 0x0000000718800000, 0x0000000718800000| Untracked 
| 185|0x0000000718a00000, 0x0000000718a00000, 0x0000000718c00000|  0%| F|  |TAMS 0x0000000718a00000, 0x0000000718a00000| Untracked 
| 186|0x0000000718c00000, 0x0000000718c00000, 0x0000000718e00000|  0%| F|  |TAMS 0x0000000718c00000, 0x0000000718c00000| Untracked 
| 187|0x0000000718e00000, 0x0000000718e00000, 0x0000000719000000|  0%| F|  |TAMS 0x0000000718e00000, 0x0000000718e00000| Untracked 
| 188|0x0000000719000000, 0x0000000719000000, 0x0000000719200000|  0%| F|  |TAMS 0x0000000719000000, 0x0000000719000000| Untracked 
| 189|0x0000000719200000, 0x0000000719200000, 0x0000000719400000|  0%| F|  |TAMS 0x0000000719200000, 0x0000000719200000| Untracked 
| 190|0x0000000719400000, 0x0000000719400000, 0x0000000719600000|  0%| F|  |TAMS 0x0000000719400000, 0x0000000719400000| Untracked 
| 191|0x0000000719600000, 0x0000000719600000, 0x0000000719800000|  0%| F|  |TAMS 0x0000000719600000, 0x0000000719600000| Untracked 
| 192|0x0000000719800000, 0x0000000719800000, 0x0000000719a00000|  0%| F|  |TAMS 0x0000000719800000, 0x0000000719800000| Untracked 
| 193|0x0000000719a00000, 0x0000000719a00000, 0x0000000719c00000|  0%| F|  |TAMS 0x0000000719a00000, 0x0000000719a00000| Untracked 
| 194|0x0000000719c00000, 0x0000000719c00000, 0x0000000719e00000|  0%| F|  |TAMS 0x0000000719c00000, 0x0000000719c00000| Untracked 
| 195|0x0000000719e00000, 0x0000000719e00000, 0x000000071a000000|  0%| F|  |TAMS 0x0000000719e00000, 0x0000000719e00000| Untracked 
| 196|0x000000071a000000, 0x000000071a000000, 0x000000071a200000|  0%| F|  |TAMS 0x000000071a000000, 0x000000071a000000| Untracked 
| 197|0x000000071a200000, 0x000000071a200000, 0x000000071a400000|  0%| F|  |TAMS 0x000000071a200000, 0x000000071a200000| Untracked 
| 198|0x000000071a400000, 0x000000071a400000, 0x000000071a600000|  0%| F|  |TAMS 0x000000071a400000, 0x000000071a400000| Untracked 
| 199|0x000000071a600000, 0x000000071a600000, 0x000000071a800000|  0%| F|  |TAMS 0x000000071a600000, 0x000000071a600000| Untracked 
| 200|0x000000071a800000, 0x000000071a800000, 0x000000071aa00000|  0%| F|  |TAMS 0x000000071a800000, 0x000000071a800000| Untracked 
| 201|0x000000071aa00000, 0x000000071aa00000, 0x000000071ac00000|  0%| F|  |TAMS 0x000000071aa00000, 0x000000071aa00000| Untracked 
| 202|0x000000071ac00000, 0x000000071ac00000, 0x000000071ae00000|  0%| F|  |TAMS 0x000000071ac00000, 0x000000071ac00000| Untracked 
| 203|0x000000071ae00000, 0x000000071ae797a0, 0x000000071b000000| 23%| S|CS|TAMS 0x000000071ae00000, 0x000000071ae00000| Complete 
| 204|0x000000071b000000, 0x000000071b200000, 0x000000071b200000|100%| S|CS|TAMS 0x000000071b000000, 0x000000071b000000| Complete 
| 205|0x000000071b200000, 0x000000071b400000, 0x000000071b400000|100%| S|CS|TAMS 0x000000071b200000, 0x000000071b200000| Complete 
| 206|0x000000071b400000, 0x000000071b400000, 0x000000071b600000|  0%| F|  |TAMS 0x000000071b400000, 0x000000071b400000| Untracked 
| 207|0x000000071b600000, 0x000000071b600000, 0x000000071b800000|  0%| F|  |TAMS 0x000000071b600000, 0x000000071b600000| Untracked 
| 208|0x000000071b800000, 0x000000071b800000, 0x000000071ba00000|  0%| F|  |TAMS 0x000000071b800000, 0x000000071b800000| Untracked 
| 209|0x000000071ba00000, 0x000000071ba1bd50, 0x000000071bc00000|  5%| E|  |TAMS 0x000000071ba00000, 0x000000071ba00000| Complete 
| 210|0x000000071bc00000, 0x000000071be00000, 0x000000071be00000|100%| E|CS|TAMS 0x000000071bc00000, 0x000000071bc00000| Complete 
| 211|0x000000071be00000, 0x000000071c000000, 0x000000071c000000|100%| E|CS|TAMS 0x000000071be00000, 0x000000071be00000| Complete 
| 212|0x000000071c000000, 0x000000071c200000, 0x000000071c200000|100%| E|CS|TAMS 0x000000071c000000, 0x000000071c000000| Complete 
| 213|0x000000071c200000, 0x000000071c400000, 0x000000071c400000|100%| E|CS|TAMS 0x000000071c200000, 0x000000071c200000| Complete 
| 214|0x000000071c400000, 0x000000071c600000, 0x000000071c600000|100%| E|CS|TAMS 0x000000071c400000, 0x000000071c400000| Complete 
| 215|0x000000071c600000, 0x000000071c800000, 0x000000071c800000|100%| E|CS|TAMS 0x000000071c600000, 0x000000071c600000| Complete 
| 216|0x000000071c800000, 0x000000071ca00000, 0x000000071ca00000|100%| E|CS|TAMS 0x000000071c800000, 0x000000071c800000| Complete 
| 217|0x000000071ca00000, 0x000000071cc00000, 0x000000071cc00000|100%| E|CS|TAMS 0x000000071ca00000, 0x000000071ca00000| Complete 
| 218|0x000000071cc00000, 0x000000071ce00000, 0x000000071ce00000|100%| E|CS|TAMS 0x000000071cc00000, 0x000000071cc00000| Complete 
| 219|0x000000071ce00000, 0x000000071d000000, 0x000000071d000000|100%| E|CS|TAMS 0x000000071ce00000, 0x000000071ce00000| Complete 
| 220|0x000000071d000000, 0x000000071d200000, 0x000000071d200000|100%| E|CS|TAMS 0x000000071d000000, 0x000000071d000000| Complete 
| 221|0x000000071d200000, 0x000000071d400000, 0x000000071d400000|100%| E|CS|TAMS 0x000000071d200000, 0x000000071d200000| Complete 
| 222|0x000000071d400000, 0x000000071d600000, 0x000000071d600000|100%| E|CS|TAMS 0x000000071d400000, 0x000000071d400000| Complete 
| 223|0x000000071d600000, 0x000000071d800000, 0x000000071d800000|100%| E|CS|TAMS 0x000000071d600000, 0x000000071d600000| Complete 
| 224|0x000000071d800000, 0x000000071da00000, 0x000000071da00000|100%| E|CS|TAMS 0x000000071d800000, 0x000000071d800000| Complete 
| 225|0x000000071da00000, 0x000000071dc00000, 0x000000071dc00000|100%| E|CS|TAMS 0x000000071da00000, 0x000000071da00000| Complete 
| 226|0x000000071dc00000, 0x000000071de00000, 0x000000071de00000|100%| E|CS|TAMS 0x000000071dc00000, 0x000000071dc00000| Complete 
| 227|0x000000071de00000, 0x000000071e000000, 0x000000071e000000|100%| E|CS|TAMS 0x000000071de00000, 0x000000071de00000| Complete 
| 228|0x000000071e000000, 0x000000071e200000, 0x000000071e200000|100%| E|CS|TAMS 0x000000071e000000, 0x000000071e000000| Complete 
| 229|0x000000071e200000, 0x000000071e400000, 0x000000071e400000|100%| E|CS|TAMS 0x000000071e200000, 0x000000071e200000| Complete 
| 230|0x000000071e400000, 0x000000071e600000, 0x000000071e600000|100%| E|CS|TAMS 0x000000071e400000, 0x000000071e400000| Complete 
| 231|0x000000071e600000, 0x000000071e800000, 0x000000071e800000|100%| E|CS|TAMS 0x000000071e600000, 0x000000071e600000| Complete 
| 232|0x000000071e800000, 0x000000071ea00000, 0x000000071ea00000|100%| E|CS|TAMS 0x000000071e800000, 0x000000071e800000| Complete 
| 233|0x000000071ea00000, 0x000000071ec00000, 0x000000071ec00000|100%| E|CS|TAMS 0x000000071ea00000, 0x000000071ea00000| Complete 
| 234|0x000000071ec00000, 0x000000071ee00000, 0x000000071ee00000|100%| E|CS|TAMS 0x000000071ec00000, 0x000000071ec00000| Complete 
| 235|0x000000071ee00000, 0x000000071f000000, 0x000000071f000000|100%| E|CS|TAMS 0x000000071ee00000, 0x000000071ee00000| Complete 
| 236|0x000000071f000000, 0x000000071f200000, 0x000000071f200000|100%| E|  |TAMS 0x000000071f000000, 0x000000071f000000| Complete 
| 237|0x000000071f200000, 0x000000071f400000, 0x000000071f400000|100%| E|CS|TAMS 0x000000071f200000, 0x000000071f200000| Complete 
| 238|0x000000071f400000, 0x000000071f600000, 0x000000071f600000|100%| E|CS|TAMS 0x000000071f400000, 0x000000071f400000| Complete 
| 239|0x000000071f600000, 0x000000071f800000, 0x000000071f800000|100%| E|CS|TAMS 0x000000071f600000, 0x000000071f600000| Complete 
| 240|0x000000071f800000, 0x000000071fa00000, 0x000000071fa00000|100%| E|CS|TAMS 0x000000071f800000, 0x000000071f800000| Complete 
| 241|0x000000071fa00000, 0x000000071fc00000, 0x000000071fc00000|100%| E|CS|TAMS 0x000000071fa00000, 0x000000071fa00000| Complete 
| 242|0x000000071fc00000, 0x000000071fe00000, 0x000000071fe00000|100%| E|CS|TAMS 0x000000071fc00000, 0x000000071fc00000| Complete 
| 243|0x000000071fe00000, 0x0000000720000000, 0x0000000720000000|100%| E|CS|TAMS 0x000000071fe00000, 0x000000071fe00000| Complete 
| 244|0x0000000720000000, 0x0000000720200000, 0x0000000720200000|100%| E|CS|TAMS 0x0000000720000000, 0x0000000720000000| Complete 
| 245|0x0000000720200000, 0x0000000720400000, 0x0000000720400000|100%| E|CS|TAMS 0x0000000720200000, 0x0000000720200000| Complete 
| 246|0x0000000720400000, 0x0000000720600000, 0x0000000720600000|100%| E|CS|TAMS 0x0000000720400000, 0x0000000720400000| Complete 
| 247|0x0000000720600000, 0x0000000720800000, 0x0000000720800000|100%| E|CS|TAMS 0x0000000720600000, 0x0000000720600000| Complete 
| 248|0x0000000720800000, 0x0000000720a00000, 0x0000000720a00000|100%| E|CS|TAMS 0x0000000720800000, 0x0000000720800000| Complete 
| 249|0x0000000720a00000, 0x0000000720c00000, 0x0000000720c00000|100%| E|CS|TAMS 0x0000000720a00000, 0x0000000720a00000| Complete 
| 250|0x0000000720c00000, 0x0000000720e00000, 0x0000000720e00000|100%| E|CS|TAMS 0x0000000720c00000, 0x0000000720c00000| Complete 
| 251|0x0000000720e00000, 0x0000000721000000, 0x0000000721000000|100%| E|CS|TAMS 0x0000000720e00000, 0x0000000720e00000| Complete 
| 252|0x0000000721000000, 0x0000000721200000, 0x0000000721200000|100%| E|CS|TAMS 0x0000000721000000, 0x0000000721000000| Complete 
| 253|0x0000000721200000, 0x0000000721400000, 0x0000000721400000|100%| E|CS|TAMS 0x0000000721200000, 0x0000000721200000| Complete 
| 254|0x0000000721400000, 0x0000000721600000, 0x0000000721600000|100%| E|CS|TAMS 0x0000000721400000, 0x0000000721400000| Complete 
| 255|0x0000000721600000, 0x0000000721800000, 0x0000000721800000|100%| E|CS|TAMS 0x0000000721600000, 0x0000000721600000| Complete 
| 256|0x0000000721800000, 0x0000000721a00000, 0x0000000721a00000|100%| E|CS|TAMS 0x0000000721800000, 0x0000000721800000| Complete 
| 257|0x0000000721a00000, 0x0000000721c00000, 0x0000000721c00000|100%| E|CS|TAMS 0x0000000721a00000, 0x0000000721a00000| Complete 
| 258|0x0000000721c00000, 0x0000000721e00000, 0x0000000721e00000|100%| E|CS|TAMS 0x0000000721c00000, 0x0000000721c00000| Complete 
| 259|0x0000000721e00000, 0x0000000722000000, 0x0000000722000000|100%| E|CS|TAMS 0x0000000721e00000, 0x0000000721e00000| Complete 
| 260|0x0000000722000000, 0x0000000722200000, 0x0000000722200000|100%| E|CS|TAMS 0x0000000722000000, 0x0000000722000000| Complete 
| 261|0x0000000722200000, 0x0000000722400000, 0x0000000722400000|100%| E|CS|TAMS 0x0000000722200000, 0x0000000722200000| Complete 
| 262|0x0000000722400000, 0x0000000722600000, 0x0000000722600000|100%| E|CS|TAMS 0x0000000722400000, 0x0000000722400000| Complete 
| 263|0x0000000722600000, 0x0000000722800000, 0x0000000722800000|100%| E|CS|TAMS 0x0000000722600000, 0x0000000722600000| Complete 
| 264|0x0000000722800000, 0x0000000722a00000, 0x0000000722a00000|100%| E|CS|TAMS 0x0000000722800000, 0x0000000722800000| Complete 
| 265|0x0000000722a00000, 0x0000000722c00000, 0x0000000722c00000|100%| E|CS|TAMS 0x0000000722a00000, 0x0000000722a00000| Complete 
| 266|0x0000000722c00000, 0x0000000722e00000, 0x0000000722e00000|100%| E|CS|TAMS 0x0000000722c00000, 0x0000000722c00000| Complete 
| 267|0x0000000722e00000, 0x0000000723000000, 0x0000000723000000|100%| E|CS|TAMS 0x0000000722e00000, 0x0000000722e00000| Complete 
| 268|0x0000000723000000, 0x0000000723200000, 0x0000000723200000|100%| E|CS|TAMS 0x0000000723000000, 0x0000000723000000| Complete 
| 269|0x0000000723200000, 0x0000000723400000, 0x0000000723400000|100%| E|CS|TAMS 0x0000000723200000, 0x0000000723200000| Complete 
| 270|0x0000000723400000, 0x0000000723600000, 0x0000000723600000|100%| E|CS|TAMS 0x0000000723400000, 0x0000000723400000| Complete 
| 271|0x0000000723600000, 0x0000000723800000, 0x0000000723800000|100%| E|CS|TAMS 0x0000000723600000, 0x0000000723600000| Complete 
| 272|0x0000000723800000, 0x0000000723a00000, 0x0000000723a00000|100%| E|CS|TAMS 0x0000000723800000, 0x0000000723800000| Complete 
| 273|0x0000000723a00000, 0x0000000723c00000, 0x0000000723c00000|100%| E|CS|TAMS 0x0000000723a00000, 0x0000000723a00000| Complete 
| 274|0x0000000723c00000, 0x0000000723e00000, 0x0000000723e00000|100%| E|CS|TAMS 0x0000000723c00000, 0x0000000723c00000| Complete 
| 275|0x0000000723e00000, 0x0000000724000000, 0x0000000724000000|100%| E|CS|TAMS 0x0000000723e00000, 0x0000000723e00000| Complete 
| 276|0x0000000724000000, 0x0000000724200000, 0x0000000724200000|100%| E|CS|TAMS 0x0000000724000000, 0x0000000724000000| Complete 
| 277|0x0000000724200000, 0x0000000724400000, 0x0000000724400000|100%| E|CS|TAMS 0x0000000724200000, 0x0000000724200000| Complete 
| 278|0x0000000724400000, 0x0000000724600000, 0x0000000724600000|100%| E|CS|TAMS 0x0000000724400000, 0x0000000724400000| Complete 
| 279|0x0000000724600000, 0x0000000724800000, 0x0000000724800000|100%| E|CS|TAMS 0x0000000724600000, 0x0000000724600000| Complete 
| 280|0x0000000724800000, 0x0000000724a00000, 0x0000000724a00000|100%| E|CS|TAMS 0x0000000724800000, 0x0000000724800000| Complete 
|2035|0x00000007ffe00000, 0x0000000800000000, 0x0000000800000000|100%| O|  |TAMS 0x00000007ffe00000, 0x00000007ffe00000| Untracked 

Card table byte_map: [0x0000025153760000,0x0000025153f60000] _byte_map_base: 0x000002514ff54000

Marking Bits (Prev, Next): (CMBitMap*) 0x000002513c3a96a0, (CMBitMap*) 0x000002513c3a9660
 Prev Bits: [0x0000025158700000, 0x000002515c6a0000)
 Next Bits: [0x0000025154760000, 0x0000025158700000)

Polling page: 0x000002513a1c0000

Metaspace:

Usage:
  Non-class:     72.50 MB used.
      Class:      7.60 MB used.
       Both:     80.10 MB used.

Virtual space:
  Non-class space:      128.00 MB reserved,      73.44 MB ( 57%) committed,  2 nodes.
      Class space:        1.00 GB reserved,       8.38 MB ( <1%) committed,  1 nodes.
             Both:        1.12 GB reserved,      81.81 MB (  7%) committed. 

Chunk freelists:
   Non-Class:  2.15 MB
       Class:  3.48 MB
        Both:  5.63 MB

MaxMetaspaceSize: unlimited
CompressedClassSpaceSize: 1.00 GB
Initial GC threshold: 21.00 MB
Current GC threshold: 99.19 MB
CDS: on
MetaspaceReclaimPolicy: balanced
 - commit_granule_bytes: 65536.
 - commit_granule_words: 8192.
 - virtual_space_node_default_size: 8388608.
 - enlarge_chunks_in_place: 1.
 - new_chunks_are_fully_committed: 0.
 - uncommit_free_chunks: 1.
 - use_allocation_guard: 0.


Internal statistics:

num_allocs_failed_limit: 12.
num_arena_births: 1630.
num_arena_deaths: 16.
num_vsnodes_births: 3.
num_vsnodes_deaths: 0.
num_space_committed: 1309.
num_space_uncommitted: 0.
num_chunks_returned_to_freelist: 29.
num_chunks_taken_from_freelist: 5784.
num_chunk_merges: 16.
num_chunk_splits: 3489.
num_chunks_enlarged: 1928.
num_inconsistent_stats: 0.

CodeHeap 'non-profiled nmethods': size=120000Kb used=18527Kb max_used=18527Kb free=101472Kb
 bounds [0x000002514b700000, 0x000002514c920000, 0x0000025152c30000]
CodeHeap 'profiled nmethods': size=120000Kb used=40474Kb max_used=41072Kb free=79525Kb
 bounds [0x00000251441d0000, 0x0000025146a50000, 0x000002514b700000]
CodeHeap 'non-nmethods': size=5760Kb used=1423Kb max_used=1505Kb free=4337Kb
 bounds [0x0000025143c30000, 0x0000025143ea0000, 0x00000251441d0000]
 total_blobs=18362 nmethods=17604 adapters=665
 compilation: enabled
              stopped_count=0, restarted_count=0
 full_count=0

Compilation events (20 events):
Event: 750.070 Thread 0x000002515e96cb20 nmethod 22874 0x000002514c917790 code [0x000002514c917920, 0x000002514c917b78]
Event: 750.185 Thread 0x000002515e978110 22876       3       com.google.gson.Gson::<init> (773 bytes)
Event: 750.199 Thread 0x000002515e978110 nmethod 22876 0x0000025146a2f890 code [0x0000025146a30920, 0x0000025146a3f388]
Event: 750.199 Thread 0x000002515e978110 22879       3       org.eclipse.jdt.internal.corext.refactoring.code.flow.FlowInfo::mergeSets (47 bytes)
Event: 750.199 Thread 0x000002515e978110 nmethod 22879 0x0000025144d9fe90 code [0x0000025144da0080, 0x0000025144da05f8]
Event: 750.199 Thread 0x000002515e978110 22877       3       com.google.gson.internal.ConstructorConstructor::<init> (20 bytes)
Event: 750.199 Thread 0x000002515e978110 nmethod 22877 0x0000025144c18f90 code [0x0000025144c19140, 0x0000025144c19378]
Event: 750.199 Thread 0x000002515e978110 22878       3       com.google.gson.internal.bind.ObjectTypeAdapter::getFactory (16 bytes)
Event: 750.200 Thread 0x000002515e978110 nmethod 22878 0x00000251450a4710 code [0x00000251450a48c0, 0x00000251450a4bf8]
Event: 750.278 Thread 0x000002515e978110 22880       3       org.eclipse.jdt.internal.compiler.util.HashtableOfObjectToIntArray::get (59 bytes)
Event: 750.278 Thread 0x000002515e978110 nmethod 22880 0x0000025145f24c90 code [0x0000025145f24e60, 0x0000025145f25338]
Event: 750.278 Thread 0x000002515e978110 22881       3       org.eclipse.core.runtime.CoreException::<init> (16 bytes)
Event: 750.279 Thread 0x000002515e978110 nmethod 22881 0x00000251450a4110 code [0x00000251450a42c0, 0x00000251450a4598]
Event: 750.549 Thread 0x000002515e96cb20 22882       4       lombok.core.FieldAugment::set (8 bytes)
Event: 750.554 Thread 0x000002515e978110 22883       3       java.lang.invoke.MethodHandle$1::apply (9 bytes)
Event: 750.554 Thread 0x000002515e978110 nmethod 22883 0x0000025146084c10 code [0x0000025146084dc0, 0x0000025146085088]
Event: 750.554 Thread 0x000002515e978110 22884       3       java.lang.invoke.MethodHandle$1::apply (9 bytes)
Event: 750.554 Thread 0x000002515e978110 nmethod 22884 0x0000025146084590 code [0x0000025146084740, 0x0000025146084888]
Event: 750.559 Thread 0x000002515e978110 22885       3       org.eclipse.jdt.internal.compiler.lookup.TypeBindingVisitor::visit (32 bytes)
Event: 750.559 Thread 0x000002515e978110 nmethod 22885 0x000002514612cb10 code [0x000002514612ccc0, 0x000002514612cf68]

GC Heap History (20 events):
Event: 588.198 GC heap before
{Heap before GC invocations=61 (full 0):
 garbage-first heap   total 577536K, used 502120K [0x0000000701800000, 0x0000000800000000)
  region size 2048K, 75 young (153600K), 2 survivors (4096K)
 Metaspace       used 80850K, committed 82560K, reserved 1179648K
  class space    used 7722K, committed 8512K, reserved 1048576K
}
Event: 588.200 GC heap after
{Heap after GC invocations=62 (full 0):
 garbage-first heap   total 577536K, used 352563K [0x0000000701800000, 0x0000000800000000)
  region size 2048K, 1 young (2048K), 1 survivors (2048K)
 Metaspace       used 80850K, committed 82560K, reserved 1179648K
  class space    used 7722K, committed 8512K, reserved 1048576K
}
Event: 616.342 GC heap before
{Heap before GC invocations=62 (full 0):
 garbage-first heap   total 577536K, used 504115K [0x0000000701800000, 0x0000000800000000)
  region size 2048K, 76 young (155648K), 1 survivors (2048K)
 Metaspace       used 80956K, committed 82688K, reserved 1179648K
  class space    used 7723K, committed 8512K, reserved 1048576K
}
Event: 616.345 GC heap after
{Heap after GC invocations=63 (full 0):
 garbage-first heap   total 577536K, used 352707K [0x0000000701800000, 0x0000000800000000)
  region size 2048K, 2 young (4096K), 2 survivors (4096K)
 Metaspace       used 80956K, committed 82688K, reserved 1179648K
  class space    used 7723K, committed 8512K, reserved 1048576K
}
Event: 655.109 GC heap before
{Heap before GC invocations=63 (full 0):
 garbage-first heap   total 577536K, used 502211K [0x0000000701800000, 0x0000000800000000)
  region size 2048K, 76 young (155648K), 2 survivors (4096K)
 Metaspace       used 81013K, committed 82752K, reserved 1179648K
  class space    used 7726K, committed 8512K, reserved 1048576K
}
Event: 655.111 GC heap after
{Heap after GC invocations=64 (full 0):
 garbage-first heap   total 577536K, used 352238K [0x0000000701800000, 0x0000000800000000)
  region size 2048K, 1 young (2048K), 1 survivors (2048K)
 Metaspace       used 81013K, committed 82752K, reserved 1179648K
  class space    used 7726K, committed 8512K, reserved 1048576K
}
Event: 667.248 GC heap before
{Heap before GC invocations=64 (full 0):
 garbage-first heap   total 577536K, used 505838K [0x0000000701800000, 0x0000000800000000)
  region size 2048K, 77 young (157696K), 1 survivors (2048K)
 Metaspace       used 81225K, committed 82944K, reserved 1179648K
  class space    used 7726K, committed 8512K, reserved 1048576K
}
Event: 667.251 GC heap after
{Heap after GC invocations=65 (full 0):
 garbage-first heap   total 577536K, used 353970K [0x0000000701800000, 0x0000000800000000)
  region size 2048K, 2 young (4096K), 2 survivors (4096K)
 Metaspace       used 81225K, committed 82944K, reserved 1179648K
  class space    used 7726K, committed 8512K, reserved 1048576K
}
Event: 675.610 GC heap before
{Heap before GC invocations=65 (full 0):
 garbage-first heap   total 577536K, used 505522K [0x0000000701800000, 0x0000000800000000)
  region size 2048K, 77 young (157696K), 2 survivors (4096K)
 Metaspace       used 81300K, committed 83008K, reserved 1179648K
  class space    used 7726K, committed 8512K, reserved 1048576K
}
Event: 675.612 GC heap after
{Heap after GC invocations=66 (full 0):
 garbage-first heap   total 577536K, used 352512K [0x0000000701800000, 0x0000000800000000)
  region size 2048K, 1 young (2048K), 1 survivors (2048K)
 Metaspace       used 81300K, committed 83008K, reserved 1179648K
  class space    used 7726K, committed 8512K, reserved 1048576K
}
Event: 693.805 GC heap before
{Heap before GC invocations=66 (full 0):
 garbage-first heap   total 577536K, used 506112K [0x0000000701800000, 0x0000000800000000)
  region size 2048K, 77 young (157696K), 1 survivors (2048K)
 Metaspace       used 81524K, committed 83200K, reserved 1179648K
  class space    used 7748K, committed 8512K, reserved 1048576K
}
Event: 693.808 GC heap after
{Heap after GC invocations=67 (full 0):
 garbage-first heap   total 577536K, used 353871K [0x0000000701800000, 0x0000000800000000)
  region size 2048K, 2 young (4096K), 2 survivors (4096K)
 Metaspace       used 81524K, committed 83200K, reserved 1179648K
  class space    used 7748K, committed 8512K, reserved 1048576K
}
Event: 710.652 GC heap before
{Heap before GC invocations=67 (full 0):
 garbage-first heap   total 577536K, used 505423K [0x0000000701800000, 0x0000000800000000)
  region size 2048K, 77 young (157696K), 2 survivors (4096K)
 Metaspace       used 81647K, committed 83264K, reserved 1179648K
  class space    used 7751K, committed 8512K, reserved 1048576K
}
Event: 710.654 GC heap after
{Heap after GC invocations=68 (full 0):
 garbage-first heap   total 577536K, used 353713K [0x0000000701800000, 0x0000000800000000)
  region size 2048K, 2 young (4096K), 2 survivors (4096K)
 Metaspace       used 81647K, committed 83264K, reserved 1179648K
  class space    used 7751K, committed 8512K, reserved 1048576K
}
Event: 722.204 GC heap before
{Heap before GC invocations=68 (full 0):
 garbage-first heap   total 577536K, used 513457K [0x0000000701800000, 0x0000000800000000)
  region size 2048K, 77 young (157696K), 2 survivors (4096K)
 Metaspace       used 81807K, committed 83520K, reserved 1179648K
  class space    used 7775K, committed 8576K, reserved 1048576K
}
Event: 722.210 GC heap after
{Heap after GC invocations=69 (full 0):
 garbage-first heap   total 577536K, used 360882K [0x0000000701800000, 0x0000000800000000)
  region size 2048K, 5 young (10240K), 5 survivors (10240K)
 Metaspace       used 81807K, committed 83520K, reserved 1179648K
  class space    used 7775K, committed 8576K, reserved 1048576K
}
Event: 730.832 GC heap before
{Heap before GC invocations=69 (full 0):
 garbage-first heap   total 577536K, used 498098K [0x0000000701800000, 0x0000000800000000)
  region size 2048K, 73 young (149504K), 5 survivors (10240K)
 Metaspace       used 81870K, committed 83584K, reserved 1179648K
  class space    used 7776K, committed 8576K, reserved 1048576K
}
Event: 730.835 GC heap after
{Heap after GC invocations=70 (full 0):
 garbage-first heap   total 577536K, used 353944K [0x0000000701800000, 0x0000000800000000)
  region size 2048K, 2 young (4096K), 2 survivors (4096K)
 Metaspace       used 81870K, committed 83584K, reserved 1179648K
  class space    used 7776K, committed 8576K, reserved 1048576K
}
Event: 748.056 GC heap before
{Heap before GC invocations=70 (full 0):
 garbage-first heap   total 577536K, used 501400K [0x0000000701800000, 0x0000000800000000)
  region size 2048K, 75 young (153600K), 2 survivors (4096K)
 Metaspace       used 81954K, committed 83712K, reserved 1179648K
  class space    used 7777K, committed 8576K, reserved 1048576K
}
Event: 748.061 GC heap after
{Heap after GC invocations=71 (full 0):
 garbage-first heap   total 577536K, used 355588K [0x0000000701800000, 0x0000000800000000)
  region size 2048K, 3 young (6144K), 3 survivors (6144K)
 Metaspace       used 81954K, committed 83712K, reserved 1179648K
  class space    used 7777K, committed 8576K, reserved 1048576K
}

Deoptimization events (20 events):
Event: 748.042 Thread 0x00000251646d6fc0 Uncommon trap: trap_request=0xffffff45 fr.pc=0x000002514c4ef53c relative=0x0000000000001e3c
Event: 748.042 Thread 0x00000251646d6fc0 Uncommon trap: reason=unstable_if action=reinterpret pc=0x000002514c4ef53c method=org.eclipse.jdt.internal.core.ClassFileInfo.generateAnnotationInfo(Lorg/eclipse/jdt/internal/core/JavaElement;[CLjava/util/Map;Lorg/eclipse/jdt/internal/compiler/env/IBinary
Event: 748.042 Thread 0x00000251646d6fc0 DEOPT PACKING pc=0x000002514c4ef53c sp=0x000000e0fedfd530
Event: 748.042 Thread 0x00000251646d6fc0 DEOPT UNPACKING pc=0x0000025143c823a3 sp=0x000000e0fedfd4c0 mode 2
Event: 749.082 Thread 0x0000025164d68ef0 DEOPT PACKING pc=0x0000025144ba261f sp=0x000000e0803fd680
Event: 749.082 Thread 0x0000025164d68ef0 DEOPT UNPACKING pc=0x0000025143c82b43 sp=0x000000e0803fcb98 mode 0
Event: 749.515 Thread 0x00000251646d05e0 DEOPT PACKING pc=0x0000025145b362b1 sp=0x000000e0fddfe6f0
Event: 749.515 Thread 0x00000251646d05e0 DEOPT UNPACKING pc=0x0000025143c82b43 sp=0x000000e0fddfdc00 mode 0
Event: 749.566 Thread 0x00000251646d05e0 Uncommon trap: trap_request=0xffffff45 fr.pc=0x000002514bf1e168 relative=0x0000000000001528
Event: 749.566 Thread 0x00000251646d05e0 Uncommon trap: reason=unstable_if action=reinterpret pc=0x000002514bf1e168 method=org.eclipse.jdt.internal.compiler.lookup.PlainPackageBinding.getIncarnation(Lorg/eclipse/jdt/internal/compiler/lookup/ModuleBinding;)Lorg/eclipse/jdt/internal/compiler/looku
Event: 749.566 Thread 0x00000251646d05e0 DEOPT PACKING pc=0x000002514bf1e168 sp=0x000000e0fddfd450
Event: 749.566 Thread 0x00000251646d05e0 DEOPT UNPACKING pc=0x0000025143c823a3 sp=0x000000e0fddfd378 mode 2
Event: 749.566 Thread 0x00000251646d05e0 Uncommon trap: trap_request=0xffffff45 fr.pc=0x000002514be2916c relative=0x000000000000006c
Event: 749.566 Thread 0x00000251646d05e0 Uncommon trap: reason=unstable_if action=reinterpret pc=0x000002514be2916c method=org.eclipse.jdt.internal.compiler.lookup.PlainPackageBinding.getIncarnation(Lorg/eclipse/jdt/internal/compiler/lookup/ModuleBinding;)Lorg/eclipse/jdt/internal/compiler/looku
Event: 749.566 Thread 0x00000251646d05e0 DEOPT PACKING pc=0x000002514be2916c sp=0x000000e0fddfd290
Event: 749.566 Thread 0x00000251646d05e0 DEOPT UNPACKING pc=0x0000025143c823a3 sp=0x000000e0fddfd228 mode 2
Event: 749.837 Thread 0x00000251646d05e0 DEOPT PACKING pc=0x0000025144ba26c1 sp=0x000000e0fddfe1d0
Event: 749.837 Thread 0x00000251646d05e0 DEOPT UNPACKING pc=0x0000025143c82b43 sp=0x000000e0fddfd6f8 mode 0
Event: 750.274 Thread 0x0000025165ff57d0 DEOPT PACKING pc=0x0000025144ba25f4 sp=0x000000e0ff3fd5a0
Event: 750.274 Thread 0x0000025165ff57d0 DEOPT UNPACKING pc=0x0000025143c82b43 sp=0x000000e0ff3fcac0 mode 0

Classes loaded (20 events):
Event: 306.085 Loading class java/io/ObjectOutputStream$BlockDataOutputStream
Event: 306.085 Loading class java/io/ObjectOutputStream$BlockDataOutputStream done
Event: 306.086 Loading class java/io/ObjectOutputStream$HandleTable
Event: 306.086 Loading class java/io/ObjectOutputStream$HandleTable done
Event: 306.086 Loading class java/io/ObjectOutputStream$ReplaceTable
Event: 306.086 Loading class java/io/ObjectOutputStream$ReplaceTable done
Event: 686.835 Loading class java/lang/Throwable$WrappedPrintWriter
Event: 686.835 Loading class java/lang/Throwable$PrintStreamOrWriter
Event: 686.836 Loading class java/lang/Throwable$PrintStreamOrWriter done
Event: 686.836 Loading class java/lang/Throwable$WrappedPrintWriter done
Event: 716.818 Loading class jdk/internal/icu/text/NormalizerBase$NFCModeImpl
Event: 716.819 Loading class jdk/internal/icu/text/NormalizerBase$NFCModeImpl done
Event: 716.819 Loading class jdk/internal/icu/impl/Norm2AllModes$NFCSingleton
Event: 716.820 Loading class jdk/internal/icu/impl/Norm2AllModes$NFCSingleton done
Event: 716.821 Loading class java/nio/StringCharBuffer
Event: 716.821 Loading class java/nio/StringCharBuffer done
Event: 718.322 Loading class java/util/concurrent/ConcurrentHashMap$TreeNode
Event: 718.322 Loading class java/util/concurrent/ConcurrentHashMap$TreeNode done
Event: 718.322 Loading class java/util/concurrent/ConcurrentHashMap$TreeBin
Event: 718.323 Loading class java/util/concurrent/ConcurrentHashMap$TreeBin done

Classes unloaded (8 events):
Event: 29.349 Thread 0x000002515e949670 Unloading class 0x00000008011ecc00 'java/lang/invoke/LambdaForm$MH+0x00000008011ecc00'
Event: 29.349 Thread 0x000002515e949670 Unloading class 0x0000000800db7000 'java/lang/invoke/LambdaForm$MH+0x0000000800db7000'
Event: 29.349 Thread 0x000002515e949670 Unloading class 0x0000000800db6c00 'java/lang/invoke/LambdaForm$MH+0x0000000800db6c00'
Event: 29.349 Thread 0x000002515e949670 Unloading class 0x0000000800db6800 'java/lang/invoke/LambdaForm$MH+0x0000000800db6800'
Event: 29.349 Thread 0x000002515e949670 Unloading class 0x0000000800db6400 'java/lang/invoke/LambdaForm$MH+0x0000000800db6400'
Event: 29.349 Thread 0x000002515e949670 Unloading class 0x0000000800db6000 'java/lang/invoke/LambdaForm$BMH+0x0000000800db6000'
Event: 29.349 Thread 0x000002515e949670 Unloading class 0x0000000800db5c00 'java/lang/invoke/LambdaForm$DMH+0x0000000800db5c00'
Event: 29.349 Thread 0x000002515e949670 Unloading class 0x0000000800db4800 'java/lang/invoke/LambdaForm$DMH+0x0000000800db4800'

Classes redefined (0 events):
No events

Internal exceptions (20 events):
Event: 731.564 Thread 0x0000025165ff3fc0 Exception <a 'java/lang/ArrayIndexOutOfBoundsException'{0x000000072312fe28}> (0x000000072312fe28) 
thrown [s\open\src\hotspot\share\runtime\sharedRuntime.cpp, line 625]
Event: 731.873 Thread 0x0000025164d67bb0 Exception <a 'java/lang/ArrayIndexOutOfBoundsException'{0x000000072296fae8}> (0x000000072296fae8) 
thrown [s\open\src\hotspot\share\runtime\sharedRuntime.cpp, line 625]
Event: 731.889 Thread 0x0000025164d67bb0 Exception <a 'java/lang/ArrayIndexOutOfBoundsException'{0x000000072241a858}> (0x000000072241a858) 
thrown [s\open\src\hotspot\share\runtime\sharedRuntime.cpp, line 625]
Event: 733.715 Thread 0x00000251646d6fc0 Exception <a 'java/lang/ArrayIndexOutOfBoundsException'{0x0000000721d1ac88}> (0x0000000721d1ac88) 
thrown [s\open\src\hotspot\share\runtime\sharedRuntime.cpp, line 625]
Event: 733.725 Thread 0x00000251646d6fc0 Exception <a 'java/lang/ArrayIndexOutOfBoundsException'{0x0000000721b40bc0}> (0x0000000721b40bc0) 
thrown [s\open\src\hotspot\share\runtime\sharedRuntime.cpp, line 625]
Event: 733.725 Thread 0x00000251646d6fc0 Exception <a 'java/lang/ArrayIndexOutOfBoundsException'{0x0000000721b42190}> (0x0000000721b42190) 
thrown [s\open\src\hotspot\share\runtime\sharedRuntime.cpp, line 625]
Event: 733.725 Thread 0x00000251646d6fc0 Exception <a 'java/lang/ArrayIndexOutOfBoundsException'{0x0000000721b42758}> (0x0000000721b42758) 
thrown [s\open\src\hotspot\share\runtime\sharedRuntime.cpp, line 625]
Event: 735.453 Thread 0x0000025165ff3fc0 Exception <a 'java/lang/ArrayIndexOutOfBoundsException'{0x0000000720c1e770}> (0x0000000720c1e770) 
thrown [s\open\src\hotspot\share\runtime\sharedRuntime.cpp, line 625]
Event: 735.467 Thread 0x0000025165ff3fc0 Exception <a 'java/lang/ArrayIndexOutOfBoundsException'{0x0000000720ac8d10}> (0x0000000720ac8d10) 
thrown [s\open\src\hotspot\share\runtime\sharedRuntime.cpp, line 625]
Event: 741.302 Thread 0x00000251646d6150 Exception <a 'java/lang/ArrayIndexOutOfBoundsException'{0x000000071ff76f70}> (0x000000071ff76f70) 
thrown [s\open\src\hotspot\share\runtime\sharedRuntime.cpp, line 625]
Event: 741.318 Thread 0x00000251646d6150 Exception <a 'java/lang/ArrayIndexOutOfBoundsException'{0x000000071fa255c8}> (0x000000071fa255c8) 
thrown [s\open\src\hotspot\share\runtime\sharedRuntime.cpp, line 625]
Event: 743.843 Thread 0x00000251646d6150 Exception <a 'java/lang/ArrayIndexOutOfBoundsException'{0x000000071f19d7c8}> (0x000000071f19d7c8) 
thrown [s\open\src\hotspot\share\runtime\sharedRuntime.cpp, line 625]
Event: 743.857 Thread 0x00000251646d6150 Exception <a 'java/lang/ArrayIndexOutOfBoundsException'{0x000000071ec4bc98}> (0x000000071ec4bc98) 
thrown [s\open\src\hotspot\share\runtime\sharedRuntime.cpp, line 625]
Event: 747.507 Thread 0x0000025165ff6170 Exception <a 'java/lang/ArrayIndexOutOfBoundsException'{0x000000071e284238}> (0x000000071e284238) 
thrown [s\open\src\hotspot\share\runtime\sharedRuntime.cpp, line 625]
Event: 747.837 Thread 0x00000251646d6fc0 Exception <a 'java/lang/ArrayIndexOutOfBoundsException'{0x000000071c64f738}> (0x000000071c64f738) 
thrown [s\open\src\hotspot\share\runtime\sharedRuntime.cpp, line 625]
Event: 747.847 Thread 0x00000251646d6fc0 Exception <a 'java/lang/ArrayIndexOutOfBoundsException'{0x000000071c43a7a8}> (0x000000071c43a7a8) 
thrown [s\open\src\hotspot\share\runtime\sharedRuntime.cpp, line 625]
Event: 747.847 Thread 0x00000251646d6fc0 Exception <a 'java/lang/ArrayIndexOutOfBoundsException'{0x000000071c43ad70}> (0x000000071c43ad70) 
thrown [s\open\src\hotspot\share\runtime\sharedRuntime.cpp, line 625]
Event: 747.945 Thread 0x00000251646d05e0 Exception <a 'sun/nio/fs/WindowsException'{0x000000071d165d40}> (0x000000071d165d40) 
thrown [s\open\src\hotspot\share\prims\jni.cpp, line 516]
Event: 749.407 Thread 0x0000025165ff57d0 Exception <a 'java/lang/ArrayIndexOutOfBoundsException'{0x000000071d8a9448}> (0x000000071d8a9448) 
thrown [s\open\src\hotspot\share\runtime\sharedRuntime.cpp, line 625]
Event: 749.508 Thread 0x00000251646d05e0 Exception <a 'sun/nio/fs/WindowsException'{0x000000071dbbc0f0}> (0x000000071dbbc0f0) 
thrown [s\open\src\hotspot\share\prims\jni.cpp, line 516]

VM Operations (20 events):
Event: 730.832 Executing VM operation: G1CollectForAllocation
Event: 730.835 Executing VM operation: G1CollectForAllocation done
Event: 732.836 Executing VM operation: Cleanup
Event: 732.836 Executing VM operation: Cleanup done
Event: 735.851 Executing VM operation: Cleanup
Event: 735.851 Executing VM operation: Cleanup done
Event: 739.874 Executing VM operation: Cleanup
Event: 739.874 Executing VM operation: Cleanup done
Event: 740.881 Executing VM operation: Cleanup
Event: 740.881 Executing VM operation: Cleanup done
Event: 742.884 Executing VM operation: Cleanup
Event: 742.884 Executing VM operation: Cleanup done
Event: 743.893 Executing VM operation: Cleanup
Event: 743.893 Executing VM operation: Cleanup done
Event: 747.930 Executing VM operation: Cleanup
Event: 747.931 Executing VM operation: Cleanup done
Event: 748.056 Executing VM operation: G1CollectForAllocation
Event: 748.062 Executing VM operation: G1CollectForAllocation done
Event: 749.062 Executing VM operation: Cleanup
Event: 749.068 Executing VM operation: Cleanup done

Events (20 events):
Event: 709.473 Thread 0x000002515e985630 flushing nmethod 0x0000025146135c90
Event: 709.473 Thread 0x000002515e985630 flushing nmethod 0x0000025146137190
Event: 709.473 Thread 0x000002515e985630 flushing nmethod 0x0000025146138690
Event: 709.473 Thread 0x000002515e985630 flushing nmethod 0x000002514613ac10
Event: 709.473 Thread 0x000002515e985630 flushing nmethod 0x000002514614d990
Event: 709.473 Thread 0x000002515e985630 flushing nmethod 0x000002514617ad90
Event: 709.474 Thread 0x000002515e985630 flushing nmethod 0x0000025146287c90
Event: 709.474 Thread 0x000002515e985630 flushing nmethod 0x00000251462e3c90
Event: 709.475 Thread 0x000002515e985630 flushing nmethod 0x0000025146374110
Event: 709.475 Thread 0x000002515e985630 flushing nmethod 0x000002514646cc90
Event: 709.476 Thread 0x000002515e985630 flushing nmethod 0x00000251465dd790
Event: 709.477 Thread 0x000002515e985630 flushing nmethod 0x0000025146703610
Event: 709.477 Thread 0x000002515e985630 flushing nmethod 0x0000025146703d90
Event: 709.477 Thread 0x000002515e985630 flushing nmethod 0x000002514670de10
Event: 709.477 Thread 0x000002515e985630 flushing nmethod 0x0000025146719b10
Event: 709.478 Thread 0x000002515e985630 flushing nmethod 0x00000251467d1110
Event: 720.699 Thread 0x00000251679b1460 Thread added: 0x00000251679b1460
Event: 721.088 Thread 0x00000251679b1460 Thread exited: 0x00000251679b1460
Event: 728.615 Thread 0x00000251679b1460 Thread added: 0x00000251679b1460
Event: 729.310 Thread 0x00000251679b1460 Thread exited: 0x00000251679b1460


Dynamic libraries:
0x00007ff7de010000 - 0x00007ff7de020000 	C:\Program Files\Java\jdk-18.0.2.1\bin\java.exe
0x00007ffa3dde0000 - 0x00007ffa3dfe9000 	C:\WINDOWS\SYSTEM32\ntdll.dll
0x00007ffa3d290000 - 0x00007ffa3d34d000 	C:\WINDOWS\System32\KERNEL32.DLL
0x00007ffa3b750000 - 0x00007ffa3bad4000 	C:\WINDOWS\System32\KERNELBASE.dll
0x00007ffa3bae0000 - 0x00007ffa3bbf1000 	C:\WINDOWS\System32\ucrtbase.dll
0x00007ffa36d70000 - 0x00007ffa36d88000 	C:\Program Files\Java\jdk-18.0.2.1\bin\jli.dll
0x00007ffa3d560000 - 0x00007ffa3d60e000 	C:\WINDOWS\System32\ADVAPI32.dll
0x00007ffa1f800000 - 0x00007ffa1f81a000 	C:\Program Files\Java\jdk-18.0.2.1\bin\VCRUNTIME140.dll
0x00007ffa3cd60000 - 0x00007ffa3ce03000 	C:\WINDOWS\System32\msvcrt.dll
0x00007ffa3d610000 - 0x00007ffa3d6ae000 	C:\WINDOWS\System32\sechost.dll
0x00007ffa3d7d0000 - 0x00007ffa3d8f1000 	C:\WINDOWS\System32\RPCRT4.dll
0x00007ffa3c620000 - 0x00007ffa3c7cd000 	C:\WINDOWS\System32\USER32.dll
0x00007ffa3bc00000 - 0x00007ffa3bc26000 	C:\WINDOWS\System32\win32u.dll
0x00007ffa3d3e0000 - 0x00007ffa3d40a000 	C:\WINDOWS\System32\GDI32.dll
0x00007ffa3b460000 - 0x00007ffa3b57e000 	C:\WINDOWS\System32\gdi32full.dll
0x00007ffa3b6b0000 - 0x00007ffa3b74d000 	C:\WINDOWS\System32\msvcp_win.dll
0x00007ffa2fc20000 - 0x00007ffa2fec5000 	C:\WINDOWS\WinSxS\amd64_microsoft.windows.common-controls_6595b64144ccf1df_6.0.22000.120_none_9d947278b86cc467\COMCTL32.dll
0x00007ffa3ac20000 - 0x00007ffa3ac2a000 	C:\WINDOWS\SYSTEM32\VERSION.dll
0x00007ffa3d910000 - 0x00007ffa3d941000 	C:\WINDOWS\System32\IMM32.DLL
0x00007ffa3d9e0000 - 0x00007ffa3db7a000 	C:\WINDOWS\System32\ole32.dll
0x00007ffa3c970000 - 0x00007ffa3cce6000 	C:\WINDOWS\System32\combase.dll
0x00007ffa3ac10000 - 0x00007ffa3ac1b000 	C:\WINDOWS\system32\fltlib.dll
0x00007ffa369e0000 - 0x00007ffa369ec000 	C:\Program Files\Java\jdk-18.0.2.1\bin\vcruntime140_1.dll
0x00007ffa04130000 - 0x00007ffa041bd000 	C:\Program Files\Java\jdk-18.0.2.1\bin\msvcp140.dll
0x00007ff9eeb00000 - 0x00007ff9ef711000 	C:\Program Files\Java\jdk-18.0.2.1\bin\server\jvm.dll
0x00007ffa3d900000 - 0x00007ffa3d908000 	C:\WINDOWS\System32\PSAPI.DLL
0x00007ffa2e560000 - 0x00007ffa2e569000 	C:\WINDOWS\SYSTEM32\WSOCK32.dll
0x00007ffa3d4f0000 - 0x00007ffa3d55f000 	C:\WINDOWS\System32\WS2_32.dll
0x00007ffa31150000 - 0x00007ffa31183000 	C:\WINDOWS\SYSTEM32\WINMM.dll
0x00007ffa3a120000 - 0x00007ffa3a138000 	C:\WINDOWS\SYSTEM32\kernel.appcore.dll
0x00007ffa2f550000 - 0x00007ffa2f55a000 	C:\Program Files\Java\jdk-18.0.2.1\bin\jimage.dll
0x00007ffa38c30000 - 0x00007ffa38e51000 	C:\WINDOWS\SYSTEM32\DBGHELP.DLL
0x00007ffa1f980000 - 0x00007ffa1f9b1000 	C:\WINDOWS\SYSTEM32\dbgcore.DLL
0x00007ffa3b3e0000 - 0x00007ffa3b45f000 	C:\WINDOWS\System32\bcryptPrimitives.dll
0x00007ffa28eb0000 - 0x00007ffa28ebe000 	C:\Program Files\Java\jdk-18.0.2.1\bin\instrument.dll
0x00007ffa16aa0000 - 0x00007ffa16ac5000 	C:\Program Files\Java\jdk-18.0.2.1\bin\java.dll
0x00007ffa036b0000 - 0x00007ffa03786000 	C:\Program Files\Java\jdk-18.0.2.1\bin\jsvml.dll
0x00007ffa3bc30000 - 0x00007ffa3c3f5000 	C:\WINDOWS\System32\SHELL32.dll
0x00007ffa391e0000 - 0x00007ffa39a42000 	C:\WINDOWS\SYSTEM32\windows.storage.dll
0x00007ffa39070000 - 0x00007ffa391d7000 	C:\WINDOWS\SYSTEM32\wintypes.dll
0x00007ffa3d6d0000 - 0x00007ffa3d7ba000 	C:\WINDOWS\System32\SHCORE.dll
0x00007ffa3db80000 - 0x00007ffa3dbdd000 	C:\WINDOWS\System32\shlwapi.dll
0x00007ffa3b1a0000 - 0x00007ffa3b1c5000 	C:\WINDOWS\SYSTEM32\profapi.dll
0x00007ffa37630000 - 0x00007ffa37648000 	C:\Program Files\Java\jdk-18.0.2.1\bin\zip.dll
0x00007ffa1f530000 - 0x00007ffa1f543000 	C:\Program Files\Java\jdk-18.0.2.1\bin\net.dll
0x00007ffa34310000 - 0x00007ffa34424000 	C:\WINDOWS\SYSTEM32\WINHTTP.dll
0x00007ffa3a620000 - 0x00007ffa3a687000 	C:\WINDOWS\system32\mswsock.dll
0x00007ffa17910000 - 0x00007ffa17926000 	C:\Program Files\Java\jdk-18.0.2.1\bin\nio.dll
0x00007ffa1fd70000 - 0x00007ffa1fd80000 	C:\Program Files\Java\jdk-18.0.2.1\bin\verify.dll
0x00007ff9fd430000 - 0x00007ff9fd475000 	C:\Users\hyper\AppData\Roaming\Code\User\globalStorage\redhat.java\1.38.0\config_win\org.eclipse.equinox.launcher\org.eclipse.equinox.launcher.win32.win32.x86_64_1.2.1100.v20240722-2106\eclipse_11904.dll
0x00007ffa3ad40000 - 0x00007ffa3ad58000 	C:\WINDOWS\SYSTEM32\CRYPTSP.dll
0x00007ffa3a0e0000 - 0x00007ffa3a115000 	C:\WINDOWS\system32\rsaenh.dll
0x00007ffa3a6c0000 - 0x00007ffa3a6ec000 	C:\WINDOWS\SYSTEM32\USERENV.dll
0x00007ffa3ad80000 - 0x00007ffa3ada7000 	C:\WINDOWS\SYSTEM32\bcrypt.dll
0x00007ffa3a810000 - 0x00007ffa3a81c000 	C:\WINDOWS\SYSTEM32\CRYPTBASE.dll
0x00007ffa39ca0000 - 0x00007ffa39ccd000 	C:\WINDOWS\SYSTEM32\IPHLPAPI.DLL
0x00007ffa3d7c0000 - 0x00007ffa3d7c9000 	C:\WINDOWS\System32\NSI.dll
0x00007ffa342f0000 - 0x00007ffa34309000 	C:\WINDOWS\SYSTEM32\dhcpcsvc6.DLL
0x00007ffa35760000 - 0x00007ffa3577e000 	C:\WINDOWS\SYSTEM32\dhcpcsvc.DLL
0x00007ffa39cd0000 - 0x00007ffa39db7000 	C:\WINDOWS\SYSTEM32\DNSAPI.dll
0x00007ffa16b30000 - 0x00007ffa16b79000 	C:\Users\hyper\AppData\Local\Temp\jna-99761772\jna12328981082736407881.dll
0x00007ffa17310000 - 0x00007ffa1731e000 	C:\Program Files\Java\jdk-18.0.2.1\bin\sunmscapi.dll
0x00007ffa3b270000 - 0x00007ffa3b3d2000 	C:\WINDOWS\System32\CRYPT32.dll
0x00007ffa3a920000 - 0x00007ffa3a948000 	C:\WINDOWS\SYSTEM32\ncrypt.dll
0x00007ffa3a8e0000 - 0x00007ffa3a917000 	C:\WINDOWS\SYSTEM32\NTASN1.dll
0x00007ffa3a1a0000 - 0x00007ffa3a1d4000 	C:\WINDOWS\SYSTEM32\ntmarta.dll

dbghelp: loaded successfully - version: 4.0.5 - missing functions: none
symbol engine: initialized successfully - sym options: 0x614 - pdb path: .;C:\Program Files\Java\jdk-18.0.2.1\bin;C:\WINDOWS\SYSTEM32;C:\WINDOWS\WinSxS\amd64_microsoft.windows.common-controls_6595b64144ccf1df_6.0.22000.120_none_9d947278b86cc467;C:\Program Files\Java\jdk-18.0.2.1\bin\server;C:\Users\hyper\AppData\Roaming\Code\User\globalStorage\redhat.java\1.38.0\config_win\org.eclipse.equinox.launcher\org.eclipse.equinox.launcher.win32.win32.x86_64_1.2.1100.v20240722-2106;C:\Users\hyper\AppData\Local\Temp\jna-99761772

VM Arguments:
jvm_args: --add-modules=ALL-SYSTEM --add-opens=java.base/java.util=ALL-UNNAMED --add-opens=java.base/java.lang=ALL-UNNAMED --add-opens=java.base/sun.nio.fs=ALL-UNNAMED -Declipse.application=org.eclipse.jdt.ls.core.id1 -Dosgi.bundles.defaultStartLevel=4 -Declipse.product=org.eclipse.jdt.ls.core.product -Djava.import.generatesMetadataFilesAtProjectRoot=false -DDetectVMInstallationsJob.disabled=true -Dfile.encoding=utf8 -Xlog:disable -javaagent:c:\Users\hyper\.vscode\extensions\redhat.java-1.38.0-win32-x64\lombok\lombok-1.18.34.jar -XX:+HeapDumpOnOutOfMemoryError -XX:HeapDumpPath=c:\Users\hyper\AppData\Roaming\Code\User\workspaceStorage\55103842018b78ebd48e089c0df41d06\redhat.java -Daether.dependencyCollector.impl=bf 
java_command: c:\Users\hyper\.vscode\extensions\redhat.java-1.38.0-win32-x64\server\plugins\org.eclipse.equinox.launcher_1.6.900.v20240613-2009.jar -configuration c:\Users\hyper\AppData\Roaming\Code\User\globalStorage\redhat.java\1.38.0\config_win -data c:\Users\hyper\AppData\Roaming\Code\User\workspaceStorage\55103842018b78ebd48e089c0df41d06\redhat.java\jdt_ws --pipe=\\.\pipe\lsp-6e6e336377b618b641b115fc8a2311f9-sock
java_class_path (initial): c:\Users\hyper\.vscode\extensions\redhat.java-1.38.0-win32-x64\server\plugins\org.eclipse.equinox.launcher_1.6.900.v20240613-2009.jar
Launcher Type: SUN_STANDARD

[Global flags]
     intx CICompilerCount                          = 4                                         {product} {ergonomic}
     uint ConcGCThreads                            = 2                                         {product} {ergonomic}
     uint G1ConcRefinementThreads                  = 8                                         {product} {ergonomic}
   size_t G1HeapRegionSize                         = 2097152                                   {product} {ergonomic}
    uintx GCDrainStackTargetSize                   = 64                                        {product} {ergonomic}
     bool HeapDumpOnOutOfMemoryError               = true                                   {manageable} {command line}
    ccstr HeapDumpPath                             = c:\Users\hyper\AppData\Roaming\Code\User\workspaceStorage\55103842018b78ebd48e089c0df41d06\redhat.java         {manageable} {command line}
   size_t InitialHeapSize                          = 268435456                                 {product} {ergonomic}
   size_t MarkStackSize                            = 4194304                                   {product} {ergonomic}
   size_t MaxHeapSize                              = 4269801472                                {product} {ergonomic}
   size_t MaxNewSize                               = 2560622592                                {product} {ergonomic}
   size_t MinHeapDeltaBytes                        = 2097152                                   {product} {ergonomic}
   size_t MinHeapSize                              = 8388608                                   {product} {ergonomic}
    uintx NonNMethodCodeHeapSize                   = 5839372                                {pd product} {ergonomic}
    uintx NonProfiledCodeHeapSize                  = 122909434                              {pd product} {ergonomic}
    uintx ProfiledCodeHeapSize                     = 122909434                              {pd product} {ergonomic}
    uintx ReservedCodeCacheSize                    = 251658240                              {pd product} {ergonomic}
     bool SegmentedCodeCache                       = true                                      {product} {ergonomic}
   size_t SoftMaxHeapSize                          = 4269801472                             {manageable} {ergonomic}
     bool UseCompressedClassPointers               = true                           {product lp64_product} {ergonomic}
     bool UseCompressedOops                        = true                           {product lp64_product} {ergonomic}
     bool UseG1GC                                  = true                                      {product} {ergonomic}
     bool UseLargePagesIndividualAllocation        = false                                  {pd product} {ergonomic}

Logging:
Log output configuration:
 #0: stdout all=off uptime,level,tags foldmultilines=false
 #1: stderr all=off uptime,level,tags foldmultilines=false

Environment Variables:
JAVA_HOME=C:\Program Files\Java\jdk-18.0.2.1
PATH=C:\Program Files\Common Files\Oracle\Java\javapath;C:\WINDOWS\system32;C:\WINDOWS;C:\WINDOWS\System32\Wbem;C:\WINDOWS\System32\WindowsPowerShell\v1.0\;C:\WINDOWS\System32\OpenSSH\;C:\Program Files (x86)\NVIDIA Corporation\PhysX\Common;C:\Program Files\NVIDIA Corporation\NVIDIA NvDLISR;J:\.important\Documents\apache-maven-3.8.6\bin;C:\Program Files\Microsoft SQL Server\Client SDK\ODBC\170\Tools\Binn\;C:\Program Files (x86)\Microsoft SQL Server\150\Tools\Binn\;C:\Program Files\Microsoft SQL Server\150\Tools\Binn\;C:\Program Files\Microsoft SQL Server\150\DTS\Binn\;C:\Program Files (x86)\Microsoft SQL Server\160\DTS\Binn\;C:\Users\hyper\Downloads\curl-8.10.1_2-win64-mingw\curl-8.10.1_2-win64-mingw\bin;C:\C:\Program Files\Java\jdk-18.0.2.1\bin;C:\Program Files\OpenSSL-Win64\bin;C:\Program Files\dotnet\;C:\Program Files\Git\cmd;H:\;C:\Program Files (x86)\Microsoft SQL Server\160\Tools\Binn\;C:\Program Files\Microsoft SQL Server\160\Tools\Binn\;C:\Program Files\Microsoft SQL Server\160\DTS\Binn\;J:\Docker\resources\bin;C:\Users\hyper\AppData\Local\Microsoft\WindowsApps;C:\Users\hyper\AppData\Local\Programs\Microsoft VS Code\bin;C:\Program Files\Java\jdk-18.0.2.1\bin;C:\Users\hyper\AppData\Roaming\npm
USERNAME=hyper
OS=Windows_NT
PROCESSOR_IDENTIFIER=Intel64 Family 6 Model 60 Stepping 3, GenuineIntel



---------------  S Y S T E M  ---------------

OS:
 Windows 11 , 64 bit Build 22000 (10.0.22000.2538)
OS uptime: 1 days 6:12 hours
Hyper-V role detected

CPU: total 8 (initial active 8) (4 cores per cpu, 2 threads per core) family 6 model 60 stepping 3 microcode 0x28, cx8, cmov, fxsr, ht, mmx, sse, sse2, sse3, ssse3, sse4.1, sse4.2, popcnt, lzcnt, tsc, tscinvbit, avx, avx2, aes, erms, clmul, bmi1, bmi2, fma, vzeroupper, clflush, hv

Memory: 4k page, system-wide physical 16283M (459M free)
TotalPageFile size 36283M (AvailPageFile size 7M)
current process WorkingSet (physical memory assigned to process): 923M, peak: 925M
current process commit charge ("private bytes"): 895M, peak: 898M

vm_info: Java HotSpot(TM) 64-Bit Server VM (18.0.2.1+1-1) for windows-amd64 JRE (18.0.2.1+1-1), built on Aug 16 2022 01:46:33 by "mach5one" with MS VC++ 16.8 / 16.9 (VS2019)

END.
