#
# There is insufficient memory for the Java Runtime Environment to continue.
# Native memory allocation (mmap) failed to map 327155712 bytes for G1 virtual space
# Possible reasons:
#   The system is out of physical RAM or swap space
#   The process is running with CompressedOops enabled, and the Java Heap may be blocking the growth of the native heap
# Possible solutions:
#   Reduce memory load on the system
#   Increase physical memory or swap space
#   Check if swap backing store is full
#   Decrease Java heap size (-Xmx/-Xms)
#   Decrease number of Java threads
#   Decrease Java thread stack sizes (-Xss)
#   Set larger code cache with -XX:ReservedCodeCacheSize=
#   JVM is running with Zero Based Compressed Oops mode in which the Java heap is
#     placed in the first 32GB address space. The Java Heap base address is the
#     maximum limit for the native heap growth. Please use -XX:HeapBaseMinAddress
#     to set the Java Heap base and to place the Java Heap above 32GB virtual address.
# This output file may be truncated or incomplete.
#
#  Out of Memory Error (os_windows.cpp:3530), pid=124076, tid=134976
#
# JRE version: Java(TM) SE Runtime Environment (18.0.2.1+1) (build 18.0.2.1+1-1)
# Java VM: Java HotSpot(TM) 64-Bit Server VM (18.0.2.1+1-1, mixed mode, sharing, tiered, compressed oops, compressed class ptrs, g1 gc, windows-amd64)
# No core dump will be written. Minidumps are not enabled by default on client versions of Windows
#

---------------  S U M M A R Y ------------

Command Line: --add-modules=ALL-SYSTEM --add-opens=java.base/java.util=ALL-UNNAMED --add-opens=java.base/java.lang=ALL-UNNAMED --add-opens=java.base/sun.nio.fs=ALL-UNNAMED -Declipse.application=org.eclipse.jdt.ls.core.id1 -Dosgi.bundles.defaultStartLevel=4 -Declipse.product=org.eclipse.jdt.ls.core.product -Djava.import.generatesMetadataFilesAtProjectRoot=false -DDetectVMInstallationsJob.disabled=true -Dfile.encoding=utf8 -Xlog:disable -javaagent:c:\Users\hyper\.vscode\extensions\redhat.java-1.38.0-win32-x64\lombok\lombok-1.18.34.jar -XX:+HeapDumpOnOutOfMemoryError -XX:HeapDumpPath=c:\Users\hyper\AppData\Roaming\Code\User\workspaceStorage\55103842018b78ebd48e089c0df41d06\redhat.java -Daether.dependencyCollector.impl=bf c:\Users\hyper\.vscode\extensions\redhat.java-1.38.0-win32-x64\server\plugins\org.eclipse.equinox.launcher_1.6.900.v20240613-2009.jar -configuration c:\Users\hyper\AppData\Roaming\Code\User\globalStorage\redhat.java\1.38.0\config_win -data c:\Users\hyper\AppData\Roaming\Code\User\workspaceStorage\55103842018b78ebd48e089c0df41d06\redhat.java\jdt_ws --pipe=\\.\pipe\lsp-8c01847e5126680d39fd8274994ac02c-sock

Host: Intel(R) Core(TM) i7-4770K CPU @ 3.50GHz, 8 cores, 15G,  Windows 11 , 64 bit Build 22000 (10.0.22000.2538)
Time: Tue Mar 11 03:35:13 2025 Volgograd Standard Time elapsed time: 522.397815 seconds (0d 0h 8m 42s)

---------------  T H R E A D  ---------------

Current thread (0x00000197fd0f6f10):  VMThread "VM Thread" [stack: 0x0000008f28a00000,0x0000008f28b00000] [id=134976]

Stack: [0x0000008f28a00000,0x0000008f28b00000]
Native frames: (J=compiled Java code, j=interpreted, Vv=VM code, C=native code)
V  [jvm.dll+0x6993aa]
V  [jvm.dll+0x7f46dd]
V  [jvm.dll+0x7f5fee]
V  [jvm.dll+0x7f66a3]
V  [jvm.dll+0x25cf1f]
V  [jvm.dll+0x6962f9]
V  [jvm.dll+0x68ae2a]
V  [jvm.dll+0x32255b]
V  [jvm.dll+0x329f36]
V  [jvm.dll+0x37eade]
V  [jvm.dll+0x37ed0f]
V  [jvm.dll+0x2fa2da]
V  [jvm.dll+0x2fa387]
V  [jvm.dll+0x33e8c2]
V  [jvm.dll+0x33ce64]
V  [jvm.dll+0x2f9ab0]
V  [jvm.dll+0x33c43b]
V  [jvm.dll+0x7fb48b]
V  [jvm.dll+0x7fc224]
V  [jvm.dll+0x7fc75c]
V  [jvm.dll+0x7fcbb4]
V  [jvm.dll+0x7fcc77]
V  [jvm.dll+0x7a120a]
V  [jvm.dll+0x698255]
C  [ucrtbase.dll+0x26c0c]
C  [KERNEL32.DLL+0x153e0]
C  [ntdll.dll+0x485b]

VM_Operation (0x0000008f281fcef0): G1CollectForAllocation, mode: safepoint, requested by thread 0x00000197a8104da0


---------------  P R O C E S S  ---------------

Threads class SMR info:
_java_thread_list=0x00000197a4eabd90, length=53, elements={
0x00000197fc461920, 0x00000197fd0f9590, 0x00000197fd0f9d10, 0x00000197fd10d5e0,
0x00000197a4902090, 0x00000197a4902550, 0x00000197a4902a10, 0x00000197a4902ed0,
0x00000197a497b040, 0x00000197a497f560, 0x00000197a49c6dd0, 0x00000197a4c44760,
0x00000197a51eb6c0, 0x00000197a57fd960, 0x00000197a5892c00, 0x00000197a5372e80,
0x00000197a5afc010, 0x00000197a5b74980, 0x00000197a5c17530, 0x00000197a5c19210,
0x00000197a5c1a550, 0x00000197a5c17a00, 0x00000197a5c183a0, 0x00000197a5c18870,
0x00000197a7ef0a50, 0x00000197a7ef2730, 0x00000197a7eee8a0, 0x00000197a7ef0f20,
0x00000197a7eee3d0, 0x00000197a7ef30d0, 0x00000197a7eeed70, 0x00000197a7eef710,
0x00000197a7ef13f0, 0x00000197a7ef3f40, 0x00000197a7eed560, 0x00000197a85fca40,
0x00000197a85f9ef0, 0x00000197a85febf0, 0x00000197a8102250, 0x00000197a8104da0,
0x00000197a8105270, 0x00000197a8108c30, 0x00000197a81018b0, 0x00000197a85fd8b0,
0x00000197a85f9a20, 0x00000197a85fe250, 0x00000197a85fe720, 0x00000197a85fad60,
0x00000197a85f8bb0, 0x00000197a7ef0580, 0x00000197a7eefbe0, 0x00000197a7ef3a70,
0x00000197a88ba940
}

Java Threads: ( => current thread )
  0x00000197fc461920 JavaThread "main" [_thread_blocked, id=133844, stack(0x0000008f28400000,0x0000008f28500000)]
  0x00000197fd0f9590 JavaThread "Reference Handler" daemon [_thread_blocked, id=129128, stack(0x0000008f28b00000,0x0000008f28c00000)]
  0x00000197fd0f9d10 JavaThread "Finalizer" daemon [_thread_blocked, id=124372, stack(0x0000008f28c00000,0x0000008f28d00000)]
  0x00000197fd10d5e0 JavaThread "Signal Dispatcher" daemon [_thread_blocked, id=137004, stack(0x0000008f28d00000,0x0000008f28e00000)]
  0x00000197a4902090 JavaThread "Attach Listener" daemon [_thread_blocked, id=136696, stack(0x0000008f28e00000,0x0000008f28f00000)]
  0x00000197a4902550 JavaThread "Service Thread" daemon [_thread_blocked, id=106884, stack(0x0000008f28f00000,0x0000008f29000000)]
  0x00000197a4902a10 JavaThread "Monitor Deflation Thread" daemon [_thread_blocked, id=118076, stack(0x0000008f29000000,0x0000008f29100000)]
  0x00000197a4902ed0 JavaThread "C2 CompilerThread0" daemon [_thread_in_native, id=107232, stack(0x0000008f29100000,0x0000008f29200000)]
  0x00000197a497b040 JavaThread "C1 CompilerThread0" daemon [_thread_blocked, id=109716, stack(0x0000008f29200000,0x0000008f29300000)]
  0x00000197a497f560 JavaThread "Sweeper thread" daemon [_thread_blocked, id=117316, stack(0x0000008f29300000,0x0000008f29400000)]
  0x00000197a49c6dd0 JavaThread "Common-Cleaner" daemon [_thread_blocked, id=110508, stack(0x0000008f29400000,0x0000008f29500000)]
  0x00000197a4c44760 JavaThread "Notification Thread" daemon [_thread_blocked, id=133128, stack(0x0000008f29600000,0x0000008f29700000)]
  0x00000197a51eb6c0 JavaThread "Active Thread: Equinox Container: 639832f2-580b-4443-ad5a-132475acd402" [_thread_blocked, id=118964, stack(0x0000008f29800000,0x0000008f29900000)]
  0x00000197a57fd960 JavaThread "Refresh Thread: Equinox Container: 639832f2-580b-4443-ad5a-132475acd402" daemon [_thread_blocked, id=125176, stack(0x0000008f29f00000,0x0000008f2a000000)]
  0x00000197a5892c00 JavaThread "Framework Event Dispatcher: Equinox Container: 639832f2-580b-4443-ad5a-132475acd402" daemon [_thread_blocked, id=124672, stack(0x0000008f2a000000,0x0000008f2a100000)]
  0x00000197a5372e80 JavaThread "Start Level: Equinox Container: 639832f2-580b-4443-ad5a-132475acd402" daemon [_thread_blocked, id=116348, stack(0x0000008f2a100000,0x0000008f2a200000)]
  0x00000197a5afc010 JavaThread "Bundle File Closer" daemon [_thread_blocked, id=104012, stack(0x0000008f2a400000,0x0000008f2a500000)]
  0x00000197a5b74980 JavaThread "SCR Component Actor" daemon [_thread_blocked, id=123452, stack(0x0000008f2a500000,0x0000008f2a600000)]
  0x00000197a5c17530 JavaThread "Worker-JM" [_thread_blocked, id=137060, stack(0x0000008f2a600000,0x0000008f2a700000)]
  0x00000197a5c19210 JavaThread "JNA Cleaner" daemon [_thread_blocked, id=108368, stack(0x0000008f2a700000,0x0000008f2a800000)]
  0x00000197a5c1a550 JavaThread "Java indexing" daemon [_thread_blocked, id=125212, stack(0x0000008f2ac00000,0x0000008f2ad00000)]
  0x00000197a5c17a00 JavaThread "Worker-2" [_thread_blocked, id=127512, stack(0x0000008f2ad00000,0x0000008f2ae00000)]
  0x00000197a5c183a0 JavaThread "Thread-2" daemon [_thread_in_native, id=107644, stack(0x0000008f2b100000,0x0000008f2b200000)]
  0x00000197a5c18870 JavaThread "Thread-3" daemon [_thread_in_native, id=130212, stack(0x0000008f2b200000,0x0000008f2b300000)]
  0x00000197a7ef0a50 JavaThread "Thread-4" daemon [_thread_in_native, id=124632, stack(0x0000008f2b300000,0x0000008f2b400000)]
  0x00000197a7ef2730 JavaThread "Thread-5" daemon [_thread_in_native, id=133372, stack(0x0000008f2b400000,0x0000008f2b500000)]
  0x00000197a7eee8a0 JavaThread "Thread-6" daemon [_thread_in_native, id=132240, stack(0x0000008f2b500000,0x0000008f2b600000)]
  0x00000197a7ef0f20 JavaThread "Thread-7" daemon [_thread_in_native, id=133664, stack(0x0000008f2b600000,0x0000008f2b700000)]
  0x00000197a7eee3d0 JavaThread "Thread-8" daemon [_thread_in_native, id=135240, stack(0x0000008f2b700000,0x0000008f2b800000)]
  0x00000197a7ef30d0 JavaThread "Thread-9" daemon [_thread_in_native, id=132872, stack(0x0000008f2b800000,0x0000008f2b900000)]
  0x00000197a7eeed70 JavaThread "Thread-10" daemon [_thread_in_native, id=131868, stack(0x0000008f2b900000,0x0000008f2ba00000)]
  0x00000197a7eef710 JavaThread "pool-2-thread-1" [_thread_blocked, id=111196, stack(0x0000008f2bb00000,0x0000008f2bc00000)]
  0x00000197a7ef13f0 JavaThread "WorkspaceEventsHandler" [_thread_blocked, id=120180, stack(0x0000008f2bc00000,0x0000008f2bd00000)]
  0x00000197a7ef3f40 JavaThread "pool-1-thread-1" [_thread_blocked, id=119428, stack(0x0000008f2bd00000,0x0000008f2be00000)]
  0x00000197a7eed560 JavaThread "LocalFile Deleter" daemon [_thread_blocked, id=130724, stack(0x0000008f2c300000,0x0000008f2c400000)]
  0x00000197a85fca40 JavaThread "ForkJoinPool.commonPool-worker-1" daemon [_thread_blocked, id=120796, stack(0x0000008f2d400000,0x0000008f2d500000)]
  0x00000197a85f9ef0 JavaThread "ForkJoinPool.commonPool-worker-5" daemon [_thread_blocked, id=120488, stack(0x0000008f2d800000,0x0000008f2d900000)]
  0x00000197a85febf0 JavaThread "ForkJoinPool.commonPool-worker-7" daemon [_thread_blocked, id=136740, stack(0x0000008f2da00000,0x0000008f2db00000)]
  0x00000197a8102250 JavaThread "Cleaner-0" daemon [_thread_blocked, id=61916, stack(0x0000008f2dd00000,0x0000008f2de00000)]
  0x00000197a8104da0 JavaThread "ForkJoinPool.commonPool-worker-8" daemon [_thread_blocked, id=131576, stack(0x0000008f28100000,0x0000008f28200000)]
  0x00000197a8105270 JavaThread "Worker-6" [_thread_blocked, id=128444, stack(0x0000008f28300000,0x0000008f28400000)]
  0x00000197a8108c30 JavaThread "Compiler Source File Reader" daemon [_thread_blocked, id=112280, stack(0x0000008f28200000,0x0000008f28300000)]
  0x00000197a81018b0 JavaThread "Worker-7" [_thread_blocked, id=12612, stack(0x0000008f2a300000,0x0000008f2a400000)]
  0x00000197a85fd8b0 JavaThread "Compiler Processing Task" daemon [_thread_blocked, id=138112, stack(0x0000008f2a800000,0x0000008f2a900000)]
  0x00000197a85f9a20 JavaThread "ForkJoinPool.commonPool-worker-9" daemon [_thread_blocked, id=115152, stack(0x0000008f2a900000,0x0000008f2aa00000)]
  0x00000197a85fe250 JavaThread "ForkJoinPool.commonPool-worker-10" daemon [_thread_blocked, id=126600, stack(0x0000008f2af00000,0x0000008f2b000000)]
  0x00000197a85fe720 JavaThread "Compiler Source File Reader" daemon [_thread_blocked, id=124692, stack(0x0000008f2b000000,0x0000008f2b100000)]
  0x00000197a85fad60 JavaThread "ForkJoinPool.commonPool-worker-11" daemon [_thread_blocked, id=125292, stack(0x0000008f2ab00000,0x0000008f2ac00000)]
  0x00000197a85f8bb0 JavaThread "Compiler Source File Reader" daemon [_thread_blocked, id=11868, stack(0x0000008f2ae00000,0x0000008f2af00000)]
  0x00000197a7ef0580 JavaThread "Compiler Source File Reader" daemon [_thread_blocked, id=110620, stack(0x0000008f2be00000,0x0000008f2bf00000)]
  0x00000197a7eefbe0 JavaThread "Compiler Source File Reader" daemon [_thread_blocked, id=14644, stack(0x0000008f2c000000,0x0000008f2c100000)]
  0x00000197a7ef3a70 JavaThread "Compiler Source File Reader" daemon [_thread_blocked, id=137884, stack(0x0000008f2c100000,0x0000008f2c200000)]
  0x00000197a88ba940 JavaThread "C2 CompilerThread1" daemon [_thread_blocked, id=109552, stack(0x0000008f2ba00000,0x0000008f2bb00000)]

Other Threads:
=>0x00000197fd0f6f10 VMThread "VM Thread" [stack: 0x0000008f28a00000,0x0000008f28b00000] [id=134976]
  0x00000197a4c44c20 WatcherThread "VM Periodic Task Thread" [stack: 0x0000008f29700000,0x0000008f29800000] [id=127788]
  0x00000197fc491620 WorkerThread "GC Thread#0" [stack: 0x0000008f28500000,0x0000008f28600000] [id=134992]
  0x00000197a52e19f0 WorkerThread "GC Thread#1" [stack: 0x0000008f29900000,0x0000008f29a00000] [id=122540]
  0x00000197a4cbc3a0 WorkerThread "GC Thread#2" [stack: 0x0000008f29a00000,0x0000008f29b00000] [id=132688]
  0x00000197a57e4710 WorkerThread "GC Thread#3" [stack: 0x0000008f29b00000,0x0000008f29c00000] [id=122260]
  0x00000197a4d40580 WorkerThread "GC Thread#4" [stack: 0x0000008f29c00000,0x0000008f29d00000] [id=134656]
  0x00000197a4d40820 WorkerThread "GC Thread#5" [stack: 0x0000008f29d00000,0x0000008f29e00000] [id=132668]
  0x00000197a54fe370 WorkerThread "GC Thread#6" [stack: 0x0000008f29e00000,0x0000008f29f00000] [id=125156]
  0x00000197a57740f0 WorkerThread "GC Thread#7" [stack: 0x0000008f2a200000,0x0000008f2a300000] [id=112336]
  0x00000197fc49db50 ConcurrentGCThread "G1 Main Marker" [stack: 0x0000008f28600000,0x0000008f28700000] [id=128536]
  0x00000197fc49e820 WorkerThread "G1 Conc#0" [stack: 0x0000008f28700000,0x0000008f28800000] [id=123808]
  0x00000197a5bbf070 WorkerThread "G1 Conc#1" [stack: 0x0000008f2aa00000,0x0000008f2ab00000] [id=108640]
  0x00000197fcfac6d0 ConcurrentGCThread "G1 Refine#0" [stack: 0x0000008f28800000,0x0000008f28900000] [id=135052]
  0x00000197a9d7c970 ConcurrentGCThread "G1 Refine#1" [stack: 0x0000008f2cb00000,0x0000008f2cc00000] [id=134700]
  0x00000197a9d7cf10 ConcurrentGCThread "G1 Refine#2" [stack: 0x0000008f2cc00000,0x0000008f2cd00000] [id=128776]
  0x00000197a9d7cc40 ConcurrentGCThread "G1 Refine#3" [stack: 0x0000008f2cd00000,0x0000008f2ce00000] [id=132092]
  0x00000197a9d7d4b0 ConcurrentGCThread "G1 Refine#4" [stack: 0x0000008f2ce00000,0x0000008f2cf00000] [id=124152]
  0x00000197a9d9c250 ConcurrentGCThread "G1 Refine#5" [stack: 0x0000008f29500000,0x0000008f29600000] [id=103356]
  0x00000197a9d9d330 ConcurrentGCThread "G1 Refine#6" [stack: 0x0000008f2de00000,0x0000008f2df00000] [id=123544]
  0x00000197fcfacef0 ConcurrentGCThread "G1 Service" [stack: 0x0000008f28900000,0x0000008f28a00000] [id=129796]

Threads with active compile tasks:
C2 CompilerThread0   522472 20241  s    4       org.eclipse.jdt.internal.core.JavaModelManager::putInfos (192 bytes)

VM state: at safepoint (normal execution)

VM Mutex/Monitor currently owned by a thread:  ([mutex/lock_event])
[0x00000197fc45fb10] Threads_lock - owner thread: 0x00000197fd0f6f10
[0x00000197fc45ff00] Heap_lock - owner thread: 0x00000197a8104da0

Heap address: 0x0000000701800000, size: 4072 MB, Compressed Oops mode: Zero based, Oop shift amount: 3

CDS archive(s) mapped at: [0x0000000800000000-0x0000000800ba0000-0x0000000800ba0000), size 12189696, SharedBaseAddress: 0x0000000800000000, ArchiveRelocationMode: 0.
Compressed class space mapped at: 0x0000000800c00000-0x0000000840c00000, reserved size: 1073741824
Narrow klass base: 0x0000000800000000, Narrow klass shift: 0, Narrow klass range: 0x100000000

GC Precious Log:
 CardTable entry size: 512
 Card Set container configuration: InlinePtr #cards 4 size 8 Array Of Cards #cards 16 size 48 Howl #buckets 8 coarsen threshold 3686 Howl Bitmap #cards 512 size 80 coarsen threshold 460 Card regions per heap region 1 cards per card region 4096
 CPUs: 8 total, 8 available
 Memory: 16283M
 Large Page Support: Disabled
 NUMA Support: Disabled
 Compressed Oops: Enabled (Zero based)
 Heap Region Size: 2M
 Heap Min Capacity: 8M
 Heap Initial Capacity: 256M
 Heap Max Capacity: 4072M
 Pre-touch: Disabled
 Parallel Workers: 8
 Concurrent Workers: 2
 Concurrent Refinement Workers: 8
 Periodic GC: Disabled

Heap:
 garbage-first heap   total 579584K, used 502911K [0x0000000701800000, 0x0000000800000000)
  region size 2048K, 2 young (4096K), 2 survivors (4096K)
 Metaspace       used 80019K, committed 81536K, reserved 1179648K
  class space    used 7755K, committed 8448K, reserved 1048576K

Heap Regions: E=young(eden), S=young(survivor), O=old, HS=humongous(starts), HC=humongous(continues), CS=collection set, F=free, OA=open archive, CA=closed archive, TAMS=top-at-mark-start (previous, next)
|   0|0x0000000701800000, 0x0000000701a00000, 0x0000000701a00000|100%| O|  |TAMS 0x0000000701a00000, 0x0000000701800000| Untracked 
|   1|0x0000000701a00000, 0x0000000701c00000, 0x0000000701c00000|100%|HS|  |TAMS 0x0000000701a00000, 0x0000000701a00000| Complete 
|   2|0x0000000701c00000, 0x0000000701e00000, 0x0000000701e00000|100%| O|  |TAMS 0x0000000701e00000, 0x0000000701c00000| Untracked 
|   3|0x0000000701e00000, 0x0000000702000000, 0x0000000702000000|100%| O|  |TAMS 0x0000000702000000, 0x0000000701e00000| Untracked 
|   4|0x0000000702000000, 0x0000000702200000, 0x0000000702200000|100%| O|  |TAMS 0x0000000702200000, 0x0000000702000000| Untracked 
|   5|0x0000000702200000, 0x0000000702400000, 0x0000000702400000|100%| O|  |TAMS 0x0000000702400000, 0x0000000702200000| Untracked 
|   6|0x0000000702400000, 0x0000000702600000, 0x0000000702600000|100%| O|  |TAMS 0x0000000702600000, 0x0000000702400000| Untracked 
|   7|0x0000000702600000, 0x0000000702800000, 0x0000000702800000|100%| O|  |TAMS 0x0000000702800000, 0x0000000702600000| Untracked 
|   8|0x0000000702800000, 0x0000000702a00000, 0x0000000702a00000|100%| O|  |TAMS 0x0000000702a00000, 0x0000000702800000| Untracked 
|   9|0x0000000702a00000, 0x0000000702c00000, 0x0000000702c00000|100%| O|  |TAMS 0x0000000702a00000, 0x0000000702a00000| Untracked 
|  10|0x0000000702c00000, 0x0000000702e00000, 0x0000000702e00000|100%| O|  |TAMS 0x0000000702e00000, 0x0000000702c00000| Untracked 
|  11|0x0000000702e00000, 0x0000000703000000, 0x0000000703000000|100%| O|  |TAMS 0x0000000703000000, 0x0000000702e00000| Untracked 
|  12|0x0000000703000000, 0x0000000703200000, 0x0000000703200000|100%| O|  |TAMS 0x0000000703200000, 0x0000000703000000| Untracked 
|  13|0x0000000703200000, 0x0000000703400000, 0x0000000703400000|100%| O|  |TAMS 0x0000000703400000, 0x0000000703200000| Untracked 
|  14|0x0000000703400000, 0x0000000703600000, 0x0000000703600000|100%| O|  |TAMS 0x0000000703600000, 0x0000000703400000| Untracked 
|  15|0x0000000703600000, 0x0000000703800000, 0x0000000703800000|100%| O|  |TAMS 0x0000000703800000, 0x0000000703600000| Untracked 
|  16|0x0000000703800000, 0x0000000703a00000, 0x0000000703a00000|100%| O|  |TAMS 0x0000000703a00000, 0x0000000703800000| Untracked 
|  17|0x0000000703a00000, 0x0000000703c00000, 0x0000000703c00000|100%| O|  |TAMS 0x0000000703c00000, 0x0000000703a00000| Untracked 
|  18|0x0000000703c00000, 0x0000000703e00000, 0x0000000703e00000|100%| O|  |TAMS 0x0000000703e00000, 0x0000000703c00000| Untracked 
|  19|0x0000000703e00000, 0x0000000704000000, 0x0000000704000000|100%| O|  |TAMS 0x0000000704000000, 0x0000000703e00000| Untracked 
|  20|0x0000000704000000, 0x0000000704200000, 0x0000000704200000|100%| O|  |TAMS 0x0000000704200000, 0x0000000704000000| Untracked 
|  21|0x0000000704200000, 0x0000000704400000, 0x0000000704400000|100%| O|  |TAMS 0x0000000704400000, 0x0000000704200000| Untracked 
|  22|0x0000000704400000, 0x0000000704600000, 0x0000000704600000|100%| O|  |TAMS 0x0000000704600000, 0x0000000704400000| Untracked 
|  23|0x0000000704600000, 0x0000000704800000, 0x0000000704800000|100%| O|  |TAMS 0x0000000704800000, 0x0000000704600000| Untracked 
|  24|0x0000000704800000, 0x0000000704a00000, 0x0000000704a00000|100%| O|  |TAMS 0x0000000704a00000, 0x0000000704800000| Untracked 
|  25|0x0000000704a00000, 0x0000000704c00000, 0x0000000704c00000|100%| O|  |TAMS 0x0000000704c00000, 0x0000000704a00000| Untracked 
|  26|0x0000000704c00000, 0x0000000704e00000, 0x0000000704e00000|100%| O|  |TAMS 0x0000000704e00000, 0x0000000704c00000| Untracked 
|  27|0x0000000704e00000, 0x0000000705000000, 0x0000000705000000|100%| O|  |TAMS 0x0000000705000000, 0x0000000704e00000| Untracked 
|  28|0x0000000705000000, 0x0000000705200000, 0x0000000705200000|100%| O|  |TAMS 0x0000000705200000, 0x0000000705000000| Untracked 
|  29|0x0000000705200000, 0x0000000705400000, 0x0000000705400000|100%| O|  |TAMS 0x0000000705400000, 0x0000000705200000| Untracked 
|  30|0x0000000705400000, 0x0000000705600000, 0x0000000705600000|100%| O|  |TAMS 0x0000000705600000, 0x0000000705400000| Untracked 
|  31|0x0000000705600000, 0x0000000705800000, 0x0000000705800000|100%| O|  |TAMS 0x0000000705800000, 0x0000000705600000| Untracked 
|  32|0x0000000705800000, 0x0000000705a00000, 0x0000000705a00000|100%| O|  |TAMS 0x0000000705a00000, 0x0000000705800000| Untracked 
|  33|0x0000000705a00000, 0x0000000705c00000, 0x0000000705c00000|100%| O|  |TAMS 0x0000000705c00000, 0x0000000705a00000| Untracked 
|  34|0x0000000705c00000, 0x0000000705e00000, 0x0000000705e00000|100%| O|  |TAMS 0x0000000705e00000, 0x0000000705c00000| Untracked 
|  35|0x0000000705e00000, 0x0000000706000000, 0x0000000706000000|100%| O|  |TAMS 0x0000000706000000, 0x0000000705e00000| Untracked 
|  36|0x0000000706000000, 0x0000000706200000, 0x0000000706200000|100%| O|  |TAMS 0x0000000706200000, 0x0000000706000000| Untracked 
|  37|0x0000000706200000, 0x0000000706400000, 0x0000000706400000|100%| O|  |TAMS 0x0000000706400000, 0x0000000706200000| Untracked 
|  38|0x0000000706400000, 0x0000000706600000, 0x0000000706600000|100%| O|  |TAMS 0x0000000706600000, 0x0000000706400000| Untracked 
|  39|0x0000000706600000, 0x0000000706800000, 0x0000000706800000|100%| O|  |TAMS 0x0000000706800000, 0x0000000706600000| Untracked 
|  40|0x0000000706800000, 0x0000000706a00000, 0x0000000706a00000|100%| O|  |TAMS 0x0000000706a00000, 0x0000000706800000| Untracked 
|  41|0x0000000706a00000, 0x0000000706c00000, 0x0000000706c00000|100%| O|  |TAMS 0x0000000706c00000, 0x0000000706a00000| Untracked 
|  42|0x0000000706c00000, 0x0000000706e00000, 0x0000000706e00000|100%| O|  |TAMS 0x0000000706c59200, 0x0000000706c00000| Untracked 
|  43|0x0000000706e00000, 0x0000000707000000, 0x0000000707000000|100%| O|  |TAMS 0x0000000706e00000, 0x0000000706e00000| Untracked 
|  44|0x0000000707000000, 0x0000000707200000, 0x0000000707200000|100%| O|  |TAMS 0x0000000707000000, 0x0000000707000000| Untracked 
|  45|0x0000000707200000, 0x0000000707400000, 0x0000000707400000|100%| O|  |TAMS 0x0000000707200000, 0x0000000707200000| Untracked 
|  46|0x0000000707400000, 0x0000000707600000, 0x0000000707600000|100%| O|  |TAMS 0x0000000707400000, 0x0000000707400000| Untracked 
|  47|0x0000000707600000, 0x0000000707800000, 0x0000000707800000|100%| O|  |TAMS 0x0000000707600000, 0x0000000707600000| Untracked 
|  48|0x0000000707800000, 0x0000000707a00000, 0x0000000707a00000|100%| O|  |TAMS 0x0000000707800000, 0x0000000707800000| Untracked 
|  49|0x0000000707a00000, 0x0000000707c00000, 0x0000000707c00000|100%| O|  |TAMS 0x0000000707a00000, 0x0000000707a00000| Untracked 
|  50|0x0000000707c00000, 0x0000000707e00000, 0x0000000707e00000|100%| O|  |TAMS 0x0000000707c00000, 0x0000000707c00000| Untracked 
|  51|0x0000000707e00000, 0x0000000708000000, 0x0000000708000000|100%| O|  |TAMS 0x0000000707e00000, 0x0000000707e00000| Untracked 
|  52|0x0000000708000000, 0x0000000708200000, 0x0000000708200000|100%| O|  |TAMS 0x0000000708000000, 0x0000000708000000| Untracked 
|  53|0x0000000708200000, 0x0000000708400000, 0x0000000708400000|100%| O|  |TAMS 0x0000000708200000, 0x0000000708200000| Untracked 
|  54|0x0000000708400000, 0x0000000708600000, 0x0000000708600000|100%| O|  |TAMS 0x0000000708400000, 0x0000000708400000| Untracked 
|  55|0x0000000708600000, 0x0000000708800000, 0x0000000708800000|100%| O|  |TAMS 0x0000000708600000, 0x0000000708600000| Untracked 
|  56|0x0000000708800000, 0x0000000708a00000, 0x0000000708a00000|100%| O|  |TAMS 0x0000000708800000, 0x0000000708800000| Untracked 
|  57|0x0000000708a00000, 0x0000000708c00000, 0x0000000708c00000|100%| O|  |TAMS 0x0000000708a00000, 0x0000000708a00000| Untracked 
|  58|0x0000000708c00000, 0x0000000708e00000, 0x0000000708e00000|100%| O|  |TAMS 0x0000000708c00000, 0x0000000708c00000| Untracked 
|  59|0x0000000708e00000, 0x0000000709000000, 0x0000000709000000|100%| O|  |TAMS 0x0000000708e00000, 0x0000000708e00000| Untracked 
|  60|0x0000000709000000, 0x0000000709200000, 0x0000000709200000|100%| O|  |TAMS 0x0000000709000000, 0x0000000709000000| Untracked 
|  61|0x0000000709200000, 0x0000000709400000, 0x0000000709400000|100%| O|  |TAMS 0x0000000709200000, 0x0000000709200000| Untracked 
|  62|0x0000000709400000, 0x0000000709600000, 0x0000000709600000|100%| O|  |TAMS 0x0000000709400000, 0x0000000709400000| Untracked 
|  63|0x0000000709600000, 0x0000000709800000, 0x0000000709800000|100%| O|  |TAMS 0x0000000709600000, 0x0000000709600000| Untracked 
|  64|0x0000000709800000, 0x0000000709a00000, 0x0000000709a00000|100%| O|  |TAMS 0x0000000709800000, 0x0000000709800000| Untracked 
|  65|0x0000000709a00000, 0x0000000709c00000, 0x0000000709c00000|100%| O|  |TAMS 0x0000000709a00000, 0x0000000709a00000| Untracked 
|  66|0x0000000709c00000, 0x0000000709e00000, 0x0000000709e00000|100%| O|  |TAMS 0x0000000709c00000, 0x0000000709c00000| Untracked 
|  67|0x0000000709e00000, 0x000000070a000000, 0x000000070a000000|100%| O|  |TAMS 0x0000000709e00000, 0x0000000709e00000| Untracked 
|  68|0x000000070a000000, 0x000000070a200000, 0x000000070a200000|100%| O|  |TAMS 0x000000070a000000, 0x000000070a000000| Untracked 
|  69|0x000000070a200000, 0x000000070a400000, 0x000000070a400000|100%| O|  |TAMS 0x000000070a200000, 0x000000070a200000| Untracked 
|  70|0x000000070a400000, 0x000000070a600000, 0x000000070a600000|100%| O|  |TAMS 0x000000070a400000, 0x000000070a400000| Untracked 
|  71|0x000000070a600000, 0x000000070a800000, 0x000000070a800000|100%| O|  |TAMS 0x000000070a600000, 0x000000070a600000| Untracked 
|  72|0x000000070a800000, 0x000000070aa00000, 0x000000070aa00000|100%| O|  |TAMS 0x000000070a800000, 0x000000070a800000| Untracked 
|  73|0x000000070aa00000, 0x000000070ac00000, 0x000000070ac00000|100%| O|  |TAMS 0x000000070aa00000, 0x000000070aa00000| Untracked 
|  74|0x000000070ac00000, 0x000000070ae00000, 0x000000070ae00000|100%| O|  |TAMS 0x000000070ac00000, 0x000000070ac00000| Untracked 
|  75|0x000000070ae00000, 0x000000070b000000, 0x000000070b000000|100%| O|  |TAMS 0x000000070ae00000, 0x000000070ae00000| Untracked 
|  76|0x000000070b000000, 0x000000070b200000, 0x000000070b200000|100%| O|  |TAMS 0x000000070b000000, 0x000000070b000000| Untracked 
|  77|0x000000070b200000, 0x000000070b400000, 0x000000070b400000|100%| O|  |TAMS 0x000000070b200000, 0x000000070b200000| Untracked 
|  78|0x000000070b400000, 0x000000070b600000, 0x000000070b600000|100%|HS|  |TAMS 0x000000070b400000, 0x000000070b400000| Complete 
|  79|0x000000070b600000, 0x000000070b800000, 0x000000070b800000|100%|HC|  |TAMS 0x000000070b600000, 0x000000070b600000| Complete 
|  80|0x000000070b800000, 0x000000070ba00000, 0x000000070ba00000|100%| O|  |TAMS 0x000000070b800000, 0x000000070b800000| Untracked 
|  81|0x000000070ba00000, 0x000000070bc00000, 0x000000070bc00000|100%| O|  |TAMS 0x000000070ba00000, 0x000000070ba00000| Untracked 
|  82|0x000000070bc00000, 0x000000070be00000, 0x000000070be00000|100%| O|  |TAMS 0x000000070bc00000, 0x000000070bc00000| Untracked 
|  83|0x000000070be00000, 0x000000070c000000, 0x000000070c000000|100%| O|  |TAMS 0x000000070be00000, 0x000000070be00000| Untracked 
|  84|0x000000070c000000, 0x000000070c200000, 0x000000070c200000|100%| O|  |TAMS 0x000000070c000000, 0x000000070c000000| Untracked 
|  85|0x000000070c200000, 0x000000070c400000, 0x000000070c400000|100%| O|  |TAMS 0x000000070c200000, 0x000000070c200000| Untracked 
|  86|0x000000070c400000, 0x000000070c600000, 0x000000070c600000|100%| O|  |TAMS 0x000000070c400000, 0x000000070c400000| Untracked 
|  87|0x000000070c600000, 0x000000070c800000, 0x000000070c800000|100%| O|  |TAMS 0x000000070c600000, 0x000000070c600000| Untracked 
|  88|0x000000070c800000, 0x000000070ca00000, 0x000000070ca00000|100%| O|  |TAMS 0x000000070c800000, 0x000000070c800000| Untracked 
|  89|0x000000070ca00000, 0x000000070cc00000, 0x000000070cc00000|100%| O|  |TAMS 0x000000070ca00000, 0x000000070ca00000| Untracked 
|  90|0x000000070cc00000, 0x000000070ce00000, 0x000000070ce00000|100%| O|  |TAMS 0x000000070cc00000, 0x000000070cc00000| Untracked 
|  91|0x000000070ce00000, 0x000000070d000000, 0x000000070d000000|100%| O|  |TAMS 0x000000070ce00000, 0x000000070ce00000| Untracked 
|  92|0x000000070d000000, 0x000000070d200000, 0x000000070d200000|100%| O|  |TAMS 0x000000070d000000, 0x000000070d000000| Untracked 
|  93|0x000000070d200000, 0x000000070d400000, 0x000000070d400000|100%| O|  |TAMS 0x000000070d200000, 0x000000070d200000| Untracked 
|  94|0x000000070d400000, 0x000000070d600000, 0x000000070d600000|100%| O|  |TAMS 0x000000070d400000, 0x000000070d400000| Untracked 
|  95|0x000000070d600000, 0x000000070d800000, 0x000000070d800000|100%| O|  |TAMS 0x000000070d600000, 0x000000070d600000| Untracked 
|  96|0x000000070d800000, 0x000000070da00000, 0x000000070da00000|100%| O|  |TAMS 0x000000070d800000, 0x000000070d800000| Untracked 
|  97|0x000000070da00000, 0x000000070dc00000, 0x000000070dc00000|100%| O|  |TAMS 0x000000070da00000, 0x000000070da00000| Untracked 
|  98|0x000000070dc00000, 0x000000070de00000, 0x000000070de00000|100%| O|  |TAMS 0x000000070dc00000, 0x000000070dc00000| Untracked 
|  99|0x000000070de00000, 0x000000070e000000, 0x000000070e000000|100%| O|  |TAMS 0x000000070de00000, 0x000000070de00000| Untracked 
| 100|0x000000070e000000, 0x000000070e200000, 0x000000070e200000|100%| O|  |TAMS 0x000000070e000000, 0x000000070e000000| Untracked 
| 101|0x000000070e200000, 0x000000070e400000, 0x000000070e400000|100%| O|  |TAMS 0x000000070e200000, 0x000000070e200000| Untracked 
| 102|0x000000070e400000, 0x000000070e600000, 0x000000070e600000|100%| O|  |TAMS 0x000000070e400000, 0x000000070e400000| Untracked 
| 103|0x000000070e600000, 0x000000070e800000, 0x000000070e800000|100%| O|  |TAMS 0x000000070e600000, 0x000000070e600000| Untracked 
| 104|0x000000070e800000, 0x000000070ea00000, 0x000000070ea00000|100%| O|  |TAMS 0x000000070e800000, 0x000000070e800000| Untracked 
| 105|0x000000070ea00000, 0x000000070ec00000, 0x000000070ec00000|100%| O|  |TAMS 0x000000070ea00000, 0x000000070ea00000| Untracked 
| 106|0x000000070ec00000, 0x000000070ee00000, 0x000000070ee00000|100%| O|  |TAMS 0x000000070ec00000, 0x000000070ec00000| Untracked 
| 107|0x000000070ee00000, 0x000000070f000000, 0x000000070f000000|100%| O|  |TAMS 0x000000070ee00000, 0x000000070ee00000| Untracked 
| 108|0x000000070f000000, 0x000000070f200000, 0x000000070f200000|100%| O|  |TAMS 0x000000070f000000, 0x000000070f000000| Untracked 
| 109|0x000000070f200000, 0x000000070f400000, 0x000000070f400000|100%| O|  |TAMS 0x000000070f200000, 0x000000070f200000| Untracked 
| 110|0x000000070f400000, 0x000000070f600000, 0x000000070f600000|100%| O|  |TAMS 0x000000070f400000, 0x000000070f400000| Untracked 
| 111|0x000000070f600000, 0x000000070f800000, 0x000000070f800000|100%| O|  |TAMS 0x000000070f600000, 0x000000070f600000| Untracked 
| 112|0x000000070f800000, 0x000000070fa00000, 0x000000070fa00000|100%| O|  |TAMS 0x000000070f800000, 0x000000070f800000| Untracked 
| 113|0x000000070fa00000, 0x000000070fc00000, 0x000000070fc00000|100%| O|  |TAMS 0x000000070fa00000, 0x000000070fa00000| Untracked 
| 114|0x000000070fc00000, 0x000000070fe00000, 0x000000070fe00000|100%| O|  |TAMS 0x000000070fc00000, 0x000000070fc00000| Untracked 
| 115|0x000000070fe00000, 0x0000000710000000, 0x0000000710000000|100%| O|  |TAMS 0x000000070fe00000, 0x000000070fe00000| Untracked 
| 116|0x0000000710000000, 0x0000000710200000, 0x0000000710200000|100%| O|  |TAMS 0x0000000710000000, 0x0000000710000000| Untracked 
| 117|0x0000000710200000, 0x0000000710400000, 0x0000000710400000|100%| O|  |TAMS 0x0000000710200000, 0x0000000710200000| Untracked 
| 118|0x0000000710400000, 0x0000000710600000, 0x0000000710600000|100%| O|  |TAMS 0x0000000710400000, 0x0000000710400000| Untracked 
| 119|0x0000000710600000, 0x0000000710800000, 0x0000000710800000|100%| O|  |TAMS 0x0000000710600000, 0x0000000710600000| Untracked 
| 120|0x0000000710800000, 0x0000000710a00000, 0x0000000710a00000|100%| O|  |TAMS 0x0000000710800000, 0x0000000710800000| Untracked 
| 121|0x0000000710a00000, 0x0000000710c00000, 0x0000000710c00000|100%| O|  |TAMS 0x0000000710a00000, 0x0000000710a00000| Untracked 
| 122|0x0000000710c00000, 0x0000000710e00000, 0x0000000710e00000|100%| O|  |TAMS 0x0000000710c00000, 0x0000000710c00000| Untracked 
| 123|0x0000000710e00000, 0x0000000711000000, 0x0000000711000000|100%| O|  |TAMS 0x0000000710e00000, 0x0000000710e00000| Untracked 
| 124|0x0000000711000000, 0x0000000711200000, 0x0000000711200000|100%| O|  |TAMS 0x0000000711000000, 0x0000000711000000| Untracked 
| 125|0x0000000711200000, 0x0000000711400000, 0x0000000711400000|100%| O|  |TAMS 0x0000000711200000, 0x0000000711200000| Untracked 
| 126|0x0000000711400000, 0x0000000711600000, 0x0000000711600000|100%| O|  |TAMS 0x0000000711400000, 0x0000000711400000| Untracked 
| 127|0x0000000711600000, 0x0000000711800000, 0x0000000711800000|100%| O|  |TAMS 0x0000000711600000, 0x0000000711600000| Untracked 
| 128|0x0000000711800000, 0x0000000711a00000, 0x0000000711a00000|100%| O|  |TAMS 0x0000000711800000, 0x0000000711800000| Untracked 
| 129|0x0000000711a00000, 0x0000000711c00000, 0x0000000711c00000|100%| O|  |TAMS 0x0000000711a00000, 0x0000000711a00000| Untracked 
| 130|0x0000000711c00000, 0x0000000711e00000, 0x0000000711e00000|100%| O|  |TAMS 0x0000000711c00000, 0x0000000711c00000| Untracked 
| 131|0x0000000711e00000, 0x0000000712000000, 0x0000000712000000|100%| O|  |TAMS 0x0000000711e00000, 0x0000000711e00000| Untracked 
| 132|0x0000000712000000, 0x0000000712200000, 0x0000000712200000|100%| O|  |TAMS 0x0000000712000000, 0x0000000712000000| Untracked 
| 133|0x0000000712200000, 0x0000000712400000, 0x0000000712400000|100%|HS|  |TAMS 0x0000000712200000, 0x0000000712200000| Complete 
| 134|0x0000000712400000, 0x0000000712600000, 0x0000000712600000|100%| O|  |TAMS 0x0000000712400000, 0x0000000712400000| Untracked 
| 135|0x0000000712600000, 0x0000000712800000, 0x0000000712800000|100%| O|  |TAMS 0x0000000712600000, 0x0000000712600000| Untracked 
| 136|0x0000000712800000, 0x0000000712a00000, 0x0000000712a00000|100%| O|  |TAMS 0x0000000712800000, 0x0000000712800000| Untracked 
| 137|0x0000000712a00000, 0x0000000712c00000, 0x0000000712c00000|100%| O|  |TAMS 0x0000000712a00000, 0x0000000712a00000| Untracked 
| 138|0x0000000712c00000, 0x0000000712e00000, 0x0000000712e00000|100%| O|  |TAMS 0x0000000712c00000, 0x0000000712c00000| Untracked 
| 139|0x0000000712e00000, 0x0000000713000000, 0x0000000713000000|100%| O|  |TAMS 0x0000000712e00000, 0x0000000712e00000| Untracked 
| 140|0x0000000713000000, 0x0000000713200000, 0x0000000713200000|100%| O|  |TAMS 0x0000000713000000, 0x0000000713000000| Untracked 
| 141|0x0000000713200000, 0x0000000713400000, 0x0000000713400000|100%| O|  |TAMS 0x0000000713200000, 0x0000000713200000| Untracked 
| 142|0x0000000713400000, 0x0000000713600000, 0x0000000713600000|100%| O|  |TAMS 0x0000000713400000, 0x0000000713400000| Untracked 
| 143|0x0000000713600000, 0x0000000713800000, 0x0000000713800000|100%| O|  |TAMS 0x0000000713600000, 0x0000000713600000| Untracked 
| 144|0x0000000713800000, 0x0000000713a00000, 0x0000000713a00000|100%| O|  |TAMS 0x0000000713800000, 0x0000000713800000| Untracked 
| 145|0x0000000713a00000, 0x0000000713c00000, 0x0000000713c00000|100%| O|  |TAMS 0x0000000713a00000, 0x0000000713a00000| Untracked 
| 146|0x0000000713c00000, 0x0000000713e00000, 0x0000000713e00000|100%| O|  |TAMS 0x0000000713c00000, 0x0000000713c00000| Untracked 
| 147|0x0000000713e00000, 0x0000000714000000, 0x0000000714000000|100%| O|  |TAMS 0x0000000713e00000, 0x0000000713e00000| Untracked 
| 148|0x0000000714000000, 0x0000000714200000, 0x0000000714200000|100%| O|  |TAMS 0x0000000714000000, 0x0000000714000000| Untracked 
| 149|0x0000000714200000, 0x0000000714400000, 0x0000000714400000|100%| O|  |TAMS 0x0000000714200000, 0x0000000714200000| Untracked 
| 150|0x0000000714400000, 0x0000000714600000, 0x0000000714600000|100%| O|  |TAMS 0x0000000714400000, 0x0000000714400000| Untracked 
| 151|0x0000000714600000, 0x0000000714800000, 0x0000000714800000|100%| O|  |TAMS 0x0000000714600000, 0x0000000714600000| Untracked 
| 152|0x0000000714800000, 0x0000000714a00000, 0x0000000714a00000|100%| O|  |TAMS 0x0000000714800000, 0x0000000714800000| Untracked 
| 153|0x0000000714a00000, 0x0000000714c00000, 0x0000000714c00000|100%| O|  |TAMS 0x0000000714a00000, 0x0000000714a00000| Untracked 
| 154|0x0000000714c00000, 0x0000000714e00000, 0x0000000714e00000|100%| O|  |TAMS 0x0000000714c00000, 0x0000000714c00000| Untracked 
| 155|0x0000000714e00000, 0x0000000715000000, 0x0000000715000000|100%| O|  |TAMS 0x0000000714e00000, 0x0000000714e00000| Untracked 
| 156|0x0000000715000000, 0x0000000715200000, 0x0000000715200000|100%| O|  |TAMS 0x0000000715000000, 0x0000000715000000| Untracked 
| 157|0x0000000715200000, 0x0000000715400000, 0x0000000715400000|100%| O|  |TAMS 0x0000000715200000, 0x0000000715200000| Untracked 
| 158|0x0000000715400000, 0x0000000715600000, 0x0000000715600000|100%| O|  |TAMS 0x0000000715400000, 0x0000000715400000| Untracked 
| 159|0x0000000715600000, 0x0000000715800000, 0x0000000715800000|100%| O|  |TAMS 0x0000000715600000, 0x0000000715600000| Untracked 
| 160|0x0000000715800000, 0x0000000715a00000, 0x0000000715a00000|100%| O|  |TAMS 0x0000000715800000, 0x0000000715800000| Untracked 
| 161|0x0000000715a00000, 0x0000000715c00000, 0x0000000715c00000|100%| O|  |TAMS 0x0000000715a00000, 0x0000000715a00000| Untracked 
| 162|0x0000000715c00000, 0x0000000715e00000, 0x0000000715e00000|100%| O|  |TAMS 0x0000000715c00000, 0x0000000715c00000| Untracked 
| 163|0x0000000715e00000, 0x0000000716000000, 0x0000000716000000|100%| O|  |TAMS 0x0000000715e00000, 0x0000000715e00000| Untracked 
| 164|0x0000000716000000, 0x0000000716200000, 0x0000000716200000|100%| O|  |TAMS 0x0000000716000000, 0x0000000716000000| Untracked 
| 165|0x0000000716200000, 0x0000000716400000, 0x0000000716400000|100%|HS|  |TAMS 0x0000000716200000, 0x0000000716200000| Complete 
| 166|0x0000000716400000, 0x0000000716600000, 0x0000000716600000|100%| O|  |TAMS 0x0000000716400000, 0x0000000716400000| Untracked 
| 167|0x0000000716600000, 0x0000000716800000, 0x0000000716800000|100%| O|  |TAMS 0x0000000716600000, 0x0000000716600000| Untracked 
| 168|0x0000000716800000, 0x0000000716a00000, 0x0000000716a00000|100%| O|  |TAMS 0x0000000716800000, 0x0000000716800000| Untracked 
| 169|0x0000000716a00000, 0x0000000716c00000, 0x0000000716c00000|100%| O|  |TAMS 0x0000000716a00000, 0x0000000716a00000| Untracked 
| 170|0x0000000716c00000, 0x0000000716e00000, 0x0000000716e00000|100%| O|  |TAMS 0x0000000716c00000, 0x0000000716c00000| Untracked 
| 171|0x0000000716e00000, 0x0000000717000000, 0x0000000717000000|100%| O|  |TAMS 0x0000000716e00000, 0x0000000716e00000| Untracked 
| 172|0x0000000717000000, 0x0000000717200000, 0x0000000717200000|100%| O|  |TAMS 0x0000000717000000, 0x0000000717000000| Untracked 
| 173|0x0000000717200000, 0x0000000717400000, 0x0000000717400000|100%| O|  |TAMS 0x0000000717200000, 0x0000000717200000| Untracked 
| 174|0x0000000717400000, 0x0000000717600000, 0x0000000717600000|100%| O|  |TAMS 0x0000000717400000, 0x0000000717400000| Untracked 
| 175|0x0000000717600000, 0x0000000717800000, 0x0000000717800000|100%| O|  |TAMS 0x0000000717600000, 0x0000000717600000| Untracked 
| 176|0x0000000717800000, 0x0000000717a00000, 0x0000000717a00000|100%| O|  |TAMS 0x0000000717800000, 0x0000000717800000| Untracked 
| 177|0x0000000717a00000, 0x0000000717c00000, 0x0000000717c00000|100%| O|  |TAMS 0x0000000717a00000, 0x0000000717a00000| Untracked 
| 178|0x0000000717c00000, 0x0000000717e00000, 0x0000000717e00000|100%| O|  |TAMS 0x0000000717c00000, 0x0000000717c00000| Untracked 
| 179|0x0000000717e00000, 0x0000000718000000, 0x0000000718000000|100%| O|  |TAMS 0x0000000717e00000, 0x0000000717e00000| Untracked 
| 180|0x0000000718000000, 0x0000000718200000, 0x0000000718200000|100%| O|  |TAMS 0x0000000718000000, 0x0000000718000000| Untracked 
| 181|0x0000000718200000, 0x0000000718400000, 0x0000000718400000|100%| O|  |TAMS 0x0000000718200000, 0x0000000718200000| Untracked 
| 182|0x0000000718400000, 0x0000000718600000, 0x0000000718600000|100%| O|  |TAMS 0x0000000718400000, 0x0000000718400000| Untracked 
| 183|0x0000000718600000, 0x0000000718800000, 0x0000000718800000|100%| O|  |TAMS 0x0000000718600000, 0x0000000718600000| Untracked 
| 184|0x0000000718800000, 0x0000000718a00000, 0x0000000718a00000|100%| O|  |TAMS 0x0000000718800000, 0x0000000718800000| Untracked 
| 185|0x0000000718a00000, 0x0000000718c00000, 0x0000000718c00000|100%| O|  |TAMS 0x0000000718a00000, 0x0000000718a00000| Untracked 
| 186|0x0000000718c00000, 0x0000000718e00000, 0x0000000718e00000|100%| O|  |TAMS 0x0000000718c00000, 0x0000000718c00000| Untracked 
| 187|0x0000000718e00000, 0x0000000719000000, 0x0000000719000000|100%| O|  |TAMS 0x0000000718e00000, 0x0000000718e00000| Untracked 
| 188|0x0000000719000000, 0x0000000719200000, 0x0000000719200000|100%| O|  |TAMS 0x0000000719000000, 0x0000000719000000| Untracked 
| 189|0x0000000719200000, 0x0000000719400000, 0x0000000719400000|100%| O|  |TAMS 0x0000000719200000, 0x0000000719200000| Untracked 
| 190|0x0000000719400000, 0x0000000719600000, 0x0000000719600000|100%| O|  |TAMS 0x0000000719400000, 0x0000000719400000| Untracked 
| 191|0x0000000719600000, 0x0000000719800000, 0x0000000719800000|100%| O|  |TAMS 0x0000000719600000, 0x0000000719600000| Untracked 
| 192|0x0000000719800000, 0x0000000719a00000, 0x0000000719a00000|100%| O|  |TAMS 0x0000000719800000, 0x0000000719800000| Untracked 
| 193|0x0000000719a00000, 0x0000000719c00000, 0x0000000719c00000|100%| O|  |TAMS 0x0000000719a00000, 0x0000000719a00000| Untracked 
| 194|0x0000000719c00000, 0x0000000719e00000, 0x0000000719e00000|100%| O|  |TAMS 0x0000000719c00000, 0x0000000719c00000| Untracked 
| 195|0x0000000719e00000, 0x000000071a000000, 0x000000071a000000|100%| O|  |TAMS 0x0000000719e00000, 0x0000000719e00000| Untracked 
| 196|0x000000071a000000, 0x000000071a200000, 0x000000071a200000|100%| O|  |TAMS 0x000000071a000000, 0x000000071a000000| Untracked 
| 197|0x000000071a200000, 0x000000071a400000, 0x000000071a400000|100%| O|  |TAMS 0x000000071a200000, 0x000000071a200000| Untracked 
| 198|0x000000071a400000, 0x000000071a600000, 0x000000071a600000|100%| O|  |TAMS 0x000000071a400000, 0x000000071a400000| Untracked 
| 199|0x000000071a600000, 0x000000071a800000, 0x000000071a800000|100%| O|  |TAMS 0x000000071a600000, 0x000000071a600000| Untracked 
| 200|0x000000071a800000, 0x000000071aa00000, 0x000000071aa00000|100%| O|  |TAMS 0x000000071a800000, 0x000000071a800000| Untracked 
| 201|0x000000071aa00000, 0x000000071ac00000, 0x000000071ac00000|100%| O|  |TAMS 0x000000071aa00000, 0x000000071aa00000| Untracked 
| 202|0x000000071ac00000, 0x000000071ae00000, 0x000000071ae00000|100%| O|  |TAMS 0x000000071ac00000, 0x000000071ac00000| Untracked 
| 203|0x000000071ae00000, 0x000000071b000000, 0x000000071b000000|100%| O|  |TAMS 0x000000071ae00000, 0x000000071ae00000| Untracked 
| 204|0x000000071b000000, 0x000000071b200000, 0x000000071b200000|100%| O|  |TAMS 0x000000071b000000, 0x000000071b000000| Untracked 
| 205|0x000000071b200000, 0x000000071b400000, 0x000000071b400000|100%| O|  |TAMS 0x000000071b200000, 0x000000071b200000| Untracked 
| 206|0x000000071b400000, 0x000000071b600000, 0x000000071b600000|100%| O|  |TAMS 0x000000071b400000, 0x000000071b400000| Untracked 
| 207|0x000000071b600000, 0x000000071b800000, 0x000000071b800000|100%| O|  |TAMS 0x000000071b600000, 0x000000071b600000| Untracked 
| 208|0x000000071b800000, 0x000000071ba00000, 0x000000071ba00000|100%| O|  |TAMS 0x000000071b800000, 0x000000071b800000| Untracked 
| 209|0x000000071ba00000, 0x000000071bc00000, 0x000000071bc00000|100%| O|  |TAMS 0x000000071ba00000, 0x000000071ba00000| Untracked 
| 210|0x000000071bc00000, 0x000000071be00000, 0x000000071be00000|100%| O|  |TAMS 0x000000071bc00000, 0x000000071bc00000| Untracked 
| 211|0x000000071be00000, 0x000000071c000000, 0x000000071c000000|100%| O|  |TAMS 0x000000071be00000, 0x000000071be00000| Untracked 
| 212|0x000000071c000000, 0x000000071c200000, 0x000000071c200000|100%| O|  |TAMS 0x000000071c000000, 0x000000071c000000| Untracked 
| 213|0x000000071c200000, 0x000000071c400000, 0x000000071c400000|100%| O|  |TAMS 0x000000071c200000, 0x000000071c200000| Untracked 
| 214|0x000000071c400000, 0x000000071c600000, 0x000000071c600000|100%| O|  |TAMS 0x000000071c400000, 0x000000071c400000| Untracked 
| 215|0x000000071c600000, 0x000000071c800000, 0x000000071c800000|100%| O|  |TAMS 0x000000071c600000, 0x000000071c600000| Untracked 
| 216|0x000000071c800000, 0x000000071ca00000, 0x000000071ca00000|100%| O|  |TAMS 0x000000071c800000, 0x000000071c800000| Untracked 
| 217|0x000000071ca00000, 0x000000071cc00000, 0x000000071cc00000|100%| O|  |TAMS 0x000000071ca00000, 0x000000071ca00000| Untracked 
| 218|0x000000071cc00000, 0x000000071ce00000, 0x000000071ce00000|100%| O|  |TAMS 0x000000071cc00000, 0x000000071cc00000| Untracked 
| 219|0x000000071ce00000, 0x000000071d000000, 0x000000071d000000|100%| O|  |TAMS 0x000000071ce00000, 0x000000071ce00000| Untracked 
| 220|0x000000071d000000, 0x000000071d200000, 0x000000071d200000|100%| O|  |TAMS 0x000000071d000000, 0x000000071d000000| Untracked 
| 221|0x000000071d200000, 0x000000071d400000, 0x000000071d400000|100%| O|  |TAMS 0x000000071d200000, 0x000000071d200000| Untracked 
| 222|0x000000071d400000, 0x000000071d600000, 0x000000071d600000|100%| O|  |TAMS 0x000000071d400000, 0x000000071d400000| Untracked 
| 223|0x000000071d600000, 0x000000071d800000, 0x000000071d800000|100%| O|  |TAMS 0x000000071d600000, 0x000000071d600000| Untracked 
| 224|0x000000071d800000, 0x000000071da00000, 0x000000071da00000|100%| O|  |TAMS 0x000000071d800000, 0x000000071d800000| Untracked 
| 225|0x000000071da00000, 0x000000071dc00000, 0x000000071dc00000|100%| O|  |TAMS 0x000000071da00000, 0x000000071da00000| Untracked 
| 226|0x000000071dc00000, 0x000000071de00000, 0x000000071de00000|100%| O|  |TAMS 0x000000071dc00000, 0x000000071dc00000| Untracked 
| 227|0x000000071de00000, 0x000000071e000000, 0x000000071e000000|100%| O|  |TAMS 0x000000071de00000, 0x000000071de00000| Untracked 
| 228|0x000000071e000000, 0x000000071e200000, 0x000000071e200000|100%| O|  |TAMS 0x000000071e000000, 0x000000071e000000| Untracked 
| 229|0x000000071e200000, 0x000000071e400000, 0x000000071e400000|100%| O|  |TAMS 0x000000071e200000, 0x000000071e200000| Untracked 
| 230|0x000000071e400000, 0x000000071e600000, 0x000000071e600000|100%| O|  |TAMS 0x000000071e400000, 0x000000071e400000| Untracked 
| 231|0x000000071e600000, 0x000000071e800000, 0x000000071e800000|100%| O|  |TAMS 0x000000071e600000, 0x000000071e600000| Untracked 
| 232|0x000000071e800000, 0x000000071ea00000, 0x000000071ea00000|100%| O|  |TAMS 0x000000071e800000, 0x000000071e800000| Untracked 
| 233|0x000000071ea00000, 0x000000071ec00000, 0x000000071ec00000|100%| O|  |TAMS 0x000000071ea00000, 0x000000071ea00000| Untracked 
| 234|0x000000071ec00000, 0x000000071ee00000, 0x000000071ee00000|100%| O|  |TAMS 0x000000071ec00000, 0x000000071ec00000| Untracked 
| 235|0x000000071ee00000, 0x000000071f000000, 0x000000071f000000|100%| O|  |TAMS 0x000000071ee00000, 0x000000071ee00000| Untracked 
| 236|0x000000071f000000, 0x000000071f200000, 0x000000071f200000|100%| O|  |TAMS 0x000000071f000000, 0x000000071f000000| Untracked 
| 237|0x000000071f200000, 0x000000071f400000, 0x000000071f400000|100%| O|  |TAMS 0x000000071f200000, 0x000000071f200000| Untracked 
| 238|0x000000071f400000, 0x000000071f600000, 0x000000071f600000|100%| O|  |TAMS 0x000000071f400000, 0x000000071f400000| Untracked 
| 239|0x000000071f600000, 0x000000071f800000, 0x000000071f800000|100%| O|  |TAMS 0x000000071f600000, 0x000000071f600000| Untracked 
| 240|0x000000071f800000, 0x000000071fa00000, 0x000000071fa00000|100%| O|  |TAMS 0x000000071f800000, 0x000000071f800000| Untracked 
| 241|0x000000071fa00000, 0x000000071fc00000, 0x000000071fc00000|100%| O|  |TAMS 0x000000071fa00000, 0x000000071fa00000| Untracked 
| 242|0x000000071fc00000, 0x000000071fe00000, 0x000000071fe00000|100%| O|  |TAMS 0x000000071fc00000, 0x000000071fc00000| Untracked 
| 243|0x000000071fe00000, 0x000000071ff7bc00, 0x0000000720000000| 74%| O|  |TAMS 0x000000071fe00000, 0x000000071fe00000| Untracked 
| 244|0x0000000720000000, 0x0000000720000000, 0x0000000720200000|  0%| F|  |TAMS 0x0000000720000000, 0x0000000720000000| Untracked 
| 245|0x0000000720200000, 0x0000000720200000, 0x0000000720400000|  0%| F|  |TAMS 0x0000000720200000, 0x0000000720200000| Untracked 
| 246|0x0000000720400000, 0x0000000720400000, 0x0000000720600000|  0%| F|  |TAMS 0x0000000720400000, 0x0000000720400000| Untracked 
| 247|0x0000000720600000, 0x0000000720600000, 0x0000000720800000|  0%| F|  |TAMS 0x0000000720600000, 0x0000000720600000| Untracked 
| 248|0x0000000720800000, 0x0000000720800000, 0x0000000720a00000|  0%| F|  |TAMS 0x0000000720800000, 0x0000000720800000| Untracked 
| 249|0x0000000720a00000, 0x0000000720a00000, 0x0000000720c00000|  0%| F|  |TAMS 0x0000000720a00000, 0x0000000720a00000| Untracked 
| 250|0x0000000720c00000, 0x0000000720c00000, 0x0000000720e00000|  0%| F|  |TAMS 0x0000000720c00000, 0x0000000720c00000| Untracked 
| 251|0x0000000720e00000, 0x0000000720e00000, 0x0000000721000000|  0%| F|  |TAMS 0x0000000720e00000, 0x0000000720e00000| Untracked 
| 252|0x0000000721000000, 0x0000000721000000, 0x0000000721200000|  0%| F|  |TAMS 0x0000000721000000, 0x0000000721000000| Untracked 
| 253|0x0000000721200000, 0x0000000721200000, 0x0000000721400000|  0%| F|  |TAMS 0x0000000721200000, 0x0000000721200000| Untracked 
| 254|0x0000000721400000, 0x0000000721400000, 0x0000000721600000|  0%| F|  |TAMS 0x0000000721400000, 0x0000000721400000| Untracked 
| 255|0x0000000721600000, 0x0000000721600000, 0x0000000721800000|  0%| F|  |TAMS 0x0000000721600000, 0x0000000721600000| Untracked 
| 256|0x0000000721800000, 0x0000000721800000, 0x0000000721a00000|  0%| F|  |TAMS 0x0000000721800000, 0x0000000721800000| Untracked 
| 257|0x0000000721a00000, 0x0000000721a00000, 0x0000000721c00000|  0%| F|  |TAMS 0x0000000721a00000, 0x0000000721a00000| Untracked 
| 258|0x0000000721c00000, 0x0000000721c00000, 0x0000000721e00000|  0%| F|  |TAMS 0x0000000721c00000, 0x0000000721c00000| Untracked 
| 259|0x0000000721e00000, 0x0000000721e00000, 0x0000000722000000|  0%| F|  |TAMS 0x0000000721e00000, 0x0000000721e00000| Untracked 
| 260|0x0000000722000000, 0x0000000722000000, 0x0000000722200000|  0%| F|  |TAMS 0x0000000722000000, 0x0000000722000000| Untracked 
| 261|0x0000000722200000, 0x0000000722200000, 0x0000000722400000|  0%| F|  |TAMS 0x0000000722200000, 0x0000000722200000| Untracked 
| 262|0x0000000722400000, 0x0000000722400000, 0x0000000722600000|  0%| F|  |TAMS 0x0000000722400000, 0x0000000722400000| Untracked 
| 263|0x0000000722600000, 0x0000000722600000, 0x0000000722800000|  0%| F|  |TAMS 0x0000000722600000, 0x0000000722600000| Untracked 
| 264|0x0000000722800000, 0x0000000722800000, 0x0000000722a00000|  0%| F|  |TAMS 0x0000000722800000, 0x0000000722800000| Untracked 
| 265|0x0000000722a00000, 0x0000000722a00000, 0x0000000722c00000|  0%| F|  |TAMS 0x0000000722a00000, 0x0000000722a00000| Untracked 
| 266|0x0000000722c00000, 0x0000000722c00000, 0x0000000722e00000|  0%| F|  |TAMS 0x0000000722c00000, 0x0000000722c00000| Untracked 
| 267|0x0000000722e00000, 0x0000000722fa4330, 0x0000000723000000| 82%| S|CS|TAMS 0x0000000722e00000, 0x0000000722e00000| Complete 
| 268|0x0000000723000000, 0x0000000723200000, 0x0000000723200000|100%| S|CS|TAMS 0x0000000723000000, 0x0000000723000000| Complete 
| 269|0x0000000723200000, 0x0000000723200000, 0x0000000723400000|  0%| F|  |TAMS 0x0000000723200000, 0x0000000723200000| Untracked 
| 270|0x0000000723400000, 0x0000000723400000, 0x0000000723600000|  0%| F|  |TAMS 0x0000000723400000, 0x0000000723400000| Untracked 
| 271|0x0000000723600000, 0x0000000723600000, 0x0000000723800000|  0%| F|  |TAMS 0x0000000723600000, 0x0000000723600000| Untracked 
| 272|0x0000000723800000, 0x0000000723800000, 0x0000000723a00000|  0%| F|  |TAMS 0x0000000723800000, 0x0000000723800000| Untracked 
| 273|0x0000000723a00000, 0x0000000723a00000, 0x0000000723c00000|  0%| F|  |TAMS 0x0000000723a00000, 0x0000000723a00000| Untracked 
| 274|0x0000000723c00000, 0x0000000723c00000, 0x0000000723e00000|  0%| F|  |TAMS 0x0000000723c00000, 0x0000000723c00000| Untracked 
| 275|0x0000000723e00000, 0x0000000723e00000, 0x0000000724000000|  0%| F|  |TAMS 0x0000000723e00000, 0x0000000723e00000| Untracked 
| 276|0x0000000724000000, 0x0000000724000000, 0x0000000724200000|  0%| F|  |TAMS 0x0000000724000000, 0x0000000724000000| Untracked 
| 277|0x0000000724200000, 0x0000000724200000, 0x0000000724400000|  0%| F|  |TAMS 0x0000000724200000, 0x0000000724200000| Untracked 
| 278|0x0000000724400000, 0x0000000724400000, 0x0000000724600000|  0%| F|  |TAMS 0x0000000724400000, 0x0000000724400000| Untracked 
| 279|0x0000000724600000, 0x0000000724600000, 0x0000000724800000|  0%| F|  |TAMS 0x0000000724600000, 0x0000000724600000| Untracked 
| 280|0x0000000724800000, 0x0000000724800000, 0x0000000724a00000|  0%| F|  |TAMS 0x0000000724800000, 0x0000000724800000| Untracked 
| 281|0x0000000724a00000, 0x0000000724a00000, 0x0000000724c00000|  0%| F|  |TAMS 0x0000000724a00000, 0x0000000724a00000| Untracked 
| 282|0x0000000724c00000, 0x0000000724c00000, 0x0000000724e00000|  0%| F|  |TAMS 0x0000000724c00000, 0x0000000724c00000| Untracked 

Card table byte_map: [0x00000197fd910000,0x00000197fe110000] _byte_map_base: 0x00000197fa104000

Marking Bits (Prev, Next): (CMBitMap*) 0x00000197fc491b30, (CMBitMap*) 0x00000197fc491b70
 Prev Bits: [0x0000019796870000, 0x000001979a810000)
 Next Bits: [0x000001979a810000, 0x000001979e7b0000)

Polling page: 0x00000197faba0000

Metaspace:

Usage:
  Non-class:     70.57 MB used.
      Class:      7.57 MB used.
       Both:     78.14 MB used.

Virtual space:
  Non-class space:      128.00 MB reserved,      71.38 MB ( 56%) committed,  2 nodes.
      Class space:        1.00 GB reserved,       8.25 MB ( <1%) committed,  1 nodes.
             Both:        1.12 GB reserved,      79.62 MB (  7%) committed. 

Chunk freelists:
   Non-Class:  400.00 KB
       Class:  3.78 MB
        Both:  4.17 MB

MaxMetaspaceSize: unlimited
CompressedClassSpaceSize: 1.00 GB
Initial GC threshold: 21.00 MB
Current GC threshold: 85.62 MB
CDS: on
MetaspaceReclaimPolicy: balanced
 - commit_granule_bytes: 65536.
 - commit_granule_words: 8192.
 - virtual_space_node_default_size: 8388608.
 - enlarge_chunks_in_place: 1.
 - new_chunks_are_fully_committed: 0.
 - uncommit_free_chunks: 1.
 - use_allocation_guard: 0.


Internal statistics:

num_allocs_failed_limit: 6.
num_arena_births: 1510.
num_arena_deaths: 14.
num_vsnodes_births: 3.
num_vsnodes_deaths: 0.
num_space_committed: 1274.
num_space_uncommitted: 0.
num_chunks_returned_to_freelist: 20.
num_chunks_taken_from_freelist: 5472.
num_chunk_merges: 11.
num_chunk_splits: 3322.
num_chunks_enlarged: 1868.
num_inconsistent_stats: 0.

CodeHeap 'non-profiled nmethods': size=120000Kb used=13194Kb max_used=13194Kb free=106805Kb
 bounds [0x000001978f340000, 0x0000019790030000, 0x0000019796870000]
CodeHeap 'profiled nmethods': size=120000Kb used=35555Kb max_used=35555Kb free=84444Kb
 bounds [0x0000019787e10000, 0x000001978a100000, 0x000001978f340000]
CodeHeap 'non-nmethods': size=5760Kb used=1428Kb max_used=1527Kb free=4331Kb
 bounds [0x0000019787870000, 0x0000019787ae0000, 0x0000019787e10000]
 total_blobs=15949 nmethods=15185 adapters=669
 compilation: enabled
              stopped_count=0, restarted_count=0
 full_count=0

Compilation events (20 events):
Event: 522.091 Thread 0x00000197a497b040 nmethod 20255 0x0000019789a2ff10 code [0x0000019789a30180, 0x0000019789a30af8]
Event: 522.098 Thread 0x00000197a497b040 20256   !   3       org.eclipse.jdt.internal.compiler.ast.LambdaExpression::cachedResolvedCopy (431 bytes)
Event: 522.100 Thread 0x00000197a497b040 nmethod 20256 0x000001978a0f0190 code [0x000001978a0f0640, 0x000001978a0f39c8]
Event: 522.101 Thread 0x00000197a497b040 20257       3       org.eclipse.jdt.internal.compiler.codegen.CodeStream::createOperandStack (68 bytes)
Event: 522.101 Thread 0x00000197a497b040 nmethod 20257 0x0000019789686a10 code [0x0000019789686c40, 0x0000019789687668]
Event: 522.101 Thread 0x00000197a497b040 20258       3       java.util.Calendar$Builder::build (641 bytes)
Event: 522.103 Thread 0x00000197a497b040 nmethod 20258 0x000001978a0f4790 code [0x000001978a0f4c60, 0x000001978a0f7388]
Event: 522.121 Thread 0x00000197a88ba940 nmethod 20250 0x0000019790017790 code [0x00000197900179c0, 0x0000019790018d88]
Event: 522.121 Thread 0x00000197a88ba940 20239       4       org.eclipse.jdt.internal.core.JavaProject::getClasspathEntryFor (79 bytes)
Event: 522.170 Thread 0x00000197a88ba940 nmethod 20239 0x0000019790019b90 code [0x0000019790019de0, 0x000001979001b4b8]
Event: 522.170 Thread 0x00000197a88ba940 20248       4       org.eclipse.jdt.internal.compiler.lookup.PackageBinding::getPackage0Any (12 bytes)
Event: 522.186 Thread 0x00000197a88ba940 nmethod 20248 0x000001979001c410 code [0x000001979001c5c0, 0x000001979001cd58]
Event: 522.187 Thread 0x00000197a88ba940 20246       4       org.eclipse.jdt.internal.core.JavaModelCache::peekAtInfo (156 bytes)
Event: 522.289 Thread 0x00000197a88ba940 nmethod 20246 0x000001979001d310 code [0x000001979001d640, 0x00000197900200f0]
Event: 522.289 Thread 0x00000197a88ba940 20261       4       org.eclipse.jdt.internal.compiler.util.Util::scanTypeArgumentSignature (62 bytes)
Event: 522.298 Thread 0x00000197a88ba940 nmethod 20261 0x0000019790021790 code [0x0000019790021980, 0x0000019790021f80]
Event: 522.298 Thread 0x00000197a88ba940 20260       4       org.eclipse.jdt.internal.core.JavaProject::getElementName (10 bytes)
Event: 522.300 Thread 0x00000197a88ba940 nmethod 20260 0x0000019790022490 code [0x0000019790022620, 0x0000019790022738]
Event: 522.300 Thread 0x00000197a88ba940 20259       4       org.eclipse.jdt.internal.core.NameLookup::seekTypes (13 bytes)
Event: 522.300 Thread 0x00000197a88ba940 nmethod 20259 0x0000019790022890 code [0x0000019790022a20, 0x0000019790022ac8]

GC Heap History (20 events):
Event: 503.651 GC heap after
{Heap after GC invocations=80 (full 0):
 garbage-first heap   total 579584K, used 455440K [0x0000000701800000, 0x0000000800000000)
  region size 2048K, 1 young (2048K), 1 survivors (2048K)
 Metaspace       used 79379K, committed 80960K, reserved 1179648K
  class space    used 7725K, committed 8448K, reserved 1048576K
}
Event: 504.548 GC heap before
{Heap before GC invocations=80 (full 0):
 garbage-first heap   total 579584K, used 506640K [0x0000000701800000, 0x0000000800000000)
  region size 2048K, 27 young (55296K), 1 survivors (2048K)
 Metaspace       used 79638K, committed 81152K, reserved 1179648K
  class space    used 7740K, committed 8448K, reserved 1048576K
}
Event: 504.556 GC heap after
{Heap after GC invocations=81 (full 0):
 garbage-first heap   total 579584K, used 466770K [0x0000000701800000, 0x0000000800000000)
  region size 2048K, 4 young (8192K), 4 survivors (8192K)
 Metaspace       used 79638K, committed 81152K, reserved 1179648K
  class space    used 7740K, committed 8448K, reserved 1048576K
}
Event: 504.824 GC heap before
{Heap before GC invocations=81 (full 0):
 garbage-first heap   total 579584K, used 501586K [0x0000000701800000, 0x0000000800000000)
  region size 2048K, 22 young (45056K), 4 survivors (8192K)
 Metaspace       used 79638K, committed 81216K, reserved 1179648K
  class space    used 7740K, committed 8448K, reserved 1048576K
}
Event: 504.840 GC heap after
{Heap after GC invocations=82 (full 0):
 garbage-first heap   total 579584K, used 481779K [0x0000000701800000, 0x0000000800000000)
  region size 2048K, 3 young (6144K), 3 survivors (6144K)
 Metaspace       used 79638K, committed 81216K, reserved 1179648K
  class space    used 7740K, committed 8448K, reserved 1048576K
}
Event: 505.092 GC heap before
{Heap before GC invocations=82 (full 0):
 garbage-first heap   total 579584K, used 504307K [0x0000000701800000, 0x0000000800000000)
  region size 2048K, 14 young (28672K), 3 survivors (6144K)
 Metaspace       used 79736K, committed 81280K, reserved 1179648K
  class space    used 7744K, committed 8448K, reserved 1048576K
}
Event: 505.102 GC heap after
{Heap after GC invocations=83 (full 0):
 garbage-first heap   total 579584K, used 486871K [0x0000000701800000, 0x0000000800000000)
  region size 2048K, 2 young (4096K), 2 survivors (4096K)
 Metaspace       used 79736K, committed 81280K, reserved 1179648K
  class space    used 7744K, committed 8448K, reserved 1048576K
}
Event: 505.925 GC heap before
{Heap before GC invocations=83 (full 0):
 garbage-first heap   total 579584K, used 509399K [0x0000000701800000, 0x0000000800000000)
  region size 2048K, 14 young (28672K), 2 survivors (4096K)
 Metaspace       used 79760K, committed 81280K, reserved 1179648K
  class space    used 7745K, committed 8448K, reserved 1048576K
}
Event: 505.929 GC heap after
{Heap after GC invocations=84 (full 0):
 garbage-first heap   total 579584K, used 488091K [0x0000000701800000, 0x0000000800000000)
  region size 2048K, 2 young (4096K), 2 survivors (4096K)
 Metaspace       used 79760K, committed 81280K, reserved 1179648K
  class space    used 7745K, committed 8448K, reserved 1048576K
}
Event: 513.250 GC heap before
{Heap before GC invocations=84 (full 0):
 garbage-first heap   total 579584K, used 512667K [0x0000000701800000, 0x0000000800000000)
  region size 2048K, 14 young (28672K), 2 survivors (4096K)
 Metaspace       used 79802K, committed 81344K, reserved 1179648K
  class space    used 7745K, committed 8448K, reserved 1048576K
}
Event: 513.253 GC heap after
{Heap after GC invocations=85 (full 0):
 garbage-first heap   total 579584K, used 489088K [0x0000000701800000, 0x0000000800000000)
  region size 2048K, 1 young (2048K), 1 survivors (2048K)
 Metaspace       used 79802K, committed 81344K, reserved 1179648K
  class space    used 7745K, committed 8448K, reserved 1048576K
}
Event: 520.684 GC heap before
{Heap before GC invocations=85 (full 0):
 garbage-first heap   total 579584K, used 515712K [0x0000000701800000, 0x0000000800000000)
  region size 2048K, 14 young (28672K), 1 survivors (2048K)
 Metaspace       used 79933K, committed 81472K, reserved 1179648K
  class space    used 7751K, committed 8448K, reserved 1048576K
}
Event: 520.686 GC heap after
{Heap after GC invocations=86 (full 0):
 garbage-first heap   total 579584K, used 489070K [0x0000000701800000, 0x0000000800000000)
  region size 2048K, 1 young (2048K), 1 survivors (2048K)
 Metaspace       used 79933K, committed 81472K, reserved 1179648K
  class space    used 7751K, committed 8448K, reserved 1048576K
}
Event: 521.961 GC heap before
{Heap before GC invocations=86 (full 0):
 garbage-first heap   total 579584K, used 515694K [0x0000000701800000, 0x0000000800000000)
  region size 2048K, 14 young (28672K), 1 survivors (2048K)
 Metaspace       used 80002K, committed 81536K, reserved 1179648K
  class space    used 7755K, committed 8448K, reserved 1048576K
}
Event: 521.964 GC heap after
{Heap after GC invocations=87 (full 0):
 garbage-first heap   total 579584K, used 489293K [0x0000000701800000, 0x0000000800000000)
  region size 2048K, 1 young (2048K), 1 survivors (2048K)
 Metaspace       used 80002K, committed 81536K, reserved 1179648K
  class space    used 7755K, committed 8448K, reserved 1048576K
}
Event: 522.058 GC heap before
{Heap before GC invocations=87 (full 0):
 garbage-first heap   total 579584K, used 515917K [0x0000000701800000, 0x0000000800000000)
  region size 2048K, 14 young (28672K), 1 survivors (2048K)
 Metaspace       used 80006K, committed 81536K, reserved 1179648K
  class space    used 7755K, committed 8448K, reserved 1048576K
}
Event: 522.065 GC heap after
{Heap after GC invocations=88 (full 0):
 garbage-first heap   total 579584K, used 494588K [0x0000000701800000, 0x0000000800000000)
  region size 2048K, 2 young (4096K), 2 survivors (4096K)
 Metaspace       used 80006K, committed 81536K, reserved 1179648K
  class space    used 7755K, committed 8448K, reserved 1048576K
}
Event: 522.135 GC heap before
{Heap before GC invocations=88 (full 0):
 garbage-first heap   total 579584K, used 519164K [0x0000000701800000, 0x0000000800000000)
  region size 2048K, 14 young (28672K), 2 survivors (4096K)
 Metaspace       used 80019K, committed 81536K, reserved 1179648K
  class space    used 7755K, committed 8448K, reserved 1048576K
}
Event: 522.143 GC heap after
{Heap after GC invocations=89 (full 0):
 garbage-first heap   total 579584K, used 498876K [0x0000000701800000, 0x0000000800000000)
  region size 2048K, 2 young (4096K), 2 survivors (4096K)
 Metaspace       used 80019K, committed 81536K, reserved 1179648K
  class space    used 7755K, committed 8448K, reserved 1048576K
}
Event: 522.326 GC heap before
{Heap before GC invocations=89 (full 0):
 garbage-first heap   total 579584K, used 523452K [0x0000000701800000, 0x0000000800000000)
  region size 2048K, 14 young (28672K), 2 survivors (4096K)
 Metaspace       used 80019K, committed 81536K, reserved 1179648K
  class space    used 7755K, committed 8448K, reserved 1048576K
}

Deoptimization events (20 events):
Event: 521.371 Thread 0x00000197a85fd8b0 Uncommon trap: trap_request=0xffffff45 fr.pc=0x000001978f63f7d8 relative=0x0000000000001f78
Event: 521.371 Thread 0x00000197a85fd8b0 Uncommon trap: reason=unstable_if action=reinterpret pc=0x000001978f63f7d8 method=org.eclipse.jdt.internal.compiler.lookup.LookupEnvironment.computePackageFrom([[CZ)Lorg/eclipse/jdt/internal/compiler/lookup/PackageBinding; @ 3 c2
Event: 521.371 Thread 0x00000197a85fd8b0 DEOPT PACKING pc=0x000001978f63f7d8 sp=0x0000008f2a8fdb00
Event: 521.371 Thread 0x00000197a85fd8b0 DEOPT UNPACKING pc=0x00000197878c23a3 sp=0x0000008f2a8fda90 mode 2
Event: 521.371 Thread 0x00000197a85fd8b0 Uncommon trap: trap_request=0xffffff45 fr.pc=0x000001978f9777a8 relative=0x0000000000000b48
Event: 521.371 Thread 0x00000197a85fd8b0 Uncommon trap: reason=unstable_if action=reinterpret pc=0x000001978f9777a8 method=org.eclipse.jdt.internal.compiler.lookup.LookupEnvironment.getTypeFromCompoundName([[CZZ)Lorg/eclipse/jdt/internal/compiler/lookup/ReferenceBinding; @ 62 c2
Event: 521.371 Thread 0x00000197a85fd8b0 DEOPT PACKING pc=0x000001978f9777a8 sp=0x0000008f2a8fdba0
Event: 521.371 Thread 0x00000197a85fd8b0 DEOPT UNPACKING pc=0x00000197878c23a3 sp=0x0000008f2a8fdb80 mode 2
Event: 521.371 Thread 0x00000197a85fd8b0 Uncommon trap: trap_request=0xffffff45 fr.pc=0x000001978fe7836c relative=0x00000000000005cc
Event: 521.371 Thread 0x00000197a85fd8b0 Uncommon trap: reason=unstable_if action=reinterpret pc=0x000001978fe7836c method=org.eclipse.jdt.internal.compiler.lookup.BinaryTypeBinding.isPreviewFeature([C)Z @ 9 c2
Event: 521.371 Thread 0x00000197a85fd8b0 DEOPT PACKING pc=0x000001978fe7836c sp=0x0000008f2a8fdf70
Event: 521.371 Thread 0x00000197a85fd8b0 DEOPT UNPACKING pc=0x00000197878c23a3 sp=0x0000008f2a8fdf30 mode 2
Event: 521.955 Thread 0x00000197a8104da0 Uncommon trap: trap_request=0xffffffde fr.pc=0x0000019790008360 relative=0x0000000000000fe0
Event: 521.955 Thread 0x00000197a8104da0 Uncommon trap: reason=class_check action=maybe_recompile pc=0x0000019790008360 method=org.eclipse.jdt.internal.compiler.parser.Parser.consumeRule(I)V @ 6336 c2
Event: 521.955 Thread 0x00000197a8104da0 DEOPT PACKING pc=0x0000019790008360 sp=0x0000008f281fcf50
Event: 521.955 Thread 0x00000197a8104da0 DEOPT UNPACKING pc=0x00000197878c23a3 sp=0x0000008f281fcec8 mode 2
Event: 521.967 Thread 0x00000197a8104da0 Uncommon trap: trap_request=0xffffff45 fr.pc=0x000001978ff825c8 relative=0x0000000000003a28
Event: 521.967 Thread 0x00000197a8104da0 Uncommon trap: reason=unstable_if action=reinterpret pc=0x000001978ff825c8 method=org.eclipse.jdt.internal.core.NameLookup.seekTypesInBinaryPackage(Ljava/lang/String;Lorg/eclipse/jdt/core/IPackageFragment;ZILorg/eclipse/jdt/internal/core/IJavaElementReque
Event: 521.967 Thread 0x00000197a8104da0 DEOPT PACKING pc=0x000001978ff825c8 sp=0x0000008f281fd910
Event: 521.967 Thread 0x00000197a8104da0 DEOPT UNPACKING pc=0x00000197878c23a3 sp=0x0000008f281fd8b8 mode 2

Classes loaded (20 events):
Event: 309.558 Loading class java/util/stream/Nodes$CollectorTask$OfRef
Event: 309.558 Loading class java/util/stream/Nodes$CollectorTask
Event: 309.558 Loading class java/util/stream/Nodes$CollectorTask done
Event: 309.558 Loading class java/util/stream/Nodes$CollectorTask$OfRef done
Event: 309.559 Loading class java/util/function/LongFunction
Event: 309.559 Loading class java/util/function/LongFunction done
Event: 309.559 Loading class java/util/stream/Nodes$ConcNode
Event: 309.559 Loading class java/util/stream/Nodes$AbstractConcNode
Event: 309.559 Loading class java/util/stream/Nodes$AbstractConcNode done
Event: 309.559 Loading class java/util/stream/Nodes$ConcNode done
Event: 309.566 Loading class java/io/ObjectOutputStream$BlockDataOutputStream
Event: 309.567 Loading class java/io/ObjectOutputStream$BlockDataOutputStream done
Event: 309.567 Loading class java/io/ObjectOutputStream$HandleTable
Event: 309.567 Loading class java/io/ObjectOutputStream$HandleTable done
Event: 309.567 Loading class java/io/ObjectOutputStream$ReplaceTable
Event: 309.567 Loading class java/io/ObjectOutputStream$ReplaceTable done
Event: 445.110 Loading class java/io/CharArrayReader
Event: 445.110 Loading class java/io/CharArrayReader done
Event: 445.111 Loading class java/util/regex/Pattern$Bound
Event: 445.111 Loading class java/util/regex/Pattern$Bound done

Classes unloaded (7 events):
Event: 7.859 Thread 0x00000197fd0f6f10 Unloading class 0x0000000800db4800 'java/lang/invoke/LambdaForm$MH+0x0000000800db4800'
Event: 7.859 Thread 0x00000197fd0f6f10 Unloading class 0x0000000800db4400 'java/lang/invoke/LambdaForm$MH+0x0000000800db4400'
Event: 7.859 Thread 0x00000197fd0f6f10 Unloading class 0x0000000800db4000 'java/lang/invoke/LambdaForm$MH+0x0000000800db4000'
Event: 7.859 Thread 0x00000197fd0f6f10 Unloading class 0x0000000800db3c00 'java/lang/invoke/LambdaForm$MH+0x0000000800db3c00'
Event: 7.859 Thread 0x00000197fd0f6f10 Unloading class 0x0000000800db3800 'java/lang/invoke/LambdaForm$BMH+0x0000000800db3800'
Event: 7.859 Thread 0x00000197fd0f6f10 Unloading class 0x0000000800db3400 'java/lang/invoke/LambdaForm$DMH+0x0000000800db3400'
Event: 7.859 Thread 0x00000197fd0f6f10 Unloading class 0x0000000800db2000 'java/lang/invoke/LambdaForm$DMH+0x0000000800db2000'

Classes redefined (0 events):
No events

Internal exceptions (20 events):
Event: 501.938 Thread 0x00000197a5c1a550 Exception <a 'sun/nio/fs/WindowsException'{0x0000000723650178}> (0x0000000723650178) 
thrown [s\open\src\hotspot\share\prims\jni.cpp, line 516]
Event: 504.083 Thread 0x00000197a85fe250 Exception <a 'java/lang/ArrayIndexOutOfBoundsException'{0x00000007242a9a00}> (0x00000007242a9a00) 
thrown [s\open\src\hotspot\share\runtime\sharedRuntime.cpp, line 625]
Event: 504.083 Thread 0x00000197a85fe250 Exception <a 'java/lang/ArrayIndexOutOfBoundsException'{0x00000007242aa030}> (0x00000007242aa030) 
thrown [s\open\src\hotspot\share\runtime\sharedRuntime.cpp, line 625]
Event: 504.083 Thread 0x00000197a85fe250 Exception <a 'java/lang/ArrayIndexOutOfBoundsException'{0x00000007242aa3b8}> (0x00000007242aa3b8) 
thrown [s\open\src\hotspot\share\runtime\sharedRuntime.cpp, line 625]
Event: 504.174 Thread 0x00000197a5c1a550 Exception <a 'sun/nio/fs/WindowsException'{0x00000007246a3640}> (0x00000007246a3640) 
thrown [s\open\src\hotspot\share\prims\jni.cpp, line 516]
Event: 504.194 Thread 0x00000197a85fe250 Implicit null exception at 0x000001978fb62049 to 0x000001978fb625d0
Event: 504.955 Thread 0x00000197a85f9a20 Exception <a 'java/lang/ArrayIndexOutOfBoundsException'{0x0000000724285250}> (0x0000000724285250) 
thrown [s\open\src\hotspot\share\runtime\sharedRuntime.cpp, line 625]
Event: 504.955 Thread 0x00000197a85f9a20 Exception <a 'java/lang/ArrayIndexOutOfBoundsException'{0x0000000724285880}> (0x0000000724285880) 
thrown [s\open\src\hotspot\share\runtime\sharedRuntime.cpp, line 625]
Event: 504.955 Thread 0x00000197a85f9a20 Exception <a 'java/lang/ArrayIndexOutOfBoundsException'{0x0000000724285c08}> (0x0000000724285c08) 
thrown [s\open\src\hotspot\share\runtime\sharedRuntime.cpp, line 625]
Event: 505.106 Thread 0x00000197a85fe250 Implicit null exception at 0x000001978f98dc9d to 0x000001978f98feb4
Event: 505.158 Thread 0x00000197a5c1a550 Exception <a 'sun/nio/fs/WindowsException'{0x00000007249641d8}> (0x00000007249641d8) 
thrown [s\open\src\hotspot\share\prims\jni.cpp, line 516]
Event: 520.629 Thread 0x00000197a85febf0 Exception <a 'java/lang/ArrayIndexOutOfBoundsException'{0x0000000723cef1f8}: Index 2066 out of bounds for length 2066> (0x0000000723cef1f8) 
thrown [s\open\src\hotspot\share\interpreter\interpreterRuntime.cpp, line 431]
Event: 520.629 Thread 0x00000197a85febf0 Exception <a 'java/lang/ArrayIndexOutOfBoundsException'{0x0000000723cef828}: Index 2066 out of bounds for length 2066> (0x0000000723cef828) 
thrown [s\open\src\hotspot\share\interpreter\interpreterRuntime.cpp, line 431]
Event: 520.629 Thread 0x00000197a85febf0 Exception <a 'java/lang/ArrayIndexOutOfBoundsException'{0x0000000723cefe08}: Index 2067 out of bounds for length 2066> (0x0000000723cefe08) 
thrown [s\open\src\hotspot\share\interpreter\interpreterRuntime.cpp, line 431]
Event: 520.709 Thread 0x00000197a8104da0 Exception <a 'java/lang/ArrayIndexOutOfBoundsException'{0x0000000724d4dfb0}> (0x0000000724d4dfb0) 
thrown [s\open\src\hotspot\share\runtime\sharedRuntime.cpp, line 625]
Event: 520.709 Thread 0x00000197a8104da0 Exception <a 'java/lang/ArrayIndexOutOfBoundsException'{0x0000000724d4e5e0}> (0x0000000724d4e5e0) 
thrown [s\open\src\hotspot\share\runtime\sharedRuntime.cpp, line 625]
Event: 520.709 Thread 0x00000197a8104da0 Exception <a 'java/lang/ArrayIndexOutOfBoundsException'{0x0000000724d4e968}> (0x0000000724d4e968) 
thrown [s\open\src\hotspot\share\runtime\sharedRuntime.cpp, line 625]
Event: 521.681 Thread 0x00000197a8104da0 Exception <a 'java/lang/ArrayIndexOutOfBoundsException'{0x00000007237c9538}> (0x00000007237c9538) 
thrown [s\open\src\hotspot\share\runtime\sharedRuntime.cpp, line 625]
Event: 521.681 Thread 0x00000197a8104da0 Exception <a 'java/lang/ArrayIndexOutOfBoundsException'{0x00000007237c9b68}> (0x00000007237c9b68) 
thrown [s\open\src\hotspot\share\runtime\sharedRuntime.cpp, line 625]
Event: 521.681 Thread 0x00000197a8104da0 Exception <a 'java/lang/ArrayIndexOutOfBoundsException'{0x00000007237c9ef0}> (0x00000007237c9ef0) 
thrown [s\open\src\hotspot\share\runtime\sharedRuntime.cpp, line 625]

VM Operations (20 events):
Event: 515.259 Executing VM operation: Cleanup done
Event: 520.077 Executing VM operation: HandshakeAllThreads
Event: 520.078 Executing VM operation: HandshakeAllThreads done
Event: 520.078 Executing VM operation: Cleanup
Event: 520.078 Executing VM operation: Cleanup done
Event: 520.625 Executing VM operation: HandshakeAllThreads
Event: 520.625 Executing VM operation: HandshakeAllThreads done
Event: 520.683 Executing VM operation: G1CollectForAllocation
Event: 520.686 Executing VM operation: G1CollectForAllocation done
Event: 521.240 Executing VM operation: HandshakeAllThreads
Event: 521.248 Executing VM operation: HandshakeAllThreads done
Event: 521.933 Executing VM operation: ICBufferFull
Event: 521.933 Executing VM operation: ICBufferFull done
Event: 521.961 Executing VM operation: G1CollectForAllocation
Event: 521.964 Executing VM operation: G1CollectForAllocation done
Event: 522.058 Executing VM operation: G1CollectForAllocation
Event: 522.065 Executing VM operation: G1CollectForAllocation done
Event: 522.135 Executing VM operation: G1CollectForAllocation
Event: 522.143 Executing VM operation: G1CollectForAllocation done
Event: 522.326 Executing VM operation: G1CollectForAllocation

Events (20 events):
Event: 511.032 Thread 0x00000197a9f16780 Thread exited: 0x00000197a9f16780
Event: 513.230 Thread 0x00000197a92b69e0 Thread added: 0x00000197a92b69e0
Event: 514.287 Thread 0x00000197a92b69e0 Thread exited: 0x00000197a92b69e0
Event: 520.692 Thread 0x00000197a9f15850 Thread added: 0x00000197a9f15850
Event: 520.985 Thread 0x00000197a9f15850 Thread exited: 0x00000197a9f15850
Event: 521.253 Thread 0x00000197a497f560 flushing nmethod 0x000001978fd38710
Event: 521.273 Thread 0x00000197a497f560 flushing nmethod 0x0000019789169a90
Event: 521.273 Thread 0x00000197a497f560 flushing nmethod 0x00000197891d2410
Event: 521.273 Thread 0x00000197a497f560 flushing nmethod 0x00000197891fe510
Event: 521.274 Thread 0x00000197a497f560 flushing nmethod 0x000001978922e590
Event: 521.274 Thread 0x00000197a497f560 flushing nmethod 0x0000019789268e90
Event: 521.276 Thread 0x00000197a497f560 flushing nmethod 0x0000019789474490
Event: 521.276 Thread 0x00000197a497f560 flushing nmethod 0x000001978948c090
Event: 521.276 Thread 0x00000197a497f560 flushing nmethod 0x0000019789518010
Event: 521.278 Thread 0x00000197a497f560 flushing nmethod 0x000001978967d510
Event: 521.278 Thread 0x00000197a497f560 flushing nmethod 0x0000019789682210
Event: 521.283 Thread 0x00000197a497f560 flushing nmethod 0x0000019789b86710
Event: 521.411 Thread 0x00000197a92b3c50 Thread added: 0x00000197a92b3c50
Event: 521.632 Thread 0x00000197a92b3c50 Thread exited: 0x00000197a92b3c50
Event: 522.069 Thread 0x00000197a88ba940 Thread added: 0x00000197a88ba940


Dynamic libraries:
0x00007ff6e3190000 - 0x00007ff6e31a0000 	C:\Program Files\Java\jdk-18.0.2.1\bin\java.exe
0x00007ffc06f00000 - 0x00007ffc07109000 	C:\WINDOWS\SYSTEM32\ntdll.dll
0x00007ffc05d90000 - 0x00007ffc05e4d000 	C:\WINDOWS\System32\KERNEL32.DLL
0x00007ffc046c0000 - 0x00007ffc04a44000 	C:\WINDOWS\System32\KERNELBASE.dll
0x00007ffc04ad0000 - 0x00007ffc04be1000 	C:\WINDOWS\System32\ucrtbase.dll
0x00007ffbe1710000 - 0x00007ffbe1728000 	C:\Program Files\Java\jdk-18.0.2.1\bin\jli.dll
0x00007ffc05ae0000 - 0x00007ffc05b8e000 	C:\WINDOWS\System32\ADVAPI32.dll
0x00007ffc05120000 - 0x00007ffc051c3000 	C:\WINDOWS\System32\msvcrt.dll
0x00007ffc05f50000 - 0x00007ffc05fee000 	C:\WINDOWS\System32\sechost.dll
0x00007ffc06010000 - 0x00007ffc06131000 	C:\WINDOWS\System32\RPCRT4.dll
0x00007ffc05b90000 - 0x00007ffc05d3d000 	C:\WINDOWS\System32\USER32.dll
0x00007ffc04d20000 - 0x00007ffc04d46000 	C:\WINDOWS\System32\win32u.dll
0x00007ffbdff60000 - 0x00007ffbdff7a000 	C:\Program Files\Java\jdk-18.0.2.1\bin\VCRUNTIME140.dll
0x00007ffc05d40000 - 0x00007ffc05d6a000 	C:\WINDOWS\System32\GDI32.dll
0x00007ffc045a0000 - 0x00007ffc046be000 	C:\WINDOWS\System32\gdi32full.dll
0x00007ffc04500000 - 0x00007ffc0459d000 	C:\WINDOWS\System32\msvcp_win.dll
0x00007ffc03d40000 - 0x00007ffc03d4a000 	C:\WINDOWS\SYSTEM32\VERSION.dll
0x00007ffbf5f70000 - 0x00007ffbf6215000 	C:\WINDOWS\WinSxS\amd64_microsoft.windows.common-controls_6595b64144ccf1df_6.0.22000.120_none_9d947278b86cc467\COMCTL32.dll
0x00007ffc06e80000 - 0x00007ffc06eb1000 	C:\WINDOWS\System32\IMM32.DLL
0x00007ffc03d50000 - 0x00007ffc03e47000 	C:\Windows\system32\guard64.dll
0x00007ffc069f0000 - 0x00007ffc06b8a000 	C:\WINDOWS\System32\ole32.dll
0x00007ffc05760000 - 0x00007ffc05ad6000 	C:\WINDOWS\System32\combase.dll
0x00007ffc03d30000 - 0x00007ffc03d3b000 	C:\WINDOWS\system32\fltlib.dll
0x00007ffc061c0000 - 0x00007ffc06985000 	C:\WINDOWS\System32\shell32.dll
0x00007ffbe95a0000 - 0x00007ffbe95ac000 	C:\Program Files\Java\jdk-18.0.2.1\bin\vcruntime140_1.dll
0x00007ffbbe000000 - 0x00007ffbbe08d000 	C:\Program Files\Java\jdk-18.0.2.1\bin\msvcp140.dll
0x00007ffbbd3e0000 - 0x00007ffbbdff1000 	C:\Program Files\Java\jdk-18.0.2.1\bin\server\jvm.dll
0x00007ffc05f40000 - 0x00007ffc05f48000 	C:\WINDOWS\System32\PSAPI.DLL
0x00007ffbe78f0000 - 0x00007ffbe78f9000 	C:\WINDOWS\SYSTEM32\WSOCK32.dll
0x00007ffc05020000 - 0x00007ffc0508f000 	C:\WINDOWS\System32\WS2_32.dll
0x00007ffbfb9f0000 - 0x00007ffbfba23000 	C:\WINDOWS\SYSTEM32\WINMM.dll
0x00007ffc03240000 - 0x00007ffc03258000 	C:\WINDOWS\SYSTEM32\kernel.appcore.dll
0x00007ffbe1580000 - 0x00007ffbe158a000 	C:\Program Files\Java\jdk-18.0.2.1\bin\jimage.dll
0x00007ffc01f40000 - 0x00007ffc02161000 	C:\WINDOWS\SYSTEM32\DBGHELP.DLL
0x00007ffbe8c40000 - 0x00007ffbe8c71000 	C:\WINDOWS\SYSTEM32\dbgcore.DLL
0x00007ffc04a50000 - 0x00007ffc04acf000 	C:\WINDOWS\System32\bcryptPrimitives.dll
0x00007ffbe09e0000 - 0x00007ffbe09ee000 	C:\Program Files\Java\jdk-18.0.2.1\bin\instrument.dll
0x00007ffbd9100000 - 0x00007ffbd9125000 	C:\Program Files\Java\jdk-18.0.2.1\bin\java.dll
0x00007ffbbd300000 - 0x00007ffbbd3d6000 	C:\Program Files\Java\jdk-18.0.2.1\bin\jsvml.dll
0x00007ffc02300000 - 0x00007ffc02b62000 	C:\WINDOWS\SYSTEM32\windows.storage.dll
0x00007ffc02190000 - 0x00007ffc022f7000 	C:\WINDOWS\SYSTEM32\wintypes.dll
0x00007ffc04e40000 - 0x00007ffc04f2a000 	C:\WINDOWS\System32\SHCORE.dll
0x00007ffc06990000 - 0x00007ffc069ed000 	C:\WINDOWS\System32\shlwapi.dll
0x00007ffc042c0000 - 0x00007ffc042e5000 	C:\WINDOWS\SYSTEM32\profapi.dll
0x00007ffbd9060000 - 0x00007ffbd9078000 	C:\Program Files\Java\jdk-18.0.2.1\bin\zip.dll
0x00007ffbd9040000 - 0x00007ffbd9053000 	C:\Program Files\Java\jdk-18.0.2.1\bin\net.dll
0x00007ffbfeeb0000 - 0x00007ffbfefc4000 	C:\WINDOWS\SYSTEM32\WINHTTP.dll
0x00007ffc03740000 - 0x00007ffc037a7000 	C:\WINDOWS\system32\mswsock.dll
0x00007ffbd8270000 - 0x00007ffbd8286000 	C:\Program Files\Java\jdk-18.0.2.1\bin\nio.dll
0x00007ffbd9900000 - 0x00007ffbd9910000 	C:\Program Files\Java\jdk-18.0.2.1\bin\verify.dll
0x00007ffbf19d0000 - 0x00007ffbf1a15000 	C:\Users\hyper\AppData\Roaming\Code\User\globalStorage\redhat.java\1.38.0\config_win\org.eclipse.equinox.launcher\org.eclipse.equinox.launcher.win32.win32.x86_64_1.2.1100.v20240722-2106\eclipse_11904.dll
0x00007ffc03e60000 - 0x00007ffc03e78000 	C:\WINDOWS\SYSTEM32\CRYPTSP.dll
0x00007ffc03200000 - 0x00007ffc03235000 	C:\WINDOWS\system32\rsaenh.dll
0x00007ffc037e0000 - 0x00007ffc0380c000 	C:\WINDOWS\SYSTEM32\USERENV.dll
0x00007ffc03ea0000 - 0x00007ffc03ec7000 	C:\WINDOWS\SYSTEM32\bcrypt.dll
0x00007ffc03930000 - 0x00007ffc0393c000 	C:\WINDOWS\SYSTEM32\CRYPTBASE.dll
0x00007ffc02dc0000 - 0x00007ffc02ded000 	C:\WINDOWS\SYSTEM32\IPHLPAPI.DLL
0x00007ffc05010000 - 0x00007ffc05019000 	C:\WINDOWS\System32\NSI.dll
0x00007ffbfebf0000 - 0x00007ffbfec09000 	C:\WINDOWS\SYSTEM32\dhcpcsvc6.DLL
0x00007ffbff3f0000 - 0x00007ffbff40e000 	C:\WINDOWS\SYSTEM32\dhcpcsvc.DLL
0x00007ffc02e30000 - 0x00007ffc02f17000 	C:\WINDOWS\SYSTEM32\DNSAPI.dll
0x00007ffbe0c30000 - 0x00007ffbe0c79000 	C:\Users\hyper\AppData\Local\Temp\jna-99761772\jna6167454460663680697.dll
0x00007ffc032c0000 - 0x00007ffc032f4000 	C:\WINDOWS\SYSTEM32\ntmarta.dll

dbghelp: loaded successfully - version: 4.0.5 - missing functions: none
symbol engine: initialized successfully - sym options: 0x614 - pdb path: .;C:\Program Files\Java\jdk-18.0.2.1\bin;C:\WINDOWS\SYSTEM32;C:\WINDOWS\WinSxS\amd64_microsoft.windows.common-controls_6595b64144ccf1df_6.0.22000.120_none_9d947278b86cc467;C:\Program Files\Java\jdk-18.0.2.1\bin\server;C:\Users\hyper\AppData\Roaming\Code\User\globalStorage\redhat.java\1.38.0\config_win\org.eclipse.equinox.launcher\org.eclipse.equinox.launcher.win32.win32.x86_64_1.2.1100.v20240722-2106;C:\Users\hyper\AppData\Local\Temp\jna-99761772

VM Arguments:
jvm_args: --add-modules=ALL-SYSTEM --add-opens=java.base/java.util=ALL-UNNAMED --add-opens=java.base/java.lang=ALL-UNNAMED --add-opens=java.base/sun.nio.fs=ALL-UNNAMED -Declipse.application=org.eclipse.jdt.ls.core.id1 -Dosgi.bundles.defaultStartLevel=4 -Declipse.product=org.eclipse.jdt.ls.core.product -Djava.import.generatesMetadataFilesAtProjectRoot=false -DDetectVMInstallationsJob.disabled=true -Dfile.encoding=utf8 -Xlog:disable -javaagent:c:\Users\hyper\.vscode\extensions\redhat.java-1.38.0-win32-x64\lombok\lombok-1.18.34.jar -XX:+HeapDumpOnOutOfMemoryError -XX:HeapDumpPath=c:\Users\hyper\AppData\Roaming\Code\User\workspaceStorage\55103842018b78ebd48e089c0df41d06\redhat.java -Daether.dependencyCollector.impl=bf 
java_command: c:\Users\hyper\.vscode\extensions\redhat.java-1.38.0-win32-x64\server\plugins\org.eclipse.equinox.launcher_1.6.900.v20240613-2009.jar -configuration c:\Users\hyper\AppData\Roaming\Code\User\globalStorage\redhat.java\1.38.0\config_win -data c:\Users\hyper\AppData\Roaming\Code\User\workspaceStorage\55103842018b78ebd48e089c0df41d06\redhat.java\jdt_ws --pipe=\\.\pipe\lsp-8c01847e5126680d39fd8274994ac02c-sock
java_class_path (initial): c:\Users\hyper\.vscode\extensions\redhat.java-1.38.0-win32-x64\server\plugins\org.eclipse.equinox.launcher_1.6.900.v20240613-2009.jar
Launcher Type: SUN_STANDARD

[Global flags]
     intx CICompilerCount                          = 4                                         {product} {ergonomic}
     uint ConcGCThreads                            = 2                                         {product} {ergonomic}
     uint G1ConcRefinementThreads                  = 8                                         {product} {ergonomic}
   size_t G1HeapRegionSize                         = 2097152                                   {product} {ergonomic}
    uintx GCDrainStackTargetSize                   = 64                                        {product} {ergonomic}
     bool HeapDumpOnOutOfMemoryError               = true                                   {manageable} {command line}
    ccstr HeapDumpPath                             = c:\Users\hyper\AppData\Roaming\Code\User\workspaceStorage\55103842018b78ebd48e089c0df41d06\redhat.java         {manageable} {command line}
   size_t InitialHeapSize                          = 268435456                                 {product} {ergonomic}
   size_t MarkStackSize                            = 4194304                                   {product} {ergonomic}
   size_t MaxHeapSize                              = 4269801472                                {product} {ergonomic}
   size_t MaxNewSize                               = 2560622592                                {product} {ergonomic}
   size_t MinHeapDeltaBytes                        = 2097152                                   {product} {ergonomic}
   size_t MinHeapSize                              = 8388608                                   {product} {ergonomic}
    uintx NonNMethodCodeHeapSize                   = 5839372                                {pd product} {ergonomic}
    uintx NonProfiledCodeHeapSize                  = 122909434                              {pd product} {ergonomic}
    uintx ProfiledCodeHeapSize                     = 122909434                              {pd product} {ergonomic}
    uintx ReservedCodeCacheSize                    = 251658240                              {pd product} {ergonomic}
     bool SegmentedCodeCache                       = true                                      {product} {ergonomic}
   size_t SoftMaxHeapSize                          = 4269801472                             {manageable} {ergonomic}
     bool UseCompressedClassPointers               = true                           {product lp64_product} {ergonomic}
     bool UseCompressedOops                        = true                           {product lp64_product} {ergonomic}
     bool UseG1GC                                  = true                                      {product} {ergonomic}
     bool UseLargePagesIndividualAllocation        = false                                  {pd product} {ergonomic}

Logging:
Log output configuration:
 #0: stdout all=off uptime,level,tags foldmultilines=false
 #1: stderr all=off uptime,level,tags foldmultilines=false

Environment Variables:
JAVA_HOME=C:\Program Files\Java\jdk-18.0.2.1
PATH=C:\Program Files\Common Files\Oracle\Java\javapath;C:\WINDOWS\system32;C:\WINDOWS;C:\WINDOWS\System32\Wbem;C:\WINDOWS\System32\WindowsPowerShell\v1.0\;C:\WINDOWS\System32\OpenSSH\;C:\Program Files (x86)\NVIDIA Corporation\PhysX\Common;C:\Program Files\NVIDIA Corporation\NVIDIA NvDLISR;J:\.important\Documents\apache-maven-3.8.6\bin;C:\Program Files\Microsoft SQL Server\Client SDK\ODBC\170\Tools\Binn\;C:\Program Files (x86)\Microsoft SQL Server\150\Tools\Binn\;C:\Program Files\Microsoft SQL Server\150\Tools\Binn\;C:\Program Files\Microsoft SQL Server\150\DTS\Binn\;C:\Program Files (x86)\Microsoft SQL Server\160\DTS\Binn\;C:\Users\hyper\Downloads\curl-8.10.1_2-win64-mingw\curl-8.10.1_2-win64-mingw\bin;C:\C:\Program Files\Java\jdk-18.0.2.1\bin;C:\Program Files\OpenSSL-Win64\bin;C:\Program Files\dotnet\;C:\Program Files\Git\cmd;H:\;C:\Program Files (x86)\Microsoft SQL Server\160\Tools\Binn\;C:\Program Files\Microsoft SQL Server\160\Tools\Binn\;C:\Program Files\Microsoft SQL Server\160\DTS\Binn\;J:\Docker\resources\bin;C:\Users\hyper\AppData\Local\Microsoft\WindowsApps;C:\Users\hyper\AppData\Local\Programs\Microsoft VS Code\bin;C:\Program Files\Java\jdk-18.0.2.1\bin;C:\Users\hyper\AppData\Roaming\npm
USERNAME=hyper
OS=Windows_NT
PROCESSOR_IDENTIFIER=Intel64 Family 6 Model 60 Stepping 3, GenuineIntel



---------------  S Y S T E M  ---------------

OS:
 Windows 11 , 64 bit Build 22000 (10.0.22000.2538)
OS uptime: 1 days 9:27 hours
Hyper-V role detected

CPU: total 8 (initial active 8) (4 cores per cpu, 2 threads per core) family 6 model 60 stepping 3 microcode 0x28, cx8, cmov, fxsr, ht, mmx, sse, sse2, sse3, ssse3, sse4.1, sse4.2, popcnt, lzcnt, tsc, tscinvbit, avx, avx2, aes, erms, clmul, bmi1, bmi2, fma, vzeroupper, clflush, hv

Memory: 4k page, system-wide physical 16283M (772M free)
TotalPageFile size 36283M (AvailPageFile size 295M)
current process WorkingSet (physical memory assigned to process): 949M, peak: 967M
current process commit charge ("private bytes"): 886M, peak: 1198M

vm_info: Java HotSpot(TM) 64-Bit Server VM (18.0.2.1+1-1) for windows-amd64 JRE (18.0.2.1+1-1), built on Aug 16 2022 01:46:33 by "mach5one" with MS VC++ 16.8 / 16.9 (VS2019)

END.
