#
# There is insufficient memory for the Java Runtime Environment to continue.
# Native memory allocation (malloc) failed to allocate 210896 bytes for Chunk::new
# Possible reasons:
#   The system is out of physical RAM or swap space
#   The process is running with CompressedOops enabled, and the Java Heap may be blocking the growth of the native heap
# Possible solutions:
#   Reduce memory load on the system
#   Increase physical memory or swap space
#   Check if swap backing store is full
#   Decrease Java heap size (-Xmx/-Xms)
#   Decrease number of Java threads
#   Decrease Java thread stack sizes (-Xss)
#   Set larger code cache with -XX:ReservedCodeCacheSize=
#   JVM is running with Zero Based Compressed Oops mode in which the Java heap is
#     placed in the first 32GB address space. The Java Heap base address is the
#     maximum limit for the native heap growth. Please use -XX:HeapBaseMinAddress
#     to set the Java Heap base and to place the Java Heap above 32GB virtual address.
# This output file may be truncated or incomplete.
#
#  Out of Memory Error (arena.cpp:184), pid=125328, tid=112372
#
# JRE version: Java(TM) SE Runtime Environment (18.0.2.1+1) (build 18.0.2.1+1-1)
# Java VM: Java HotSpot(TM) 64-Bit Server VM (18.0.2.1+1-1, mixed mode, sharing, tiered, compressed oops, compressed class ptrs, g1 gc, windows-amd64)
# No core dump will be written. Minidumps are not enabled by default on client versions of Windows
#

---------------  S U M M A R Y ------------

Command Line: --add-modules=ALL-SYSTEM --add-opens=java.base/java.util=ALL-UNNAMED --add-opens=java.base/java.lang=ALL-UNNAMED --add-opens=java.base/sun.nio.fs=ALL-UNNAMED -Declipse.application=org.eclipse.jdt.ls.core.id1 -Dosgi.bundles.defaultStartLevel=4 -Declipse.product=org.eclipse.jdt.ls.core.product -Djava.import.generatesMetadataFilesAtProjectRoot=false -DDetectVMInstallationsJob.disabled=true -Dfile.encoding=utf8 -Xlog:disable -javaagent:c:\Users\hyper\.vscode\extensions\redhat.java-1.38.0-win32-x64\lombok\lombok-1.18.34.jar -XX:+HeapDumpOnOutOfMemoryError -XX:HeapDumpPath=c:\Users\hyper\AppData\Roaming\Code\User\workspaceStorage\55103842018b78ebd48e089c0df41d06\redhat.java -Daether.dependencyCollector.impl=bf c:\Users\hyper\.vscode\extensions\redhat.java-1.38.0-win32-x64\server\plugins\org.eclipse.equinox.launcher_1.6.900.v20240613-2009.jar -configuration c:\Users\hyper\AppData\Roaming\Code\User\globalStorage\redhat.java\1.38.0\config_win -data c:\Users\hyper\AppData\Roaming\Code\User\workspaceStorage\55103842018b78ebd48e089c0df41d06\redhat.java\jdt_ws --pipe=\\.\pipe\lsp-b0d2ebaf79716f64090c5cff00eb1ab0-sock

Host: Intel(R) Core(TM) i7-4770K CPU @ 3.50GHz, 8 cores, 15G,  Windows 11 , 64 bit Build 22000 (10.0.22000.2538)
Time: Tue Mar 11 03:47:25 2025 Volgograd Standard Time elapsed time: 1.013102 seconds (0d 0h 0m 1s)

---------------  T H R E A D  ---------------

Current thread (0x0000028ab0975300):  JavaThread "C2 CompilerThread0" daemon [_thread_in_native, id=112372, stack(0x000000f00c700000,0x000000f00c800000)]


Current CompileTask:
C2:   1013  624       4       lombok.patcher.scripts.MethodLevelPatchScript::patch (21 bytes)

Stack: [0x000000f00c700000,0x000000f00c800000]
Native frames: (J=compiled Java code, j=interpreted, Vv=VM code, C=native code)
V  [jvm.dll+0x6993aa]
V  [jvm.dll+0x7f46dd]
V  [jvm.dll+0x7f5fee]
V  [jvm.dll+0x7f66a3]
V  [jvm.dll+0x25cf1f]
V  [jvm.dll+0xb8c2f]
V  [jvm.dll+0xb8fa5]
V  [jvm.dll+0x2c7e2f]
V  [jvm.dll+0x5a0d8e]
V  [jvm.dll+0x238453]
V  [jvm.dll+0x231b52]
V  [jvm.dll+0x22f3cb]
V  [jvm.dll+0x1ba01c]
V  [jvm.dll+0x23ee0a]
V  [jvm.dll+0x23d0f5]
V  [jvm.dll+0x7a6dd1]
V  [jvm.dll+0x7a120a]
V  [jvm.dll+0x698255]
C  [ucrtbase.dll+0x26c0c]
C  [KERNEL32.DLL+0x153e0]
C  [ntdll.dll+0x485b]


---------------  P R O C E S S  ---------------

Threads class SMR info:
_java_thread_list=0x0000028ab56ca170, length=13, elements={
0x0000028a8db50050, 0x0000028ab095cc30, 0x0000028ab095df40, 0x0000028ab0972d10,
0x0000028ab09735c0, 0x0000028ab0973e70, 0x0000028ab0974720, 0x0000028ab0975300,
0x0000028ab09bc6f0, 0x0000028ab5431f70, 0x0000028ab0942fa0, 0x0000028ab5653bb0,
0x0000028ab5654880
}

Java Threads: ( => current thread )
  0x0000028a8db50050 JavaThread "main" [_thread_in_Java, id=111496, stack(0x000000f00ba00000,0x000000f00bb00000)]
  0x0000028ab095cc30 JavaThread "Reference Handler" daemon [_thread_blocked, id=121904, stack(0x000000f00c100000,0x000000f00c200000)]
  0x0000028ab095df40 JavaThread "Finalizer" daemon [_thread_blocked, id=117260, stack(0x000000f00c200000,0x000000f00c300000)]
  0x0000028ab0972d10 JavaThread "Signal Dispatcher" daemon [_thread_blocked, id=108476, stack(0x000000f00c300000,0x000000f00c400000)]
  0x0000028ab09735c0 JavaThread "Attach Listener" daemon [_thread_blocked, id=118748, stack(0x000000f00c400000,0x000000f00c500000)]
  0x0000028ab0973e70 JavaThread "Service Thread" daemon [_thread_blocked, id=122584, stack(0x000000f00c500000,0x000000f00c600000)]
  0x0000028ab0974720 JavaThread "Monitor Deflation Thread" daemon [_thread_blocked, id=111696, stack(0x000000f00c600000,0x000000f00c700000)]
=>0x0000028ab0975300 JavaThread "C2 CompilerThread0" daemon [_thread_in_native, id=112372, stack(0x000000f00c700000,0x000000f00c800000)]
  0x0000028ab09bc6f0 JavaThread "C1 CompilerThread0" daemon [_thread_in_native, id=121884, stack(0x000000f00c800000,0x000000f00c900000)]
  0x0000028ab5431f70 JavaThread "Sweeper thread" daemon [_thread_blocked, id=107412, stack(0x000000f00c900000,0x000000f00ca00000)]
  0x0000028ab0942fa0 JavaThread "Common-Cleaner" daemon [_thread_blocked, id=132872, stack(0x000000f00ca00000,0x000000f00cb00000)]
  0x0000028ab5653bb0 JavaThread "Notification Thread" daemon [_thread_blocked, id=12628, stack(0x000000f00cb00000,0x000000f00cc00000)]
  0x0000028ab5654880 JavaThread "C2 CompilerThread1" daemon [_thread_in_native, id=118192, stack(0x000000f00cc00000,0x000000f00cd00000)]

Other Threads:
  0x0000028ab0956df0 VMThread "VM Thread" [stack: 0x000000f00c000000,0x000000f00c100000] [id=126476]
  0x0000028a8dbbae60 WorkerThread "GC Thread#0" [stack: 0x000000f00bb00000,0x000000f00bc00000] [id=136504]
  0x0000028a8dbcbb20 ConcurrentGCThread "G1 Main Marker" [stack: 0x000000f00bc00000,0x000000f00bd00000] [id=119304]
  0x0000028a8dbcc420 WorkerThread "G1 Conc#0" [stack: 0x000000f00bd00000,0x000000f00be00000] [id=116308]
  0x0000028ab080f610 ConcurrentGCThread "G1 Refine#0" [stack: 0x000000f00be00000,0x000000f00bf00000] [id=129520]
  0x0000028ab08105d0 ConcurrentGCThread "G1 Service" [stack: 0x000000f00bf00000,0x000000f00c000000] [id=114368]

Threads with active compile tasks:
C2 CompilerThread0     1041  624       4       lombok.patcher.scripts.MethodLevelPatchScript::patch (21 bytes)
C1 CompilerThread0     1041  692       3       sun.util.locale.InternalLocaleBuilder::setLanguageTag (173 bytes)
C2 CompilerThread1     1041  625       4       lombok.patcher.PatchScript::classMatches (41 bytes)

VM state: not at safepoint (normal execution)

VM Mutex/Monitor currently owned by a thread: None

Heap address: 0x0000000701800000, size: 4072 MB, Compressed Oops mode: Zero based, Oop shift amount: 3

CDS archive(s) mapped at: [0x0000000800000000-0x0000000800ba0000-0x0000000800ba0000), size 12189696, SharedBaseAddress: 0x0000000800000000, ArchiveRelocationMode: 0.
Compressed class space mapped at: 0x0000000800c00000-0x0000000840c00000, reserved size: 1073741824
Narrow klass base: 0x0000000800000000, Narrow klass shift: 0, Narrow klass range: 0x100000000

GC Precious Log:
 CardTable entry size: 512
 Card Set container configuration: InlinePtr #cards 4 size 8 Array Of Cards #cards 16 size 48 Howl #buckets 8 coarsen threshold 3686 Howl Bitmap #cards 512 size 80 coarsen threshold 460 Card regions per heap region 1 cards per card region 4096
 CPUs: 8 total, 8 available
 Memory: 16283M
 Large Page Support: Disabled
 NUMA Support: Disabled
 Compressed Oops: Enabled (Zero based)
 Heap Region Size: 2M
 Heap Min Capacity: 8M
 Heap Initial Capacity: 256M
 Heap Max Capacity: 4072M
 Pre-touch: Disabled
 Parallel Workers: 8
 Concurrent Workers: 2
 Concurrent Refinement Workers: 8
 Periodic GC: Disabled

Heap:
 garbage-first heap   total 262144K, used 12288K [0x0000000701800000, 0x0000000800000000)
  region size 2048K, 7 young (14336K), 0 survivors (0K)
 Metaspace       used 2364K, committed 2560K, reserved 1114112K
  class space    used 214K, committed 320K, reserved 1048576K

Heap Regions: E=young(eden), S=young(survivor), O=old, HS=humongous(starts), HC=humongous(continues), CS=collection set, F=free, OA=open archive, CA=closed archive, TAMS=top-at-mark-start (previous, next)
|   0|0x0000000701800000, 0x0000000701800000, 0x0000000701a00000|  0%| F|  |TAMS 0x0000000701800000, 0x0000000701800000| Untracked 
|   1|0x0000000701a00000, 0x0000000701a00000, 0x0000000701c00000|  0%| F|  |TAMS 0x0000000701a00000, 0x0000000701a00000| Untracked 
|   2|0x0000000701c00000, 0x0000000701c00000, 0x0000000701e00000|  0%| F|  |TAMS 0x0000000701c00000, 0x0000000701c00000| Untracked 
|   3|0x0000000701e00000, 0x0000000701e00000, 0x0000000702000000|  0%| F|  |TAMS 0x0000000701e00000, 0x0000000701e00000| Untracked 
|   4|0x0000000702000000, 0x0000000702000000, 0x0000000702200000|  0%| F|  |TAMS 0x0000000702000000, 0x0000000702000000| Untracked 
|   5|0x0000000702200000, 0x0000000702200000, 0x0000000702400000|  0%| F|  |TAMS 0x0000000702200000, 0x0000000702200000| Untracked 
|   6|0x0000000702400000, 0x0000000702400000, 0x0000000702600000|  0%| F|  |TAMS 0x0000000702400000, 0x0000000702400000| Untracked 
|   7|0x0000000702600000, 0x0000000702600000, 0x0000000702800000|  0%| F|  |TAMS 0x0000000702600000, 0x0000000702600000| Untracked 
|   8|0x0000000702800000, 0x0000000702800000, 0x0000000702a00000|  0%| F|  |TAMS 0x0000000702800000, 0x0000000702800000| Untracked 
|   9|0x0000000702a00000, 0x0000000702a00000, 0x0000000702c00000|  0%| F|  |TAMS 0x0000000702a00000, 0x0000000702a00000| Untracked 
|  10|0x0000000702c00000, 0x0000000702c00000, 0x0000000702e00000|  0%| F|  |TAMS 0x0000000702c00000, 0x0000000702c00000| Untracked 
|  11|0x0000000702e00000, 0x0000000702e00000, 0x0000000703000000|  0%| F|  |TAMS 0x0000000702e00000, 0x0000000702e00000| Untracked 
|  12|0x0000000703000000, 0x0000000703000000, 0x0000000703200000|  0%| F|  |TAMS 0x0000000703000000, 0x0000000703000000| Untracked 
|  13|0x0000000703200000, 0x0000000703200000, 0x0000000703400000|  0%| F|  |TAMS 0x0000000703200000, 0x0000000703200000| Untracked 
|  14|0x0000000703400000, 0x0000000703400000, 0x0000000703600000|  0%| F|  |TAMS 0x0000000703400000, 0x0000000703400000| Untracked 
|  15|0x0000000703600000, 0x0000000703600000, 0x0000000703800000|  0%| F|  |TAMS 0x0000000703600000, 0x0000000703600000| Untracked 
|  16|0x0000000703800000, 0x0000000703800000, 0x0000000703a00000|  0%| F|  |TAMS 0x0000000703800000, 0x0000000703800000| Untracked 
|  17|0x0000000703a00000, 0x0000000703a00000, 0x0000000703c00000|  0%| F|  |TAMS 0x0000000703a00000, 0x0000000703a00000| Untracked 
|  18|0x0000000703c00000, 0x0000000703c00000, 0x0000000703e00000|  0%| F|  |TAMS 0x0000000703c00000, 0x0000000703c00000| Untracked 
|  19|0x0000000703e00000, 0x0000000703e00000, 0x0000000704000000|  0%| F|  |TAMS 0x0000000703e00000, 0x0000000703e00000| Untracked 
|  20|0x0000000704000000, 0x0000000704000000, 0x0000000704200000|  0%| F|  |TAMS 0x0000000704000000, 0x0000000704000000| Untracked 
|  21|0x0000000704200000, 0x0000000704200000, 0x0000000704400000|  0%| F|  |TAMS 0x0000000704200000, 0x0000000704200000| Untracked 
|  22|0x0000000704400000, 0x0000000704400000, 0x0000000704600000|  0%| F|  |TAMS 0x0000000704400000, 0x0000000704400000| Untracked 
|  23|0x0000000704600000, 0x0000000704600000, 0x0000000704800000|  0%| F|  |TAMS 0x0000000704600000, 0x0000000704600000| Untracked 
|  24|0x0000000704800000, 0x0000000704800000, 0x0000000704a00000|  0%| F|  |TAMS 0x0000000704800000, 0x0000000704800000| Untracked 
|  25|0x0000000704a00000, 0x0000000704a00000, 0x0000000704c00000|  0%| F|  |TAMS 0x0000000704a00000, 0x0000000704a00000| Untracked 
|  26|0x0000000704c00000, 0x0000000704c00000, 0x0000000704e00000|  0%| F|  |TAMS 0x0000000704c00000, 0x0000000704c00000| Untracked 
|  27|0x0000000704e00000, 0x0000000704e00000, 0x0000000705000000|  0%| F|  |TAMS 0x0000000704e00000, 0x0000000704e00000| Untracked 
|  28|0x0000000705000000, 0x0000000705000000, 0x0000000705200000|  0%| F|  |TAMS 0x0000000705000000, 0x0000000705000000| Untracked 
|  29|0x0000000705200000, 0x0000000705200000, 0x0000000705400000|  0%| F|  |TAMS 0x0000000705200000, 0x0000000705200000| Untracked 
|  30|0x0000000705400000, 0x0000000705400000, 0x0000000705600000|  0%| F|  |TAMS 0x0000000705400000, 0x0000000705400000| Untracked 
|  31|0x0000000705600000, 0x0000000705600000, 0x0000000705800000|  0%| F|  |TAMS 0x0000000705600000, 0x0000000705600000| Untracked 
|  32|0x0000000705800000, 0x0000000705800000, 0x0000000705a00000|  0%| F|  |TAMS 0x0000000705800000, 0x0000000705800000| Untracked 
|  33|0x0000000705a00000, 0x0000000705a00000, 0x0000000705c00000|  0%| F|  |TAMS 0x0000000705a00000, 0x0000000705a00000| Untracked 
|  34|0x0000000705c00000, 0x0000000705c00000, 0x0000000705e00000|  0%| F|  |TAMS 0x0000000705c00000, 0x0000000705c00000| Untracked 
|  35|0x0000000705e00000, 0x0000000705e00000, 0x0000000706000000|  0%| F|  |TAMS 0x0000000705e00000, 0x0000000705e00000| Untracked 
|  36|0x0000000706000000, 0x0000000706000000, 0x0000000706200000|  0%| F|  |TAMS 0x0000000706000000, 0x0000000706000000| Untracked 
|  37|0x0000000706200000, 0x0000000706200000, 0x0000000706400000|  0%| F|  |TAMS 0x0000000706200000, 0x0000000706200000| Untracked 
|  38|0x0000000706400000, 0x0000000706400000, 0x0000000706600000|  0%| F|  |TAMS 0x0000000706400000, 0x0000000706400000| Untracked 
|  39|0x0000000706600000, 0x0000000706600000, 0x0000000706800000|  0%| F|  |TAMS 0x0000000706600000, 0x0000000706600000| Untracked 
|  40|0x0000000706800000, 0x0000000706800000, 0x0000000706a00000|  0%| F|  |TAMS 0x0000000706800000, 0x0000000706800000| Untracked 
|  41|0x0000000706a00000, 0x0000000706a00000, 0x0000000706c00000|  0%| F|  |TAMS 0x0000000706a00000, 0x0000000706a00000| Untracked 
|  42|0x0000000706c00000, 0x0000000706c00000, 0x0000000706e00000|  0%| F|  |TAMS 0x0000000706c00000, 0x0000000706c00000| Untracked 
|  43|0x0000000706e00000, 0x0000000706e00000, 0x0000000707000000|  0%| F|  |TAMS 0x0000000706e00000, 0x0000000706e00000| Untracked 
|  44|0x0000000707000000, 0x0000000707000000, 0x0000000707200000|  0%| F|  |TAMS 0x0000000707000000, 0x0000000707000000| Untracked 
|  45|0x0000000707200000, 0x0000000707200000, 0x0000000707400000|  0%| F|  |TAMS 0x0000000707200000, 0x0000000707200000| Untracked 
|  46|0x0000000707400000, 0x0000000707400000, 0x0000000707600000|  0%| F|  |TAMS 0x0000000707400000, 0x0000000707400000| Untracked 
|  47|0x0000000707600000, 0x0000000707600000, 0x0000000707800000|  0%| F|  |TAMS 0x0000000707600000, 0x0000000707600000| Untracked 
|  48|0x0000000707800000, 0x0000000707800000, 0x0000000707a00000|  0%| F|  |TAMS 0x0000000707800000, 0x0000000707800000| Untracked 
|  49|0x0000000707a00000, 0x0000000707a00000, 0x0000000707c00000|  0%| F|  |TAMS 0x0000000707a00000, 0x0000000707a00000| Untracked 
|  50|0x0000000707c00000, 0x0000000707c00000, 0x0000000707e00000|  0%| F|  |TAMS 0x0000000707c00000, 0x0000000707c00000| Untracked 
|  51|0x0000000707e00000, 0x0000000707e00000, 0x0000000708000000|  0%| F|  |TAMS 0x0000000707e00000, 0x0000000707e00000| Untracked 
|  52|0x0000000708000000, 0x0000000708000000, 0x0000000708200000|  0%| F|  |TAMS 0x0000000708000000, 0x0000000708000000| Untracked 
|  53|0x0000000708200000, 0x0000000708200000, 0x0000000708400000|  0%| F|  |TAMS 0x0000000708200000, 0x0000000708200000| Untracked 
|  54|0x0000000708400000, 0x0000000708400000, 0x0000000708600000|  0%| F|  |TAMS 0x0000000708400000, 0x0000000708400000| Untracked 
|  55|0x0000000708600000, 0x0000000708600000, 0x0000000708800000|  0%| F|  |TAMS 0x0000000708600000, 0x0000000708600000| Untracked 
|  56|0x0000000708800000, 0x0000000708800000, 0x0000000708a00000|  0%| F|  |TAMS 0x0000000708800000, 0x0000000708800000| Untracked 
|  57|0x0000000708a00000, 0x0000000708a00000, 0x0000000708c00000|  0%| F|  |TAMS 0x0000000708a00000, 0x0000000708a00000| Untracked 
|  58|0x0000000708c00000, 0x0000000708c00000, 0x0000000708e00000|  0%| F|  |TAMS 0x0000000708c00000, 0x0000000708c00000| Untracked 
|  59|0x0000000708e00000, 0x0000000708e00000, 0x0000000709000000|  0%| F|  |TAMS 0x0000000708e00000, 0x0000000708e00000| Untracked 
|  60|0x0000000709000000, 0x0000000709000000, 0x0000000709200000|  0%| F|  |TAMS 0x0000000709000000, 0x0000000709000000| Untracked 
|  61|0x0000000709200000, 0x0000000709200000, 0x0000000709400000|  0%| F|  |TAMS 0x0000000709200000, 0x0000000709200000| Untracked 
|  62|0x0000000709400000, 0x0000000709400000, 0x0000000709600000|  0%| F|  |TAMS 0x0000000709400000, 0x0000000709400000| Untracked 
|  63|0x0000000709600000, 0x0000000709600000, 0x0000000709800000|  0%| F|  |TAMS 0x0000000709600000, 0x0000000709600000| Untracked 
|  64|0x0000000709800000, 0x0000000709800000, 0x0000000709a00000|  0%| F|  |TAMS 0x0000000709800000, 0x0000000709800000| Untracked 
|  65|0x0000000709a00000, 0x0000000709a00000, 0x0000000709c00000|  0%| F|  |TAMS 0x0000000709a00000, 0x0000000709a00000| Untracked 
|  66|0x0000000709c00000, 0x0000000709c00000, 0x0000000709e00000|  0%| F|  |TAMS 0x0000000709c00000, 0x0000000709c00000| Untracked 
|  67|0x0000000709e00000, 0x0000000709e00000, 0x000000070a000000|  0%| F|  |TAMS 0x0000000709e00000, 0x0000000709e00000| Untracked 
|  68|0x000000070a000000, 0x000000070a000000, 0x000000070a200000|  0%| F|  |TAMS 0x000000070a000000, 0x000000070a000000| Untracked 
|  69|0x000000070a200000, 0x000000070a200000, 0x000000070a400000|  0%| F|  |TAMS 0x000000070a200000, 0x000000070a200000| Untracked 
|  70|0x000000070a400000, 0x000000070a400000, 0x000000070a600000|  0%| F|  |TAMS 0x000000070a400000, 0x000000070a400000| Untracked 
|  71|0x000000070a600000, 0x000000070a600000, 0x000000070a800000|  0%| F|  |TAMS 0x000000070a600000, 0x000000070a600000| Untracked 
|  72|0x000000070a800000, 0x000000070a800000, 0x000000070aa00000|  0%| F|  |TAMS 0x000000070a800000, 0x000000070a800000| Untracked 
|  73|0x000000070aa00000, 0x000000070aa00000, 0x000000070ac00000|  0%| F|  |TAMS 0x000000070aa00000, 0x000000070aa00000| Untracked 
|  74|0x000000070ac00000, 0x000000070ac00000, 0x000000070ae00000|  0%| F|  |TAMS 0x000000070ac00000, 0x000000070ac00000| Untracked 
|  75|0x000000070ae00000, 0x000000070ae00000, 0x000000070b000000|  0%| F|  |TAMS 0x000000070ae00000, 0x000000070ae00000| Untracked 
|  76|0x000000070b000000, 0x000000070b000000, 0x000000070b200000|  0%| F|  |TAMS 0x000000070b000000, 0x000000070b000000| Untracked 
|  77|0x000000070b200000, 0x000000070b200000, 0x000000070b400000|  0%| F|  |TAMS 0x000000070b200000, 0x000000070b200000| Untracked 
|  78|0x000000070b400000, 0x000000070b400000, 0x000000070b600000|  0%| F|  |TAMS 0x000000070b400000, 0x000000070b400000| Untracked 
|  79|0x000000070b600000, 0x000000070b600000, 0x000000070b800000|  0%| F|  |TAMS 0x000000070b600000, 0x000000070b600000| Untracked 
|  80|0x000000070b800000, 0x000000070b800000, 0x000000070ba00000|  0%| F|  |TAMS 0x000000070b800000, 0x000000070b800000| Untracked 
|  81|0x000000070ba00000, 0x000000070ba00000, 0x000000070bc00000|  0%| F|  |TAMS 0x000000070ba00000, 0x000000070ba00000| Untracked 
|  82|0x000000070bc00000, 0x000000070bc00000, 0x000000070be00000|  0%| F|  |TAMS 0x000000070bc00000, 0x000000070bc00000| Untracked 
|  83|0x000000070be00000, 0x000000070be00000, 0x000000070c000000|  0%| F|  |TAMS 0x000000070be00000, 0x000000070be00000| Untracked 
|  84|0x000000070c000000, 0x000000070c000000, 0x000000070c200000|  0%| F|  |TAMS 0x000000070c000000, 0x000000070c000000| Untracked 
|  85|0x000000070c200000, 0x000000070c200000, 0x000000070c400000|  0%| F|  |TAMS 0x000000070c200000, 0x000000070c200000| Untracked 
|  86|0x000000070c400000, 0x000000070c400000, 0x000000070c600000|  0%| F|  |TAMS 0x000000070c400000, 0x000000070c400000| Untracked 
|  87|0x000000070c600000, 0x000000070c600000, 0x000000070c800000|  0%| F|  |TAMS 0x000000070c600000, 0x000000070c600000| Untracked 
|  88|0x000000070c800000, 0x000000070c800000, 0x000000070ca00000|  0%| F|  |TAMS 0x000000070c800000, 0x000000070c800000| Untracked 
|  89|0x000000070ca00000, 0x000000070ca00000, 0x000000070cc00000|  0%| F|  |TAMS 0x000000070ca00000, 0x000000070ca00000| Untracked 
|  90|0x000000070cc00000, 0x000000070cc00000, 0x000000070ce00000|  0%| F|  |TAMS 0x000000070cc00000, 0x000000070cc00000| Untracked 
|  91|0x000000070ce00000, 0x000000070ce00000, 0x000000070d000000|  0%| F|  |TAMS 0x000000070ce00000, 0x000000070ce00000| Untracked 
|  92|0x000000070d000000, 0x000000070d000000, 0x000000070d200000|  0%| F|  |TAMS 0x000000070d000000, 0x000000070d000000| Untracked 
|  93|0x000000070d200000, 0x000000070d200000, 0x000000070d400000|  0%| F|  |TAMS 0x000000070d200000, 0x000000070d200000| Untracked 
|  94|0x000000070d400000, 0x000000070d400000, 0x000000070d600000|  0%| F|  |TAMS 0x000000070d400000, 0x000000070d400000| Untracked 
|  95|0x000000070d600000, 0x000000070d600000, 0x000000070d800000|  0%| F|  |TAMS 0x000000070d600000, 0x000000070d600000| Untracked 
|  96|0x000000070d800000, 0x000000070d800000, 0x000000070da00000|  0%| F|  |TAMS 0x000000070d800000, 0x000000070d800000| Untracked 
|  97|0x000000070da00000, 0x000000070da00000, 0x000000070dc00000|  0%| F|  |TAMS 0x000000070da00000, 0x000000070da00000| Untracked 
|  98|0x000000070dc00000, 0x000000070dc00000, 0x000000070de00000|  0%| F|  |TAMS 0x000000070dc00000, 0x000000070dc00000| Untracked 
|  99|0x000000070de00000, 0x000000070de00000, 0x000000070e000000|  0%| F|  |TAMS 0x000000070de00000, 0x000000070de00000| Untracked 
| 100|0x000000070e000000, 0x000000070e000000, 0x000000070e200000|  0%| F|  |TAMS 0x000000070e000000, 0x000000070e000000| Untracked 
| 101|0x000000070e200000, 0x000000070e200000, 0x000000070e400000|  0%| F|  |TAMS 0x000000070e200000, 0x000000070e200000| Untracked 
| 102|0x000000070e400000, 0x000000070e400000, 0x000000070e600000|  0%| F|  |TAMS 0x000000070e400000, 0x000000070e400000| Untracked 
| 103|0x000000070e600000, 0x000000070e600000, 0x000000070e800000|  0%| F|  |TAMS 0x000000070e600000, 0x000000070e600000| Untracked 
| 104|0x000000070e800000, 0x000000070e800000, 0x000000070ea00000|  0%| F|  |TAMS 0x000000070e800000, 0x000000070e800000| Untracked 
| 105|0x000000070ea00000, 0x000000070ea00000, 0x000000070ec00000|  0%| F|  |TAMS 0x000000070ea00000, 0x000000070ea00000| Untracked 
| 106|0x000000070ec00000, 0x000000070ec00000, 0x000000070ee00000|  0%| F|  |TAMS 0x000000070ec00000, 0x000000070ec00000| Untracked 
| 107|0x000000070ee00000, 0x000000070ee00000, 0x000000070f000000|  0%| F|  |TAMS 0x000000070ee00000, 0x000000070ee00000| Untracked 
| 108|0x000000070f000000, 0x000000070f000000, 0x000000070f200000|  0%| F|  |TAMS 0x000000070f000000, 0x000000070f000000| Untracked 
| 109|0x000000070f200000, 0x000000070f200000, 0x000000070f400000|  0%| F|  |TAMS 0x000000070f200000, 0x000000070f200000| Untracked 
| 110|0x000000070f400000, 0x000000070f400000, 0x000000070f600000|  0%| F|  |TAMS 0x000000070f400000, 0x000000070f400000| Untracked 
| 111|0x000000070f600000, 0x000000070f600000, 0x000000070f800000|  0%| F|  |TAMS 0x000000070f600000, 0x000000070f600000| Untracked 
| 112|0x000000070f800000, 0x000000070f800000, 0x000000070fa00000|  0%| F|  |TAMS 0x000000070f800000, 0x000000070f800000| Untracked 
| 113|0x000000070fa00000, 0x000000070fa00000, 0x000000070fc00000|  0%| F|  |TAMS 0x000000070fa00000, 0x000000070fa00000| Untracked 
| 114|0x000000070fc00000, 0x000000070fc00000, 0x000000070fe00000|  0%| F|  |TAMS 0x000000070fc00000, 0x000000070fc00000| Untracked 
| 115|0x000000070fe00000, 0x000000070fe00000, 0x0000000710000000|  0%| F|  |TAMS 0x000000070fe00000, 0x000000070fe00000| Untracked 
| 116|0x0000000710000000, 0x0000000710000000, 0x0000000710200000|  0%| F|  |TAMS 0x0000000710000000, 0x0000000710000000| Untracked 
| 117|0x0000000710200000, 0x0000000710200000, 0x0000000710400000|  0%| F|  |TAMS 0x0000000710200000, 0x0000000710200000| Untracked 
| 118|0x0000000710400000, 0x0000000710400000, 0x0000000710600000|  0%| F|  |TAMS 0x0000000710400000, 0x0000000710400000| Untracked 
| 119|0x0000000710600000, 0x0000000710600000, 0x0000000710800000|  0%| F|  |TAMS 0x0000000710600000, 0x0000000710600000| Untracked 
| 120|0x0000000710800000, 0x0000000710800000, 0x0000000710a00000|  0%| F|  |TAMS 0x0000000710800000, 0x0000000710800000| Untracked 
| 121|0x0000000710a00000, 0x0000000710b52708, 0x0000000710c00000| 66%| E|  |TAMS 0x0000000710a00000, 0x0000000710a00000| Complete 
| 122|0x0000000710c00000, 0x0000000710e00000, 0x0000000710e00000|100%| E|CS|TAMS 0x0000000710c00000, 0x0000000710c00000| Complete 
| 123|0x0000000710e00000, 0x0000000711000000, 0x0000000711000000|100%| E|CS|TAMS 0x0000000710e00000, 0x0000000710e00000| Complete 
| 124|0x0000000711000000, 0x0000000711200000, 0x0000000711200000|100%| E|CS|TAMS 0x0000000711000000, 0x0000000711000000| Complete 
| 125|0x0000000711200000, 0x0000000711400000, 0x0000000711400000|100%| E|CS|TAMS 0x0000000711200000, 0x0000000711200000| Complete 
| 126|0x0000000711400000, 0x0000000711600000, 0x0000000711600000|100%| E|CS|TAMS 0x0000000711400000, 0x0000000711400000| Complete 
| 127|0x0000000711600000, 0x0000000711800000, 0x0000000711800000|100%| E|CS|TAMS 0x0000000711600000, 0x0000000711600000| Complete 

Card table byte_map: [0x0000028aa5770000,0x0000028aa5f70000] _byte_map_base: 0x0000028aa1f64000

Marking Bits (Prev, Next): (CMBitMap*) 0x0000028a8dbbb370, (CMBitMap*) 0x0000028a8dbbb3b0
 Prev Bits: [0x0000028aa6770000, 0x0000028aaa710000)
 Next Bits: [0x0000028aaa710000, 0x0000028aae6b0000)

Polling page: 0x0000028a8c490000

Metaspace:

Usage:
  Non-class:      2.14 MB used.
      Class:    216.23 KB used.
       Both:      2.35 MB used.

Virtual space:
  Non-class space:       64.00 MB reserved,       2.25 MB (  4%) committed,  1 nodes.
      Class space:        1.00 GB reserved,     320.00 KB ( <1%) committed,  1 nodes.
             Both:        1.06 GB reserved,       2.56 MB ( <1%) committed. 

Chunk freelists:
   Non-Class:  3.66 MB
       Class:  3.67 MB
        Both:  7.33 MB

MaxMetaspaceSize: unlimited
CompressedClassSpaceSize: 1.00 GB
Initial GC threshold: 21.00 MB
Current GC threshold: 21.00 MB
CDS: on
MetaspaceReclaimPolicy: balanced
 - commit_granule_bytes: 65536.
 - commit_granule_words: 8192.
 - virtual_space_node_default_size: 8388608.
 - enlarge_chunks_in_place: 1.
 - new_chunks_are_fully_committed: 0.
 - uncommit_free_chunks: 1.
 - use_allocation_guard: 0.


Internal statistics:

num_allocs_failed_limit: 0.
num_arena_births: 80.
num_arena_deaths: 0.
num_vsnodes_births: 2.
num_vsnodes_deaths: 0.
num_space_committed: 41.
num_space_uncommitted: 0.
num_chunks_returned_to_freelist: 0.
num_chunks_taken_from_freelist: 102.
num_chunk_merges: 0.
num_chunk_splits: 69.
num_chunks_enlarged: 44.
num_inconsistent_stats: 0.

CodeHeap 'non-profiled nmethods': size=120000Kb used=239Kb max_used=239Kb free=119760Kb
 bounds [0x0000028a9cfe0000, 0x0000028a9d250000, 0x0000028aa4510000]
CodeHeap 'profiled nmethods': size=120000Kb used=1125Kb max_used=1125Kb free=118874Kb
 bounds [0x0000028a95ab0000, 0x0000028a95d20000, 0x0000028a9cfe0000]
CodeHeap 'non-nmethods': size=5760Kb used=1139Kb max_used=1158Kb free=4620Kb
 bounds [0x0000028a95510000, 0x0000028a95780000, 0x0000028a95ab0000]
 total_blobs=1108 nmethods=692 adapters=329
 compilation: enabled
              stopped_count=0, restarted_count=0
 full_count=0

Compilation events (20 events):
Event: 0.981 Thread 0x0000028ab09bc6f0 nmethod 615 0x0000028a95b93f10 code [0x0000028a95b94360, 0x0000028a95b96408]
Event: 0.981 Thread 0x0000028ab09bc6f0  620       3       java.io.DataInputStream::readFully (59 bytes)
Event: 0.982 Thread 0x0000028ab09bc6f0 nmethod 620 0x0000028a95b96f90 code [0x0000028a95b97180, 0x0000028a95b976a8]
Event: 0.982 Thread 0x0000028ab09bc6f0  616  s    3       java.io.BufferedInputStream::read (113 bytes)
Event: 0.982 Thread 0x0000028ab09bc6f0 nmethod 616 0x0000028a95b97910 code [0x0000028a95b97b40, 0x0000028a95b983d8]
Event: 0.982 Thread 0x0000028ab09bc6f0  617       3       java.io.BufferedInputStream::read1 (108 bytes)
Event: 0.983 Thread 0x0000028ab09bc6f0 nmethod 617 0x0000028a95b98610 code [0x0000028a95b98860, 0x0000028a95b991b8]
Event: 0.983 Thread 0x0000028ab09bc6f0  618       3       java.io.DataInputStream::readUTF (5 bytes)
Event: 0.983 Thread 0x0000028ab09bc6f0 nmethod 618 0x0000028a95b99510 code [0x0000028a95b996a0, 0x0000028a95b997c8]
Event: 0.983 Thread 0x0000028ab09bc6f0  619       3       java.io.DataInputStream::readUnsignedShort (39 bytes)
Event: 0.983 Thread 0x0000028ab09bc6f0 nmethod 619 0x0000028a95b99890 code [0x0000028a95b99a60, 0x0000028a95b99de8]
Event: 0.983 Thread 0x0000028ab09bc6f0  621       3       java.io.DataInputStream::readShort (40 bytes)
Event: 0.983 Thread 0x0000028ab5654880 nmethod 605 0x0000028a9d018510 code [0x0000028a9d0186a0, 0x0000028a9d018bd8]
Event: 0.983 Thread 0x0000028ab09bc6f0 nmethod 621 0x0000028a95b99f10 code [0x0000028a95b9a0e0, 0x0000028a95b9a468]
Event: 0.983 Thread 0x0000028ab09bc6f0  622       3       java.io.DataInputStream::readFully (9 bytes)
Event: 0.983 Thread 0x0000028ab09bc6f0 nmethod 622 0x0000028a95b9a590 code [0x0000028a95b9a740, 0x0000028a95b9a888]
Event: 0.986 Thread 0x0000028ab5654880  623       4       java.util.Collections$UnmodifiableCollection::iterator (9 bytes)
Event: 0.987 Thread 0x0000028ab0975300  624       4       lombok.patcher.scripts.MethodLevelPatchScript::patch (21 bytes)
Event: 0.994 Thread 0x0000028ab09bc6f0  626       3       sun.util.locale.LocaleUtils::isUpper (18 bytes)
Event: 0.994 Thread 0x0000028ab09bc6f0 nmethod 626 0x0000028a95b9a990 code [0x0000028a95b9ab20, 0x0000028a95b9ac98]

GC Heap History (0 events):
No events

Deoptimization events (20 events):
Event: 0.872 Thread 0x0000028a8db50050 DEOPT PACKING pc=0x0000028a95af3d7f sp=0x000000f00bafb050
Event: 0.872 Thread 0x0000028a8db50050 DEOPT UNPACKING pc=0x0000028a95562b43 sp=0x000000f00bafa510 mode 0
Event: 0.878 Thread 0x0000028a8db50050 DEOPT PACKING pc=0x0000028a95af3d7f sp=0x000000f00bafb9e0
Event: 0.878 Thread 0x0000028a8db50050 DEOPT UNPACKING pc=0x0000028a95562b43 sp=0x000000f00bafaea0 mode 0
Event: 0.880 Thread 0x0000028a8db50050 DEOPT PACKING pc=0x0000028a95af3d7f sp=0x000000f00bafc1a0
Event: 0.880 Thread 0x0000028a8db50050 DEOPT UNPACKING pc=0x0000028a95562b43 sp=0x000000f00bafb660 mode 0
Event: 0.883 Thread 0x0000028a8db50050 DEOPT PACKING pc=0x0000028a95af3d7f sp=0x000000f00bafacf0
Event: 0.883 Thread 0x0000028a8db50050 DEOPT UNPACKING pc=0x0000028a95562b43 sp=0x000000f00bafa1b0 mode 0
Event: 0.944 Thread 0x0000028a8db50050 Uncommon trap: trap_request=0xffffff45 fr.pc=0x0000028a9cffee40 relative=0x00000000000000c0
Event: 0.944 Thread 0x0000028a8db50050 Uncommon trap: reason=unstable_if action=reinterpret pc=0x0000028a9cffee40 method=java.net.URI.match(CJJ)Z @ 45 c2
Event: 0.944 Thread 0x0000028a8db50050 DEOPT PACKING pc=0x0000028a9cffee40 sp=0x000000f00bafcf50
Event: 0.944 Thread 0x0000028a8db50050 DEOPT UNPACKING pc=0x0000028a955623a3 sp=0x000000f00bafced8 mode 2
Event: 0.944 Thread 0x0000028a8db50050 Uncommon trap: trap_request=0xffffff45 fr.pc=0x0000028a9d00d47c relative=0x00000000000003dc
Event: 0.944 Thread 0x0000028a8db50050 Uncommon trap: reason=unstable_if action=reinterpret pc=0x0000028a9d00d47c method=java.lang.StringLatin1.newString([BII)Ljava/lang/String; @ 1 c2
Event: 0.944 Thread 0x0000028a8db50050 DEOPT PACKING pc=0x0000028a9d00d47c sp=0x000000f00bafd1b0
Event: 0.944 Thread 0x0000028a8db50050 DEOPT UNPACKING pc=0x0000028a955623a3 sp=0x000000f00bafd178 mode 2
Event: 0.989 Thread 0x0000028a8db50050 Uncommon trap: trap_request=0xffffffde fr.pc=0x0000028a9d014f04 relative=0x0000000000000364
Event: 0.989 Thread 0x0000028a8db50050 Uncommon trap: reason=class_check action=maybe_recompile pc=0x0000028a9d014f04 method=java.util.Collections$UnmodifiableCollection$1.next()Ljava/lang/Object; @ 4 c2
Event: 0.989 Thread 0x0000028a8db50050 DEOPT PACKING pc=0x0000028a9d014f04 sp=0x000000f00bafc3e0
Event: 0.989 Thread 0x0000028a8db50050 DEOPT UNPACKING pc=0x0000028a955623a3 sp=0x000000f00bafc3b0 mode 2

Classes loaded (20 events):
Event: 0.972 Loading class java/util/LinkedHashMap$LinkedValues
Event: 0.972 Loading class java/util/LinkedHashMap$LinkedValues done
Event: 0.972 Loading class sun/security/util/DisabledAlgorithmConstraints$KeySizeConstraint
Event: 0.973 Loading class sun/security/util/DisabledAlgorithmConstraints$Constraint
Event: 0.973 Loading class sun/security/util/DisabledAlgorithmConstraints$Constraint done
Event: 0.973 Loading class sun/security/util/DisabledAlgorithmConstraints$KeySizeConstraint done
Event: 0.973 Loading class sun/security/util/DisabledAlgorithmConstraints$Constraint$Operator
Event: 0.973 Loading class sun/security/util/DisabledAlgorithmConstraints$Constraint$Operator done
Event: 0.973 Loading class sun/security/util/DisabledAlgorithmConstraints$1
Event: 0.973 Loading class sun/security/util/DisabledAlgorithmConstraints$1 done
Event: 0.973 Loading class sun/security/util/DisabledAlgorithmConstraints$DisabledConstraint
Event: 0.973 Loading class sun/security/util/DisabledAlgorithmConstraints$DisabledConstraint done
Event: 0.974 Loading class sun/security/util/DisabledAlgorithmConstraints$Constraints$Holder
Event: 0.974 Loading class sun/security/util/DisabledAlgorithmConstraints$Constraints$Holder done
Event: 0.975 Loading class java/util/regex/Pattern$BnM
Event: 0.975 Loading class java/util/regex/Pattern$BnM done
Event: 0.975 Loading class java/util/regex/Pattern$SliceS
Event: 0.976 Loading class java/util/regex/Pattern$SliceS done
Event: 0.976 Loading class sun/security/util/DisabledAlgorithmConstraints$DenyAfterConstraint
Event: 0.976 Loading class sun/security/util/DisabledAlgorithmConstraints$DenyAfterConstraint done

Classes unloaded (0 events):
No events

Classes redefined (0 events):
No events

Internal exceptions (11 events):
Event: 0.438 Thread 0x0000028a8db50050 Exception <a 'java/lang/NoSuchMethodError'{0x000000071171da98}: 'void java.lang.invoke.DirectMethodHandle$Holder.invokeStatic(java.lang.Object, java.lang.Object, java.lang.Object)'> (0x000000071171da98) 
thrown [s\open\src\hotspot\share\interpreter\linkResolver.cpp, line 759]
Event: 0.575 Thread 0x0000028a8db50050 Exception <a 'java/lang/NoSuchMethodError'{0x000000071147c738}: 'java.lang.Object java.lang.invoke.Invokers$Holder.invokeExact_MT(java.lang.Object, java.lang.Object, java.lang.Object, java.lang.Object, java.lang.Object)'> (0x000000071147c738) 
thrown [s\open\src\hotspot\share\interpreter\linkResolver.cpp, line 759]
Event: 0.635 Thread 0x0000028a8db50050 Exception <a 'java/lang/NoSuchMethodError'{0x0000000711535e58}: 'int java.lang.invoke.DirectMethodHandle$Holder.invokeSpecial(java.lang.Object, java.lang.Object, java.lang.Object, int)'> (0x0000000711535e58) 
thrown [s\open\src\hotspot\share\interpreter\linkResolver.cpp, line 759]
Event: 0.638 Thread 0x0000028a8db50050 Exception <a 'java/lang/NoSuchMethodError'{0x0000000711548728}: 'java.lang.Object java.lang.invoke.DirectMethodHandle$Holder.invokeStatic(java.lang.Object, java.lang.Object, java.lang.Object, java.lang.Object, int)'> (0x0000000711548728) 
thrown [s\open\src\hotspot\share\interpreter\linkResolver.cpp, line 759]
Event: 0.640 Thread 0x0000028a8db50050 Exception <a 'java/lang/NoSuchMethodError'{0x00000007115545e0}: 'void java.lang.invoke.DelegatingMethodHandle$Holder.reinvoke_L(java.lang.Object, java.lang.Object, java.lang.Object, int, java.lang.Object)'> (0x00000007115545e0) 
thrown [s\open\src\hotspot\share\interpreter\linkResolver.cpp, line 759]
Event: 0.641 Thread 0x0000028a8db50050 Exception <a 'java/lang/NoSuchMethodError'{0x000000071155ba70}: 'int java.lang.invoke.DirectMethodHandle$Holder.invokeSpecial(java.lang.Object, java.lang.Object, java.lang.Object)'> (0x000000071155ba70) 
thrown [s\open\src\hotspot\share\interpreter\linkResolver.cpp, line 759]
Event: 0.646 Thread 0x0000028a8db50050 Exception <a 'java/lang/NoSuchMethodError'{0x0000000711571f00}: 'java.lang.Object java.lang.invoke.DirectMethodHandle$Holder.invokeStatic(java.lang.Object, java.lang.Object, int)'> (0x0000000711571f00) 
thrown [s\open\src\hotspot\share\interpreter\linkResolver.cpp, line 759]
Event: 0.647 Thread 0x0000028a8db50050 Exception <a 'java/lang/NoSuchMethodError'{0x0000000711576920}: 'void java.lang.invoke.DirectMethodHandle$Holder.invokeStatic(java.lang.Object, java.lang.Object, int, java.lang.Object)'> (0x0000000711576920) 
thrown [s\open\src\hotspot\share\interpreter\linkResolver.cpp, line 759]
Event: 0.647 Thread 0x0000028a8db50050 Exception <a 'java/lang/NoSuchMethodError'{0x000000071157a748}: 'void java.lang.invoke.DirectMethodHandle$Holder.invokeSpecial(java.lang.Object, java.lang.Object, java.lang.Object, int, java.lang.Object)'> (0x000000071157a748) 
thrown [s\open\src\hotspot\share\interpreter\linkResolver.cpp, line 759]
Event: 0.649 Thread 0x0000028a8db50050 Exception <a 'java/lang/NoSuchMethodError'{0x000000071157de18}: 'void java.lang.invoke.DelegatingMethodHandle$Holder.delegate(java.lang.Object, java.lang.Object, int, java.lang.Object)'> (0x000000071157de18) 
thrown [s\open\src\hotspot\share\interpreter\linkResolver.cpp, line 759]
Event: 0.750 Thread 0x0000028a8db50050 Exception <a 'java/lang/NoSuchMethodError'{0x000000071133fb38}: 'void java.lang.invoke.DelegatingMethodHandle$Holder.reinvoke_L(java.lang.Object, java.lang.Object, java.lang.Object, int)'> (0x000000071133fb38) 
thrown [s\open\src\hotspot\share\interpreter\linkResolver.cpp, line 759]

VM Operations (4 events):
Event: 0.443 Executing VM operation: HandshakeAllThreads
Event: 0.443 Executing VM operation: HandshakeAllThreads done
Event: 0.603 Executing VM operation: HandshakeAllThreads
Event: 0.603 Executing VM operation: HandshakeAllThreads done

Events (20 events):
Event: 0.269 Thread 0x0000028a8db50050 Thread added: 0x0000028a8db50050
Event: 0.278 Thread 0x0000028ab095cc30 Thread added: 0x0000028ab095cc30
Event: 0.278 Thread 0x0000028ab095df40 Thread added: 0x0000028ab095df40
Event: 0.371 Thread 0x0000028ab0972d10 Thread added: 0x0000028ab0972d10
Event: 0.371 Thread 0x0000028ab09735c0 Thread added: 0x0000028ab09735c0
Event: 0.371 Thread 0x0000028ab0973e70 Thread added: 0x0000028ab0973e70
Event: 0.372 Thread 0x0000028ab0974720 Thread added: 0x0000028ab0974720
Event: 0.372 Thread 0x0000028ab0975300 Thread added: 0x0000028ab0975300
Event: 0.381 Thread 0x0000028ab09bc6f0 Thread added: 0x0000028ab09bc6f0
Event: 0.383 Thread 0x0000028ab5431f70 Thread added: 0x0000028ab5431f70
Event: 0.425 Thread 0x0000028ab0942fa0 Thread added: 0x0000028ab0942fa0
Event: 0.478 Loaded shared library C:\Program Files\Java\jdk-18.0.2.1\bin\zip.dll
Event: 0.482 Loaded shared library C:\Program Files\Java\jdk-18.0.2.1\bin\instrument.dll
Event: 0.504 Loaded shared library C:\Program Files\Java\jdk-18.0.2.1\bin\net.dll
Event: 0.552 Loaded shared library C:\Program Files\Java\jdk-18.0.2.1\bin\nio.dll
Event: 0.558 Loaded shared library C:\Program Files\Java\jdk-18.0.2.1\bin\zip.dll
Event: 0.582 Loaded shared library C:\Program Files\Java\jdk-18.0.2.1\bin\jimage.dll
Event: 0.709 Loaded shared library C:\Program Files\Java\jdk-18.0.2.1\bin\verify.dll
Event: 0.857 Thread 0x0000028ab5653bb0 Thread added: 0x0000028ab5653bb0
Event: 0.861 Thread 0x0000028ab5654880 Thread added: 0x0000028ab5654880


Dynamic libraries:
0x00007ff6e3190000 - 0x00007ff6e31a0000 	C:\Program Files\Java\jdk-18.0.2.1\bin\java.exe
0x00007ffc06f00000 - 0x00007ffc07109000 	C:\WINDOWS\SYSTEM32\ntdll.dll
0x00007ffc05d90000 - 0x00007ffc05e4d000 	C:\WINDOWS\System32\KERNEL32.DLL
0x00007ffc046c0000 - 0x00007ffc04a44000 	C:\WINDOWS\System32\KERNELBASE.dll
0x00007ffc04ad0000 - 0x00007ffc04be1000 	C:\WINDOWS\System32\ucrtbase.dll
0x00007ffbe1710000 - 0x00007ffbe1728000 	C:\Program Files\Java\jdk-18.0.2.1\bin\jli.dll
0x00007ffc05ae0000 - 0x00007ffc05b8e000 	C:\WINDOWS\System32\ADVAPI32.dll
0x00007ffc05120000 - 0x00007ffc051c3000 	C:\WINDOWS\System32\msvcrt.dll
0x00007ffc05f50000 - 0x00007ffc05fee000 	C:\WINDOWS\System32\sechost.dll
0x00007ffc06010000 - 0x00007ffc06131000 	C:\WINDOWS\System32\RPCRT4.dll
0x00007ffc05b90000 - 0x00007ffc05d3d000 	C:\WINDOWS\System32\USER32.dll
0x00007ffc04d20000 - 0x00007ffc04d46000 	C:\WINDOWS\System32\win32u.dll
0x00007ffc05d40000 - 0x00007ffc05d6a000 	C:\WINDOWS\System32\GDI32.dll
0x00007ffc045a0000 - 0x00007ffc046be000 	C:\WINDOWS\System32\gdi32full.dll
0x00007ffc04500000 - 0x00007ffc0459d000 	C:\WINDOWS\System32\msvcp_win.dll
0x00007ffbdff60000 - 0x00007ffbdff7a000 	C:\Program Files\Java\jdk-18.0.2.1\bin\VCRUNTIME140.dll
0x00007ffbf5f70000 - 0x00007ffbf6215000 	C:\WINDOWS\WinSxS\amd64_microsoft.windows.common-controls_6595b64144ccf1df_6.0.22000.120_none_9d947278b86cc467\COMCTL32.dll
0x00007ffc03d40000 - 0x00007ffc03d4a000 	C:\WINDOWS\SYSTEM32\VERSION.dll
0x00007ffc06e80000 - 0x00007ffc06eb1000 	C:\WINDOWS\System32\IMM32.DLL
0x00007ffc069f0000 - 0x00007ffc06b8a000 	C:\WINDOWS\System32\ole32.dll
0x00007ffc05760000 - 0x00007ffc05ad6000 	C:\WINDOWS\System32\combase.dll
0x00007ffc03d30000 - 0x00007ffc03d3b000 	C:\WINDOWS\system32\fltlib.dll
0x00007ffbe95a0000 - 0x00007ffbe95ac000 	C:\Program Files\Java\jdk-18.0.2.1\bin\vcruntime140_1.dll
0x00007ffbbe000000 - 0x00007ffbbe08d000 	C:\Program Files\Java\jdk-18.0.2.1\bin\msvcp140.dll
0x00007ffbbd3e0000 - 0x00007ffbbdff1000 	C:\Program Files\Java\jdk-18.0.2.1\bin\server\jvm.dll
0x00007ffc05f40000 - 0x00007ffc05f48000 	C:\WINDOWS\System32\PSAPI.DLL
0x00007ffbe78f0000 - 0x00007ffbe78f9000 	C:\WINDOWS\SYSTEM32\WSOCK32.dll
0x00007ffc05020000 - 0x00007ffc0508f000 	C:\WINDOWS\System32\WS2_32.dll
0x00007ffbfb9f0000 - 0x00007ffbfba23000 	C:\WINDOWS\SYSTEM32\WINMM.dll
0x00007ffc03240000 - 0x00007ffc03258000 	C:\WINDOWS\SYSTEM32\kernel.appcore.dll
0x00007ffbe1580000 - 0x00007ffbe158a000 	C:\Program Files\Java\jdk-18.0.2.1\bin\jimage.dll
0x00007ffc01f40000 - 0x00007ffc02161000 	C:\WINDOWS\SYSTEM32\DBGHELP.DLL
0x00007ffbe8c40000 - 0x00007ffbe8c71000 	C:\WINDOWS\SYSTEM32\dbgcore.DLL
0x00007ffc04a50000 - 0x00007ffc04acf000 	C:\WINDOWS\System32\bcryptPrimitives.dll
0x00007ffbe09e0000 - 0x00007ffbe09ee000 	C:\Program Files\Java\jdk-18.0.2.1\bin\instrument.dll
0x00007ffbd9100000 - 0x00007ffbd9125000 	C:\Program Files\Java\jdk-18.0.2.1\bin\java.dll
0x00007ffbbd300000 - 0x00007ffbbd3d6000 	C:\Program Files\Java\jdk-18.0.2.1\bin\jsvml.dll
0x00007ffc061c0000 - 0x00007ffc06985000 	C:\WINDOWS\System32\SHELL32.dll
0x00007ffc02300000 - 0x00007ffc02b62000 	C:\WINDOWS\SYSTEM32\windows.storage.dll
0x00007ffc02190000 - 0x00007ffc022f7000 	C:\WINDOWS\SYSTEM32\wintypes.dll
0x00007ffc04e40000 - 0x00007ffc04f2a000 	C:\WINDOWS\System32\SHCORE.dll
0x00007ffc06990000 - 0x00007ffc069ed000 	C:\WINDOWS\System32\shlwapi.dll
0x00007ffc042c0000 - 0x00007ffc042e5000 	C:\WINDOWS\SYSTEM32\profapi.dll
0x00007ffbd9060000 - 0x00007ffbd9078000 	C:\Program Files\Java\jdk-18.0.2.1\bin\zip.dll
0x00007ffbd9040000 - 0x00007ffbd9053000 	C:\Program Files\Java\jdk-18.0.2.1\bin\net.dll
0x00007ffbfeeb0000 - 0x00007ffbfefc4000 	C:\WINDOWS\SYSTEM32\WINHTTP.dll
0x00007ffc03740000 - 0x00007ffc037a7000 	C:\WINDOWS\system32\mswsock.dll
0x00007ffbd8270000 - 0x00007ffbd8286000 	C:\Program Files\Java\jdk-18.0.2.1\bin\nio.dll
0x00007ffbd9900000 - 0x00007ffbd9910000 	C:\Program Files\Java\jdk-18.0.2.1\bin\verify.dll

dbghelp: loaded successfully - version: 4.0.5 - missing functions: none
symbol engine: initialized successfully - sym options: 0x614 - pdb path: .;C:\Program Files\Java\jdk-18.0.2.1\bin;C:\WINDOWS\SYSTEM32;C:\WINDOWS\WinSxS\amd64_microsoft.windows.common-controls_6595b64144ccf1df_6.0.22000.120_none_9d947278b86cc467;C:\Program Files\Java\jdk-18.0.2.1\bin\server

VM Arguments:
jvm_args: --add-modules=ALL-SYSTEM --add-opens=java.base/java.util=ALL-UNNAMED --add-opens=java.base/java.lang=ALL-UNNAMED --add-opens=java.base/sun.nio.fs=ALL-UNNAMED -Declipse.application=org.eclipse.jdt.ls.core.id1 -Dosgi.bundles.defaultStartLevel=4 -Declipse.product=org.eclipse.jdt.ls.core.product -Djava.import.generatesMetadataFilesAtProjectRoot=false -DDetectVMInstallationsJob.disabled=true -Dfile.encoding=utf8 -Xlog:disable -javaagent:c:\Users\hyper\.vscode\extensions\redhat.java-1.38.0-win32-x64\lombok\lombok-1.18.34.jar -XX:+HeapDumpOnOutOfMemoryError -XX:HeapDumpPath=c:\Users\hyper\AppData\Roaming\Code\User\workspaceStorage\55103842018b78ebd48e089c0df41d06\redhat.java -Daether.dependencyCollector.impl=bf 
java_command: c:\Users\hyper\.vscode\extensions\redhat.java-1.38.0-win32-x64\server\plugins\org.eclipse.equinox.launcher_1.6.900.v20240613-2009.jar -configuration c:\Users\hyper\AppData\Roaming\Code\User\globalStorage\redhat.java\1.38.0\config_win -data c:\Users\hyper\AppData\Roaming\Code\User\workspaceStorage\55103842018b78ebd48e089c0df41d06\redhat.java\jdt_ws --pipe=\\.\pipe\lsp-b0d2ebaf79716f64090c5cff00eb1ab0-sock
java_class_path (initial): c:\Users\hyper\.vscode\extensions\redhat.java-1.38.0-win32-x64\server\plugins\org.eclipse.equinox.launcher_1.6.900.v20240613-2009.jar
Launcher Type: SUN_STANDARD

[Global flags]
     intx CICompilerCount                          = 4                                         {product} {ergonomic}
     uint ConcGCThreads                            = 2                                         {product} {ergonomic}
     uint G1ConcRefinementThreads                  = 8                                         {product} {ergonomic}
   size_t G1HeapRegionSize                         = 2097152                                   {product} {ergonomic}
    uintx GCDrainStackTargetSize                   = 64                                        {product} {ergonomic}
     bool HeapDumpOnOutOfMemoryError               = true                                   {manageable} {command line}
    ccstr HeapDumpPath                             = c:\Users\hyper\AppData\Roaming\Code\User\workspaceStorage\55103842018b78ebd48e089c0df41d06\redhat.java         {manageable} {command line}
   size_t InitialHeapSize                          = 268435456                                 {product} {ergonomic}
   size_t MarkStackSize                            = 4194304                                   {product} {ergonomic}
   size_t MaxHeapSize                              = 4269801472                                {product} {ergonomic}
   size_t MaxNewSize                               = 2560622592                                {product} {ergonomic}
   size_t MinHeapDeltaBytes                        = 2097152                                   {product} {ergonomic}
   size_t MinHeapSize                              = 8388608                                   {product} {ergonomic}
    uintx NonNMethodCodeHeapSize                   = 5839372                                {pd product} {ergonomic}
    uintx NonProfiledCodeHeapSize                  = 122909434                              {pd product} {ergonomic}
    uintx ProfiledCodeHeapSize                     = 122909434                              {pd product} {ergonomic}
    uintx ReservedCodeCacheSize                    = 251658240                              {pd product} {ergonomic}
     bool SegmentedCodeCache                       = true                                      {product} {ergonomic}
   size_t SoftMaxHeapSize                          = 4269801472                             {manageable} {ergonomic}
     bool UseCompressedClassPointers               = true                           {product lp64_product} {ergonomic}
     bool UseCompressedOops                        = true                           {product lp64_product} {ergonomic}
     bool UseG1GC                                  = true                                      {product} {ergonomic}
     bool UseLargePagesIndividualAllocation        = false                                  {pd product} {ergonomic}

Logging:
Log output configuration:
 #0: stdout all=off uptime,level,tags foldmultilines=false
 #1: stderr all=off uptime,level,tags foldmultilines=false

Environment Variables:
JAVA_HOME=C:\Program Files\Java\jdk-18.0.2.1
PATH=C:\Program Files\Common Files\Oracle\Java\javapath;C:\WINDOWS\system32;C:\WINDOWS;C:\WINDOWS\System32\Wbem;C:\WINDOWS\System32\WindowsPowerShell\v1.0\;C:\WINDOWS\System32\OpenSSH\;C:\Program Files (x86)\NVIDIA Corporation\PhysX\Common;C:\Program Files\NVIDIA Corporation\NVIDIA NvDLISR;J:\.important\Documents\apache-maven-3.8.6\bin;C:\Program Files\Microsoft SQL Server\Client SDK\ODBC\170\Tools\Binn\;C:\Program Files (x86)\Microsoft SQL Server\150\Tools\Binn\;C:\Program Files\Microsoft SQL Server\150\Tools\Binn\;C:\Program Files\Microsoft SQL Server\150\DTS\Binn\;C:\Program Files (x86)\Microsoft SQL Server\160\DTS\Binn\;C:\Users\hyper\Downloads\curl-8.10.1_2-win64-mingw\curl-8.10.1_2-win64-mingw\bin;C:\C:\Program Files\Java\jdk-18.0.2.1\bin;C:\Program Files\OpenSSL-Win64\bin;C:\Program Files\dotnet\;C:\Program Files\Git\cmd;H:\;C:\Program Files (x86)\Microsoft SQL Server\160\Tools\Binn\;C:\Program Files\Microsoft SQL Server\160\Tools\Binn\;C:\Program Files\Microsoft SQL Server\160\DTS\Binn\;J:\Docker\resources\bin;C:\Users\hyper\AppData\Local\Microsoft\WindowsApps;C:\Users\hyper\AppData\Local\Programs\Microsoft VS Code\bin;C:\Program Files\Java\jdk-18.0.2.1\bin;C:\Users\hyper\AppData\Roaming\npm
USERNAME=hyper
OS=Windows_NT
PROCESSOR_IDENTIFIER=Intel64 Family 6 Model 60 Stepping 3, GenuineIntel



---------------  S Y S T E M  ---------------

OS:
 Windows 11 , 64 bit Build 22000 (10.0.22000.2538)
OS uptime: 1 days 9:40 hours
Hyper-V role detected

CPU: total 8 (initial active 8) (4 cores per cpu, 2 threads per core) family 6 model 60 stepping 3 microcode 0x28, cx8, cmov, fxsr, ht, mmx, sse, sse2, sse3, ssse3, sse4.1, sse4.2, popcnt, lzcnt, tsc, tscinvbit, avx, avx2, aes, erms, clmul, bmi1, bmi2, fma, vzeroupper, clflush, hv

Memory: 4k page, system-wide physical 16283M (2087M free)
TotalPageFile size 36283M (AvailPageFile size 7M)
current process WorkingSet (physical memory assigned to process): 56M, peak: 56M
current process commit charge ("private bytes"): 352M, peak: 352M

vm_info: Java HotSpot(TM) 64-Bit Server VM (18.0.2.1+1-1) for windows-amd64 JRE (18.0.2.1+1-1), built on Aug 16 2022 01:46:33 by "mach5one" with MS VC++ 16.8 / 16.9 (VS2019)

END.
