#
# There is insufficient memory for the Java Runtime Environment to continue.
# Native memory allocation (malloc) failed to allocate 1056736 bytes for Chunk::new
# Possible reasons:
#   The system is out of physical RAM or swap space
#   The process is running with CompressedOops enabled, and the Java Heap may be blocking the growth of the native heap
# Possible solutions:
#   Reduce memory load on the system
#   Increase physical memory or swap space
#   Check if swap backing store is full
#   Decrease Java heap size (-Xmx/-Xms)
#   Decrease number of Java threads
#   Decrease Java thread stack sizes (-Xss)
#   Set larger code cache with -XX:ReservedCodeCacheSize=
#   JVM is running with Zero Based Compressed Oops mode in which the Java heap is
#     placed in the first 32GB address space. The Java Heap base address is the
#     maximum limit for the native heap growth. Please use -XX:HeapBaseMinAddress
#     to set the Java Heap base and to place the Java Heap above 32GB virtual address.
# This output file may be truncated or incomplete.
#
#  Out of Memory Error (arena.cpp:184), pid=125416, tid=106236
#
# JRE version: Java(TM) SE Runtime Environment (18.0.2.1+1) (build 18.0.2.1+1-1)
# Java VM: Java HotSpot(TM) 64-Bit Server VM (18.0.2.1+1-1, mixed mode, sharing, tiered, compressed oops, compressed class ptrs, g1 gc, windows-amd64)
# No core dump will be written. Minidumps are not enabled by default on client versions of Windows
#

---------------  S U M M A R Y ------------

Command Line: --add-modules=ALL-SYSTEM --add-opens=java.base/java.util=ALL-UNNAMED --add-opens=java.base/java.lang=ALL-UNNAMED --add-opens=java.base/sun.nio.fs=ALL-UNNAMED -Declipse.application=org.eclipse.jdt.ls.core.id1 -Dosgi.bundles.defaultStartLevel=4 -Declipse.product=org.eclipse.jdt.ls.core.product -Djava.import.generatesMetadataFilesAtProjectRoot=false -DDetectVMInstallationsJob.disabled=true -Dfile.encoding=utf8 -Xlog:disable -javaagent:c:\Users\hyper\.vscode\extensions\redhat.java-1.38.0-win32-x64\lombok\lombok-1.18.34.jar -XX:+HeapDumpOnOutOfMemoryError -XX:HeapDumpPath=c:\Users\hyper\AppData\Roaming\Code\User\workspaceStorage\55103842018b78ebd48e089c0df41d06\redhat.java -Daether.dependencyCollector.impl=bf c:\Users\hyper\.vscode\extensions\redhat.java-1.38.0-win32-x64\server\plugins\org.eclipse.equinox.launcher_1.6.900.v20240613-2009.jar -configuration c:\Users\hyper\AppData\Roaming\Code\User\globalStorage\redhat.java\1.38.0\config_win -data c:\Users\hyper\AppData\Roaming\Code\User\workspaceStorage\55103842018b78ebd48e089c0df41d06\redhat.java\jdt_ws --pipe=\\.\pipe\lsp-f082aef9fd0a625578d756ff518d451a-sock

Host: Intel(R) Core(TM) i7-4770K CPU @ 3.50GHz, 8 cores, 15G,  Windows 11 , 64 bit Build 22000 (10.0.22000.2538)
Time: Tue Mar 11 03:44:57 2025 Volgograd Standard Time elapsed time: 23.876792 seconds (0d 0h 0m 23s)

---------------  T H R E A D  ---------------

Current thread (0x000002034e3574e0):  JavaThread "C2 CompilerThread2" daemon [_thread_in_native, id=106236, stack(0x00000039c3e00000,0x00000039c3f00000)]


Current CompileTask:
C2:  23876 12916   !   4       org.eclipse.jdt.internal.compiler.classfmt.ClassFileReader::<init> (2119 bytes)

Stack: [0x00000039c3e00000,0x00000039c3f00000]
Native frames: (J=compiled Java code, j=interpreted, Vv=VM code, C=native code)
V  [jvm.dll+0x6993aa]
V  [jvm.dll+0x7f46dd]
V  [jvm.dll+0x7f5fee]
V  [jvm.dll+0x7f66a3]
V  [jvm.dll+0x25cf1f]
V  [jvm.dll+0xb8c2f]
V  [jvm.dll+0xb8fa5]
V  [jvm.dll+0x2c7e2f]
V  [jvm.dll+0x5a0d8e]
V  [jvm.dll+0x2388de]
V  [jvm.dll+0x231ea5]
V  [jvm.dll+0x22f3cb]
V  [jvm.dll+0x1ba01c]
V  [jvm.dll+0x23ee0a]
V  [jvm.dll+0x23d0f5]
V  [jvm.dll+0x7a6dd1]
V  [jvm.dll+0x7a120a]
V  [jvm.dll+0x698255]
C  [ucrtbase.dll+0x26c0c]
C  [KERNEL32.DLL+0x153e0]
C  [ntdll.dll+0x485b]


---------------  P R O C E S S  ---------------

Threads class SMR info:
_java_thread_list=0x000002034aa17bd0, length=69, elements={
0x000002032103f050, 0x0000020343edf760, 0x0000020343ee02d0, 0x0000020343ef6eb0,
0x0000020343ef78c0, 0x0000020343ef9180, 0x0000020343ef9a30, 0x0000020343efa610,
0x0000020343f3ea70, 0x000002034882d860, 0x0000020343ec6a90, 0x000002034899e5f0,
0x000002034906f3a0, 0x0000020349097970, 0x0000020349363920, 0x00000203490cf440,
0x0000020349907520, 0x0000020349aaa040, 0x00000203497cfbc0, 0x00000203497d0a30,
0x00000203497d0090, 0x00000203497d13d0, 0x00000203497ced50, 0x00000203497d0f00,
0x00000203497d0560, 0x00000203497d18a0, 0x00000203497ce3b0, 0x000002034a59c960,
0x000002034a59ce30, 0x000002034a59c490, 0x000002034a59d300, 0x000002034a59d7d0,
0x000002034a59baf0, 0x000002034a59dca0, 0x000002034a59e170, 0x000002034a59bfc0,
0x000002034a59eb10, 0x000002034a59e640, 0x000002034a59efe0, 0x000002034bf9efe0,
0x000002034bf9a2e0, 0x000002034bf9ce30, 0x000002034bf9f980, 0x000002034bf9f4b0,
0x000002034bf9fe50, 0x000002034bfa0320, 0x000002034bf9d7d0, 0x000002034bfa1660,
0x000002034bf9ac80, 0x000002034bf9baf0, 0x000002034bf9bfc0, 0x000002034bf9b150,
0x000002034bfa0cc0, 0x000002034bfa1190, 0x000002034bf9c960, 0x000002034bf9b620,
0x000002034bf9d300, 0x000002034bf9dca0, 0x000002034bf9e170, 0x000002034bf9eb10,
0x000002034f116c70, 0x000002034f118480, 0x000002034f118950, 0x000002034f11be40,
0x000002034f11d180, 0x000002034f1162d0, 0x000002034f117140, 0x0000020349da2820,
0x000002034e3574e0
}

Java Threads: ( => current thread )
  0x000002032103f050 JavaThread "main" [_thread_blocked, id=106156, stack(0x00000039bec00000,0x00000039bed00000)]
  0x0000020343edf760 JavaThread "Reference Handler" daemon [_thread_blocked, id=127492, stack(0x00000039bf300000,0x00000039bf400000)]
  0x0000020343ee02d0 JavaThread "Finalizer" daemon [_thread_blocked, id=133072, stack(0x00000039bf400000,0x00000039bf500000)]
  0x0000020343ef6eb0 JavaThread "Signal Dispatcher" daemon [_thread_blocked, id=113048, stack(0x00000039bf500000,0x00000039bf600000)]
  0x0000020343ef78c0 JavaThread "Attach Listener" daemon [_thread_blocked, id=123888, stack(0x00000039bf600000,0x00000039bf700000)]
  0x0000020343ef9180 JavaThread "Service Thread" daemon [_thread_blocked, id=118948, stack(0x00000039bf700000,0x00000039bf800000)]
  0x0000020343ef9a30 JavaThread "Monitor Deflation Thread" daemon [_thread_blocked, id=137140, stack(0x00000039bf800000,0x00000039bf900000)]
  0x0000020343efa610 JavaThread "C2 CompilerThread0" daemon [_thread_blocked, id=106792, stack(0x00000039bf900000,0x00000039bfa00000)]
  0x0000020343f3ea70 JavaThread "C1 CompilerThread0" daemon [_thread_blocked, id=116012, stack(0x00000039bfa00000,0x00000039bfb00000)]
  0x000002034882d860 JavaThread "Sweeper thread" daemon [_thread_blocked, id=115908, stack(0x00000039bfb00000,0x00000039bfc00000)]
  0x0000020343ec6a90 JavaThread "Common-Cleaner" daemon [_thread_blocked, id=133628, stack(0x00000039bfc00000,0x00000039bfd00000)]
  0x000002034899e5f0 JavaThread "Notification Thread" daemon [_thread_blocked, id=128400, stack(0x00000039bfd00000,0x00000039bfe00000)]
  0x000002034906f3a0 JavaThread "Active Thread: Equinox Container: efed7423-f2d5-4799-862a-485e0288292d" [_thread_blocked, id=126092, stack(0x00000039c0600000,0x00000039c0700000)]
  0x0000020349097970 JavaThread "Refresh Thread: Equinox Container: efed7423-f2d5-4799-862a-485e0288292d" daemon [_thread_blocked, id=119644, stack(0x00000039c0800000,0x00000039c0900000)]
  0x0000020349363920 JavaThread "Framework Event Dispatcher: Equinox Container: efed7423-f2d5-4799-862a-485e0288292d" daemon [_thread_blocked, id=110120, stack(0x00000039c0900000,0x00000039c0a00000)]
  0x00000203490cf440 JavaThread "Start Level: Equinox Container: efed7423-f2d5-4799-862a-485e0288292d" daemon [_thread_blocked, id=111100, stack(0x00000039c0a00000,0x00000039c0b00000)]
  0x0000020349907520 JavaThread "Bundle File Closer" daemon [_thread_blocked, id=136944, stack(0x00000039c0c00000,0x00000039c0d00000)]
  0x0000020349aaa040 JavaThread "SCR Component Actor" daemon [_thread_blocked, id=113836, stack(0x00000039c0d00000,0x00000039c0e00000)]
  0x00000203497cfbc0 JavaThread "Worker-JM" [_thread_blocked, id=133660, stack(0x00000039c0700000,0x00000039c0800000)]
  0x00000203497d0a30 JavaThread "JNA Cleaner" daemon [_thread_blocked, id=119976, stack(0x00000039bff00000,0x00000039c0000000)]
  0x00000203497d0090 JavaThread "Worker-0" [_thread_blocked, id=119704, stack(0x00000039c0f00000,0x00000039c1000000)]
  0x00000203497d13d0 JavaThread "Worker-1" [_thread_blocked, id=114476, stack(0x00000039c1000000,0x00000039c1100000)]
  0x00000203497ced50 JavaThread "Java indexing" daemon [_thread_in_Java, id=122076, stack(0x00000039c1400000,0x00000039c1500000)]
  0x00000203497d0f00 JavaThread "Worker-2" [_thread_blocked, id=109124, stack(0x00000039c1500000,0x00000039c1600000)]
  0x00000203497d0560 JavaThread "Worker-3" [_thread_blocked, id=116496, stack(0x00000039c1800000,0x00000039c1900000)]
  0x00000203497d18a0 JavaThread "Thread-2" daemon [_thread_in_native, id=135088, stack(0x00000039c1900000,0x00000039c1a00000)]
  0x00000203497ce3b0 JavaThread "Thread-3" daemon [_thread_in_native, id=11736, stack(0x00000039c1a00000,0x00000039c1b00000)]
  0x000002034a59c960 JavaThread "Thread-4" daemon [_thread_in_native, id=119320, stack(0x00000039c1b00000,0x00000039c1c00000)]
  0x000002034a59ce30 JavaThread "Thread-5" daemon [_thread_in_native, id=115064, stack(0x00000039c1c00000,0x00000039c1d00000)]
  0x000002034a59c490 JavaThread "Thread-6" daemon [_thread_in_native, id=110152, stack(0x00000039c1d00000,0x00000039c1e00000)]
  0x000002034a59d300 JavaThread "Thread-7" daemon [_thread_in_native, id=125884, stack(0x00000039c1e00000,0x00000039c1f00000)]
  0x000002034a59d7d0 JavaThread "Thread-8" daemon [_thread_in_native, id=137516, stack(0x00000039c1f00000,0x00000039c2000000)]
  0x000002034a59baf0 JavaThread "Thread-9" daemon [_thread_in_native, id=137236, stack(0x00000039c2000000,0x00000039c2100000)]
  0x000002034a59dca0 JavaThread "Thread-10" daemon [_thread_in_native, id=122472, stack(0x00000039c2100000,0x00000039c2200000)]
  0x000002034a59e170 JavaThread "Worker-4: Initialize workspace" [_thread_blocked, id=123828, stack(0x00000039c2200000,0x00000039c2300000)]
  0x000002034a59bfc0 JavaThread "Worker-5" [_thread_blocked, id=14976, stack(0x00000039c2300000,0x00000039c2400000)]
  0x000002034a59eb10 JavaThread "pool-2-thread-1" [_thread_blocked, id=16036, stack(0x00000039c2400000,0x00000039c2500000)]
  0x000002034a59e640 JavaThread "WorkspaceEventsHandler" [_thread_blocked, id=117728, stack(0x00000039c2500000,0x00000039c2600000)]
  0x000002034a59efe0 JavaThread "pool-1-thread-1" [_thread_blocked, id=119956, stack(0x00000039c2600000,0x00000039c2700000)]
  0x000002034bf9efe0 JavaThread "LocalFile Deleter" daemon [_thread_blocked, id=118208, stack(0x00000039c2700000,0x00000039c2800000)]
  0x000002034bf9a2e0 JavaThread "LocalFile Deleter" daemon [_thread_blocked, id=130224, stack(0x00000039c2800000,0x00000039c2900000)]
  0x000002034bf9ce30 JavaThread "LocalFile Deleter" daemon [_thread_blocked, id=121252, stack(0x00000039c2900000,0x00000039c2a00000)]
  0x000002034bf9f980 JavaThread "LocalFile Deleter" daemon [_thread_blocked, id=106128, stack(0x00000039c2a00000,0x00000039c2b00000)]
  0x000002034bf9f4b0 JavaThread "LocalFile Deleter" daemon [_thread_blocked, id=125000, stack(0x00000039c2b00000,0x00000039c2c00000)]
  0x000002034bf9fe50 JavaThread "LocalFile Deleter" daemon [_thread_blocked, id=121540, stack(0x00000039c2c00000,0x00000039c2d00000)]
  0x000002034bfa0320 JavaThread "LocalFile Deleter" daemon [_thread_blocked, id=137704, stack(0x00000039c2d00000,0x00000039c2e00000)]
  0x000002034bf9d7d0 JavaThread "LocalFile Deleter" daemon [_thread_blocked, id=87364, stack(0x00000039c2e00000,0x00000039c2f00000)]
  0x000002034bfa1660 JavaThread "Compiler Source File Reader" daemon [_thread_blocked, id=108140, stack(0x00000039c2f00000,0x00000039c3000000)]
  0x000002034bf9ac80 JavaThread "Compiler Source File Reader" daemon [_thread_blocked, id=110576, stack(0x00000039c3000000,0x00000039c3100000)]
  0x000002034bf9baf0 JavaThread "Compiler Source File Reader" daemon [_thread_blocked, id=127176, stack(0x00000039c3100000,0x00000039c3200000)]
  0x000002034bf9bfc0 JavaThread "Compiler Source File Reader" daemon [_thread_blocked, id=128132, stack(0x00000039c3200000,0x00000039c3300000)]
  0x000002034bf9b150 JavaThread "Compiler Source File Reader" daemon [_thread_blocked, id=117940, stack(0x00000039c3300000,0x00000039c3400000)]
  0x000002034bfa0cc0 JavaThread "Compiler Source File Reader" daemon [_thread_blocked, id=137220, stack(0x00000039c3400000,0x00000039c3500000)]
  0x000002034bfa1190 JavaThread "Compiler Processing Task" daemon [_thread_blocked, id=116788, stack(0x00000039c0e00000,0x00000039c0f00000)]
  0x000002034bf9c960 JavaThread "Compiler Class File Writer" daemon [_thread_blocked, id=124568, stack(0x00000039c3500000,0x00000039c3600000)]
  0x000002034bf9b620 JavaThread "Compiler Class File Writer" daemon [_thread_blocked, id=131688, stack(0x00000039c3600000,0x00000039c3700000)]
  0x000002034bf9d300 JavaThread "Compiler Class File Writer" daemon [_thread_blocked, id=110640, stack(0x00000039c3700000,0x00000039c3800000)]
  0x000002034bf9dca0 JavaThread "Compiler Class File Writer" daemon [_thread_blocked, id=105900, stack(0x00000039c3800000,0x00000039c3900000)]
  0x000002034bf9e170 JavaThread "Compiler Class File Writer" daemon [_thread_blocked, id=110696, stack(0x00000039c3900000,0x00000039c3a00000)]
  0x000002034bf9eb10 JavaThread "Compiler Class File Writer" daemon [_thread_blocked, id=107060, stack(0x00000039c3a00000,0x00000039c3b00000)]
  0x000002034f116c70 JavaThread "ForkJoinPool.commonPool-worker-1" daemon [_thread_blocked, id=116892, stack(0x00000039c4000000,0x00000039c4100000)]
  0x000002034f118480 JavaThread "ForkJoinPool.commonPool-worker-2" daemon [_thread_blocked, id=108144, stack(0x00000039c4100000,0x00000039c4200000)]
  0x000002034f118950 JavaThread "ForkJoinPool.commonPool-worker-3" daemon [_thread_blocked, id=22948, stack(0x00000039c4200000,0x00000039c4300000)]
  0x000002034f11be40 JavaThread "ForkJoinPool.commonPool-worker-4" daemon [_thread_blocked, id=114664, stack(0x00000039c4300000,0x00000039c4400000)]
  0x000002034f11d180 JavaThread "ForkJoinPool.commonPool-worker-5" daemon [_thread_blocked, id=114984, stack(0x00000039c4400000,0x00000039c4500000)]
  0x000002034f1162d0 JavaThread "ForkJoinPool.commonPool-worker-6" daemon [_thread_blocked, id=137096, stack(0x00000039c4500000,0x00000039c4600000)]
  0x000002034f117140 JavaThread "ForkJoinPool.commonPool-worker-7" daemon [_thread_blocked, id=120996, stack(0x00000039c4600000,0x00000039c4700000)]
  0x0000020349da2820 JavaThread "C2 CompilerThread1" daemon [_thread_blocked, id=128060, stack(0x00000039c3d00000,0x00000039c3e00000)]
=>0x000002034e3574e0 JavaThread "C2 CompilerThread2" daemon [_thread_in_native, id=106236, stack(0x00000039c3e00000,0x00000039c3f00000)]

Other Threads:
  0x0000020343d49d20 VMThread "VM Thread" [stack: 0x00000039bf200000,0x00000039bf300000] [id=14744]
  0x0000020348a3eee0 WatcherThread "VM Periodic Task Thread" [stack: 0x00000039bfe00000,0x00000039bff00000] [id=108676]
  0x00000203210aafd0 WorkerThread "GC Thread#0" [stack: 0x00000039bed00000,0x00000039bee00000] [id=137812]
  0x0000020348e22360 WorkerThread "GC Thread#1" [stack: 0x00000039c0000000,0x00000039c0100000] [id=106260]
  0x0000020348d646f0 WorkerThread "GC Thread#2" [stack: 0x00000039c0100000,0x00000039c0200000] [id=133392]
  0x0000020348d64990 WorkerThread "GC Thread#3" [stack: 0x00000039c0200000,0x00000039c0300000] [id=110220]
  0x0000020348d115e0 WorkerThread "GC Thread#4" [stack: 0x00000039c0300000,0x00000039c0400000] [id=136624]
  0x0000020348d11880 WorkerThread "GC Thread#5" [stack: 0x00000039c0400000,0x00000039c0500000] [id=96396]
  0x0000020349030840 WorkerThread "GC Thread#6" [stack: 0x00000039c0500000,0x00000039c0600000] [id=133200]
  0x00000203490bc070 WorkerThread "GC Thread#7" [stack: 0x00000039c0b00000,0x00000039c0c00000] [id=133972]
  0x00000203210bbc90 ConcurrentGCThread "G1 Main Marker" [stack: 0x00000039bee00000,0x00000039bef00000] [id=131324]
  0x00000203210bc590 WorkerThread "G1 Conc#0" [stack: 0x00000039bef00000,0x00000039bf000000] [id=110888]
  0x000002034991dab0 WorkerThread "G1 Conc#1" [stack: 0x00000039c1100000,0x00000039c1200000] [id=118740]
  0x0000020343d8fb90 ConcurrentGCThread "G1 Refine#0" [stack: 0x00000039bf000000,0x00000039bf100000] [id=110628]
  0x000002034c557da0 ConcurrentGCThread "G1 Refine#1" [stack: 0x00000039c1200000,0x00000039c1300000] [id=126252]
  0x000002034c5569f0 ConcurrentGCThread "G1 Refine#2" [stack: 0x00000039c1300000,0x00000039c1400000] [id=130648]
  0x000002034c5588e0 ConcurrentGCThread "G1 Refine#3" [stack: 0x00000039c3b00000,0x00000039c3c00000] [id=125076]
  0x000002034c556f90 ConcurrentGCThread "G1 Refine#4" [stack: 0x00000039c3c00000,0x00000039c3d00000] [id=101760]
  0x0000020343d903b0 ConcurrentGCThread "G1 Service" [stack: 0x00000039bf100000,0x00000039bf200000] [id=11604]

Threads with active compile tasks:
C2 CompilerThread2    23919 12916   !   4       org.eclipse.jdt.internal.compiler.classfmt.ClassFileReader::<init> (2119 bytes)

VM state: not at safepoint (normal execution)

VM Mutex/Monitor currently owned by a thread: None

Heap address: 0x0000000701800000, size: 4072 MB, Compressed Oops mode: Zero based, Oop shift amount: 3

CDS archive(s) mapped at: [0x0000000800000000-0x0000000800ba0000-0x0000000800ba0000), size 12189696, SharedBaseAddress: 0x0000000800000000, ArchiveRelocationMode: 0.
Compressed class space mapped at: 0x0000000800c00000-0x0000000840c00000, reserved size: 1073741824
Narrow klass base: 0x0000000800000000, Narrow klass shift: 0, Narrow klass range: 0x100000000

GC Precious Log:
 CardTable entry size: 512
 Card Set container configuration: InlinePtr #cards 4 size 8 Array Of Cards #cards 16 size 48 Howl #buckets 8 coarsen threshold 3686 Howl Bitmap #cards 512 size 80 coarsen threshold 460 Card regions per heap region 1 cards per card region 4096
 CPUs: 8 total, 8 available
 Memory: 16283M
 Large Page Support: Disabled
 NUMA Support: Disabled
 Compressed Oops: Enabled (Zero based)
 Heap Region Size: 2M
 Heap Min Capacity: 8M
 Heap Initial Capacity: 256M
 Heap Max Capacity: 4072M
 Pre-touch: Disabled
 Parallel Workers: 8
 Concurrent Workers: 2
 Concurrent Refinement Workers: 8
 Periodic GC: Disabled

Heap:
 garbage-first heap   total 647168K, used 268754K [0x0000000701800000, 0x0000000800000000)
  region size 2048K, 43 young (88064K), 10 survivors (20480K)
 Metaspace       used 65852K, committed 67200K, reserved 1114112K
  class space    used 6530K, committed 7168K, reserved 1048576K

Heap Regions: E=young(eden), S=young(survivor), O=old, HS=humongous(starts), HC=humongous(continues), CS=collection set, F=free, OA=open archive, CA=closed archive, TAMS=top-at-mark-start (previous, next)
|   0|0x0000000701800000, 0x0000000701a00000, 0x0000000701a00000|100%| O|  |TAMS 0x0000000701a00000, 0x0000000701800000| Untracked 
|   1|0x0000000701a00000, 0x0000000701c00000, 0x0000000701c00000|100%| O|  |TAMS 0x0000000701c00000, 0x0000000701a00000| Untracked 
|   2|0x0000000701c00000, 0x0000000701e00000, 0x0000000701e00000|100%| O|  |TAMS 0x0000000701e00000, 0x0000000701c00000| Untracked 
|   3|0x0000000701e00000, 0x0000000702000000, 0x0000000702000000|100%| O|  |TAMS 0x0000000702000000, 0x0000000701e00000| Untracked 
|   4|0x0000000702000000, 0x0000000702200000, 0x0000000702200000|100%| O|  |TAMS 0x0000000702200000, 0x0000000702000000| Untracked 
|   5|0x0000000702200000, 0x0000000702400000, 0x0000000702400000|100%| O|  |TAMS 0x0000000702400000, 0x0000000702200000| Untracked 
|   6|0x0000000702400000, 0x0000000702600000, 0x0000000702600000|100%| O|  |TAMS 0x0000000702600000, 0x0000000702400000| Untracked 
|   7|0x0000000702600000, 0x0000000702800000, 0x0000000702800000|100%| O|  |TAMS 0x0000000702600000, 0x0000000702600000| Untracked 
|   8|0x0000000702800000, 0x0000000702a00000, 0x0000000702a00000|100%| O|  |TAMS 0x0000000702a00000, 0x0000000702800000| Untracked 
|   9|0x0000000702a00000, 0x0000000702c00000, 0x0000000702c00000|100%| O|  |TAMS 0x0000000702c00000, 0x0000000702a00000| Untracked 
|  10|0x0000000702c00000, 0x0000000702e00000, 0x0000000702e00000|100%| O|  |TAMS 0x0000000702e00000, 0x0000000702c00000| Untracked 
|  11|0x0000000702e00000, 0x0000000703000000, 0x0000000703000000|100%| O|  |TAMS 0x0000000703000000, 0x0000000702e00000| Untracked 
|  12|0x0000000703000000, 0x0000000703200000, 0x0000000703200000|100%| O|  |TAMS 0x0000000703200000, 0x0000000703000000| Untracked 
|  13|0x0000000703200000, 0x0000000703400000, 0x0000000703400000|100%| O|  |TAMS 0x0000000703400000, 0x0000000703200000| Untracked 
|  14|0x0000000703400000, 0x0000000703600000, 0x0000000703600000|100%| O|  |TAMS 0x0000000703600000, 0x0000000703400000| Untracked 
|  15|0x0000000703600000, 0x0000000703800000, 0x0000000703800000|100%| O|  |TAMS 0x0000000703800000, 0x0000000703600000| Untracked 
|  16|0x0000000703800000, 0x0000000703a00000, 0x0000000703a00000|100%| O|  |TAMS 0x0000000703a00000, 0x0000000703800000| Untracked 
|  17|0x0000000703a00000, 0x0000000703c00000, 0x0000000703c00000|100%| O|  |TAMS 0x0000000703c00000, 0x0000000703a00000| Untracked 
|  18|0x0000000703c00000, 0x0000000703e00000, 0x0000000703e00000|100%|HS|  |TAMS 0x0000000703c00000, 0x0000000703c00000| Complete 
|  19|0x0000000703e00000, 0x0000000704000000, 0x0000000704000000|100%| O|  |TAMS 0x0000000704000000, 0x0000000703e00000| Untracked 
|  20|0x0000000704000000, 0x0000000704200000, 0x0000000704200000|100%| O|  |TAMS 0x0000000704200000, 0x0000000704000000| Untracked 
|  21|0x0000000704200000, 0x0000000704400000, 0x0000000704400000|100%| O|  |TAMS 0x0000000704400000, 0x0000000704200000| Untracked 
|  22|0x0000000704400000, 0x0000000704600000, 0x0000000704600000|100%| O|  |TAMS 0x0000000704600000, 0x0000000704400000| Untracked 
|  23|0x0000000704600000, 0x0000000704800000, 0x0000000704800000|100%| O|  |TAMS 0x0000000704800000, 0x0000000704600000| Untracked 
|  24|0x0000000704800000, 0x0000000704a00000, 0x0000000704a00000|100%| O|  |TAMS 0x0000000704a00000, 0x0000000704800000| Untracked 
|  25|0x0000000704a00000, 0x0000000704c00000, 0x0000000704c00000|100%| O|  |TAMS 0x0000000704c00000, 0x0000000704a00000| Untracked 
|  26|0x0000000704c00000, 0x0000000704e00000, 0x0000000704e00000|100%| O|  |TAMS 0x0000000704e00000, 0x0000000704c00000| Untracked 
|  27|0x0000000704e00000, 0x0000000705000000, 0x0000000705000000|100%| O|  |TAMS 0x0000000705000000, 0x0000000704e00000| Untracked 
|  28|0x0000000705000000, 0x0000000705200000, 0x0000000705200000|100%| O|  |TAMS 0x0000000705200000, 0x0000000705000000| Untracked 
|  29|0x0000000705200000, 0x0000000705400000, 0x0000000705400000|100%| O|  |TAMS 0x0000000705400000, 0x0000000705200000| Untracked 
|  30|0x0000000705400000, 0x0000000705600000, 0x0000000705600000|100%| O|  |TAMS 0x0000000705600000, 0x0000000705400000| Untracked 
|  31|0x0000000705600000, 0x0000000705800000, 0x0000000705800000|100%| O|  |TAMS 0x0000000705800000, 0x0000000705600000| Untracked 
|  32|0x0000000705800000, 0x0000000705a00000, 0x0000000705a00000|100%| O|  |TAMS 0x0000000705a00000, 0x0000000705800000| Untracked 
|  33|0x0000000705a00000, 0x0000000705c00000, 0x0000000705c00000|100%| O|  |TAMS 0x0000000705c00000, 0x0000000705a00000| Untracked 
|  34|0x0000000705c00000, 0x0000000705e00000, 0x0000000705e00000|100%| O|  |TAMS 0x0000000705e00000, 0x0000000705c00000| Untracked 
|  35|0x0000000705e00000, 0x0000000706000000, 0x0000000706000000|100%| O|  |TAMS 0x0000000706000000, 0x0000000705e00000| Untracked 
|  36|0x0000000706000000, 0x0000000706200000, 0x0000000706200000|100%| O|  |TAMS 0x0000000706200000, 0x0000000706000000| Untracked 
|  37|0x0000000706200000, 0x0000000706400000, 0x0000000706400000|100%| O|  |TAMS 0x0000000706200000, 0x0000000706200000| Untracked 
|  38|0x0000000706400000, 0x0000000706600000, 0x0000000706600000|100%| O|  |TAMS 0x0000000706600000, 0x0000000706400000| Untracked 
|  39|0x0000000706600000, 0x0000000706800000, 0x0000000706800000|100%| O|  |TAMS 0x0000000706800000, 0x0000000706600000| Untracked 
|  40|0x0000000706800000, 0x0000000706a00000, 0x0000000706a00000|100%| O|  |TAMS 0x0000000706a00000, 0x0000000706800000| Untracked 
|  41|0x0000000706a00000, 0x0000000706c00000, 0x0000000706c00000|100%| O|  |TAMS 0x0000000706c00000, 0x0000000706a00000| Untracked 
|  42|0x0000000706c00000, 0x0000000706e00000, 0x0000000706e00000|100%| O|  |TAMS 0x0000000706e00000, 0x0000000706c00000| Untracked 
|  43|0x0000000706e00000, 0x0000000707000000, 0x0000000707000000|100%| O|  |TAMS 0x0000000707000000, 0x0000000706e00000| Untracked 
|  44|0x0000000707000000, 0x0000000707200000, 0x0000000707200000|100%| O|  |TAMS 0x0000000707200000, 0x0000000707000000| Untracked 
|  45|0x0000000707200000, 0x0000000707400000, 0x0000000707400000|100%| O|  |TAMS 0x0000000707400000, 0x0000000707200000| Untracked 
|  46|0x0000000707400000, 0x0000000707600000, 0x0000000707600000|100%| O|  |TAMS 0x00000007074be800, 0x0000000707400000| Untracked 
|  47|0x0000000707600000, 0x0000000707800000, 0x0000000707800000|100%| O|  |TAMS 0x0000000707600000, 0x0000000707600000| Untracked 
|  48|0x0000000707800000, 0x0000000707a00000, 0x0000000707a00000|100%| O|  |TAMS 0x0000000707800000, 0x0000000707800000| Untracked 
|  49|0x0000000707a00000, 0x0000000707c00000, 0x0000000707c00000|100%| O|  |TAMS 0x0000000707a00000, 0x0000000707a00000| Untracked 
|  50|0x0000000707c00000, 0x0000000707e00000, 0x0000000707e00000|100%| O|  |TAMS 0x0000000707c00000, 0x0000000707c00000| Untracked 
|  51|0x0000000707e00000, 0x0000000708000000, 0x0000000708000000|100%| O|  |TAMS 0x0000000707e00000, 0x0000000707e00000| Untracked 
|  52|0x0000000708000000, 0x0000000708200000, 0x0000000708200000|100%| O|  |TAMS 0x0000000708000000, 0x0000000708000000| Untracked 
|  53|0x0000000708200000, 0x0000000708400000, 0x0000000708400000|100%| O|  |TAMS 0x0000000708200000, 0x0000000708200000| Untracked 
|  54|0x0000000708400000, 0x0000000708600000, 0x0000000708600000|100%| O|  |TAMS 0x0000000708400000, 0x0000000708400000| Untracked 
|  55|0x0000000708600000, 0x0000000708800000, 0x0000000708800000|100%| O|  |TAMS 0x0000000708600000, 0x0000000708600000| Untracked 
|  56|0x0000000708800000, 0x0000000708a00000, 0x0000000708a00000|100%| O|  |TAMS 0x0000000708800000, 0x0000000708800000| Untracked 
|  57|0x0000000708a00000, 0x0000000708c00000, 0x0000000708c00000|100%| O|  |TAMS 0x0000000708a00000, 0x0000000708a00000| Untracked 
|  58|0x0000000708c00000, 0x0000000708e00000, 0x0000000708e00000|100%| O|  |TAMS 0x0000000708c00000, 0x0000000708c00000| Untracked 
|  59|0x0000000708e00000, 0x0000000709000000, 0x0000000709000000|100%| O|  |TAMS 0x0000000708e00000, 0x0000000708e00000| Untracked 
|  60|0x0000000709000000, 0x0000000709200000, 0x0000000709200000|100%| O|  |TAMS 0x0000000709000000, 0x0000000709000000| Untracked 
|  61|0x0000000709200000, 0x0000000709400000, 0x0000000709400000|100%| O|  |TAMS 0x0000000709200000, 0x0000000709200000| Untracked 
|  62|0x0000000709400000, 0x0000000709600000, 0x0000000709600000|100%| O|  |TAMS 0x0000000709400000, 0x0000000709400000| Untracked 
|  63|0x0000000709600000, 0x0000000709800000, 0x0000000709800000|100%| O|  |TAMS 0x0000000709600000, 0x0000000709600000| Untracked 
|  64|0x0000000709800000, 0x0000000709a00000, 0x0000000709a00000|100%| O|  |TAMS 0x0000000709800000, 0x0000000709800000| Untracked 
|  65|0x0000000709a00000, 0x0000000709c00000, 0x0000000709c00000|100%| O|  |TAMS 0x0000000709a00000, 0x0000000709a00000| Untracked 
|  66|0x0000000709c00000, 0x0000000709e00000, 0x0000000709e00000|100%| O|  |TAMS 0x0000000709c00000, 0x0000000709c00000| Untracked 
|  67|0x0000000709e00000, 0x000000070a000000, 0x000000070a000000|100%| O|  |TAMS 0x0000000709e00000, 0x0000000709e00000| Untracked 
|  68|0x000000070a000000, 0x000000070a200000, 0x000000070a200000|100%| O|  |TAMS 0x000000070a000000, 0x000000070a000000| Untracked 
|  69|0x000000070a200000, 0x000000070a400000, 0x000000070a400000|100%| O|  |TAMS 0x000000070a200000, 0x000000070a200000| Untracked 
|  70|0x000000070a400000, 0x000000070a600000, 0x000000070a600000|100%| O|  |TAMS 0x000000070a400000, 0x000000070a400000| Untracked 
|  71|0x000000070a600000, 0x000000070a800000, 0x000000070a800000|100%| O|  |TAMS 0x000000070a600000, 0x000000070a600000| Untracked 
|  72|0x000000070a800000, 0x000000070aa00000, 0x000000070aa00000|100%| O|  |TAMS 0x000000070a800000, 0x000000070a800000| Untracked 
|  73|0x000000070aa00000, 0x000000070ac00000, 0x000000070ac00000|100%| O|  |TAMS 0x000000070aa00000, 0x000000070aa00000| Untracked 
|  74|0x000000070ac00000, 0x000000070ae00000, 0x000000070ae00000|100%| O|  |TAMS 0x000000070ac00000, 0x000000070ac00000| Untracked 
|  75|0x000000070ae00000, 0x000000070b000000, 0x000000070b000000|100%| O|  |TAMS 0x000000070ae00000, 0x000000070ae00000| Untracked 
|  76|0x000000070b000000, 0x000000070b200000, 0x000000070b200000|100%| O|  |TAMS 0x000000070b000000, 0x000000070b000000| Untracked 
|  77|0x000000070b200000, 0x000000070b400000, 0x000000070b400000|100%| O|  |TAMS 0x000000070b200000, 0x000000070b200000| Untracked 
|  78|0x000000070b400000, 0x000000070b600000, 0x000000070b600000|100%| O|  |TAMS 0x000000070b400000, 0x000000070b400000| Untracked 
|  79|0x000000070b600000, 0x000000070b800000, 0x000000070b800000|100%| O|  |TAMS 0x000000070b600000, 0x000000070b600000| Untracked 
|  80|0x000000070b800000, 0x000000070ba00000, 0x000000070ba00000|100%| O|  |TAMS 0x000000070b800000, 0x000000070b800000| Untracked 
|  81|0x000000070ba00000, 0x000000070bc00000, 0x000000070bc00000|100%| O|  |TAMS 0x000000070ba00000, 0x000000070ba00000| Untracked 
|  82|0x000000070bc00000, 0x000000070be00000, 0x000000070be00000|100%| O|  |TAMS 0x000000070bc00000, 0x000000070bc00000| Untracked 
|  83|0x000000070be00000, 0x000000070c000000, 0x000000070c000000|100%| O|  |TAMS 0x000000070be00000, 0x000000070be00000| Untracked 
|  84|0x000000070c000000, 0x000000070c200000, 0x000000070c200000|100%| O|  |TAMS 0x000000070c000000, 0x000000070c000000| Untracked 
|  85|0x000000070c200000, 0x000000070c400000, 0x000000070c400000|100%| O|  |TAMS 0x000000070c200000, 0x000000070c200000| Untracked 
|  86|0x000000070c400000, 0x000000070c600000, 0x000000070c600000|100%| O|  |TAMS 0x000000070c400000, 0x000000070c400000| Untracked 
|  87|0x000000070c600000, 0x000000070c6ae000, 0x000000070c800000| 33%| O|  |TAMS 0x000000070c600000, 0x000000070c600000| Untracked 
|  88|0x000000070c800000, 0x000000070ca00000, 0x000000070ca00000|100%|HS|  |TAMS 0x000000070c800000, 0x000000070c800000| Complete 
|  89|0x000000070ca00000, 0x000000070cc00000, 0x000000070cc00000|100%|HC|  |TAMS 0x000000070ca00000, 0x000000070ca00000| Complete 
|  90|0x000000070cc00000, 0x000000070cc00000, 0x000000070ce00000|  0%| F|  |TAMS 0x000000070cc00000, 0x000000070cc00000| Untracked 
|  91|0x000000070ce00000, 0x000000070ce00000, 0x000000070d000000|  0%| F|  |TAMS 0x000000070ce00000, 0x000000070ce00000| Untracked 
|  92|0x000000070d000000, 0x000000070d000000, 0x000000070d200000|  0%| F|  |TAMS 0x000000070d000000, 0x000000070d000000| Untracked 
|  93|0x000000070d200000, 0x000000070d200000, 0x000000070d400000|  0%| F|  |TAMS 0x000000070d200000, 0x000000070d200000| Untracked 
|  94|0x000000070d400000, 0x000000070d400000, 0x000000070d600000|  0%| F|  |TAMS 0x000000070d400000, 0x000000070d400000| Untracked 
|  95|0x000000070d600000, 0x000000070d600000, 0x000000070d800000|  0%| F|  |TAMS 0x000000070d600000, 0x000000070d600000| Untracked 
|  96|0x000000070d800000, 0x000000070d800000, 0x000000070da00000|  0%| F|  |TAMS 0x000000070d800000, 0x000000070d800000| Untracked 
|  97|0x000000070da00000, 0x000000070da00000, 0x000000070dc00000|  0%| F|  |TAMS 0x000000070da00000, 0x000000070da00000| Untracked 
|  98|0x000000070dc00000, 0x000000070dc00000, 0x000000070de00000|  0%| F|  |TAMS 0x000000070dc00000, 0x000000070dc00000| Untracked 
|  99|0x000000070de00000, 0x000000070de00000, 0x000000070e000000|  0%| F|  |TAMS 0x000000070de00000, 0x000000070de00000| Untracked 
| 100|0x000000070e000000, 0x000000070e000000, 0x000000070e200000|  0%| F|  |TAMS 0x000000070e000000, 0x000000070e000000| Untracked 
| 101|0x000000070e200000, 0x000000070e200000, 0x000000070e400000|  0%| F|  |TAMS 0x000000070e200000, 0x000000070e200000| Untracked 
| 102|0x000000070e400000, 0x000000070e400000, 0x000000070e600000|  0%| F|  |TAMS 0x000000070e400000, 0x000000070e400000| Untracked 
| 103|0x000000070e600000, 0x000000070e600000, 0x000000070e800000|  0%| F|  |TAMS 0x000000070e600000, 0x000000070e600000| Untracked 
| 104|0x000000070e800000, 0x000000070e800000, 0x000000070ea00000|  0%| F|  |TAMS 0x000000070e800000, 0x000000070e800000| Untracked 
| 105|0x000000070ea00000, 0x000000070ea00000, 0x000000070ec00000|  0%| F|  |TAMS 0x000000070ea00000, 0x000000070ea00000| Untracked 
| 106|0x000000070ec00000, 0x000000070ec00000, 0x000000070ee00000|  0%| F|  |TAMS 0x000000070ec00000, 0x000000070ec00000| Untracked 
| 107|0x000000070ee00000, 0x000000070ee00000, 0x000000070f000000|  0%| F|  |TAMS 0x000000070ee00000, 0x000000070ee00000| Untracked 
| 108|0x000000070f000000, 0x000000070f000000, 0x000000070f200000|  0%| F|  |TAMS 0x000000070f000000, 0x000000070f000000| Untracked 
| 109|0x000000070f200000, 0x000000070f200000, 0x000000070f400000|  0%| F|  |TAMS 0x000000070f200000, 0x000000070f200000| Untracked 
| 110|0x000000070f400000, 0x000000070f400000, 0x000000070f600000|  0%| F|  |TAMS 0x000000070f400000, 0x000000070f400000| Untracked 
| 111|0x000000070f600000, 0x000000070f600000, 0x000000070f800000|  0%| F|  |TAMS 0x000000070f600000, 0x000000070f600000| Untracked 
| 112|0x000000070f800000, 0x000000070f800000, 0x000000070fa00000|  0%| F|  |TAMS 0x000000070f800000, 0x000000070f800000| Untracked 
| 113|0x000000070fa00000, 0x000000070fa00000, 0x000000070fc00000|  0%| F|  |TAMS 0x000000070fa00000, 0x000000070fa00000| Untracked 
| 114|0x000000070fc00000, 0x000000070fc00000, 0x000000070fe00000|  0%| F|  |TAMS 0x000000070fc00000, 0x000000070fc00000| Untracked 
| 115|0x000000070fe00000, 0x000000070fe00000, 0x0000000710000000|  0%| F|  |TAMS 0x000000070fe00000, 0x000000070fe00000| Untracked 
| 116|0x0000000710000000, 0x0000000710000000, 0x0000000710200000|  0%| F|  |TAMS 0x0000000710000000, 0x0000000710000000| Untracked 
| 117|0x0000000710200000, 0x0000000710200000, 0x0000000710400000|  0%| F|  |TAMS 0x0000000710200000, 0x0000000710200000| Untracked 
| 118|0x0000000710400000, 0x0000000710400000, 0x0000000710600000|  0%| F|  |TAMS 0x0000000710400000, 0x0000000710400000| Untracked 
| 119|0x0000000710600000, 0x0000000710600000, 0x0000000710800000|  0%| F|  |TAMS 0x0000000710600000, 0x0000000710600000| Untracked 
| 120|0x0000000710800000, 0x0000000710800000, 0x0000000710a00000|  0%| F|  |TAMS 0x0000000710800000, 0x0000000710800000| Untracked 
| 121|0x0000000710a00000, 0x0000000710a00000, 0x0000000710c00000|  0%| F|  |TAMS 0x0000000710a00000, 0x0000000710a00000| Untracked 
| 122|0x0000000710c00000, 0x0000000710c00000, 0x0000000710e00000|  0%| F|  |TAMS 0x0000000710c00000, 0x0000000710c00000| Untracked 
| 123|0x0000000710e00000, 0x0000000710e00000, 0x0000000711000000|  0%| F|  |TAMS 0x0000000710e00000, 0x0000000710e00000| Untracked 
| 124|0x0000000711000000, 0x0000000711000000, 0x0000000711200000|  0%| F|  |TAMS 0x0000000711000000, 0x0000000711000000| Untracked 
| 125|0x0000000711200000, 0x0000000711200000, 0x0000000711400000|  0%| F|  |TAMS 0x0000000711200000, 0x0000000711200000| Untracked 
| 126|0x0000000711400000, 0x0000000711400000, 0x0000000711600000|  0%| F|  |TAMS 0x0000000711400000, 0x0000000711400000| Untracked 
| 127|0x0000000711600000, 0x0000000711600000, 0x0000000711800000|  0%| F|  |TAMS 0x0000000711600000, 0x0000000711600000| Untracked 
| 128|0x0000000711800000, 0x0000000711800000, 0x0000000711a00000|  0%| F|  |TAMS 0x0000000711800000, 0x0000000711800000| Untracked 
| 129|0x0000000711a00000, 0x0000000711a00000, 0x0000000711c00000|  0%| F|  |TAMS 0x0000000711a00000, 0x0000000711a00000| Untracked 
| 130|0x0000000711c00000, 0x0000000711c00000, 0x0000000711e00000|  0%| F|  |TAMS 0x0000000711c00000, 0x0000000711c00000| Untracked 
| 131|0x0000000711e00000, 0x0000000711e00000, 0x0000000712000000|  0%| F|  |TAMS 0x0000000711e00000, 0x0000000711e00000| Untracked 
| 132|0x0000000712000000, 0x0000000712000000, 0x0000000712200000|  0%| F|  |TAMS 0x0000000712000000, 0x0000000712000000| Untracked 
| 133|0x0000000712200000, 0x0000000712200000, 0x0000000712400000|  0%| F|  |TAMS 0x0000000712200000, 0x0000000712200000| Untracked 
| 134|0x0000000712400000, 0x0000000712400000, 0x0000000712600000|  0%| F|  |TAMS 0x0000000712400000, 0x0000000712400000| Untracked 
| 135|0x0000000712600000, 0x0000000712600000, 0x0000000712800000|  0%| F|  |TAMS 0x0000000712600000, 0x0000000712600000| Untracked 
| 136|0x0000000712800000, 0x0000000712800000, 0x0000000712a00000|  0%| F|  |TAMS 0x0000000712800000, 0x0000000712800000| Untracked 
| 137|0x0000000712a00000, 0x0000000712a00000, 0x0000000712c00000|  0%| F|  |TAMS 0x0000000712a00000, 0x0000000712a00000| Untracked 
| 138|0x0000000712c00000, 0x0000000712c00000, 0x0000000712e00000|  0%| F|  |TAMS 0x0000000712c00000, 0x0000000712c00000| Untracked 
| 139|0x0000000712e00000, 0x0000000712e00000, 0x0000000713000000|  0%| F|  |TAMS 0x0000000712e00000, 0x0000000712e00000| Untracked 
| 140|0x0000000713000000, 0x0000000713000000, 0x0000000713200000|  0%| F|  |TAMS 0x0000000713000000, 0x0000000713000000| Untracked 
| 141|0x0000000713200000, 0x0000000713200000, 0x0000000713400000|  0%| F|  |TAMS 0x0000000713200000, 0x0000000713200000| Untracked 
| 142|0x0000000713400000, 0x0000000713400000, 0x0000000713600000|  0%| F|  |TAMS 0x0000000713400000, 0x0000000713400000| Untracked 
| 143|0x0000000713600000, 0x0000000713600000, 0x0000000713800000|  0%| F|  |TAMS 0x0000000713600000, 0x0000000713600000| Untracked 
| 144|0x0000000713800000, 0x0000000713800000, 0x0000000713a00000|  0%| F|  |TAMS 0x0000000713800000, 0x0000000713800000| Untracked 
| 145|0x0000000713a00000, 0x0000000713a00000, 0x0000000713c00000|  0%| F|  |TAMS 0x0000000713a00000, 0x0000000713a00000| Untracked 
| 146|0x0000000713c00000, 0x0000000713c00000, 0x0000000713e00000|  0%| F|  |TAMS 0x0000000713c00000, 0x0000000713c00000| Untracked 
| 147|0x0000000713e00000, 0x0000000713e00000, 0x0000000714000000|  0%| F|  |TAMS 0x0000000713e00000, 0x0000000713e00000| Untracked 
| 148|0x0000000714000000, 0x0000000714000000, 0x0000000714200000|  0%| F|  |TAMS 0x0000000714000000, 0x0000000714000000| Untracked 
| 149|0x0000000714200000, 0x0000000714200000, 0x0000000714400000|  0%| F|  |TAMS 0x0000000714200000, 0x0000000714200000| Untracked 
| 150|0x0000000714400000, 0x0000000714400000, 0x0000000714600000|  0%| F|  |TAMS 0x0000000714400000, 0x0000000714400000| Untracked 
| 151|0x0000000714600000, 0x0000000714600000, 0x0000000714800000|  0%| F|  |TAMS 0x0000000714600000, 0x0000000714600000| Untracked 
| 152|0x0000000714800000, 0x0000000714800000, 0x0000000714a00000|  0%| F|  |TAMS 0x0000000714800000, 0x0000000714800000| Untracked 
| 153|0x0000000714a00000, 0x0000000714a00000, 0x0000000714c00000|  0%| F|  |TAMS 0x0000000714a00000, 0x0000000714a00000| Untracked 
| 154|0x0000000714c00000, 0x0000000714c00000, 0x0000000714e00000|  0%| F|  |TAMS 0x0000000714c00000, 0x0000000714c00000| Untracked 
| 155|0x0000000714e00000, 0x0000000714e00000, 0x0000000715000000|  0%| F|  |TAMS 0x0000000714e00000, 0x0000000714e00000| Untracked 
| 156|0x0000000715000000, 0x0000000715000000, 0x0000000715200000|  0%| F|  |TAMS 0x0000000715000000, 0x0000000715000000| Untracked 
| 157|0x0000000715200000, 0x0000000715200000, 0x0000000715400000|  0%| F|  |TAMS 0x0000000715200000, 0x0000000715200000| Untracked 
| 158|0x0000000715400000, 0x0000000715400000, 0x0000000715600000|  0%| F|  |TAMS 0x0000000715400000, 0x0000000715400000| Untracked 
| 159|0x0000000715600000, 0x0000000715600000, 0x0000000715800000|  0%| F|  |TAMS 0x0000000715600000, 0x0000000715600000| Untracked 
| 160|0x0000000715800000, 0x0000000715800000, 0x0000000715a00000|  0%| F|  |TAMS 0x0000000715800000, 0x0000000715800000| Untracked 
| 161|0x0000000715a00000, 0x0000000715a00000, 0x0000000715c00000|  0%| F|  |TAMS 0x0000000715a00000, 0x0000000715a00000| Untracked 
| 162|0x0000000715c00000, 0x0000000715c00000, 0x0000000715e00000|  0%| F|  |TAMS 0x0000000715c00000, 0x0000000715c00000| Untracked 
| 163|0x0000000715e00000, 0x0000000715e00000, 0x0000000716000000|  0%| F|  |TAMS 0x0000000715e00000, 0x0000000715e00000| Untracked 
| 164|0x0000000716000000, 0x0000000716000000, 0x0000000716200000|  0%| F|  |TAMS 0x0000000716000000, 0x0000000716000000| Untracked 
| 165|0x0000000716200000, 0x0000000716200000, 0x0000000716400000|  0%| F|  |TAMS 0x0000000716200000, 0x0000000716200000| Untracked 
| 166|0x0000000716400000, 0x0000000716400000, 0x0000000716600000|  0%| F|  |TAMS 0x0000000716400000, 0x0000000716400000| Untracked 
| 167|0x0000000716600000, 0x0000000716600000, 0x0000000716800000|  0%| F|  |TAMS 0x0000000716600000, 0x0000000716600000| Untracked 
| 168|0x0000000716800000, 0x0000000716800000, 0x0000000716a00000|  0%| F|  |TAMS 0x0000000716800000, 0x0000000716800000| Untracked 
| 169|0x0000000716a00000, 0x0000000716a00000, 0x0000000716c00000|  0%| F|  |TAMS 0x0000000716a00000, 0x0000000716a00000| Untracked 
| 170|0x0000000716c00000, 0x0000000716dc6890, 0x0000000716e00000| 88%| S|CS|TAMS 0x0000000716c00000, 0x0000000716c00000| Complete 
| 171|0x0000000716e00000, 0x0000000717000000, 0x0000000717000000|100%| S|CS|TAMS 0x0000000716e00000, 0x0000000716e00000| Complete 
| 172|0x0000000717000000, 0x0000000717200000, 0x0000000717200000|100%| S|CS|TAMS 0x0000000717000000, 0x0000000717000000| Complete 
| 173|0x0000000717200000, 0x0000000717400000, 0x0000000717400000|100%| S|CS|TAMS 0x0000000717200000, 0x0000000717200000| Complete 
| 174|0x0000000717400000, 0x0000000717600000, 0x0000000717600000|100%| S|CS|TAMS 0x0000000717400000, 0x0000000717400000| Complete 
| 175|0x0000000717600000, 0x0000000717800000, 0x0000000717800000|100%| S|CS|TAMS 0x0000000717600000, 0x0000000717600000| Complete 
| 176|0x0000000717800000, 0x0000000717a00000, 0x0000000717a00000|100%| S|CS|TAMS 0x0000000717800000, 0x0000000717800000| Complete 
| 177|0x0000000717a00000, 0x0000000717c00000, 0x0000000717c00000|100%| S|CS|TAMS 0x0000000717a00000, 0x0000000717a00000| Complete 
| 178|0x0000000717c00000, 0x0000000717e00000, 0x0000000717e00000|100%| S|CS|TAMS 0x0000000717c00000, 0x0000000717c00000| Complete 
| 179|0x0000000717e00000, 0x0000000718000000, 0x0000000718000000|100%| S|CS|TAMS 0x0000000717e00000, 0x0000000717e00000| Complete 
| 180|0x0000000718000000, 0x0000000718000000, 0x0000000718200000|  0%| F|  |TAMS 0x0000000718000000, 0x0000000718000000| Untracked 
| 181|0x0000000718200000, 0x0000000718200000, 0x0000000718400000|  0%| F|  |TAMS 0x0000000718200000, 0x0000000718200000| Untracked 
| 182|0x0000000718400000, 0x0000000718400000, 0x0000000718600000|  0%| F|  |TAMS 0x0000000718400000, 0x0000000718400000| Untracked 
| 183|0x0000000718600000, 0x0000000718600000, 0x0000000718800000|  0%| F|  |TAMS 0x0000000718600000, 0x0000000718600000| Untracked 
| 184|0x0000000718800000, 0x0000000718800000, 0x0000000718a00000|  0%| F|  |TAMS 0x0000000718800000, 0x0000000718800000| Untracked 
| 185|0x0000000718a00000, 0x0000000718a00000, 0x0000000718c00000|  0%| F|  |TAMS 0x0000000718a00000, 0x0000000718a00000| Untracked 
| 186|0x0000000718c00000, 0x0000000718c00000, 0x0000000718e00000|  0%| F|  |TAMS 0x0000000718c00000, 0x0000000718c00000| Untracked 
| 187|0x0000000718e00000, 0x0000000718e00000, 0x0000000719000000|  0%| F|  |TAMS 0x0000000718e00000, 0x0000000718e00000| Untracked 
| 188|0x0000000719000000, 0x0000000719000000, 0x0000000719200000|  0%| F|  |TAMS 0x0000000719000000, 0x0000000719000000| Untracked 
| 189|0x0000000719200000, 0x0000000719200000, 0x0000000719400000|  0%| F|  |TAMS 0x0000000719200000, 0x0000000719200000| Untracked 
| 190|0x0000000719400000, 0x0000000719400000, 0x0000000719600000|  0%| F|  |TAMS 0x0000000719400000, 0x0000000719400000| Untracked 
| 191|0x0000000719600000, 0x0000000719600000, 0x0000000719800000|  0%| F|  |TAMS 0x0000000719600000, 0x0000000719600000| Untracked 
| 192|0x0000000719800000, 0x0000000719800000, 0x0000000719a00000|  0%| F|  |TAMS 0x0000000719800000, 0x0000000719800000| Untracked 
| 193|0x0000000719a00000, 0x0000000719a00000, 0x0000000719c00000|  0%| F|  |TAMS 0x0000000719a00000, 0x0000000719a00000| Untracked 
| 194|0x0000000719c00000, 0x0000000719c00000, 0x0000000719e00000|  0%| F|  |TAMS 0x0000000719c00000, 0x0000000719c00000| Untracked 
| 195|0x0000000719e00000, 0x0000000719e00000, 0x000000071a000000|  0%| F|  |TAMS 0x0000000719e00000, 0x0000000719e00000| Untracked 
| 196|0x000000071a000000, 0x000000071a000000, 0x000000071a200000|  0%| F|  |TAMS 0x000000071a000000, 0x000000071a000000| Untracked 
| 197|0x000000071a200000, 0x000000071a200000, 0x000000071a400000|  0%| F|  |TAMS 0x000000071a200000, 0x000000071a200000| Untracked 
| 198|0x000000071a400000, 0x000000071a400000, 0x000000071a600000|  0%| F|  |TAMS 0x000000071a400000, 0x000000071a400000| Untracked 
| 199|0x000000071a600000, 0x000000071a600000, 0x000000071a800000|  0%| F|  |TAMS 0x000000071a600000, 0x000000071a600000| Untracked 
| 200|0x000000071a800000, 0x000000071a800000, 0x000000071aa00000|  0%| F|  |TAMS 0x000000071a800000, 0x000000071a800000| Untracked 
| 201|0x000000071aa00000, 0x000000071aa00000, 0x000000071ac00000|  0%| F|  |TAMS 0x000000071aa00000, 0x000000071aa00000| Untracked 
| 202|0x000000071ac00000, 0x000000071ac00000, 0x000000071ae00000|  0%| F|  |TAMS 0x000000071ac00000, 0x000000071ac00000| Untracked 
| 203|0x000000071ae00000, 0x000000071ae00000, 0x000000071b000000|  0%| F|  |TAMS 0x000000071ae00000, 0x000000071ae00000| Untracked 
| 204|0x000000071b000000, 0x000000071b000000, 0x000000071b200000|  0%| F|  |TAMS 0x000000071b000000, 0x000000071b000000| Untracked 
| 205|0x000000071b200000, 0x000000071b200000, 0x000000071b400000|  0%| F|  |TAMS 0x000000071b200000, 0x000000071b200000| Untracked 
| 206|0x000000071b400000, 0x000000071b400000, 0x000000071b600000|  0%| F|  |TAMS 0x000000071b400000, 0x000000071b400000| Untracked 
| 207|0x000000071b600000, 0x000000071b600000, 0x000000071b800000|  0%| F|  |TAMS 0x000000071b600000, 0x000000071b600000| Untracked 
| 208|0x000000071b800000, 0x000000071b800000, 0x000000071ba00000|  0%| F|  |TAMS 0x000000071b800000, 0x000000071b800000| Untracked 
| 209|0x000000071ba00000, 0x000000071ba00000, 0x000000071bc00000|  0%| F|  |TAMS 0x000000071ba00000, 0x000000071ba00000| Untracked 
| 210|0x000000071bc00000, 0x000000071bc00000, 0x000000071be00000|  0%| F|  |TAMS 0x000000071bc00000, 0x000000071bc00000| Untracked 
| 211|0x000000071be00000, 0x000000071be00000, 0x000000071c000000|  0%| F|  |TAMS 0x000000071be00000, 0x000000071be00000| Untracked 
| 212|0x000000071c000000, 0x000000071c000000, 0x000000071c200000|  0%| F|  |TAMS 0x000000071c000000, 0x000000071c000000| Untracked 
| 213|0x000000071c200000, 0x000000071c200000, 0x000000071c400000|  0%| F|  |TAMS 0x000000071c200000, 0x000000071c200000| Untracked 
| 214|0x000000071c400000, 0x000000071c400000, 0x000000071c600000|  0%| F|  |TAMS 0x000000071c400000, 0x000000071c400000| Untracked 
| 215|0x000000071c600000, 0x000000071c600000, 0x000000071c800000|  0%| F|  |TAMS 0x000000071c600000, 0x000000071c600000| Untracked 
| 216|0x000000071c800000, 0x000000071c800000, 0x000000071ca00000|  0%| F|  |TAMS 0x000000071c800000, 0x000000071c800000| Untracked 
| 217|0x000000071ca00000, 0x000000071ca00000, 0x000000071cc00000|  0%| F|  |TAMS 0x000000071ca00000, 0x000000071ca00000| Untracked 
| 218|0x000000071cc00000, 0x000000071cc00000, 0x000000071ce00000|  0%| F|  |TAMS 0x000000071cc00000, 0x000000071cc00000| Untracked 
| 219|0x000000071ce00000, 0x000000071ce00000, 0x000000071d000000|  0%| F|  |TAMS 0x000000071ce00000, 0x000000071ce00000| Untracked 
| 220|0x000000071d000000, 0x000000071d000000, 0x000000071d200000|  0%| F|  |TAMS 0x000000071d000000, 0x000000071d000000| Untracked 
| 221|0x000000071d200000, 0x000000071d200000, 0x000000071d400000|  0%| F|  |TAMS 0x000000071d200000, 0x000000071d200000| Untracked 
| 222|0x000000071d400000, 0x000000071d400000, 0x000000071d600000|  0%| F|  |TAMS 0x000000071d400000, 0x000000071d400000| Untracked 
| 223|0x000000071d600000, 0x000000071d600000, 0x000000071d800000|  0%| F|  |TAMS 0x000000071d600000, 0x000000071d600000| Untracked 
| 224|0x000000071d800000, 0x000000071d800000, 0x000000071da00000|  0%| F|  |TAMS 0x000000071d800000, 0x000000071d800000| Untracked 
| 225|0x000000071da00000, 0x000000071da00000, 0x000000071dc00000|  0%| F|  |TAMS 0x000000071da00000, 0x000000071da00000| Untracked 
| 226|0x000000071dc00000, 0x000000071dc00000, 0x000000071de00000|  0%| F|  |TAMS 0x000000071dc00000, 0x000000071dc00000| Untracked 
| 227|0x000000071de00000, 0x000000071de00000, 0x000000071e000000|  0%| F|  |TAMS 0x000000071de00000, 0x000000071de00000| Untracked 
| 228|0x000000071e000000, 0x000000071e000000, 0x000000071e200000|  0%| F|  |TAMS 0x000000071e000000, 0x000000071e000000| Untracked 
| 229|0x000000071e200000, 0x000000071e200000, 0x000000071e400000|  0%| F|  |TAMS 0x000000071e200000, 0x000000071e200000| Untracked 
| 230|0x000000071e400000, 0x000000071e400000, 0x000000071e600000|  0%| F|  |TAMS 0x000000071e400000, 0x000000071e400000| Untracked 
| 231|0x000000071e600000, 0x000000071e600000, 0x000000071e800000|  0%| F|  |TAMS 0x000000071e600000, 0x000000071e600000| Untracked 
| 232|0x000000071e800000, 0x000000071e800000, 0x000000071ea00000|  0%| F|  |TAMS 0x000000071e800000, 0x000000071e800000| Untracked 
| 233|0x000000071ea00000, 0x000000071ea00000, 0x000000071ec00000|  0%| F|  |TAMS 0x000000071ea00000, 0x000000071ea00000| Untracked 
| 234|0x000000071ec00000, 0x000000071ec00000, 0x000000071ee00000|  0%| F|  |TAMS 0x000000071ec00000, 0x000000071ec00000| Untracked 
| 235|0x000000071ee00000, 0x000000071ee00000, 0x000000071f000000|  0%| F|  |TAMS 0x000000071ee00000, 0x000000071ee00000| Untracked 
| 236|0x000000071f000000, 0x000000071f000000, 0x000000071f200000|  0%| F|  |TAMS 0x000000071f000000, 0x000000071f000000| Untracked 
| 237|0x000000071f200000, 0x000000071f200000, 0x000000071f400000|  0%| F|  |TAMS 0x000000071f200000, 0x000000071f200000| Untracked 
| 238|0x000000071f400000, 0x000000071f400000, 0x000000071f600000|  0%| F|  |TAMS 0x000000071f400000, 0x000000071f400000| Untracked 
| 239|0x000000071f600000, 0x000000071f600000, 0x000000071f800000|  0%| F|  |TAMS 0x000000071f600000, 0x000000071f600000| Untracked 
| 240|0x000000071f800000, 0x000000071f800000, 0x000000071fa00000|  0%| F|  |TAMS 0x000000071f800000, 0x000000071f800000| Untracked 
| 241|0x000000071fa00000, 0x000000071fa00000, 0x000000071fc00000|  0%| F|  |TAMS 0x000000071fa00000, 0x000000071fa00000| Untracked 
| 242|0x000000071fc00000, 0x000000071fc00000, 0x000000071fe00000|  0%| F|  |TAMS 0x000000071fc00000, 0x000000071fc00000| Untracked 
| 243|0x000000071fe00000, 0x000000071fe00000, 0x0000000720000000|  0%| F|  |TAMS 0x000000071fe00000, 0x000000071fe00000| Untracked 
| 244|0x0000000720000000, 0x0000000720000000, 0x0000000720200000|  0%| F|  |TAMS 0x0000000720000000, 0x0000000720000000| Untracked 
| 245|0x0000000720200000, 0x0000000720200000, 0x0000000720400000|  0%| F|  |TAMS 0x0000000720200000, 0x0000000720200000| Untracked 
| 246|0x0000000720400000, 0x0000000720400000, 0x0000000720600000|  0%| F|  |TAMS 0x0000000720400000, 0x0000000720400000| Untracked 
| 247|0x0000000720600000, 0x0000000720600000, 0x0000000720800000|  0%| F|  |TAMS 0x0000000720600000, 0x0000000720600000| Untracked 
| 248|0x0000000720800000, 0x0000000720800000, 0x0000000720a00000|  0%| F|  |TAMS 0x0000000720800000, 0x0000000720800000| Untracked 
| 249|0x0000000720a00000, 0x0000000720a00000, 0x0000000720c00000|  0%| F|  |TAMS 0x0000000720a00000, 0x0000000720a00000| Untracked 
| 250|0x0000000720c00000, 0x0000000720c00000, 0x0000000720e00000|  0%| F|  |TAMS 0x0000000720c00000, 0x0000000720c00000| Untracked 
| 251|0x0000000720e00000, 0x0000000720e00000, 0x0000000721000000|  0%| F|  |TAMS 0x0000000720e00000, 0x0000000720e00000| Untracked 
| 252|0x0000000721000000, 0x0000000721000000, 0x0000000721200000|  0%| F|  |TAMS 0x0000000721000000, 0x0000000721000000| Untracked 
| 253|0x0000000721200000, 0x0000000721200000, 0x0000000721400000|  0%| F|  |TAMS 0x0000000721200000, 0x0000000721200000| Untracked 
| 254|0x0000000721400000, 0x0000000721400000, 0x0000000721600000|  0%| F|  |TAMS 0x0000000721400000, 0x0000000721400000| Untracked 
| 255|0x0000000721600000, 0x0000000721600000, 0x0000000721800000|  0%| F|  |TAMS 0x0000000721600000, 0x0000000721600000| Untracked 
| 256|0x0000000721800000, 0x0000000721800000, 0x0000000721a00000|  0%| F|  |TAMS 0x0000000721800000, 0x0000000721800000| Untracked 
| 257|0x0000000721a00000, 0x0000000721a00000, 0x0000000721c00000|  0%| F|  |TAMS 0x0000000721a00000, 0x0000000721a00000| Untracked 
| 258|0x0000000721c00000, 0x0000000721c00000, 0x0000000721e00000|  0%| F|  |TAMS 0x0000000721c00000, 0x0000000721c00000| Untracked 
| 259|0x0000000721e00000, 0x0000000721e00000, 0x0000000722000000|  0%| F|  |TAMS 0x0000000721e00000, 0x0000000721e00000| Untracked 
| 260|0x0000000722000000, 0x0000000722000000, 0x0000000722200000|  0%| F|  |TAMS 0x0000000722000000, 0x0000000722000000| Untracked 
| 261|0x0000000722200000, 0x0000000722200000, 0x0000000722400000|  0%| F|  |TAMS 0x0000000722200000, 0x0000000722200000| Untracked 
| 262|0x0000000722400000, 0x0000000722400000, 0x0000000722600000|  0%| F|  |TAMS 0x0000000722400000, 0x0000000722400000| Untracked 
| 263|0x0000000722600000, 0x0000000722600000, 0x0000000722800000|  0%| F|  |TAMS 0x0000000722600000, 0x0000000722600000| Untracked 
| 264|0x0000000722800000, 0x0000000722800000, 0x0000000722a00000|  0%| F|  |TAMS 0x0000000722800000, 0x0000000722800000| Untracked 
| 265|0x0000000722a00000, 0x0000000722a00000, 0x0000000722c00000|  0%| F|  |TAMS 0x0000000722a00000, 0x0000000722a00000| Untracked 
| 266|0x0000000722c00000, 0x0000000722c00000, 0x0000000722e00000|  0%| F|  |TAMS 0x0000000722c00000, 0x0000000722c00000| Untracked 
| 267|0x0000000722e00000, 0x0000000722e00000, 0x0000000723000000|  0%| F|  |TAMS 0x0000000722e00000, 0x0000000722e00000| Untracked 
| 268|0x0000000723000000, 0x0000000723000000, 0x0000000723200000|  0%| F|  |TAMS 0x0000000723000000, 0x0000000723000000| Untracked 
| 269|0x0000000723200000, 0x0000000723200000, 0x0000000723400000|  0%| F|  |TAMS 0x0000000723200000, 0x0000000723200000| Untracked 
| 270|0x0000000723400000, 0x0000000723400000, 0x0000000723600000|  0%| F|  |TAMS 0x0000000723400000, 0x0000000723400000| Untracked 
| 271|0x0000000723600000, 0x0000000723600000, 0x0000000723800000|  0%| F|  |TAMS 0x0000000723600000, 0x0000000723600000| Untracked 
| 272|0x0000000723800000, 0x0000000723800000, 0x0000000723a00000|  0%| F|  |TAMS 0x0000000723800000, 0x0000000723800000| Untracked 
| 273|0x0000000723a00000, 0x0000000723a00000, 0x0000000723c00000|  0%| F|  |TAMS 0x0000000723a00000, 0x0000000723a00000| Untracked 
| 274|0x0000000723c00000, 0x0000000723c00000, 0x0000000723e00000|  0%| F|  |TAMS 0x0000000723c00000, 0x0000000723c00000| Untracked 
| 275|0x0000000723e00000, 0x0000000723e00000, 0x0000000724000000|  0%| F|  |TAMS 0x0000000723e00000, 0x0000000723e00000| Untracked 
| 276|0x0000000724000000, 0x0000000724000000, 0x0000000724200000|  0%| F|  |TAMS 0x0000000724000000, 0x0000000724000000| Untracked 
| 277|0x0000000724200000, 0x0000000724200000, 0x0000000724400000|  0%| F|  |TAMS 0x0000000724200000, 0x0000000724200000| Untracked 
| 278|0x0000000724400000, 0x0000000724400000, 0x0000000724600000|  0%| F|  |TAMS 0x0000000724400000, 0x0000000724400000| Untracked 
| 279|0x0000000724600000, 0x0000000724600000, 0x0000000724800000|  0%| F|  |TAMS 0x0000000724600000, 0x0000000724600000| Untracked 
| 280|0x0000000724800000, 0x0000000724800000, 0x0000000724a00000|  0%| F|  |TAMS 0x0000000724800000, 0x0000000724800000| Untracked 
| 281|0x0000000724a00000, 0x0000000724a00000, 0x0000000724c00000|  0%| F|  |TAMS 0x0000000724a00000, 0x0000000724a00000| Untracked 
| 282|0x0000000724c00000, 0x0000000724e00000, 0x0000000724e00000|100%| E|  |TAMS 0x0000000724c00000, 0x0000000724c00000| Complete 
| 283|0x0000000724e00000, 0x0000000725000000, 0x0000000725000000|100%| E|CS|TAMS 0x0000000724e00000, 0x0000000724e00000| Complete 
| 284|0x0000000725000000, 0x0000000725200000, 0x0000000725200000|100%| E|CS|TAMS 0x0000000725000000, 0x0000000725000000| Complete 
| 285|0x0000000725200000, 0x0000000725400000, 0x0000000725400000|100%| E|CS|TAMS 0x0000000725200000, 0x0000000725200000| Complete 
| 286|0x0000000725400000, 0x0000000725600000, 0x0000000725600000|100%| E|CS|TAMS 0x0000000725400000, 0x0000000725400000| Complete 
| 287|0x0000000725600000, 0x0000000725800000, 0x0000000725800000|100%| E|CS|TAMS 0x0000000725600000, 0x0000000725600000| Complete 
| 288|0x0000000725800000, 0x0000000725a00000, 0x0000000725a00000|100%| E|CS|TAMS 0x0000000725800000, 0x0000000725800000| Complete 
| 289|0x0000000725a00000, 0x0000000725c00000, 0x0000000725c00000|100%| E|CS|TAMS 0x0000000725a00000, 0x0000000725a00000| Complete 
| 290|0x0000000725c00000, 0x0000000725e00000, 0x0000000725e00000|100%| E|CS|TAMS 0x0000000725c00000, 0x0000000725c00000| Complete 
| 291|0x0000000725e00000, 0x0000000726000000, 0x0000000726000000|100%| E|CS|TAMS 0x0000000725e00000, 0x0000000725e00000| Complete 
| 292|0x0000000726000000, 0x0000000726200000, 0x0000000726200000|100%| E|CS|TAMS 0x0000000726000000, 0x0000000726000000| Complete 
| 293|0x0000000726200000, 0x0000000726400000, 0x0000000726400000|100%| E|CS|TAMS 0x0000000726200000, 0x0000000726200000| Complete 
| 294|0x0000000726400000, 0x0000000726600000, 0x0000000726600000|100%| E|CS|TAMS 0x0000000726400000, 0x0000000726400000| Complete 
| 295|0x0000000726600000, 0x0000000726800000, 0x0000000726800000|100%| E|CS|TAMS 0x0000000726600000, 0x0000000726600000| Complete 
| 296|0x0000000726800000, 0x0000000726a00000, 0x0000000726a00000|100%| E|CS|TAMS 0x0000000726800000, 0x0000000726800000| Complete 
| 297|0x0000000726a00000, 0x0000000726c00000, 0x0000000726c00000|100%| E|CS|TAMS 0x0000000726a00000, 0x0000000726a00000| Complete 
| 298|0x0000000726c00000, 0x0000000726e00000, 0x0000000726e00000|100%| E|CS|TAMS 0x0000000726c00000, 0x0000000726c00000| Complete 
| 299|0x0000000726e00000, 0x0000000727000000, 0x0000000727000000|100%| E|CS|TAMS 0x0000000726e00000, 0x0000000726e00000| Complete 
| 300|0x0000000727000000, 0x0000000727200000, 0x0000000727200000|100%| E|CS|TAMS 0x0000000727000000, 0x0000000727000000| Complete 
| 301|0x0000000727200000, 0x0000000727400000, 0x0000000727400000|100%| E|CS|TAMS 0x0000000727200000, 0x0000000727200000| Complete 
| 302|0x0000000727400000, 0x0000000727600000, 0x0000000727600000|100%| E|CS|TAMS 0x0000000727400000, 0x0000000727400000| Complete 
| 303|0x0000000727600000, 0x0000000727800000, 0x0000000727800000|100%| E|CS|TAMS 0x0000000727600000, 0x0000000727600000| Complete 
| 304|0x0000000727800000, 0x0000000727a00000, 0x0000000727a00000|100%| E|CS|TAMS 0x0000000727800000, 0x0000000727800000| Complete 
| 305|0x0000000727a00000, 0x0000000727c00000, 0x0000000727c00000|100%| E|CS|TAMS 0x0000000727a00000, 0x0000000727a00000| Complete 
| 306|0x0000000727c00000, 0x0000000727e00000, 0x0000000727e00000|100%| E|CS|TAMS 0x0000000727c00000, 0x0000000727c00000| Complete 
| 307|0x0000000727e00000, 0x0000000728000000, 0x0000000728000000|100%| E|CS|TAMS 0x0000000727e00000, 0x0000000727e00000| Complete 
| 308|0x0000000728000000, 0x0000000728200000, 0x0000000728200000|100%| E|CS|TAMS 0x0000000728000000, 0x0000000728000000| Complete 
| 309|0x0000000728200000, 0x0000000728400000, 0x0000000728400000|100%| E|CS|TAMS 0x0000000728200000, 0x0000000728200000| Complete 
| 310|0x0000000728400000, 0x0000000728600000, 0x0000000728600000|100%| E|CS|TAMS 0x0000000728400000, 0x0000000728400000| Complete 
| 311|0x0000000728600000, 0x0000000728800000, 0x0000000728800000|100%| E|CS|TAMS 0x0000000728600000, 0x0000000728600000| Complete 
| 312|0x0000000728800000, 0x0000000728a00000, 0x0000000728a00000|100%| E|CS|TAMS 0x0000000728800000, 0x0000000728800000| Complete 
| 313|0x0000000728a00000, 0x0000000728c00000, 0x0000000728c00000|100%| E|CS|TAMS 0x0000000728a00000, 0x0000000728a00000| Complete 
| 314|0x0000000728c00000, 0x0000000728e00000, 0x0000000728e00000|100%| E|CS|TAMS 0x0000000728c00000, 0x0000000728c00000| Complete 
| 315|0x0000000728e00000, 0x0000000729000000, 0x0000000729000000|100%| E|CS|TAMS 0x0000000728e00000, 0x0000000728e00000| Complete 

Card table byte_map: [0x0000020338c60000,0x0000020339460000] _byte_map_base: 0x0000020335454000

Marking Bits (Prev, Next): (CMBitMap*) 0x00000203210ab4e0, (CMBitMap*) 0x00000203210ab520
 Prev Bits: [0x0000020339c60000, 0x000002033dc00000)
 Next Bits: [0x000002033dc00000, 0x0000020341ba0000)

Polling page: 0x00000203210c0000

Metaspace:

Usage:
  Non-class:     57.93 MB used.
      Class:      6.38 MB used.
       Both:     64.31 MB used.

Virtual space:
  Non-class space:       64.00 MB reserved,      58.62 MB ( 92%) committed,  1 nodes.
      Class space:        1.00 GB reserved,       7.00 MB ( <1%) committed,  1 nodes.
             Both:        1.06 GB reserved,      65.62 MB (  6%) committed. 

Chunk freelists:
   Non-Class:  1.22 MB
       Class:  998.00 KB
        Both:  2.20 MB

MaxMetaspaceSize: unlimited
CompressedClassSpaceSize: 1.00 GB
Initial GC threshold: 21.00 MB
Current GC threshold: 96.25 MB
CDS: on
MetaspaceReclaimPolicy: balanced
 - commit_granule_bytes: 65536.
 - commit_granule_words: 8192.
 - virtual_space_node_default_size: 8388608.
 - enlarge_chunks_in_place: 1.
 - new_chunks_are_fully_committed: 0.
 - uncommit_free_chunks: 1.
 - use_allocation_guard: 0.


Internal statistics:

num_allocs_failed_limit: 11.
num_arena_births: 1190.
num_arena_deaths: 14.
num_vsnodes_births: 2.
num_vsnodes_deaths: 0.
num_space_committed: 1050.
num_space_uncommitted: 0.
num_chunks_returned_to_freelist: 25.
num_chunks_taken_from_freelist: 4357.
num_chunk_merges: 16.
num_chunk_splits: 2631.
num_chunks_enlarged: 1509.
num_inconsistent_stats: 0.

CodeHeap 'non-profiled nmethods': size=120000Kb used=7051Kb max_used=7806Kb free=112948Kb
 bounds [0x00000203304c0000, 0x0000020330c60000, 0x00000203379f0000]
CodeHeap 'profiled nmethods': size=120000Kb used=24297Kb max_used=25198Kb free=95702Kb
 bounds [0x0000020328f90000, 0x000002032a890000, 0x00000203304c0000]
CodeHeap 'non-nmethods': size=5760Kb used=1389Kb max_used=1464Kb free=4371Kb
 bounds [0x00000203289f0000, 0x0000020328c60000, 0x0000020328f90000]
 total_blobs=11255 nmethods=10533 adapters=632
 compilation: enabled
              stopped_count=0, restarted_count=0
 full_count=0

Compilation events (20 events):
Event: 23.661 Thread 0x0000020343efa610 nmethod 12929 0x0000020330b44490 code [0x0000020330b44620, 0x0000020330b448b8]
Event: 23.661 Thread 0x0000020343efa610 12931       4       java.lang.invoke.MethodHandle::isAncestorLoaderOf (35 bytes)
Event: 23.662 Thread 0x0000020343f3ea70 12933       1       org.eclipse.jdt.ls.core.internal.semantictokens.SemanticTokensVisitor$SemanticToken::getOffset (5 bytes)
Event: 23.662 Thread 0x0000020343f3ea70 nmethod 12933 0x0000020330969910 code [0x0000020330969aa0, 0x0000020330969b78]
Event: 23.663 Thread 0x0000020343f3ea70 12935       3       com.google.gson.internal.bind.TypeAdapters$7::write (10 bytes)
Event: 23.663 Thread 0x0000020343efa610 nmethod 12931 0x0000020330969590 code [0x0000020330969720, 0x00000203309697f8]
Event: 23.663 Thread 0x0000020343efa610 12932       4       java.lang.Class::privateGetDeclaredFields (64 bytes)
Event: 23.663 Thread 0x0000020343f3ea70 nmethod 12935 0x0000020329372f10 code [0x0000020329373140, 0x0000020329373948]
Event: 23.663 Thread 0x0000020343f3ea70 12936       3       com.google.gson.internal.bind.TypeAdapters$7::write (23 bytes)
Event: 23.664 Thread 0x0000020343f3ea70 nmethod 12936 0x0000020329ade890 code [0x0000020329adeaa0, 0x0000020329adf128]
Event: 23.664 Thread 0x0000020343f3ea70 12937       3       com.google.gson.stream.JsonWriter::value (21 bytes)
Event: 23.664 Thread 0x0000020343f3ea70 nmethod 12937 0x00000203291ccd90 code [0x00000203291ccf80, 0x00000203291cd328]
Event: 23.669 Thread 0x0000020343efa610 nmethod 12932 0x00000203309c7290 code [0x00000203309c7440, 0x00000203309c7948]
Event: 23.669 Thread 0x0000020343efa610 12934       4       sun.invoke.util.VerifyType::isNullReferenceConversion (45 bytes)
Event: 23.671 Thread 0x0000020343efa610 nmethod 12934 0x0000020330969110 code [0x00000203309692a0, 0x00000203309693f8]
Event: 23.690 Thread 0x0000020349da2820 nmethod 12733 0x00000203306d9510 code [0x00000203306d9a60, 0x00000203306e0140]
Event: 23.698 Thread 0x0000020349da2820 12938       4       java.util.TimSort::countRunAndMakeAscending (128 bytes)
Event: 23.713 Thread 0x0000020349da2820 nmethod 12938 0x000002033068fa10 code [0x000002033068fbc0, 0x0000020330690558]
Event: 23.727 Thread 0x0000020343efa610 12939       4       java.net.URI$Parser::parse (243 bytes)
Event: 23.757 Thread 0x0000020343efa610 nmethod 12939 0x000002033086e390 code [0x000002033086e620, 0x000002033086f908]

GC Heap History (20 events):
Event: 14.928 GC heap before
{Heap before GC invocations=30 (full 0):
 garbage-first heap   total 153600K, used 95172K [0x0000000701800000, 0x0000000800000000)
  region size 2048K, 4 young (8192K), 3 survivors (6144K)
 Metaspace       used 57863K, committed 59200K, reserved 1114112K
  class space    used 5785K, committed 6400K, reserved 1048576K
}
Event: 14.933 GC heap after
{Heap after GC invocations=31 (full 0):
 garbage-first heap   total 153600K, used 93729K [0x0000000701800000, 0x0000000800000000)
  region size 2048K, 1 young (2048K), 1 survivors (2048K)
 Metaspace       used 57863K, committed 59200K, reserved 1114112K
  class space    used 5785K, committed 6400K, reserved 1048576K
}
Event: 15.372 GC heap before
{Heap before GC invocations=31 (full 0):
 garbage-first heap   total 153600K, used 120353K [0x0000000701800000, 0x0000000800000000)
  region size 2048K, 14 young (28672K), 1 survivors (2048K)
 Metaspace       used 57941K, committed 59264K, reserved 1114112K
  class space    used 5790K, committed 6400K, reserved 1048576K
}
Event: 15.377 GC heap after
{Heap after GC invocations=32 (full 0):
 garbage-first heap   total 323584K, used 99755K [0x0000000701800000, 0x0000000800000000)
  region size 2048K, 2 young (4096K), 2 survivors (4096K)
 Metaspace       used 57941K, committed 59264K, reserved 1114112K
  class space    used 5790K, committed 6400K, reserved 1048576K
}
Event: 16.762 GC heap before
{Heap before GC invocations=33 (full 0):
 garbage-first heap   total 323584K, used 226731K [0x0000000701800000, 0x0000000800000000)
  region size 2048K, 65 young (133120K), 2 survivors (4096K)
 Metaspace       used 60014K, committed 61312K, reserved 1114112K
  class space    used 5952K, committed 6528K, reserved 1048576K
}
Event: 16.774 GC heap after
{Heap after GC invocations=34 (full 0):
 garbage-first heap   total 323584K, used 110680K [0x0000000701800000, 0x0000000800000000)
  region size 2048K, 8 young (16384K), 8 survivors (16384K)
 Metaspace       used 60014K, committed 61312K, reserved 1114112K
  class space    used 5952K, committed 6528K, reserved 1048576K
}
Event: 16.785 GC heap before
{Heap before GC invocations=34 (full 0):
 garbage-first heap   total 323584K, used 112728K [0x0000000701800000, 0x0000000800000000)
  region size 2048K, 9 young (18432K), 8 survivors (16384K)
 Metaspace       used 60036K, committed 61312K, reserved 1114112K
  class space    used 5958K, committed 6528K, reserved 1048576K
}
Event: 16.793 GC heap after
{Heap after GC invocations=35 (full 0):
 garbage-first heap   total 323584K, used 109984K [0x0000000701800000, 0x0000000800000000)
  region size 2048K, 1 young (2048K), 1 survivors (2048K)
 Metaspace       used 60036K, committed 61312K, reserved 1114112K
  class space    used 5958K, committed 6528K, reserved 1048576K
}
Event: 18.971 GC heap before
{Heap before GC invocations=35 (full 0):
 garbage-first heap   total 323584K, used 232864K [0x0000000701800000, 0x0000000800000000)
  region size 2048K, 61 young (124928K), 1 survivors (2048K)
 Metaspace       used 61978K, committed 63232K, reserved 1114112K
  class space    used 6140K, committed 6720K, reserved 1048576K
}
Event: 18.985 GC heap after
{Heap after GC invocations=36 (full 0):
 garbage-first heap   total 323584K, used 131072K [0x0000000701800000, 0x0000000800000000)
  region size 2048K, 8 young (16384K), 8 survivors (16384K)
 Metaspace       used 61978K, committed 63232K, reserved 1114112K
  class space    used 6140K, committed 6720K, reserved 1048576K
}
Event: 20.649 GC heap before
{Heap before GC invocations=36 (full 0):
 garbage-first heap   total 323584K, used 239616K [0x0000000701800000, 0x0000000800000000)
  region size 2048K, 62 young (126976K), 8 survivors (16384K)
 Metaspace       used 63684K, committed 65024K, reserved 1114112K
  class space    used 6352K, committed 6976K, reserved 1048576K
}
Event: 20.682 GC heap after
{Heap after GC invocations=37 (full 0):
 garbage-first heap   total 323584K, used 152196K [0x0000000701800000, 0x0000000800000000)
  region size 2048K, 8 young (16384K), 8 survivors (16384K)
 Metaspace       used 63684K, committed 65024K, reserved 1114112K
  class space    used 6352K, committed 6976K, reserved 1048576K
}
Event: 21.719 GC heap before
{Heap before GC invocations=37 (full 0):
 garbage-first heap   total 323584K, used 246404K [0x0000000701800000, 0x0000000800000000)
  region size 2048K, 54 young (110592K), 8 survivors (16384K)
 Metaspace       used 64290K, committed 65664K, reserved 1114112K
  class space    used 6391K, committed 7040K, reserved 1048576K
}
Event: 21.733 GC heap after
{Heap after GC invocations=38 (full 0):
 garbage-first heap   total 323584K, used 168592K [0x0000000701800000, 0x0000000800000000)
  region size 2048K, 7 young (14336K), 7 survivors (14336K)
 Metaspace       used 64290K, committed 65664K, reserved 1114112K
  class space    used 6391K, committed 7040K, reserved 1048576K
}
Event: 22.077 GC heap before
{Heap before GC invocations=38 (full 0):
 garbage-first heap   total 323584K, used 250512K [0x0000000701800000, 0x0000000800000000)
  region size 2048K, 47 young (96256K), 7 survivors (14336K)
 Metaspace       used 64370K, committed 65792K, reserved 1114112K
  class space    used 6395K, committed 7040K, reserved 1048576K
}
Event: 22.091 GC heap after
{Heap after GC invocations=39 (full 0):
 garbage-first heap   total 323584K, used 179435K [0x0000000701800000, 0x0000000800000000)
  region size 2048K, 5 young (10240K), 5 survivors (10240K)
 Metaspace       used 64370K, committed 65792K, reserved 1114112K
  class space    used 6395K, committed 7040K, reserved 1048576K
}
Event: 22.492 GC heap before
{Heap before GC invocations=39 (full 0):
 garbage-first heap   total 323584K, used 257259K [0x0000000701800000, 0x0000000800000000)
  region size 2048K, 43 young (88064K), 5 survivors (10240K)
 Metaspace       used 64517K, committed 65920K, reserved 1114112K
  class space    used 6404K, committed 7040K, reserved 1048576K
}
Event: 22.507 GC heap after
{Heap after GC invocations=40 (full 0):
 garbage-first heap   total 647168K, used 188289K [0x0000000701800000, 0x0000000800000000)
  region size 2048K, 5 young (10240K), 5 survivors (10240K)
 Metaspace       used 64517K, committed 65920K, reserved 1114112K
  class space    used 6404K, committed 7040K, reserved 1048576K
}
Event: 23.260 GC heap before
{Heap before GC invocations=40 (full 0):
 garbage-first heap   total 647168K, used 466817K [0x0000000701800000, 0x0000000800000000)
  region size 2048K, 141 young (288768K), 5 survivors (10240K)
 Metaspace       used 64718K, committed 66048K, reserved 1114112K
  class space    used 6425K, committed 7040K, reserved 1048576K
}
Event: 23.271 GC heap after
{Heap after GC invocations=41 (full 0):
 garbage-first heap   total 647168K, used 199122K [0x0000000701800000, 0x0000000800000000)
  region size 2048K, 10 young (20480K), 10 survivors (20480K)
 Metaspace       used 64718K, committed 66048K, reserved 1114112K
  class space    used 6425K, committed 7040K, reserved 1048576K
}

Deoptimization events (20 events):
Event: 23.601 Thread 0x00000203497ced50 DEOPT PACKING pc=0x000002032a881bc2 sp=0x00000039c14fec60
Event: 23.601 Thread 0x00000203497ced50 DEOPT UNPACKING pc=0x0000020328a42b43 sp=0x00000039c14fe1e8 mode 0
Event: 23.623 Thread 0x00000203497ced50 DEOPT PACKING pc=0x000002032a881bc2 sp=0x00000039c14fec60
Event: 23.623 Thread 0x00000203497ced50 DEOPT UNPACKING pc=0x0000020328a42b43 sp=0x00000039c14fe1e8 mode 0
Event: 23.634 Thread 0x00000203497ced50 DEOPT PACKING pc=0x000002032a881bc2 sp=0x00000039c14fec60
Event: 23.634 Thread 0x00000203497ced50 DEOPT UNPACKING pc=0x0000020328a42b43 sp=0x00000039c14fe1e8 mode 0
Event: 23.646 Thread 0x00000203497ced50 DEOPT PACKING pc=0x000002032a88236d sp=0x00000039c14fec60
Event: 23.646 Thread 0x00000203497ced50 DEOPT UNPACKING pc=0x0000020328a42b43 sp=0x00000039c14fe1e8 mode 0
Event: 23.654 Thread 0x00000203497ced50 DEOPT PACKING pc=0x000002032a881bc2 sp=0x00000039c14fec60
Event: 23.654 Thread 0x00000203497ced50 DEOPT UNPACKING pc=0x0000020328a42b43 sp=0x00000039c14fe1e8 mode 0
Event: 23.678 Thread 0x00000203497ced50 DEOPT PACKING pc=0x000002032a881bc2 sp=0x00000039c14fec60
Event: 23.678 Thread 0x00000203497ced50 DEOPT UNPACKING pc=0x0000020328a42b43 sp=0x00000039c14fe1e8 mode 0
Event: 23.690 Thread 0x00000203497ced50 DEOPT PACKING pc=0x000002032a881bc2 sp=0x00000039c14fec60
Event: 23.690 Thread 0x00000203497ced50 DEOPT UNPACKING pc=0x0000020328a42b43 sp=0x00000039c14fe1e8 mode 0
Event: 23.701 Thread 0x00000203497ced50 DEOPT PACKING pc=0x000002032a881bc2 sp=0x00000039c14fec60
Event: 23.701 Thread 0x00000203497ced50 DEOPT UNPACKING pc=0x0000020328a42b43 sp=0x00000039c14fe1e8 mode 0
Event: 23.716 Thread 0x00000203497ced50 DEOPT PACKING pc=0x000002032a881bc2 sp=0x00000039c14fec60
Event: 23.716 Thread 0x00000203497ced50 DEOPT UNPACKING pc=0x0000020328a42b43 sp=0x00000039c14fe1e8 mode 0
Event: 23.743 Thread 0x00000203497ced50 DEOPT PACKING pc=0x000002032a881bc2 sp=0x00000039c14fec60
Event: 23.743 Thread 0x00000203497ced50 DEOPT UNPACKING pc=0x0000020328a42b43 sp=0x00000039c14fe1e8 mode 0

Classes loaded (20 events):
Event: 19.547 Loading class java/util/concurrent/CompletableFuture$Signaller
Event: 19.547 Loading class java/util/concurrent/CompletableFuture$Signaller done
Event: 20.067 Loading class java/nio/charset/CharacterCodingException
Event: 20.067 Loading class java/nio/charset/CharacterCodingException done
Event: 20.067 Loading class java/io/SequenceInputStream
Event: 20.067 Loading class java/io/SequenceInputStream done
Event: 21.580 Loading class java/io/FileReader
Event: 21.580 Loading class java/io/FileReader done
Event: 21.594 Loading class java/lang/UnsupportedClassVersionError
Event: 21.594 Loading class java/lang/UnsupportedClassVersionError done
Event: 22.611 Loading class org/xml/sax/SAXNotRecognizedException
Event: 22.611 Loading class org/xml/sax/SAXNotRecognizedException done
Event: 22.611 Loading class org/xml/sax/SAXNotSupportedException
Event: 22.611 Loading class org/xml/sax/SAXNotSupportedException done
Event: 22.612 Loading class com/sun/org/apache/xerces/internal/util/URI
Event: 22.613 Loading class com/sun/org/apache/xerces/internal/util/URI done
Event: 22.614 Loading class com/sun/org/apache/xerces/internal/xni/XNIException
Event: 22.614 Loading class com/sun/org/apache/xerces/internal/xni/XNIException done
Event: 22.614 Loading class com/sun/org/apache/xerces/internal/xni/parser/XMLParseException
Event: 22.614 Loading class com/sun/org/apache/xerces/internal/xni/parser/XMLParseException done

Classes unloaded (7 events):
Event: 7.303 Thread 0x0000020343d49d20 Unloading class 0x0000000800db4800 'java/lang/invoke/LambdaForm$MH+0x0000000800db4800'
Event: 7.303 Thread 0x0000020343d49d20 Unloading class 0x0000000800db4400 'java/lang/invoke/LambdaForm$MH+0x0000000800db4400'
Event: 7.303 Thread 0x0000020343d49d20 Unloading class 0x0000000800db4000 'java/lang/invoke/LambdaForm$MH+0x0000000800db4000'
Event: 7.303 Thread 0x0000020343d49d20 Unloading class 0x0000000800db3c00 'java/lang/invoke/LambdaForm$MH+0x0000000800db3c00'
Event: 7.303 Thread 0x0000020343d49d20 Unloading class 0x0000000800db3800 'java/lang/invoke/LambdaForm$BMH+0x0000000800db3800'
Event: 7.303 Thread 0x0000020343d49d20 Unloading class 0x0000000800db3400 'java/lang/invoke/LambdaForm$DMH+0x0000000800db3400'
Event: 7.303 Thread 0x0000020343d49d20 Unloading class 0x0000000800db2000 'java/lang/invoke/LambdaForm$DMH+0x0000000800db2000'

Classes redefined (0 events):
No events

Internal exceptions (20 events):
Event: 18.679 Thread 0x00000203497d13d0 Exception <a 'sun/nio/fs/WindowsException'{0x000000070f66fc98}> (0x000000070f66fc98) 
thrown [s\open\src\hotspot\share\prims\jni.cpp, line 516]
Event: 19.482 Thread 0x000002034a59efe0 Exception <a 'java/lang/IncompatibleClassChangeError'{0x000000071300f9a0}: Found class java.lang.Object, but interface was expected> (0x000000071300f9a0) 
thrown [s\open\src\hotspot\share\interpreter\linkResolver.cpp, line 826]
Event: 19.493 Thread 0x000002034a59efe0 Exception <a 'java/lang/IncompatibleClassChangeError'{0x0000000712b6dc88}: Found class java.lang.Object, but interface was expected> (0x0000000712b6dc88) 
thrown [s\open\src\hotspot\share\interpreter\linkResolver.cpp, line 826]
Event: 19.612 Thread 0x000002034f11d180 Exception <a 'java/lang/LinkageError'{0x00000007120db2d8}: loader lombok.launch.ShadowClassLoader @5c522681 attempted duplicate class definition for lombok.launch.PatchFixesHider$FieldInitializer. (lombok.launch.PatchFixesHider$FieldInitializer is in unnamed module of loader lombok.launch.ShadowClassLoader @5c522681, parent loader org.eclipse.osgi.internal.loader.EquinoxClassLoader @20dc4351)> (0x00000007120db2d8) 
thrown [s\open\src\hotspot\share\classfile\systemDictionary.cpp, line 1723]
Event: 19.613 Thread 0x000002034f1162d0 Exception <a 'java/lang/LinkageError'{0x00000007120f3b88}: loader lombok.launch.ShadowClassLoader @5c522681 attempted duplicate class definition for lombok.launch.PatchFixesHider$FieldInitializer. (lombok.launch.PatchFixesHider$FieldInitializer is in unnamed module of loader lombok.launch.ShadowClassLoader @5c522681, parent loader org.eclipse.osgi.internal.loader.EquinoxClassLoader @20dc4351)> (0x00000007120f3b88) 
thrown [s\open\src\hotspot\share\classfile\systemDictionary.cpp, line 1723]
Event: 20.089 Thread 0x000002034a59efe0 Exception <a 'java/io/FileNotFoundException'{0x000000070ff6a408}> (0x000000070ff6a408) 
thrown [s\open\src\hotspot\share\prims\jni.cpp, line 516]
Event: 20.089 Thread 0x000002034a59efe0 Exception <a 'java/io/FileNotFoundException'{0x000000070ff6b410}> (0x000000070ff6b410) 
thrown [s\open\src\hotspot\share\prims\jni.cpp, line 516]
Event: 21.185 Thread 0x000002034a59efe0 Exception <a 'sun/nio/fs/WindowsException'{0x0000000712b21258}> (0x0000000712b21258) 
thrown [s\open\src\hotspot\share\prims\jni.cpp, line 516]
Event: 21.185 Thread 0x000002034a59efe0 Exception <a 'sun/nio/fs/WindowsException'{0x0000000712b218b0}> (0x0000000712b218b0) 
thrown [s\open\src\hotspot\share\prims\jni.cpp, line 516]
Event: 21.186 Thread 0x000002034a59efe0 Exception <a 'sun/nio/fs/WindowsException'{0x0000000712b25110}> (0x0000000712b25110) 
thrown [s\open\src\hotspot\share\prims\jni.cpp, line 516]
Event: 21.186 Thread 0x000002034a59efe0 Exception <a 'sun/nio/fs/WindowsException'{0x0000000712b25768}> (0x0000000712b25768) 
thrown [s\open\src\hotspot\share\prims\jni.cpp, line 516]
Event: 21.234 Thread 0x000002034a59efe0 Exception <a 'java/lang/IncompatibleClassChangeError'{0x0000000712492f18}: Found class java.lang.Object, but interface was expected> (0x0000000712492f18) 
thrown [s\open\src\hotspot\share\interpreter\linkResolver.cpp, line 826]
Event: 21.546 Thread 0x00000203497d0f00 Exception <a 'java/lang/NoSuchMethodError'{0x00000007117d5b48}: 'java.lang.Object java.lang.invoke.DirectMethodHandle$Holder.invokeSpecial(java.lang.Object, java.lang.Object, int, long)'> (0x00000007117d5b48) 
thrown [s\open\src\hotspot\share\interpreter\linkResolver.cpp, line 759]
Event: 21.625 Thread 0x000002034f11be40 Exception <a 'java/lang/NoSuchMethodError'{0x000000071134cbd8}: 'int java.lang.invoke.Invokers$Holder.invokeExact_MT(java.lang.Object, java.lang.Object)'> (0x000000071134cbd8) 
thrown [s\open\src\hotspot\share\interpreter\linkResolver.cpp, line 759]
Event: 22.321 Thread 0x00000203497d0090 Exception <a 'java/lang/NoSuchMethodError'{0x0000000711b21dc0}: 'java.lang.Object java.lang.invoke.DirectMethodHandle$Holder.invokeStatic(java.lang.Object, java.lang.Object, int, java.lang.Object)'> (0x0000000711b21dc0) 
thrown [s\open\src\hotspot\share\interpreter\linkResolver.cpp, line 759]
Event: 22.608 Thread 0x00000203497d13d0 Implicit null exception at 0x0000020330c13c7f to 0x0000020330c19398
Event: 22.722 Thread 0x00000203497d13d0 Implicit null exception at 0x0000020330bcd45a to 0x0000020330bcd58d
Event: 22.796 Thread 0x00000203497d13d0 Implicit null exception at 0x0000020330bd515a to 0x0000020330bd5264
Event: 22.877 Thread 0x000002034f11be40 Exception <a 'java/lang/IncompatibleClassChangeError'{0x0000000722cd78a0}: Found class java.lang.Object, but interface was expected> (0x0000000722cd78a0) 
thrown [s\open\src\hotspot\share\interpreter\linkResolver.cpp, line 826]
Event: 23.376 Thread 0x00000203497d13d0 Implicit null exception at 0x0000020330bb1c32 to 0x0000020330bb5464

VM Operations (20 events):
Event: 22.408 Executing VM operation: G1CollectForAllocation
Event: 22.475 Executing VM operation: G1CollectForAllocation done
Event: 22.475 Executing VM operation: G1CollectForAllocation
Event: 22.608 Executing VM operation: G1CollectForAllocation done
Event: 22.888 Executing VM operation: HandshakeAllThreads
Event: 22.969 Executing VM operation: HandshakeAllThreads done
Event: 23.216 Executing VM operation: G1CollectForAllocation
Event: 23.280 Executing VM operation: G1CollectForAllocation done
Event: 23.280 Executing VM operation: HandshakeAllThreads
Event: 23.280 Executing VM operation: HandshakeAllThreads done
Event: 23.311 Executing VM operation: HandshakeAllThreads
Event: 23.321 Executing VM operation: HandshakeAllThreads done
Event: 23.321 Executing VM operation: HandshakeAllThreads
Event: 23.321 Executing VM operation: HandshakeAllThreads done
Event: 23.367 Executing VM operation: HandshakeAllThreads
Event: 23.370 Executing VM operation: HandshakeAllThreads done
Event: 23.470 Executing VM operation: ICBufferFull
Event: 23.477 Executing VM operation: ICBufferFull done
Event: 23.654 Executing VM operation: HandshakeAllThreads
Event: 23.654 Executing VM operation: HandshakeAllThreads done

Events (20 events):
Event: 23.347 Thread 0x000002034882d860 flushing nmethod 0x000002032a455e10
Event: 23.348 Thread 0x000002034882d860 flushing nmethod 0x000002032a476b90
Event: 23.348 Thread 0x000002034882d860 flushing nmethod 0x000002032a4f0c90
Event: 23.349 Thread 0x000002034882d860 flushing nmethod 0x000002032a59de90
Event: 23.349 Thread 0x000002034882d860 flushing nmethod 0x000002032a5feb90
Event: 23.349 Thread 0x000002034882d860 flushing nmethod 0x000002032a62f590
Event: 23.349 Thread 0x000002034882d860 flushing nmethod 0x000002032a6a7c90
Event: 23.349 Thread 0x000002034882d860 flushing nmethod 0x000002032a6ac210
Event: 23.349 Thread 0x000002034882d860 flushing nmethod 0x000002032a6cab90
Event: 23.350 Thread 0x000002034882d860 flushing nmethod 0x000002032a77a490
Event: 23.350 Thread 0x000002034882d860 flushing nmethod 0x000002032a795510
Event: 23.350 Thread 0x000002034882d860 flushing nmethod 0x000002032a795890
Event: 23.350 Thread 0x000002034882d860 flushing nmethod 0x000002032a79a910
Event: 23.350 Thread 0x000002034882d860 flushing nmethod 0x000002032a79f910
Event: 23.350 Thread 0x000002034882d860 flushing nmethod 0x000002032a7a0890
Event: 23.350 Thread 0x000002034882d860 flushing nmethod 0x000002032a7a1d10
Event: 23.350 Thread 0x000002034882d860 flushing nmethod 0x000002032a7a2810
Event: 23.350 Thread 0x000002034882d860 flushing nmethod 0x000002032a7a4e90
Event: 23.350 Thread 0x000002034882d860 flushing nmethod 0x000002032a7b0b10
Event: 23.350 Thread 0x000002034882d860 flushing nmethod 0x000002032a7db610


Dynamic libraries:
0x00007ff6e3190000 - 0x00007ff6e31a0000 	C:\Program Files\Java\jdk-18.0.2.1\bin\java.exe
0x00007ffc06f00000 - 0x00007ffc07109000 	C:\WINDOWS\SYSTEM32\ntdll.dll
0x00007ffc05d90000 - 0x00007ffc05e4d000 	C:\WINDOWS\System32\KERNEL32.DLL
0x00007ffc046c0000 - 0x00007ffc04a44000 	C:\WINDOWS\System32\KERNELBASE.dll
0x00007ffc04ad0000 - 0x00007ffc04be1000 	C:\WINDOWS\System32\ucrtbase.dll
0x00007ffbe1710000 - 0x00007ffbe1728000 	C:\Program Files\Java\jdk-18.0.2.1\bin\jli.dll
0x00007ffc05ae0000 - 0x00007ffc05b8e000 	C:\WINDOWS\System32\ADVAPI32.dll
0x00007ffc05120000 - 0x00007ffc051c3000 	C:\WINDOWS\System32\msvcrt.dll
0x00007ffc05f50000 - 0x00007ffc05fee000 	C:\WINDOWS\System32\sechost.dll
0x00007ffc06010000 - 0x00007ffc06131000 	C:\WINDOWS\System32\RPCRT4.dll
0x00007ffc05b90000 - 0x00007ffc05d3d000 	C:\WINDOWS\System32\USER32.dll
0x00007ffc04d20000 - 0x00007ffc04d46000 	C:\WINDOWS\System32\win32u.dll
0x00007ffc05d40000 - 0x00007ffc05d6a000 	C:\WINDOWS\System32\GDI32.dll
0x00007ffc045a0000 - 0x00007ffc046be000 	C:\WINDOWS\System32\gdi32full.dll
0x00007ffc04500000 - 0x00007ffc0459d000 	C:\WINDOWS\System32\msvcp_win.dll
0x00007ffbdff60000 - 0x00007ffbdff7a000 	C:\Program Files\Java\jdk-18.0.2.1\bin\VCRUNTIME140.dll
0x00007ffbf5f70000 - 0x00007ffbf6215000 	C:\WINDOWS\WinSxS\amd64_microsoft.windows.common-controls_6595b64144ccf1df_6.0.22000.120_none_9d947278b86cc467\COMCTL32.dll
0x00007ffc03d40000 - 0x00007ffc03d4a000 	C:\WINDOWS\SYSTEM32\VERSION.dll
0x00007ffc06e80000 - 0x00007ffc06eb1000 	C:\WINDOWS\System32\IMM32.DLL
0x00007ffc069f0000 - 0x00007ffc06b8a000 	C:\WINDOWS\System32\ole32.dll
0x00007ffc05760000 - 0x00007ffc05ad6000 	C:\WINDOWS\System32\combase.dll
0x00007ffc03d30000 - 0x00007ffc03d3b000 	C:\WINDOWS\system32\fltlib.dll
0x00007ffbe95a0000 - 0x00007ffbe95ac000 	C:\Program Files\Java\jdk-18.0.2.1\bin\vcruntime140_1.dll
0x00007ffbbe000000 - 0x00007ffbbe08d000 	C:\Program Files\Java\jdk-18.0.2.1\bin\msvcp140.dll
0x00007ffbbd3e0000 - 0x00007ffbbdff1000 	C:\Program Files\Java\jdk-18.0.2.1\bin\server\jvm.dll
0x00007ffc05f40000 - 0x00007ffc05f48000 	C:\WINDOWS\System32\PSAPI.DLL
0x00007ffbe78f0000 - 0x00007ffbe78f9000 	C:\WINDOWS\SYSTEM32\WSOCK32.dll
0x00007ffc05020000 - 0x00007ffc0508f000 	C:\WINDOWS\System32\WS2_32.dll
0x00007ffbfb9f0000 - 0x00007ffbfba23000 	C:\WINDOWS\SYSTEM32\WINMM.dll
0x00007ffc03240000 - 0x00007ffc03258000 	C:\WINDOWS\SYSTEM32\kernel.appcore.dll
0x00007ffbe1580000 - 0x00007ffbe158a000 	C:\Program Files\Java\jdk-18.0.2.1\bin\jimage.dll
0x00007ffc01f40000 - 0x00007ffc02161000 	C:\WINDOWS\SYSTEM32\DBGHELP.DLL
0x00007ffbe8c40000 - 0x00007ffbe8c71000 	C:\WINDOWS\SYSTEM32\dbgcore.DLL
0x00007ffc04a50000 - 0x00007ffc04acf000 	C:\WINDOWS\System32\bcryptPrimitives.dll
0x00007ffbe09e0000 - 0x00007ffbe09ee000 	C:\Program Files\Java\jdk-18.0.2.1\bin\instrument.dll
0x00007ffbd9100000 - 0x00007ffbd9125000 	C:\Program Files\Java\jdk-18.0.2.1\bin\java.dll
0x00007ffbbd300000 - 0x00007ffbbd3d6000 	C:\Program Files\Java\jdk-18.0.2.1\bin\jsvml.dll
0x00007ffc061c0000 - 0x00007ffc06985000 	C:\WINDOWS\System32\SHELL32.dll
0x00007ffc02300000 - 0x00007ffc02b62000 	C:\WINDOWS\SYSTEM32\windows.storage.dll
0x00007ffc02190000 - 0x00007ffc022f7000 	C:\WINDOWS\SYSTEM32\wintypes.dll
0x00007ffc04e40000 - 0x00007ffc04f2a000 	C:\WINDOWS\System32\SHCORE.dll
0x00007ffc06990000 - 0x00007ffc069ed000 	C:\WINDOWS\System32\shlwapi.dll
0x00007ffc042c0000 - 0x00007ffc042e5000 	C:\WINDOWS\SYSTEM32\profapi.dll
0x00007ffbd9060000 - 0x00007ffbd9078000 	C:\Program Files\Java\jdk-18.0.2.1\bin\zip.dll
0x00007ffbd9040000 - 0x00007ffbd9053000 	C:\Program Files\Java\jdk-18.0.2.1\bin\net.dll
0x00007ffbfeeb0000 - 0x00007ffbfefc4000 	C:\WINDOWS\SYSTEM32\WINHTTP.dll
0x00007ffc03740000 - 0x00007ffc037a7000 	C:\WINDOWS\system32\mswsock.dll
0x00007ffbd8270000 - 0x00007ffbd8286000 	C:\Program Files\Java\jdk-18.0.2.1\bin\nio.dll
0x00007ffbd9900000 - 0x00007ffbd9910000 	C:\Program Files\Java\jdk-18.0.2.1\bin\verify.dll
0x00007ffbdf160000 - 0x00007ffbdf1a5000 	C:\Users\hyper\AppData\Roaming\Code\User\globalStorage\redhat.java\1.38.0\config_win\org.eclipse.equinox.launcher\org.eclipse.equinox.launcher.win32.win32.x86_64_1.2.1100.v20240722-2106\eclipse_11904.dll
0x00007ffc03e60000 - 0x00007ffc03e78000 	C:\WINDOWS\SYSTEM32\CRYPTSP.dll
0x00007ffc03200000 - 0x00007ffc03235000 	C:\WINDOWS\system32\rsaenh.dll
0x00007ffc037e0000 - 0x00007ffc0380c000 	C:\WINDOWS\SYSTEM32\USERENV.dll
0x00007ffc03ea0000 - 0x00007ffc03ec7000 	C:\WINDOWS\SYSTEM32\bcrypt.dll
0x00007ffc03930000 - 0x00007ffc0393c000 	C:\WINDOWS\SYSTEM32\CRYPTBASE.dll
0x00007ffc02dc0000 - 0x00007ffc02ded000 	C:\WINDOWS\SYSTEM32\IPHLPAPI.DLL
0x00007ffc05010000 - 0x00007ffc05019000 	C:\WINDOWS\System32\NSI.dll
0x00007ffbfebf0000 - 0x00007ffbfec09000 	C:\WINDOWS\SYSTEM32\dhcpcsvc6.DLL
0x00007ffbff3f0000 - 0x00007ffbff40e000 	C:\WINDOWS\SYSTEM32\dhcpcsvc.DLL
0x00007ffc02e30000 - 0x00007ffc02f17000 	C:\WINDOWS\SYSTEM32\DNSAPI.dll
0x00007ffbeaf30000 - 0x00007ffbeaf79000 	C:\Users\hyper\AppData\Local\Temp\jna-99761772\jna7803474399823069748.dll
0x00007ffc032c0000 - 0x00007ffc032f4000 	C:\WINDOWS\SYSTEM32\ntmarta.dll

dbghelp: loaded successfully - version: 4.0.5 - missing functions: none
symbol engine: initialized successfully - sym options: 0x614 - pdb path: .;C:\Program Files\Java\jdk-18.0.2.1\bin;C:\WINDOWS\SYSTEM32;C:\WINDOWS\WinSxS\amd64_microsoft.windows.common-controls_6595b64144ccf1df_6.0.22000.120_none_9d947278b86cc467;C:\Program Files\Java\jdk-18.0.2.1\bin\server;C:\Users\hyper\AppData\Roaming\Code\User\globalStorage\redhat.java\1.38.0\config_win\org.eclipse.equinox.launcher\org.eclipse.equinox.launcher.win32.win32.x86_64_1.2.1100.v20240722-2106;C:\Users\hyper\AppData\Local\Temp\jna-99761772

VM Arguments:
jvm_args: --add-modules=ALL-SYSTEM --add-opens=java.base/java.util=ALL-UNNAMED --add-opens=java.base/java.lang=ALL-UNNAMED --add-opens=java.base/sun.nio.fs=ALL-UNNAMED -Declipse.application=org.eclipse.jdt.ls.core.id1 -Dosgi.bundles.defaultStartLevel=4 -Declipse.product=org.eclipse.jdt.ls.core.product -Djava.import.generatesMetadataFilesAtProjectRoot=false -DDetectVMInstallationsJob.disabled=true -Dfile.encoding=utf8 -Xlog:disable -javaagent:c:\Users\hyper\.vscode\extensions\redhat.java-1.38.0-win32-x64\lombok\lombok-1.18.34.jar -XX:+HeapDumpOnOutOfMemoryError -XX:HeapDumpPath=c:\Users\hyper\AppData\Roaming\Code\User\workspaceStorage\55103842018b78ebd48e089c0df41d06\redhat.java -Daether.dependencyCollector.impl=bf 
java_command: c:\Users\hyper\.vscode\extensions\redhat.java-1.38.0-win32-x64\server\plugins\org.eclipse.equinox.launcher_1.6.900.v20240613-2009.jar -configuration c:\Users\hyper\AppData\Roaming\Code\User\globalStorage\redhat.java\1.38.0\config_win -data c:\Users\hyper\AppData\Roaming\Code\User\workspaceStorage\55103842018b78ebd48e089c0df41d06\redhat.java\jdt_ws --pipe=\\.\pipe\lsp-f082aef9fd0a625578d756ff518d451a-sock
java_class_path (initial): c:\Users\hyper\.vscode\extensions\redhat.java-1.38.0-win32-x64\server\plugins\org.eclipse.equinox.launcher_1.6.900.v20240613-2009.jar
Launcher Type: SUN_STANDARD

[Global flags]
     intx CICompilerCount                          = 4                                         {product} {ergonomic}
     uint ConcGCThreads                            = 2                                         {product} {ergonomic}
     uint G1ConcRefinementThreads                  = 8                                         {product} {ergonomic}
   size_t G1HeapRegionSize                         = 2097152                                   {product} {ergonomic}
    uintx GCDrainStackTargetSize                   = 64                                        {product} {ergonomic}
     bool HeapDumpOnOutOfMemoryError               = true                                   {manageable} {command line}
    ccstr HeapDumpPath                             = c:\Users\hyper\AppData\Roaming\Code\User\workspaceStorage\55103842018b78ebd48e089c0df41d06\redhat.java         {manageable} {command line}
   size_t InitialHeapSize                          = 268435456                                 {product} {ergonomic}
   size_t MarkStackSize                            = 4194304                                   {product} {ergonomic}
   size_t MaxHeapSize                              = 4269801472                                {product} {ergonomic}
   size_t MaxNewSize                               = 2560622592                                {product} {ergonomic}
   size_t MinHeapDeltaBytes                        = 2097152                                   {product} {ergonomic}
   size_t MinHeapSize                              = 8388608                                   {product} {ergonomic}
    uintx NonNMethodCodeHeapSize                   = 5839372                                {pd product} {ergonomic}
    uintx NonProfiledCodeHeapSize                  = 122909434                              {pd product} {ergonomic}
    uintx ProfiledCodeHeapSize                     = 122909434                              {pd product} {ergonomic}
    uintx ReservedCodeCacheSize                    = 251658240                              {pd product} {ergonomic}
     bool SegmentedCodeCache                       = true                                      {product} {ergonomic}
   size_t SoftMaxHeapSize                          = 4269801472                             {manageable} {ergonomic}
     bool UseCompressedClassPointers               = true                           {product lp64_product} {ergonomic}
     bool UseCompressedOops                        = true                           {product lp64_product} {ergonomic}
     bool UseG1GC                                  = true                                      {product} {ergonomic}
     bool UseLargePagesIndividualAllocation        = false                                  {pd product} {ergonomic}

Logging:
Log output configuration:
 #0: stdout all=off uptime,level,tags foldmultilines=false
 #1: stderr all=off uptime,level,tags foldmultilines=false

Environment Variables:
JAVA_HOME=C:\Program Files\Java\jdk-18.0.2.1
PATH=C:\Program Files\Common Files\Oracle\Java\javapath;C:\WINDOWS\system32;C:\WINDOWS;C:\WINDOWS\System32\Wbem;C:\WINDOWS\System32\WindowsPowerShell\v1.0\;C:\WINDOWS\System32\OpenSSH\;C:\Program Files (x86)\NVIDIA Corporation\PhysX\Common;C:\Program Files\NVIDIA Corporation\NVIDIA NvDLISR;J:\.important\Documents\apache-maven-3.8.6\bin;C:\Program Files\Microsoft SQL Server\Client SDK\ODBC\170\Tools\Binn\;C:\Program Files (x86)\Microsoft SQL Server\150\Tools\Binn\;C:\Program Files\Microsoft SQL Server\150\Tools\Binn\;C:\Program Files\Microsoft SQL Server\150\DTS\Binn\;C:\Program Files (x86)\Microsoft SQL Server\160\DTS\Binn\;C:\Users\hyper\Downloads\curl-8.10.1_2-win64-mingw\curl-8.10.1_2-win64-mingw\bin;C:\C:\Program Files\Java\jdk-18.0.2.1\bin;C:\Program Files\OpenSSL-Win64\bin;C:\Program Files\dotnet\;C:\Program Files\Git\cmd;H:\;C:\Program Files (x86)\Microsoft SQL Server\160\Tools\Binn\;C:\Program Files\Microsoft SQL Server\160\Tools\Binn\;C:\Program Files\Microsoft SQL Server\160\DTS\Binn\;J:\Docker\resources\bin;C:\Users\hyper\AppData\Local\Microsoft\WindowsApps;C:\Users\hyper\AppData\Local\Programs\Microsoft VS Code\bin;C:\Program Files\Java\jdk-18.0.2.1\bin;C:\Users\hyper\AppData\Roaming\npm
USERNAME=hyper
OS=Windows_NT
PROCESSOR_IDENTIFIER=Intel64 Family 6 Model 60 Stepping 3, GenuineIntel



---------------  S Y S T E M  ---------------

OS:
 Windows 11 , 64 bit Build 22000 (10.0.22000.2538)
OS uptime: 1 days 9:37 hours
Hyper-V role detected

CPU: total 8 (initial active 8) (4 cores per cpu, 2 threads per core) family 6 model 60 stepping 3 microcode 0x28, cx8, cmov, fxsr, ht, mmx, sse, sse2, sse3, ssse3, sse4.1, sse4.2, popcnt, lzcnt, tsc, tscinvbit, avx, avx2, aes, erms, clmul, bmi1, bmi2, fma, vzeroupper, clflush, hv

Memory: 4k page, system-wide physical 16283M (1081M free)
TotalPageFile size 36283M (AvailPageFile size 0M)
current process WorkingSet (physical memory assigned to process): 896M, peak: 896M
current process commit charge ("private bytes"): 925M, peak: 927M

vm_info: Java HotSpot(TM) 64-Bit Server VM (18.0.2.1+1-1) for windows-amd64 JRE (18.0.2.1+1-1), built on Aug 16 2022 01:46:33 by "mach5one" with MS VC++ 16.8 / 16.9 (VS2019)

END.
