#
# There is insufficient memory for the Java Runtime Environment to continue.
# Native memory allocation (mmap) failed to map 113246208 bytes for G1 virtual space
# Possible reasons:
#   The system is out of physical RAM or swap space
#   The process is running with CompressedOops enabled, and the Java Heap may be blocking the growth of the native heap
# Possible solutions:
#   Reduce memory load on the system
#   Increase physical memory or swap space
#   Check if swap backing store is full
#   Decrease Java heap size (-Xmx/-Xms)
#   Decrease number of Java threads
#   Decrease Java thread stack sizes (-Xss)
#   Set larger code cache with -XX:ReservedCodeCacheSize=
#   JVM is running with Zero Based Compressed Oops mode in which the Java heap is
#     placed in the first 32GB address space. The Java Heap base address is the
#     maximum limit for the native heap growth. Please use -XX:HeapBaseMinAddress
#     to set the Java Heap base and to place the Java Heap above 32GB virtual address.
# This output file may be truncated or incomplete.
#
#  Out of Memory Error (os_windows.cpp:3530), pid=122876, tid=137760
#
# JRE version: Java(TM) SE Runtime Environment (18.0.2.1+1) (build 18.0.2.1+1-1)
# Java VM: Java HotSpot(TM) 64-Bit Server VM (18.0.2.1+1-1, mixed mode, sharing, tiered, compressed oops, compressed class ptrs, g1 gc, windows-amd64)
# No core dump will be written. Minidumps are not enabled by default on client versions of Windows
#

---------------  S U M M A R Y ------------

Command Line: --add-modules=ALL-SYSTEM --add-opens=java.base/java.util=ALL-UNNAMED --add-opens=java.base/java.lang=ALL-UNNAMED --add-opens=java.base/sun.nio.fs=ALL-UNNAMED -Declipse.application=org.eclipse.jdt.ls.core.id1 -Dosgi.bundles.defaultStartLevel=4 -Declipse.product=org.eclipse.jdt.ls.core.product -Djava.import.generatesMetadataFilesAtProjectRoot=false -DDetectVMInstallationsJob.disabled=true -Dfile.encoding=utf8 -Xlog:disable -javaagent:c:\Users\hyper\.vscode\extensions\redhat.java-1.38.0-win32-x64\lombok\lombok-1.18.34.jar -XX:+HeapDumpOnOutOfMemoryError -XX:HeapDumpPath=c:\Users\hyper\AppData\Roaming\Code\User\workspaceStorage\55103842018b78ebd48e089c0df41d06\redhat.java -Daether.dependencyCollector.impl=bf c:\Users\hyper\.vscode\extensions\redhat.java-1.38.0-win32-x64\server\plugins\org.eclipse.equinox.launcher_1.6.900.v20240613-2009.jar -configuration c:\Users\hyper\AppData\Roaming\Code\User\globalStorage\redhat.java\1.38.0\config_win -data c:\Users\hyper\AppData\Roaming\Code\User\workspaceStorage\55103842018b78ebd48e089c0df41d06\redhat.java\jdt_ws --pipe=\\.\pipe\lsp-7ad357d3946e8988137c5d788da7745c-sock

Host: Intel(R) Core(TM) i7-4770K CPU @ 3.50GHz, 8 cores, 15G,  Windows 11 , 64 bit Build 22000 (10.0.22000.2538)
Time: Tue Mar 11 03:55:46 2025 Volgograd Standard Time elapsed time: 21.575811 seconds (0d 0h 0m 21s)

---------------  T H R E A D  ---------------

Current thread (0x000002674b1fb440):  VMThread "VM Thread" [stack: 0x000000dcbaf00000,0x000000dcbb000000] [id=137760]

Stack: [0x000000dcbaf00000,0x000000dcbb000000]
Native frames: (J=compiled Java code, j=interpreted, Vv=VM code, C=native code)
V  [jvm.dll+0x6993aa]
V  [jvm.dll+0x7f46dd]
V  [jvm.dll+0x7f5fee]
V  [jvm.dll+0x7f66a3]
V  [jvm.dll+0x25cf1f]
V  [jvm.dll+0x6962f9]
V  [jvm.dll+0x68ae2a]
V  [jvm.dll+0x32255b]
V  [jvm.dll+0x329f36]
V  [jvm.dll+0x37eade]
V  [jvm.dll+0x37ed0f]
V  [jvm.dll+0x2fa2da]
V  [jvm.dll+0x2fa387]
V  [jvm.dll+0x33e8c2]
V  [jvm.dll+0x33ce64]
V  [jvm.dll+0x2f9ab0]
V  [jvm.dll+0x33c43b]
V  [jvm.dll+0x7fb48b]
V  [jvm.dll+0x7fc224]
V  [jvm.dll+0x7fc75c]
V  [jvm.dll+0x7fcbb4]
V  [jvm.dll+0x7fcc77]
V  [jvm.dll+0x7a120a]
V  [jvm.dll+0x698255]
C  [ucrtbase.dll+0x26c0c]
C  [KERNEL32.DLL+0x153e0]
C  [ntdll.dll+0x485b]

VM_Operation (0x000000dcbd2fd1d0): G1CollectForAllocation, mode: safepoint, requested by thread 0x0000026752fa3860


---------------  P R O C E S S  ---------------

Threads class SMR info:
_java_thread_list=0x00000267536cff20, length=56, elements={
0x000002672acff7b0, 0x000002674b203130, 0x000002674b204180, 0x000002674b21a060,
0x000002674b21a910, 0x000002674b21b1c0, 0x000002674b21ba70, 0x000002674b21c650,
0x000002674b25ea00, 0x0000026751c333e0, 0x0000026751cbc690, 0x0000026751e40750,
0x000002675255fc30, 0x0000026752724550, 0x0000026752b5bbf0, 0x0000026752b5ce10,
0x0000026752cbe950, 0x0000026752ae1e80, 0x0000026752fa4200, 0x0000026752fa2ec0,
0x0000026752fa2050, 0x0000026752fa3390, 0x0000026752fa11e0, 0x00000267521479a0,
0x0000026752fa3860, 0x0000026752fa46d0, 0x000002675377f740, 0x0000026752fa16b0,
0x0000026755bbe340, 0x0000026755bbb320, 0x0000026755bb9640, 0x0000026755bbfb50,
0x0000026755bbb7f0, 0x0000026755bbe810, 0x0000026755bb9170, 0x0000026755bbd9a0,
0x0000026755bb8ca0, 0x0000026755bbf1b0, 0x0000026755bbde70, 0x0000026755bbf680,
0x0000026755bb8300, 0x0000026755bb87d0, 0x0000026755bb9b10, 0x0000026755bb9fe0,
0x0000026755bbae50, 0x0000026755bba980, 0x0000026755bbc190, 0x0000026755bbc660,
0x0000026755bbcb30, 0x0000026755bbd000, 0x0000026752fa3d30, 0x0000026752235490,
0x00000267522337b0, 0x00000267522367d0, 0x0000026752237fe0, 0x0000026752234fc0
}

Java Threads: ( => current thread )
  0x000002672acff7b0 JavaThread "main" [_thread_blocked, id=133692, stack(0x000000dcba900000,0x000000dcbaa00000)]
  0x000002674b203130 JavaThread "Reference Handler" daemon [_thread_blocked, id=111500, stack(0x000000dcbb000000,0x000000dcbb100000)]
  0x000002674b204180 JavaThread "Finalizer" daemon [_thread_blocked, id=120648, stack(0x000000dcbb100000,0x000000dcbb200000)]
  0x000002674b21a060 JavaThread "Signal Dispatcher" daemon [_thread_blocked, id=110800, stack(0x000000dcbb200000,0x000000dcbb300000)]
  0x000002674b21a910 JavaThread "Attach Listener" daemon [_thread_blocked, id=110404, stack(0x000000dcbb300000,0x000000dcbb400000)]
  0x000002674b21b1c0 JavaThread "Service Thread" daemon [_thread_blocked, id=115952, stack(0x000000dcbb400000,0x000000dcbb500000)]
  0x000002674b21ba70 JavaThread "Monitor Deflation Thread" daemon [_thread_blocked, id=128168, stack(0x000000dcbb500000,0x000000dcbb600000)]
  0x000002674b21c650 JavaThread "C2 CompilerThread0" daemon [_thread_blocked, id=111420, stack(0x000000dcbb600000,0x000000dcbb700000)]
  0x000002674b25ea00 JavaThread "C1 CompilerThread0" daemon [_thread_blocked, id=104600, stack(0x000000dcbb700000,0x000000dcbb800000)]
  0x0000026751c333e0 JavaThread "Sweeper thread" daemon [_thread_blocked, id=130792, stack(0x000000dcbb800000,0x000000dcbb900000)]
  0x0000026751cbc690 JavaThread "Common-Cleaner" daemon [_thread_blocked, id=127800, stack(0x000000dcbb900000,0x000000dcbba00000)]
  0x0000026751e40750 JavaThread "Notification Thread" daemon [_thread_blocked, id=132396, stack(0x000000dcbba00000,0x000000dcbbb00000)]
  0x000002675255fc30 JavaThread "Active Thread: Equinox Container: 4e4d8e90-0711-45a7-9cbe-c72ef9c0168e" [_thread_blocked, id=133792, stack(0x000000dcbbd00000,0x000000dcbbe00000)]
  0x0000026752724550 JavaThread "Refresh Thread: Equinox Container: 4e4d8e90-0711-45a7-9cbe-c72ef9c0168e" daemon [_thread_blocked, id=111924, stack(0x000000dcbc400000,0x000000dcbc500000)]
  0x0000026752b5bbf0 JavaThread "Framework Event Dispatcher: Equinox Container: 4e4d8e90-0711-45a7-9cbe-c72ef9c0168e" daemon [_thread_blocked, id=113432, stack(0x000000dcbc500000,0x000000dcbc600000)]
  0x0000026752b5ce10 JavaThread "Start Level: Equinox Container: 4e4d8e90-0711-45a7-9cbe-c72ef9c0168e" daemon [_thread_blocked, id=124236, stack(0x000000dcbc600000,0x000000dcbc700000)]
  0x0000026752cbe950 JavaThread "Bundle File Closer" daemon [_thread_blocked, id=108284, stack(0x000000dcbc800000,0x000000dcbc900000)]
  0x0000026752ae1e80 JavaThread "SCR Component Actor" daemon [_thread_blocked, id=130188, stack(0x000000dcbc900000,0x000000dcbca00000)]
  0x0000026752fa4200 JavaThread "Worker-JM" [_thread_blocked, id=131032, stack(0x000000dcbca00000,0x000000dcbcb00000)]
  0x0000026752fa2ec0 JavaThread "JNA Cleaner" daemon [_thread_blocked, id=113028, stack(0x000000dcbcb00000,0x000000dcbcc00000)]
  0x0000026752fa2050 JavaThread "Worker-0: Building" [_thread_blocked, id=116164, stack(0x000000dcbcc00000,0x000000dcbcd00000)]
  0x0000026752fa3390 JavaThread "Worker-1" [_thread_blocked, id=15140, stack(0x000000dcbcd00000,0x000000dcbce00000)]
  0x0000026752fa11e0 JavaThread "Worker-2" [_thread_blocked, id=137828, stack(0x000000dcbce00000,0x000000dcbcf00000)]
  0x00000267521479a0 JavaThread "C2 CompilerThread1" daemon [_thread_in_native, id=119400, stack(0x000000dcbd000000,0x000000dcbd100000)]
  0x0000026752fa3860 JavaThread "Java indexing" daemon [_thread_blocked, id=128004, stack(0x000000dcbd200000,0x000000dcbd300000)]
  0x0000026752fa46d0 JavaThread "Worker-3: Java indexing... " [_thread_blocked, id=137992, stack(0x000000dcbd300000,0x000000dcbd400000)]
  0x000002675377f740 JavaThread "C2 CompilerThread2" daemon [_thread_blocked, id=128844, stack(0x000000dcbd100000,0x000000dcbd200000)]
  0x0000026752fa16b0 JavaThread "Worker-4" [_thread_blocked, id=136528, stack(0x000000dcbd400000,0x000000dcbd500000)]
  0x0000026755bbe340 JavaThread "Thread-2" daemon [_thread_in_native, id=14560, stack(0x000000dcbd700000,0x000000dcbd800000)]
  0x0000026755bbb320 JavaThread "Thread-3" daemon [_thread_in_native, id=121068, stack(0x000000dcbd800000,0x000000dcbd900000)]
  0x0000026755bb9640 JavaThread "Thread-4" daemon [_thread_in_native, id=118256, stack(0x000000dcbd900000,0x000000dcbda00000)]
  0x0000026755bbfb50 JavaThread "Thread-5" daemon [_thread_in_native, id=107772, stack(0x000000dcbda00000,0x000000dcbdb00000)]
  0x0000026755bbb7f0 JavaThread "Thread-6" daemon [_thread_in_native, id=116292, stack(0x000000dcbdb00000,0x000000dcbdc00000)]
  0x0000026755bbe810 JavaThread "Thread-7" daemon [_thread_in_native, id=123060, stack(0x000000dcbdc00000,0x000000dcbdd00000)]
  0x0000026755bb9170 JavaThread "Thread-8" daemon [_thread_in_native, id=11452, stack(0x000000dcbdd00000,0x000000dcbde00000)]
  0x0000026755bbd9a0 JavaThread "Thread-9" daemon [_thread_in_native, id=10436, stack(0x000000dcbde00000,0x000000dcbdf00000)]
  0x0000026755bb8ca0 JavaThread "Thread-10" daemon [_thread_in_native, id=122052, stack(0x000000dcbdf00000,0x000000dcbe000000)]
  0x0000026755bbf1b0 JavaThread "pool-2-thread-1" [_thread_blocked, id=123332, stack(0x000000dcbe000000,0x000000dcbe100000)]
  0x0000026755bbde70 JavaThread "Worker-5" [_thread_blocked, id=15104, stack(0x000000dcbe100000,0x000000dcbe200000)]
  0x0000026755bbf680 JavaThread "Worker-6" [_thread_blocked, id=105136, stack(0x000000dcbe200000,0x000000dcbe300000)]
  0x0000026755bb8300 JavaThread "WorkspaceEventsHandler" [_thread_blocked, id=133316, stack(0x000000dcbc700000,0x000000dcbc800000)]
  0x0000026755bb87d0 JavaThread "pool-1-thread-1" [_thread_blocked, id=9516, stack(0x000000dcbe300000,0x000000dcbe400000)]
  0x0000026755bb9b10 JavaThread "LocalFile Deleter" daemon [_thread_blocked, id=106108, stack(0x000000dcbe400000,0x000000dcbe500000)]
  0x0000026755bb9fe0 JavaThread "LocalFile Deleter" daemon [_thread_blocked, id=120084, stack(0x000000dcbe500000,0x000000dcbe600000)]
  0x0000026755bbae50 JavaThread "LocalFile Deleter" daemon [_thread_blocked, id=124256, stack(0x000000dcbe600000,0x000000dcbe700000)]
  0x0000026755bba980 JavaThread "LocalFile Deleter" daemon [_thread_blocked, id=8424, stack(0x000000dcbe700000,0x000000dcbe800000)]
  0x0000026755bbc190 JavaThread "LocalFile Deleter" daemon [_thread_blocked, id=16300, stack(0x000000dcbe800000,0x000000dcbe900000)]
  0x0000026755bbc660 JavaThread "LocalFile Deleter" daemon [_thread_blocked, id=114852, stack(0x000000dcbe900000,0x000000dcbea00000)]
  0x0000026755bbcb30 JavaThread "LocalFile Deleter" daemon [_thread_blocked, id=129252, stack(0x000000dcbea00000,0x000000dcbeb00000)]
  0x0000026755bbd000 JavaThread "LocalFile Deleter" daemon [_thread_blocked, id=120880, stack(0x000000dcbeb00000,0x000000dcbec00000)]
  0x0000026752fa3d30 JavaThread "Compiler Source File Reader" daemon [_thread_blocked, id=120180, stack(0x000000dcbec00000,0x000000dcbed00000)]
  0x0000026752235490 JavaThread "Compiler Source File Reader" daemon [_thread_blocked, id=117668, stack(0x000000dcbed00000,0x000000dcbee00000)]
  0x00000267522337b0 JavaThread "Compiler Source File Reader" daemon [_thread_blocked, id=116784, stack(0x000000dcbee00000,0x000000dcbef00000)]
  0x00000267522367d0 JavaThread "Compiler Source File Reader" daemon [_thread_blocked, id=114908, stack(0x000000dcbef00000,0x000000dcbf000000)]
  0x0000026752237fe0 JavaThread "Compiler Source File Reader" daemon [_thread_blocked, id=108844, stack(0x000000dcbf000000,0x000000dcbf100000)]
  0x0000026752234fc0 JavaThread "Compiler Source File Reader" daemon [_thread_blocked, id=120296, stack(0x000000dcbf100000,0x000000dcbf200000)]

Other Threads:
=>0x000002674b1fb440 VMThread "VM Thread" [stack: 0x000000dcbaf00000,0x000000dcbb000000] [id=137760]
  0x000002672ad00160 WatcherThread "VM Periodic Task Thread" [stack: 0x000000dcbbb00000,0x000000dcbbc00000] [id=107488]
  0x000002672ad70160 WorkerThread "GC Thread#0" [stack: 0x000000dcbaa00000,0x000000dcbab00000] [id=115356]
  0x0000026752980b70 WorkerThread "GC Thread#1" [stack: 0x000000dcbbe00000,0x000000dcbbf00000] [id=114712]
  0x000002675248b870 WorkerThread "GC Thread#2" [stack: 0x000000dcbbf00000,0x000000dcbc000000] [id=122968]
  0x000002675248bb10 WorkerThread "GC Thread#3" [stack: 0x000000dcbc000000,0x000000dcbc100000] [id=125612]
  0x000002675248bdb0 WorkerThread "GC Thread#4" [stack: 0x000000dcbc100000,0x000000dcbc200000] [id=131700]
  0x000002675248c460 WorkerThread "GC Thread#5" [stack: 0x000000dcbc200000,0x000000dcbc300000] [id=134156]
  0x00000267526e6040 WorkerThread "GC Thread#6" [stack: 0x000000dcbc300000,0x000000dcbc400000] [id=129656]
  0x0000026752b279d0 WorkerThread "GC Thread#7" [stack: 0x000000dcbbc00000,0x000000dcbbd00000] [id=16112]
  0x000002674b064030 ConcurrentGCThread "G1 Main Marker" [stack: 0x000000dcbab00000,0x000000dcbac00000] [id=137800]
  0x000002674b0647d0 WorkerThread "G1 Conc#0" [stack: 0x000000dcbac00000,0x000000dcbad00000] [id=134312]
  0x0000026752433030 WorkerThread "G1 Conc#1" [stack: 0x000000dcbcf00000,0x000000dcbd000000] [id=136444]
  0x000002674b0afe10 ConcurrentGCThread "G1 Refine#0" [stack: 0x000000dcbad00000,0x000000dcbae00000] [id=128328]
  0x000002674b0b04d0 ConcurrentGCThread "G1 Service" [stack: 0x000000dcbae00000,0x000000dcbaf00000] [id=125420]

Threads with active compile tasks:
C2 CompilerThread0    21619 8252       4       org.eclipse.jdt.internal.compiler.parser.Scanner::internalScanIdentifierOrKeyword (4943 bytes)
C2 CompilerThread1    21619 8006   !   4       org.eclipse.jdt.internal.compiler.classfmt.ClassFileReader::<init> (2119 bytes)
C2 CompilerThread2    21619 8144       4       org.eclipse.jdt.internal.compiler.util.JrtFileSystem::getFileBytes (45 bytes)

VM state: at safepoint (normal execution)

VM Mutex/Monitor currently owned by a thread:  ([mutex/lock_event])
[0x000002672acfaae0] Threads_lock - owner thread: 0x000002674b1fb440
[0x000002672acfab70] Heap_lock - owner thread: 0x0000026752fa3860

Heap address: 0x0000000701800000, size: 4072 MB, Compressed Oops mode: Zero based, Oop shift amount: 3

CDS archive(s) mapped at: [0x0000000800000000-0x0000000800ba0000-0x0000000800ba0000), size 12189696, SharedBaseAddress: 0x0000000800000000, ArchiveRelocationMode: 0.
Compressed class space mapped at: 0x0000000800c00000-0x0000000840c00000, reserved size: 1073741824
Narrow klass base: 0x0000000800000000, Narrow klass shift: 0, Narrow klass range: 0x100000000

GC Precious Log:
 CardTable entry size: 512
 Card Set container configuration: InlinePtr #cards 4 size 8 Array Of Cards #cards 16 size 48 Howl #buckets 8 coarsen threshold 3686 Howl Bitmap #cards 512 size 80 coarsen threshold 460 Card regions per heap region 1 cards per card region 4096
 CPUs: 8 total, 8 available
 Memory: 16283M
 Large Page Support: Disabled
 NUMA Support: Disabled
 Compressed Oops: Enabled (Zero based)
 Heap Region Size: 2M
 Heap Min Capacity: 8M
 Heap Initial Capacity: 256M
 Heap Max Capacity: 4072M
 Pre-touch: Disabled
 Parallel Workers: 8
 Concurrent Workers: 2
 Concurrent Refinement Workers: 8
 Periodic GC: Disabled

Heap:
 garbage-first heap   total 262144K, used 104895K [0x0000000701800000, 0x0000000800000000)
  region size 2048K, 1 young (2048K), 1 survivors (2048K)
 Metaspace       used 54115K, committed 55360K, reserved 1114112K
  class space    used 5563K, committed 6080K, reserved 1048576K

Heap Regions: E=young(eden), S=young(survivor), O=old, HS=humongous(starts), HC=humongous(continues), CS=collection set, F=free, OA=open archive, CA=closed archive, TAMS=top-at-mark-start (previous, next)
|   0|0x0000000701800000, 0x0000000701a00000, 0x0000000701a00000|100%| O|  |TAMS 0x0000000701a00000, 0x0000000701800000| Untracked 
|   1|0x0000000701a00000, 0x0000000701a00000, 0x0000000701c00000|  0%| F|  |TAMS 0x0000000701a00000, 0x0000000701a00000| Untracked 
|   2|0x0000000701c00000, 0x0000000701e00000, 0x0000000701e00000|100%| O|  |TAMS 0x0000000701e00000, 0x0000000701c00000| Untracked 
|   3|0x0000000701e00000, 0x0000000702000000, 0x0000000702000000|100%| O|  |TAMS 0x0000000702000000, 0x0000000701e00000| Untracked 
|   4|0x0000000702000000, 0x0000000702200000, 0x0000000702200000|100%| O|  |TAMS 0x0000000702200000, 0x0000000702000000| Untracked 
|   5|0x0000000702200000, 0x0000000702400000, 0x0000000702400000|100%| O|  |TAMS 0x0000000702400000, 0x0000000702200000| Untracked 
|   6|0x0000000702400000, 0x0000000702600000, 0x0000000702600000|100%| O|  |TAMS 0x0000000702600000, 0x0000000702400000| Untracked 
|   7|0x0000000702600000, 0x0000000702800000, 0x0000000702800000|100%| O|  |TAMS 0x0000000702800000, 0x0000000702600000| Untracked 
|   8|0x0000000702800000, 0x0000000702a00000, 0x0000000702a00000|100%| O|  |TAMS 0x0000000702800000, 0x0000000702800000| Untracked 
|   9|0x0000000702a00000, 0x0000000702c00000, 0x0000000702c00000|100%| O|  |TAMS 0x0000000702c00000, 0x0000000702a00000| Untracked 
|  10|0x0000000702c00000, 0x0000000702e00000, 0x0000000702e00000|100%| O|  |TAMS 0x0000000702e00000, 0x0000000702c00000| Untracked 
|  11|0x0000000702e00000, 0x0000000703000000, 0x0000000703000000|100%| O|  |TAMS 0x0000000703000000, 0x0000000702e00000| Untracked 
|  12|0x0000000703000000, 0x0000000703200000, 0x0000000703200000|100%| O|  |TAMS 0x0000000703200000, 0x0000000703000000| Untracked 
|  13|0x0000000703200000, 0x0000000703400000, 0x0000000703400000|100%| O|  |TAMS 0x0000000703400000, 0x0000000703200000| Untracked 
|  14|0x0000000703400000, 0x0000000703600000, 0x0000000703600000|100%| O|  |TAMS 0x0000000703600000, 0x0000000703400000| Untracked 
|  15|0x0000000703600000, 0x0000000703800000, 0x0000000703800000|100%| O|  |TAMS 0x0000000703800000, 0x0000000703600000| Untracked 
|  16|0x0000000703800000, 0x0000000703a00000, 0x0000000703a00000|100%| O|  |TAMS 0x0000000703a00000, 0x0000000703800000| Untracked 
|  17|0x0000000703a00000, 0x0000000703c00000, 0x0000000703c00000|100%| O|  |TAMS 0x0000000703c00000, 0x0000000703a00000| Untracked 
|  18|0x0000000703c00000, 0x0000000703e00000, 0x0000000703e00000|100%| O|  |TAMS 0x0000000703e00000, 0x0000000703c00000| Untracked 
|  19|0x0000000703e00000, 0x0000000704000000, 0x0000000704000000|100%| O|  |TAMS 0x0000000704000000, 0x0000000703e00000| Untracked 
|  20|0x0000000704000000, 0x0000000704200000, 0x0000000704200000|100%| O|  |TAMS 0x0000000704200000, 0x0000000704000000| Untracked 
|  21|0x0000000704200000, 0x0000000704400000, 0x0000000704400000|100%| O|  |TAMS 0x0000000704400000, 0x0000000704200000| Untracked 
|  22|0x0000000704400000, 0x0000000704600000, 0x0000000704600000|100%| O|  |TAMS 0x0000000704600000, 0x0000000704400000| Untracked 
|  23|0x0000000704600000, 0x0000000704800000, 0x0000000704800000|100%| O|  |TAMS 0x0000000704800000, 0x0000000704600000| Untracked 
|  24|0x0000000704800000, 0x0000000704a00000, 0x0000000704a00000|100%| O|  |TAMS 0x0000000704a00000, 0x0000000704800000| Untracked 
|  25|0x0000000704a00000, 0x0000000704c00000, 0x0000000704c00000|100%| O|  |TAMS 0x0000000704c00000, 0x0000000704a00000| Untracked 
|  26|0x0000000704c00000, 0x0000000704e00000, 0x0000000704e00000|100%| O|  |TAMS 0x0000000704e00000, 0x0000000704c00000| Untracked 
|  27|0x0000000704e00000, 0x0000000705000000, 0x0000000705000000|100%| O|  |TAMS 0x0000000705000000, 0x0000000704e00000| Untracked 
|  28|0x0000000705000000, 0x0000000705200000, 0x0000000705200000|100%| O|  |TAMS 0x0000000705200000, 0x0000000705000000| Untracked 
|  29|0x0000000705200000, 0x0000000705400000, 0x0000000705400000|100%| O|  |TAMS 0x0000000705400000, 0x0000000705200000| Untracked 
|  30|0x0000000705400000, 0x0000000705600000, 0x0000000705600000|100%| O|  |TAMS 0x0000000705600000, 0x0000000705400000| Untracked 
|  31|0x0000000705600000, 0x0000000705800000, 0x0000000705800000|100%| O|  |TAMS 0x0000000705800000, 0x0000000705600000| Untracked 
|  32|0x0000000705800000, 0x0000000705a00000, 0x0000000705a00000|100%| O|  |TAMS 0x0000000705a00000, 0x0000000705800000| Untracked 
|  33|0x0000000705a00000, 0x0000000705c00000, 0x0000000705c00000|100%| O|  |TAMS 0x0000000705c00000, 0x0000000705a00000| Untracked 
|  34|0x0000000705c00000, 0x0000000705e00000, 0x0000000705e00000|100%| O|  |TAMS 0x0000000705e00000, 0x0000000705c00000| Untracked 
|  35|0x0000000705e00000, 0x0000000706000000, 0x0000000706000000|100%| O|  |TAMS 0x0000000706000000, 0x0000000705e00000| Untracked 
|  36|0x0000000706000000, 0x0000000706200000, 0x0000000706200000|100%| O|  |TAMS 0x0000000706200000, 0x0000000706000000| Untracked 
|  37|0x0000000706200000, 0x0000000706400000, 0x0000000706400000|100%| O|  |TAMS 0x0000000706400000, 0x0000000706200000| Untracked 
|  38|0x0000000706400000, 0x0000000706600000, 0x0000000706600000|100%| O|  |TAMS 0x0000000706600000, 0x0000000706400000| Untracked 
|  39|0x0000000706600000, 0x0000000706800000, 0x0000000706800000|100%| O|  |TAMS 0x0000000706800000, 0x0000000706600000| Untracked 
|  40|0x0000000706800000, 0x0000000706a00000, 0x0000000706a00000|100%| O|  |TAMS 0x0000000706a00000, 0x0000000706800000| Untracked 
|  41|0x0000000706a00000, 0x0000000706c00000, 0x0000000706c00000|100%| O|  |TAMS 0x0000000706c00000, 0x0000000706a00000| Untracked 
|  42|0x0000000706c00000, 0x0000000706e00000, 0x0000000706e00000|100%| O|  |TAMS 0x0000000706e00000, 0x0000000706c00000| Untracked 
|  43|0x0000000706e00000, 0x0000000707000000, 0x0000000707000000|100%| O|  |TAMS 0x0000000707000000, 0x0000000706e00000| Untracked 
|  44|0x0000000707000000, 0x0000000707200000, 0x0000000707200000|100%| O|  |TAMS 0x0000000707200000, 0x0000000707000000| Untracked 
|  45|0x0000000707200000, 0x0000000707400000, 0x0000000707400000|100%| O|  |TAMS 0x0000000707365000, 0x0000000707200000| Untracked 
|  46|0x0000000707400000, 0x0000000707600000, 0x0000000707600000|100%| O|  |TAMS 0x0000000707400000, 0x0000000707400000| Untracked 
|  47|0x0000000707600000, 0x0000000707800000, 0x0000000707800000|100%| O|  |TAMS 0x0000000707600000, 0x0000000707600000| Untracked 
|  48|0x0000000707800000, 0x0000000707a00000, 0x0000000707a00000|100%| O|  |TAMS 0x0000000707800000, 0x0000000707800000| Untracked 
|  49|0x0000000707a00000, 0x0000000707c00000, 0x0000000707c00000|100%| O|  |TAMS 0x0000000707a00000, 0x0000000707a00000| Untracked 
|  50|0x0000000707c00000, 0x0000000707e00000, 0x0000000707e00000|100%| O|  |TAMS 0x0000000707c00000, 0x0000000707c00000| Untracked 
|  51|0x0000000707e00000, 0x0000000707fa6a00, 0x0000000708000000| 82%| O|  |TAMS 0x0000000707e00000, 0x0000000707e00000| Untracked 
|  52|0x0000000708000000, 0x0000000708000000, 0x0000000708200000|  0%| F|  |TAMS 0x0000000708000000, 0x0000000708000000| Untracked 
|  53|0x0000000708200000, 0x0000000708200000, 0x0000000708400000|  0%| F|  |TAMS 0x0000000708200000, 0x0000000708200000| Untracked 
|  54|0x0000000708400000, 0x0000000708400000, 0x0000000708600000|  0%| F|  |TAMS 0x0000000708400000, 0x0000000708400000| Untracked 
|  55|0x0000000708600000, 0x0000000708600000, 0x0000000708800000|  0%| F|  |TAMS 0x0000000708600000, 0x0000000708600000| Untracked 
|  56|0x0000000708800000, 0x0000000708800000, 0x0000000708a00000|  0%| F|  |TAMS 0x0000000708800000, 0x0000000708800000| Untracked 
|  57|0x0000000708a00000, 0x0000000708a00000, 0x0000000708c00000|  0%| F|  |TAMS 0x0000000708a00000, 0x0000000708a00000| Untracked 
|  58|0x0000000708c00000, 0x0000000708c00000, 0x0000000708e00000|  0%| F|  |TAMS 0x0000000708c00000, 0x0000000708c00000| Untracked 
|  59|0x0000000708e00000, 0x0000000708e00000, 0x0000000709000000|  0%| F|  |TAMS 0x0000000708e00000, 0x0000000708e00000| Untracked 
|  60|0x0000000709000000, 0x0000000709000000, 0x0000000709200000|  0%| F|  |TAMS 0x0000000709000000, 0x0000000709000000| Untracked 
|  61|0x0000000709200000, 0x0000000709200000, 0x0000000709400000|  0%| F|  |TAMS 0x0000000709200000, 0x0000000709200000| Untracked 
|  62|0x0000000709400000, 0x0000000709400000, 0x0000000709600000|  0%| F|  |TAMS 0x0000000709400000, 0x0000000709400000| Untracked 
|  63|0x0000000709600000, 0x0000000709600000, 0x0000000709800000|  0%| F|  |TAMS 0x0000000709600000, 0x0000000709600000| Untracked 
|  64|0x0000000709800000, 0x0000000709800000, 0x0000000709a00000|  0%| F|  |TAMS 0x0000000709800000, 0x0000000709800000| Untracked 
|  65|0x0000000709a00000, 0x0000000709a00000, 0x0000000709c00000|  0%| F|  |TAMS 0x0000000709a00000, 0x0000000709a00000| Untracked 
|  66|0x0000000709c00000, 0x0000000709c00000, 0x0000000709e00000|  0%| F|  |TAMS 0x0000000709c00000, 0x0000000709c00000| Untracked 
|  67|0x0000000709e00000, 0x0000000709e00000, 0x000000070a000000|  0%| F|  |TAMS 0x0000000709e00000, 0x0000000709e00000| Untracked 
|  68|0x000000070a000000, 0x000000070a000000, 0x000000070a200000|  0%| F|  |TAMS 0x000000070a000000, 0x000000070a000000| Untracked 
|  69|0x000000070a200000, 0x000000070a200000, 0x000000070a400000|  0%| F|  |TAMS 0x000000070a200000, 0x000000070a200000| Untracked 
|  70|0x000000070a400000, 0x000000070a400000, 0x000000070a600000|  0%| F|  |TAMS 0x000000070a400000, 0x000000070a400000| Untracked 
|  71|0x000000070a600000, 0x000000070a600000, 0x000000070a800000|  0%| F|  |TAMS 0x000000070a600000, 0x000000070a600000| Untracked 
|  72|0x000000070a800000, 0x000000070a800000, 0x000000070aa00000|  0%| F|  |TAMS 0x000000070a800000, 0x000000070a800000| Untracked 
|  73|0x000000070aa00000, 0x000000070aa00000, 0x000000070ac00000|  0%| F|  |TAMS 0x000000070aa00000, 0x000000070aa00000| Untracked 
|  74|0x000000070ac00000, 0x000000070ac00000, 0x000000070ae00000|  0%| F|  |TAMS 0x000000070ac00000, 0x000000070ac00000| Untracked 
|  75|0x000000070ae00000, 0x000000070ae00000, 0x000000070b000000|  0%| F|  |TAMS 0x000000070ae00000, 0x000000070ae00000| Untracked 
|  76|0x000000070b000000, 0x000000070b000000, 0x000000070b200000|  0%| F|  |TAMS 0x000000070b000000, 0x000000070b000000| Untracked 
|  77|0x000000070b200000, 0x000000070b200000, 0x000000070b400000|  0%| F|  |TAMS 0x000000070b200000, 0x000000070b200000| Untracked 
|  78|0x000000070b400000, 0x000000070b400000, 0x000000070b600000|  0%| F|  |TAMS 0x000000070b400000, 0x000000070b400000| Untracked 
|  79|0x000000070b600000, 0x000000070b600000, 0x000000070b800000|  0%| F|  |TAMS 0x000000070b600000, 0x000000070b600000| Untracked 
|  80|0x000000070b800000, 0x000000070b800000, 0x000000070ba00000|  0%| F|  |TAMS 0x000000070b800000, 0x000000070b800000| Untracked 
|  81|0x000000070ba00000, 0x000000070ba00000, 0x000000070bc00000|  0%| F|  |TAMS 0x000000070ba00000, 0x000000070ba00000| Untracked 
|  82|0x000000070bc00000, 0x000000070bc00000, 0x000000070be00000|  0%| F|  |TAMS 0x000000070bc00000, 0x000000070bc00000| Untracked 
|  83|0x000000070be00000, 0x000000070bec9390, 0x000000070c000000| 39%| S|CS|TAMS 0x000000070be00000, 0x000000070be00000| Complete 
|  84|0x000000070c000000, 0x000000070c000000, 0x000000070c200000|  0%| F|  |TAMS 0x000000070c000000, 0x000000070c000000| Untracked 
|  85|0x000000070c200000, 0x000000070c200000, 0x000000070c400000|  0%| F|  |TAMS 0x000000070c200000, 0x000000070c200000| Untracked 
|  86|0x000000070c400000, 0x000000070c400000, 0x000000070c600000|  0%| F|  |TAMS 0x000000070c400000, 0x000000070c400000| Untracked 
|  87|0x000000070c600000, 0x000000070c600000, 0x000000070c800000|  0%| F|  |TAMS 0x000000070c600000, 0x000000070c600000| Untracked 
|  88|0x000000070c800000, 0x000000070c800000, 0x000000070ca00000|  0%| F|  |TAMS 0x000000070c800000, 0x000000070c800000| Untracked 
|  89|0x000000070ca00000, 0x000000070ca00000, 0x000000070cc00000|  0%| F|  |TAMS 0x000000070ca00000, 0x000000070ca00000| Untracked 
|  90|0x000000070cc00000, 0x000000070cc00000, 0x000000070ce00000|  0%| F|  |TAMS 0x000000070cc00000, 0x000000070cc00000| Untracked 
|  91|0x000000070ce00000, 0x000000070ce00000, 0x000000070d000000|  0%| F|  |TAMS 0x000000070ce00000, 0x000000070ce00000| Untracked 
|  92|0x000000070d000000, 0x000000070d000000, 0x000000070d200000|  0%| F|  |TAMS 0x000000070d000000, 0x000000070d000000| Untracked 
|  93|0x000000070d200000, 0x000000070d200000, 0x000000070d400000|  0%| F|  |TAMS 0x000000070d200000, 0x000000070d200000| Untracked 
|  94|0x000000070d400000, 0x000000070d400000, 0x000000070d600000|  0%| F|  |TAMS 0x000000070d400000, 0x000000070d400000| Untracked 
|  95|0x000000070d600000, 0x000000070d600000, 0x000000070d800000|  0%| F|  |TAMS 0x000000070d600000, 0x000000070d600000| Untracked 
|  96|0x000000070d800000, 0x000000070d800000, 0x000000070da00000|  0%| F|  |TAMS 0x000000070d800000, 0x000000070d800000| Untracked 
|  97|0x000000070da00000, 0x000000070da00000, 0x000000070dc00000|  0%| F|  |TAMS 0x000000070da00000, 0x000000070da00000| Untracked 
|  98|0x000000070dc00000, 0x000000070dc00000, 0x000000070de00000|  0%| F|  |TAMS 0x000000070dc00000, 0x000000070dc00000| Untracked 
|  99|0x000000070de00000, 0x000000070de00000, 0x000000070e000000|  0%| F|  |TAMS 0x000000070de00000, 0x000000070de00000| Untracked 
| 100|0x000000070e000000, 0x000000070e000000, 0x000000070e200000|  0%| F|  |TAMS 0x000000070e000000, 0x000000070e000000| Untracked 
| 101|0x000000070e200000, 0x000000070e200000, 0x000000070e400000|  0%| F|  |TAMS 0x000000070e200000, 0x000000070e200000| Untracked 
| 102|0x000000070e400000, 0x000000070e400000, 0x000000070e600000|  0%| F|  |TAMS 0x000000070e400000, 0x000000070e400000| Untracked 
| 103|0x000000070e600000, 0x000000070e600000, 0x000000070e800000|  0%| F|  |TAMS 0x000000070e600000, 0x000000070e600000| Untracked 
| 104|0x000000070e800000, 0x000000070e800000, 0x000000070ea00000|  0%| F|  |TAMS 0x000000070e800000, 0x000000070e800000| Untracked 
| 105|0x000000070ea00000, 0x000000070ea00000, 0x000000070ec00000|  0%| F|  |TAMS 0x000000070ea00000, 0x000000070ea00000| Untracked 
| 106|0x000000070ec00000, 0x000000070ec00000, 0x000000070ee00000|  0%| F|  |TAMS 0x000000070ec00000, 0x000000070ec00000| Untracked 
| 107|0x000000070ee00000, 0x000000070ee00000, 0x000000070f000000|  0%| F|  |TAMS 0x000000070ee00000, 0x000000070ee00000| Untracked 
| 108|0x000000070f000000, 0x000000070f000000, 0x000000070f200000|  0%| F|  |TAMS 0x000000070f000000, 0x000000070f000000| Untracked 
| 109|0x000000070f200000, 0x000000070f200000, 0x000000070f400000|  0%| F|  |TAMS 0x000000070f200000, 0x000000070f200000| Untracked 
| 110|0x000000070f400000, 0x000000070f400000, 0x000000070f600000|  0%| F|  |TAMS 0x000000070f400000, 0x000000070f400000| Untracked 
| 111|0x000000070f600000, 0x000000070f600000, 0x000000070f800000|  0%| F|  |TAMS 0x000000070f600000, 0x000000070f600000| Untracked 
| 112|0x000000070f800000, 0x000000070f800000, 0x000000070fa00000|  0%| F|  |TAMS 0x000000070f800000, 0x000000070f800000| Untracked 
| 113|0x000000070fa00000, 0x000000070fa00000, 0x000000070fc00000|  0%| F|  |TAMS 0x000000070fa00000, 0x000000070fa00000| Untracked 
| 114|0x000000070fc00000, 0x000000070fc00000, 0x000000070fe00000|  0%| F|  |TAMS 0x000000070fc00000, 0x000000070fc00000| Untracked 
| 115|0x000000070fe00000, 0x000000070fe00000, 0x0000000710000000|  0%| F|  |TAMS 0x000000070fe00000, 0x000000070fe00000| Untracked 
| 116|0x0000000710000000, 0x0000000710000000, 0x0000000710200000|  0%| F|  |TAMS 0x0000000710000000, 0x0000000710000000| Untracked 
| 117|0x0000000710200000, 0x0000000710200000, 0x0000000710400000|  0%| F|  |TAMS 0x0000000710200000, 0x0000000710200000| Untracked 
| 118|0x0000000710400000, 0x0000000710400000, 0x0000000710600000|  0%| F|  |TAMS 0x0000000710400000, 0x0000000710400000| Untracked 
| 119|0x0000000710600000, 0x0000000710600000, 0x0000000710800000|  0%| F|  |TAMS 0x0000000710600000, 0x0000000710600000| Untracked 
| 120|0x0000000710800000, 0x0000000710800000, 0x0000000710a00000|  0%| F|  |TAMS 0x0000000710800000, 0x0000000710800000| Untracked 
| 121|0x0000000710a00000, 0x0000000710a00000, 0x0000000710c00000|  0%| F|  |TAMS 0x0000000710a00000, 0x0000000710a00000| Untracked 
| 122|0x0000000710c00000, 0x0000000710c00000, 0x0000000710e00000|  0%| F|  |TAMS 0x0000000710c00000, 0x0000000710c00000| Untracked 
| 123|0x0000000710e00000, 0x0000000710e00000, 0x0000000711000000|  0%| F|  |TAMS 0x0000000710e00000, 0x0000000710e00000| Untracked 
| 124|0x0000000711000000, 0x0000000711000000, 0x0000000711200000|  0%| F|  |TAMS 0x0000000711000000, 0x0000000711000000| Untracked 
| 125|0x0000000711200000, 0x0000000711200000, 0x0000000711400000|  0%| F|  |TAMS 0x0000000711200000, 0x0000000711200000| Untracked 
| 126|0x0000000711400000, 0x0000000711400000, 0x0000000711600000|  0%| F|  |TAMS 0x0000000711400000, 0x0000000711400000| Untracked 
| 127|0x0000000711600000, 0x0000000711600000, 0x0000000711800000|  0%| F|  |TAMS 0x0000000711600000, 0x0000000711600000| Untracked 

Card table byte_map: [0x0000026742120000,0x0000026742920000] _byte_map_base: 0x000002673e914000

Marking Bits (Prev, Next): (CMBitMap*) 0x000002672ad70510, (CMBitMap*) 0x000002672ad70550
 Prev Bits: [0x0000026743120000, 0x00000267470c0000)
 Next Bits: [0x00000267470c0000, 0x000002674b060000)

Polling page: 0x0000026728bc0000

Metaspace:

Usage:
  Non-class:     47.41 MB used.
      Class:      5.43 MB used.
       Both:     52.85 MB used.

Virtual space:
  Non-class space:       64.00 MB reserved,      48.12 MB ( 75%) committed,  1 nodes.
      Class space:        1.00 GB reserved,       5.94 MB ( <1%) committed,  1 nodes.
             Both:        1.06 GB reserved,      54.06 MB (  5%) committed. 

Chunk freelists:
   Non-Class:  3.81 MB
       Class:  2.01 MB
        Both:  5.82 MB

MaxMetaspaceSize: unlimited
CompressedClassSpaceSize: 1.00 GB
Initial GC threshold: 21.00 MB
Current GC threshold: 90.00 MB
CDS: on
MetaspaceReclaimPolicy: balanced
 - commit_granule_bytes: 65536.
 - commit_granule_words: 8192.
 - virtual_space_node_default_size: 8388608.
 - enlarge_chunks_in_place: 1.
 - new_chunks_are_fully_committed: 0.
 - uncommit_free_chunks: 1.
 - use_allocation_guard: 0.


Internal statistics:

num_allocs_failed_limit: 6.
num_arena_births: 948.
num_arena_deaths: 14.
num_vsnodes_births: 2.
num_vsnodes_deaths: 0.
num_space_committed: 865.
num_space_uncommitted: 0.
num_chunks_returned_to_freelist: 20.
num_chunks_taken_from_freelist: 3400.
num_chunk_merges: 8.
num_chunk_splits: 2110.
num_chunks_enlarged: 1231.
num_inconsistent_stats: 0.

CodeHeap 'non-profiled nmethods': size=120000Kb used=4502Kb max_used=5035Kb free=115498Kb
 bounds [0x000002673a0c0000, 0x000002673a5b0000, 0x00000267415f0000]
CodeHeap 'profiled nmethods': size=120000Kb used=13959Kb max_used=15746Kb free=106040Kb
 bounds [0x0000026732b90000, 0x0000026733b40000, 0x000002673a0c0000]
CodeHeap 'non-nmethods': size=5760Kb used=1339Kb max_used=1408Kb free=4420Kb
 bounds [0x00000267325f0000, 0x0000026732860000, 0x0000026732b90000]
 total_blobs=7441 nmethods=6775 adapters=578
 compilation: enabled
              stopped_count=0, restarted_count=0
 full_count=0

Compilation events (20 events):
Event: 21.433 Thread 0x000002674b25ea00 8261   !   2       org.eclipse.jdt.internal.core.builder.ClasspathJar::findClass (122 bytes)
Event: 21.433 Thread 0x000002674b25ea00 nmethod 8261 0x0000026732e00190 code [0x0000026732e00380, 0x0000026732e00758]
Event: 21.433 Thread 0x000002674b25ea00 8259       2       org.eclipse.jdt.internal.compiler.ast.Argument::<init> (64 bytes)
Event: 21.433 Thread 0x000002674b25ea00 nmethod 8259 0x0000026732fbbf90 code [0x0000026732fbc120, 0x0000026732fbc358]
Event: 21.433 Thread 0x000002674b25ea00 8260       2       org.eclipse.jdt.internal.compiler.ast.LocalDeclaration::<init> (25 bytes)
Event: 21.434 Thread 0x000002674b25ea00 nmethod 8260 0x000002673349b490 code [0x000002673349b620, 0x000002673349b798]
Event: 21.434 Thread 0x000002674b25ea00 8263   !   2       org.eclipse.jdt.internal.compiler.classfmt.ClassFileReader::read (134 bytes)
Event: 21.434 Thread 0x000002674b25ea00 nmethod 8263 0x0000026732c3b610 code [0x0000026732c3b880, 0x0000026732c3bf08]
Event: 21.434 Thread 0x000002674b25ea00 8262       2       org.eclipse.jdt.internal.compiler.classfmt.ClassFileReader::read (7 bytes)
Event: 21.435 Thread 0x000002674b25ea00 nmethod 8262 0x0000026732d11110 code [0x0000026732d112a0, 0x0000026732d113a8]
Event: 21.435 Thread 0x000002674b25ea00 8269       2       sun.nio.ch.Util::isBufferTooLarge (15 bytes)
Event: 21.435 Thread 0x000002674b25ea00 nmethod 8269 0x0000026732d5f090 code [0x0000026732d5f220, 0x0000026732d5f338]
Event: 21.435 Thread 0x000002674b25ea00 8266       1       java.lang.Runtime$Version::version (5 bytes)
Event: 21.435 Thread 0x000002674b25ea00 nmethod 8266 0x000002673a0f3610 code [0x000002673a0f37a0, 0x000002673a0f3878]
Event: 21.435 Thread 0x000002674b25ea00 8267       1       org.eclipse.jdt.internal.compiler.parser.Parser::getFirstToken (5 bytes)
Event: 21.435 Thread 0x000002674b25ea00 nmethod 8267 0x000002673a1faf90 code [0x000002673a1fb120, 0x000002673a1fb1f8]
Event: 21.435 Thread 0x000002674b25ea00 8268       1       org.eclipse.jdt.internal.compiler.CompilationResult::getFileName (5 bytes)
Event: 21.435 Thread 0x000002674b25ea00 nmethod 8268 0x000002673a1fac90 code [0x000002673a1fae20, 0x000002673a1faef8]
Event: 21.436 Thread 0x000002674b25ea00 8270       2       org.eclipse.core.internal.content.ContentTypeHandler::<init> (30 bytes)
Event: 21.436 Thread 0x000002674b25ea00 nmethod 8270 0x000002673316f610 code [0x000002673316f7c0, 0x000002673316faf8]

GC Heap History (20 events):
Event: 19.163 GC heap after
{Heap after GC invocations=27 (full 0):
 garbage-first heap   total 112640K, used 64340K [0x0000000701800000, 0x0000000800000000)
  region size 2048K, 2 young (4096K), 2 survivors (4096K)
 Metaspace       used 50960K, committed 52160K, reserved 1114112K
  class space    used 5311K, committed 5824K, reserved 1048576K
}
Event: 19.428 GC heap before
{Heap before GC invocations=28 (full 0):
 garbage-first heap   total 122880K, used 84820K [0x0000000701800000, 0x0000000800000000)
  region size 2048K, 13 young (26624K), 2 survivors (4096K)
 Metaspace       used 51067K, committed 52288K, reserved 1114112K
  class space    used 5321K, committed 5824K, reserved 1048576K
}
Event: 19.433 GC heap after
{Heap after GC invocations=29 (full 0):
 garbage-first heap   total 122880K, used 69345K [0x0000000701800000, 0x0000000800000000)
  region size 2048K, 2 young (4096K), 2 survivors (4096K)
 Metaspace       used 51067K, committed 52288K, reserved 1114112K
  class space    used 5321K, committed 5824K, reserved 1048576K
}
Event: 19.654 GC heap before
{Heap before GC invocations=29 (full 0):
 garbage-first heap   total 122880K, used 91873K [0x0000000701800000, 0x0000000800000000)
  region size 2048K, 14 young (28672K), 2 survivors (4096K)
 Metaspace       used 51778K, committed 53056K, reserved 1114112K
  class space    used 5388K, committed 5952K, reserved 1048576K
}
Event: 19.660 GC heap after
{Heap after GC invocations=30 (full 0):
 garbage-first heap   total 122880K, used 73773K [0x0000000701800000, 0x0000000800000000)
  region size 2048K, 2 young (4096K), 2 survivors (4096K)
 Metaspace       used 51778K, committed 53056K, reserved 1114112K
  class space    used 5388K, committed 5952K, reserved 1048576K
}
Event: 19.945 GC heap before
{Heap before GC invocations=31 (full 0):
 garbage-first heap   total 131072K, used 96301K [0x0000000701800000, 0x0000000800000000)
  region size 2048K, 13 young (26624K), 2 survivors (4096K)
 Metaspace       used 51890K, committed 53120K, reserved 1114112K
  class space    used 5409K, committed 5952K, reserved 1048576K
}
Event: 19.949 GC heap after
{Heap after GC invocations=32 (full 0):
 garbage-first heap   total 131072K, used 78676K [0x0000000701800000, 0x0000000800000000)
  region size 2048K, 2 young (4096K), 2 survivors (4096K)
 Metaspace       used 51890K, committed 53120K, reserved 1114112K
  class space    used 5409K, committed 5952K, reserved 1048576K
}
Event: 19.964 GC heap before
{Heap before GC invocations=32 (full 0):
 garbage-first heap   total 131072K, used 80724K [0x0000000701800000, 0x0000000800000000)
  region size 2048K, 3 young (6144K), 2 survivors (4096K)
 Metaspace       used 51890K, committed 53120K, reserved 1114112K
  class space    used 5409K, committed 5952K, reserved 1048576K
}
Event: 19.967 GC heap after
{Heap after GC invocations=33 (full 0):
 garbage-first heap   total 161792K, used 78726K [0x0000000701800000, 0x0000000800000000)
  region size 2048K, 1 young (2048K), 1 survivors (2048K)
 Metaspace       used 51890K, committed 53120K, reserved 1114112K
  class space    used 5409K, committed 5952K, reserved 1048576K
}
Event: 20.512 GC heap before
{Heap before GC invocations=33 (full 0):
 garbage-first heap   total 161792K, used 119686K [0x0000000701800000, 0x0000000800000000)
  region size 2048K, 22 young (45056K), 1 survivors (2048K)
 Metaspace       used 52826K, committed 54080K, reserved 1114112K
  class space    used 5461K, committed 5952K, reserved 1048576K
}
Event: 20.516 GC heap after
{Heap after GC invocations=34 (full 0):
 garbage-first heap   total 161792K, used 87495K [0x0000000701800000, 0x0000000800000000)
  region size 2048K, 3 young (6144K), 3 survivors (6144K)
 Metaspace       used 52826K, committed 54080K, reserved 1114112K
  class space    used 5461K, committed 5952K, reserved 1048576K
}
Event: 20.757 GC heap before
{Heap before GC invocations=35 (full 0):
 garbage-first heap   total 161792K, used 122311K [0x0000000701800000, 0x0000000800000000)
  region size 2048K, 21 young (43008K), 3 survivors (6144K)
 Metaspace       used 52842K, committed 54080K, reserved 1114112K
  class space    used 5461K, committed 5952K, reserved 1048576K
}
Event: 20.763 GC heap after
{Heap after GC invocations=36 (full 0):
 garbage-first heap   total 161792K, used 92292K [0x0000000701800000, 0x0000000800000000)
  region size 2048K, 3 young (6144K), 3 survivors (6144K)
 Metaspace       used 52842K, committed 54080K, reserved 1114112K
  class space    used 5461K, committed 5952K, reserved 1048576K
}
Event: 20.772 GC heap before
{Heap before GC invocations=36 (full 0):
 garbage-first heap   total 161792K, used 94340K [0x0000000701800000, 0x0000000800000000)
  region size 2048K, 4 young (8192K), 3 survivors (6144K)
 Metaspace       used 52844K, committed 54080K, reserved 1114112K
  class space    used 5461K, committed 5952K, reserved 1048576K
}
Event: 20.775 GC heap after
{Heap after GC invocations=37 (full 0):
 garbage-first heap   total 161792K, used 92159K [0x0000000701800000, 0x0000000800000000)
  region size 2048K, 1 young (2048K), 1 survivors (2048K)
 Metaspace       used 52844K, committed 54080K, reserved 1114112K
  class space    used 5461K, committed 5952K, reserved 1048576K
}
Event: 21.047 GC heap before
{Heap before GC invocations=37 (full 0):
 garbage-first heap   total 161792K, used 124927K [0x0000000701800000, 0x0000000800000000)
  region size 2048K, 18 young (36864K), 1 survivors (2048K)
 Metaspace       used 54038K, committed 55296K, reserved 1114112K
  class space    used 5561K, committed 6080K, reserved 1048576K
}
Event: 21.051 GC heap after
{Heap after GC invocations=38 (full 0):
 garbage-first heap   total 161792K, used 98265K [0x0000000701800000, 0x0000000800000000)
  region size 2048K, 3 young (6144K), 3 survivors (6144K)
 Metaspace       used 54038K, committed 55296K, reserved 1114112K
  class space    used 5561K, committed 6080K, reserved 1048576K
}
Event: 21.381 GC heap before
{Heap before GC invocations=39 (full 0):
 garbage-first heap   total 174080K, used 124889K [0x0000000701800000, 0x0000000800000000)
  region size 2048K, 17 young (34816K), 3 survivors (6144K)
 Metaspace       used 54077K, committed 55296K, reserved 1114112K
  class space    used 5563K, committed 6080K, reserved 1048576K
}
Event: 21.390 GC heap after
{Heap after GC invocations=40 (full 0):
 garbage-first heap   total 174080K, used 104821K [0x0000000701800000, 0x0000000800000000)
  region size 2048K, 3 young (6144K), 3 survivors (6144K)
 Metaspace       used 54077K, committed 55296K, reserved 1114112K
  class space    used 5563K, committed 6080K, reserved 1048576K
}
Event: 21.438 GC heap before
{Heap before GC invocations=40 (full 0):
 garbage-first heap   total 174080K, used 106869K [0x0000000701800000, 0x0000000800000000)
  region size 2048K, 4 young (8192K), 3 survivors (6144K)
 Metaspace       used 54115K, committed 55360K, reserved 1114112K
  class space    used 5563K, committed 6080K, reserved 1048576K
}

Deoptimization events (20 events):
Event: 21.260 Thread 0x0000026752fa2050 DEOPT PACKING pc=0x000002673a5a7968 sp=0x000000dcbccfe7e0
Event: 21.260 Thread 0x0000026752fa2050 DEOPT UNPACKING pc=0x00000267326423a3 sp=0x000000dcbccfe780 mode 2
Event: 21.274 Thread 0x0000026752235490 Uncommon trap: trap_request=0xffffff45 fr.pc=0x000002673a298130 relative=0x0000000000000b70
Event: 21.274 Thread 0x0000026752235490 Uncommon trap: reason=unstable_if action=reinterpret pc=0x000002673a298130 method=org.eclipse.core.internal.watson.ElementTree.getElementData(Lorg/eclipse/core/runtime/IPath;)Ljava/lang/Object; @ 29 c2
Event: 21.274 Thread 0x0000026752235490 DEOPT PACKING pc=0x000002673a298130 sp=0x000000dcbedfe400
Event: 21.274 Thread 0x0000026752235490 DEOPT UNPACKING pc=0x00000267326423a3 sp=0x000000dcbedfe368 mode 2
Event: 21.281 Thread 0x0000026752fa3860 DEOPT PACKING pc=0x0000026733a604c2 sp=0x000000dcbd2fe5e0
Event: 21.281 Thread 0x0000026752fa3860 DEOPT UNPACKING pc=0x0000026732642b43 sp=0x000000dcbd2fdb68 mode 0
Event: 21.296 Thread 0x0000026752fa3860 DEOPT PACKING pc=0x0000026733a604c2 sp=0x000000dcbd2fe5e0
Event: 21.296 Thread 0x0000026752fa3860 DEOPT UNPACKING pc=0x0000026732642b43 sp=0x000000dcbd2fdb68 mode 0
Event: 21.318 Thread 0x0000026752fa3860 DEOPT PACKING pc=0x0000026733a604c2 sp=0x000000dcbd2fe5e0
Event: 21.318 Thread 0x0000026752fa3860 DEOPT UNPACKING pc=0x0000026732642b43 sp=0x000000dcbd2fdb68 mode 0
Event: 21.324 Thread 0x0000026752fa3860 DEOPT PACKING pc=0x0000026733a604c2 sp=0x000000dcbd2fe5e0
Event: 21.324 Thread 0x0000026752fa3860 DEOPT UNPACKING pc=0x0000026732642b43 sp=0x000000dcbd2fdb68 mode 0
Event: 21.333 Thread 0x0000026752fa3860 DEOPT PACKING pc=0x0000026733a604c2 sp=0x000000dcbd2fe5e0
Event: 21.333 Thread 0x0000026752fa3860 DEOPT UNPACKING pc=0x0000026732642b43 sp=0x000000dcbd2fdb68 mode 0
Event: 21.350 Thread 0x0000026752fa3860 DEOPT PACKING pc=0x0000026733a604c2 sp=0x000000dcbd2fe5e0
Event: 21.350 Thread 0x0000026752fa3860 DEOPT UNPACKING pc=0x0000026732642b43 sp=0x000000dcbd2fdb68 mode 0
Event: 21.378 Thread 0x0000026752fa3860 DEOPT PACKING pc=0x0000026733a604c2 sp=0x000000dcbd2fe5e0
Event: 21.378 Thread 0x0000026752fa3860 DEOPT UNPACKING pc=0x0000026732642b43 sp=0x000000dcbd2fdb68 mode 0

Classes loaded (20 events):
Event: 17.160 Loading class java/util/TreeMap$AscendingSubMap$AscendingEntrySetView
Event: 17.160 Loading class java/util/TreeMap$NavigableSubMap$EntrySetView
Event: 17.160 Loading class java/util/TreeMap$NavigableSubMap$EntrySetView done
Event: 17.160 Loading class java/util/TreeMap$AscendingSubMap$AscendingEntrySetView done
Event: 17.160 Loading class java/util/TreeMap$NavigableSubMap$SubMapEntryIterator
Event: 17.161 Loading class java/util/TreeMap$NavigableSubMap$SubMapIterator
Event: 17.161 Loading class java/util/TreeMap$NavigableSubMap$SubMapIterator done
Event: 17.161 Loading class java/util/TreeMap$NavigableSubMap$SubMapEntryIterator done
Event: 17.261 Loading class sun/nio/ch/SelChImpl
Event: 17.261 Loading class sun/nio/ch/SelChImpl done
Event: 18.067 Loading class java/util/Vector$1
Event: 18.068 Loading class java/util/Vector$1 done
Event: 19.514 Loading class java/util/regex/Pattern$Caret
Event: 19.514 Loading class java/util/regex/Pattern$Caret done
Event: 19.600 Loading class java/util/concurrent/CompletableFuture$AltResult
Event: 19.600 Loading class java/util/concurrent/CompletableFuture$AltResult done
Event: 19.600 Loading class java/util/concurrent/CompletableFuture$Completion
Event: 19.600 Loading class java/util/concurrent/CompletableFuture$AsynchronousCompletionTask
Event: 19.600 Loading class java/util/concurrent/CompletableFuture$AsynchronousCompletionTask done
Event: 19.600 Loading class java/util/concurrent/CompletableFuture$Completion done

Classes unloaded (7 events):
Event: 12.430 Thread 0x000002674b1fb440 Unloading class 0x0000000800db7000 'java/lang/invoke/LambdaForm$MH+0x0000000800db7000'
Event: 12.430 Thread 0x000002674b1fb440 Unloading class 0x0000000800db6c00 'java/lang/invoke/LambdaForm$MH+0x0000000800db6c00'
Event: 12.430 Thread 0x000002674b1fb440 Unloading class 0x0000000800db6800 'java/lang/invoke/LambdaForm$MH+0x0000000800db6800'
Event: 12.430 Thread 0x000002674b1fb440 Unloading class 0x0000000800db6400 'java/lang/invoke/LambdaForm$MH+0x0000000800db6400'
Event: 12.430 Thread 0x000002674b1fb440 Unloading class 0x0000000800db6000 'java/lang/invoke/LambdaForm$BMH+0x0000000800db6000'
Event: 12.430 Thread 0x000002674b1fb440 Unloading class 0x0000000800db5c00 'java/lang/invoke/LambdaForm$DMH+0x0000000800db5c00'
Event: 12.430 Thread 0x000002674b1fb440 Unloading class 0x0000000800db4800 'java/lang/invoke/LambdaForm$DMH+0x0000000800db4800'

Classes redefined (0 events):
No events

Internal exceptions (20 events):
Event: 17.173 Thread 0x0000026755bb9b10 Exception <a 'sun/nio/fs/WindowsException'{0x0000000705490080}> (0x0000000705490080) 
thrown [s\open\src\hotspot\share\prims\jni.cpp, line 516]
Event: 17.181 Thread 0x0000026755bb9b10 Exception <a 'sun/nio/fs/WindowsException'{0x0000000705565a88}> (0x0000000705565a88) 
thrown [s\open\src\hotspot\share\prims\jni.cpp, line 516]
Event: 17.183 Thread 0x0000026755bb9b10 Exception <a 'sun/nio/fs/WindowsException'{0x0000000705566f88}> (0x0000000705566f88) 
thrown [s\open\src\hotspot\share\prims\jni.cpp, line 516]
Event: 17.184 Thread 0x0000026755bb9b10 Exception <a 'sun/nio/fs/WindowsException'{0x0000000705568880}> (0x0000000705568880) 
thrown [s\open\src\hotspot\share\prims\jni.cpp, line 516]
Event: 17.188 Thread 0x0000026755bb9b10 Exception <a 'sun/nio/fs/WindowsException'{0x000000070556c5f0}> (0x000000070556c5f0) 
thrown [s\open\src\hotspot\share\prims\jni.cpp, line 516]
Event: 17.191 Thread 0x0000026755bb9b10 Exception <a 'sun/nio/fs/WindowsException'{0x000000070556f220}> (0x000000070556f220) 
thrown [s\open\src\hotspot\share\prims\jni.cpp, line 516]
Event: 17.191 Thread 0x0000026755bb9b10 Exception <a 'sun/nio/fs/WindowsException'{0x0000000705570800}> (0x0000000705570800) 
thrown [s\open\src\hotspot\share\prims\jni.cpp, line 516]
Event: 17.194 Thread 0x0000026755bb9b10 Exception <a 'sun/nio/fs/WindowsException'{0x0000000705573650}> (0x0000000705573650) 
thrown [s\open\src\hotspot\share\prims\jni.cpp, line 516]
Event: 17.195 Thread 0x0000026755bb9b10 Exception <a 'sun/nio/fs/WindowsException'{0x00000007055751a0}> (0x00000007055751a0) 
thrown [s\open\src\hotspot\share\prims\jni.cpp, line 516]
Event: 17.208 Thread 0x0000026755bb9b10 Exception <a 'sun/nio/fs/WindowsException'{0x0000000705583a48}> (0x0000000705583a48) 
thrown [s\open\src\hotspot\share\prims\jni.cpp, line 516]
Event: 17.221 Thread 0x0000026755bb9b10 Exception <a 'sun/nio/fs/WindowsException'{0x0000000705592640}> (0x0000000705592640) 
thrown [s\open\src\hotspot\share\prims\jni.cpp, line 516]
Event: 17.232 Thread 0x0000026755bb9b10 Exception <a 'sun/nio/fs/WindowsException'{0x000000070559e990}> (0x000000070559e990) 
thrown [s\open\src\hotspot\share\prims\jni.cpp, line 516]
Event: 17.255 Thread 0x0000026752fa2050 Exception <a 'sun/nio/fs/WindowsException'{0x0000000705265628}> (0x0000000705265628) 
thrown [s\open\src\hotspot\share\prims\jni.cpp, line 516]
Event: 17.259 Thread 0x0000026752fa2050 Exception <a 'sun/nio/fs/WindowsException'{0x00000007052ca6f8}> (0x00000007052ca6f8) 
thrown [s\open\src\hotspot\share\prims\jni.cpp, line 516]
Event: 17.268 Thread 0x0000026752fa2050 Exception <a 'sun/nio/fs/WindowsException'{0x000000070532ad48}> (0x000000070532ad48) 
thrown [s\open\src\hotspot\share\prims\jni.cpp, line 516]
Event: 17.603 Thread 0x0000026752fa3860 Implicit null exception at 0x000002673a414eaf to 0x000002673a414fdc
Event: 19.055 Thread 0x0000026752fa11e0 Exception <a 'java/lang/NoSuchMethodError'{0x0000000707dbd420}: 'void java.lang.invoke.DirectMethodHandle$Holder.invokeStaticInit(java.lang.Object, java.lang.Object, java.lang.Object, java.lang.Object)'> (0x0000000707dbd420) 
thrown [s\open\src\hotspot\share\interpreter\linkResolver.cpp, line 759]
Event: 19.092 Thread 0x0000026755bb87d0 Exception <a 'java/io/FileNotFoundException'{0x00000007076c8738}> (0x00000007076c8738) 
thrown [s\open\src\hotspot\share\prims\jni.cpp, line 516]
Event: 19.260 Thread 0x0000026752fa3860 Implicit null exception at 0x000002673a4ce136 to 0x000002673a4d251c
Event: 21.264 Thread 0x0000026755bb87d0 Exception <a 'java/lang/IncompatibleClassChangeError'{0x000000070b8037d0}: Found class java.lang.Object, but interface was expected> (0x000000070b8037d0) 
thrown [s\open\src\hotspot\share\interpreter\linkResolver.cpp, line 826]

VM Operations (20 events):
Event: 20.685 Executing VM operation: G1Concurrent done
Event: 20.757 Executing VM operation: G1CollectForAllocation
Event: 20.766 Executing VM operation: G1CollectForAllocation done
Event: 20.772 Executing VM operation: G1CollectForAllocation
Event: 20.775 Executing VM operation: G1CollectForAllocation done
Event: 20.958 Executing VM operation: G1CollectForAllocation
Event: 21.094 Executing VM operation: G1CollectForAllocation done
Event: 21.174 Executing VM operation: G1Concurrent
Event: 21.193 Executing VM operation: G1Concurrent done
Event: 21.214 Executing VM operation: HandshakeAllThreads
Event: 21.214 Executing VM operation: HandshakeAllThreads done
Event: 21.226 Executing VM operation: G1Concurrent
Event: 21.240 Executing VM operation: G1Concurrent done
Event: 21.274 Executing VM operation: HandshakeAllThreads
Event: 21.280 Executing VM operation: HandshakeAllThreads done
Event: 21.309 Executing VM operation: HandshakeAllThreads
Event: 21.309 Executing VM operation: HandshakeAllThreads done
Event: 21.380 Executing VM operation: G1CollectForAllocation
Event: 21.412 Executing VM operation: G1CollectForAllocation done
Event: 21.438 Executing VM operation: G1CollectForAllocation

Events (20 events):
Event: 21.322 Thread 0x0000026751c333e0 flushing nmethod 0x0000026733904410
Event: 21.322 Thread 0x0000026751c333e0 flushing nmethod 0x000002673391bc10
Event: 21.322 Thread 0x0000026751c333e0 flushing nmethod 0x0000026733958810
Event: 21.322 Thread 0x0000026751c333e0 flushing nmethod 0x000002673395a390
Event: 21.322 Thread 0x0000026751c333e0 flushing nmethod 0x000002673395e090
Event: 21.322 Thread 0x0000026751c333e0 flushing nmethod 0x0000026733961210
Event: 21.322 Thread 0x0000026751c333e0 flushing nmethod 0x000002673396b810
Event: 21.322 Thread 0x0000026751c333e0 flushing nmethod 0x0000026733983890
Event: 21.322 Thread 0x0000026751c333e0 flushing nmethod 0x0000026733989b10
Event: 21.322 Thread 0x0000026751c333e0 flushing nmethod 0x0000026733990790
Event: 21.322 Thread 0x0000026751c333e0 flushing nmethod 0x00000267339abd10
Event: 21.322 Thread 0x0000026751c333e0 flushing nmethod 0x00000267339ae610
Event: 21.322 Thread 0x0000026751c333e0 flushing nmethod 0x00000267339d1210
Event: 21.323 Thread 0x0000026751c333e0 flushing nmethod 0x00000267339e2f10
Event: 21.323 Thread 0x0000026751c333e0 flushing nmethod 0x00000267339e3490
Event: 21.323 Thread 0x0000026751c333e0 flushing nmethod 0x00000267339e5190
Event: 21.323 Thread 0x0000026751c333e0 flushing nmethod 0x0000026733a69090
Event: 21.323 Thread 0x0000026751c333e0 flushing nmethod 0x0000026733a6d510
Event: 21.323 Thread 0x0000026751c333e0 flushing nmethod 0x0000026733a79310
Event: 21.323 Thread 0x0000026751c333e0 flushing nmethod 0x0000026733a8a090


Dynamic libraries:
0x00007ff6e3190000 - 0x00007ff6e31a0000 	C:\Program Files\Java\jdk-18.0.2.1\bin\java.exe
0x00007ffc06f00000 - 0x00007ffc07109000 	C:\WINDOWS\SYSTEM32\ntdll.dll
0x00007ffc05d90000 - 0x00007ffc05e4d000 	C:\WINDOWS\System32\KERNEL32.DLL
0x00007ffc046c0000 - 0x00007ffc04a44000 	C:\WINDOWS\System32\KERNELBASE.dll
0x00007ffc04ad0000 - 0x00007ffc04be1000 	C:\WINDOWS\System32\ucrtbase.dll
0x00007ffbe1710000 - 0x00007ffbe1728000 	C:\Program Files\Java\jdk-18.0.2.1\bin\jli.dll
0x00007ffbdff60000 - 0x00007ffbdff7a000 	C:\Program Files\Java\jdk-18.0.2.1\bin\VCRUNTIME140.dll
0x00007ffc05ae0000 - 0x00007ffc05b8e000 	C:\WINDOWS\System32\ADVAPI32.dll
0x00007ffc05120000 - 0x00007ffc051c3000 	C:\WINDOWS\System32\msvcrt.dll
0x00007ffc05f50000 - 0x00007ffc05fee000 	C:\WINDOWS\System32\sechost.dll
0x00007ffc06010000 - 0x00007ffc06131000 	C:\WINDOWS\System32\RPCRT4.dll
0x00007ffc05b90000 - 0x00007ffc05d3d000 	C:\WINDOWS\System32\USER32.dll
0x00007ffc04d20000 - 0x00007ffc04d46000 	C:\WINDOWS\System32\win32u.dll
0x00007ffc05d40000 - 0x00007ffc05d6a000 	C:\WINDOWS\System32\GDI32.dll
0x00007ffc045a0000 - 0x00007ffc046be000 	C:\WINDOWS\System32\gdi32full.dll
0x00007ffc04500000 - 0x00007ffc0459d000 	C:\WINDOWS\System32\msvcp_win.dll
0x00007ffbf5f70000 - 0x00007ffbf6215000 	C:\WINDOWS\WinSxS\amd64_microsoft.windows.common-controls_6595b64144ccf1df_6.0.22000.120_none_9d947278b86cc467\COMCTL32.dll
0x00007ffc03d40000 - 0x00007ffc03d4a000 	C:\WINDOWS\SYSTEM32\VERSION.dll
0x00007ffc06e80000 - 0x00007ffc06eb1000 	C:\WINDOWS\System32\IMM32.DLL
0x00007ffc069f0000 - 0x00007ffc06b8a000 	C:\WINDOWS\System32\ole32.dll
0x00007ffc05760000 - 0x00007ffc05ad6000 	C:\WINDOWS\System32\combase.dll
0x00007ffc03d30000 - 0x00007ffc03d3b000 	C:\WINDOWS\system32\fltlib.dll
0x00007ffbe95a0000 - 0x00007ffbe95ac000 	C:\Program Files\Java\jdk-18.0.2.1\bin\vcruntime140_1.dll
0x00007ffbbe000000 - 0x00007ffbbe08d000 	C:\Program Files\Java\jdk-18.0.2.1\bin\msvcp140.dll
0x00007ffbbd3e0000 - 0x00007ffbbdff1000 	C:\Program Files\Java\jdk-18.0.2.1\bin\server\jvm.dll
0x00007ffc05f40000 - 0x00007ffc05f48000 	C:\WINDOWS\System32\PSAPI.DLL
0x00007ffbfb9f0000 - 0x00007ffbfba23000 	C:\WINDOWS\SYSTEM32\WINMM.dll
0x00007ffbe78f0000 - 0x00007ffbe78f9000 	C:\WINDOWS\SYSTEM32\WSOCK32.dll
0x00007ffc05020000 - 0x00007ffc0508f000 	C:\WINDOWS\System32\WS2_32.dll
0x00007ffc03240000 - 0x00007ffc03258000 	C:\WINDOWS\SYSTEM32\kernel.appcore.dll
0x00007ffbe1580000 - 0x00007ffbe158a000 	C:\Program Files\Java\jdk-18.0.2.1\bin\jimage.dll
0x00007ffc01f40000 - 0x00007ffc02161000 	C:\WINDOWS\SYSTEM32\DBGHELP.DLL
0x00007ffbe8c40000 - 0x00007ffbe8c71000 	C:\WINDOWS\SYSTEM32\dbgcore.DLL
0x00007ffc04a50000 - 0x00007ffc04acf000 	C:\WINDOWS\System32\bcryptPrimitives.dll
0x00007ffbe09e0000 - 0x00007ffbe09ee000 	C:\Program Files\Java\jdk-18.0.2.1\bin\instrument.dll
0x00007ffbd9100000 - 0x00007ffbd9125000 	C:\Program Files\Java\jdk-18.0.2.1\bin\java.dll
0x00007ffbbd300000 - 0x00007ffbbd3d6000 	C:\Program Files\Java\jdk-18.0.2.1\bin\jsvml.dll
0x00007ffc061c0000 - 0x00007ffc06985000 	C:\WINDOWS\System32\SHELL32.dll
0x00007ffc02300000 - 0x00007ffc02b62000 	C:\WINDOWS\SYSTEM32\windows.storage.dll
0x00007ffc02190000 - 0x00007ffc022f7000 	C:\WINDOWS\SYSTEM32\wintypes.dll
0x00007ffc04e40000 - 0x00007ffc04f2a000 	C:\WINDOWS\System32\SHCORE.dll
0x00007ffc06990000 - 0x00007ffc069ed000 	C:\WINDOWS\System32\shlwapi.dll
0x00007ffc042c0000 - 0x00007ffc042e5000 	C:\WINDOWS\SYSTEM32\profapi.dll
0x00007ffbd9060000 - 0x00007ffbd9078000 	C:\Program Files\Java\jdk-18.0.2.1\bin\zip.dll
0x00007ffbd9040000 - 0x00007ffbd9053000 	C:\Program Files\Java\jdk-18.0.2.1\bin\net.dll
0x00007ffbfeeb0000 - 0x00007ffbfefc4000 	C:\WINDOWS\SYSTEM32\WINHTTP.dll
0x00007ffc03740000 - 0x00007ffc037a7000 	C:\WINDOWS\system32\mswsock.dll
0x00007ffbd8270000 - 0x00007ffbd8286000 	C:\Program Files\Java\jdk-18.0.2.1\bin\nio.dll
0x00007ffbd9900000 - 0x00007ffbd9910000 	C:\Program Files\Java\jdk-18.0.2.1\bin\verify.dll
0x00007ffbd41a0000 - 0x00007ffbd41e5000 	C:\Users\hyper\AppData\Roaming\Code\User\globalStorage\redhat.java\1.38.0\config_win\org.eclipse.equinox.launcher\org.eclipse.equinox.launcher.win32.win32.x86_64_1.2.1100.v20240722-2106\eclipse_11904.dll
0x00007ffc03e60000 - 0x00007ffc03e78000 	C:\WINDOWS\SYSTEM32\CRYPTSP.dll
0x00007ffc03200000 - 0x00007ffc03235000 	C:\WINDOWS\system32\rsaenh.dll
0x00007ffc037e0000 - 0x00007ffc0380c000 	C:\WINDOWS\SYSTEM32\USERENV.dll
0x00007ffc03ea0000 - 0x00007ffc03ec7000 	C:\WINDOWS\SYSTEM32\bcrypt.dll
0x00007ffc03930000 - 0x00007ffc0393c000 	C:\WINDOWS\SYSTEM32\CRYPTBASE.dll
0x00007ffc02dc0000 - 0x00007ffc02ded000 	C:\WINDOWS\SYSTEM32\IPHLPAPI.DLL
0x00007ffc05010000 - 0x00007ffc05019000 	C:\WINDOWS\System32\NSI.dll
0x00007ffbfebf0000 - 0x00007ffbfec09000 	C:\WINDOWS\SYSTEM32\dhcpcsvc6.DLL
0x00007ffbff3f0000 - 0x00007ffbff40e000 	C:\WINDOWS\SYSTEM32\dhcpcsvc.DLL
0x00007ffc02e30000 - 0x00007ffc02f17000 	C:\WINDOWS\SYSTEM32\DNSAPI.dll
0x00007ffbd5ba0000 - 0x00007ffbd5be9000 	C:\Users\hyper\AppData\Local\Temp\jna-99761772\jna14189774519276277781.dll

dbghelp: loaded successfully - version: 4.0.5 - missing functions: none
symbol engine: initialized successfully - sym options: 0x614 - pdb path: .;C:\Program Files\Java\jdk-18.0.2.1\bin;C:\WINDOWS\SYSTEM32;C:\WINDOWS\WinSxS\amd64_microsoft.windows.common-controls_6595b64144ccf1df_6.0.22000.120_none_9d947278b86cc467;C:\Program Files\Java\jdk-18.0.2.1\bin\server;C:\Users\hyper\AppData\Roaming\Code\User\globalStorage\redhat.java\1.38.0\config_win\org.eclipse.equinox.launcher\org.eclipse.equinox.launcher.win32.win32.x86_64_1.2.1100.v20240722-2106;C:\Users\hyper\AppData\Local\Temp\jna-99761772

VM Arguments:
jvm_args: --add-modules=ALL-SYSTEM --add-opens=java.base/java.util=ALL-UNNAMED --add-opens=java.base/java.lang=ALL-UNNAMED --add-opens=java.base/sun.nio.fs=ALL-UNNAMED -Declipse.application=org.eclipse.jdt.ls.core.id1 -Dosgi.bundles.defaultStartLevel=4 -Declipse.product=org.eclipse.jdt.ls.core.product -Djava.import.generatesMetadataFilesAtProjectRoot=false -DDetectVMInstallationsJob.disabled=true -Dfile.encoding=utf8 -Xlog:disable -javaagent:c:\Users\hyper\.vscode\extensions\redhat.java-1.38.0-win32-x64\lombok\lombok-1.18.34.jar -XX:+HeapDumpOnOutOfMemoryError -XX:HeapDumpPath=c:\Users\hyper\AppData\Roaming\Code\User\workspaceStorage\55103842018b78ebd48e089c0df41d06\redhat.java -Daether.dependencyCollector.impl=bf 
java_command: c:\Users\hyper\.vscode\extensions\redhat.java-1.38.0-win32-x64\server\plugins\org.eclipse.equinox.launcher_1.6.900.v20240613-2009.jar -configuration c:\Users\hyper\AppData\Roaming\Code\User\globalStorage\redhat.java\1.38.0\config_win -data c:\Users\hyper\AppData\Roaming\Code\User\workspaceStorage\55103842018b78ebd48e089c0df41d06\redhat.java\jdt_ws --pipe=\\.\pipe\lsp-7ad357d3946e8988137c5d788da7745c-sock
java_class_path (initial): c:\Users\hyper\.vscode\extensions\redhat.java-1.38.0-win32-x64\server\plugins\org.eclipse.equinox.launcher_1.6.900.v20240613-2009.jar
Launcher Type: SUN_STANDARD

[Global flags]
     intx CICompilerCount                          = 4                                         {product} {ergonomic}
     uint ConcGCThreads                            = 2                                         {product} {ergonomic}
     uint G1ConcRefinementThreads                  = 8                                         {product} {ergonomic}
   size_t G1HeapRegionSize                         = 2097152                                   {product} {ergonomic}
    uintx GCDrainStackTargetSize                   = 64                                        {product} {ergonomic}
     bool HeapDumpOnOutOfMemoryError               = true                                   {manageable} {command line}
    ccstr HeapDumpPath                             = c:\Users\hyper\AppData\Roaming\Code\User\workspaceStorage\55103842018b78ebd48e089c0df41d06\redhat.java         {manageable} {command line}
   size_t InitialHeapSize                          = 268435456                                 {product} {ergonomic}
   size_t MarkStackSize                            = 4194304                                   {product} {ergonomic}
   size_t MaxHeapSize                              = 4269801472                                {product} {ergonomic}
   size_t MaxNewSize                               = 2560622592                                {product} {ergonomic}
   size_t MinHeapDeltaBytes                        = 2097152                                   {product} {ergonomic}
   size_t MinHeapSize                              = 8388608                                   {product} {ergonomic}
    uintx NonNMethodCodeHeapSize                   = 5839372                                {pd product} {ergonomic}
    uintx NonProfiledCodeHeapSize                  = 122909434                              {pd product} {ergonomic}
    uintx ProfiledCodeHeapSize                     = 122909434                              {pd product} {ergonomic}
    uintx ReservedCodeCacheSize                    = 251658240                              {pd product} {ergonomic}
     bool SegmentedCodeCache                       = true                                      {product} {ergonomic}
   size_t SoftMaxHeapSize                          = 4269801472                             {manageable} {ergonomic}
     bool UseCompressedClassPointers               = true                           {product lp64_product} {ergonomic}
     bool UseCompressedOops                        = true                           {product lp64_product} {ergonomic}
     bool UseG1GC                                  = true                                      {product} {ergonomic}
     bool UseLargePagesIndividualAllocation        = false                                  {pd product} {ergonomic}

Logging:
Log output configuration:
 #0: stdout all=off uptime,level,tags foldmultilines=false
 #1: stderr all=off uptime,level,tags foldmultilines=false

Environment Variables:
JAVA_HOME=C:\Program Files\Java\jdk-18.0.2.1
PATH=C:\Program Files\Common Files\Oracle\Java\javapath;C:\WINDOWS\system32;C:\WINDOWS;C:\WINDOWS\System32\Wbem;C:\WINDOWS\System32\WindowsPowerShell\v1.0\;C:\WINDOWS\System32\OpenSSH\;C:\Program Files (x86)\NVIDIA Corporation\PhysX\Common;C:\Program Files\NVIDIA Corporation\NVIDIA NvDLISR;J:\.important\Documents\apache-maven-3.8.6\bin;C:\Program Files\Microsoft SQL Server\Client SDK\ODBC\170\Tools\Binn\;C:\Program Files (x86)\Microsoft SQL Server\150\Tools\Binn\;C:\Program Files\Microsoft SQL Server\150\Tools\Binn\;C:\Program Files\Microsoft SQL Server\150\DTS\Binn\;C:\Program Files (x86)\Microsoft SQL Server\160\DTS\Binn\;C:\Users\hyper\Downloads\curl-8.10.1_2-win64-mingw\curl-8.10.1_2-win64-mingw\bin;C:\C:\Program Files\Java\jdk-18.0.2.1\bin;C:\Program Files\OpenSSL-Win64\bin;C:\Program Files\dotnet\;C:\Program Files\Git\cmd;H:\;C:\Program Files (x86)\Microsoft SQL Server\160\Tools\Binn\;C:\Program Files\Microsoft SQL Server\160\Tools\Binn\;C:\Program Files\Microsoft SQL Server\160\DTS\Binn\;J:\Docker\resources\bin;C:\Users\hyper\AppData\Local\Microsoft\WindowsApps;C:\Users\hyper\AppData\Local\Programs\Microsoft VS Code\bin;C:\Program Files\Java\jdk-18.0.2.1\bin;C:\Users\hyper\AppData\Roaming\npm
USERNAME=hyper
OS=Windows_NT
PROCESSOR_IDENTIFIER=Intel64 Family 6 Model 60 Stepping 3, GenuineIntel



---------------  S Y S T E M  ---------------

OS:
 Windows 11 , 64 bit Build 22000 (10.0.22000.2538)
OS uptime: 1 days 9:48 hours
Hyper-V role detected

CPU: total 8 (initial active 8) (4 cores per cpu, 2 threads per core) family 6 model 60 stepping 3 microcode 0x28, cx8, cmov, fxsr, ht, mmx, sse, sse2, sse3, ssse3, sse4.1, sse4.2, popcnt, lzcnt, tsc, tscinvbit, avx, avx2, aes, erms, clmul, bmi1, bmi2, fma, vzeroupper, clflush, hv

Memory: 4k page, system-wide physical 16283M (1738M free)
TotalPageFile size 36283M (AvailPageFile size 41M)
current process WorkingSet (physical memory assigned to process): 394M, peak: 399M
current process commit charge ("private bytes"): 496M, peak: 605M

vm_info: Java HotSpot(TM) 64-Bit Server VM (18.0.2.1+1-1) for windows-amd64 JRE (18.0.2.1+1-1), built on Aug 16 2022 01:46:33 by "mach5one" with MS VC++ 16.8 / 16.9 (VS2019)

END.
