#
# There is insufficient memory for the Java Runtime Environment to continue.
# Native memory allocation (mmap) failed to map 243269632 bytes for G1 virtual space
# Possible reasons:
#   The system is out of physical RAM or swap space
#   The process is running with CompressedOops enabled, and the Java Heap may be blocking the growth of the native heap
# Possible solutions:
#   Reduce memory load on the system
#   Increase physical memory or swap space
#   Check if swap backing store is full
#   Decrease Java heap size (-Xmx/-Xms)
#   Decrease number of Java threads
#   Decrease Java thread stack sizes (-Xss)
#   Set larger code cache with -XX:ReservedCodeCacheSize=
#   JVM is running with Zero Based Compressed Oops mode in which the Java heap is
#     placed in the first 32GB address space. The Java Heap base address is the
#     maximum limit for the native heap growth. Please use -XX:HeapBaseMinAddress
#     to set the Java Heap base and to place the Java Heap above 32GB virtual address.
# This output file may be truncated or incomplete.
#
#  Out of Memory Error (os_windows.cpp:3530), pid=124376, tid=107032
#
# JRE version: Java(TM) SE Runtime Environment (18.0.2.1+1) (build 18.0.2.1+1-1)
# Java VM: Java HotSpot(TM) 64-Bit Server VM (18.0.2.1+1-1, mixed mode, sharing, tiered, compressed oops, compressed class ptrs, g1 gc, windows-amd64)
# No core dump will be written. Minidumps are not enabled by default on client versions of Windows
#

---------------  S U M M A R Y ------------

Command Line: --add-modules=ALL-SYSTEM --add-opens=java.base/java.util=ALL-UNNAMED --add-opens=java.base/java.lang=ALL-UNNAMED --add-opens=java.base/sun.nio.fs=ALL-UNNAMED -Declipse.application=org.eclipse.jdt.ls.core.id1 -Dosgi.bundles.defaultStartLevel=4 -Declipse.product=org.eclipse.jdt.ls.core.product -Djava.import.generatesMetadataFilesAtProjectRoot=false -DDetectVMInstallationsJob.disabled=true -Dfile.encoding=utf8 -Xlog:disable -javaagent:c:\Users\hyper\.vscode\extensions\redhat.java-1.38.0-win32-x64\lombok\lombok-1.18.34.jar -XX:+HeapDumpOnOutOfMemoryError -XX:HeapDumpPath=c:\Users\hyper\AppData\Roaming\Code\User\workspaceStorage\55103842018b78ebd48e089c0df41d06\redhat.java -Daether.dependencyCollector.impl=bf c:\Users\hyper\.vscode\extensions\redhat.java-1.38.0-win32-x64\server\plugins\org.eclipse.equinox.launcher_1.6.900.v20240613-2009.jar -configuration c:\Users\hyper\AppData\Roaming\Code\User\globalStorage\redhat.java\1.38.0\config_win -data c:\Users\hyper\AppData\Roaming\Code\User\workspaceStorage\55103842018b78ebd48e089c0df41d06\redhat.java\jdt_ws --pipe=\\.\pipe\lsp-0b204aa0162ead8fa0ceb10ce3f01ee6-sock

Host: Intel(R) Core(TM) i7-4770K CPU @ 3.50GHz, 8 cores, 15G,  Windows 11 , 64 bit Build 22000 (10.0.22000.2538)
Time: Tue Mar 11 03:45:58 2025 Volgograd Standard Time elapsed time: 12.828869 seconds (0d 0h 0m 12s)

---------------  T H R E A D  ---------------

Current thread (0x00000239f75b7790):  VMThread "VM Thread" [stack: 0x0000009686100000,0x0000009686200000] [id=107032]

Stack: [0x0000009686100000,0x0000009686200000]
Native frames: (J=compiled Java code, j=interpreted, Vv=VM code, C=native code)
V  [jvm.dll+0x6993aa]
V  [jvm.dll+0x7f46dd]
V  [jvm.dll+0x7f5fee]
V  [jvm.dll+0x7f66a3]
V  [jvm.dll+0x25cf1f]
V  [jvm.dll+0x6962f9]
V  [jvm.dll+0x68ae2a]
V  [jvm.dll+0x32255b]
V  [jvm.dll+0x329f36]
V  [jvm.dll+0x37eade]
V  [jvm.dll+0x37ed0f]
V  [jvm.dll+0x2fa2da]
V  [jvm.dll+0x2fa387]
V  [jvm.dll+0x33e8c2]
V  [jvm.dll+0x33ce64]
V  [jvm.dll+0x2f9ab0]
V  [jvm.dll+0x33c43b]
V  [jvm.dll+0x7fb48b]
V  [jvm.dll+0x7fc224]
V  [jvm.dll+0x7fc75c]
V  [jvm.dll+0x7fcbb4]
V  [jvm.dll+0x7fcc77]
V  [jvm.dll+0x7a120a]
V  [jvm.dll+0x698255]
C  [ucrtbase.dll+0x26c0c]
C  [KERNEL32.DLL+0x153e0]
C  [ntdll.dll+0x485b]

VM_Operation (0x00000096882feb90): G1CollectForAllocation, mode: safepoint, requested by thread 0x00000239fd1ab840


---------------  P R O C E S S  ---------------

Threads class SMR info:
_java_thread_list=0x00000239fd5abe20, length=30, elements={
0x00000239d4facb60, 0x00000239f75bce30, 0x00000239f75bd9a0, 0x00000239f75d6f70,
0x00000239f75d7ae0, 0x00000239f75d8390, 0x00000239f75d8c40, 0x00000239f75d9820,
0x00000239fc023840, 0x00000239fc030170, 0x00000239f75a2820, 0x00000239fc341270,
0x00000239fc49f5c0, 0x00000239fc908f40, 0x00000239fcd74940, 0x00000239fceb1500,
0x00000239fd1b0b40, 0x00000239fd097af0, 0x00000239fd1acb80, 0x00000239fd1aa500,
0x00000239fd1ac6b0, 0x00000239fd1ac1e0, 0x00000239fd1ab370, 0x00000239fd1ab840,
0x00000239fd1abd10, 0x00000239fd1a9b60, 0x00000239fd1aa030, 0x00000239fd1ad050,
0x00000239fd1ad520, 0x00000239ffde3210
}

Java Threads: ( => current thread )
  0x00000239d4facb60 JavaThread "main" [_thread_blocked, id=130004, stack(0x0000009685b00000,0x0000009685c00000)]
  0x00000239f75bce30 JavaThread "Reference Handler" daemon [_thread_blocked, id=114812, stack(0x0000009686200000,0x0000009686300000)]
  0x00000239f75bd9a0 JavaThread "Finalizer" daemon [_thread_blocked, id=113224, stack(0x0000009686300000,0x0000009686400000)]
  0x00000239f75d6f70 JavaThread "Signal Dispatcher" daemon [_thread_blocked, id=135252, stack(0x0000009686400000,0x0000009686500000)]
  0x00000239f75d7ae0 JavaThread "Attach Listener" daemon [_thread_blocked, id=122964, stack(0x0000009686500000,0x0000009686600000)]
  0x00000239f75d8390 JavaThread "Service Thread" daemon [_thread_blocked, id=110188, stack(0x0000009686600000,0x0000009686700000)]
  0x00000239f75d8c40 JavaThread "Monitor Deflation Thread" daemon [_thread_blocked, id=137448, stack(0x0000009686700000,0x0000009686800000)]
  0x00000239f75d9820 JavaThread "C2 CompilerThread0" daemon [_thread_blocked, id=123344, stack(0x0000009686800000,0x0000009686900000)]
  0x00000239fc023840 JavaThread "C1 CompilerThread0" daemon [_thread_blocked, id=106528, stack(0x0000009686900000,0x0000009686a00000)]
  0x00000239fc030170 JavaThread "Sweeper thread" daemon [_thread_blocked, id=110740, stack(0x0000009686a00000,0x0000009686b00000)]
  0x00000239f75a2820 JavaThread "Common-Cleaner" daemon [_thread_blocked, id=131816, stack(0x0000009686b00000,0x0000009686c00000)]
  0x00000239fc341270 JavaThread "Notification Thread" daemon [_thread_blocked, id=135724, stack(0x0000009686d00000,0x0000009686e00000)]
  0x00000239fc49f5c0 JavaThread "Active Thread: Equinox Container: 408f51e5-2b5c-4103-a884-98e9620f1104" [_thread_blocked, id=133664, stack(0x0000009687600000,0x0000009687700000)]
  0x00000239fc908f40 JavaThread "Refresh Thread: Equinox Container: 408f51e5-2b5c-4103-a884-98e9620f1104" daemon [_thread_blocked, id=121000, stack(0x0000009686f00000,0x0000009687000000)]
  0x00000239fcd74940 JavaThread "Framework Event Dispatcher: Equinox Container: 408f51e5-2b5c-4103-a884-98e9620f1104" daemon [_thread_blocked, id=105640, stack(0x0000009687700000,0x0000009687800000)]
  0x00000239fceb1500 JavaThread "Start Level: Equinox Container: 408f51e5-2b5c-4103-a884-98e9620f1104" daemon [_thread_blocked, id=129724, stack(0x0000009687800000,0x0000009687900000)]
  0x00000239fd1b0b40 JavaThread "Bundle File Closer" daemon [_thread_blocked, id=129940, stack(0x0000009687a00000,0x0000009687b00000)]
  0x00000239fd097af0 JavaThread "SCR Component Actor" daemon [_thread_blocked, id=15724, stack(0x0000009687b00000,0x0000009687c00000)]
  0x00000239fd1acb80 JavaThread "SCR Component Registry" daemon [_thread_blocked, id=123376, stack(0x0000009687c00000,0x0000009687d00000)]
  0x00000239fd1aa500 JavaThread "Worker-JM" [_thread_blocked, id=113384, stack(0x0000009687d00000,0x0000009687e00000)]
  0x00000239fd1ac6b0 JavaThread "JNA Cleaner" daemon [_thread_blocked, id=122456, stack(0x0000009686c00000,0x0000009686d00000)]
  0x00000239fd1ac1e0 JavaThread "Worker-0" [_thread_blocked, id=131112, stack(0x0000009687e00000,0x0000009687f00000)]
  0x00000239fd1ab370 JavaThread "Worker-1" [_thread_blocked, id=111664, stack(0x0000009687f00000,0x0000009688000000)]
  0x00000239fd1ab840 JavaThread "Java indexing" daemon [_thread_blocked, id=116748, stack(0x0000009688200000,0x0000009688300000)]
  0x00000239fd1abd10 JavaThread "Worker-2" [_thread_blocked, id=131608, stack(0x0000009688600000,0x0000009688700000)]
  0x00000239fd1a9b60 JavaThread "Worker-3" [_thread_blocked, id=133084, stack(0x0000009688700000,0x0000009688800000)]
  0x00000239fd1aa030 JavaThread "Worker-4" [_thread_blocked, id=15504, stack(0x0000009688800000,0x0000009688900000)]
  0x00000239fd1ad050 JavaThread "Worker-5" [_thread_blocked, id=112504, stack(0x0000009688900000,0x0000009688a00000)]
  0x00000239fd1ad520 JavaThread "pool-2-thread-1" [_thread_blocked, id=122480, stack(0x0000009688a00000,0x0000009688b00000)]
  0x00000239ffde3210 JavaThread "Framework stop - Equinox Container: 408f51e5-2b5c-4103-a884-98e9620f1104" [_thread_blocked, id=116220, stack(0x0000009688b00000,0x0000009688c00000)]

Other Threads:
=>0x00000239f75b7790 VMThread "VM Thread" [stack: 0x0000009686100000,0x0000009686200000] [id=107032]
  0x00000239fc341f40 WatcherThread "VM Periodic Task Thread" [stack: 0x0000009686e00000,0x0000009686f00000] [id=128152]
  0x00000239d5018d40 WorkerThread "GC Thread#0" [stack: 0x0000009685c00000,0x0000009685d00000] [id=112452]
  0x00000239fc822ee0 WorkerThread "GC Thread#1" [stack: 0x0000009687000000,0x0000009687100000] [id=62336]
  0x00000239fc823180 WorkerThread "GC Thread#2" [stack: 0x0000009687100000,0x0000009687200000] [id=135080]
  0x00000239fc389020 WorkerThread "GC Thread#3" [stack: 0x0000009687200000,0x0000009687300000] [id=123600]
  0x00000239fc3892c0 WorkerThread "GC Thread#4" [stack: 0x0000009687300000,0x0000009687400000] [id=130392]
  0x00000239fc389560 WorkerThread "GC Thread#5" [stack: 0x0000009687400000,0x0000009687500000] [id=108848]
  0x00000239fc389800 WorkerThread "GC Thread#6" [stack: 0x0000009687500000,0x0000009687600000] [id=108608]
  0x00000239fcbb16d0 WorkerThread "GC Thread#7" [stack: 0x0000009687900000,0x0000009687a00000] [id=124500]
  0x00000239d502ba10 ConcurrentGCThread "G1 Main Marker" [stack: 0x0000009685d00000,0x0000009685e00000] [id=118584]
  0x00000239d502dac0 WorkerThread "G1 Conc#0" [stack: 0x0000009685e00000,0x0000009685f00000] [id=130812]
  0x00000239fcfdbcf0 WorkerThread "G1 Conc#1" [stack: 0x0000009688100000,0x0000009688200000] [id=104620]
  0x00000239f746dca0 ConcurrentGCThread "G1 Refine#0" [stack: 0x0000009685f00000,0x0000009686000000] [id=101296]
  0x00000239fedd9880 ConcurrentGCThread "G1 Refine#1" [stack: 0x0000009688c00000,0x0000009688d00000] [id=127832]
  0x00000239fedd87a0 ConcurrentGCThread "G1 Refine#2" [stack: 0x0000009688d00000,0x0000009688e00000] [id=130704]
  0x00000239fedd8200 ConcurrentGCThread "G1 Refine#3" [stack: 0x0000009688e00000,0x0000009688f00000] [id=106060]
  0x00000239fedd8a70 ConcurrentGCThread "G1 Refine#4" [stack: 0x0000009688f00000,0x0000009689000000] [id=136176]
  0x00000239ffddbba0 ConcurrentGCThread "G1 Refine#5" [stack: 0x0000009689000000,0x0000009689100000] [id=109888]
  0x00000239f746e4c0 ConcurrentGCThread "G1 Service" [stack: 0x0000009686000000,0x0000009686100000] [id=127228]

Threads with active compile tasks:
C2 CompilerThread0    12868 6865       4       jdk.internal.jimage.ImageReader$SharedImageReader::visitLocation (73 bytes)

VM state: at safepoint (normal execution)

VM Mutex/Monitor currently owned by a thread:  ([mutex/lock_event])
[0x00000239d4fa7be0] Threads_lock - owner thread: 0x00000239f75b7790
[0x00000239d4fa8d50] Heap_lock - owner thread: 0x00000239fd1ab840

Heap address: 0x0000000701800000, size: 4072 MB, Compressed Oops mode: Zero based, Oop shift amount: 3

CDS archive(s) mapped at: [0x0000000800000000-0x0000000800ba0000-0x0000000800ba0000), size 12189696, SharedBaseAddress: 0x0000000800000000, ArchiveRelocationMode: 0.
Compressed class space mapped at: 0x0000000800c00000-0x0000000840c00000, reserved size: 1073741824
Narrow klass base: 0x0000000800000000, Narrow klass shift: 0, Narrow klass range: 0x100000000

GC Precious Log:
 CardTable entry size: 512
 Card Set container configuration: InlinePtr #cards 4 size 8 Array Of Cards #cards 16 size 48 Howl #buckets 8 coarsen threshold 3686 Howl Bitmap #cards 512 size 80 coarsen threshold 460 Card regions per heap region 1 cards per card region 4096
 CPUs: 8 total, 8 available
 Memory: 16283M
 Large Page Support: Disabled
 NUMA Support: Disabled
 Compressed Oops: Enabled (Zero based)
 Heap Region Size: 2M
 Heap Min Capacity: 8M
 Heap Initial Capacity: 256M
 Heap Max Capacity: 4072M
 Pre-touch: Disabled
 Parallel Workers: 8
 Concurrent Workers: 2
 Concurrent Refinement Workers: 8
 Periodic GC: Disabled

Heap:
 garbage-first heap   total 262144K, used 152617K [0x0000000701800000, 0x0000000800000000)
  region size 2048K, 4 young (8192K), 4 survivors (8192K)
 Metaspace       used 43652K, committed 44928K, reserved 1114112K
  class space    used 4461K, committed 4992K, reserved 1048576K

Heap Regions: E=young(eden), S=young(survivor), O=old, HS=humongous(starts), HC=humongous(continues), CS=collection set, F=free, OA=open archive, CA=closed archive, TAMS=top-at-mark-start (previous, next)
|   0|0x0000000701800000, 0x0000000701a00000, 0x0000000701a00000|100%| O|  |TAMS 0x0000000701a00000, 0x0000000701a00000| Untracked 
|   1|0x0000000701a00000, 0x0000000701c00000, 0x0000000701c00000|100%| O|  |TAMS 0x0000000701c00000, 0x0000000701c00000| Untracked 
|   2|0x0000000701c00000, 0x0000000701e00000, 0x0000000701e00000|100%| O|  |TAMS 0x0000000701e00000, 0x0000000701e00000| Untracked 
|   3|0x0000000701e00000, 0x0000000702000000, 0x0000000702000000|100%| O|  |TAMS 0x0000000702000000, 0x0000000702000000| Untracked 
|   4|0x0000000702000000, 0x0000000702200000, 0x0000000702200000|100%| O|  |TAMS 0x0000000702200000, 0x0000000702200000| Untracked 
|   5|0x0000000702200000, 0x0000000702400000, 0x0000000702400000|100%| O|  |TAMS 0x0000000702400000, 0x0000000702400000| Untracked 
|   6|0x0000000702400000, 0x0000000702600000, 0x0000000702600000|100%| O|  |TAMS 0x0000000702600000, 0x0000000702600000| Untracked 
|   7|0x0000000702600000, 0x0000000702800000, 0x0000000702800000|100%| O|  |TAMS 0x0000000702800000, 0x0000000702800000| Untracked 
|   8|0x0000000702800000, 0x0000000702a00000, 0x0000000702a00000|100%| O|  |TAMS 0x0000000702800000, 0x0000000702800000| Untracked 
|   9|0x0000000702a00000, 0x0000000702c00000, 0x0000000702c00000|100%| O|  |TAMS 0x0000000702c00000, 0x0000000702c00000| Untracked 
|  10|0x0000000702c00000, 0x0000000702e00000, 0x0000000702e00000|100%| O|  |TAMS 0x0000000702e00000, 0x0000000702e00000| Untracked 
|  11|0x0000000702e00000, 0x0000000703000000, 0x0000000703000000|100%| O|  |TAMS 0x0000000703000000, 0x0000000703000000| Untracked 
|  12|0x0000000703000000, 0x0000000703200000, 0x0000000703200000|100%| O|  |TAMS 0x0000000703200000, 0x0000000703200000| Untracked 
|  13|0x0000000703200000, 0x0000000703400000, 0x0000000703400000|100%| O|  |TAMS 0x0000000703400000, 0x0000000703400000| Untracked 
|  14|0x0000000703400000, 0x0000000703600000, 0x0000000703600000|100%| O|  |TAMS 0x0000000703600000, 0x0000000703600000| Untracked 
|  15|0x0000000703600000, 0x0000000703800000, 0x0000000703800000|100%| O|  |TAMS 0x0000000703800000, 0x0000000703800000| Untracked 
|  16|0x0000000703800000, 0x0000000703a00000, 0x0000000703a00000|100%| O|  |TAMS 0x0000000703a00000, 0x0000000703a00000| Untracked 
|  17|0x0000000703a00000, 0x0000000703c00000, 0x0000000703c00000|100%| O|  |TAMS 0x0000000703c00000, 0x0000000703c00000| Untracked 
|  18|0x0000000703c00000, 0x0000000703e00000, 0x0000000703e00000|100%| O|  |TAMS 0x0000000703e00000, 0x0000000703e00000| Untracked 
|  19|0x0000000703e00000, 0x0000000704000000, 0x0000000704000000|100%| O|  |TAMS 0x0000000704000000, 0x0000000704000000| Untracked 
|  20|0x0000000704000000, 0x0000000704200000, 0x0000000704200000|100%| O|  |TAMS 0x0000000704200000, 0x0000000704200000| Untracked 
|  21|0x0000000704200000, 0x0000000704400000, 0x0000000704400000|100%| O|  |TAMS 0x0000000704400000, 0x0000000704400000| Untracked 
|  22|0x0000000704400000, 0x0000000704600000, 0x0000000704600000|100%| O|  |TAMS 0x0000000704600000, 0x0000000704600000| Untracked 
|  23|0x0000000704600000, 0x0000000704800000, 0x0000000704800000|100%| O|  |TAMS 0x0000000704800000, 0x0000000704800000| Untracked 
|  24|0x0000000704800000, 0x0000000704a00000, 0x0000000704a00000|100%| O|  |TAMS 0x0000000704a00000, 0x0000000704a00000| Untracked 
|  25|0x0000000704a00000, 0x0000000704c00000, 0x0000000704c00000|100%| O|  |TAMS 0x0000000704c00000, 0x0000000704c00000| Untracked 
|  26|0x0000000704c00000, 0x0000000704e00000, 0x0000000704e00000|100%| O|  |TAMS 0x0000000704e00000, 0x0000000704e00000| Untracked 
|  27|0x0000000704e00000, 0x0000000705000000, 0x0000000705000000|100%| O|  |TAMS 0x0000000705000000, 0x0000000705000000| Untracked 
|  28|0x0000000705000000, 0x0000000705200000, 0x0000000705200000|100%| O|  |TAMS 0x0000000705200000, 0x0000000705200000| Untracked 
|  29|0x0000000705200000, 0x0000000705400000, 0x0000000705400000|100%| O|  |TAMS 0x0000000705400000, 0x0000000705400000| Untracked 
|  30|0x0000000705400000, 0x0000000705600000, 0x0000000705600000|100%| O|  |TAMS 0x0000000705600000, 0x0000000705600000| Untracked 
|  31|0x0000000705600000, 0x0000000705800000, 0x0000000705800000|100%| O|  |TAMS 0x0000000705800000, 0x0000000705800000| Untracked 
|  32|0x0000000705800000, 0x0000000705a00000, 0x0000000705a00000|100%| O|  |TAMS 0x0000000705a00000, 0x0000000705a00000| Untracked 
|  33|0x0000000705a00000, 0x0000000705c00000, 0x0000000705c00000|100%| O|  |TAMS 0x0000000705a00000, 0x0000000705a00000| Untracked 
|  34|0x0000000705c00000, 0x0000000705e00000, 0x0000000705e00000|100%| O|  |TAMS 0x0000000705e00000, 0x0000000705e00000| Untracked 
|  35|0x0000000705e00000, 0x0000000706000000, 0x0000000706000000|100%| O|  |TAMS 0x0000000706000000, 0x0000000706000000| Untracked 
|  36|0x0000000706000000, 0x0000000706200000, 0x0000000706200000|100%| O|  |TAMS 0x0000000706200000, 0x0000000706200000| Untracked 
|  37|0x0000000706200000, 0x0000000706400000, 0x0000000706400000|100%| O|  |TAMS 0x0000000706400000, 0x0000000706400000| Untracked 
|  38|0x0000000706400000, 0x0000000706600000, 0x0000000706600000|100%| O|  |TAMS 0x0000000706600000, 0x0000000706600000| Untracked 
|  39|0x0000000706600000, 0x0000000706800000, 0x0000000706800000|100%| O|  |TAMS 0x0000000706800000, 0x0000000706800000| Untracked 
|  40|0x0000000706800000, 0x0000000706a00000, 0x0000000706a00000|100%| O|  |TAMS 0x0000000706a00000, 0x0000000706a00000| Untracked 
|  41|0x0000000706a00000, 0x0000000706c00000, 0x0000000706c00000|100%| O|  |TAMS 0x0000000706c00000, 0x0000000706c00000| Untracked 
|  42|0x0000000706c00000, 0x0000000706e00000, 0x0000000706e00000|100%| O|  |TAMS 0x0000000706e00000, 0x0000000706e00000| Untracked 
|  43|0x0000000706e00000, 0x0000000707000000, 0x0000000707000000|100%| O|  |TAMS 0x0000000707000000, 0x0000000707000000| Untracked 
|  44|0x0000000707000000, 0x0000000707200000, 0x0000000707200000|100%| O|  |TAMS 0x0000000707200000, 0x0000000707200000| Untracked 
|  45|0x0000000707200000, 0x0000000707400000, 0x0000000707400000|100%| O|  |TAMS 0x0000000707400000, 0x0000000707400000| Untracked 
|  46|0x0000000707400000, 0x0000000707600000, 0x0000000707600000|100%| O|  |TAMS 0x0000000707600000, 0x0000000707600000| Untracked 
|  47|0x0000000707600000, 0x0000000707800000, 0x0000000707800000|100%| O|  |TAMS 0x0000000707800000, 0x0000000707800000| Untracked 
|  48|0x0000000707800000, 0x0000000707a00000, 0x0000000707a00000|100%|HS|  |TAMS 0x0000000707a00000, 0x0000000707a00000| Complete 
|  49|0x0000000707a00000, 0x0000000707c00000, 0x0000000707c00000|100%| O|  |TAMS 0x0000000707c00000, 0x0000000707c00000| Untracked 
|  50|0x0000000707c00000, 0x0000000707e00000, 0x0000000707e00000|100%| O|  |TAMS 0x0000000707e00000, 0x0000000707e00000| Untracked 
|  51|0x0000000707e00000, 0x0000000708000000, 0x0000000708000000|100%| O|  |TAMS 0x0000000708000000, 0x0000000708000000| Untracked 
|  52|0x0000000708000000, 0x0000000708200000, 0x0000000708200000|100%| O|  |TAMS 0x0000000708000000, 0x0000000708200000| Untracked 
|  53|0x0000000708200000, 0x0000000708400000, 0x0000000708400000|100%| O|  |TAMS 0x0000000708200000, 0x0000000708400000| Untracked 
|  54|0x0000000708400000, 0x0000000708600000, 0x0000000708600000|100%| O|  |TAMS 0x0000000708400000, 0x0000000708600000| Untracked 
|  55|0x0000000708600000, 0x0000000708800000, 0x0000000708800000|100%| O|  |TAMS 0x0000000708600000, 0x0000000708800000| Untracked 
|  56|0x0000000708800000, 0x0000000708a00000, 0x0000000708a00000|100%| O|  |TAMS 0x0000000708800000, 0x0000000708a00000| Untracked 
|  57|0x0000000708a00000, 0x0000000708c00000, 0x0000000708c00000|100%| O|  |TAMS 0x0000000708a00000, 0x0000000708c00000| Untracked 
|  58|0x0000000708c00000, 0x0000000708e00000, 0x0000000708e00000|100%| O|  |TAMS 0x0000000708c00000, 0x0000000708e00000| Untracked 
|  59|0x0000000708e00000, 0x0000000709000000, 0x0000000709000000|100%| O|  |TAMS 0x0000000708e00000, 0x0000000709000000| Untracked 
|  60|0x0000000709000000, 0x0000000709200000, 0x0000000709200000|100%| O|  |TAMS 0x0000000709000000, 0x0000000709200000| Untracked 
|  61|0x0000000709200000, 0x0000000709400000, 0x0000000709400000|100%| O|  |TAMS 0x0000000709200000, 0x0000000709400000| Untracked 
|  62|0x0000000709400000, 0x0000000709600000, 0x0000000709600000|100%| O|  |TAMS 0x0000000709400000, 0x0000000709600000| Untracked 
|  63|0x0000000709600000, 0x0000000709800000, 0x0000000709800000|100%| O|  |TAMS 0x0000000709600000, 0x0000000709800000| Untracked 
|  64|0x0000000709800000, 0x0000000709a00000, 0x0000000709a00000|100%| O|  |TAMS 0x0000000709800000, 0x0000000709a00000| Untracked 
|  65|0x0000000709a00000, 0x0000000709c00000, 0x0000000709c00000|100%| O|  |TAMS 0x0000000709a00000, 0x0000000709c00000| Untracked 
|  66|0x0000000709c00000, 0x0000000709e00000, 0x0000000709e00000|100%| O|  |TAMS 0x0000000709c00000, 0x0000000709e00000| Untracked 
|  67|0x0000000709e00000, 0x000000070a000000, 0x000000070a000000|100%| O|  |TAMS 0x0000000709e00000, 0x000000070a000000| Untracked 
|  68|0x000000070a000000, 0x000000070a200000, 0x000000070a200000|100%| O|  |TAMS 0x000000070a000000, 0x000000070a200000| Untracked 
|  69|0x000000070a200000, 0x000000070a400000, 0x000000070a400000|100%| O|  |TAMS 0x000000070a200000, 0x000000070a400000| Untracked 
|  70|0x000000070a400000, 0x000000070a50a600, 0x000000070a600000| 52%| O|  |TAMS 0x000000070a400000, 0x000000070a400000| Untracked 
|  71|0x000000070a600000, 0x000000070a600000, 0x000000070a800000|  0%| F|  |TAMS 0x000000070a600000, 0x000000070a600000| Untracked 
|  72|0x000000070a800000, 0x000000070a800000, 0x000000070aa00000|  0%| F|  |TAMS 0x000000070a800000, 0x000000070a800000| Untracked 
|  73|0x000000070aa00000, 0x000000070aa00000, 0x000000070ac00000|  0%| F|  |TAMS 0x000000070aa00000, 0x000000070aa00000| Untracked 
|  74|0x000000070ac00000, 0x000000070ac00000, 0x000000070ae00000|  0%| F|  |TAMS 0x000000070ac00000, 0x000000070ac00000| Untracked 
|  75|0x000000070ae00000, 0x000000070ae00000, 0x000000070b000000|  0%| F|  |TAMS 0x000000070ae00000, 0x000000070ae00000| Untracked 
|  76|0x000000070b000000, 0x000000070b000000, 0x000000070b200000|  0%| F|  |TAMS 0x000000070b000000, 0x000000070b000000| Untracked 
|  77|0x000000070b200000, 0x000000070b200000, 0x000000070b400000|  0%| F|  |TAMS 0x000000070b200000, 0x000000070b200000| Untracked 
|  78|0x000000070b400000, 0x000000070b400000, 0x000000070b600000|  0%| F|  |TAMS 0x000000070b400000, 0x000000070b400000| Untracked 
|  79|0x000000070b600000, 0x000000070b600000, 0x000000070b800000|  0%| F|  |TAMS 0x000000070b600000, 0x000000070b600000| Untracked 
|  80|0x000000070b800000, 0x000000070b800000, 0x000000070ba00000|  0%| F|  |TAMS 0x000000070b800000, 0x000000070b800000| Untracked 
|  81|0x000000070ba00000, 0x000000070ba00000, 0x000000070bc00000|  0%| F|  |TAMS 0x000000070ba00000, 0x000000070ba00000| Untracked 
|  82|0x000000070bc00000, 0x000000070bc00000, 0x000000070be00000|  0%| F|  |TAMS 0x000000070bc00000, 0x000000070bc00000| Untracked 
|  83|0x000000070be00000, 0x000000070be00000, 0x000000070c000000|  0%| F|  |TAMS 0x000000070be00000, 0x000000070be00000| Untracked 
|  84|0x000000070c000000, 0x000000070c000000, 0x000000070c200000|  0%| F|  |TAMS 0x000000070c000000, 0x000000070c000000| Untracked 
|  85|0x000000070c200000, 0x000000070c200000, 0x000000070c400000|  0%| F|  |TAMS 0x000000070c200000, 0x000000070c200000| Untracked 
|  86|0x000000070c400000, 0x000000070c400000, 0x000000070c600000|  0%| F|  |TAMS 0x000000070c400000, 0x000000070c400000| Untracked 
|  87|0x000000070c600000, 0x000000070c600000, 0x000000070c800000|  0%| F|  |TAMS 0x000000070c600000, 0x000000070c600000| Untracked 
|  88|0x000000070c800000, 0x000000070c800000, 0x000000070ca00000|  0%| F|  |TAMS 0x000000070c800000, 0x000000070c800000| Untracked 
|  89|0x000000070ca00000, 0x000000070ca00000, 0x000000070cc00000|  0%| F|  |TAMS 0x000000070ca00000, 0x000000070ca00000| Untracked 
|  90|0x000000070cc00000, 0x000000070cc00000, 0x000000070ce00000|  0%| F|  |TAMS 0x000000070cc00000, 0x000000070cc00000| Untracked 
|  91|0x000000070ce00000, 0x000000070d000000, 0x000000070d000000|100%| S|CS|TAMS 0x000000070ce00000, 0x000000070ce00000| Complete 
|  92|0x000000070d000000, 0x000000070d200000, 0x000000070d200000|100%| S|CS|TAMS 0x000000070d000000, 0x000000070d000000| Complete 
|  93|0x000000070d200000, 0x000000070d400000, 0x000000070d400000|100%| S|CS|TAMS 0x000000070d200000, 0x000000070d200000| Complete 
|  94|0x000000070d400000, 0x000000070d600000, 0x000000070d600000|100%| S|CS|TAMS 0x000000070d400000, 0x000000070d400000| Complete 
|  95|0x000000070d600000, 0x000000070d600000, 0x000000070d800000|  0%| F|  |TAMS 0x000000070d600000, 0x000000070d600000| Untracked 
|  96|0x000000070d800000, 0x000000070d800000, 0x000000070da00000|  0%| F|  |TAMS 0x000000070d800000, 0x000000070d800000| Untracked 
|  97|0x000000070da00000, 0x000000070da00000, 0x000000070dc00000|  0%| F|  |TAMS 0x000000070da00000, 0x000000070da00000| Untracked 
|  98|0x000000070dc00000, 0x000000070dc00000, 0x000000070de00000|  0%| F|  |TAMS 0x000000070dc00000, 0x000000070dc00000| Untracked 
|  99|0x000000070de00000, 0x000000070de00000, 0x000000070e000000|  0%| F|  |TAMS 0x000000070de00000, 0x000000070de00000| Untracked 
| 100|0x000000070e000000, 0x000000070e000000, 0x000000070e200000|  0%| F|  |TAMS 0x000000070e000000, 0x000000070e000000| Untracked 
| 101|0x000000070e200000, 0x000000070e200000, 0x000000070e400000|  0%| F|  |TAMS 0x000000070e200000, 0x000000070e200000| Untracked 
| 102|0x000000070e400000, 0x000000070e400000, 0x000000070e600000|  0%| F|  |TAMS 0x000000070e400000, 0x000000070e400000| Untracked 
| 103|0x000000070e600000, 0x000000070e600000, 0x000000070e800000|  0%| F|  |TAMS 0x000000070e600000, 0x000000070e600000| Untracked 
| 104|0x000000070e800000, 0x000000070e800000, 0x000000070ea00000|  0%| F|  |TAMS 0x000000070e800000, 0x000000070e800000| Untracked 
| 105|0x000000070ea00000, 0x000000070ea00000, 0x000000070ec00000|  0%| F|  |TAMS 0x000000070ea00000, 0x000000070ea00000| Untracked 
| 106|0x000000070ec00000, 0x000000070ec00000, 0x000000070ee00000|  0%| F|  |TAMS 0x000000070ec00000, 0x000000070ec00000| Untracked 
| 107|0x000000070ee00000, 0x000000070ee00000, 0x000000070f000000|  0%| F|  |TAMS 0x000000070ee00000, 0x000000070ee00000| Untracked 
| 108|0x000000070f000000, 0x000000070f000000, 0x000000070f200000|  0%| F|  |TAMS 0x000000070f000000, 0x000000070f000000| Untracked 
| 109|0x000000070f200000, 0x000000070f200000, 0x000000070f400000|  0%| F|  |TAMS 0x000000070f200000, 0x000000070f200000| Untracked 
| 110|0x000000070f400000, 0x000000070f400000, 0x000000070f600000|  0%| F|  |TAMS 0x000000070f400000, 0x000000070f400000| Untracked 
| 111|0x000000070f600000, 0x000000070f600000, 0x000000070f800000|  0%| F|  |TAMS 0x000000070f600000, 0x000000070f600000| Untracked 
| 112|0x000000070f800000, 0x000000070f800000, 0x000000070fa00000|  0%| F|  |TAMS 0x000000070f800000, 0x000000070f800000| Untracked 
| 113|0x000000070fa00000, 0x000000070fa00000, 0x000000070fc00000|  0%| F|  |TAMS 0x000000070fa00000, 0x000000070fa00000| Untracked 
| 114|0x000000070fc00000, 0x000000070fc00000, 0x000000070fe00000|  0%| F|  |TAMS 0x000000070fc00000, 0x000000070fc00000| Untracked 
| 115|0x000000070fe00000, 0x000000070fe00000, 0x0000000710000000|  0%| F|  |TAMS 0x000000070fe00000, 0x000000070fe00000| Untracked 
| 116|0x0000000710000000, 0x0000000710000000, 0x0000000710200000|  0%| F|  |TAMS 0x0000000710000000, 0x0000000710000000| Untracked 
| 117|0x0000000710200000, 0x0000000710200000, 0x0000000710400000|  0%| F|  |TAMS 0x0000000710200000, 0x0000000710200000| Untracked 
| 118|0x0000000710400000, 0x0000000710400000, 0x0000000710600000|  0%| F|  |TAMS 0x0000000710400000, 0x0000000710400000| Untracked 
| 119|0x0000000710600000, 0x0000000710600000, 0x0000000710800000|  0%| F|  |TAMS 0x0000000710600000, 0x0000000710600000| Untracked 
| 120|0x0000000710800000, 0x0000000710800000, 0x0000000710a00000|  0%| F|  |TAMS 0x0000000710800000, 0x0000000710800000| Untracked 
| 121|0x0000000710a00000, 0x0000000710a00000, 0x0000000710c00000|  0%| F|  |TAMS 0x0000000710a00000, 0x0000000710a00000| Untracked 
| 122|0x0000000710c00000, 0x0000000710c00000, 0x0000000710e00000|  0%| F|  |TAMS 0x0000000710c00000, 0x0000000710c00000| Untracked 
| 123|0x0000000710e00000, 0x0000000710e00000, 0x0000000711000000|  0%| F|  |TAMS 0x0000000710e00000, 0x0000000710e00000| Untracked 
| 124|0x0000000711000000, 0x0000000711000000, 0x0000000711200000|  0%| F|  |TAMS 0x0000000711000000, 0x0000000711000000| Untracked 
| 125|0x0000000711200000, 0x0000000711200000, 0x0000000711400000|  0%| F|  |TAMS 0x0000000711200000, 0x0000000711200000| Untracked 
| 126|0x0000000711400000, 0x0000000711400000, 0x0000000711600000|  0%| F|  |TAMS 0x0000000711400000, 0x0000000711400000| Untracked 
| 127|0x0000000711600000, 0x0000000711600000, 0x0000000711800000|  0%| F|  |TAMS 0x0000000711600000, 0x0000000711600000| Untracked 

Card table byte_map: [0x00000239ec3d0000,0x00000239ecbd0000] _byte_map_base: 0x00000239e8bc4000

Marking Bits (Prev, Next): (CMBitMap*) 0x00000239d5019290, (CMBitMap*) 0x00000239d5019250
 Prev Bits: [0x00000239f1370000, 0x00000239f5310000)
 Next Bits: [0x00000239ed3d0000, 0x00000239f1370000)

Polling page: 0x00000239d2e60000

Metaspace:

Usage:
  Non-class:     38.27 MB used.
      Class:      4.36 MB used.
       Both:     42.63 MB used.

Virtual space:
  Non-class space:       64.00 MB reserved,      39.00 MB ( 61%) committed,  1 nodes.
      Class space:        1.00 GB reserved,       4.88 MB ( <1%) committed,  1 nodes.
             Both:        1.06 GB reserved,      43.88 MB (  4%) committed. 

Chunk freelists:
   Non-Class:  1020.00 KB
       Class:  3.02 MB
        Both:  4.01 MB

MaxMetaspaceSize: unlimited
CompressedClassSpaceSize: 1.00 GB
Initial GC threshold: 21.00 MB
Current GC threshold: 73.12 MB
CDS: on
MetaspaceReclaimPolicy: balanced
 - commit_granule_bytes: 65536.
 - commit_granule_words: 8192.
 - virtual_space_node_default_size: 8388608.
 - enlarge_chunks_in_place: 1.
 - new_chunks_are_fully_committed: 0.
 - uncommit_free_chunks: 1.
 - use_allocation_guard: 0.


Internal statistics:

num_allocs_failed_limit: 9.
num_arena_births: 894.
num_arena_deaths: 16.
num_vsnodes_births: 2.
num_vsnodes_deaths: 0.
num_space_committed: 702.
num_space_uncommitted: 0.
num_chunks_returned_to_freelist: 30.
num_chunks_taken_from_freelist: 2856.
num_chunk_merges: 14.
num_chunk_splits: 1782.
num_chunks_enlarged: 1048.
num_inconsistent_stats: 0.

CodeHeap 'non-profiled nmethods': size=120000Kb used=4256Kb max_used=4256Kb free=115743Kb
 bounds [0x00000239e4370000, 0x00000239e47a0000, 0x00000239eb8a0000]
CodeHeap 'profiled nmethods': size=120000Kb used=12482Kb max_used=12482Kb free=107517Kb
 bounds [0x00000239dce40000, 0x00000239dda80000, 0x00000239e4370000]
CodeHeap 'non-nmethods': size=5760Kb used=1310Kb max_used=1430Kb free=4449Kb
 bounds [0x00000239dc8a0000, 0x00000239dcb10000, 0x00000239dce40000]
 total_blobs=6668 nmethods=6040 adapters=540
 compilation: enabled
              stopped_count=0, restarted_count=0
 full_count=0

Compilation events (20 events):
Event: 12.257 Thread 0x00000239f75d9820 6856       4       org.eclipse.jdt.internal.core.search.indexing.BinaryIndexer::convertToArrayType (75 bytes)
Event: 12.264 Thread 0x00000239f75d9820 nmethod 6856 0x00000239e4795310 code [0x00000239e47954a0, 0x00000239e4795a18]
Event: 12.271 Thread 0x00000239fd48f5c0 nmethod 6855 0x00000239e4795c10 code [0x00000239e4795e20, 0x00000239e4796b90]
Event: 12.299 Thread 0x00000239fc023840 6857       3       org.eclipse.jdt.internal.compiler.parser.Scanner::internalScanIdentifierOrKeyword (4943 bytes)
Event: 12.313 Thread 0x00000239fc023840 nmethod 6857 0x00000239dda5b710 code [0x00000239dda5c5a0, 0x00000239dda68028]
Event: 12.342 Thread 0x00000239fc023840 6858 %     3       org.eclipse.jdt.internal.compiler.util.Util::scanClassTypeSignature @ 36 (109 bytes)
Event: 12.343 Thread 0x00000239fc023840 nmethod 6858% 0x00000239dda6a310 code [0x00000239dda6a580, 0x00000239dda6af38]
Event: 12.419 Thread 0x00000239fc023840 6859       3       java.util.TaskQueue::isEmpty (13 bytes)
Event: 12.419 Thread 0x00000239fc023840 nmethod 6859 0x00000239dda6b290 code [0x00000239dda6b420, 0x00000239dda6b598]
Event: 12.486 Thread 0x00000239f75d9820 6860       4       java.util.stream.AbstractPipeline::sourceSpliterator (265 bytes)
Event: 12.488 Thread 0x00000239f75d9820 nmethod 6860 0x00000239e4797410 code [0x00000239e4797580, 0x00000239e47976d8]
Event: 12.488 Thread 0x00000239f75d9820 6861       4       java.util.stream.AbstractPipeline::wrapSink (37 bytes)
Event: 12.490 Thread 0x00000239f75d9820 nmethod 6861 0x00000239e4797810 code [0x00000239e47979a0, 0x00000239e4797ab8]
Event: 12.511 Thread 0x00000239fc023840 6862       3       org.eclipse.jdt.core.Signature::encodeTypeSignature (908 bytes)
Event: 12.514 Thread 0x00000239fc023840 nmethod 6862 0x00000239dda6b610 code [0x00000239dda6bd60, 0x00000239dda6ed58]
Event: 12.522 Thread 0x00000239f75d9820 6863       4       java.util.stream.ReferencePipeline::filter (22 bytes)
Event: 12.533 Thread 0x00000239f75d9820 nmethod 6863 0x00000239e4797c10 code [0x00000239e4797da0, 0x00000239e4798178]
Event: 12.670 Thread 0x00000239fc023840 6864   !   3       org.eclipse.jdt.core.Signature::getTypeParameters (313 bytes)
Event: 12.671 Thread 0x00000239fc023840 nmethod 6864 0x00000239dda70190 code [0x00000239dda704c0, 0x00000239dda71a48]
Event: 12.761 Thread 0x00000239f75d9820 6865       4       jdk.internal.jimage.ImageReader$SharedImageReader::visitLocation (73 bytes)

GC Heap History (20 events):
Event: 9.292 GC heap after
{Heap after GC invocations=17 (full 0):
 garbage-first heap   total 94208K, used 47104K [0x0000000701800000, 0x0000000800000000)
  region size 2048K, 3 young (6144K), 3 survivors (6144K)
 Metaspace       used 43623K, committed 44864K, reserved 1114112K
  class space    used 4471K, committed 4992K, reserved 1048576K
}
Event: 9.555 GC heap before
{Heap before GC invocations=17 (full 0):
 garbage-first heap   total 94208K, used 69632K [0x0000000701800000, 0x0000000800000000)
  region size 2048K, 15 young (30720K), 3 survivors (6144K)
 Metaspace       used 43637K, committed 44864K, reserved 1114112K
  class space    used 4472K, committed 4992K, reserved 1048576K
}
Event: 9.560 GC heap after
{Heap after GC invocations=18 (full 0):
 garbage-first heap   total 188416K, used 52910K [0x0000000701800000, 0x0000000800000000)
  region size 2048K, 2 young (4096K), 2 survivors (4096K)
 Metaspace       used 43637K, committed 44864K, reserved 1114112K
  class space    used 4472K, committed 4992K, reserved 1048576K
}
Event: 10.100 GC heap before
{Heap before GC invocations=18 (full 0):
 garbage-first heap   total 188416K, used 128686K [0x0000000701800000, 0x0000000800000000)
  region size 2048K, 40 young (81920K), 2 survivors (4096K)
 Metaspace       used 43645K, committed 44864K, reserved 1114112K
  class space    used 4472K, committed 4992K, reserved 1048576K
}
Event: 10.111 GC heap after
{Heap after GC invocations=19 (full 0):
 garbage-first heap   total 188416K, used 69947K [0x0000000701800000, 0x0000000800000000)
  region size 2048K, 5 young (10240K), 5 survivors (10240K)
 Metaspace       used 43645K, committed 44864K, reserved 1114112K
  class space    used 4472K, committed 4992K, reserved 1048576K
}
Event: 10.600 GC heap before
{Heap before GC invocations=19 (full 0):
 garbage-first heap   total 188416K, used 133435K [0x0000000701800000, 0x0000000800000000)
  region size 2048K, 36 young (73728K), 5 survivors (10240K)
 Metaspace       used 43666K, committed 44864K, reserved 1114112K
  class space    used 4475K, committed 4992K, reserved 1048576K
}
Event: 10.610 GC heap after
{Heap after GC invocations=20 (full 0):
 garbage-first heap   total 188416K, used 85099K [0x0000000701800000, 0x0000000800000000)
  region size 2048K, 5 young (10240K), 5 survivors (10240K)
 Metaspace       used 43666K, committed 44864K, reserved 1114112K
  class space    used 4475K, committed 4992K, reserved 1048576K
}
Event: 10.982 GC heap before
{Heap before GC invocations=20 (full 0):
 garbage-first heap   total 188416K, used 138347K [0x0000000701800000, 0x0000000800000000)
  region size 2048K, 31 young (63488K), 5 survivors (10240K)
 Metaspace       used 43667K, committed 44864K, reserved 1114112K
  class space    used 4475K, committed 4992K, reserved 1048576K
}
Event: 10.991 GC heap after
{Heap after GC invocations=21 (full 0):
 garbage-first heap   total 188416K, used 97566K [0x0000000701800000, 0x0000000800000000)
  region size 2048K, 4 young (8192K), 4 survivors (8192K)
 Metaspace       used 43667K, committed 44864K, reserved 1114112K
  class space    used 4475K, committed 4992K, reserved 1048576K
}
Event: 11.062 GC heap before
{Heap before GC invocations=21 (full 0):
 garbage-first heap   total 188416K, used 107806K [0x0000000701800000, 0x0000000800000000)
  region size 2048K, 10 young (20480K), 4 survivors (8192K)
 Metaspace       used 43667K, committed 44864K, reserved 1114112K
  class space    used 4475K, committed 4992K, reserved 1048576K
}
Event: 11.070 GC heap after
{Heap after GC invocations=22 (full 0):
 garbage-first heap   total 227328K, used 100995K [0x0000000701800000, 0x0000000800000000)
  region size 2048K, 2 young (4096K), 2 survivors (4096K)
 Metaspace       used 43667K, committed 44864K, reserved 1114112K
  class space    used 4475K, committed 4992K, reserved 1048576K
}
Event: 11.539 GC heap before
{Heap before GC invocations=22 (full 0):
 garbage-first heap   total 227328K, used 168579K [0x0000000701800000, 0x0000000800000000)
  region size 2048K, 34 young (69632K), 2 survivors (4096K)
 Metaspace       used 43667K, committed 44864K, reserved 1114112K
  class space    used 4475K, committed 4992K, reserved 1048576K
}
Event: 11.546 GC heap after
{Heap after GC invocations=23 (full 0):
 garbage-first heap   total 227328K, used 116736K [0x0000000701800000, 0x0000000800000000)
  region size 2048K, 5 young (10240K), 5 survivors (10240K)
 Metaspace       used 43667K, committed 44864K, reserved 1114112K
  class space    used 4475K, committed 4992K, reserved 1048576K
}
Event: 12.220 GC heap before
{Heap before GC invocations=23 (full 0):
 garbage-first heap   total 227328K, used 172032K [0x0000000701800000, 0x0000000800000000)
  region size 2048K, 32 young (65536K), 5 survivors (10240K)
 Metaspace       used 43675K, committed 44928K, reserved 1114112K
  class space    used 4475K, committed 4992K, reserved 1048576K
}
Event: 12.229 GC heap after
{Heap after GC invocations=24 (full 0):
 garbage-first heap   total 227328K, used 129024K [0x0000000701800000, 0x0000000800000000)
  region size 2048K, 4 young (8192K), 4 survivors (8192K)
 Metaspace       used 43675K, committed 44928K, reserved 1114112K
  class space    used 4475K, committed 4992K, reserved 1048576K
}
Event: 12.525 GC heap before
{Heap before GC invocations=25 (full 0):
 garbage-first heap   total 249856K, used 176128K [0x0000000701800000, 0x0000000800000000)
  region size 2048K, 27 young (55296K), 4 survivors (8192K)
 Metaspace       used 43652K, committed 44928K, reserved 1114112K
  class space    used 4461K, committed 4992K, reserved 1048576K
}
Event: 12.532 GC heap after
{Heap after GC invocations=26 (full 0):
 garbage-first heap   total 249856K, used 140386K [0x0000000701800000, 0x0000000800000000)
  region size 2048K, 4 young (8192K), 4 survivors (8192K)
 Metaspace       used 43652K, committed 44928K, reserved 1114112K
  class space    used 4461K, committed 4992K, reserved 1048576K
}
Event: 12.551 GC heap before
{Heap before GC invocations=26 (full 0):
 garbage-first heap   total 249856K, used 144482K [0x0000000701800000, 0x0000000800000000)
  region size 2048K, 6 young (12288K), 4 survivors (8192K)
 Metaspace       used 43652K, committed 44928K, reserved 1114112K
  class space    used 4461K, committed 4992K, reserved 1048576K
}
Event: 12.555 GC heap after
{Heap after GC invocations=27 (full 0):
 garbage-first heap   total 249856K, used 140862K [0x0000000701800000, 0x0000000800000000)
  region size 2048K, 1 young (2048K), 1 survivors (2048K)
 Metaspace       used 43652K, committed 44928K, reserved 1114112K
  class space    used 4461K, committed 4992K, reserved 1048576K
}
Event: 12.808 GC heap before
{Heap before GC invocations=27 (full 0):
 garbage-first heap   total 249856K, used 194110K [0x0000000701800000, 0x0000000800000000)
  region size 2048K, 27 young (55296K), 1 survivors (2048K)
 Metaspace       used 43652K, committed 44928K, reserved 1114112K
  class space    used 4461K, committed 4992K, reserved 1048576K
}

Deoptimization events (20 events):
Event: 11.625 Thread 0x00000239fd1ab840 DEOPT PACKING pc=0x00000239dda4dc2b sp=0x00000096882fe870
Event: 11.625 Thread 0x00000239fd1ab840 DEOPT UNPACKING pc=0x00000239dc8f2b43 sp=0x00000096882fddf0 mode 0
Event: 11.638 Thread 0x00000239fd1ab840 DEOPT PACKING pc=0x00000239dda4dcab sp=0x00000096882fe870
Event: 11.638 Thread 0x00000239fd1ab840 DEOPT UNPACKING pc=0x00000239dc8f2b43 sp=0x00000096882fddf0 mode 0
Event: 11.650 Thread 0x00000239fd1ab840 DEOPT PACKING pc=0x00000239dda4dc2b sp=0x00000096882fe870
Event: 11.650 Thread 0x00000239fd1ab840 DEOPT UNPACKING pc=0x00000239dc8f2b43 sp=0x00000096882fddf0 mode 0
Event: 11.660 Thread 0x00000239fd1ab840 DEOPT PACKING pc=0x00000239dda4dc2b sp=0x00000096882fe870
Event: 11.660 Thread 0x00000239fd1ab840 DEOPT UNPACKING pc=0x00000239dc8f2b43 sp=0x00000096882fddf0 mode 0
Event: 11.665 Thread 0x00000239fd1ab840 DEOPT PACKING pc=0x00000239dda4dc2b sp=0x00000096882fe870
Event: 11.665 Thread 0x00000239fd1ab840 DEOPT UNPACKING pc=0x00000239dc8f2b43 sp=0x00000096882fddf0 mode 0
Event: 11.673 Thread 0x00000239fd1ab840 DEOPT PACKING pc=0x00000239dda4dc2b sp=0x00000096882fe870
Event: 11.673 Thread 0x00000239fd1ab840 DEOPT UNPACKING pc=0x00000239dc8f2b43 sp=0x00000096882fddf0 mode 0
Event: 11.677 Thread 0x00000239fd1ab840 DEOPT PACKING pc=0x00000239dda4dcab sp=0x00000096882fe870
Event: 11.677 Thread 0x00000239fd1ab840 DEOPT UNPACKING pc=0x00000239dc8f2b43 sp=0x00000096882fddf0 mode 0
Event: 12.259 Thread 0x00000239fd1ab840 DEOPT PACKING pc=0x00000239dda4a776 sp=0x00000096882fe920
Event: 12.259 Thread 0x00000239fd1ab840 DEOPT UNPACKING pc=0x00000239dc8f2b43 sp=0x00000096882fddf8 mode 0
Event: 12.274 Thread 0x00000239fd1ab840 Uncommon trap: trap_request=0xffffff45 fr.pc=0x00000239e473afa0 relative=0x0000000000000f20
Event: 12.274 Thread 0x00000239fd1ab840 Uncommon trap: reason=unstable_if action=reinterpret pc=0x00000239e473afa0 method=org.eclipse.jdt.internal.compiler.parser.Scanner.internalScanIdentifierOrKeyword(II[C)I @ 117 c2
Event: 12.274 Thread 0x00000239fd1ab840 DEOPT PACKING pc=0x00000239e473afa0 sp=0x00000096882fed40
Event: 12.274 Thread 0x00000239fd1ab840 DEOPT UNPACKING pc=0x00000239dc8f23a3 sp=0x00000096882fecd8 mode 2

Classes loaded (20 events):
Event: 7.912 Loading class java/util/AbstractList$RandomAccessSubList
Event: 7.912 Loading class java/util/AbstractList$SubList
Event: 7.912 Loading class java/util/AbstractList$SubList done
Event: 7.912 Loading class java/util/AbstractList$RandomAccessSubList done
Event: 7.912 Loading class java/util/AbstractList$SubList$1
Event: 7.913 Loading class java/util/AbstractList$SubList$1 done
Event: 7.914 Loading class java/lang/invoke/MethodHandleImpl$CountingWrapper
Event: 7.914 Loading class java/lang/invoke/MethodHandleImpl$CountingWrapper done
Event: 7.934 Loading class java/lang/invoke/MethodHandleImpl$CountingWrapper$1
Event: 7.934 Loading class java/lang/invoke/MethodHandleImpl$CountingWrapper$1 done
Event: 7.973 Loading class sun/reflect/generics/scope/MethodScope
Event: 7.973 Loading class sun/reflect/generics/scope/MethodScope done
Event: 7.973 Loading class sun/reflect/generics/repository/MethodRepository
Event: 7.974 Loading class sun/reflect/generics/repository/MethodRepository done
Event: 7.982 Loading class java/util/WeakHashMap$KeyIterator
Event: 7.982 Loading class java/util/WeakHashMap$KeyIterator done
Event: 8.235 Loading class java/lang/ProcessEnvironment$CheckedKeySet
Event: 8.235 Loading class java/lang/ProcessEnvironment$CheckedKeySet done
Event: 8.288 Loading class java/util/Hashtable$KeySet
Event: 8.288 Loading class java/util/Hashtable$KeySet done

Classes unloaded (20 events):
Event: 12.325 Thread 0x00000239f75b7790 Unloading class 0x000000080104d5e0 'org/apache/maven/lifecycle/mapping/DefaultLifecycleMapping$__sisu6'
Event: 12.325 Thread 0x00000239f75b7790 Unloading class 0x000000080104d3a8 'org/apache/maven/lifecycle/mapping/DefaultLifecycleMapping$__sisu1'
Event: 12.325 Thread 0x00000239f75b7790 Unloading class 0x000000080104d108 'org/apache/maven/artifact/handler/DefaultArtifactHandler$__sisu14'
Event: 12.325 Thread 0x00000239f75b7790 Unloading class 0x000000080104ced0 'org/apache/maven/lifecycle/mapping/DefaultLifecycleMapping$__sisu3'
Event: 12.325 Thread 0x00000239f75b7790 Unloading class 0x000000080104ccb8 'org/apache/maven/lifecycle/Lifecycle$__sisu8'
Event: 12.325 Thread 0x00000239f75b7790 Unloading class 0x000000080104ca18 'org/apache/maven/artifact/handler/DefaultArtifactHandler$__sisu10'
Event: 12.325 Thread 0x00000239f75b7790 Unloading class 0x000000080104c778 'org/apache/maven/artifact/handler/DefaultArtifactHandler$__sisu15'
Event: 12.325 Thread 0x00000239f75b7790 Unloading class 0x000000080104c4d8 'org/apache/maven/artifact/handler/DefaultArtifactHandler$__sisu17'
Event: 12.325 Thread 0x00000239f75b7790 Unloading class 0x000000080104c2a0 'org/apache/maven/lifecycle/mapping/DefaultLifecycleMapping$__sisu4'
Event: 12.325 Thread 0x00000239f75b7790 Unloading class 0x000000080104c000 'org/apache/maven/artifact/handler/DefaultArtifactHandler$__sisu19'
Event: 12.325 Thread 0x00000239f75b7790 Unloading class 0x0000000801034ba8 'org/apache/maven/artifact/handler/DefaultArtifactHandler$__sisu11'
Event: 12.325 Thread 0x00000239f75b7790 Unloading class 0x0000000801034908 'org/apache/maven/artifact/handler/DefaultArtifactHandler$__sisu18'
Event: 12.325 Thread 0x00000239f75b7790 Unloading class 0x0000000801034668 'org/apache/maven/artifact/handler/DefaultArtifactHandler$__sisu9'
Event: 12.325 Thread 0x00000239f75b7790 Unloading class 0x0000000801034000 'org/apache/maven/wagon/providers/http/HttpWagon$__sisu20'
Event: 12.325 Thread 0x00000239f75b7790 Unloading class 0x0000000801028470 'org/apache/maven/artifact/handler/DefaultArtifactHandler$__sisu13'
Event: 12.325 Thread 0x00000239f75b7790 Unloading class 0x0000000801028238 'org/apache/maven/lifecycle/mapping/DefaultLifecycleMapping$__sisu2'
Event: 12.325 Thread 0x00000239f75b7790 Unloading class 0x0000000801028000 'org/apache/maven/lifecycle/mapping/DefaultLifecycleMapping$__sisu5'
Event: 12.325 Thread 0x00000239f75b7790 Unloading class 0x000000080101fcb8 'org/apache/maven/artifact/handler/DefaultArtifactHandler$__sisu16'
Event: 12.325 Thread 0x00000239f75b7790 Unloading class 0x000000080101faa0 'org/apache/maven/lifecycle/Lifecycle$__sisu7'
Event: 12.325 Thread 0x00000239f75b7790 Unloading class 0x000000080101f800 'org/apache/maven/artifact/handler/DefaultArtifactHandler$__sisu12'

Classes redefined (0 events):
No events

Internal exceptions (20 events):
Event: 7.596 Thread 0x00000239fd1ab840 Exception <a 'java/lang/NoSuchMethodError'{0x0000000709bd15f8}: 'void java.lang.invoke.DirectMethodHandle$Holder.invokeStaticInit(java.lang.Object, java.lang.Object, java.lang.Object)'> (0x0000000709bd15f8) 
thrown [s\open\src\hotspot\share\interpreter\linkResolver.cpp, line 759]
Event: 7.740 Thread 0x00000239fd1ac1e0 Exception <a 'java/lang/ExceptionInInitializerError'{0x000000070564f230}> (0x000000070564f230) 
thrown [s\open\src\hotspot\share\oops\instanceKlass.cpp, line 1210]
Event: 7.774 Thread 0x00000239fd1ac1e0 Implicit null exception at 0x00000239e44a2830 to 0x00000239e44a29f8
Event: 7.774 Thread 0x00000239fd1ac1e0 Implicit null exception at 0x00000239e4419226 to 0x00000239e441a068
Event: 7.781 Thread 0x00000239fd1ac1e0 Exception <a 'java/lang/NoSuchMethodError'{0x0000000705117d40}: 'java.lang.Object java.lang.invoke.Invokers$Holder.invokeExact_MT(java.lang.Object, int, java.lang.Object)'> (0x0000000705117d40) 
thrown [s\open\src\hotspot\share\interpreter\linkResolver.cpp, line 759]
Event: 7.913 Thread 0x00000239fd1ab370 Exception <a 'java/lang/NoSuchMethodError'{0x0000000709e70210}: 'java.lang.Object java.lang.invoke.DirectMethodHandle$Holder.invokeStatic(java.lang.Object, int, java.lang.Object, java.lang.Object)'> (0x0000000709e70210) 
thrown [s\open\src\hotspot\share\interpreter\linkResolver.cpp, line 759]
Event: 7.913 Thread 0x00000239fd1ab370 Exception <a 'java/lang/NoSuchMethodError'{0x0000000709e73ff8}: 'java.lang.Object java.lang.invoke.DelegatingMethodHandle$Holder.delegate(java.lang.Object, int, java.lang.Object, java.lang.Object)'> (0x0000000709e73ff8) 
thrown [s\open\src\hotspot\share\interpreter\linkResolver.cpp, line 759]
Event: 7.916 Thread 0x00000239fd1ab370 Exception <a 'java/lang/NoSuchMethodError'{0x0000000709e88ce0}: 'int java.lang.invoke.Invokers$Holder.linkToTargetMethod(java.lang.Object, java.lang.Object, java.lang.Object)'> (0x0000000709e88ce0) 
thrown [s\open\src\hotspot\share\interpreter\linkResolver.cpp, line 759]
Event: 7.983 Thread 0x00000239fd1ab370 Exception <a 'java/io/FileNotFoundException'{0x0000000709ad48a0}> (0x0000000709ad48a0) 
thrown [s\open\src\hotspot\share\prims\jni.cpp, line 516]
Event: 7.984 Thread 0x00000239fd1ab370 Exception <a 'java/io/FileNotFoundException'{0x0000000709ad5898}> (0x0000000709ad5898) 
thrown [s\open\src\hotspot\share\prims\jni.cpp, line 516]
Event: 7.984 Thread 0x00000239fd1ab370 Exception <a 'java/io/FileNotFoundException'{0x0000000709ad65e8}> (0x0000000709ad65e8) 
thrown [s\open\src\hotspot\share\prims\jni.cpp, line 516]
Event: 8.187 Thread 0x00000239fd1ac1e0 Implicit null exception at 0x00000239e456f17e to 0x00000239e456f22f
Event: 8.201 Thread 0x00000239ffde3210 Exception <a 'java/lang/NoClassDefFoundError'{0x000000070588cbd0}: com/google/inject/servlet/ServletModuleTargetVisitor> (0x000000070588cbd0) 
thrown [s\open\src\hotspot\share\classfile\systemDictionary.cpp, line 244]
Event: 8.249 Thread 0x00000239fd1ac1e0 Exception <a 'java/lang/NullPointerException'{0x00000007056ef7c0}> (0x00000007056ef7c0) 
thrown [s\open\src\hotspot\share\interpreter\linkResolver.cpp, line 1433]
Event: 8.269 Thread 0x00000239ffde3210 Exception <a 'java/lang/NoSuchMethodError'{0x00000007054328f8}: 'void java.lang.invoke.DirectMethodHandle$Holder.invokeInterface(java.lang.Object, java.lang.Object)'> (0x00000007054328f8) 
thrown [s\open\src\hotspot\share\interpreter\linkResolver.cpp, line 759]
Event: 8.282 Thread 0x00000239ffde3210 Exception <a 'sun/nio/fs/WindowsException'{0x000000070555ad40}> (0x000000070555ad40) 
thrown [s\open\src\hotspot\share\prims\jni.cpp, line 516]
Event: 8.282 Thread 0x00000239ffde3210 Exception <a 'sun/nio/fs/WindowsException'{0x000000070555b3b8}> (0x000000070555b3b8) 
thrown [s\open\src\hotspot\share\prims\jni.cpp, line 516]
Event: 8.858 Thread 0x00000239fd1ab840 Implicit null exception at 0x00000239e461ec2f to 0x00000239e461ed5c
Event: 10.579 Thread 0x00000239fd1ab840 Implicit null exception at 0x00000239e46ebd70 to 0x00000239e46f0340
Event: 11.466 Thread 0x00000239fd1ab840 Implicit null exception at 0x00000239e4740328 to 0x00000239e4746ad4

VM Operations (20 events):
Event: 10.580 Executing VM operation: HandshakeAllThreads done
Event: 10.600 Executing VM operation: G1CollectForAllocation
Event: 10.610 Executing VM operation: G1CollectForAllocation done
Event: 10.981 Executing VM operation: G1CollectForAllocation
Event: 10.991 Executing VM operation: G1CollectForAllocation done
Event: 11.062 Executing VM operation: G1TryInitiateConcMark
Event: 11.070 Executing VM operation: G1TryInitiateConcMark done
Event: 11.539 Executing VM operation: G1CollectForAllocation
Event: 11.546 Executing VM operation: G1CollectForAllocation done
Event: 12.220 Executing VM operation: G1CollectForAllocation
Event: 12.229 Executing VM operation: G1CollectForAllocation done
Event: 12.321 Executing VM operation: G1Concurrent
Event: 12.342 Executing VM operation: G1Concurrent done
Event: 12.394 Executing VM operation: G1Concurrent
Event: 12.425 Executing VM operation: G1Concurrent done
Event: 12.525 Executing VM operation: G1CollectForAllocation
Event: 12.532 Executing VM operation: G1CollectForAllocation done
Event: 12.550 Executing VM operation: G1CollectForAllocation
Event: 12.555 Executing VM operation: G1CollectForAllocation done
Event: 12.808 Executing VM operation: G1CollectForAllocation

Events (20 events):
Event: 7.169 Thread 0x00000239fc030170 flushing nmethod 0x00000239dd812490
Event: 7.169 Thread 0x00000239fc030170 flushing nmethod 0x00000239dd812a10
Event: 7.169 Thread 0x00000239fc030170 flushing nmethod 0x00000239dd854790
Event: 7.169 Thread 0x00000239fc030170 flushing nmethod 0x00000239dd86c810
Event: 7.169 Thread 0x00000239fc030170 flushing nmethod 0x00000239dd86cc10
Event: 7.169 Thread 0x00000239fc030170 flushing nmethod 0x00000239dd86ef90
Event: 7.169 Thread 0x00000239fc030170 flushing nmethod 0x00000239dd870290
Event: 7.169 Thread 0x00000239fc030170 flushing nmethod 0x00000239dd873510
Event: 7.169 Thread 0x00000239fc030170 flushing nmethod 0x00000239dd874d10
Event: 7.169 Thread 0x00000239fc030170 flushing nmethod 0x00000239dd876a10
Event: 7.169 Thread 0x00000239fc030170 flushing nmethod 0x00000239dd87b610
Event: 7.169 Thread 0x00000239fc030170 flushing nmethod 0x00000239dd893290
Event: 7.169 Thread 0x00000239fc030170 flushing nmethod 0x00000239dd8ba610
Event: 7.169 Thread 0x00000239fc030170 flushing nmethod 0x00000239dd8d5390
Event: 7.294 Thread 0x00000239fd1ad520 Thread added: 0x00000239fd1ad520
Event: 7.324 Thread 0x00000239ffde3210 Thread added: 0x00000239ffde3210
Event: 10.581 Thread 0x00000239fc030170 flushing nmethod 0x00000239e44cdd10
Event: 10.581 Thread 0x00000239fc030170 flushing nmethod 0x00000239e44ff490
Event: 12.299 Thread 0x00000239fdbb4350 Thread exited: 0x00000239fdbb4350
Event: 12.419 Thread 0x00000239fd48f5c0 Thread exited: 0x00000239fd48f5c0


Dynamic libraries:
0x00007ff6e3190000 - 0x00007ff6e31a0000 	C:\Program Files\Java\jdk-18.0.2.1\bin\java.exe
0x00007ffc06f00000 - 0x00007ffc07109000 	C:\WINDOWS\SYSTEM32\ntdll.dll
0x00007ffc05d90000 - 0x00007ffc05e4d000 	C:\WINDOWS\System32\KERNEL32.DLL
0x00007ffc046c0000 - 0x00007ffc04a44000 	C:\WINDOWS\System32\KERNELBASE.dll
0x00007ffc04ad0000 - 0x00007ffc04be1000 	C:\WINDOWS\System32\ucrtbase.dll
0x00007ffbe1710000 - 0x00007ffbe1728000 	C:\Program Files\Java\jdk-18.0.2.1\bin\jli.dll
0x00007ffc05ae0000 - 0x00007ffc05b8e000 	C:\WINDOWS\System32\ADVAPI32.dll
0x00007ffc05120000 - 0x00007ffc051c3000 	C:\WINDOWS\System32\msvcrt.dll
0x00007ffc05f50000 - 0x00007ffc05fee000 	C:\WINDOWS\System32\sechost.dll
0x00007ffc06010000 - 0x00007ffc06131000 	C:\WINDOWS\System32\RPCRT4.dll
0x00007ffc05b90000 - 0x00007ffc05d3d000 	C:\WINDOWS\System32\USER32.dll
0x00007ffc04d20000 - 0x00007ffc04d46000 	C:\WINDOWS\System32\win32u.dll
0x00007ffc05d40000 - 0x00007ffc05d6a000 	C:\WINDOWS\System32\GDI32.dll
0x00007ffc045a0000 - 0x00007ffc046be000 	C:\WINDOWS\System32\gdi32full.dll
0x00007ffc04500000 - 0x00007ffc0459d000 	C:\WINDOWS\System32\msvcp_win.dll
0x00007ffbdff60000 - 0x00007ffbdff7a000 	C:\Program Files\Java\jdk-18.0.2.1\bin\VCRUNTIME140.dll
0x00007ffbf5f70000 - 0x00007ffbf6215000 	C:\WINDOWS\WinSxS\amd64_microsoft.windows.common-controls_6595b64144ccf1df_6.0.22000.120_none_9d947278b86cc467\COMCTL32.dll
0x00007ffc03d40000 - 0x00007ffc03d4a000 	C:\WINDOWS\SYSTEM32\VERSION.dll
0x00007ffc06e80000 - 0x00007ffc06eb1000 	C:\WINDOWS\System32\IMM32.DLL
0x00007ffc069f0000 - 0x00007ffc06b8a000 	C:\WINDOWS\System32\ole32.dll
0x00007ffc05760000 - 0x00007ffc05ad6000 	C:\WINDOWS\System32\combase.dll
0x00007ffc03d30000 - 0x00007ffc03d3b000 	C:\WINDOWS\system32\fltlib.dll
0x00007ffbe95a0000 - 0x00007ffbe95ac000 	C:\Program Files\Java\jdk-18.0.2.1\bin\vcruntime140_1.dll
0x00007ffbbe000000 - 0x00007ffbbe08d000 	C:\Program Files\Java\jdk-18.0.2.1\bin\msvcp140.dll
0x00007ffbbd3e0000 - 0x00007ffbbdff1000 	C:\Program Files\Java\jdk-18.0.2.1\bin\server\jvm.dll
0x00007ffc05f40000 - 0x00007ffc05f48000 	C:\WINDOWS\System32\PSAPI.DLL
0x00007ffbe78f0000 - 0x00007ffbe78f9000 	C:\WINDOWS\SYSTEM32\WSOCK32.dll
0x00007ffc05020000 - 0x00007ffc0508f000 	C:\WINDOWS\System32\WS2_32.dll
0x00007ffbfb9f0000 - 0x00007ffbfba23000 	C:\WINDOWS\SYSTEM32\WINMM.dll
0x00007ffc03240000 - 0x00007ffc03258000 	C:\WINDOWS\SYSTEM32\kernel.appcore.dll
0x00007ffbe1580000 - 0x00007ffbe158a000 	C:\Program Files\Java\jdk-18.0.2.1\bin\jimage.dll
0x00007ffc01f40000 - 0x00007ffc02161000 	C:\WINDOWS\SYSTEM32\DBGHELP.DLL
0x00007ffbe8c40000 - 0x00007ffbe8c71000 	C:\WINDOWS\SYSTEM32\dbgcore.DLL
0x00007ffc04a50000 - 0x00007ffc04acf000 	C:\WINDOWS\System32\bcryptPrimitives.dll
0x00007ffbe09e0000 - 0x00007ffbe09ee000 	C:\Program Files\Java\jdk-18.0.2.1\bin\instrument.dll
0x00007ffbd9100000 - 0x00007ffbd9125000 	C:\Program Files\Java\jdk-18.0.2.1\bin\java.dll
0x00007ffbbd300000 - 0x00007ffbbd3d6000 	C:\Program Files\Java\jdk-18.0.2.1\bin\jsvml.dll
0x00007ffc061c0000 - 0x00007ffc06985000 	C:\WINDOWS\System32\SHELL32.dll
0x00007ffc02300000 - 0x00007ffc02b62000 	C:\WINDOWS\SYSTEM32\windows.storage.dll
0x00007ffc02190000 - 0x00007ffc022f7000 	C:\WINDOWS\SYSTEM32\wintypes.dll
0x00007ffc04e40000 - 0x00007ffc04f2a000 	C:\WINDOWS\System32\SHCORE.dll
0x00007ffc06990000 - 0x00007ffc069ed000 	C:\WINDOWS\System32\shlwapi.dll
0x00007ffc042c0000 - 0x00007ffc042e5000 	C:\WINDOWS\SYSTEM32\profapi.dll
0x00007ffbd9060000 - 0x00007ffbd9078000 	C:\Program Files\Java\jdk-18.0.2.1\bin\zip.dll
0x00007ffbd9040000 - 0x00007ffbd9053000 	C:\Program Files\Java\jdk-18.0.2.1\bin\net.dll
0x00007ffbfeeb0000 - 0x00007ffbfefc4000 	C:\WINDOWS\SYSTEM32\WINHTTP.dll
0x00007ffc03740000 - 0x00007ffc037a7000 	C:\WINDOWS\system32\mswsock.dll
0x00007ffbd8270000 - 0x00007ffbd8286000 	C:\Program Files\Java\jdk-18.0.2.1\bin\nio.dll
0x00007ffbd9900000 - 0x00007ffbd9910000 	C:\Program Files\Java\jdk-18.0.2.1\bin\verify.dll
0x00007ffbe0c30000 - 0x00007ffbe0c75000 	C:\Users\hyper\AppData\Roaming\Code\User\globalStorage\redhat.java\1.38.0\config_win\org.eclipse.equinox.launcher\org.eclipse.equinox.launcher.win32.win32.x86_64_1.2.1100.v20240722-2106\eclipse_11904.dll
0x00007ffc03e60000 - 0x00007ffc03e78000 	C:\WINDOWS\SYSTEM32\CRYPTSP.dll
0x00007ffc03200000 - 0x00007ffc03235000 	C:\WINDOWS\system32\rsaenh.dll
0x00007ffc037e0000 - 0x00007ffc0380c000 	C:\WINDOWS\SYSTEM32\USERENV.dll
0x00007ffc03ea0000 - 0x00007ffc03ec7000 	C:\WINDOWS\SYSTEM32\bcrypt.dll
0x00007ffc03930000 - 0x00007ffc0393c000 	C:\WINDOWS\SYSTEM32\CRYPTBASE.dll
0x00007ffc02dc0000 - 0x00007ffc02ded000 	C:\WINDOWS\SYSTEM32\IPHLPAPI.DLL
0x00007ffc05010000 - 0x00007ffc05019000 	C:\WINDOWS\System32\NSI.dll
0x00007ffbfebf0000 - 0x00007ffbfec09000 	C:\WINDOWS\SYSTEM32\dhcpcsvc6.DLL
0x00007ffbff3f0000 - 0x00007ffbff40e000 	C:\WINDOWS\SYSTEM32\dhcpcsvc.DLL
0x00007ffc02e30000 - 0x00007ffc02f17000 	C:\WINDOWS\SYSTEM32\DNSAPI.dll
0x00007ffbe0a00000 - 0x00007ffbe0a49000 	C:\Users\hyper\AppData\Local\Temp\jna-99761772\jna4067011982660834919.dll

dbghelp: loaded successfully - version: 4.0.5 - missing functions: none
symbol engine: initialized successfully - sym options: 0x614 - pdb path: .;C:\Program Files\Java\jdk-18.0.2.1\bin;C:\WINDOWS\SYSTEM32;C:\WINDOWS\WinSxS\amd64_microsoft.windows.common-controls_6595b64144ccf1df_6.0.22000.120_none_9d947278b86cc467;C:\Program Files\Java\jdk-18.0.2.1\bin\server;C:\Users\hyper\AppData\Roaming\Code\User\globalStorage\redhat.java\1.38.0\config_win\org.eclipse.equinox.launcher\org.eclipse.equinox.launcher.win32.win32.x86_64_1.2.1100.v20240722-2106;C:\Users\hyper\AppData\Local\Temp\jna-99761772

VM Arguments:
jvm_args: --add-modules=ALL-SYSTEM --add-opens=java.base/java.util=ALL-UNNAMED --add-opens=java.base/java.lang=ALL-UNNAMED --add-opens=java.base/sun.nio.fs=ALL-UNNAMED -Declipse.application=org.eclipse.jdt.ls.core.id1 -Dosgi.bundles.defaultStartLevel=4 -Declipse.product=org.eclipse.jdt.ls.core.product -Djava.import.generatesMetadataFilesAtProjectRoot=false -DDetectVMInstallationsJob.disabled=true -Dfile.encoding=utf8 -Xlog:disable -javaagent:c:\Users\hyper\.vscode\extensions\redhat.java-1.38.0-win32-x64\lombok\lombok-1.18.34.jar -XX:+HeapDumpOnOutOfMemoryError -XX:HeapDumpPath=c:\Users\hyper\AppData\Roaming\Code\User\workspaceStorage\55103842018b78ebd48e089c0df41d06\redhat.java -Daether.dependencyCollector.impl=bf 
java_command: c:\Users\hyper\.vscode\extensions\redhat.java-1.38.0-win32-x64\server\plugins\org.eclipse.equinox.launcher_1.6.900.v20240613-2009.jar -configuration c:\Users\hyper\AppData\Roaming\Code\User\globalStorage\redhat.java\1.38.0\config_win -data c:\Users\hyper\AppData\Roaming\Code\User\workspaceStorage\55103842018b78ebd48e089c0df41d06\redhat.java\jdt_ws --pipe=\\.\pipe\lsp-0b204aa0162ead8fa0ceb10ce3f01ee6-sock
java_class_path (initial): c:\Users\hyper\.vscode\extensions\redhat.java-1.38.0-win32-x64\server\plugins\org.eclipse.equinox.launcher_1.6.900.v20240613-2009.jar
Launcher Type: SUN_STANDARD

[Global flags]
     intx CICompilerCount                          = 4                                         {product} {ergonomic}
     uint ConcGCThreads                            = 2                                         {product} {ergonomic}
     uint G1ConcRefinementThreads                  = 8                                         {product} {ergonomic}
   size_t G1HeapRegionSize                         = 2097152                                   {product} {ergonomic}
    uintx GCDrainStackTargetSize                   = 64                                        {product} {ergonomic}
     bool HeapDumpOnOutOfMemoryError               = true                                   {manageable} {command line}
    ccstr HeapDumpPath                             = c:\Users\hyper\AppData\Roaming\Code\User\workspaceStorage\55103842018b78ebd48e089c0df41d06\redhat.java         {manageable} {command line}
   size_t InitialHeapSize                          = 268435456                                 {product} {ergonomic}
   size_t MarkStackSize                            = 4194304                                   {product} {ergonomic}
   size_t MaxHeapSize                              = 4269801472                                {product} {ergonomic}
   size_t MaxNewSize                               = 2560622592                                {product} {ergonomic}
   size_t MinHeapDeltaBytes                        = 2097152                                   {product} {ergonomic}
   size_t MinHeapSize                              = 8388608                                   {product} {ergonomic}
    uintx NonNMethodCodeHeapSize                   = 5839372                                {pd product} {ergonomic}
    uintx NonProfiledCodeHeapSize                  = 122909434                              {pd product} {ergonomic}
    uintx ProfiledCodeHeapSize                     = 122909434                              {pd product} {ergonomic}
    uintx ReservedCodeCacheSize                    = 251658240                              {pd product} {ergonomic}
     bool SegmentedCodeCache                       = true                                      {product} {ergonomic}
   size_t SoftMaxHeapSize                          = 4269801472                             {manageable} {ergonomic}
     bool UseCompressedClassPointers               = true                           {product lp64_product} {ergonomic}
     bool UseCompressedOops                        = true                           {product lp64_product} {ergonomic}
     bool UseG1GC                                  = true                                      {product} {ergonomic}
     bool UseLargePagesIndividualAllocation        = false                                  {pd product} {ergonomic}

Logging:
Log output configuration:
 #0: stdout all=off uptime,level,tags foldmultilines=false
 #1: stderr all=off uptime,level,tags foldmultilines=false

Environment Variables:
JAVA_HOME=C:\Program Files\Java\jdk-18.0.2.1
PATH=C:\Program Files\Common Files\Oracle\Java\javapath;C:\WINDOWS\system32;C:\WINDOWS;C:\WINDOWS\System32\Wbem;C:\WINDOWS\System32\WindowsPowerShell\v1.0\;C:\WINDOWS\System32\OpenSSH\;C:\Program Files (x86)\NVIDIA Corporation\PhysX\Common;C:\Program Files\NVIDIA Corporation\NVIDIA NvDLISR;J:\.important\Documents\apache-maven-3.8.6\bin;C:\Program Files\Microsoft SQL Server\Client SDK\ODBC\170\Tools\Binn\;C:\Program Files (x86)\Microsoft SQL Server\150\Tools\Binn\;C:\Program Files\Microsoft SQL Server\150\Tools\Binn\;C:\Program Files\Microsoft SQL Server\150\DTS\Binn\;C:\Program Files (x86)\Microsoft SQL Server\160\DTS\Binn\;C:\Users\hyper\Downloads\curl-8.10.1_2-win64-mingw\curl-8.10.1_2-win64-mingw\bin;C:\C:\Program Files\Java\jdk-18.0.2.1\bin;C:\Program Files\OpenSSL-Win64\bin;C:\Program Files\dotnet\;C:\Program Files\Git\cmd;H:\;C:\Program Files (x86)\Microsoft SQL Server\160\Tools\Binn\;C:\Program Files\Microsoft SQL Server\160\Tools\Binn\;C:\Program Files\Microsoft SQL Server\160\DTS\Binn\;J:\Docker\resources\bin;C:\Users\hyper\AppData\Local\Microsoft\WindowsApps;C:\Users\hyper\AppData\Local\Programs\Microsoft VS Code\bin;C:\Program Files\Java\jdk-18.0.2.1\bin;C:\Users\hyper\AppData\Roaming\npm
USERNAME=hyper
OS=Windows_NT
PROCESSOR_IDENTIFIER=Intel64 Family 6 Model 60 Stepping 3, GenuineIntel



---------------  S Y S T E M  ---------------

OS:
 Windows 11 , 64 bit Build 22000 (10.0.22000.2538)
OS uptime: 1 days 9:38 hours
Hyper-V role detected

CPU: total 8 (initial active 8) (4 cores per cpu, 2 threads per core) family 6 model 60 stepping 3 microcode 0x28, cx8, cmov, fxsr, ht, mmx, sse, sse2, sse3, ssse3, sse4.1, sse4.2, popcnt, lzcnt, tsc, tscinvbit, avx, avx2, aes, erms, clmul, bmi1, bmi2, fma, vzeroupper, clflush, hv

Memory: 4k page, system-wide physical 16283M (1826M free)
TotalPageFile size 36283M (AvailPageFile size 50M)
current process WorkingSet (physical memory assigned to process): 461M, peak: 461M
current process commit charge ("private bytes"): 467M, peak: 699M

vm_info: Java HotSpot(TM) 64-Bit Server VM (18.0.2.1+1-1) for windows-amd64 JRE (18.0.2.1+1-1), built on Aug 16 2022 01:46:33 by "mach5one" with MS VC++ 16.8 / 16.9 (VS2019)

END.
